-- AnKeVa60-4 result
--------------------------------------------
HostNestNum = 10, P_a = 0.25
--------------------------------------------
-- 2019-01-14 01:30 result data
OFV: 521140.0	/ CPU: 88.542 seconds 	/ department sequence: [24, 31, 10, 11, 28, 6, 44, 37, 30, 43, 57, 35, 12, 38, 2, 18, 26, 42, 23, 29, 45, 53, 22, 49, 16, 54, 48, 15, 21, 27, 14, 60, 47, 3, 52, 5, 34, 8, 36, 40, 56, 13, 51, 58, 50, 17, 33, 41, 46, 59, 32, 1, 4, 7, 9, 20, 19, 55, 25, 39]
OFV: 508765.0	/ CPU: 82.730 seconds 	/ department sequence: [9, 28, 7, 13, 24, 10, 11, 12, 39, 45, 48, 21, 57, 40, 29, 35, 22, 56, 6, 53, 30, 58, 8, 14, 19, 50, 2, 5, 3, 54, 32, 41, 42, 33, 37, 60, 15, 16, 17, 59, 26, 46, 27, 18, 51, 38, 47, 34, 52, 1, 4, 25, 36, 31, 23, 43, 49, 44, 20, 55]
OFV: 511614.0	/ CPU: 62.736 seconds 	/ department sequence: [56, 31, 4, 48, 12, 10, 1, 51, 9, 36, 58, 53, 29, 38, 52, 54, 23, 24, 33, 34, 41, 6, 8, 50, 26, 5, 18, 60, 35, 14, 27, 45, 42, 30, 16, 15, 2, 3, 59, 40, 11, 47, 28, 13, 19, 22, 57, 37, 21, 17, 7, 32, 44, 39, 20, 49, 55, 43, 46, 25]
OFV: 494029.0	/ CPU: 202.421 seconds 	/ department sequence: [24, 55, 19, 10, 57, 22, 20, 28, 44, 31, 4, 1, 23, 48, 37, 30, 11, 26, 12, 52, 32, 50, 8, 6, 42, 9, 5, 29, 27, 16, 60, 51, 18, 41, 47, 35, 54, 3, 2, 53, 36, 46, 49, 15, 45, 14, 21, 17, 40, 58, 59, 38, 39, 34, 43, 33, 13, 25, 7, 56]
OFV: 502322.0	/ CPU: 140.467 seconds 	/ department sequence: [33, 13, 20, 55, 39, 34, 31, 4, 1, 40, 21, 36, 59, 52, 17, 48, 11, 42, 19, 8, 54, 3, 51, 26, 14, 15, 53, 5, 2, 29, 43, 16, 46, 58, 60, 50, 32, 37, 45, 27, 47, 23, 35, 41, 18, 22, 24, 25, 30, 6, 28, 49, 57, 56, 44, 38, 10, 12, 7, 9]
OFV: 519399.0	/ CPU: 75.716 seconds 	/ department sequence: [48, 31, 4, 10, 34, 1, 21, 40, 24, 52, 30, 32, 43, 33, 60, 38, 36, 58, 45, 23, 27, 57, 8, 16, 37, 14, 15, 39, 35, 50, 42, 17, 47, 56, 49, 29, 26, 2, 3, 46, 41, 53, 18, 51, 5, 6, 9, 59, 11, 20, 7, 13, 28, 12, 55, 25, 54, 22, 19, 44]
OFV: 529930.0	/ CPU: 132.110 seconds 	/ department sequence: [10, 12, 11, 20, 33, 39, 24, 17, 34, 43, 1, 18, 46, 21, 28, 25, 54, 8, 50, 16, 44, 32, 52, 5, 23, 3, 58, 2, 30, 53, 60, 56, 15, 38, 27, 48, 29, 35, 41, 22, 42, 47, 26, 36, 14, 40, 45, 19, 6, 57, 49, 51, 7, 59, 31, 55, 37, 9, 4, 13]
OFV: 541590.0	/ CPU: 57.971 seconds 	/ department sequence: [36, 39, 12, 49, 31, 24, 4, 1, 23, 43, 40, 53, 33, 34, 57, 9, 59, 5, 60, 15, 52, 13, 14, 37, 45, 58, 56, 25, 3, 8, 30, 16, 54, 22, 48, 47, 42, 2, 38, 46, 44, 41, 35, 27, 51, 50, 29, 18, 17, 26, 21, 11, 6, 55, 10, 32, 7, 19, 20, 28]
OFV: 550028.0	/ CPU: 47.160 seconds 	/ department sequence: [34, 10, 60, 31, 20, 33, 13, 48, 59, 49, 18, 45, 52, 32, 53, 39, 38, 2, 8, 14, 3, 5, 51, 35, 56, 16, 42, 27, 15, 17, 12, 29, 44, 23, 11, 21, 43, 40, 37, 24, 54, 30, 36, 50, 47, 22, 46, 58, 9, 26, 6, 1, 4, 57, 28, 19, 41, 25, 7, 55]
OFV: 509261.0	/ CPU: 140.545 seconds 	/ department sequence: [25, 44, 12, 20, 57, 7, 10, 28, 21, 55, 41, 56, 59, 29, 58, 51, 17, 48, 23, 14, 36, 30, 53, 3, 35, 5, 2, 18, 19, 54, 26, 13, 42, 22, 60, 8, 52, 45, 15, 16, 34, 46, 47, 27, 50, 32, 37, 6, 1, 9, 43, 24, 31, 33, 11, 38, 40, 49, 4, 39]
-- AnKeVa60-4 result
--------------------------------------------
HostNestNum = 10, P_a = 0.25
--------------------------------------------
-- 2019-02-14 15:48 result data
OFV: 399888.0	/ CPU: 689.790 seconds 	/ department sequence: [13, 57, 43, 10, 25, 38, 49, 34, 41, 28, 1, 9, 56, 21, 52, 51, 32, 30, 47, 42, 29, 26, 54, 60, 16, 8, 46, 18, 2, 35, 50, 15, 58, 14, 27, 3, 17, 53, 5, 23, 37, 45, 59, 40, 22, 6, 48, 11, 33, 36, 24, 4, 44, 7, 55, 39, 19, 31, 12, 20]
-- AnKeVa60-4 result
--------------------------------------------
HostNestNum = 10, P_a = 0.25
--------------------------------------------
-- 2019-02-22 22:35 result data
OFV: 413123.0	/ CPU: 594.355 seconds 	/ department sequence: [19, 12, 57, 10, 7, 38, 49, 4, 44, 21, 48, 37, 22, 6, 17, 23, 59, 40, 53, 5, 27, 14, 3, 58, 2, 15, 50, 18, 16, 8, 45, 35, 54, 60, 29, 47, 51, 42, 26, 30, 32, 52, 46, 11, 56, 9, 36, 33, 1, 24, 28, 41, 34, 39, 25, 55, 43, 31, 20, 13]
OFV: 400513.0	/ CPU: 1079.078 seconds 	/ department sequence: [13, 20, 12, 31, 19, 55, 57, 10, 39, 7, 44, 24, 22, 36, 33, 56, 49, 21, 6, 23, 17, 59, 37, 5, 53, 50, 27, 40, 45, 14, 3, 2, 35, 18, 15, 16, 58, 8, 60, 46, 29, 54, 26, 42, 47, 51, 30, 32, 48, 52, 11, 9, 38, 28, 1, 4, 41, 34, 25, 43]
OFV: 408442.0	/ CPU: 415.922 seconds 	/ department sequence: [13, 12, 19, 57, 10, 7, 38, 49, 34, 22, 24, 28, 41, 9, 11, 46, 17, 6, 54, 37, 58, 2, 16, 8, 53, 5, 3, 18, 47, 50, 35, 60, 51, 29, 15, 26, 42, 27, 45, 23, 30, 14, 40, 52, 59, 32, 21, 48, 56, 1, 33, 36, 44, 4, 25, 55, 39, 43, 31, 20]
OFV: 412430.0	/ CPU: 370.874 seconds 	/ department sequence: [13, 20, 31, 19, 55, 57, 10, 7, 22, 34, 24, 44, 4, 41, 1, 49, 23, 6, 40, 59, 54, 17, 46, 5, 27, 53, 51, 3, 18, 16, 14, 2, 50, 35, 60, 45, 15, 8, 47, 29, 26, 30, 58, 42, 52, 32, 37, 9, 48, 21, 56, 11, 33, 36, 28, 38, 39, 25, 43, 12]
OFV: 401635.0	/ CPU: 343.758 seconds 	/ department sequence: [19, 12, 43, 25, 34, 41, 28, 4, 1, 38, 48, 22, 52, 32, 59, 30, 14, 26, 40, 47, 42, 51, 15, 29, 60, 27, 58, 35, 8, 45, 18, 16, 54, 2, 3, 50, 53, 5, 37, 6, 46, 23, 17, 21, 11, 9, 49, 56, 33, 36, 24, 44, 7, 10, 57, 39, 55, 31, 20, 13]
OFV: 407723.0	/ CPU: 929.462 seconds 	/ department sequence: [13, 12, 31, 39, 7, 38, 44, 24, 36, 33, 9, 56, 11, 21, 46, 17, 37, 6, 23, 53, 45, 54, 58, 8, 5, 2, 3, 50, 35, 18, 29, 15, 60, 16, 26, 47, 42, 40, 27, 14, 30, 51, 32, 59, 48, 52, 49, 28, 1, 22, 41, 4, 34, 25, 10, 43, 55, 57, 19, 20]
OFV: 399991.0	/ CPU: 687.274 seconds 	/ department sequence: [12, 43, 25, 34, 41, 4, 1, 28, 38, 9, 48, 56, 52, 32, 30, 51, 47, 42, 26, 29, 37, 54, 60, 16, 15, 8, 58, 14, 35, 18, 27, 2, 45, 50, 3, 53, 5, 59, 40, 23, 17, 46, 6, 21, 11, 49, 22, 33, 36, 24, 44, 7, 39, 55, 10, 57, 19, 31, 20, 13]
OFV: 400403.0	/ CPU: 379.574 seconds 	/ department sequence: [20, 31, 19, 57, 10, 55, 39, 7, 44, 24, 49, 33, 11, 22, 6, 21, 46, 17, 23, 37, 59, 5, 54, 53, 3, 50, 16, 2, 18, 27, 58, 35, 45, 8, 60, 15, 14, 40, 29, 42, 51, 26, 47, 30, 32, 52, 48, 56, 9, 36, 38, 28, 1, 4, 41, 34, 25, 43, 12, 13]
OFV: 400614.0	/ CPU: 315.151 seconds 	/ department sequence: [20, 31, 19, 57, 55, 10, 39, 7, 44, 22, 24, 36, 33, 56, 49, 9, 21, 17, 23, 6, 59, 53, 5, 40, 50, 27, 45, 14, 3, 35, 58, 18, 2, 15, 60, 46, 8, 16, 29, 42, 26, 47, 30, 51, 54, 32, 37, 52, 11, 48, 38, 28, 1, 41, 4, 34, 25, 43, 13, 12]
OFV: 400691.0	/ CPU: 438.657 seconds 	/ department sequence: [12, 43, 25, 34, 4, 41, 1, 28, 38, 9, 56, 48, 52, 47, 32, 30, 59, 42, 26, 40, 29, 15, 51, 60, 14, 27, 58, 35, 8, 16, 18, 45, 2, 53, 3, 54, 50, 5, 37, 23, 17, 46, 21, 6, 11, 49, 33, 36, 22, 24, 44, 7, 39, 55, 10, 57, 19, 31, 20, 13]
