-- AnKeVa60-4 result
--------------------------------------------
HostNestNum = 15, P_a = 0.2
--------------------------------------------
-- 2019-01-14 02:35 result data
OFV: 512917.0	/ CPU: 148.731 seconds 	/ department sequence: [12, 7, 10, 38, 28, 4, 41, 1, 37, 29, 48, 53, 13, 52, 30, 8, 9, 14, 40, 43, 45, 59, 15, 58, 60, 32, 42, 51, 27, 26, 54, 3, 35, 5, 2, 6, 16, 57, 46, 21, 22, 50, 11, 17, 31, 24, 49, 56, 47, 55, 19, 34, 23, 25, 20, 18, 36, 39, 44, 33]
OFV: 509521.0	/ CPU: 85.589 seconds 	/ department sequence: [38, 44, 31, 20, 48, 54, 7, 10, 11, 46, 13, 12, 6, 58, 35, 17, 57, 27, 33, 3, 2, 5, 8, 14, 56, 15, 51, 18, 59, 53, 19, 23, 40, 60, 30, 47, 16, 32, 49, 21, 43, 37, 22, 52, 26, 29, 50, 45, 41, 42, 1, 28, 39, 34, 24, 25, 36, 9, 4, 55]
OFV: 507177.0	/ CPU: 70.702 seconds 	/ department sequence: [31, 51, 43, 39, 55, 34, 4, 1, 54, 13, 36, 56, 38, 53, 32, 41, 60, 58, 48, 40, 14, 52, 49, 15, 29, 33, 16, 35, 59, 45, 47, 42, 27, 50, 18, 3, 2, 5, 19, 46, 23, 8, 30, 57, 9, 22, 26, 6, 21, 17, 12, 11, 7, 10, 44, 20, 24, 28, 25, 37]
OFV: 518393.0	/ CPU: 82.965 seconds 	/ department sequence: [54, 19, 33, 20, 4, 9, 28, 49, 41, 36, 1, 37, 58, 17, 38, 27, 45, 56, 48, 30, 24, 46, 18, 52, 60, 29, 26, 15, 47, 50, 35, 51, 43, 8, 2, 5, 6, 3, 40, 53, 23, 31, 14, 55, 42, 32, 25, 16, 59, 11, 39, 44, 34, 21, 13, 22, 10, 12, 7, 57]
OFV: 532019.0	/ CPU: 183.223 seconds 	/ department sequence: [7, 57, 31, 24, 12, 35, 28, 20, 23, 6, 13, 38, 46, 34, 21, 58, 18, 51, 49, 48, 53, 39, 44, 56, 2, 3, 60, 5, 16, 26, 27, 29, 42, 9, 59, 43, 22, 14, 15, 8, 11, 40, 50, 25, 30, 47, 17, 54, 52, 19, 37, 33, 32, 10, 55, 41, 45, 1, 36, 4]
OFV: 502686.0	/ CPU: 95.978 seconds 	/ department sequence: [38, 31, 7, 55, 24, 51, 33, 45, 19, 37, 6, 58, 59, 27, 17, 28, 14, 3, 2, 16, 8, 32, 18, 23, 5, 22, 26, 35, 46, 15, 48, 53, 42, 56, 40, 34, 60, 50, 41, 36, 29, 47, 30, 1, 49, 57, 43, 52, 25, 11, 4, 13, 21, 12, 9, 20, 10, 39, 44, 54]
OFV: 504763.0	/ CPU: 182.347 seconds 	/ department sequence: [49, 41, 34, 31, 20, 10, 38, 4, 1, 40, 22, 13, 21, 39, 35, 9, 45, 24, 27, 30, 47, 48, 59, 56, 50, 43, 36, 54, 15, 17, 26, 29, 14, 44, 52, 58, 60, 18, 16, 8, 46, 5, 51, 3, 2, 32, 53, 42, 6, 23, 25, 11, 28, 37, 57, 55, 33, 7, 12, 19]
OFV: 511313.0	/ CPU: 59.861 seconds 	/ department sequence: [31, 25, 7, 4, 22, 23, 19, 10, 28, 24, 1, 54, 41, 37, 33, 48, 45, 9, 6, 8, 50, 17, 15, 40, 26, 47, 36, 5, 27, 16, 60, 52, 53, 3, 49, 18, 2, 42, 44, 29, 57, 51, 59, 30, 55, 14, 35, 39, 32, 11, 43, 38, 21, 58, 34, 56, 46, 20, 12, 13]
OFV: 525322.0	/ CPU: 202.125 seconds 	/ department sequence: [44, 49, 9, 48, 41, 43, 57, 32, 20, 11, 17, 50, 56, 55, 25, 27, 19, 16, 14, 35, 52, 51, 37, 53, 39, 47, 22, 23, 5, 3, 58, 2, 8, 26, 18, 15, 60, 30, 24, 42, 29, 59, 45, 36, 33, 6, 28, 54, 46, 38, 21, 1, 4, 10, 7, 13, 12, 31, 40, 34]
OFV: 504059.0	/ CPU: 74.279 seconds 	/ department sequence: [25, 20, 55, 10, 48, 7, 21, 41, 18, 22, 51, 46, 45, 53, 57, 49, 59, 14, 44, 2, 36, 3, 15, 29, 56, 58, 30, 26, 60, 54, 50, 47, 42, 32, 43, 38, 35, 16, 17, 23, 8, 28, 27, 5, 37, 6, 24, 33, 52, 1, 19, 9, 39, 40, 4, 34, 11, 13, 12, 31]
-- AnKeVa60-4 result
--------------------------------------------
HostNestNum = 15, P_a = 0.2
--------------------------------------------
-- 2019-02-14 16:29 result data
OFV: 412249.0	/ CPU: 489.873 seconds 	/ department sequence: [20, 12, 43, 55, 39, 25, 7, 44, 38, 28, 11, 21, 48, 37, 32, 54, 52, 42, 30, 26, 29, 47, 16, 8, 60, 18, 51, 2, 58, 15, 35, 3, 14, 50, 27, 45, 53, 5, 40, 59, 6, 17, 46, 23, 33, 36, 56, 9, 49, 1, 41, 4, 24, 22, 34, 57, 10, 19, 31, 13]
