-- AnKeVa60-4 result
--------------------------------------------
HostNestNum = 30, P_a = 0.2
--------------------------------------------
-- 2019-01-14 04:08 result data
OFV: 526590.0	/ CPU: 129.813 seconds 	/ department sequence: [39, 19, 48, 20, 12, 33, 56, 43, 41, 37, 54, 28, 59, 22, 49, 24, 27, 46, 6, 14, 11, 5, 55, 16, 35, 32, 8, 15, 21, 45, 53, 2, 3, 42, 30, 44, 51, 29, 58, 18, 38, 17, 40, 23, 50, 26, 52, 31, 9, 47, 57, 34, 60, 1, 25, 4, 13, 7, 10, 36]
OFV: 495671.0	/ CPU: 181.036 seconds 	/ department sequence: [31, 55, 12, 10, 41, 13, 4, 1, 21, 22, 56, 36, 9, 52, 24, 34, 54, 33, 57, 15, 19, 40, 14, 18, 58, 17, 47, 26, 16, 42, 27, 29, 46, 51, 32, 59, 60, 49, 50, 35, 30, 53, 3, 8, 5, 2, 45, 6, 11, 7, 38, 25, 48, 23, 28, 20, 44, 43, 39, 37]
OFV: 529591.0	/ CPU: 155.760 seconds 	/ department sequence: [20, 41, 31, 4, 1, 40, 49, 12, 23, 58, 34, 37, 45, 48, 39, 28, 33, 19, 21, 14, 18, 15, 11, 60, 44, 59, 47, 27, 30, 29, 51, 52, 35, 5, 3, 2, 32, 55, 42, 16, 53, 6, 46, 8, 17, 22, 57, 50, 26, 56, 25, 24, 7, 9, 10, 13, 43, 36, 54, 38]
OFV: 517463.0	/ CPU: 192.517 seconds 	/ department sequence: [22, 13, 12, 10, 20, 23, 55, 57, 7, 4, 33, 6, 50, 41, 37, 40, 34, 46, 44, 2, 5, 14, 3, 30, 51, 32, 35, 53, 47, 29, 28, 60, 48, 21, 58, 45, 18, 39, 16, 59, 56, 42, 27, 24, 17, 26, 9, 15, 8, 11, 52, 36, 54, 1, 19, 38, 25, 31, 49, 43]
OFV: 519164.0	/ CPU: 325.346 seconds 	/ department sequence: [13, 56, 7, 43, 45, 49, 46, 44, 25, 26, 41, 39, 10, 12, 9, 53, 24, 6, 11, 51, 21, 23, 16, 60, 32, 36, 31, 29, 50, 33, 59, 15, 47, 35, 3, 5, 2, 14, 58, 42, 54, 8, 17, 18, 27, 52, 37, 48, 28, 30, 22, 40, 1, 34, 4, 38, 55, 57, 19, 20]
OFV: 512591.0	/ CPU: 262.625 seconds 	/ department sequence: [49, 28, 31, 20, 44, 39, 10, 4, 11, 9, 36, 1, 60, 25, 58, 46, 21, 56, 2, 16, 18, 42, 32, 29, 30, 14, 13, 15, 51, 50, 26, 48, 40, 47, 35, 3, 27, 53, 8, 17, 52, 22, 5, 24, 6, 38, 34, 41, 37, 59, 57, 23, 54, 19, 43, 45, 7, 12, 33, 55]
OFV: 520490.0	/ CPU: 81.965 seconds 	/ department sequence: [49, 24, 38, 20, 34, 13, 8, 28, 31, 43, 9, 1, 30, 45, 36, 56, 25, 51, 48, 16, 35, 19, 52, 27, 18, 41, 42, 53, 58, 32, 54, 14, 47, 15, 50, 26, 60, 2, 3, 5, 39, 46, 23, 6, 59, 33, 44, 55, 37, 40, 57, 17, 11, 10, 21, 22, 29, 4, 7, 12]
OFV: 528519.0	/ CPU: 328.407 seconds 	/ department sequence: [31, 44, 52, 54, 12, 51, 11, 38, 28, 34, 24, 58, 27, 55, 18, 6, 8, 25, 37, 30, 21, 57, 46, 2, 3, 36, 15, 60, 42, 23, 47, 35, 5, 59, 50, 53, 26, 16, 48, 17, 40, 19, 14, 29, 41, 56, 49, 45, 22, 9, 33, 1, 4, 20, 32, 43, 10, 39, 7, 13]
OFV: 516928.0	/ CPU: 130.439 seconds 	/ department sequence: [39, 44, 56, 20, 12, 9, 13, 55, 48, 38, 14, 52, 11, 47, 30, 28, 26, 36, 53, 27, 8, 42, 17, 25, 16, 2, 23, 60, 3, 5, 18, 21, 22, 58, 32, 35, 15, 50, 41, 19, 43, 57, 33, 45, 37, 40, 54, 51, 24, 29, 59, 46, 6, 1, 4, 10, 7, 49, 34, 31]
OFV: 516588.0	/ CPU: 139.123 seconds 	/ department sequence: [55, 43, 57, 10, 36, 7, 50, 44, 31, 21, 24, 22, 6, 56, 53, 13, 34, 54, 3, 46, 2, 60, 27, 16, 17, 11, 18, 8, 45, 5, 12, 15, 39, 37, 32, 35, 51, 23, 42, 47, 30, 59, 48, 14, 41, 26, 52, 58, 40, 9, 19, 29, 1, 38, 28, 33, 25, 49, 4, 20]
-- AnKeVa60-4 result
--------------------------------------------
HostNestNum = 30, P_a = 0.2
--------------------------------------------
-- 2019-02-14 17:34 result data
OFV: 401807.0	/ CPU: 870.077 seconds 	/ department sequence: [13, 20, 12, 31, 57, 10, 39, 55, 7, 44, 24, 36, 33, 49, 9, 11, 21, 17, 46, 6, 37, 23, 54, 5, 50, 45, 53, 2, 3, 58, 27, 18, 35, 8, 60, 51, 16, 29, 15, 42, 40, 14, 26, 47, 30, 59, 32, 22, 52, 56, 48, 38, 28, 1, 4, 41, 34, 25, 43, 19]
