-- AnKeVa60-4 result
--------------------------------------------
HostNestNum = 30, P_a = 0.1
--------------------------------------------
-- 2019-01-14 03:50 result data
OFV: 511321.0	/ CPU: 232.148 seconds 	/ department sequence: [7, 44, 45, 19, 10, 13, 12, 24, 4, 21, 55, 33, 29, 49, 9, 6, 11, 40, 53, 2, 50, 15, 58, 14, 18, 36, 60, 3, 23, 48, 22, 37, 8, 5, 52, 27, 59, 26, 16, 54, 39, 57, 30, 47, 42, 32, 35, 20, 17, 1, 31, 46, 41, 56, 38, 25, 28, 34, 43, 51]
OFV: 513122.0	/ CPU: 73.342 seconds 	/ department sequence: [44, 38, 51, 34, 20, 57, 10, 12, 4, 7, 1, 9, 50, 52, 54, 56, 29, 41, 35, 17, 24, 23, 19, 47, 8, 28, 46, 60, 26, 45, 42, 53, 36, 5, 37, 27, 15, 16, 2, 3, 14, 48, 58, 59, 13, 22, 55, 18, 30, 43, 6, 32, 49, 11, 21, 25, 39, 33, 31, 40]
OFV: 500645.0	/ CPU: 73.936 seconds 	/ department sequence: [38, 24, 31, 28, 37, 34, 11, 41, 33, 9, 20, 30, 55, 51, 40, 43, 59, 27, 47, 53, 42, 3, 2, 15, 18, 16, 14, 17, 35, 56, 54, 52, 60, 36, 46, 50, 45, 26, 58, 44, 57, 5, 8, 6, 29, 39, 21, 23, 22, 7, 32, 1, 12, 25, 49, 48, 4, 10, 19, 13]
OFV: 508365.0	/ CPU: 56.080 seconds 	/ department sequence: [36, 31, 20, 46, 24, 22, 33, 19, 7, 9, 10, 6, 11, 17, 18, 41, 43, 32, 42, 47, 34, 58, 55, 52, 8, 54, 2, 3, 60, 15, 53, 29, 56, 59, 37, 5, 40, 30, 16, 23, 35, 50, 45, 27, 26, 28, 51, 1, 38, 57, 13, 14, 49, 12, 25, 48, 44, 21, 4, 39]
OFV: 518896.0	/ CPU: 108.990 seconds 	/ department sequence: [36, 55, 43, 10, 13, 31, 34, 19, 39, 58, 32, 22, 20, 24, 4, 1, 9, 11, 16, 52, 27, 15, 47, 42, 38, 45, 49, 8, 2, 14, 60, 50, 46, 30, 35, 3, 5, 40, 29, 53, 37, 59, 17, 23, 12, 56, 18, 54, 51, 6, 57, 21, 41, 28, 33, 7, 26, 25, 48, 44]
OFV: 527823.0	/ CPU: 116.848 seconds 	/ department sequence: [39, 48, 32, 36, 31, 9, 7, 11, 6, 22, 41, 54, 19, 35, 43, 40, 38, 51, 26, 33, 57, 17, 34, 3, 5, 29, 47, 14, 53, 58, 8, 21, 27, 15, 23, 50, 30, 56, 42, 2, 45, 60, 20, 16, 37, 59, 18, 52, 1, 4, 55, 24, 46, 13, 12, 49, 10, 44, 25, 28]
OFV: 533070.0	/ CPU: 115.816 seconds 	/ department sequence: [7, 12, 10, 9, 13, 39, 59, 19, 57, 20, 55, 53, 52, 31, 49, 16, 36, 51, 11, 14, 46, 27, 17, 28, 22, 33, 5, 6, 3, 50, 2, 21, 8, 30, 26, 60, 18, 23, 32, 48, 15, 37, 40, 34, 35, 56, 29, 41, 47, 45, 58, 25, 54, 44, 42, 1, 24, 4, 43, 38]
OFV: 491164.0	/ CPU: 123.862 seconds 	/ department sequence: [43, 34, 44, 31, 13, 39, 4, 1, 46, 11, 56, 37, 45, 30, 32, 52, 21, 16, 47, 40, 42, 19, 18, 25, 36, 60, 51, 29, 15, 14, 50, 35, 26, 8, 2, 3, 5, 6, 54, 53, 27, 23, 24, 58, 33, 41, 22, 59, 55, 28, 17, 38, 48, 49, 10, 20, 7, 9, 12, 57]
OFV: 520368.0	/ CPU: 112.926 seconds 	/ department sequence: [55, 33, 41, 31, 34, 1, 37, 30, 24, 6, 7, 49, 9, 18, 28, 58, 17, 22, 26, 5, 29, 8, 53, 27, 36, 45, 23, 52, 56, 44, 15, 35, 50, 42, 2, 32, 38, 59, 60, 3, 21, 16, 54, 47, 14, 48, 10, 11, 4, 43, 13, 12, 39, 25, 20, 19, 57, 51, 46, 40]
OFV: 518711.0	/ CPU: 62.767 seconds 	/ department sequence: [4, 7, 9, 10, 1, 58, 12, 48, 11, 17, 36, 21, 59, 51, 53, 45, 56, 29, 39, 60, 18, 34, 15, 2, 3, 30, 50, 8, 5, 16, 23, 14, 57, 54, 35, 32, 13, 22, 47, 33, 26, 42, 44, 52, 27, 38, 37, 6, 40, 41, 31, 25, 55, 19, 43, 24, 28, 49, 46, 20]
-- AnKeVa60-4 result
--------------------------------------------
HostNestNum = 30, P_a = 0.1
--------------------------------------------
-- 2019-02-14 17:21 result data
OFV: 404239.0	/ CPU: 747.112 seconds 	/ department sequence: [13, 12, 19, 43, 25, 34, 4, 41, 1, 28, 24, 22, 9, 11, 52, 46, 37, 54, 32, 30, 47, 26, 42, 29, 51, 16, 60, 58, 15, 18, 8, 35, 2, 14, 50, 3, 27, 45, 5, 40, 53, 17, 6, 23, 59, 48, 21, 56, 36, 33, 49, 38, 44, 7, 39, 10, 55, 57, 31, 20]
