-- AnKeVa60-4 result
--------------------------------------------
HostNestNum = 15, P_a = 0.1
--------------------------------------------
-- 2019-01-14 02:18 result data
OFV: 487913.0	/ CPU: 112.927 seconds 	/ department sequence: [39, 34, 37, 55, 41, 25, 28, 1, 46, 32, 43, 56, 47, 33, 30, 21, 51, 16, 18, 58, 26, 17, 40, 15, 35, 24, 14, 23, 54, 3, 53, 29, 5, 6, 27, 2, 8, 45, 22, 52, 44, 50, 49, 42, 36, 59, 60, 48, 38, 11, 4, 7, 9, 10, 20, 13, 12, 57, 31, 19]
OFV: 503940.0	/ CPU: 204.296 seconds 	/ department sequence: [38, 7, 17, 10, 46, 41, 13, 20, 44, 25, 39, 4, 1, 32, 43, 59, 53, 21, 14, 42, 50, 48, 27, 24, 15, 3, 18, 2, 60, 8, 45, 23, 51, 16, 26, 35, 30, 47, 56, 29, 54, 5, 6, 22, 52, 58, 9, 11, 37, 31, 19, 33, 55, 12, 28, 40, 34, 36, 49, 57]
OFV: 496409.0	/ CPU: 146.199 seconds 	/ department sequence: [38, 23, 19, 44, 55, 49, 47, 24, 7, 59, 10, 9, 28, 11, 57, 22, 17, 46, 6, 5, 2, 3, 8, 50, 27, 16, 14, 29, 18, 21, 30, 60, 45, 42, 15, 53, 26, 54, 36, 33, 35, 32, 56, 39, 52, 37, 34, 40, 41, 51, 58, 1, 4, 43, 31, 25, 20, 13, 12, 48]
OFV: 504292.0	/ CPU: 128.658 seconds 	/ department sequence: [20, 40, 39, 7, 37, 31, 12, 4, 36, 58, 51, 45, 44, 43, 32, 55, 46, 21, 17, 15, 14, 3, 29, 59, 22, 47, 50, 54, 23, 35, 56, 30, 28, 27, 48, 53, 5, 26, 16, 60, 2, 52, 42, 18, 8, 6, 1, 49, 57, 24, 34, 41, 38, 33, 11, 9, 13, 25, 19, 10]
OFV: 538549.0	/ CPU: 44.973 seconds 	/ department sequence: [49, 38, 22, 20, 10, 39, 7, 4, 1, 6, 30, 45, 9, 52, 60, 33, 55, 53, 36, 29, 35, 34, 5, 26, 2, 50, 58, 43, 8, 23, 17, 15, 3, 57, 44, 54, 16, 18, 56, 27, 40, 51, 32, 47, 41, 14, 21, 24, 28, 48, 46, 59, 42, 19, 12, 11, 25, 31, 13, 37]
OFV: 529097.0	/ CPU: 77.670 seconds 	/ department sequence: [20, 12, 55, 57, 10, 4, 1, 48, 52, 47, 24, 32, 54, 18, 37, 25, 43, 21, 27, 15, 30, 58, 16, 26, 13, 23, 56, 36, 40, 59, 34, 14, 29, 8, 9, 5, 46, 22, 35, 50, 60, 3, 2, 53, 44, 45, 17, 6, 7, 19, 28, 39, 38, 42, 49, 51, 41, 11, 33, 31]
OFV: 521171.0	/ CPU: 42.334 seconds 	/ department sequence: [37, 53, 10, 9, 43, 11, 13, 7, 28, 14, 56, 17, 58, 54, 24, 41, 39, 6, 5, 8, 40, 3, 2, 18, 57, 30, 16, 50, 19, 35, 26, 48, 60, 42, 51, 15, 47, 21, 46, 29, 27, 23, 12, 32, 45, 33, 36, 59, 25, 52, 49, 22, 1, 4, 31, 44, 34, 55, 20, 38]
OFV: 517685.0	/ CPU: 91.947 seconds 	/ department sequence: [13, 25, 34, 39, 4, 1, 11, 21, 10, 42, 37, 22, 44, 56, 54, 31, 26, 50, 14, 8, 29, 15, 9, 40, 60, 18, 27, 47, 52, 30, 51, 36, 23, 32, 43, 24, 58, 16, 5, 35, 3, 2, 46, 6, 38, 45, 41, 48, 55, 53, 20, 19, 17, 49, 59, 28, 7, 12, 57, 33]
OFV: 520900.0	/ CPU: 110.177 seconds 	/ department sequence: [20, 24, 50, 19, 25, 13, 31, 43, 55, 45, 12, 23, 44, 39, 7, 6, 22, 36, 41, 37, 54, 58, 46, 51, 40, 30, 57, 18, 27, 48, 14, 5, 8, 56, 29, 42, 53, 35, 16, 2, 3, 17, 15, 34, 60, 26, 38, 21, 49, 32, 11, 10, 47, 9, 52, 33, 59, 1, 4, 28]
OFV: 514819.0	/ CPU: 45.380 seconds 	/ department sequence: [38, 39, 13, 10, 9, 12, 7, 46, 59, 49, 34, 31, 37, 60, 21, 24, 33, 48, 56, 29, 15, 23, 54, 58, 32, 53, 5, 6, 3, 26, 41, 8, 42, 18, 2, 14, 11, 35, 17, 47, 16, 36, 25, 50, 45, 30, 40, 27, 22, 55, 44, 52, 1, 57, 4, 28, 19, 51, 43, 20]
-- AnKeVa60-4 result
--------------------------------------------
HostNestNum = 15, P_a = 0.1
--------------------------------------------
-- 2019-02-14 16:21 result data
OFV: 405881.0	/ CPU: 488.133 seconds 	/ department sequence: [20, 55, 43, 25, 7, 34, 28, 41, 4, 1, 44, 48, 52, 32, 59, 30, 14, 40, 26, 22, 6, 27, 51, 54, 47, 3, 18, 60, 5, 35, 15, 42, 29, 16, 2, 8, 45, 53, 58, 50, 37, 23, 46, 17, 21, 11, 9, 56, 24, 33, 36, 49, 38, 39, 10, 57, 19, 31, 12, 13]
