-- AnKeVa60-4 result
--------------------------------------------
HostNestNum = 10, P_a = 0.2
--------------------------------------------
-- 2019-01-14 01:14 result data
OFV: 503482.0	/ CPU: 68.422 seconds 	/ department sequence: [48, 36, 39, 56, 31, 43, 12, 46, 11, 9, 23, 49, 24, 42, 55, 30, 51, 45, 34, 33, 60, 54, 18, 15, 35, 37, 41, 29, 8, 38, 5, 26, 2, 58, 3, 59, 53, 47, 22, 6, 52, 16, 27, 28, 17, 50, 14, 40, 32, 1, 25, 19, 21, 4, 20, 7, 44, 57, 13, 10]
OFV: 504744.0	/ CPU: 117.707 seconds 	/ department sequence: [13, 4, 7, 34, 43, 1, 26, 41, 28, 51, 25, 27, 59, 48, 58, 15, 53, 37, 17, 38, 45, 47, 49, 54, 16, 32, 30, 40, 3, 5, 29, 18, 8, 60, 2, 6, 22, 55, 14, 24, 35, 50, 52, 36, 12, 21, 56, 46, 42, 39, 9, 11, 33, 10, 19, 31, 44, 23, 20, 57]
OFV: 530573.0	/ CPU: 48.582 seconds 	/ department sequence: [33, 51, 19, 28, 36, 25, 38, 41, 55, 22, 31, 7, 21, 16, 47, 8, 42, 17, 59, 53, 2, 18, 14, 49, 3, 23, 60, 35, 5, 45, 52, 32, 15, 26, 58, 48, 57, 46, 30, 29, 27, 12, 9, 43, 50, 40, 6, 24, 11, 1, 4, 13, 37, 10, 20, 39, 56, 44, 34, 54]
OFV: 525134.0	/ CPU: 78.966 seconds 	/ department sequence: [19, 39, 4, 41, 1, 33, 52, 17, 28, 12, 13, 9, 10, 45, 23, 15, 46, 59, 18, 21, 47, 51, 53, 43, 37, 29, 30, 32, 34, 26, 27, 42, 60, 8, 40, 50, 14, 35, 3, 5, 2, 6, 38, 49, 11, 36, 25, 16, 24, 22, 20, 54, 48, 58, 56, 7, 55, 57, 44, 31]
OFV: 497702.0	/ CPU: 132.812 seconds 	/ department sequence: [49, 7, 43, 10, 32, 21, 57, 31, 55, 34, 4, 11, 48, 9, 50, 22, 45, 54, 33, 6, 2, 51, 3, 30, 8, 5, 15, 27, 29, 47, 59, 35, 18, 46, 60, 40, 16, 52, 17, 44, 42, 14, 26, 36, 37, 38, 53, 56, 23, 41, 19, 58, 1, 28, 25, 39, 20, 12, 24, 13]
OFV: 502077.0	/ CPU: 115.754 seconds 	/ department sequence: [12, 39, 13, 4, 48, 56, 7, 44, 47, 9, 41, 36, 33, 24, 54, 57, 53, 17, 30, 49, 27, 40, 5, 6, 14, 16, 42, 15, 23, 59, 37, 58, 35, 3, 32, 60, 2, 29, 45, 52, 11, 26, 18, 50, 8, 1, 38, 28, 10, 22, 25, 31, 21, 55, 20, 51, 43, 19, 34, 46]
OFV: 514034.0	/ CPU: 45.661 seconds 	/ department sequence: [49, 39, 7, 28, 57, 51, 38, 10, 44, 54, 60, 58, 11, 22, 52, 37, 48, 46, 17, 3, 2, 15, 50, 16, 18, 8, 5, 6, 32, 27, 34, 24, 56, 42, 26, 36, 45, 33, 29, 55, 53, 14, 30, 23, 35, 41, 21, 25, 40, 59, 43, 47, 9, 1, 4, 12, 13, 20, 19, 31]
OFV: 515860.0	/ CPU: 105.741 seconds 	/ department sequence: [44, 38, 42, 56, 55, 31, 32, 39, 57, 45, 33, 49, 59, 53, 2, 58, 60, 28, 27, 34, 3, 35, 54, 30, 9, 50, 15, 8, 16, 47, 14, 37, 5, 23, 18, 26, 40, 6, 29, 21, 11, 52, 12, 17, 1, 13, 51, 36, 19, 41, 43, 7, 22, 10, 46, 48, 24, 4, 20, 25]
OFV: 513971.0	/ CPU: 122.612 seconds 	/ department sequence: [12, 13, 25, 28, 19, 7, 10, 23, 46, 34, 36, 20, 1, 50, 9, 24, 11, 49, 22, 57, 52, 17, 16, 2, 60, 29, 42, 5, 54, 26, 18, 58, 15, 8, 3, 30, 59, 6, 40, 39, 33, 43, 14, 47, 31, 35, 37, 45, 21, 48, 56, 44, 27, 32, 51, 38, 53, 4, 55, 41]
OFV: 506039.0	/ CPU: 113.989 seconds 	/ department sequence: [13, 20, 28, 43, 33, 55, 11, 19, 44, 9, 54, 14, 37, 31, 36, 60, 52, 8, 30, 41, 45, 42, 32, 58, 2, 15, 18, 56, 38, 22, 27, 40, 29, 46, 53, 35, 47, 3, 5, 26, 6, 34, 50, 23, 21, 16, 57, 51, 24, 17, 48, 59, 49, 1, 4, 25, 7, 39, 10, 12]
-- AnKeVa60-4 result
--------------------------------------------
HostNestNum = 10, P_a = 0.2
--------------------------------------------
-- 2019-02-14 15:42 result data
OFV: 406304.0	/ CPU: 404.582 seconds 	/ department sequence: [13, 31, 19, 43, 10, 25, 34, 22, 24, 41, 28, 4, 1, 9, 36, 56, 52, 46, 17, 47, 40, 32, 30, 26, 42, 29, 51, 60, 15, 14, 35, 50, 16, 18, 27, 8, 3, 58, 45, 2, 53, 5, 23, 59, 6, 54, 37, 48, 21, 11, 33, 49, 38, 44, 7, 39, 55, 57, 12, 20]
