-- AnKeVa60-4 result
--------------------------------------------
HostNestNum = 30, P_a = 0.0
--------------------------------------------
-- 2019-01-11 14:54 result data
OFV: 529189.0	/ CPU: 49.822 seconds 	/ department sequence: [20, 10, 7, 55, 4, 1, 40, 9, 19, 22, 14, 45, 58, 12, 50, 57, 42, 29, 56, 15, 48, 36, 43, 53, 2, 51, 26, 30, 32, 35, 59, 3, 46, 34, 60, 33, 47, 41, 5, 39, 18, 54, 49, 21, 8, 6, 16, 17, 27, 23, 13, 24, 11, 31, 52, 37, 28, 25, 38, 44]
OFV: 503723.0	/ CPU: 94.476 seconds 	/ department sequence: [39, 49, 55, 20, 13, 7, 9, 12, 36, 10, 37, 57, 33, 54, 31, 11, 6, 5, 27, 18, 28, 3, 32, 60, 46, 41, 23, 58, 17, 2, 42, 40, 51, 30, 35, 22, 14, 26, 29, 59, 24, 52, 8, 19, 53, 16, 15, 21, 48, 50, 56, 43, 45, 38, 34, 47, 44, 1, 4, 25]
OFV: 530763.0	/ CPU: 59.133 seconds 	/ department sequence: [13, 12, 10, 21, 20, 7, 37, 6, 9, 34, 44, 53, 56, 52, 46, 55, 11, 2, 15, 8, 50, 42, 49, 41, 51, 57, 47, 3, 5, 22, 18, 16, 26, 27, 43, 60, 35, 23, 14, 17, 48, 29, 33, 45, 32, 36, 19, 30, 24, 54, 39, 59, 28, 58, 1, 38, 4, 25, 31, 40]
OFV: 512036.0	/ CPU: 40.963 seconds 	/ department sequence: [20, 25, 39, 37, 49, 31, 45, 19, 32, 43, 21, 36, 47, 38, 33, 27, 17, 58, 15, 52, 48, 55, 35, 60, 54, 30, 46, 51, 16, 29, 59, 53, 18, 14, 26, 8, 3, 5, 2, 42, 34, 44, 9, 23, 6, 11, 50, 1, 24, 28, 22, 57, 56, 4, 13, 40, 7, 10, 12, 41]
OFV: 518213.0	/ CPU: 25.110 seconds 	/ department sequence: [57, 56, 10, 9, 4, 37, 49, 12, 13, 33, 43, 11, 41, 1, 45, 23, 48, 18, 50, 36, 22, 51, 29, 58, 27, 34, 26, 52, 60, 42, 14, 40, 15, 16, 30, 47, 2, 5, 3, 38, 53, 24, 8, 59, 17, 6, 32, 54, 55, 39, 46, 25, 21, 31, 35, 20, 7, 28, 44, 19]
OFV: 518304.0	/ CPU: 46.673 seconds 	/ department sequence: [46, 51, 44, 49, 55, 41, 11, 20, 4, 32, 40, 19, 33, 59, 6, 21, 39, 53, 9, 2, 18, 42, 48, 3, 60, 30, 47, 5, 22, 23, 15, 16, 29, 8, 26, 43, 45, 54, 52, 14, 24, 58, 35, 56, 38, 28, 50, 37, 17, 1, 31, 13, 36, 27, 12, 57, 10, 25, 7, 34]
OFV: 547160.0	/ CPU: 35.624 seconds 	/ department sequence: [37, 32, 19, 59, 31, 43, 41, 25, 4, 1, 44, 6, 22, 18, 27, 39, 14, 15, 53, 26, 21, 49, 33, 50, 58, 56, 24, 47, 40, 23, 52, 46, 42, 5, 35, 3, 28, 30, 17, 29, 51, 2, 12, 9, 60, 16, 55, 11, 57, 36, 8, 38, 45, 20, 54, 48, 7, 34, 10, 13]
OFV: 503210.0	/ CPU: 21.672 seconds 	/ department sequence: [55, 28, 39, 20, 12, 30, 23, 21, 57, 25, 44, 48, 17, 11, 37, 31, 38, 36, 42, 29, 46, 58, 2, 3, 5, 14, 8, 15, 47, 18, 16, 53, 26, 51, 35, 60, 13, 22, 40, 50, 52, 27, 33, 43, 59, 45, 32, 56, 54, 6, 1, 4, 19, 9, 34, 41, 10, 49, 7, 24]
OFV: 527675.0	/ CPU: 65.774 seconds 	/ department sequence: [10, 24, 13, 31, 4, 44, 37, 55, 1, 47, 25, 19, 23, 22, 17, 29, 36, 56, 34, 16, 54, 5, 35, 14, 27, 8, 59, 50, 42, 45, 18, 2, 26, 3, 32, 33, 30, 49, 15, 43, 52, 48, 53, 28, 57, 40, 60, 46, 6, 51, 9, 7, 38, 11, 20, 12, 58, 39, 21, 41]
OFV: 529715.0	/ CPU: 42.840 seconds 	/ department sequence: [25, 13, 10, 34, 7, 41, 9, 21, 49, 11, 32, 42, 19, 58, 39, 6, 29, 53, 33, 51, 26, 27, 54, 46, 12, 50, 22, 2, 35, 3, 18, 17, 14, 48, 16, 15, 8, 40, 5, 43, 60, 30, 57, 28, 36, 23, 45, 31, 44, 56, 37, 52, 59, 1, 55, 20, 38, 47, 4, 24]
-- AnKeVa60-4 result
--------------------------------------------
HostNestNum = 30, P_a = 0.0
--------------------------------------------
-- 2019-01-14 03:46 result data
OFV: 511085.0	/ CPU: 25.619 seconds 	/ department sequence: [19, 10, 7, 45, 22, 11, 13, 25, 44, 14, 21, 43, 17, 58, 41, 53, 46, 39, 2, 3, 16, 6, 35, 52, 5, 8, 9, 18, 60, 15, 42, 27, 33, 34, 26, 36, 29, 40, 50, 59, 54, 47, 30, 32, 55, 51, 48, 49, 57, 56, 38, 23, 1, 37, 4, 20, 28, 24, 31, 12]
OFV: 535787.0	/ CPU: 13.419 seconds 	/ department sequence: [10, 57, 55, 25, 48, 19, 47, 38, 41, 24, 35, 52, 56, 53, 58, 51, 46, 30, 18, 27, 13, 14, 15, 28, 29, 9, 37, 17, 8, 33, 42, 16, 2, 32, 49, 60, 5, 3, 11, 26, 45, 34, 21, 44, 40, 50, 54, 6, 59, 1, 4, 31, 7, 22, 12, 23, 20, 36, 39, 43]
OFV: 510073.0	/ CPU: 41.709 seconds 	/ department sequence: [55, 31, 25, 20, 32, 33, 38, 7, 48, 19, 53, 18, 6, 27, 21, 49, 59, 54, 44, 37, 11, 3, 5, 2, 60, 14, 50, 23, 15, 16, 52, 35, 58, 17, 51, 29, 39, 9, 34, 40, 8, 45, 42, 36, 22, 26, 12, 46, 28, 24, 47, 1, 41, 4, 57, 43, 56, 10, 13, 30]
OFV: 534990.0	/ CPU: 26.165 seconds 	/ department sequence: [24, 10, 20, 48, 11, 13, 19, 38, 39, 33, 32, 42, 55, 12, 16, 31, 9, 37, 46, 53, 60, 22, 35, 36, 27, 23, 51, 30, 43, 56, 17, 15, 25, 26, 47, 8, 14, 29, 50, 3, 2, 58, 5, 21, 18, 59, 49, 44, 52, 6, 7, 28, 45, 57, 34, 54, 41, 40, 1, 4]
OFV: 527528.0	/ CPU: 35.476 seconds 	/ department sequence: [10, 19, 17, 11, 7, 40, 13, 25, 21, 44, 57, 12, 42, 22, 36, 51, 55, 29, 2, 3, 50, 47, 54, 53, 59, 26, 46, 43, 15, 16, 37, 35, 60, 18, 5, 52, 14, 8, 6, 48, 27, 28, 9, 32, 31, 56, 30, 38, 39, 45, 33, 23, 49, 58, 1, 41, 4, 20, 24, 34]
OFV: 511765.0	/ CPU: 20.183 seconds 	/ department sequence: [24, 10, 12, 11, 19, 31, 20, 36, 13, 43, 52, 44, 33, 28, 50, 9, 17, 22, 55, 53, 41, 34, 42, 14, 15, 40, 27, 32, 54, 56, 49, 29, 46, 35, 26, 47, 23, 16, 60, 3, 51, 5, 30, 18, 2, 6, 8, 58, 25, 45, 7, 59, 1, 39, 48, 57, 21, 38, 37, 4]
OFV: 517728.0	/ CPU: 26.494 seconds 	/ department sequence: [12, 44, 28, 25, 13, 38, 11, 23, 24, 55, 34, 58, 26, 21, 6, 9, 42, 2, 3, 35, 5, 29, 51, 60, 37, 8, 30, 16, 17, 40, 19, 18, 46, 36, 52, 14, 15, 56, 50, 32, 43, 49, 47, 33, 59, 53, 45, 39, 54, 41, 57, 22, 10, 27, 48, 1, 4, 31, 7, 20]
OFV: 516248.0	/ CPU: 35.304 seconds 	/ department sequence: [56, 20, 4, 33, 28, 41, 25, 1, 18, 55, 52, 34, 42, 35, 32, 29, 27, 43, 39, 50, 48, 47, 26, 58, 21, 40, 14, 8, 17, 46, 60, 54, 15, 3, 37, 36, 16, 2, 5, 11, 45, 30, 23, 51, 44, 31, 53, 22, 59, 49, 57, 38, 9, 24, 6, 19, 13, 12, 10, 7]
OFV: 530433.0	/ CPU: 26.182 seconds 	/ department sequence: [47, 25, 20, 12, 38, 22, 19, 4, 1, 40, 23, 36, 13, 28, 24, 52, 34, 51, 48, 42, 16, 41, 55, 26, 46, 60, 56, 53, 15, 14, 8, 50, 18, 21, 29, 2, 3, 54, 45, 58, 59, 30, 5, 43, 44, 57, 37, 35, 17, 33, 11, 9, 27, 6, 7, 10, 32, 49, 31, 39]
OFV: 538826.0	/ CPU: 26.681 seconds 	/ department sequence: [7, 41, 50, 39, 10, 24, 13, 56, 21, 25, 6, 22, 53, 37, 36, 33, 11, 35, 59, 9, 19, 17, 52, 44, 23, 5, 58, 43, 3, 42, 15, 16, 45, 8, 2, 12, 60, 18, 14, 30, 31, 29, 57, 28, 47, 51, 32, 49, 54, 27, 48, 20, 46, 55, 26, 40, 1, 4, 38, 34]
-- AnKeVa60-4 result
--------------------------------------------
HostNestNum = 30, P_a = 0.0
--------------------------------------------
-- 2019-02-14 17:05 result data
OFV: 399623.0	/ CPU: 961.131 seconds 	/ department sequence: [12, 43, 25, 34, 41, 4, 1, 28, 38, 48, 21, 52, 32, 37, 54, 30, 47, 26, 51, 42, 29, 60, 16, 18, 8, 15, 14, 27, 35, 58, 2, 45, 50, 3, 53, 40, 5, 59, 23, 17, 46, 6, 11, 56, 9, 49, 22, 33, 36, 24, 44, 7, 39, 55, 10, 57, 19, 31, 20, 13]
