-- AnKeVa60-4 result
--------------------------------------------
HostNestNum = 15, P_a = 0.25
--------------------------------------------
-- 2019-01-14 02:55 result data
OFV: 530193.0	/ CPU: 145.544 seconds 	/ department sequence: [49, 59, 22, 19, 38, 20, 46, 55, 11, 7, 6, 8, 5, 53, 34, 57, 24, 2, 29, 50, 16, 44, 45, 18, 54, 21, 14, 17, 3, 30, 27, 41, 48, 40, 35, 26, 33, 39, 60, 36, 56, 58, 15, 51, 43, 23, 47, 13, 52, 37, 32, 42, 1, 4, 10, 25, 12, 9, 28, 31]
OFV: 505988.0	/ CPU: 141.857 seconds 	/ department sequence: [48, 10, 25, 20, 57, 4, 1, 59, 38, 34, 19, 27, 45, 33, 31, 30, 47, 8, 17, 14, 46, 26, 54, 52, 3, 51, 32, 42, 23, 29, 15, 18, 53, 60, 16, 2, 58, 37, 40, 5, 22, 6, 44, 49, 55, 41, 50, 35, 36, 24, 43, 56, 21, 7, 9, 13, 11, 12, 28, 39]
OFV: 518952.0	/ CPU: 80.309 seconds 	/ department sequence: [20, 36, 31, 13, 55, 38, 7, 11, 6, 8, 40, 23, 19, 33, 47, 53, 27, 57, 45, 16, 44, 2, 51, 37, 54, 14, 29, 18, 22, 49, 32, 5, 3, 59, 30, 24, 58, 34, 41, 56, 15, 35, 46, 42, 60, 43, 9, 26, 50, 25, 17, 48, 12, 52, 1, 28, 4, 10, 39, 21]
OFV: 526683.0	/ CPU: 76.935 seconds 	/ department sequence: [39, 12, 10, 44, 56, 24, 9, 13, 11, 17, 49, 50, 14, 38, 23, 21, 42, 51, 29, 25, 26, 53, 6, 36, 35, 33, 5, 8, 54, 47, 52, 40, 58, 48, 30, 32, 15, 27, 18, 3, 16, 2, 59, 34, 57, 41, 37, 19, 28, 60, 1, 55, 22, 20, 46, 45, 4, 7, 43, 31]
OFV: 502058.0	/ CPU: 170.819 seconds 	/ department sequence: [54, 31, 49, 22, 20, 13, 12, 10, 24, 21, 25, 7, 56, 34, 32, 55, 19, 53, 29, 59, 27, 50, 38, 58, 30, 9, 16, 17, 33, 18, 15, 3, 45, 35, 40, 47, 51, 60, 26, 8, 5, 2, 14, 42, 44, 6, 11, 43, 23, 48, 37, 28, 52, 41, 46, 1, 4, 57, 39, 36]
OFV: 500475.0	/ CPU: 117.207 seconds 	/ department sequence: [10, 7, 39, 32, 24, 31, 37, 52, 28, 12, 13, 11, 21, 36, 57, 54, 9, 26, 6, 14, 45, 29, 8, 35, 41, 46, 5, 17, 27, 16, 18, 15, 50, 22, 60, 3, 2, 42, 30, 47, 23, 51, 40, 44, 43, 53, 48, 58, 56, 25, 59, 1, 38, 4, 55, 34, 33, 20, 19, 49]
OFV: 506258.0	/ CPU: 80.090 seconds 	/ department sequence: [9, 12, 10, 13, 4, 1, 50, 46, 37, 38, 26, 34, 30, 42, 11, 49, 2, 14, 15, 8, 18, 29, 21, 27, 59, 47, 22, 52, 51, 53, 60, 45, 16, 3, 5, 54, 32, 17, 58, 39, 40, 41, 23, 33, 43, 35, 25, 6, 7, 56, 28, 36, 24, 48, 55, 20, 57, 19, 44, 31]
OFV: 491655.0	/ CPU: 84.293 seconds 	/ department sequence: [10, 7, 4, 44, 49, 6, 26, 54, 59, 58, 28, 27, 38, 37, 46, 17, 18, 48, 53, 2, 3, 5, 35, 45, 16, 14, 15, 39, 60, 23, 8, 30, 51, 47, 56, 50, 32, 29, 40, 36, 42, 52, 1, 13, 21, 43, 34, 25, 33, 11, 55, 24, 41, 31, 22, 20, 9, 12, 57, 19]
OFV: 514594.0	/ CPU: 333.531 seconds 	/ department sequence: [20, 31, 38, 4, 1, 33, 49, 50, 47, 54, 43, 59, 18, 56, 52, 30, 35, 34, 48, 51, 16, 25, 27, 23, 19, 36, 29, 26, 22, 32, 14, 5, 45, 42, 37, 53, 57, 8, 15, 6, 40, 60, 3, 2, 41, 55, 21, 17, 24, 58, 46, 9, 39, 10, 11, 7, 12, 13, 28, 44]
OFV: 503773.0	/ CPU: 258.908 seconds 	/ department sequence: [20, 7, 10, 38, 28, 4, 52, 13, 36, 25, 21, 22, 19, 46, 51, 41, 15, 40, 60, 48, 16, 24, 58, 47, 43, 37, 50, 29, 9, 8, 32, 26, 49, 54, 42, 18, 2, 3, 5, 59, 33, 35, 17, 45, 53, 30, 14, 23, 27, 11, 6, 1, 57, 55, 44, 34, 31, 12, 39, 56]
-- AnKeVa60-4 result
--------------------------------------------
HostNestNum = 15, P_a = 0.25
--------------------------------------------
-- 2019-02-14 16:37 result data
OFV: 400375.0	/ CPU: 702.404 seconds 	/ department sequence: [13, 20, 31, 19, 57, 55, 10, 39, 7, 44, 24, 49, 22, 33, 11, 21, 6, 23, 17, 46, 37, 59, 5, 54, 3, 53, 2, 18, 16, 27, 50, 45, 8, 58, 35, 14, 60, 15, 40, 29, 26, 42, 51, 30, 47, 32, 52, 48, 56, 9, 36, 38, 1, 4, 41, 28, 34, 25, 43, 12]
-- AnKeVa60-4 result
--------------------------------------------
HostNestNum = 15, P_a = 0.25
--------------------------------------------
-- 2019-02-23 01:43 result data
OFV: 403177.0	/ CPU: 1059.505 seconds 	/ department sequence: [13, 20, 31, 19, 57, 55, 10, 39, 7, 44, 24, 28, 22, 33, 36, 49, 6, 23, 17, 5, 40, 59, 53, 45, 27, 50, 14, 3, 58, 2, 18, 35, 16, 60, 15, 8, 46, 26, 54, 37, 29, 51, 42, 30, 47, 32, 21, 56, 52, 11, 48, 9, 38, 1, 4, 41, 34, 25, 43, 12]
OFV: 399952.0	/ CPU: 787.652 seconds 	/ department sequence: [13, 43, 57, 10, 25, 38, 49, 34, 28, 41, 1, 9, 56, 52, 21, 32, 47, 51, 30, 42, 29, 26, 54, 60, 8, 16, 46, 2, 18, 15, 50, 35, 58, 3, 14, 27, 53, 5, 17, 23, 45, 37, 59, 22, 40, 6, 48, 11, 33, 36, 24, 4, 44, 7, 39, 55, 19, 12, 31, 20]
OFV: 403158.0	/ CPU: 438.689 seconds 	/ department sequence: [12, 19, 57, 10, 43, 25, 34, 22, 24, 41, 4, 28, 1, 49, 9, 21, 52, 37, 32, 51, 50, 30, 47, 42, 29, 26, 54, 16, 60, 46, 18, 15, 2, 58, 35, 5, 3, 8, 14, 27, 17, 53, 23, 45, 40, 6, 59, 48, 11, 56, 33, 36, 38, 44, 7, 39, 55, 31, 20, 13]
OFV: 400394.0	/ CPU: 1361.501 seconds 	/ department sequence: [13, 12, 43, 25, 34, 41, 4, 1, 28, 38, 49, 9, 52, 21, 48, 32, 51, 30, 47, 40, 42, 26, 29, 15, 14, 60, 58, 27, 18, 35, 16, 50, 8, 2, 45, 3, 54, 37, 5, 53, 59, 17, 23, 46, 6, 11, 56, 33, 22, 36, 24, 44, 7, 39, 10, 55, 57, 19, 31, 20]
OFV: 410610.0	/ CPU: 730.458 seconds 	/ department sequence: [20, 31, 12, 55, 43, 25, 7, 28, 44, 4, 36, 33, 48, 37, 40, 6, 59, 45, 53, 14, 32, 58, 27, 3, 15, 5, 35, 2, 26, 18, 60, 30, 51, 42, 8, 54, 29, 50, 16, 47, 23, 52, 17, 46, 11, 21, 56, 1, 9, 41, 24, 49, 34, 22, 38, 39, 10, 57, 19, 13]
OFV: 403641.0	/ CPU: 499.355 seconds 	/ department sequence: [13, 20, 31, 19, 55, 39, 7, 38, 44, 24, 36, 33, 56, 11, 48, 22, 59, 6, 40, 23, 45, 53, 5, 58, 3, 14, 27, 35, 2, 8, 16, 54, 60, 18, 15, 50, 26, 42, 29, 30, 47, 51, 32, 46, 17, 37, 21, 52, 9, 49, 1, 4, 28, 41, 34, 25, 43, 10, 57, 12]
OFV: 402260.0	/ CPU: 725.336 seconds 	/ department sequence: [12, 19, 57, 10, 43, 25, 34, 38, 41, 49, 28, 22, 1, 9, 52, 17, 46, 47, 54, 30, 51, 26, 32, 29, 42, 16, 8, 60, 18, 50, 2, 15, 3, 35, 14, 27, 58, 5, 37, 45, 53, 59, 23, 6, 40, 21, 48, 11, 56, 33, 24, 36, 4, 44, 7, 55, 39, 31, 13, 20]
OFV: 399919.0	/ CPU: 1002.818 seconds 	/ department sequence: [19, 43, 57, 10, 25, 38, 22, 34, 49, 28, 41, 1, 9, 56, 52, 59, 32, 51, 30, 26, 47, 42, 29, 54, 16, 46, 8, 60, 2, 18, 50, 35, 15, 14, 3, 58, 27, 5, 53, 45, 23, 17, 6, 40, 37, 21, 48, 11, 33, 36, 24, 4, 44, 7, 39, 55, 12, 31, 20, 13]
OFV: 400987.0	/ CPU: 845.300 seconds 	/ department sequence: [12, 43, 25, 34, 41, 4, 1, 38, 49, 9, 21, 56, 48, 52, 51, 32, 47, 30, 42, 29, 26, 40, 14, 15, 27, 60, 58, 35, 18, 8, 16, 50, 2, 45, 53, 3, 54, 5, 59, 23, 37, 6, 17, 46, 11, 36, 33, 28, 22, 24, 44, 7, 39, 10, 55, 57, 19, 31, 20, 13]
OFV: 410518.0	/ CPU: 1214.090 seconds 	/ department sequence: [13, 12, 19, 57, 10, 39, 38, 34, 49, 22, 28, 24, 9, 41, 11, 46, 21, 17, 37, 54, 58, 16, 2, 50, 8, 47, 42, 29, 18, 60, 51, 15, 35, 3, 26, 5, 30, 27, 53, 14, 6, 45, 23, 40, 52, 32, 59, 48, 56, 33, 1, 36, 4, 44, 7, 25, 43, 55, 31, 20]
