-- AnKeVa60-4 result
--------------------------------------------
HostNestNum = 30, P_a = 0.25
--------------------------------------------
-- 2019-01-14 04:40 result data
OFV: 501218.0	/ CPU: 315.332 seconds 	/ department sequence: [46, 31, 57, 20, 10, 25, 36, 9, 37, 41, 12, 24, 49, 13, 6, 23, 21, 51, 17, 56, 34, 39, 19, 30, 35, 18, 27, 33, 58, 50, 60, 52, 11, 15, 16, 40, 5, 3, 2, 54, 45, 26, 44, 29, 53, 22, 14, 47, 8, 32, 59, 43, 48, 42, 1, 7, 38, 28, 4, 55]
OFV: 500662.0	/ CPU: 210.075 seconds 	/ department sequence: [49, 37, 38, 57, 7, 39, 45, 20, 21, 54, 36, 23, 44, 6, 28, 11, 17, 2, 16, 5, 8, 53, 48, 3, 60, 51, 29, 35, 18, 56, 50, 15, 24, 43, 33, 27, 40, 58, 22, 14, 41, 47, 30, 42, 26, 59, 10, 34, 9, 13, 12, 19, 46, 32, 52, 1, 4, 55, 31, 25]
OFV: 492774.0	/ CPU: 198.469 seconds 	/ department sequence: [57, 25, 20, 31, 21, 7, 38, 10, 11, 17, 19, 9, 54, 52, 37, 50, 16, 45, 23, 43, 6, 8, 51, 49, 2, 47, 5, 3, 13, 60, 36, 33, 35, 58, 27, 53, 18, 26, 14, 42, 29, 15, 32, 59, 46, 48, 56, 34, 40, 12, 22, 44, 39, 41, 30, 1, 28, 24, 4, 55]
OFV: 501494.0	/ CPU: 349.871 seconds 	/ department sequence: [25, 13, 20, 4, 1, 44, 36, 32, 21, 7, 34, 41, 9, 39, 40, 22, 52, 38, 11, 6, 47, 8, 54, 18, 24, 17, 26, 50, 46, 51, 23, 60, 3, 53, 5, 59, 29, 45, 15, 30, 2, 56, 33, 42, 35, 27, 57, 14, 48, 16, 31, 19, 43, 49, 58, 28, 37, 55, 10, 12]
OFV: 514131.0	/ CPU: 295.290 seconds 	/ department sequence: [31, 49, 44, 20, 38, 12, 7, 4, 1, 6, 53, 21, 25, 23, 40, 45, 30, 43, 5, 18, 59, 36, 2, 35, 58, 3, 60, 34, 16, 14, 27, 42, 32, 26, 47, 15, 19, 52, 17, 22, 8, 37, 29, 13, 41, 50, 11, 46, 9, 51, 48, 39, 24, 33, 10, 54, 55, 57, 56, 28]
OFV: 480544.0	/ CPU: 426.446 seconds 	/ department sequence: [19, 39, 13, 57, 46, 38, 33, 45, 31, 48, 10, 9, 11, 49, 43, 56, 24, 21, 34, 8, 51, 52, 2, 50, 47, 60, 23, 35, 16, 42, 32, 22, 30, 3, 15, 53, 29, 17, 26, 25, 40, 58, 18, 14, 59, 5, 27, 6, 54, 1, 55, 36, 41, 44, 37, 4, 20, 12, 7, 28]
OFV: 507749.0	/ CPU: 262.689 seconds 	/ department sequence: [41, 28, 25, 33, 32, 36, 24, 48, 35, 51, 37, 55, 43, 45, 14, 21, 11, 60, 17, 8, 15, 27, 58, 18, 54, 3, 42, 53, 2, 16, 22, 46, 5, 6, 23, 49, 26, 52, 40, 59, 47, 29, 30, 38, 1, 34, 31, 4, 57, 7, 9, 10, 20, 13, 19, 12, 50, 39, 44, 56]
OFV: 494190.0	/ CPU: 212.403 seconds 	/ department sequence: [38, 43, 55, 44, 57, 25, 19, 46, 20, 41, 28, 39, 4, 1, 27, 52, 16, 40, 30, 15, 17, 18, 56, 22, 8, 47, 14, 45, 42, 60, 53, 26, 2, 3, 58, 29, 21, 48, 36, 59, 49, 35, 5, 51, 50, 32, 33, 6, 9, 11, 7, 24, 10, 12, 13, 23, 54, 37, 34, 31]
OFV: 498483.0	/ CPU: 257.783 seconds 	/ department sequence: [19, 4, 44, 24, 57, 7, 39, 34, 1, 50, 26, 20, 23, 9, 30, 48, 45, 41, 16, 14, 8, 22, 33, 6, 2, 5, 53, 52, 60, 3, 54, 59, 40, 32, 15, 35, 11, 29, 46, 37, 27, 18, 28, 47, 42, 58, 56, 43, 17, 38, 55, 36, 10, 21, 25, 49, 51, 12, 13, 31]
OFV: 519765.0	/ CPU: 273.264 seconds 	/ department sequence: [48, 31, 19, 10, 22, 13, 20, 4, 40, 37, 43, 7, 56, 9, 24, 12, 50, 41, 29, 23, 57, 59, 45, 51, 32, 42, 36, 54, 47, 49, 60, 17, 16, 3, 35, 53, 5, 58, 15, 2, 14, 27, 8, 6, 28, 11, 52, 18, 30, 33, 1, 39, 25, 21, 38, 34, 55, 46, 44, 26]
-- AnKeVa60-4 result
--------------------------------------------
HostNestNum = 30, P_a = 0.25
--------------------------------------------
-- 2019-02-14 17:48 result data
OFV: 409886.0	/ CPU: 2485.979 seconds 	/ department sequence: [31, 19, 57, 10, 7, 22, 34, 24, 28, 41, 4, 1, 49, 9, 46, 17, 6, 40, 23, 59, 5, 53, 58, 3, 14, 27, 50, 16, 18, 51, 2, 60, 35, 15, 47, 30, 26, 29, 45, 8, 42, 54, 52, 32, 37, 48, 21, 11, 56, 33, 36, 44, 38, 39, 25, 55, 43, 12, 20, 13]
-- AnKeVa60-4 result
--------------------------------------------
HostNestNum = 30, P_a = 0.25
--------------------------------------------
-- 2019-02-23 06:17 result data
OFV: 408820.0	/ CPU: 1137.167 seconds 	/ department sequence: [13, 31, 19, 57, 10, 7, 34, 22, 24, 28, 41, 9, 49, 36, 56, 33, 46, 17, 6, 23, 59, 53, 5, 40, 45, 3, 2, 50, 16, 35, 60, 18, 15, 47, 26, 51, 27, 14, 29, 30, 8, 42, 58, 54, 52, 32, 37, 11, 48, 21, 1, 44, 4, 38, 39, 25, 43, 55, 12, 20]
OFV: 402316.0	/ CPU: 1219.859 seconds 	/ department sequence: [31, 12, 19, 57, 10, 39, 7, 24, 22, 44, 36, 49, 33, 11, 21, 6, 17, 46, 37, 23, 40, 5, 53, 50, 3, 58, 2, 45, 14, 27, 35, 18, 15, 8, 16, 60, 54, 29, 42, 26, 47, 51, 30, 32, 59, 52, 48, 56, 9, 38, 1, 4, 41, 34, 28, 25, 43, 55, 20, 13]
OFV: 405654.0	/ CPU: 678.806 seconds 	/ department sequence: [31, 19, 43, 10, 25, 34, 22, 24, 41, 28, 4, 1, 9, 11, 46, 21, 52, 17, 40, 47, 30, 32, 51, 26, 29, 42, 15, 60, 35, 18, 50, 3, 14, 16, 8, 2, 27, 58, 37, 5, 54, 53, 45, 23, 6, 59, 48, 56, 33, 49, 36, 38, 44, 7, 39, 57, 55, 12, 20, 13]
OFV: 399441.0	/ CPU: 1501.965 seconds 	/ department sequence: [20, 31, 19, 55, 39, 7, 44, 28, 24, 36, 33, 11, 46, 17, 6, 22, 40, 59, 23, 5, 53, 45, 3, 14, 27, 35, 58, 2, 18, 16, 15, 50, 8, 60, 54, 37, 26, 29, 42, 47, 30, 32, 51, 48, 52, 56, 21, 9, 1, 4, 41, 49, 34, 38, 25, 10, 43, 57, 13, 12]
OFV: 402772.0	/ CPU: 2777.234 seconds 	/ department sequence: [31, 12, 43, 25, 34, 41, 28, 24, 4, 1, 9, 11, 46, 52, 37, 40, 30, 47, 42, 32, 54, 26, 51, 29, 16, 60, 18, 15, 58, 35, 8, 3, 2, 14, 50, 27, 45, 5, 53, 17, 23, 6, 22, 59, 48, 21, 33, 56, 36, 49, 44, 38, 7, 39, 55, 10, 57, 19, 20, 13]
OFV: 399557.0	/ CPU: 1824.158 seconds 	/ department sequence: [13, 43, 57, 10, 25, 38, 34, 49, 41, 28, 36, 1, 9, 56, 52, 32, 51, 47, 30, 42, 29, 54, 26, 60, 8, 16, 35, 50, 46, 2, 18, 15, 58, 14, 3, 27, 45, 53, 5, 59, 23, 22, 17, 40, 6, 37, 21, 48, 11, 33, 24, 4, 44, 7, 39, 55, 19, 12, 31, 20]
OFV: 406230.0	/ CPU: 1018.006 seconds 	/ department sequence: [13, 31, 57, 10, 43, 25, 34, 24, 41, 4, 22, 1, 49, 9, 56, 21, 52, 23, 6, 40, 32, 51, 30, 42, 47, 29, 26, 60, 50, 15, 35, 16, 27, 18, 14, 5, 46, 2, 8, 3, 58, 53, 54, 45, 59, 37, 17, 48, 11, 33, 36, 28, 38, 44, 7, 39, 55, 19, 12, 20]
OFV: 399616.0	/ CPU: 2463.805 seconds 	/ department sequence: [12, 43, 25, 34, 41, 4, 1, 28, 38, 48, 9, 11, 52, 37, 54, 32, 47, 30, 42, 26, 29, 46, 51, 60, 8, 16, 58, 15, 35, 18, 2, 3, 14, 50, 27, 45, 53, 40, 5, 17, 59, 6, 23, 21, 56, 22, 49, 33, 36, 24, 44, 7, 39, 10, 57, 55, 19, 31, 20, 13]
OFV: 402520.0	/ CPU: 1175.499 seconds 	/ department sequence: [13, 20, 12, 31, 55, 39, 7, 44, 4, 24, 28, 33, 11, 48, 37, 6, 40, 46, 17, 59, 45, 53, 3, 2, 14, 5, 18, 15, 27, 58, 35, 23, 50, 16, 8, 60, 54, 26, 29, 47, 42, 30, 51, 32, 52, 21, 56, 9, 22, 36, 1, 41, 38, 49, 34, 25, 10, 57, 43, 19]
OFV: 399646.0	/ CPU: 1574.272 seconds 	/ department sequence: [19, 57, 43, 10, 25, 38, 49, 34, 22, 28, 41, 1, 9, 56, 52, 59, 32, 51, 30, 47, 42, 26, 29, 54, 60, 8, 16, 46, 18, 2, 50, 35, 15, 14, 3, 5, 27, 53, 58, 45, 23, 17, 37, 6, 40, 21, 48, 11, 33, 36, 24, 4, 44, 7, 39, 55, 12, 31, 20, 13]
