-- AnKeVa60-4 result
--------------------------------------------
HostNestNum = 15, P_a = 0.35
--------------------------------------------
-- 2019-01-14 03:19 result data
OFV: 514043.0	/ CPU: 152.464 seconds 	/ department sequence: [41, 10, 9, 12, 7, 4, 24, 34, 1, 27, 49, 57, 17, 45, 56, 8, 54, 6, 26, 40, 23, 32, 33, 53, 50, 5, 3, 60, 48, 58, 47, 18, 22, 30, 15, 2, 16, 14, 37, 43, 42, 29, 55, 51, 36, 52, 28, 44, 46, 39, 21, 35, 38, 25, 11, 20, 19, 13, 31, 59]
OFV: 494975.0	/ CPU: 74.280 seconds 	/ department sequence: [31, 36, 35, 39, 33, 38, 7, 12, 28, 21, 44, 56, 6, 13, 15, 48, 40, 8, 45, 18, 14, 53, 17, 2, 52, 5, 3, 37, 42, 26, 60, 46, 16, 23, 30, 47, 50, 59, 29, 57, 34, 27, 11, 54, 9, 58, 43, 32, 1, 41, 25, 10, 49, 24, 51, 4, 20, 19, 22, 55]
OFV: 516999.0	/ CPU: 177.068 seconds 	/ department sequence: [40, 36, 12, 31, 21, 20, 7, 50, 55, 57, 33, 39, 45, 10, 19, 38, 9, 17, 29, 52, 54, 6, 49, 8, 5, 27, 58, 2, 3, 60, 30, 43, 46, 16, 59, 53, 26, 35, 47, 18, 14, 32, 25, 15, 37, 42, 11, 13, 28, 23, 41, 51, 24, 22, 44, 48, 34, 56, 1, 4]
OFV: 523718.0	/ CPU: 85.073 seconds 	/ department sequence: [34, 20, 19, 7, 31, 39, 4, 57, 53, 23, 48, 11, 40, 17, 6, 5, 3, 32, 35, 43, 59, 24, 60, 14, 21, 50, 22, 2, 51, 37, 9, 42, 30, 45, 33, 8, 56, 54, 49, 16, 36, 27, 18, 29, 47, 15, 52, 58, 46, 1, 55, 12, 26, 38, 25, 13, 10, 41, 44, 28]
OFV: 511602.0	/ CPU: 182.207 seconds 	/ department sequence: [51, 55, 57, 12, 34, 21, 7, 10, 23, 33, 24, 37, 39, 59, 28, 45, 6, 29, 5, 18, 8, 44, 22, 16, 36, 19, 2, 17, 3, 32, 43, 15, 35, 14, 58, 49, 50, 26, 60, 46, 47, 53, 54, 30, 40, 56, 52, 41, 27, 48, 25, 38, 42, 1, 4, 13, 9, 20, 31, 11]
OFV: 519526.0	/ CPU: 171.741 seconds 	/ department sequence: [10, 39, 12, 7, 4, 44, 11, 34, 1, 26, 41, 36, 57, 6, 32, 2, 53, 14, 50, 45, 8, 9, 59, 5, 3, 18, 40, 15, 29, 42, 47, 43, 33, 58, 51, 27, 48, 60, 56, 23, 37, 35, 52, 24, 21, 22, 54, 16, 25, 30, 20, 17, 49, 28, 13, 19, 46, 31, 55, 38]
OFV: 516299.0	/ CPU: 309.146 seconds 	/ department sequence: [34, 10, 43, 55, 4, 1, 9, 32, 59, 31, 48, 38, 28, 25, 52, 41, 51, 22, 14, 56, 35, 27, 30, 24, 50, 15, 18, 60, 37, 45, 33, 21, 42, 23, 29, 54, 57, 26, 3, 58, 5, 40, 16, 8, 2, 6, 49, 46, 19, 17, 11, 13, 44, 53, 36, 7, 20, 47, 12, 39]
OFV: 510199.0	/ CPU: 133.234 seconds 	/ department sequence: [12, 13, 10, 44, 38, 25, 21, 39, 26, 31, 28, 19, 24, 58, 45, 56, 47, 48, 52, 57, 11, 2, 35, 8, 18, 15, 29, 27, 53, 59, 50, 30, 22, 14, 16, 42, 51, 3, 43, 5, 60, 33, 6, 54, 36, 41, 49, 37, 34, 9, 40, 23, 17, 32, 1, 55, 4, 7, 20, 46]
OFV: 514850.0	/ CPU: 196.095 seconds 	/ department sequence: [20, 7, 34, 9, 28, 41, 11, 19, 8, 12, 33, 30, 13, 6, 35, 53, 43, 37, 17, 5, 57, 60, 54, 36, 3, 2, 14, 15, 16, 45, 18, 29, 42, 49, 58, 26, 40, 52, 51, 39, 50, 55, 59, 23, 24, 47, 27, 21, 44, 56, 46, 32, 48, 1, 4, 25, 22, 31, 38, 10]
OFV: 517743.0	/ CPU: 89.978 seconds 	/ department sequence: [52, 25, 48, 31, 38, 4, 1, 59, 34, 28, 49, 56, 47, 26, 41, 50, 30, 40, 55, 27, 35, 8, 14, 29, 33, 45, 60, 32, 54, 22, 18, 15, 16, 58, 42, 2, 3, 5, 12, 6, 53, 20, 13, 11, 23, 10, 17, 21, 19, 9, 7, 24, 39, 51, 37, 57, 46, 43, 44, 36]
-- AnKeVa60-4 result
--------------------------------------------
HostNestNum = 15, P_a = 0.35
--------------------------------------------
-- 2019-02-14 16:49 result data
OFV: 405639.0	/ CPU: 978.439 seconds 	/ department sequence: [13, 19, 12, 57, 10, 43, 25, 22, 34, 24, 41, 4, 1, 49, 9, 11, 21, 46, 52, 37, 32, 54, 51, 47, 50, 29, 30, 42, 26, 16, 60, 8, 15, 18, 2, 58, 35, 3, 5, 14, 27, 17, 40, 6, 23, 53, 45, 59, 48, 56, 33, 36, 28, 44, 38, 7, 39, 55, 31, 20]
-- AnKeVa60-4 result
--------------------------------------------
HostNestNum = 15, P_a = 0.35
--------------------------------------------
-- 2019-02-23 04:08 result data
OFV: 400137.0	/ CPU: 469.207 seconds 	/ department sequence: [57, 43, 10, 25, 38, 49, 34, 28, 41, 1, 9, 36, 56, 21, 52, 32, 42, 51, 47, 30, 29, 26, 46, 60, 54, 16, 8, 50, 18, 35, 2, 15, 58, 3, 14, 27, 17, 53, 5, 45, 23, 37, 59, 22, 40, 6, 48, 11, 33, 24, 4, 44, 7, 39, 55, 19, 12, 31, 20, 13]
OFV: 419081.0	/ CPU: 525.435 seconds 	/ department sequence: [13, 12, 19, 57, 10, 55, 7, 34, 22, 49, 28, 41, 1, 54, 6, 59, 37, 58, 5, 40, 30, 27, 14, 3, 51, 53, 18, 2, 16, 26, 60, 35, 15, 42, 47, 29, 8, 50, 45, 32, 52, 17, 46, 23, 21, 48, 9, 11, 56, 33, 36, 24, 44, 38, 4, 25, 39, 43, 31, 20]
OFV: 401909.0	/ CPU: 1390.352 seconds 	/ department sequence: [13, 31, 19, 57, 10, 39, 7, 24, 44, 22, 49, 36, 33, 56, 9, 11, 21, 6, 23, 17, 50, 46, 37, 40, 5, 53, 3, 58, 2, 16, 18, 35, 60, 27, 15, 51, 45, 8, 29, 42, 26, 54, 47, 14, 30, 59, 32, 52, 48, 38, 28, 1, 4, 41, 34, 25, 55, 43, 12, 20]
OFV: 399623.0	/ CPU: 733.962 seconds 	/ department sequence: [13, 12, 57, 10, 43, 25, 38, 34, 49, 41, 4, 1, 9, 56, 21, 52, 48, 32, 51, 30, 47, 42, 29, 26, 37, 54, 50, 8, 15, 60, 16, 2, 18, 27, 35, 58, 14, 3, 5, 45, 53, 59, 23, 40, 6, 22, 17, 46, 11, 33, 36, 24, 28, 44, 7, 39, 55, 19, 31, 20]
OFV: 414831.0	/ CPU: 741.059 seconds 	/ department sequence: [20, 12, 55, 39, 4, 44, 28, 41, 24, 9, 11, 46, 21, 48, 37, 17, 52, 40, 14, 30, 47, 42, 27, 51, 15, 18, 29, 60, 26, 16, 2, 45, 8, 50, 35, 3, 53, 5, 58, 54, 6, 23, 32, 59, 56, 33, 36, 1, 22, 49, 34, 38, 7, 25, 10, 57, 43, 19, 31, 13]
OFV: 399799.0	/ CPU: 618.231 seconds 	/ department sequence: [13, 12, 43, 25, 34, 41, 4, 28, 1, 38, 9, 11, 52, 48, 32, 37, 54, 47, 30, 42, 51, 26, 8, 29, 16, 46, 60, 18, 2, 15, 58, 35, 3, 14, 50, 27, 45, 40, 5, 53, 59, 17, 6, 23, 21, 56, 49, 33, 36, 24, 22, 44, 7, 55, 39, 10, 57, 19, 31, 20]
OFV: 407445.0	/ CPU: 984.680 seconds 	/ department sequence: [13, 31, 19, 57, 10, 34, 22, 24, 28, 41, 4, 1, 49, 9, 36, 56, 46, 23, 17, 52, 51, 50, 47, 30, 16, 29, 42, 60, 26, 40, 18, 27, 15, 14, 5, 35, 3, 8, 2, 53, 45, 58, 59, 6, 32, 54, 37, 48, 21, 33, 11, 38, 44, 7, 25, 43, 39, 55, 12, 20]
OFV: 400598.0	/ CPU: 872.216 seconds 	/ department sequence: [13, 57, 10, 43, 25, 38, 49, 34, 41, 4, 1, 28, 9, 52, 56, 21, 32, 47, 51, 30, 42, 29, 26, 54, 60, 16, 8, 50, 15, 2, 18, 35, 58, 3, 14, 27, 40, 23, 5, 53, 45, 59, 6, 22, 37, 17, 46, 48, 11, 33, 36, 24, 44, 7, 39, 55, 19, 12, 31, 20]
OFV: 401339.0	/ CPU: 466.853 seconds 	/ department sequence: [43, 25, 34, 41, 4, 1, 28, 38, 9, 48, 56, 52, 32, 47, 30, 59, 51, 26, 42, 29, 54, 60, 15, 14, 18, 8, 35, 16, 58, 27, 45, 2, 53, 50, 3, 5, 40, 23, 37, 17, 46, 6, 21, 11, 22, 49, 33, 24, 36, 44, 7, 39, 10, 55, 57, 19, 12, 31, 13, 20]
OFV: 400955.0	/ CPU: 930.512 seconds 	/ department sequence: [13, 20, 31, 19, 55, 39, 7, 44, 4, 24, 36, 33, 11, 56, 48, 21, 22, 40, 6, 59, 23, 45, 53, 17, 5, 27, 14, 3, 35, 50, 15, 58, 18, 2, 8, 46, 16, 60, 26, 29, 47, 42, 30, 37, 54, 32, 51, 52, 1, 9, 28, 41, 34, 49, 38, 25, 43, 10, 57, 12]
