-- AnKeVa60-4 result
--------------------------------------------
HostNestNum = 15, P_a = 0.0
--------------------------------------------
-- 2019-01-14 02:12 result data
OFV: 497770.0	/ CPU: 65.110 seconds 	/ department sequence: [57, 20, 33, 31, 9, 36, 13, 23, 28, 55, 38, 60, 24, 11, 44, 50, 56, 6, 37, 41, 19, 59, 49, 8, 5, 47, 42, 54, 3, 53, 2, 52, 16, 14, 35, 27, 45, 29, 30, 18, 15, 22, 58, 17, 39, 32, 48, 34, 40, 26, 51, 21, 1, 4, 25, 43, 10, 7, 46, 12]
OFV: 504709.0	/ CPU: 52.144 seconds 	/ department sequence: [7, 4, 1, 9, 49, 58, 47, 38, 29, 11, 12, 30, 41, 48, 26, 46, 25, 54, 8, 2, 15, 45, 60, 53, 34, 59, 42, 18, 3, 17, 35, 16, 14, 50, 32, 5, 40, 23, 27, 6, 21, 44, 43, 22, 37, 52, 51, 39, 10, 57, 13, 56, 31, 24, 19, 33, 55, 28, 36, 20]
OFV: 521758.0	/ CPU: 20.198 seconds 	/ department sequence: [55, 20, 7, 4, 58, 13, 12, 10, 38, 19, 43, 33, 48, 18, 24, 50, 23, 17, 14, 22, 59, 21, 2, 3, 15, 8, 5, 6, 30, 27, 53, 45, 44, 32, 60, 29, 40, 35, 34, 56, 36, 54, 28, 41, 57, 26, 47, 52, 46, 9, 42, 11, 39, 49, 16, 37, 1, 25, 31, 51]
OFV: 525051.0	/ CPU: 22.261 seconds 	/ department sequence: [4, 44, 48, 41, 12, 13, 10, 49, 7, 59, 39, 58, 56, 40, 55, 38, 19, 6, 52, 30, 18, 17, 57, 26, 23, 27, 14, 16, 36, 8, 50, 15, 53, 5, 2, 3, 46, 60, 45, 42, 47, 35, 37, 51, 34, 54, 11, 9, 22, 20, 33, 43, 29, 21, 1, 25, 31, 24, 32, 28]
OFV: 533291.0	/ CPU: 42.552 seconds 	/ department sequence: [4, 47, 34, 20, 48, 13, 1, 16, 25, 10, 26, 14, 58, 56, 23, 38, 15, 42, 53, 51, 57, 32, 44, 27, 43, 35, 22, 29, 50, 28, 2, 60, 3, 54, 5, 49, 21, 8, 45, 6, 18, 40, 52, 30, 33, 39, 59, 37, 55, 17, 7, 11, 24, 36, 19, 9, 12, 31, 41, 46]
OFV: 510993.0	/ CPU: 22.417 seconds 	/ department sequence: [57, 46, 22, 7, 11, 9, 17, 20, 13, 12, 10, 24, 37, 45, 36, 34, 6, 55, 2, 53, 50, 54, 5, 3, 32, 49, 18, 58, 40, 14, 47, 35, 56, 48, 21, 42, 8, 60, 51, 52, 29, 16, 15, 39, 23, 27, 43, 26, 33, 59, 30, 1, 41, 4, 31, 44, 25, 28, 19, 38]
OFV: 497254.0	/ CPU: 29.509 seconds 	/ department sequence: [4, 48, 41, 43, 19, 37, 55, 13, 27, 38, 28, 20, 25, 1, 30, 21, 45, 60, 26, 29, 18, 47, 14, 34, 40, 15, 35, 16, 53, 42, 8, 2, 3, 5, 17, 51, 58, 50, 32, 46, 57, 36, 52, 23, 49, 59, 6, 54, 39, 24, 56, 11, 7, 9, 22, 10, 44, 33, 12, 31]
OFV: 519650.0	/ CPU: 33.726 seconds 	/ department sequence: [39, 7, 53, 33, 13, 56, 6, 46, 32, 43, 25, 21, 11, 26, 5, 9, 15, 8, 27, 57, 44, 30, 38, 18, 28, 2, 35, 3, 16, 17, 29, 47, 60, 58, 40, 14, 45, 50, 59, 49, 52, 55, 48, 36, 42, 51, 23, 54, 37, 1, 22, 41, 24, 4, 31, 10, 34, 20, 12, 19]
OFV: 543510.0	/ CPU: 24.619 seconds 	/ department sequence: [48, 38, 39, 13, 20, 4, 1, 53, 55, 54, 11, 8, 52, 37, 51, 34, 18, 29, 22, 19, 42, 14, 45, 2, 5, 47, 3, 35, 59, 58, 15, 44, 36, 25, 57, 40, 27, 56, 30, 32, 26, 17, 60, 28, 6, 50, 12, 9, 43, 16, 21, 7, 24, 31, 23, 46, 10, 33, 41, 49]
OFV: 527903.0	/ CPU: 29.681 seconds 	/ department sequence: [7, 20, 41, 31, 22, 36, 33, 19, 35, 6, 24, 59, 55, 51, 11, 32, 54, 28, 48, 38, 60, 49, 5, 3, 17, 16, 47, 57, 2, 14, 46, 27, 25, 53, 40, 29, 58, 56, 23, 26, 45, 18, 50, 8, 15, 30, 42, 43, 21, 10, 44, 34, 39, 37, 13, 12, 9, 52, 1, 4]
-- AnKeVa60-4 result
--------------------------------------------
HostNestNum = 15, P_a = 0.0
--------------------------------------------
-- 2019-02-14 16:14 result data
OFV: 404893.0	/ CPU: 405.076 seconds 	/ department sequence: [13, 20, 19, 12, 55, 57, 10, 39, 7, 44, 38, 49, 36, 33, 56, 48, 59, 22, 6, 54, 23, 37, 5, 53, 45, 58, 2, 3, 8, 50, 16, 27, 18, 35, 14, 60, 51, 15, 29, 26, 42, 32, 30, 47, 40, 17, 21, 52, 46, 11, 9, 1, 4, 24, 28, 41, 34, 25, 43, 31]
