-- AnKeVa60-4 result
--------------------------------------------
HostNestNum = 10, P_a = 0.0
--------------------------------------------
-- 2019-01-14 00:57 result data
OFV: 540285.0	/ CPU: 19.073 seconds 	/ department sequence: [22, 13, 10, 42, 20, 41, 34, 32, 31, 1, 37, 36, 55, 17, 54, 51, 46, 28, 15, 26, 60, 30, 29, 33, 8, 19, 18, 25, 14, 3, 2, 5, 57, 45, 52, 50, 59, 43, 35, 16, 56, 53, 58, 27, 21, 47, 9, 6, 7, 24, 12, 23, 39, 48, 11, 38, 49, 4, 44, 40]
OFV: 545287.0	/ CPU: 21.808 seconds 	/ department sequence: [31, 4, 57, 34, 20, 1, 37, 26, 53, 52, 56, 42, 47, 48, 12, 14, 23, 39, 38, 33, 32, 50, 16, 2, 8, 15, 27, 46, 19, 59, 28, 22, 44, 58, 40, 5, 3, 29, 18, 45, 24, 35, 41, 30, 36, 54, 60, 6, 17, 43, 9, 11, 13, 49, 51, 21, 25, 55, 7, 10]
OFV: 522812.0	/ CPU: 36.538 seconds 	/ department sequence: [20, 25, 59, 56, 10, 57, 43, 58, 39, 38, 55, 40, 28, 24, 31, 1, 23, 45, 34, 27, 26, 15, 16, 51, 14, 22, 30, 8, 17, 18, 47, 50, 29, 32, 3, 5, 60, 35, 2, 33, 37, 54, 53, 52, 49, 44, 42, 6, 19, 21, 12, 13, 9, 41, 48, 46, 36, 7, 11, 4]
OFV: 524711.0	/ CPU: 46.583 seconds 	/ department sequence: [4, 22, 52, 20, 25, 1, 37, 23, 24, 57, 51, 40, 6, 16, 34, 19, 55, 54, 14, 30, 46, 47, 11, 18, 28, 5, 3, 60, 2, 15, 50, 8, 26, 33, 17, 27, 53, 29, 36, 38, 35, 59, 42, 21, 44, 45, 9, 13, 58, 56, 7, 43, 39, 41, 32, 49, 48, 12, 10, 31]
OFV: 519343.0	/ CPU: 17.246 seconds 	/ department sequence: [19, 12, 13, 31, 4, 53, 25, 7, 9, 11, 58, 10, 6, 40, 48, 2, 3, 35, 60, 28, 32, 52, 50, 42, 47, 22, 30, 51, 15, 14, 46, 29, 41, 8, 17, 21, 5, 24, 59, 27, 36, 54, 33, 16, 45, 43, 18, 26, 49, 39, 38, 23, 57, 37, 1, 34, 44, 20, 56, 55]
OFV: 521156.0	/ CPU: 38.100 seconds 	/ department sequence: [28, 34, 49, 31, 55, 38, 20, 39, 1, 59, 30, 50, 8, 36, 25, 26, 42, 15, 45, 58, 51, 53, 29, 32, 44, 41, 52, 48, 27, 54, 5, 37, 3, 33, 47, 14, 18, 43, 60, 2, 23, 16, 17, 24, 35, 6, 40, 22, 21, 4, 13, 12, 11, 9, 19, 10, 7, 56, 46, 57]
OFV: 505560.0	/ CPU: 29.150 seconds 	/ department sequence: [56, 31, 4, 21, 38, 36, 33, 25, 1, 53, 24, 29, 48, 12, 17, 40, 42, 60, 32, 51, 30, 45, 47, 59, 26, 15, 14, 3, 57, 28, 52, 27, 35, 8, 16, 2, 5, 37, 41, 58, 23, 9, 49, 34, 6, 18, 54, 43, 46, 44, 19, 39, 50, 10, 7, 11, 22, 13, 20, 55]
OFV: 521234.0	/ CPU: 35.038 seconds 	/ department sequence: [4, 1, 59, 19, 49, 34, 25, 23, 21, 43, 58, 56, 27, 46, 28, 33, 51, 52, 22, 30, 40, 36, 41, 15, 60, 26, 14, 29, 17, 5, 18, 3, 44, 42, 2, 8, 39, 45, 57, 50, 35, 12, 47, 16, 9, 37, 6, 11, 24, 53, 10, 54, 32, 48, 55, 20, 31, 38, 7, 13]
OFV: 541254.0	/ CPU: 17.293 seconds 	/ department sequence: [25, 43, 58, 55, 57, 19, 39, 1, 26, 40, 14, 59, 41, 20, 36, 27, 32, 45, 29, 52, 38, 34, 33, 53, 15, 22, 28, 50, 48, 37, 30, 60, 56, 16, 35, 51, 8, 18, 47, 5, 42, 3, 2, 6, 17, 24, 54, 44, 21, 9, 11, 4, 13, 49, 7, 31, 10, 12, 23, 46]
OFV: 526358.0	/ CPU: 33.305 seconds 	/ department sequence: [28, 12, 20, 31, 13, 10, 7, 58, 36, 8, 11, 59, 50, 39, 32, 55, 9, 54, 57, 33, 14, 3, 2, 47, 45, 49, 42, 34, 5, 27, 40, 24, 60, 22, 29, 15, 52, 26, 30, 16, 56, 17, 19, 18, 23, 37, 51, 6, 21, 25, 53, 35, 1, 38, 44, 46, 43, 41, 48, 4]
-- AnKeVa60-4 result
--------------------------------------------
HostNestNum = 10, P_a = 0.0
--------------------------------------------
-- 2019-02-14 15:30 result data
OFV: 405080.0	/ CPU: 349.228 seconds 	/ department sequence: [20, 55, 43, 25, 38, 4, 41, 44, 1, 48, 56, 21, 52, 32, 59, 40, 30, 14, 47, 42, 26, 15, 29, 27, 51, 45, 8, 35, 60, 54, 18, 16, 3, 53, 2, 50, 58, 5, 23, 37, 6, 17, 46, 9, 11, 33, 36, 49, 28, 24, 22, 34, 7, 39, 10, 57, 19, 12, 31, 13]
