-- AnKeVa60-4 result
--------------------------------------------
HostNestNum = 10, P_a = 0.35
--------------------------------------------
-- 2019-01-14 01:47 result data
OFV: 495233.0	/ CPU: 150.824 seconds 	/ department sequence: [20, 13, 25, 19, 10, 38, 11, 7, 24, 9, 17, 22, 37, 23, 57, 21, 6, 12, 53, 2, 5, 3, 18, 46, 8, 60, 47, 50, 59, 29, 36, 52, 56, 45, 58, 32, 26, 33, 16, 14, 42, 41, 35, 27, 28, 15, 30, 51, 54, 40, 1, 4, 39, 34, 55, 43, 48, 31, 44, 49]
OFV: 533896.0	/ CPU: 75.092 seconds 	/ department sequence: [19, 57, 39, 38, 20, 31, 4, 1, 52, 27, 55, 24, 40, 41, 30, 13, 54, 47, 42, 46, 32, 59, 25, 28, 48, 51, 58, 17, 8, 26, 3, 53, 35, 45, 15, 16, 18, 2, 49, 14, 50, 29, 56, 33, 12, 21, 23, 43, 60, 5, 6, 11, 7, 10, 44, 9, 22, 34, 36, 37]
OFV: 493800.0	/ CPU: 183.410 seconds 	/ department sequence: [44, 19, 12, 20, 22, 57, 7, 10, 24, 55, 6, 49, 53, 39, 31, 34, 46, 37, 42, 52, 38, 27, 30, 54, 26, 51, 41, 16, 59, 8, 5, 2, 45, 3, 15, 60, 48, 14, 40, 18, 36, 58, 50, 35, 47, 29, 23, 17, 21, 11, 9, 28, 32, 33, 1, 4, 13, 43, 25, 56]
OFV: 515645.0	/ CPU: 91.712 seconds 	/ department sequence: [43, 34, 19, 13, 38, 57, 25, 22, 28, 7, 41, 4, 1, 48, 54, 6, 58, 26, 50, 44, 59, 32, 30, 3, 2, 35, 51, 18, 16, 14, 33, 8, 5, 47, 27, 24, 17, 23, 15, 56, 39, 42, 45, 52, 49, 60, 53, 31, 37, 20, 40, 36, 29, 21, 46, 10, 9, 12, 11, 55]
OFV: 510939.0	/ CPU: 171.116 seconds 	/ department sequence: [34, 12, 10, 57, 4, 1, 33, 28, 48, 38, 58, 31, 9, 47, 15, 25, 35, 41, 42, 30, 18, 52, 49, 29, 50, 40, 45, 27, 56, 60, 2, 53, 3, 54, 8, 5, 37, 46, 26, 16, 24, 14, 17, 23, 6, 11, 7, 36, 21, 32, 20, 13, 22, 43, 59, 51, 19, 44, 39, 55]
OFV: 539562.0	/ CPU: 164.102 seconds 	/ department sequence: [48, 37, 44, 54, 31, 55, 4, 7, 32, 6, 39, 23, 29, 11, 17, 5, 3, 53, 58, 46, 51, 57, 19, 40, 30, 21, 60, 27, 16, 14, 18, 2, 8, 41, 47, 49, 35, 33, 42, 9, 56, 15, 52, 13, 22, 45, 50, 24, 43, 38, 59, 20, 28, 26, 1, 25, 36, 34, 10, 12]
OFV: 485374.0	/ CPU: 344.763 seconds 	/ department sequence: [31, 41, 9, 12, 13, 4, 11, 24, 37, 39, 42, 38, 36, 21, 45, 48, 6, 23, 51, 27, 53, 35, 58, 60, 59, 32, 15, 3, 54, 47, 26, 5, 30, 22, 14, 18, 29, 43, 2, 17, 8, 40, 56, 46, 34, 44, 16, 28, 57, 50, 52, 1, 7, 49, 10, 25, 55, 33, 20, 19]
OFV: 538283.0	/ CPU: 120.065 seconds 	/ department sequence: [20, 55, 44, 19, 31, 4, 57, 1, 52, 48, 7, 50, 10, 54, 17, 16, 37, 51, 21, 14, 42, 29, 40, 45, 2, 58, 27, 3, 49, 35, 28, 43, 23, 59, 30, 8, 18, 5, 39, 15, 24, 60, 25, 38, 46, 47, 34, 32, 22, 33, 53, 6, 56, 26, 9, 13, 11, 12, 36, 41]
OFV: 536574.0	/ CPU: 94.447 seconds 	/ department sequence: [22, 38, 25, 45, 7, 1, 54, 49, 46, 27, 36, 17, 57, 23, 34, 44, 29, 31, 47, 56, 5, 18, 26, 58, 15, 53, 51, 59, 35, 3, 2, 30, 8, 24, 6, 14, 60, 40, 48, 42, 32, 16, 50, 28, 21, 41, 55, 52, 9, 4, 13, 20, 37, 19, 10, 12, 11, 33, 43, 39]
OFV: 528938.0	/ CPU: 108.381 seconds 	/ department sequence: [19, 10, 32, 56, 49, 33, 31, 25, 12, 24, 40, 20, 55, 4, 1, 23, 52, 15, 59, 43, 48, 36, 18, 14, 54, 50, 51, 27, 53, 16, 45, 29, 42, 47, 8, 60, 5, 3, 2, 57, 30, 11, 17, 46, 22, 35, 26, 13, 38, 9, 39, 37, 6, 34, 7, 41, 21, 44, 28, 58]
-- AnKeVa60-4 result
--------------------------------------------
HostNestNum = 10, P_a = 0.35
--------------------------------------------
-- 2019-02-14 16:00 result data
OFV: 398706.0	/ CPU: 869.345 seconds 	/ department sequence: [20, 31, 19, 55, 57, 10, 39, 7, 44, 24, 22, 33, 36, 56, 11, 21, 6, 23, 17, 46, 40, 59, 53, 5, 3, 45, 27, 50, 14, 35, 2, 15, 18, 58, 16, 60, 8, 29, 26, 42, 54, 37, 47, 30, 32, 51, 48, 52, 9, 49, 28, 1, 4, 41, 34, 38, 25, 43, 12, 13]
-- AnKeVa60-4 result
--------------------------------------------
HostNestNum = 10, P_a = 0.35
--------------------------------------------
-- 2019-02-23 00:08 result data
OFV: 416266.0	/ CPU: 599.917 seconds 	/ department sequence: [20, 31, 55, 38, 34, 4, 24, 41, 1, 44, 9, 56, 48, 52, 59, 22, 6, 40, 23, 30, 45, 27, 42, 47, 26, 29, 51, 15, 60, 18, 5, 35, 53, 14, 3, 8, 2, 16, 54, 50, 32, 58, 46, 37, 17, 21, 11, 33, 49, 36, 28, 7, 25, 43, 39, 10, 57, 19, 12, 13]
OFV: 399673.0	/ CPU: 925.367 seconds 	/ department sequence: [20, 13, 31, 19, 55, 57, 10, 39, 7, 44, 24, 36, 22, 33, 49, 56, 9, 11, 17, 46, 23, 6, 59, 5, 53, 45, 3, 50, 2, 58, 35, 27, 16, 18, 60, 8, 54, 15, 14, 40, 51, 29, 42, 26, 47, 30, 37, 32, 52, 21, 48, 38, 1, 4, 28, 41, 34, 25, 43, 12]
OFV: 402198.0	/ CPU: 425.190 seconds 	/ department sequence: [13, 12, 43, 57, 10, 25, 38, 49, 34, 41, 28, 9, 1, 52, 21, 17, 47, 46, 32, 30, 51, 29, 26, 42, 50, 8, 60, 16, 2, 18, 15, 35, 3, 14, 27, 58, 54, 37, 5, 53, 45, 23, 40, 6, 59, 22, 48, 56, 11, 33, 36, 24, 4, 44, 7, 39, 55, 19, 31, 20]
OFV: 413461.0	/ CPU: 459.120 seconds 	/ department sequence: [13, 20, 19, 39, 7, 34, 4, 44, 41, 24, 28, 22, 1, 9, 11, 46, 17, 40, 6, 52, 47, 30, 26, 16, 23, 60, 51, 29, 18, 5, 35, 27, 50, 3, 14, 15, 8, 2, 53, 45, 58, 42, 54, 37, 32, 59, 48, 21, 56, 33, 49, 36, 38, 55, 25, 43, 10, 57, 12, 31]
OFV: 412606.0	/ CPU: 375.821 seconds 	/ department sequence: [31, 19, 57, 10, 39, 7, 34, 24, 22, 4, 44, 36, 1, 56, 33, 48, 23, 59, 45, 6, 40, 53, 5, 58, 14, 50, 27, 3, 15, 2, 18, 35, 60, 16, 26, 29, 30, 42, 8, 51, 47, 32, 52, 17, 46, 37, 54, 21, 11, 9, 49, 41, 28, 38, 25, 43, 55, 12, 20, 13]
OFV: 402922.0	/ CPU: 316.891 seconds 	/ department sequence: [43, 25, 34, 41, 4, 1, 38, 49, 9, 11, 21, 52, 48, 32, 51, 30, 47, 40, 42, 54, 26, 29, 60, 46, 8, 2, 15, 16, 18, 35, 58, 50, 27, 14, 3, 45, 37, 5, 53, 17, 6, 59, 23, 56, 33, 22, 36, 28, 24, 44, 7, 10, 39, 57, 55, 19, 12, 31, 20, 13]
OFV: 409777.0	/ CPU: 491.928 seconds 	/ department sequence: [13, 12, 19, 57, 43, 10, 25, 39, 38, 49, 36, 56, 21, 9, 11, 48, 17, 37, 52, 32, 42, 50, 47, 29, 51, 8, 30, 16, 46, 26, 60, 15, 35, 2, 18, 3, 58, 14, 27, 53, 5, 54, 45, 59, 40, 23, 6, 22, 33, 1, 28, 41, 34, 24, 44, 4, 7, 55, 31, 20]
OFV: 402147.0	/ CPU: 1117.995 seconds 	/ department sequence: [20, 13, 19, 55, 43, 25, 34, 41, 4, 1, 28, 38, 48, 52, 22, 59, 32, 30, 14, 26, 40, 47, 27, 51, 42, 29, 15, 16, 8, 60, 35, 18, 54, 58, 3, 5, 2, 53, 45, 50, 37, 6, 46, 23, 17, 21, 11, 9, 56, 33, 49, 36, 44, 24, 7, 39, 10, 57, 12, 31]
OFV: 398835.0	/ CPU: 556.821 seconds 	/ department sequence: [12, 43, 25, 34, 41, 28, 4, 1, 38, 49, 9, 48, 52, 47, 51, 32, 30, 54, 37, 42, 26, 29, 60, 16, 8, 58, 15, 18, 27, 14, 35, 50, 2, 45, 3, 5, 53, 46, 40, 17, 59, 6, 23, 21, 11, 56, 33, 36, 22, 24, 44, 7, 39, 55, 10, 57, 19, 31, 20, 13]
OFV: 401939.0	/ CPU: 460.714 seconds 	/ department sequence: [12, 43, 25, 34, 41, 4, 1, 38, 36, 9, 56, 48, 21, 52, 47, 30, 32, 42, 51, 29, 40, 26, 15, 14, 58, 60, 35, 8, 27, 45, 50, 18, 16, 2, 53, 3, 54, 59, 5, 23, 37, 17, 46, 6, 11, 33, 49, 22, 24, 28, 44, 7, 39, 10, 57, 55, 19, 31, 20, 13]
