-- AnKeVa60-4 result
--------------------------------------------
HostNestNum = 30, P_a = 0.35
--------------------------------------------
-- 2019-01-14 05:27 result data
OFV: 503697.0	/ CPU: 238.944 seconds 	/ department sequence: [25, 28, 36, 24, 31, 1, 37, 56, 26, 55, 45, 33, 54, 38, 42, 58, 23, 46, 35, 32, 60, 30, 50, 52, 51, 14, 16, 8, 48, 3, 2, 17, 15, 5, 21, 18, 40, 27, 29, 49, 39, 53, 43, 59, 6, 47, 7, 44, 4, 10, 57, 12, 13, 11, 9, 19, 20, 22, 41, 34]
OFV: 509118.0	/ CPU: 309.521 seconds 	/ department sequence: [13, 25, 19, 4, 38, 1, 52, 32, 20, 17, 23, 48, 46, 36, 43, 55, 45, 47, 57, 53, 8, 37, 56, 29, 51, 15, 41, 42, 35, 16, 40, 30, 21, 60, 50, 27, 14, 3, 2, 54, 5, 22, 24, 39, 59, 18, 58, 12, 26, 6, 44, 7, 9, 11, 34, 49, 10, 33, 31, 28]
OFV: 510742.0	/ CPU: 195.454 seconds 	/ department sequence: [20, 28, 7, 11, 13, 57, 10, 31, 49, 14, 9, 25, 40, 37, 43, 6, 33, 30, 2, 45, 53, 3, 29, 16, 58, 35, 26, 18, 46, 5, 47, 27, 56, 8, 51, 42, 60, 48, 34, 17, 50, 15, 59, 24, 39, 55, 32, 23, 44, 36, 22, 19, 21, 41, 52, 38, 54, 1, 4, 12]
OFV: 529521.0	/ CPU: 172.631 seconds 	/ department sequence: [55, 33, 52, 20, 31, 19, 36, 46, 7, 6, 14, 51, 40, 49, 43, 8, 34, 38, 44, 18, 57, 59, 60, 22, 32, 3, 5, 2, 53, 16, 50, 47, 29, 27, 45, 17, 25, 35, 23, 56, 58, 41, 12, 26, 15, 30, 54, 37, 28, 21, 42, 1, 11, 9, 4, 10, 13, 39, 24, 48]
OFV: 498049.0	/ CPU: 186.768 seconds 	/ department sequence: [31, 25, 39, 13, 57, 7, 38, 4, 48, 52, 21, 11, 45, 17, 23, 43, 40, 6, 15, 44, 35, 53, 19, 3, 60, 59, 2, 16, 5, 26, 14, 8, 54, 58, 36, 37, 18, 28, 29, 46, 41, 42, 56, 47, 55, 27, 51, 34, 30, 33, 22, 50, 32, 1, 9, 12, 10, 49, 20, 24]
OFV: 508754.0	/ CPU: 303.085 seconds 	/ department sequence: [34, 39, 46, 57, 55, 13, 33, 10, 22, 7, 11, 12, 54, 49, 6, 8, 5, 52, 32, 58, 21, 3, 2, 35, 60, 16, 37, 15, 25, 45, 36, 26, 29, 17, 30, 56, 14, 48, 53, 47, 18, 42, 59, 27, 24, 50, 38, 28, 51, 1, 4, 41, 44, 20, 9, 31, 40, 43, 23, 19]
OFV: 520428.0	/ CPU: 318.191 seconds 	/ department sequence: [55, 57, 13, 20, 22, 49, 10, 31, 7, 34, 38, 4, 44, 1, 32, 6, 40, 33, 16, 26, 24, 2, 14, 3, 50, 8, 15, 5, 42, 56, 17, 59, 45, 60, 18, 35, 52, 30, 36, 53, 46, 19, 51, 48, 41, 9, 11, 37, 54, 21, 23, 43, 27, 39, 47, 58, 29, 28, 12, 25]
OFV: 526066.0	/ CPU: 257.470 seconds 	/ department sequence: [55, 43, 12, 59, 47, 10, 9, 48, 19, 11, 46, 17, 28, 21, 14, 15, 25, 41, 51, 36, 29, 32, 35, 54, 60, 42, 30, 49, 56, 52, 22, 27, 53, 16, 40, 3, 45, 50, 8, 2, 5, 6, 37, 39, 58, 38, 26, 18, 33, 1, 31, 24, 13, 57, 20, 7, 23, 4, 44, 34]
OFV: 490900.0	/ CPU: 555.260 seconds 	/ department sequence: [38, 25, 20, 41, 43, 28, 34, 1, 59, 30, 39, 37, 19, 49, 36, 29, 26, 58, 54, 33, 46, 35, 5, 52, 45, 16, 23, 22, 48, 51, 32, 42, 60, 50, 53, 27, 18, 3, 40, 8, 47, 2, 14, 6, 56, 9, 17, 15, 7, 24, 11, 4, 10, 57, 31, 55, 21, 12, 13, 44]
OFV: 515551.0	/ CPU: 204.889 seconds 	/ department sequence: [13, 44, 31, 7, 10, 39, 20, 51, 56, 59, 12, 41, 29, 33, 23, 19, 9, 6, 11, 48, 50, 5, 46, 3, 27, 53, 60, 35, 17, 45, 2, 38, 49, 18, 24, 22, 26, 43, 54, 52, 21, 14, 16, 47, 8, 58, 42, 15, 30, 32, 28, 36, 25, 40, 37, 1, 4, 55, 57, 34]
-- AnKeVa60-4 result
--------------------------------------------
HostNestNum = 30, P_a = 0.35
--------------------------------------------
-- 2019-02-14 18:30 result data
OFV: 401701.0	/ CPU: 1562.635 seconds 	/ department sequence: [13, 20, 31, 19, 55, 57, 10, 39, 7, 44, 24, 22, 28, 36, 33, 56, 59, 23, 6, 17, 53, 5, 40, 45, 14, 3, 27, 50, 58, 35, 2, 15, 18, 16, 46, 60, 26, 8, 29, 37, 54, 42, 47, 30, 51, 32, 52, 48, 11, 21, 9, 49, 38, 4, 1, 41, 34, 25, 43, 12]
-- AnKeVa60-4 result
--------------------------------------------
HostNestNum = 30, P_a = 0.35
--------------------------------------------
-- 2019-02-23 10:33 result data
OFV: 404366.0	/ CPU: 1073.107 seconds 	/ department sequence: [13, 20, 55, 43, 25, 7, 28, 34, 41, 4, 1, 44, 48, 52, 32, 59, 30, 51, 40, 14, 26, 27, 45, 58, 15, 42, 29, 47, 35, 60, 18, 3, 2, 16, 8, 54, 5, 50, 53, 37, 6, 23, 17, 46, 21, 11, 22, 9, 56, 33, 36, 24, 49, 38, 39, 10, 57, 19, 12, 31]
OFV: 400030.0	/ CPU: 616.611 seconds 	/ department sequence: [13, 57, 10, 43, 25, 38, 34, 49, 28, 41, 4, 1, 9, 52, 56, 48, 32, 51, 30, 47, 42, 26, 29, 60, 54, 16, 8, 46, 50, 18, 2, 15, 35, 3, 14, 58, 45, 27, 53, 5, 59, 23, 17, 37, 40, 22, 6, 21, 11, 36, 33, 24, 44, 7, 39, 55, 19, 12, 31, 20]
OFV: 404311.0	/ CPU: 1289.149 seconds 	/ department sequence: [12, 19, 43, 25, 10, 34, 22, 24, 28, 41, 4, 1, 9, 21, 52, 46, 17, 37, 32, 47, 51, 30, 50, 29, 26, 42, 15, 16, 60, 18, 27, 35, 14, 58, 8, 2, 3, 40, 53, 5, 45, 23, 6, 54, 59, 48, 11, 56, 33, 36, 49, 38, 44, 7, 39, 57, 55, 31, 20, 13]
OFV: 404106.0	/ CPU: 1410.415 seconds 	/ department sequence: [13, 31, 12, 43, 25, 34, 41, 28, 24, 4, 1, 9, 11, 52, 46, 37, 22, 6, 40, 54, 30, 32, 26, 42, 47, 51, 29, 60, 16, 18, 15, 35, 3, 5, 58, 8, 14, 27, 50, 2, 53, 45, 23, 17, 59, 48, 21, 33, 56, 36, 49, 38, 44, 7, 39, 10, 55, 57, 19, 20]
OFV: 401307.0	/ CPU: 1920.666 seconds 	/ department sequence: [13, 12, 57, 10, 43, 25, 38, 34, 49, 41, 4, 1, 28, 21, 52, 48, 51, 32, 37, 42, 30, 47, 29, 26, 54, 60, 16, 8, 18, 15, 50, 2, 35, 3, 14, 27, 58, 5, 53, 45, 59, 40, 23, 6, 22, 17, 46, 56, 9, 11, 33, 36, 24, 44, 7, 39, 55, 19, 31, 20]
OFV: 401688.0	/ CPU: 2114.547 seconds 	/ department sequence: [13, 12, 31, 19, 57, 10, 39, 7, 24, 22, 44, 49, 33, 9, 36, 56, 11, 21, 17, 46, 6, 23, 50, 37, 53, 5, 58, 3, 2, 45, 35, 8, 54, 16, 18, 60, 15, 29, 51, 27, 42, 47, 26, 40, 14, 30, 32, 59, 52, 48, 38, 28, 1, 4, 41, 34, 25, 43, 55, 20]
OFV: 399564.0	/ CPU: 1837.271 seconds 	/ department sequence: [13, 20, 31, 19, 57, 55, 10, 39, 7, 44, 24, 22, 36, 33, 49, 56, 9, 11, 46, 17, 23, 6, 59, 5, 53, 45, 50, 2, 3, 58, 35, 27, 16, 18, 8, 60, 15, 14, 40, 54, 29, 26, 42, 47, 51, 30, 37, 52, 32, 21, 48, 38, 1, 4, 28, 41, 34, 25, 43, 12]
OFV: 404797.0	/ CPU: 2184.036 seconds 	/ department sequence: [12, 19, 43, 25, 34, 41, 4, 1, 28, 24, 22, 9, 11, 46, 21, 52, 37, 17, 47, 30, 32, 26, 42, 51, 29, 50, 15, 16, 60, 35, 18, 8, 2, 14, 27, 3, 58, 54, 40, 5, 53, 6, 45, 23, 59, 48, 56, 33, 36, 49, 38, 44, 7, 39, 10, 57, 55, 31, 20, 13]
OFV: 399609.0	/ CPU: 1943.483 seconds 	/ department sequence: [13, 12, 43, 25, 34, 4, 41, 1, 28, 38, 9, 11, 52, 48, 32, 30, 47, 37, 54, 42, 26, 51, 29, 46, 8, 60, 16, 58, 18, 15, 35, 2, 3, 14, 50, 27, 45, 40, 5, 53, 17, 59, 23, 6, 21, 49, 56, 33, 36, 24, 22, 44, 7, 39, 55, 10, 57, 19, 31, 20]
OFV: 400804.0	/ CPU: 745.125 seconds 	/ department sequence: [13, 12, 43, 57, 10, 25, 34, 38, 41, 4, 1, 49, 9, 21, 52, 48, 32, 51, 30, 47, 29, 42, 37, 26, 54, 50, 60, 8, 16, 15, 58, 18, 2, 35, 27, 14, 3, 45, 5, 46, 53, 17, 23, 40, 59, 6, 56, 22, 11, 33, 36, 24, 28, 44, 7, 39, 55, 19, 31, 20]
