-- HA10 result
--------------------------------------------
HostNestNum = 5, P_a = 0.25
--------------------------------------------
-- 2020-03-23 14:05 result data
OFV: 821.0	/ CPU: 2.083 seconds 	/ department sequence: [20, 13, 14, 16, 9, 17, 19, 10, 3, 2, 4, 7, 1, 6, 8, 5, 18, 12, 11, 15]
OFV: 821.0	/ CPU: 1.327 seconds 	/ department sequence: [9, 12, 18, 10, 3, 2, 7, 4, 1, 6, 8, 5, 11, 19, 14, 16, 17, 15, 13, 20]
OFV: 821.0	/ CPU: 1.566 seconds 	/ department sequence: [1, 12, 18, 5, 8, 6, 4, 7, 3, 2, 9, 10, 20, 17, 13, 11, 15, 14, 16, 19]
OFV: 821.0	/ CPU: 1.524 seconds 	/ department sequence: [19, 14, 12, 15, 11, 16, 9, 18, 17, 10, 3, 2, 7, 4, 1, 6, 8, 5, 13, 20]
OFV: 821.0	/ CPU: 1.294 seconds 	/ department sequence: [16, 17, 15, 14, 1, 13, 11, 5, 8, 6, 4, 7, 2, 3, 9, 10, 18, 12, 20, 19]
OFV: 821.0	/ CPU: 1.207 seconds 	/ department sequence: [15, 12, 18, 17, 1, 19, 20, 5, 8, 6, 4, 7, 2, 3, 9, 10, 11, 13, 14, 16]
OFV: 821.0	/ CPU: 1.250 seconds 	/ department sequence: [15, 18, 9, 20, 16, 10, 3, 2, 7, 4, 1, 6, 8, 5, 12, 14, 19, 17, 11, 13]
OFV: 821.0	/ CPU: 2.124 seconds 	/ department sequence: [1, 12, 20, 5, 8, 6, 4, 7, 2, 3, 9, 10, 18, 15, 11, 16, 19, 17, 13, 14]
OFV: 821.0	/ CPU: 1.285 seconds 	/ department sequence: [9, 15, 13, 10, 3, 2, 4, 7, 1, 6, 8, 5, 14, 19, 12, 18, 20, 11, 16, 17]
OFV: 821.0	/ CPU: 1.454 seconds 	/ department sequence: [19, 14, 12, 15, 1, 11, 16, 5, 8, 6, 4, 7, 3, 2, 9, 10, 20, 17, 18, 13]
-- HA10 result
--------------------------------------------
HostNestNum = 5, P_a = 0.25
--------------------------------------------
-- 2020-03-23 14:09 result data
-- HA10 result
--------------------------------------------
HostNestNum = 5, P_a = 0.25
--------------------------------------------
-- 2020-03-23 14:11 result data
OFV: 821.0	/ CPU: 1.182 seconds 	/ department sequence: [13, 18, 12, 17, 19, 16, 9, 14, 20, 10, 3, 2, 4, 7, 1, 6, 8, 5, 11, 15]
OFV: 821.0	/ CPU: 0.631 seconds 	/ department sequence: [15, 16, 14, 13, 9, 19, 20, 10, 3, 2, 4, 7, 1, 6, 8, 5, 12, 17, 18, 11]
OFV: 821.0	/ CPU: 1.208 seconds 	/ department sequence: [14, 11, 1, 16, 18, 5, 8, 6, 4, 7, 3, 2, 9, 10, 17, 13, 20, 12, 19, 15]
OFV: 821.0	/ CPU: 0.541 seconds 	/ department sequence: [18, 13, 17, 19, 1, 15, 11, 5, 8, 6, 4, 7, 3, 2, 9, 10, 12, 16, 20, 14]
OFV: 821.0	/ CPU: 0.509 seconds 	/ department sequence: [18, 16, 19, 20, 9, 17, 11, 10, 3, 2, 7, 4, 1, 6, 8, 5, 12, 15, 14, 13]
OFV: 847.5	/ CPU: 0.567 seconds 	/ department sequence: [11, 12, 13, 16, 18, 20, 10, 17, 19, 14, 2, 6, 5, 8, 4, 3, 7, 1, 9, 15]
OFV: 838.0	/ CPU: 0.640 seconds 	/ department sequence: [20, 11, 14, 19, 10, 18, 15, 2, 6, 4, 5, 8, 7, 3, 1, 9, 13, 16, 12, 17]
OFV: 821.0	/ CPU: 1.306 seconds 	/ department sequence: [13, 11, 14, 19, 12, 9, 20, 10, 3, 2, 4, 7, 1, 6, 8, 5, 16, 15, 17, 18]
OFV: 821.0	/ CPU: 0.520 seconds 	/ department sequence: [11, 14, 15, 19, 13, 1, 20, 5, 8, 6, 4, 7, 2, 3, 9, 10, 12, 16, 17, 18]
OFV: 821.0	/ CPU: 0.811 seconds 	/ department sequence: [19, 16, 15, 20, 18, 1, 12, 5, 8, 6, 4, 7, 2, 3, 9, 10, 14, 17, 13, 11]
-- HA10 result
--------------------------------------------
HostNestNum = 5, P_a = 0.25
--------------------------------------------
-- 2020-03-23 14:15 result data
OFV: 882.0	/ CPU: 0.856 seconds 	/ department sequence: [18, 15, 10, 17, 12, 20, 13, 2, 16, 6, 4, 14, 5, 8, 7, 3, 1, 11, 9, 19]
OFV: 859.0	/ CPU: 0.790 seconds 	/ department sequence: [19, 12, 1, 17, 16, 5, 8, 7, 3, 4, 6, 2, 9, 10, 14, 18, 15, 13, 11, 20]
OFV: 837.0	/ CPU: 0.671 seconds 	/ department sequence: [12, 11, 16, 18, 1, 14, 5, 8, 6, 7, 3, 4, 2, 9, 10, 13, 15, 17, 19, 20]
OFV: 903.5	/ CPU: 0.608 seconds 	/ department sequence: [20, 16, 11, 1, 15, 12, 10, 6, 2, 8, 5, 7, 4, 9, 3, 17, 13, 18, 19, 14]
OFV: 871.5	/ CPU: 0.911 seconds 	/ department sequence: [20, 16, 9, 10, 2, 14, 4, 3, 7, 1, 18, 6, 8, 13, 5, 11, 12, 15, 17, 19]
OFV: 860.5	/ CPU: 0.739 seconds 	/ department sequence: [15, 14, 12, 17, 13, 1, 16, 20, 9, 3, 10, 7, 2, 6, 4, 8, 5, 19, 18, 11]
OFV: 905.0	/ CPU: 0.578 seconds 	/ department sequence: [20, 17, 14, 1, 11, 5, 8, 9, 3, 15, 19, 7, 4, 6, 2, 10, 18, 12, 13, 16]
OFV: 838.0	/ CPU: 0.622 seconds 	/ department sequence: [16, 17, 14, 13, 12, 20, 15, 11, 10, 18, 19, 2, 6, 4, 5, 8, 7, 3, 1, 9]
OFV: 821.0	/ CPU: 1.108 seconds 	/ department sequence: [18, 16, 11, 14, 19, 17, 13, 9, 20, 10, 3, 2, 4, 7, 1, 6, 8, 5, 15, 12]
OFV: 885.0	/ CPU: 0.447 seconds 	/ department sequence: [15, 19, 12, 20, 10, 13, 16, 2, 6, 4, 18, 11, 5, 8, 7, 3, 17, 14, 1, 9]
-- HA10 result
--------------------------------------------
HostNestNum = 5, P_a = 0.25
--------------------------------------------
-- 2020-03-23 14:22 result data
-- HA10 result
--------------------------------------------
HostNestNum = 5, P_a = 0.25
--------------------------------------------
-- 2020-03-23 14:24 result data
OFV: 855.0	/ CPU: 1.180 seconds 	/ department sequence: [18, 17, 1, 14, 16, 12, 5, 11, 8, 6, 7, 3, 4, 2, 9, 10, 19, 15, 20, 13]
OFV: 857.5	/ CPU: 0.476 seconds 	/ department sequence: [12, 16, 4, 20, 10, 2, 7, 9, 3, 1, 6, 8, 5, 19, 13, 17, 18, 15, 14, 11]
OFV: 821.0	/ CPU: 0.605 seconds 	/ department sequence: [13, 12, 1, 17, 15, 5, 8, 6, 4, 7, 2, 3, 9, 10, 18, 16, 11, 20, 14, 19]
OFV: 869.0	/ CPU: 0.487 seconds 	/ department sequence: [16, 18, 1, 19, 13, 14, 9, 3, 8, 7, 5, 4, 2, 10, 17, 6, 11, 20, 15, 12]
OFV: 849.5	/ CPU: 0.566 seconds 	/ department sequence: [19, 12, 11, 17, 20, 13, 18, 1, 15, 16, 9, 3, 7, 8, 5, 4, 6, 10, 2, 14]
OFV: 838.0	/ CPU: 0.713 seconds 	/ department sequence: [17, 13, 11, 19, 1, 15, 18, 9, 3, 8, 7, 5, 4, 6, 10, 2, 12, 14, 20, 16]
OFV: 904.0	/ CPU: 0.492 seconds 	/ department sequence: [12, 17, 19, 9, 1, 3, 4, 7, 10, 2, 14, 8, 6, 20, 5, 18, 16, 13, 11, 15]
OFV: 895.0	/ CPU: 0.475 seconds 	/ department sequence: [12, 11, 5, 8, 1, 4, 7, 6, 10, 2, 9, 3, 20, 17, 19, 14, 16, 18, 13, 15]
OFV: 887.0	/ CPU: 0.443 seconds 	/ department sequence: [11, 13, 12, 5, 4, 14, 18, 10, 2, 17, 6, 8, 7, 3, 1, 9, 16, 15, 20, 19]
OFV: 906.5	/ CPU: 0.417 seconds 	/ department sequence: [20, 17, 16, 14, 9, 11, 15, 18, 10, 2, 19, 13, 3, 4, 7, 5, 1, 8, 6, 12]
-- HA10 result
--------------------------------------------
HostNestNum = 5, P_a = 0.25
--------------------------------------------
-- 2020-03-23 15:02 result data
OFV: 821.0	/ CPU: 0.872 seconds 	/ department sequence: [18, 19, 9, 13, 16, 10, 3, 2, 7, 4, 1, 6, 8, 5, 17, 15, 12, 11, 14, 20]
OFV: 821.0	/ CPU: 0.892 seconds 	/ department sequence: [11, 14, 9, 17, 19, 10, 3, 2, 4, 7, 1, 6, 8, 5, 20, 18, 12, 15, 13, 16]
OFV: 821.0	/ CPU: 0.662 seconds 	/ department sequence: [12, 11, 9, 20, 18, 10, 3, 2, 7, 4, 1, 6, 8, 5, 13, 16, 14, 19, 15, 17]
OFV: 838.0	/ CPU: 0.484 seconds 	/ department sequence: [17, 1, 12, 5, 15, 8, 6, 4, 7, 3, 2, 9, 13, 10, 19, 18, 20, 14, 16, 11]
OFV: 863.0	/ CPU: 0.628 seconds 	/ department sequence: [17, 13, 11, 14, 15, 20, 1, 19, 18, 16, 9, 3, 8, 7, 6, 2, 4, 10, 5, 12]
OFV: 904.0	/ CPU: 0.492 seconds 	/ department sequence: [12, 14, 13, 10, 20, 9, 2, 15, 4, 16, 19, 18, 3, 7, 1, 6, 8, 5, 11, 17]
OFV: 821.0	/ CPU: 0.492 seconds 	/ department sequence: [13, 16, 1, 11, 17, 5, 8, 6, 4, 7, 2, 3, 9, 10, 14, 20, 15, 12, 19, 18]
OFV: 821.0	/ CPU: 0.545 seconds 	/ department sequence: [14, 20, 15, 19, 18, 17, 1, 16, 11, 5, 8, 6, 4, 7, 3, 2, 9, 10, 12, 13]
OFV: 821.0	/ CPU: 1.085 seconds 	/ department sequence: [13, 14, 12, 19, 9, 11, 20, 10, 3, 2, 4, 7, 1, 6, 8, 5, 15, 18, 16, 17]
OFV: 821.0	/ CPU: 0.769 seconds 	/ department sequence: [14, 17, 20, 13, 1, 18, 19, 5, 8, 6, 4, 7, 3, 2, 9, 10, 15, 11, 12, 16]
-- HA10 result
--------------------------------------------
HostNestNum = 5, P_a = 0.25
--------------------------------------------
-- 2020-03-23 15:12 result data
OFV: 821.0	/ CPU: 1.365 seconds 	/ department sequence: [19, 16, 17, 11, 14, 1, 18, 5, 8, 6, 4, 7, 3, 2, 9, 10, 13, 20, 12, 15]
OFV: 821.0	/ CPU: 1.232 seconds 	/ department sequence: [15, 13, 16, 17, 14, 1, 12, 5, 8, 6, 4, 7, 2, 3, 9, 10, 11, 18, 20, 19]
OFV: 821.0	/ CPU: 1.028 seconds 	/ department sequence: [13, 19, 16, 20, 11, 12, 15, 9, 18, 10, 3, 2, 7, 4, 1, 6, 8, 5, 17, 14]
OFV: 821.0	/ CPU: 1.569 seconds 	/ department sequence: [19, 16, 17, 11, 20, 13, 9, 12, 14, 10, 3, 2, 4, 7, 1, 6, 8, 5, 15, 18]
OFV: 821.0	/ CPU: 0.957 seconds 	/ department sequence: [20, 17, 14, 15, 16, 12, 1, 19, 11, 5, 8, 6, 4, 7, 3, 2, 9, 10, 18, 13]
OFV: 860.5	/ CPU: 0.954 seconds 	/ department sequence: [18, 12, 11, 17, 16, 15, 5, 13, 8, 4, 2, 6, 10, 7, 3, 1, 9, 20, 14, 19]
OFV: 838.0	/ CPU: 0.952 seconds 	/ department sequence: [11, 16, 20, 13, 14, 10, 18, 2, 6, 4, 5, 8, 7, 3, 1, 9, 19, 15, 17, 12]
OFV: 821.0	/ CPU: 1.208 seconds 	/ department sequence: [15, 14, 12, 16, 19, 9, 13, 10, 3, 2, 4, 7, 1, 6, 8, 5, 11, 20, 18, 17]
OFV: 821.0	/ CPU: 1.007 seconds 	/ department sequence: [13, 15, 18, 19, 9, 14, 11, 10, 3, 2, 4, 7, 1, 6, 8, 5, 16, 12, 20, 17]
OFV: 838.0	/ CPU: 1.073 seconds 	/ department sequence: [14, 16, 13, 1, 18, 9, 3, 8, 7, 4, 5, 6, 10, 2, 15, 12, 19, 20, 17, 11]
-- HA10 result
--------------------------------------------
HostNestNum = 5, P_a = 0.25
--------------------------------------------
-- 2020-03-23 15:13 result data
OFV: 821.0	/ CPU: 1.435 seconds 	/ department sequence: [16, 11, 1, 17, 12, 5, 8, 6, 4, 7, 3, 2, 9, 10, 13, 15, 14, 19, 18, 20]
OFV: 821.0	/ CPU: 1.337 seconds 	/ department sequence: [11, 18, 15, 1, 14, 5, 8, 6, 4, 7, 3, 2, 9, 10, 17, 13, 20, 16, 12, 19]
OFV: 838.0	/ CPU: 0.911 seconds 	/ department sequence: [12, 15, 11, 20, 13, 1, 16, 9, 3, 8, 7, 4, 5, 6, 10, 2, 14, 18, 19, 17]
OFV: 821.0	/ CPU: 0.936 seconds 	/ department sequence: [19, 14, 15, 13, 12, 9, 16, 10, 3, 2, 7, 4, 1, 6, 8, 5, 11, 18, 17, 20]
OFV: 821.0	/ CPU: 1.018 seconds 	/ department sequence: [20, 18, 15, 11, 1, 13, 16, 5, 8, 6, 4, 7, 2, 3, 9, 10, 14, 19, 12, 17]
OFV: 838.0	/ CPU: 0.895 seconds 	/ department sequence: [12, 19, 18, 1, 17, 9, 3, 8, 7, 5, 4, 6, 10, 2, 15, 20, 14, 16, 11, 13]
OFV: 860.5	/ CPU: 1.329 seconds 	/ department sequence: [15, 16, 17, 18, 12, 5, 8, 4, 2, 6, 10, 7, 3, 1, 9, 20, 13, 14, 11, 19]
OFV: 838.0	/ CPU: 1.161 seconds 	/ department sequence: [14, 20, 19, 10, 17, 2, 6, 4, 5, 8, 7, 3, 1, 9, 11, 16, 13, 15, 12, 18]
OFV: 838.0	/ CPU: 1.031 seconds 	/ department sequence: [19, 20, 18, 12, 13, 1, 17, 9, 3, 8, 7, 5, 4, 6, 10, 2, 15, 14, 11, 16]
OFV: 821.0	/ CPU: 1.185 seconds 	/ department sequence: [15, 16, 14, 20, 19, 17, 9, 13, 12, 10, 3, 2, 4, 7, 1, 6, 8, 5, 18, 11]
-- HA10 result
--------------------------------------------
HostNestNum = 5, P_a = 0.25
--------------------------------------------
-- 2020-03-23 15:15 result data
OFV: 821.0	/ CPU: 1.497 seconds 	/ department sequence: [18, 14, 19, 12, 13, 11, 15, 16, 20, 1, 17, 5, 8, 6, 4, 7, 3, 2, 9, 10]
OFV: 838.0	/ CPU: 1.357 seconds 	/ department sequence: [15, 1, 14, 9, 3, 8, 7, 4, 5, 6, 10, 2, 19, 18, 12, 17, 11, 16, 13, 20]
OFV: 821.0	/ CPU: 1.193 seconds 	/ department sequence: [20, 12, 19, 17, 18, 1, 11, 5, 8, 6, 4, 7, 2, 3, 9, 10, 15, 13, 16, 14]
OFV: 857.0	/ CPU: 1.716 seconds 	/ department sequence: [15, 13, 10, 9, 2, 3, 4, 1, 7, 6, 11, 8, 5, 12, 18, 16, 14, 17, 20, 19]
OFV: 838.0	/ CPU: 1.238 seconds 	/ department sequence: [20, 14, 11, 16, 13, 1, 19, 9, 3, 8, 7, 5, 4, 6, 10, 2, 18, 17, 12, 15]
OFV: 838.0	/ CPU: 1.174 seconds 	/ department sequence: [10, 16, 17, 2, 6, 4, 5, 7, 8, 3, 1, 9, 14, 13, 15, 20, 12, 19, 18, 11]
OFV: 821.0	/ CPU: 1.497 seconds 	/ department sequence: [15, 13, 14, 19, 16, 1, 20, 5, 8, 6, 4, 7, 3, 2, 9, 10, 17, 12, 18, 11]
OFV: 838.0	/ CPU: 1.718 seconds 	/ department sequence: [15, 18, 1, 14, 11, 9, 3, 8, 7, 4, 5, 6, 10, 2, 17, 20, 16, 19, 13, 12]
OFV: 821.0	/ CPU: 1.247 seconds 	/ department sequence: [17, 16, 20, 19, 18, 14, 9, 11, 12, 10, 3, 2, 4, 7, 1, 6, 8, 5, 13, 15]
OFV: 843.0	/ CPU: 1.497 seconds 	/ department sequence: [16, 12, 11, 18, 13, 17, 15, 10, 2, 6, 4, 5, 8, 7, 3, 1, 9, 19, 20, 14]
-- HA10 result
--------------------------------------------
HostNestNum = 5, P_a = 0.25
--------------------------------------------
-- 2020-03-23 15:20 result data
OFV: 821.0	/ CPU: 1.716 seconds 	/ department sequence: [19, 18, 20, 16, 9, 15, 14, 10, 3, 2, 4, 7, 1, 6, 8, 5, 13, 17, 11, 12]
OFV: 821.0	/ CPU: 1.698 seconds 	/ department sequence: [12, 20, 14, 1, 15, 5, 8, 6, 4, 7, 3, 2, 9, 10, 11, 13, 17, 16, 19, 18]
OFV: 821.0	/ CPU: 1.486 seconds 	/ department sequence: [18, 20, 14, 12, 16, 15, 9, 19, 11, 10, 3, 2, 4, 7, 1, 6, 8, 5, 13, 17]
OFV: 821.0	/ CPU: 1.413 seconds 	/ department sequence: [11, 15, 16, 19, 14, 13, 20, 9, 17, 10, 3, 2, 7, 4, 1, 6, 8, 5, 18, 12]
OFV: 821.0	/ CPU: 1.649 seconds 	/ department sequence: [19, 16, 1, 20, 11, 5, 8, 6, 4, 7, 2, 3, 9, 10, 12, 14, 17, 15, 13, 18]
OFV: 821.0	/ CPU: 1.300 seconds 	/ department sequence: [17, 14, 15, 13, 11, 1, 19, 5, 8, 6, 4, 7, 3, 2, 9, 10, 12, 16, 20, 18]
OFV: 821.0	/ CPU: 1.423 seconds 	/ department sequence: [17, 19, 20, 11, 15, 12, 16, 1, 14, 5, 8, 6, 4, 7, 3, 2, 9, 10, 18, 13]
OFV: 821.0	/ CPU: 1.387 seconds 	/ department sequence: [9, 13, 14, 10, 3, 2, 4, 7, 1, 6, 8, 5, 18, 19, 11, 20, 15, 17, 12, 16]
OFV: 821.0	/ CPU: 1.837 seconds 	/ department sequence: [20, 12, 15, 11, 13, 17, 1, 14, 18, 5, 8, 6, 4, 7, 3, 2, 9, 10, 19, 16]
OFV: 821.0	/ CPU: 1.360 seconds 	/ department sequence: [16, 15, 19, 14, 13, 18, 12, 9, 17, 10, 3, 2, 7, 4, 1, 6, 8, 5, 20, 11]
-- HA10 result
--------------------------------------------
HostNestNum = 5, P_a = 0.25
--------------------------------------------
-- 2020-03-23 15:24 result data
OFV: 821.0	/ CPU: 0.877 seconds 	/ department sequence: [12, 20, 11, 19, 15, 18, 13, 17, 9, 14, 16, 10, 3, 2, 4, 7, 1, 6, 8, 5]
OFV: 860.0	/ CPU: 0.971 seconds 	/ department sequence: [15, 18, 13, 17, 16, 12, 19, 20, 4, 14, 11, 10, 2, 9, 7, 3, 1, 6, 8, 5]
OFV: 867.0	/ CPU: 0.807 seconds 	/ department sequence: [20, 18, 19, 1, 9, 3, 13, 8, 7, 5, 14, 4, 6, 10, 2, 15, 16, 12, 11, 17]
OFV: 821.0	/ CPU: 0.820 seconds 	/ department sequence: [18, 20, 17, 16, 14, 19, 15, 9, 13, 10, 3, 2, 4, 7, 1, 6, 8, 5, 12, 11]
OFV: 857.5	/ CPU: 0.550 seconds 	/ department sequence: [13, 18, 19, 9, 10, 17, 3, 2, 7, 4, 6, 1, 8, 5, 20, 15, 16, 11, 12, 14]
OFV: 878.5	/ CPU: 0.487 seconds 	/ department sequence: [18, 19, 10, 20, 11, 15, 16, 17, 2, 6, 14, 4, 13, 7, 5, 8, 3, 1, 9, 12]
OFV: 838.0	/ CPU: 0.986 seconds 	/ department sequence: [17, 12, 14, 1, 11, 9, 3, 8, 7, 4, 5, 6, 10, 2, 20, 19, 16, 18, 15, 13]
OFV: 821.0	/ CPU: 0.687 seconds 	/ department sequence: [12, 11, 19, 1, 16, 5, 8, 6, 4, 7, 3, 2, 9, 10, 13, 14, 20, 18, 15, 17]
OFV: 873.0	/ CPU: 0.477 seconds 	/ department sequence: [19, 17, 14, 9, 10, 2, 4, 3, 7, 6, 20, 1, 8, 5, 15, 11, 16, 13, 18, 12]
OFV: 821.0	/ CPU: 0.496 seconds 	/ department sequence: [12, 14, 17, 19, 11, 18, 1, 20, 15, 5, 8, 6, 4, 7, 3, 2, 9, 10, 16, 13]
-- HA10 result
--------------------------------------------
HostNestNum = 5, P_a = 0.25
--------------------------------------------
-- 2020-03-23 15:27 result data
OFV: 838.0	/ CPU: 1.256 seconds 	/ department sequence: [20, 17, 10, 16, 14, 2, 6, 4, 5, 8, 7, 3, 1, 9, 12, 15, 19, 18, 11, 13]
OFV: 860.5	/ CPU: 1.993 seconds 	/ department sequence: [20, 19, 12, 16, 11, 13, 14, 5, 8, 4, 2, 6, 10, 7, 3, 1, 9, 18, 15, 17]
OFV: 838.0	/ CPU: 1.452 seconds 	/ department sequence: [12, 17, 11, 16, 14, 20, 10, 18, 19, 2, 6, 4, 5, 8, 7, 3, 1, 9, 13, 15]
OFV: 821.0	/ CPU: 1.002 seconds 	/ department sequence: [11, 20, 14, 9, 19, 10, 3, 2, 4, 7, 1, 6, 8, 5, 17, 15, 16, 13, 18, 12]
OFV: 838.0	/ CPU: 0.983 seconds 	/ department sequence: [18, 13, 14, 17, 16, 15, 10, 20, 12, 2, 6, 4, 5, 8, 7, 3, 1, 9, 11, 19]
OFV: 860.5	/ CPU: 0.907 seconds 	/ department sequence: [11, 20, 18, 13, 17, 12, 14, 5, 8, 4, 2, 6, 10, 7, 3, 1, 9, 19, 15, 16]
OFV: 860.0	/ CPU: 1.021 seconds 	/ department sequence: [1, 15, 20, 18, 12, 13, 11, 5, 8, 4, 7, 6, 3, 2, 9, 10, 16, 14, 17, 19]
OFV: 860.5	/ CPU: 0.872 seconds 	/ department sequence: [20, 1, 14, 18, 9, 3, 10, 7, 2, 6, 4, 8, 5, 13, 12, 15, 17, 11, 16, 19]
OFV: 821.0	/ CPU: 1.016 seconds 	/ department sequence: [12, 18, 16, 14, 13, 11, 9, 17, 19, 10, 3, 2, 4, 7, 1, 6, 8, 5, 20, 15]
OFV: 821.0	/ CPU: 0.932 seconds 	/ department sequence: [11, 19, 17, 12, 20, 14, 18, 9, 16, 10, 3, 2, 4, 7, 1, 6, 8, 5, 15, 13]
-- HA10 result
--------------------------------------------
HostNestNum = 5, P_a = 0.25
--------------------------------------------
-- 2020-03-23 15:29 result data
OFV: 821.0	/ CPU: 1.554 seconds 	/ department sequence: [14, 16, 18, 1, 13, 5, 8, 6, 4, 7, 3, 2, 9, 10, 12, 15, 20, 17, 11, 19]
OFV: 821.0	/ CPU: 1.622 seconds 	/ department sequence: [1, 16, 20, 5, 8, 6, 4, 7, 3, 2, 9, 10, 13, 15, 17, 18, 14, 11, 19, 12]
OFV: 821.0	/ CPU: 2.361 seconds 	/ department sequence: [15, 19, 20, 17, 13, 12, 14, 9, 18, 10, 3, 2, 4, 7, 1, 6, 8, 5, 16, 11]
OFV: 838.0	/ CPU: 1.163 seconds 	/ department sequence: [15, 16, 20, 19, 12, 18, 10, 14, 13, 2, 6, 4, 5, 7, 8, 3, 1, 9, 11, 17]
OFV: 838.0	/ CPU: 1.910 seconds 	/ department sequence: [12, 11, 16, 1, 17, 9, 3, 8, 7, 4, 5, 6, 10, 2, 20, 15, 18, 19, 14, 13]
OFV: 838.0	/ CPU: 1.745 seconds 	/ department sequence: [11, 10, 17, 2, 6, 4, 5, 8, 7, 3, 1, 9, 15, 20, 13, 19, 18, 14, 12, 16]
OFV: 821.0	/ CPU: 1.336 seconds 	/ department sequence: [17, 14, 13, 1, 16, 5, 8, 6, 4, 7, 3, 2, 9, 10, 18, 20, 11, 15, 12, 19]
OFV: 838.0	/ CPU: 1.309 seconds 	/ department sequence: [12, 10, 19, 2, 6, 4, 5, 8, 7, 3, 1, 9, 20, 17, 16, 18, 15, 14, 11, 13]
OFV: 838.0	/ CPU: 1.252 seconds 	/ department sequence: [19, 18, 10, 12, 16, 2, 6, 4, 5, 8, 7, 3, 1, 9, 15, 17, 14, 20, 13, 11]
OFV: 838.0	/ CPU: 1.279 seconds 	/ department sequence: [15, 11, 14, 20, 10, 17, 13, 2, 6, 4, 5, 8, 7, 3, 1, 9, 19, 12, 16, 18]
-- HA10 result
--------------------------------------------
HostNestNum = 5, P_a = 0.25
--------------------------------------------
-- 2020-03-23 15:31 result data
OFV: 821.0	/ CPU: 1.890 seconds 	/ department sequence: [20, 14, 11, 15, 13, 16, 1, 12, 17, 5, 8, 6, 4, 7, 3, 2, 9, 10, 19, 18]
OFV: 821.0	/ CPU: 1.750 seconds 	/ department sequence: [19, 13, 20, 12, 15, 9, 14, 10, 3, 2, 4, 7, 1, 6, 8, 5, 16, 18, 17, 11]
OFV: 821.0	/ CPU: 1.255 seconds 	/ department sequence: [11, 19, 13, 12, 20, 15, 17, 16, 9, 18, 14, 10, 3, 2, 4, 7, 1, 6, 8, 5]
OFV: 821.0	/ CPU: 1.091 seconds 	/ department sequence: [12, 13, 9, 11, 20, 10, 3, 2, 4, 7, 1, 6, 8, 5, 17, 18, 15, 14, 19, 16]
OFV: 821.0	/ CPU: 1.624 seconds 	/ department sequence: [14, 17, 18, 15, 13, 19, 9, 11, 20, 10, 3, 2, 4, 7, 1, 6, 8, 5, 16, 12]
OFV: 821.0	/ CPU: 1.241 seconds 	/ department sequence: [12, 18, 17, 14, 11, 20, 13, 9, 16, 10, 3, 2, 4, 7, 1, 6, 8, 5, 15, 19]
OFV: 821.0	/ CPU: 1.247 seconds 	/ department sequence: [15, 20, 17, 12, 14, 19, 9, 13, 16, 10, 3, 2, 4, 7, 1, 6, 8, 5, 11, 18]
OFV: 821.0	/ CPU: 1.264 seconds 	/ department sequence: [9, 20, 12, 10, 3, 2, 4, 7, 1, 6, 8, 5, 19, 18, 13, 14, 15, 17, 16, 11]
OFV: 821.0	/ CPU: 1.183 seconds 	/ department sequence: [20, 13, 14, 18, 12, 11, 19, 15, 16, 1, 17, 5, 8, 6, 4, 7, 2, 3, 9, 10]
OFV: 821.0	/ CPU: 1.198 seconds 	/ department sequence: [18, 15, 16, 14, 9, 17, 12, 10, 3, 2, 7, 4, 1, 6, 8, 5, 11, 19, 13, 20]
-- HA10 result
--------------------------------------------
HostNestNum = 5, P_a = 0.25
--------------------------------------------
-- 2020-06-09 19:13 result data
OFV: 821.0	/ CPU: 2.899 seconds 	/ department sequence: [10, 9, 3, 2, 7, 4, 1, 6, 8, 5]
OFV: 821.0	/ CPU: 3.637 seconds 	/ department sequence: [9, 10, 3, 2, 4, 7, 1, 6, 8, 5]
OFV: 821.0	/ CPU: 3.355 seconds 	/ department sequence: [5, 1, 8, 6, 4, 7, 2, 3, 9, 10]
OFV: 821.0	/ CPU: 3.710 seconds 	/ department sequence: [1, 5, 8, 6, 4, 7, 3, 2, 9, 10]
OFV: 821.0	/ CPU: 3.667 seconds 	/ department sequence: [5, 1, 8, 6, 4, 7, 2, 3, 9, 10]
-- HA10 result
--------------------------------------------
HostNestNum = 5, P_a = 0.25
--------------------------------------------
-- 2020-06-09 19:14 result data
OFV: 821.0	/ CPU: 3.609 seconds 	/ department sequence: [1, 5, 8, 6, 4, 7, 3, 2, 9, 10]
OFV: 821.0	/ CPU: 2.919 seconds 	/ department sequence: [9, 10, 3, 2, 7, 4, 1, 6, 8, 5]
OFV: 821.0	/ CPU: 2.934 seconds 	/ department sequence: [1, 5, 8, 6, 4, 7, 3, 2, 9, 10]
OFV: 821.0	/ CPU: 2.460 seconds 	/ department sequence: [1, 5, 8, 6, 4, 7, 3, 2, 9, 10]
OFV: 821.0	/ CPU: 2.571 seconds 	/ department sequence: [9, 10, 3, 2, 7, 4, 1, 6, 8, 5]
-- HA10 result
--------------------------------------------
HostNestNum = 5, P_a = 0.25
--------------------------------------------
-- 2020-06-09 19:14 result data
OFV: 821.0	/ CPU: 3.625 seconds 	/ department sequence: [9, 10, 3, 2, 7, 4, 1, 6, 8, 5]
OFV: 821.0	/ CPU: 3.444 seconds 	/ department sequence: [1, 5, 8, 6, 4, 7, 3, 2, 9, 10]
OFV: 821.0	/ CPU: 3.799 seconds 	/ department sequence: [1, 5, 8, 6, 4, 7, 3, 2, 9, 10]
OFV: 821.0	/ CPU: 3.640 seconds 	/ department sequence: [5, 1, 8, 6, 4, 7, 3, 2, 10, 9]
OFV: 821.0	/ CPU: 3.703 seconds 	/ department sequence: [9, 10, 3, 2, 4, 7, 1, 6, 8, 5]
-- HA10 result
--------------------------------------------
HostNestNum = 5, P_a = 0.25
--------------------------------------------
-- 2020-06-09 19:14 result data
OFV: 821.0	/ CPU: 4.611 seconds 	/ department sequence: [5, 1, 8, 6, 4, 7, 2, 3, 9, 10]
OFV: 821.0	/ CPU: 4.612 seconds 	/ department sequence: [10, 9, 3, 2, 7, 4, 1, 6, 8, 5]
OFV: 821.0	/ CPU: 4.397 seconds 	/ department sequence: [10, 9, 3, 2, 7, 4, 1, 6, 8, 5]
OFV: 821.0	/ CPU: 5.013 seconds 	/ department sequence: [5, 1, 8, 6, 4, 7, 3, 2, 10, 9]
OFV: 821.0	/ CPU: 5.208 seconds 	/ department sequence: [10, 9, 3, 2, 7, 4, 1, 6, 8, 5]
-- HA10 result
--------------------------------------------
HostNestNum = 5, P_a = 0.25
--------------------------------------------
-- 2020-06-09 19:53 result data
OFV: 821.0	/ CPU: 5.145 seconds 	/ department sequence: [1, 5, 8, 6, 4, 7, 3, 2, 9, 10]
-- HA10 result
--------------------------------------------
HostNestNum = 5, P_a = 0.25
--------------------------------------------
-- 2020-06-09 19:53 result data
OFV: 821.0	/ CPU: 3.355 seconds 	/ department sequence: [1, 5, 8, 6, 4, 7, 3, 2, 9, 10]
-- HA10 result
--------------------------------------------
HostNestNum = 5, P_a = 0.25
--------------------------------------------
-- 2020-06-09 19:53 result data
OFV: 821.0	/ CPU: 3.624 seconds 	/ department sequence: [9, 10, 3, 2, 4, 7, 1, 6, 8, 5]
-- HA10 result
--------------------------------------------
HostNestNum = 5, P_a = 0.25
--------------------------------------------
-- 2020-06-09 19:53 result data
OFV: 821.0	/ CPU: 6.002 seconds 	/ department sequence: [1, 5, 8, 6, 4, 7, 3, 2, 9, 10]
