-- Small10-9 result
--------------------------------------------
HostNestNum = 5, P_a = 0.25
--------------------------------------------
-- 2020-06-10 16:40 result data
OFV: 929.5	/ CPU: 2.164 seconds 	/ department sequence: [3, 9, 1, 6, 4, 8, 2, 5, 10, 7]
OFV: 929.5	/ CPU: 2.516 seconds 	/ department sequence: [9, 3, 1, 6, 4, 8, 2, 5, 10, 7]
OFV: 929.5	/ CPU: 2.371 seconds 	/ department sequence: [9, 3, 1, 6, 4, 8, 2, 5, 10, 7]
OFV: 929.5	/ CPU: 2.196 seconds 	/ department sequence: [3, 9, 1, 6, 4, 8, 2, 5, 10, 7]
OFV: 929.5	/ CPU: 2.524 seconds 	/ department sequence: [3, 9, 1, 6, 4, 8, 2, 5, 10, 7]
OFV: 929.5	/ CPU: 2.485 seconds 	/ department sequence: [9, 3, 1, 4, 6, 8, 2, 5, 10, 7]
OFV: 929.5	/ CPU: 3.064 seconds 	/ department sequence: [3, 9, 1, 6, 4, 8, 2, 5, 10, 7]
OFV: 929.5	/ CPU: 4.008 seconds 	/ department sequence: [3, 9, 1, 4, 6, 8, 2, 5, 10, 7]
OFV: 939.5	/ CPU: 2.593 seconds 	/ department sequence: [7, 10, 8, 5, 2, 6, 4, 1, 3, 9]
OFV: 929.5	/ CPU: 2.632 seconds 	/ department sequence: [3, 9, 1, 4, 6, 8, 2, 5, 10, 7]
-- Small10-9 result
--------------------------------------------
HostNestNum = 5, P_a = 0.25
--------------------------------------------
-- 2020-06-10 16:41 result data
OFV: 929.5	/ CPU: 1.973 seconds 	/ department sequence: [9, 3, 1, 6, 4, 8, 2, 5, 10, 7]
OFV: 929.5	/ CPU: 2.625 seconds 	/ department sequence: [9, 3, 1, 6, 4, 8, 2, 5, 10, 7]
OFV: 929.5	/ CPU: 2.448 seconds 	/ department sequence: [3, 9, 1, 6, 4, 8, 2, 5, 10, 7]
OFV: 929.5	/ CPU: 4.036 seconds 	/ department sequence: [3, 9, 1, 6, 4, 8, 2, 5, 7, 10]
OFV: 929.5	/ CPU: 2.567 seconds 	/ department sequence: [7, 10, 8, 5, 2, 6, 4, 1, 3, 9]
OFV: 929.5	/ CPU: 3.124 seconds 	/ department sequence: [3, 9, 1, 6, 4, 8, 2, 5, 10, 7]
OFV: 929.5	/ CPU: 4.172 seconds 	/ department sequence: [9, 3, 1, 6, 4, 8, 2, 5, 10, 7]
OFV: 929.5	/ CPU: 2.335 seconds 	/ department sequence: [7, 10, 8, 5, 2, 6, 4, 1, 3, 9]
OFV: 929.5	/ CPU: 2.849 seconds 	/ department sequence: [3, 9, 1, 6, 4, 8, 2, 5, 10, 7]
OFV: 929.5	/ CPU: 2.729 seconds 	/ department sequence: [7, 10, 8, 5, 2, 6, 4, 1, 3, 9]
-- Small10-9 result
--------------------------------------------
HostNestNum = 5, P_a = 0.25
--------------------------------------------
-- 2020-06-10 16:41 result data
OFV: 929.5	/ CPU: 3.610 seconds 	/ department sequence: [3, 9, 1, 6, 4, 8, 2, 5, 10, 7]
OFV: 929.5	/ CPU: 3.363 seconds 	/ department sequence: [9, 3, 1, 6, 4, 8, 2, 5, 10, 7]
OFV: 929.5	/ CPU: 3.551 seconds 	/ department sequence: [9, 3, 1, 6, 4, 8, 2, 5, 10, 7]
OFV: 929.5	/ CPU: 3.854 seconds 	/ department sequence: [9, 3, 1, 6, 4, 8, 2, 5, 10, 7]
OFV: 929.5	/ CPU: 4.308 seconds 	/ department sequence: [9, 3, 1, 4, 6, 8, 2, 5, 7, 10]
OFV: 929.5	/ CPU: 4.163 seconds 	/ department sequence: [9, 3, 1, 6, 4, 8, 2, 5, 10, 7]
OFV: 929.5	/ CPU: 4.263 seconds 	/ department sequence: [3, 9, 1, 6, 4, 8, 2, 5, 7, 10]
OFV: 929.5	/ CPU: 4.555 seconds 	/ department sequence: [9, 3, 1, 6, 4, 8, 2, 5, 7, 10]
OFV: 929.5	/ CPU: 3.468 seconds 	/ department sequence: [3, 9, 1, 6, 4, 8, 2, 5, 10, 7]
OFV: 929.5	/ CPU: 3.828 seconds 	/ department sequence: [7, 10, 8, 5, 2, 6, 4, 1, 3, 9]
-- Small10-9 result
--------------------------------------------
HostNestNum = 5, P_a = 0.25
--------------------------------------------
-- 2020-06-10 16:42 result data
OFV: 929.5	/ CPU: 5.038 seconds 	/ department sequence: [9, 3, 1, 6, 4, 8, 2, 5, 10, 7]
OFV: 929.5	/ CPU: 9.651 seconds 	/ department sequence: [9, 3, 1, 4, 6, 8, 2, 5, 10, 7]
OFV: 929.5	/ CPU: 6.064 seconds 	/ department sequence: [9, 3, 1, 4, 6, 8, 2, 5, 10, 7]
OFV: 929.5	/ CPU: 5.333 seconds 	/ department sequence: [3, 9, 1, 4, 6, 8, 2, 5, 10, 7]
OFV: 929.5	/ CPU: 5.883 seconds 	/ department sequence: [9, 3, 1, 6, 4, 8, 2, 5, 10, 7]
OFV: 929.5	/ CPU: 5.111 seconds 	/ department sequence: [9, 3, 1, 4, 6, 8, 2, 5, 10, 7]
OFV: 929.5	/ CPU: 5.451 seconds 	/ department sequence: [3, 9, 1, 6, 4, 8, 2, 5, 10, 7]
OFV: 929.5	/ CPU: 3.840 seconds 	/ department sequence: [9, 3, 1, 6, 4, 8, 2, 5, 10, 7]
OFV: 929.5	/ CPU: 4.500 seconds 	/ department sequence: [3, 9, 1, 6, 4, 8, 2, 5, 7, 10]
OFV: 929.5	/ CPU: 5.484 seconds 	/ department sequence: [3, 9, 1, 6, 4, 8, 2, 5, 10, 7]
-- Small10-9 result
--------------------------------------------
HostNestNum = 5, P_a = 0.25
--------------------------------------------
-- 2020-06-10 22:18 result data
OFV: 929.5	/ CPU: 2.026 seconds 	/ department sequence: [9, 3, 1, 6, 4, 8, 2, 5, 10, 7]
OFV: 929.5	/ CPU: 2.201 seconds 	/ department sequence: [9, 3, 1, 6, 4, 8, 2, 5, 10, 7]
OFV: 929.5	/ CPU: 2.151 seconds 	/ department sequence: [9, 3, 1, 6, 4, 8, 2, 5, 10, 7]
