Small10-3 summary

-- 2020-06-10 16:25 result data
--------------------------------------------
HostNestNum = 5, P_a = 0.0
--------------------------------------------
Best OFV : 1452.5	CPU Time : 1.138 seconds (Processing time for the best solution)
Average OFV : 1452.650
Average CPU Time : 1.621
--------------------------------------------
HostNestNum = 5, P_a = 0.25
--------------------------------------------
Best OFV : 1452.5	CPU Time : 2.27 seconds (Processing time for the best solution)
Average OFV : 1452.550
Average CPU Time : 2.729
--------------------------------------------
HostNestNum = 5, P_a = 0.25
--------------------------------------------
Best OFV : 1452.5	CPU Time : 1.996 seconds (Processing time for the best solution)
Average OFV : 1452.550
Average CPU Time : 3.122
--------------------------------------------
HostNestNum = 5, P_a = 0.25
--------------------------------------------
Best OFV : 1452.5	CPU Time : 2.919 seconds (Processing time for the best solution)
Average OFV : 1452.550
Average CPU Time : 3.52
--------------------------------------------
HostNestNum = 5, P_a = 0.25
--------------------------------------------
Best OFV : 1452.5	CPU Time : 4.164 seconds (Processing time for the best solution)
Average OFV : 1452.550
Average CPU Time : 5.85
Small10-3 summary

-- 2020-06-10 21:56 result data
--------------------------------------------
HostNestNum = 5, P_a = 0.0
--------------------------------------------
Best OFV : 1452.5	CPU Time : 1.709 seconds (Processing time for the best solution)
Average OFV : 1452.550
Average CPU Time : 2.41
--------------------------------------------
HostNestNum = 5, P_a = 0.25
--------------------------------------------
Small10-3 summary

-- 2020-06-10 21:57 result data
--------------------------------------------
HostNestNum = 5, P_a = 0.0
--------------------------------------------
Best OFV : 1452.5	CPU Time : 1.853 seconds (Processing time for the best solution)
Average OFV : 1452.800
Average CPU Time : 2.22
--------------------------------------------
HostNestNum = 5, P_a = 0.25
--------------------------------------------
Best OFV : 1452.5	CPU Time : 2.485 seconds (Processing time for the best solution)
Average OFV : 1452.550
Average CPU Time : 3.491
--------------------------------------------
HostNestNum = 5, P_a = 0.25
--------------------------------------------
Best OFV : 1452.5	CPU Time : 2.24 seconds (Processing time for the best solution)
Average OFV : 1452.550
Average CPU Time : 2.874
--------------------------------------------
HostNestNum = 5, P_a = 0.25
--------------------------------------------
Best OFV : 1452.5	CPU Time : 3.602 seconds (Processing time for the best solution)
Average OFV : 1452.500
Average CPU Time : 4.394
--------------------------------------------
HostNestNum = 5, P_a = 0.25
--------------------------------------------
Best OFV : 1452.5	CPU Time : 4.696 seconds (Processing time for the best solution)
Average OFV : 1452.500
Average CPU Time : 6.824
