-- S8H result
--------------------------------------------
HostNestNum = 5, P_a = 0.1
--------------------------------------------
-- 2019-01-07 17:34 result data
OFV: 2324.5	/ CPU: 1.357 seconds 	/ department sequence: [2, 3, 6, 4, 5, 1, 8, 7]
OFV: 2324.5	/ CPU: 0.976 seconds 	/ department sequence: [2, 3, 6, 4, 5, 1, 8, 7]
OFV: 2324.5	/ CPU: 0.757 seconds 	/ department sequence: [2, 3, 6, 4, 5, 1, 8, 7]
OFV: 2324.5	/ CPU: 0.624 seconds 	/ department sequence: [7, 8, 1, 5, 4, 6, 3, 2]
OFV: 2324.5	/ CPU: 0.629 seconds 	/ department sequence: [7, 8, 1, 5, 4, 6, 3, 2]
OFV: 2324.5	/ CPU: 0.616 seconds 	/ department sequence: [2, 3, 6, 4, 5, 1, 8, 7]
OFV: 2324.5	/ CPU: 0.634 seconds 	/ department sequence: [2, 3, 6, 4, 5, 1, 8, 7]
OFV: 2324.5	/ CPU: 0.604 seconds 	/ department sequence: [2, 3, 6, 4, 5, 1, 8, 7]
OFV: 2324.5	/ CPU: 0.620 seconds 	/ department sequence: [2, 3, 6, 4, 5, 1, 8, 7]
OFV: 2324.5	/ CPU: 0.613 seconds 	/ department sequence: [2, 3, 6, 4, 5, 1, 8, 7]
-- S8H result
--------------------------------------------
HostNestNum = 5, P_a = 0.1
--------------------------------------------
-- 2019-01-14 14:44 result data
OFV: 2324.5	/ CPU: 0.375 seconds 	/ department sequence: [7, 8, 1, 5, 4, 6, 3, 2]
OFV: 2324.5	/ CPU: 0.344 seconds 	/ department sequence: [7, 8, 1, 5, 4, 6, 3, 2]
OFV: 2324.5	/ CPU: 0.328 seconds 	/ department sequence: [7, 8, 1, 5, 4, 6, 3, 2]
OFV: 2324.5	/ CPU: 0.343 seconds 	/ department sequence: [7, 8, 1, 5, 4, 6, 3, 2]
OFV: 2324.5	/ CPU: 0.313 seconds 	/ department sequence: [2, 3, 6, 4, 5, 1, 8, 7]
OFV: 2324.5	/ CPU: 0.328 seconds 	/ department sequence: [7, 8, 1, 5, 4, 6, 3, 2]
OFV: 2324.5	/ CPU: 0.328 seconds 	/ department sequence: [2, 3, 6, 4, 5, 1, 8, 7]
OFV: 2324.5	/ CPU: 0.328 seconds 	/ department sequence: [2, 3, 6, 4, 5, 1, 8, 7]
OFV: 2324.5	/ CPU: 0.312 seconds 	/ department sequence: [2, 3, 6, 4, 5, 1, 8, 7]
OFV: 2324.5	/ CPU: 0.328 seconds 	/ department sequence: [2, 3, 6, 4, 5, 1, 8, 7]
