-- S8H result
--------------------------------------------
HostNestNum = 5, P_a = 0.4
--------------------------------------------
-- 2019-01-07 17:35 result data
OFV: 2324.5	/ CPU: 0.752 seconds 	/ department sequence: [2, 3, 6, 4, 5, 1, 8, 7]
OFV: 2324.5	/ CPU: 0.765 seconds 	/ department sequence: [2, 3, 6, 4, 5, 1, 8, 7]
OFV: 2324.5	/ CPU: 0.805 seconds 	/ department sequence: [2, 3, 6, 4, 5, 1, 8, 7]
OFV: 2324.5	/ CPU: 0.805 seconds 	/ department sequence: [7, 8, 1, 5, 4, 6, 3, 2]
OFV: 2324.5	/ CPU: 0.757 seconds 	/ department sequence: [2, 3, 6, 4, 5, 1, 8, 7]
OFV: 2324.5	/ CPU: 0.760 seconds 	/ department sequence: [7, 8, 1, 5, 4, 6, 3, 2]
OFV: 2324.5	/ CPU: 0.791 seconds 	/ department sequence: [2, 3, 6, 4, 5, 1, 8, 7]
OFV: 2324.5	/ CPU: 0.741 seconds 	/ department sequence: [2, 3, 6, 4, 5, 1, 8, 7]
OFV: 2324.5	/ CPU: 0.786 seconds 	/ department sequence: [2, 3, 6, 4, 5, 1, 8, 7]
OFV: 2324.5	/ CPU: 0.758 seconds 	/ department sequence: [2, 3, 6, 4, 5, 1, 8, 7]
-- S8H result
--------------------------------------------
HostNestNum = 5, P_a = 0.4
--------------------------------------------
-- 2019-01-14 14:44 result data
OFV: 2324.5	/ CPU: 0.437 seconds 	/ department sequence: [2, 3, 6, 4, 5, 1, 8, 7]
OFV: 2324.5	/ CPU: 0.422 seconds 	/ department sequence: [7, 8, 1, 5, 4, 6, 3, 2]
OFV: 2324.5	/ CPU: 0.438 seconds 	/ department sequence: [7, 8, 1, 5, 4, 6, 3, 2]
OFV: 2324.5	/ CPU: 0.437 seconds 	/ department sequence: [7, 8, 1, 5, 4, 6, 3, 2]
OFV: 2324.5	/ CPU: 0.469 seconds 	/ department sequence: [2, 3, 6, 4, 5, 1, 8, 7]
OFV: 2324.5	/ CPU: 0.437 seconds 	/ department sequence: [7, 8, 1, 5, 4, 6, 3, 2]
OFV: 2324.5	/ CPU: 0.453 seconds 	/ department sequence: [2, 3, 6, 4, 5, 1, 8, 7]
OFV: 2324.5	/ CPU: 0.422 seconds 	/ department sequence: [2, 3, 6, 4, 5, 1, 8, 7]
OFV: 2324.5	/ CPU: 0.453 seconds 	/ department sequence: [7, 8, 1, 5, 4, 6, 3, 2]
OFV: 2324.5	/ CPU: 0.422 seconds 	/ department sequence: [2, 3, 6, 4, 5, 1, 8, 7]
