-- AnKeVa60-2 result
--------------------------------------------
HostNestNum = 30, P_a = 0.2
--------------------------------------------
-- 2019-01-12 17:59 result data
OFV: 1058022.0	/ CPU: 120.909 seconds 	/ department sequence: [35, 53, 8, 29, 2, 3, 6, 7, 39, 57, 49, 13, 58, 41, 33, 22, 51, 52, 43, 18, 17, 19, 40, 38, 44, 54, 27, 59, 47, 26, 48, 1, 25, 21, 16, 56, 55, 34, 32, 46, 37, 24, 36, 5, 50, 31, 12, 14, 20, 45, 4, 23, 28, 9, 11, 15, 30, 10, 42, 60]
OFV: 1008540.0	/ CPU: 137.389 seconds 	/ department sequence: [11, 53, 20, 10, 12, 8, 44, 56, 22, 58, 19, 23, 47, 42, 26, 30, 33, 37, 17, 27, 16, 40, 29, 41, 55, 52, 38, 18, 36, 6, 5, 39, 34, 54, 24, 1, 46, 59, 32, 31, 35, 60, 51, 43, 25, 45, 21, 14, 15, 7, 28, 49, 3, 4, 48, 2, 50, 9, 13, 57]
OFV: 1026451.0	/ CPU: 133.266 seconds 	/ department sequence: [57, 35, 42, 53, 20, 15, 21, 58, 10, 44, 59, 32, 49, 31, 18, 22, 41, 19, 46, 27, 45, 30, 26, 37, 28, 38, 52, 40, 51, 33, 47, 56, 39, 43, 1, 48, 34, 36, 55, 24, 54, 60, 25, 16, 6, 17, 5, 14, 7, 3, 4, 23, 12, 2, 9, 13, 50, 8, 29, 11]
OFV: 1023553.0	/ CPU: 248.723 seconds 	/ department sequence: [20, 28, 29, 56, 44, 22, 57, 33, 53, 12, 13, 23, 8, 3, 6, 16, 7, 5, 60, 54, 37, 27, 55, 19, 46, 45, 25, 17, 1, 50, 18, 35, 52, 43, 38, 36, 31, 26, 51, 34, 58, 59, 21, 40, 39, 48, 47, 49, 32, 14, 15, 24, 2, 4, 30, 41, 9, 10, 11, 42]
OFV: 1034775.0	/ CPU: 144.372 seconds 	/ department sequence: [44, 8, 10, 12, 35, 48, 20, 3, 7, 33, 54, 31, 57, 60, 6, 27, 5, 51, 14, 39, 13, 34, 46, 21, 36, 29, 30, 56, 1, 52, 38, 47, 25, 59, 32, 26, 58, 28, 17, 19, 49, 24, 16, 43, 23, 15, 40, 53, 45, 55, 18, 37, 2, 4, 42, 22, 50, 41, 9, 11]
OFV: 1003940.0	/ CPU: 113.036 seconds 	/ department sequence: [53, 50, 23, 22, 44, 57, 2, 48, 8, 4, 14, 15, 30, 3, 16, 12, 5, 18, 25, 33, 60, 17, 31, 24, 45, 43, 51, 47, 26, 1, 34, 55, 19, 59, 54, 39, 40, 46, 52, 49, 58, 6, 27, 41, 36, 32, 37, 28, 7, 42, 35, 21, 38, 20, 29, 10, 13, 56, 11, 9]
OFV: 1040483.0	/ CPU: 302.429 seconds 	/ department sequence: [48, 23, 10, 13, 12, 30, 33, 20, 8, 7, 3, 6, 57, 39, 49, 43, 42, 58, 52, 36, 55, 60, 31, 59, 34, 5, 51, 26, 1, 29, 56, 44, 17, 25, 18, 24, 21, 32, 54, 16, 40, 19, 38, 45, 22, 28, 46, 27, 41, 37, 50, 35, 47, 2, 15, 9, 14, 4, 11, 53]
OFV: 1010381.0	/ CPU: 361.196 seconds 	/ department sequence: [50, 15, 30, 53, 9, 44, 2, 43, 4, 32, 8, 34, 23, 14, 13, 7, 3, 5, 6, 45, 24, 46, 48, 40, 33, 28, 1, 59, 55, 16, 54, 47, 38, 36, 39, 60, 51, 17, 21, 25, 58, 37, 57, 56, 42, 31, 35, 27, 29, 41, 18, 52, 19, 49, 12, 26, 22, 20, 10, 11]
OFV: 1009549.0	/ CPU: 175.287 seconds 	/ department sequence: [48, 29, 41, 22, 9, 8, 4, 44, 24, 46, 34, 15, 12, 45, 58, 21, 56, 14, 26, 55, 60, 5, 36, 42, 18, 25, 52, 6, 1, 16, 37, 28, 33, 38, 51, 27, 39, 54, 59, 57, 50, 17, 40, 43, 49, 30, 19, 47, 7, 2, 23, 31, 3, 11, 53, 32, 10, 20, 13, 35]
OFV: 1023236.0	/ CPU: 100.430 seconds 	/ department sequence: [53, 11, 49, 4, 48, 22, 2, 3, 33, 57, 7, 19, 29, 54, 47, 12, 30, 59, 23, 39, 50, 15, 6, 36, 5, 40, 34, 51, 46, 52, 1, 41, 24, 26, 38, 45, 60, 37, 21, 16, 55, 18, 27, 43, 58, 17, 28, 25, 35, 32, 14, 13, 56, 44, 31, 42, 8, 10, 9, 20]
-- AnKeVa60-2 result
--------------------------------------------
HostNestNum = 30, P_a = 0.2
--------------------------------------------
-- 2019-02-14 03:16 result data
OFV: 848013.0	/ CPU: 849.316 seconds 	/ department sequence: [11, 22, 41, 50, 9, 30, 15, 29, 42, 4, 2, 32, 14, 40, 21, 34, 33, 5, 37, 36, 25, 24, 46, 18, 45, 28, 17, 56, 1, 52, 54, 39, 58, 16, 26, 51, 60, 59, 43, 55, 6, 38, 47, 49, 7, 27, 31, 48, 19, 23, 3, 8, 12, 57, 13, 35, 10, 44, 20, 53]
