-- AnKeVa60-2 result
--------------------------------------------
HostNestNum = 10, P_a = 0.2
--------------------------------------------
-- 2019-01-12 15:24 result data
OFV: 1034865.0	/ CPU: 105.054 seconds 	/ department sequence: [27, 53, 35, 10, 31, 50, 15, 12, 14, 55, 23, 52, 44, 22, 6, 8, 60, 33, 54, 34, 59, 36, 40, 51, 56, 24, 26, 48, 1, 58, 38, 41, 28, 5, 42, 37, 57, 32, 25, 43, 49, 39, 45, 46, 18, 16, 17, 47, 21, 7, 3, 4, 2, 20, 11, 19, 9, 13, 29, 30]
OFV: 1034841.0	/ CPU: 82.918 seconds 	/ department sequence: [11, 13, 12, 8, 15, 57, 2, 3, 14, 4, 7, 46, 16, 35, 6, 47, 26, 32, 55, 37, 19, 59, 52, 53, 54, 38, 40, 39, 17, 58, 51, 50, 43, 1, 56, 45, 33, 48, 60, 18, 23, 36, 21, 24, 41, 31, 34, 5, 25, 28, 10, 9, 49, 30, 42, 20, 44, 29, 27, 22]
OFV: 1027194.0	/ CPU: 98.430 seconds 	/ department sequence: [41, 20, 22, 50, 53, 42, 40, 23, 13, 32, 14, 8, 12, 15, 16, 21, 38, 6, 26, 17, 28, 46, 60, 34, 35, 39, 29, 30, 1, 51, 24, 37, 59, 55, 31, 58, 52, 18, 54, 27, 25, 56, 5, 48, 43, 19, 47, 45, 57, 36, 7, 49, 3, 2, 4, 9, 10, 44, 33, 11]
OFV: 1016145.0	/ CPU: 79.559 seconds 	/ department sequence: [48, 35, 11, 44, 28, 10, 13, 53, 19, 12, 41, 54, 20, 8, 3, 36, 7, 42, 4, 59, 40, 34, 45, 26, 38, 46, 47, 58, 6, 60, 25, 1, 27, 18, 17, 55, 24, 16, 21, 37, 39, 51, 5, 43, 56, 50, 29, 30, 31, 49, 33, 32, 57, 52, 2, 22, 9, 15, 23, 14]
OFV: 996866.0	/ CPU: 32.805 seconds 	/ department sequence: [13, 53, 12, 42, 8, 22, 14, 40, 49, 37, 29, 32, 30, 57, 34, 27, 47, 36, 18, 43, 39, 21, 46, 24, 58, 60, 6, 45, 55, 59, 1, 5, 31, 25, 28, 51, 56, 23, 26, 44, 17, 54, 41, 16, 19, 38, 33, 52, 7, 3, 2, 9, 4, 50, 15, 20, 35, 48, 11, 10]
OFV: 998029.0	/ CPU: 166.289 seconds 	/ department sequence: [53, 35, 57, 49, 23, 9, 41, 4, 14, 15, 30, 38, 33, 31, 59, 36, 40, 44, 42, 47, 18, 58, 43, 45, 28, 26, 32, 34, 39, 46, 1, 54, 50, 52, 55, 24, 5, 25, 56, 37, 16, 6, 29, 21, 51, 60, 12, 48, 17, 7, 19, 3, 27, 2, 10, 8, 20, 22, 11, 13]
OFV: 1059552.0	/ CPU: 59.486 seconds 	/ department sequence: [20, 22, 10, 9, 11, 57, 4, 8, 2, 3, 7, 46, 26, 15, 47, 37, 14, 52, 6, 29, 5, 55, 32, 17, 39, 31, 18, 16, 49, 24, 45, 48, 54, 1, 28, 27, 41, 43, 38, 56, 34, 33, 59, 51, 21, 58, 50, 23, 13, 35, 12, 40, 44, 25, 42, 19, 60, 36, 30, 53]
OFV: 983933.0	/ CPU: 74.279 seconds 	/ department sequence: [8, 29, 30, 13, 3, 58, 23, 14, 12, 33, 35, 15, 28, 7, 32, 6, 47, 38, 21, 25, 1, 26, 39, 52, 59, 55, 45, 51, 37, 44, 16, 17, 60, 54, 41, 48, 36, 24, 18, 34, 43, 49, 5, 46, 56, 31, 40, 27, 2, 19, 42, 4, 9, 50, 22, 10, 20, 11, 53, 57]
OFV: 1001472.0	/ CPU: 113.411 seconds 	/ department sequence: [10, 29, 27, 13, 44, 56, 53, 8, 34, 38, 35, 31, 14, 48, 23, 28, 41, 16, 17, 45, 55, 30, 36, 32, 25, 18, 52, 5, 1, 39, 12, 54, 51, 46, 24, 37, 43, 6, 58, 59, 57, 49, 26, 47, 7, 60, 33, 21, 3, 2, 15, 19, 22, 40, 4, 50, 9, 20, 11, 42]
OFV: 1038457.0	/ CPU: 55.409 seconds 	/ department sequence: [13, 20, 9, 8, 2, 26, 29, 22, 34, 41, 4, 7, 56, 6, 45, 40, 17, 16, 60, 25, 30, 28, 21, 51, 24, 18, 33, 14, 5, 27, 1, 59, 52, 39, 36, 46, 43, 37, 42, 35, 38, 49, 50, 48, 47, 54, 57, 58, 19, 32, 31, 10, 55, 3, 12, 23, 53, 44, 11, 15]
-- AnKeVa60-2 result
--------------------------------------------
HostNestNum = 10, P_a = 0.2
--------------------------------------------
-- 2019-02-14 01:07 result data
OFV: 848468.0	/ CPU: 289.100 seconds 	/ department sequence: [53, 20, 44, 10, 35, 13, 57, 12, 3, 8, 23, 31, 48, 27, 7, 49, 47, 38, 6, 58, 51, 26, 55, 16, 59, 60, 39, 43, 56, 54, 1, 17, 28, 52, 45, 25, 24, 18, 36, 46, 33, 5, 37, 34, 40, 21, 14, 32, 2, 19, 4, 42, 29, 15, 30, 9, 41, 50, 22, 11]
