-- AnKeVa60-2 result
--------------------------------------------
HostNestNum = 10, P_a = 0.1
--------------------------------------------
-- 2019-01-12 15:16 result data
OFV: 1068125.0	/ CPU: 48.083 seconds 	/ department sequence: [41, 20, 30, 2, 49, 37, 53, 4, 43, 32, 44, 55, 7, 28, 14, 36, 15, 18, 17, 27, 6, 5, 21, 34, 51, 52, 58, 46, 25, 29, 19, 23, 57, 1, 39, 56, 38, 54, 33, 16, 42, 45, 48, 31, 60, 59, 26, 12, 22, 24, 47, 40, 3, 8, 50, 11, 35, 13, 10, 9]
OFV: 1034771.0	/ CPU: 46.254 seconds 	/ department sequence: [11, 31, 50, 35, 22, 9, 2, 4, 34, 45, 20, 57, 15, 56, 18, 41, 43, 58, 19, 39, 60, 40, 49, 32, 25, 38, 23, 30, 59, 16, 47, 26, 46, 24, 1, 52, 5, 6, 33, 21, 54, 51, 36, 17, 28, 44, 27, 42, 37, 29, 55, 7, 48, 3, 13, 12, 14, 8, 10, 53]
OFV: 1008381.0	/ CPU: 60.174 seconds 	/ department sequence: [50, 53, 20, 13, 10, 11, 12, 8, 3, 55, 30, 9, 23, 48, 54, 7, 42, 29, 27, 19, 24, 26, 6, 18, 56, 52, 17, 5, 39, 1, 60, 45, 16, 41, 28, 25, 58, 59, 46, 47, 38, 44, 49, 35, 43, 37, 36, 51, 33, 21, 40, 34, 14, 15, 32, 31, 4, 2, 22, 57]
OFV: 1009482.0	/ CPU: 30.321 seconds 	/ department sequence: [30, 44, 8, 23, 10, 9, 35, 14, 15, 16, 43, 32, 22, 26, 21, 25, 5, 18, 54, 40, 41, 24, 55, 56, 28, 1, 45, 59, 31, 60, 29, 39, 34, 19, 46, 36, 58, 17, 51, 38, 52, 50, 27, 57, 48, 49, 33, 37, 6, 12, 13, 7, 42, 47, 3, 2, 4, 53, 20, 11]
OFV: 1063761.0	/ CPU: 34.695 seconds 	/ department sequence: [52, 10, 11, 23, 13, 2, 8, 7, 58, 60, 9, 31, 48, 25, 43, 41, 29, 6, 37, 33, 30, 34, 32, 5, 50, 1, 51, 59, 39, 46, 38, 24, 19, 15, 16, 36, 47, 54, 26, 17, 21, 18, 45, 28, 27, 14, 3, 4, 12, 42, 35, 53, 55, 22, 57, 56, 40, 20, 44, 49]
OFV: 1023618.0	/ CPU: 41.443 seconds 	/ department sequence: [10, 13, 9, 34, 22, 35, 42, 26, 27, 50, 33, 38, 14, 44, 39, 52, 47, 29, 55, 41, 37, 30, 32, 24, 54, 5, 1, 25, 6, 23, 56, 46, 43, 17, 36, 45, 18, 60, 28, 51, 16, 57, 21, 59, 58, 31, 48, 49, 7, 3, 2, 4, 15, 8, 53, 40, 19, 11, 12, 20]
OFV: 1015733.0	/ CPU: 35.820 seconds 	/ department sequence: [22, 35, 19, 41, 9, 10, 11, 57, 4, 2, 37, 28, 42, 38, 60, 12, 49, 21, 39, 36, 51, 31, 43, 5, 26, 18, 48, 7, 59, 55, 46, 16, 47, 32, 1, 29, 27, 45, 56, 50, 58, 25, 33, 24, 17, 40, 34, 14, 54, 6, 8, 3, 20, 30, 23, 44, 13, 52, 15, 53]
OFV: 1016382.0	/ CPU: 85.245 seconds 	/ department sequence: [44, 48, 13, 50, 52, 9, 10, 16, 15, 60, 34, 30, 29, 33, 24, 46, 41, 22, 32, 37, 25, 14, 19, 5, 1, 39, 21, 17, 49, 38, 42, 45, 58, 27, 43, 35, 18, 51, 26, 59, 40, 23, 55, 28, 31, 47, 12, 56, 36, 54, 6, 7, 3, 2, 4, 8, 57, 20, 11, 53]
OFV: 1030964.0	/ CPU: 39.897 seconds 	/ department sequence: [29, 60, 30, 42, 53, 57, 2, 56, 27, 50, 48, 8, 9, 17, 24, 22, 32, 19, 16, 18, 5, 45, 21, 51, 40, 37, 49, 25, 31, 52, 54, 46, 1, 26, 47, 38, 59, 35, 23, 39, 12, 34, 33, 43, 58, 7, 6, 55, 3, 4, 14, 13, 41, 20, 15, 10, 36, 28, 11, 44]
OFV: 1035529.0	/ CPU: 40.241 seconds 	/ department sequence: [35, 13, 32, 19, 50, 30, 20, 44, 23, 14, 8, 12, 3, 7, 6, 28, 27, 5, 36, 52, 54, 26, 34, 43, 42, 1, 16, 38, 31, 59, 39, 58, 25, 17, 45, 55, 47, 41, 33, 37, 29, 49, 21, 46, 40, 18, 53, 51, 48, 56, 22, 24, 2, 4, 15, 9, 60, 57, 10, 11]
-- AnKeVa60-2 result
--------------------------------------------
HostNestNum = 10, P_a = 0.1
--------------------------------------------
-- 2019-02-14 01:02 result data
OFV: 842585.0	/ CPU: 283.320 seconds 	/ department sequence: [20, 11, 44, 35, 57, 22, 19, 4, 2, 23, 48, 49, 31, 3, 7, 60, 47, 38, 16, 27, 58, 55, 43, 59, 26, 51, 6, 52, 36, 18, 45, 17, 39, 54, 1, 24, 46, 5, 25, 56, 37, 21, 33, 28, 40, 32, 34, 14, 12, 8, 15, 42, 9, 30, 29, 41, 50, 10, 13, 53]
