-- AnKeVa60-2 result
--------------------------------------------
HostNestNum = 30, P_a = 0.25
--------------------------------------------
-- 2019-01-12 18:30 result data
OFV: 1033757.0	/ CPU: 111.568 seconds 	/ department sequence: [22, 42, 13, 30, 20, 9, 8, 14, 33, 35, 16, 56, 32, 15, 55, 12, 46, 21, 18, 17, 5, 24, 45, 58, 50, 47, 39, 29, 54, 1, 28, 31, 19, 26, 36, 25, 37, 52, 48, 51, 34, 41, 59, 43, 38, 6, 7, 3, 4, 2, 57, 23, 27, 44, 11, 49, 10, 40, 53, 60]
OFV: 988393.0	/ CPU: 237.584 seconds 	/ department sequence: [29, 53, 42, 20, 11, 50, 10, 14, 15, 13, 9, 4, 43, 19, 30, 47, 36, 34, 58, 28, 33, 21, 56, 46, 41, 5, 6, 55, 40, 45, 17, 24, 1, 26, 54, 31, 59, 32, 27, 37, 44, 51, 52, 39, 18, 16, 22, 25, 38, 49, 7, 3, 48, 2, 23, 35, 57, 12, 8, 60]
OFV: 980944.0	/ CPU: 369.210 seconds 	/ department sequence: [44, 22, 2, 21, 41, 4, 37, 15, 9, 17, 30, 18, 14, 24, 5, 32, 47, 50, 57, 51, 43, 34, 54, 56, 38, 29, 59, 60, 58, 55, 25, 1, 16, 40, 52, 49, 26, 31, 28, 46, 39, 45, 33, 27, 19, 36, 6, 7, 12, 8, 10, 42, 48, 23, 3, 13, 11, 35, 20, 53]
OFV: 1036971.0	/ CPU: 330.095 seconds 	/ department sequence: [13, 9, 11, 8, 10, 2, 4, 14, 47, 29, 46, 34, 21, 44, 45, 49, 56, 17, 37, 38, 31, 15, 52, 51, 43, 33, 16, 60, 39, 58, 24, 1, 59, 42, 25, 19, 40, 36, 32, 5, 7, 27, 18, 12, 6, 54, 48, 55, 30, 26, 3, 20, 50, 57, 22, 28, 35, 41, 53, 23]
OFV: 1030220.0	/ CPU: 203.764 seconds 	/ department sequence: [57, 49, 50, 53, 10, 9, 2, 43, 4, 40, 21, 42, 56, 52, 16, 17, 41, 45, 60, 38, 32, 18, 24, 36, 15, 28, 59, 27, 54, 31, 25, 1, 58, 37, 14, 47, 34, 39, 55, 12, 51, 44, 46, 33, 5, 3, 6, 7, 8, 30, 22, 26, 23, 11, 19, 48, 35, 20, 13, 29]
OFV: 1039687.0	/ CPU: 118.222 seconds 	/ department sequence: [60, 19, 30, 15, 35, 20, 36, 53, 9, 2, 4, 3, 43, 32, 42, 33, 7, 5, 55, 14, 39, 34, 25, 17, 41, 16, 1, 51, 45, 31, 37, 18, 48, 21, 28, 24, 40, 59, 46, 57, 38, 26, 54, 22, 47, 58, 56, 50, 29, 49, 27, 44, 52, 23, 6, 13, 12, 11, 8, 10]
OFV: 970560.0	/ CPU: 491.025 seconds 	/ department sequence: [10, 11, 19, 44, 9, 8, 28, 42, 35, 50, 2, 17, 30, 32, 40, 21, 54, 14, 56, 29, 34, 5, 18, 37, 41, 16, 43, 51, 39, 45, 1, 25, 33, 24, 36, 46, 27, 38, 52, 47, 55, 6, 59, 58, 49, 26, 7, 3, 4, 57, 53, 60, 48, 12, 13, 20, 15, 31, 22, 23]
OFV: 1032126.0	/ CPU: 161.994 seconds 	/ department sequence: [57, 31, 20, 23, 51, 42, 60, 12, 3, 4, 29, 40, 48, 7, 6, 55, 15, 39, 53, 16, 14, 41, 54, 34, 43, 59, 27, 38, 36, 49, 1, 21, 24, 47, 52, 46, 56, 26, 25, 17, 37, 28, 19, 45, 18, 5, 44, 33, 32, 2, 30, 9, 22, 8, 10, 58, 50, 13, 11, 35]
OFV: 1020855.0	/ CPU: 225.228 seconds 	/ department sequence: [8, 9, 11, 3, 7, 31, 13, 48, 45, 12, 21, 56, 23, 26, 14, 29, 46, 6, 43, 55, 5, 30, 40, 25, 1, 37, 52, 32, 28, 27, 54, 16, 47, 38, 58, 33, 34, 39, 17, 24, 59, 60, 18, 50, 15, 19, 57, 36, 35, 51, 49, 2, 4, 41, 10, 42, 44, 20, 53, 22]
OFV: 1030199.0	/ CPU: 248.816 seconds 	/ department sequence: [11, 9, 8, 13, 30, 42, 2, 4, 3, 7, 29, 52, 36, 6, 27, 48, 5, 55, 24, 54, 14, 17, 32, 25, 47, 44, 1, 38, 37, 56, 28, 58, 51, 46, 59, 43, 26, 49, 23, 39, 45, 21, 16, 31, 19, 18, 50, 40, 53, 12, 35, 15, 10, 33, 22, 41, 60, 34, 57, 20]
-- AnKeVa60-2 result
--------------------------------------------
HostNestNum = 30, P_a = 0.25
--------------------------------------------
-- 2019-02-14 03:30 result data
OFV: 848291.0	/ CPU: 1533.316 seconds 	/ department sequence: [20, 11, 35, 57, 42, 12, 8, 3, 2, 23, 4, 48, 27, 7, 49, 47, 38, 16, 58, 60, 26, 51, 59, 55, 6, 43, 39, 52, 54, 56, 28, 1, 45, 17, 18, 24, 36, 46, 25, 37, 5, 33, 34, 40, 21, 14, 32, 31, 19, 22, 9, 15, 50, 30, 29, 41, 13, 10, 44, 53]
-- AnKeVa60-2 result
--------------------------------------------
HostNestNum = 30, P_a = 0.25
--------------------------------------------
-- 2019-02-20 08:52 result data
OFV: 842218.0	/ CPU: 1226.395 seconds 	/ department sequence: [20, 11, 44, 35, 57, 22, 19, 4, 2, 23, 48, 12, 31, 3, 49, 7, 60, 47, 38, 16, 58, 55, 51, 26, 59, 6, 43, 27, 52, 36, 18, 54, 39, 17, 46, 1, 45, 24, 5, 25, 56, 37, 28, 21, 33, 40, 34, 32, 14, 8, 15, 42, 9, 30, 41, 50, 29, 13, 10, 53]
OFV: 848414.0	/ CPU: 2076.429 seconds 	/ department sequence: [11, 44, 22, 41, 50, 29, 30, 15, 9, 19, 4, 2, 32, 14, 21, 34, 5, 33, 36, 37, 46, 18, 24, 25, 52, 45, 56, 1, 28, 17, 40, 39, 54, 58, 16, 60, 26, 51, 59, 55, 43, 38, 6, 47, 7, 49, 48, 27, 31, 23, 8, 3, 42, 12, 57, 35, 13, 10, 20, 53]
OFV: 857412.0	/ CPU: 1282.981 seconds 	/ department sequence: [53, 44, 10, 35, 13, 30, 29, 41, 42, 12, 8, 15, 3, 14, 27, 40, 34, 28, 33, 21, 56, 37, 25, 1, 24, 39, 54, 52, 5, 17, 6, 45, 51, 59, 26, 46, 55, 58, 43, 18, 36, 16, 7, 38, 47, 60, 32, 49, 31, 48, 23, 2, 19, 4, 9, 50, 57, 22, 11, 20]
OFV: 842205.0	/ CPU: 1774.655 seconds 	/ department sequence: [20, 11, 44, 35, 22, 57, 19, 4, 2, 8, 23, 12, 48, 3, 49, 7, 27, 47, 38, 16, 60, 55, 58, 26, 51, 59, 6, 43, 39, 52, 54, 1, 17, 45, 18, 36, 24, 46, 25, 5, 56, 37, 33, 28, 21, 32, 31, 40, 34, 14, 15, 42, 9, 30, 50, 29, 41, 13, 10, 53]
OFV: 842317.0	/ CPU: 1137.187 seconds 	/ department sequence: [53, 10, 13, 41, 50, 29, 30, 9, 15, 42, 14, 31, 40, 34, 32, 21, 33, 28, 56, 5, 37, 25, 24, 46, 36, 1, 54, 18, 17, 45, 52, 39, 43, 6, 60, 51, 59, 55, 26, 58, 16, 38, 27, 47, 7, 49, 3, 12, 48, 8, 23, 2, 4, 19, 22, 57, 35, 44, 11, 20]
OFV: 842175.0	/ CPU: 2511.973 seconds 	/ department sequence: [20, 11, 44, 35, 57, 22, 19, 4, 2, 23, 48, 31, 49, 3, 7, 47, 60, 27, 38, 16, 58, 55, 43, 59, 51, 26, 6, 52, 36, 18, 45, 17, 46, 54, 39, 1, 24, 5, 25, 37, 56, 33, 28, 21, 32, 40, 34, 14, 12, 8, 15, 42, 9, 30, 29, 50, 41, 13, 10, 53]
OFV: 850260.0	/ CPU: 1758.075 seconds 	/ department sequence: [44, 10, 22, 41, 30, 29, 50, 15, 9, 19, 2, 4, 31, 32, 14, 21, 34, 5, 33, 36, 18, 46, 37, 25, 24, 52, 45, 17, 56, 54, 1, 28, 39, 43, 60, 16, 58, 51, 26, 59, 55, 38, 47, 40, 6, 49, 7, 27, 48, 23, 8, 12, 3, 42, 57, 35, 13, 11, 20, 53]
OFV: 850156.0	/ CPU: 1710.454 seconds 	/ department sequence: [53, 44, 13, 35, 57, 29, 42, 8, 12, 3, 23, 48, 27, 7, 49, 40, 6, 47, 38, 55, 16, 59, 26, 51, 58, 43, 60, 39, 54, 28, 52, 1, 45, 56, 17, 33, 24, 46, 25, 37, 18, 5, 36, 34, 21, 14, 32, 31, 2, 4, 19, 15, 9, 30, 50, 41, 22, 10, 11, 20]
OFV: 842061.0	/ CPU: 1659.150 seconds 	/ department sequence: [53, 10, 13, 41, 30, 29, 50, 9, 42, 15, 8, 14, 34, 32, 40, 33, 28, 21, 56, 37, 25, 5, 46, 24, 1, 39, 45, 54, 17, 18, 36, 52, 43, 6, 51, 55, 59, 26, 58, 16, 60, 27, 38, 47, 7, 49, 31, 3, 12, 48, 23, 2, 4, 19, 22, 57, 35, 44, 11, 20]
OFV: 842099.0	/ CPU: 1855.503 seconds 	/ department sequence: [20, 11, 44, 35, 22, 57, 19, 4, 2, 23, 48, 12, 3, 31, 49, 7, 47, 60, 38, 16, 27, 58, 59, 55, 26, 51, 6, 43, 52, 18, 36, 45, 39, 17, 46, 54, 1, 5, 24, 25, 37, 56, 21, 28, 33, 40, 32, 34, 14, 8, 42, 15, 9, 30, 29, 50, 41, 13, 10, 53]
