-- AnKeVa60-2 result
--------------------------------------------
HostNestNum = 15, P_a = 0.2
--------------------------------------------
-- 2019-01-12 16:34 result data
OFV: 1023779.0	/ CPU: 188.987 seconds 	/ department sequence: [35, 53, 11, 10, 44, 55, 20, 31, 23, 13, 41, 3, 4, 2, 7, 18, 52, 36, 19, 26, 33, 16, 45, 58, 28, 49, 47, 50, 43, 59, 25, 27, 54, 1, 39, 34, 21, 40, 12, 29, 48, 51, 37, 24, 32, 46, 17, 56, 5, 6, 30, 15, 14, 42, 9, 8, 22, 60, 57, 38]
OFV: 1020762.0	/ CPU: 137.436 seconds 	/ department sequence: [20, 35, 19, 22, 9, 10, 48, 57, 58, 43, 36, 56, 37, 52, 15, 33, 16, 44, 25, 47, 30, 32, 24, 40, 18, 14, 5, 17, 34, 21, 1, 27, 46, 31, 28, 51, 55, 39, 50, 38, 26, 45, 60, 54, 59, 6, 7, 4, 2, 23, 3, 8, 13, 12, 11, 41, 49, 53, 29, 42]
OFV: 1006695.0	/ CPU: 164.696 seconds 	/ department sequence: [57, 20, 9, 13, 8, 11, 50, 12, 2, 4, 26, 19, 18, 23, 14, 17, 60, 39, 15, 36, 30, 55, 6, 5, 45, 46, 56, 58, 49, 24, 21, 16, 1, 54, 32, 25, 59, 28, 33, 38, 52, 37, 35, 34, 47, 51, 27, 43, 41, 48, 42, 29, 31, 40, 7, 3, 10, 44, 53, 22]
OFV: 1016641.0	/ CPU: 136.593 seconds 	/ department sequence: [35, 11, 20, 34, 10, 13, 12, 8, 3, 21, 23, 7, 29, 26, 27, 45, 50, 15, 33, 54, 28, 41, 48, 5, 1, 24, 6, 16, 25, 18, 17, 31, 14, 38, 59, 37, 40, 42, 55, 51, 39, 43, 46, 32, 58, 22, 19, 36, 30, 60, 56, 52, 49, 47, 2, 44, 4, 53, 9, 57]
OFV: 1006034.0	/ CPU: 63.313 seconds 	/ department sequence: [10, 53, 11, 40, 35, 49, 23, 13, 3, 34, 15, 31, 47, 7, 25, 58, 6, 54, 32, 12, 18, 24, 56, 59, 48, 60, 1, 29, 39, 43, 26, 41, 51, 37, 27, 30, 33, 46, 52, 28, 55, 21, 17, 36, 16, 45, 5, 14, 42, 57, 9, 50, 38, 19, 4, 2, 8, 44, 22, 20]
OFV: 1042360.0	/ CPU: 59.908 seconds 	/ department sequence: [20, 11, 4, 2, 3, 27, 7, 54, 53, 58, 42, 52, 21, 13, 15, 12, 23, 26, 39, 6, 48, 33, 19, 59, 55, 50, 51, 56, 1, 45, 5, 25, 37, 46, 43, 34, 29, 30, 16, 24, 32, 49, 28, 38, 57, 17, 36, 18, 47, 41, 60, 8, 31, 35, 10, 14, 9, 40, 22, 44]
OFV: 998841.0	/ CPU: 63.329 seconds 	/ department sequence: [30, 53, 19, 11, 10, 20, 31, 9, 8, 4, 41, 15, 2, 25, 28, 5, 21, 14, 58, 49, 51, 34, 32, 38, 60, 16, 50, 46, 43, 45, 1, 52, 18, 17, 40, 59, 33, 24, 27, 26, 29, 36, 57, 55, 54, 56, 6, 7, 22, 39, 47, 3, 12, 48, 23, 13, 44, 42, 37, 35]
OFV: 950328.0	/ CPU: 173.194 seconds 	/ department sequence: [20, 10, 9, 48, 44, 31, 30, 14, 49, 13, 23, 22, 19, 2, 5, 43, 17, 33, 54, 51, 21, 32, 37, 47, 16, 39, 60, 52, 46, 1, 56, 55, 36, 40, 24, 59, 26, 18, 25, 45, 34, 38, 7, 6, 12, 28, 29, 58, 27, 3, 4, 15, 8, 42, 41, 50, 35, 11, 53, 57]
OFV: 1039559.0	/ CPU: 154.932 seconds 	/ department sequence: [53, 20, 13, 11, 4, 2, 3, 7, 48, 38, 19, 46, 49, 16, 29, 34, 35, 6, 40, 52, 55, 60, 23, 43, 32, 44, 37, 36, 56, 31, 50, 59, 21, 42, 28, 1, 45, 39, 17, 27, 54, 24, 18, 47, 58, 25, 33, 5, 26, 22, 41, 14, 51, 15, 9, 57, 30, 12, 10, 8]
OFV: 990015.0	/ CPU: 155.901 seconds 	/ department sequence: [53, 30, 13, 46, 9, 19, 29, 15, 50, 44, 2, 21, 4, 33, 14, 5, 36, 26, 40, 49, 24, 56, 25, 54, 45, 1, 55, 37, 35, 22, 59, 16, 38, 51, 43, 52, 28, 34, 39, 32, 48, 23, 17, 47, 18, 6, 7, 8, 3, 27, 42, 60, 57, 58, 20, 41, 31, 12, 10, 11]
-- AnKeVa60-2 result
--------------------------------------------
HostNestNum = 15, P_a = 0.2
--------------------------------------------
-- 2019-02-14 01:43 result data
OFV: 842263.0	/ CPU: 773.992 seconds 	/ department sequence: [20, 11, 44, 35, 57, 22, 19, 4, 2, 23, 48, 12, 3, 31, 49, 7, 47, 27, 16, 38, 58, 26, 59, 51, 60, 55, 6, 43, 52, 36, 18, 54, 17, 39, 45, 46, 24, 1, 5, 25, 37, 56, 33, 21, 40, 32, 28, 34, 14, 8, 15, 42, 9, 30, 29, 50, 41, 13, 10, 53]
