-- AnKeVa60-2 result
--------------------------------------------
HostNestNum = 30, P_a = 0.0
--------------------------------------------
-- 2019-01-11 14:43 result data
OFV: 1064549.0	/ CPU: 36.497 seconds 	/ department sequence: [12, 11, 23, 2, 4, 3, 47, 51, 58, 13, 34, 22, 7, 6, 35, 53, 56, 59, 32, 24, 21, 33, 25, 36, 1, 5, 40, 38, 55, 43, 42, 57, 37, 49, 16, 18, 46, 17, 39, 60, 48, 45, 29, 26, 31, 27, 54, 19, 15, 28, 52, 14, 50, 20, 44, 30, 8, 9, 41, 10]
OFV: 1080248.0	/ CPU: 34.158 seconds 	/ department sequence: [30, 11, 29, 9, 15, 8, 2, 4, 19, 7, 32, 59, 31, 43, 60, 16, 49, 20, 24, 52, 18, 22, 42, 46, 23, 26, 6, 54, 40, 5, 36, 1, 17, 58, 38, 48, 39, 57, 37, 34, 21, 27, 25, 28, 55, 51, 13, 14, 56, 41, 35, 33, 45, 47, 3, 44, 10, 12, 53, 50]
OFV: 994988.0	/ CPU: 22.943 seconds 	/ department sequence: [53, 57, 27, 9, 8, 37, 41, 34, 55, 42, 52, 29, 50, 30, 25, 47, 54, 56, 36, 26, 38, 14, 12, 59, 16, 17, 58, 31, 51, 40, 33, 45, 1, 28, 24, 18, 43, 49, 32, 39, 6, 60, 5, 7, 19, 48, 46, 21, 3, 2, 22, 4, 23, 44, 10, 13, 35, 15, 20, 11]
OFV: 1005207.0	/ CPU: 52.485 seconds 	/ department sequence: [34, 9, 35, 10, 44, 41, 13, 8, 19, 23, 31, 15, 48, 25, 27, 50, 14, 5, 24, 16, 45, 21, 54, 1, 36, 58, 55, 39, 40, 60, 42, 46, 33, 56, 51, 17, 26, 37, 38, 59, 49, 12, 18, 53, 28, 47, 43, 6, 7, 32, 3, 30, 57, 52, 2, 4, 29, 11, 22, 20]
OFV: 1032950.0	/ CPU: 27.197 seconds 	/ department sequence: [11, 10, 22, 20, 8, 9, 2, 23, 4, 47, 27, 57, 37, 45, 19, 60, 18, 58, 48, 36, 49, 32, 55, 56, 59, 16, 50, 40, 33, 25, 52, 38, 54, 46, 51, 1, 43, 5, 6, 21, 15, 17, 7, 14, 30, 31, 3, 42, 13, 29, 24, 28, 53, 12, 26, 34, 39, 44, 35, 41]
OFV: 1024069.0	/ CPU: 31.770 seconds 	/ department sequence: [57, 28, 13, 10, 23, 12, 20, 8, 3, 4, 7, 6, 51, 49, 27, 26, 59, 19, 55, 42, 25, 46, 17, 16, 40, 47, 58, 39, 31, 24, 38, 1, 41, 45, 48, 32, 33, 43, 34, 52, 29, 36, 5, 44, 21, 15, 18, 37, 35, 14, 22, 56, 9, 11, 60, 54, 2, 50, 53, 30]
OFV: 1009137.0	/ CPU: 41.374 seconds 	/ department sequence: [57, 15, 42, 10, 35, 50, 13, 28, 22, 53, 4, 3, 40, 24, 9, 36, 41, 6, 59, 33, 37, 54, 55, 60, 49, 16, 56, 43, 18, 26, 17, 19, 1, 5, 39, 25, 14, 31, 34, 51, 45, 52, 38, 32, 58, 47, 27, 21, 44, 8, 7, 12, 46, 48, 2, 20, 29, 30, 23, 11]
OFV: 1025659.0	/ CPU: 27.336 seconds 	/ department sequence: [53, 11, 13, 15, 22, 4, 2, 8, 40, 42, 3, 7, 33, 19, 23, 12, 16, 14, 18, 21, 6, 56, 34, 51, 46, 38, 25, 47, 1, 59, 43, 39, 36, 58, 17, 54, 60, 45, 5, 24, 26, 50, 35, 49, 28, 32, 30, 48, 29, 44, 52, 57, 9, 27, 31, 41, 37, 55, 10, 20]
OFV: 1021541.0	/ CPU: 35.827 seconds 	/ department sequence: [22, 57, 60, 11, 2, 4, 21, 8, 12, 19, 3, 7, 6, 55, 54, 45, 52, 48, 31, 46, 35, 47, 39, 49, 44, 37, 59, 51, 42, 26, 18, 58, 36, 16, 23, 24, 1, 5, 17, 14, 40, 38, 34, 33, 25, 32, 28, 56, 15, 9, 41, 43, 20, 13, 27, 29, 30, 10, 50, 53]
OFV: 1014263.0	/ CPU: 29.676 seconds 	/ department sequence: [11, 53, 9, 4, 49, 19, 44, 2, 56, 42, 22, 23, 35, 32, 25, 5, 50, 59, 30, 26, 24, 37, 43, 46, 47, 38, 16, 1, 39, 21, 41, 36, 40, 48, 51, 55, 18, 45, 52, 57, 17, 27, 33, 60, 54, 58, 31, 34, 6, 7, 14, 3, 12, 29, 8, 20, 28, 13, 10, 15]
-- AnKeVa60-2 result
--------------------------------------------
HostNestNum = 30, P_a = 0.0
--------------------------------------------
-- 2019-01-12 17:38 result data
OFV: 988202.0	/ CPU: 20.668 seconds 	/ department sequence: [57, 42, 44, 11, 9, 10, 4, 8, 2, 31, 3, 7, 45, 47, 28, 46, 49, 39, 37, 19, 55, 26, 32, 23, 58, 17, 38, 43, 60, 25, 41, 27, 18, 56, 40, 16, 36, 24, 51, 1, 54, 21, 6, 59, 5, 14, 35, 34, 12, 33, 52, 48, 15, 13, 29, 30, 20, 50, 22, 53]
OFV: 1029410.0	/ CPU: 24.884 seconds 	/ department sequence: [11, 35, 2, 23, 4, 37, 28, 50, 48, 31, 49, 56, 27, 32, 57, 44, 5, 6, 43, 52, 60, 36, 29, 16, 46, 7, 59, 34, 19, 55, 51, 24, 33, 1, 40, 58, 38, 25, 26, 21, 54, 22, 18, 45, 14, 15, 41, 47, 30, 39, 3, 13, 10, 12, 17, 53, 42, 9, 8, 20]
OFV: 1040193.0	/ CPU: 32.180 seconds 	/ department sequence: [10, 48, 53, 42, 20, 30, 2, 43, 44, 31, 38, 49, 37, 35, 54, 50, 60, 52, 57, 51, 6, 40, 23, 29, 46, 59, 36, 17, 12, 18, 16, 24, 58, 25, 1, 56, 27, 21, 34, 41, 39, 47, 55, 45, 33, 5, 26, 7, 14, 3, 15, 4, 19, 9, 11, 28, 32, 8, 22, 13]
OFV: 1042127.0	/ CPU: 39.460 seconds 	/ department sequence: [27, 53, 8, 2, 3, 7, 60, 59, 12, 55, 13, 26, 50, 21, 23, 6, 34, 52, 14, 39, 38, 57, 49, 16, 48, 46, 33, 40, 42, 1, 36, 45, 51, 47, 43, 35, 37, 28, 58, 25, 24, 54, 5, 17, 4, 30, 56, 22, 31, 41, 32, 19, 15, 18, 9, 20, 11, 10, 44, 29]
OFV: 988424.0	/ CPU: 29.743 seconds 	/ department sequence: [42, 27, 50, 13, 10, 11, 9, 8, 40, 41, 12, 43, 23, 48, 14, 24, 45, 15, 34, 29, 59, 38, 1, 54, 55, 28, 36, 39, 46, 33, 37, 17, 60, 16, 26, 25, 56, 5, 21, 58, 6, 32, 18, 19, 7, 44, 51, 31, 47, 3, 4, 57, 49, 2, 30, 35, 20, 22, 53, 52]
OFV: 1039962.0	/ CPU: 18.480 seconds 	/ department sequence: [32, 29, 20, 30, 10, 8, 12, 13, 3, 33, 7, 6, 5, 47, 31, 43, 39, 50, 58, 40, 19, 24, 14, 21, 28, 23, 1, 52, 26, 48, 41, 56, 55, 49, 51, 27, 18, 16, 46, 54, 25, 37, 60, 17, 42, 45, 15, 59, 38, 22, 36, 34, 2, 4, 35, 44, 9, 53, 57, 11]
OFV: 1041925.0	/ CPU: 18.902 seconds 	/ department sequence: [50, 44, 56, 9, 60, 35, 10, 21, 33, 27, 28, 12, 57, 55, 46, 31, 49, 52, 40, 45, 15, 42, 16, 41, 58, 32, 34, 39, 18, 59, 51, 43, 48, 36, 1, 54, 25, 24, 17, 5, 53, 37, 38, 6, 47, 7, 26, 14, 3, 30, 4, 2, 22, 29, 19, 8, 23, 20, 11, 13]
OFV: 1024217.0	/ CPU: 26.540 seconds 	/ department sequence: [11, 22, 15, 4, 2, 37, 48, 30, 9, 25, 23, 56, 32, 18, 21, 40, 52, 41, 55, 17, 46, 16, 50, 24, 43, 51, 60, 26, 14, 53, 38, 1, 59, 28, 5, 49, 47, 54, 36, 6, 34, 29, 33, 27, 39, 58, 7, 45, 3, 44, 35, 31, 8, 12, 10, 13, 57, 20, 19, 42]
OFV: 1016475.0	/ CPU: 26.088 seconds 	/ department sequence: [53, 44, 13, 8, 19, 22, 2, 4, 3, 7, 34, 33, 28, 24, 29, 23, 52, 43, 38, 25, 54, 16, 46, 17, 21, 37, 1, 45, 49, 42, 35, 41, 39, 55, 58, 51, 6, 14, 5, 36, 56, 59, 15, 27, 18, 50, 48, 26, 31, 30, 60, 40, 12, 47, 57, 32, 9, 20, 10, 11]
OFV: 1057108.0	/ CPU: 26.603 seconds 	/ department sequence: [11, 9, 44, 41, 4, 2, 26, 49, 58, 10, 15, 30, 34, 16, 14, 47, 5, 43, 52, 33, 36, 38, 21, 18, 24, 37, 32, 27, 54, 1, 45, 22, 39, 46, 50, 60, 25, 48, 28, 19, 12, 7, 59, 57, 56, 17, 6, 31, 53, 51, 3, 29, 20, 35, 23, 40, 42, 55, 13, 8]
-- AnKeVa60-2 result
--------------------------------------------
HostNestNum = 30, P_a = 0.0
--------------------------------------------
-- 2019-02-14 02:22 result data
OFV: 844896.0	/ CPU: 874.293 seconds 	/ department sequence: [53, 11, 10, 13, 41, 50, 29, 30, 9, 15, 42, 4, 14, 32, 40, 34, 21, 33, 28, 37, 56, 25, 5, 46, 24, 1, 45, 36, 18, 17, 52, 54, 39, 43, 58, 51, 26, 59, 55, 6, 60, 16, 38, 47, 49, 7, 27, 31, 3, 48, 2, 23, 8, 12, 19, 22, 57, 35, 44, 20]
