-- AnKeVa60-2 result
--------------------------------------------
HostNestNum = 45, P_a = 0.25
--------------------------------------------
-- 2019-02-14 06:08 result data
OFV: 848057.0	/ CPU: 2083.681 seconds 	/ department sequence: [11, 22, 50, 41, 9, 30, 15, 42, 29, 4, 2, 32, 14, 40, 21, 34, 33, 37, 36, 5, 46, 18, 24, 25, 45, 56, 17, 28, 52, 1, 54, 39, 58, 60, 16, 51, 59, 26, 43, 55, 6, 38, 47, 49, 7, 27, 31, 48, 19, 23, 3, 8, 12, 57, 13, 35, 10, 44, 20, 53]
-- AnKeVa60-2 result
--------------------------------------------
HostNestNum = 45, P_a = 0.25
--------------------------------------------
-- 2019-02-20 19:58 result data
OFV: 853889.0	/ CPU: 2627.009 seconds 	/ department sequence: [53, 44, 13, 35, 57, 29, 42, 12, 8, 3, 23, 48, 27, 7, 14, 40, 6, 33, 52, 54, 28, 38, 39, 59, 55, 26, 51, 60, 1, 58, 16, 24, 45, 56, 43, 17, 37, 46, 25, 34, 5, 18, 47, 36, 21, 32, 49, 31, 2, 4, 19, 15, 9, 30, 50, 41, 22, 10, 11, 20]
OFV: 842243.0	/ CPU: 1737.075 seconds 	/ department sequence: [53, 10, 13, 29, 41, 50, 30, 9, 15, 42, 14, 31, 40, 34, 32, 21, 33, 28, 37, 5, 56, 25, 46, 24, 36, 18, 1, 45, 17, 54, 52, 39, 43, 6, 60, 55, 59, 51, 26, 58, 16, 38, 47, 27, 7, 49, 3, 12, 48, 4, 23, 2, 8, 19, 22, 57, 35, 44, 11, 20]
OFV: 842026.0	/ CPU: 3965.807 seconds 	/ department sequence: [53, 10, 13, 41, 29, 50, 30, 9, 15, 42, 14, 31, 34, 40, 32, 21, 33, 28, 37, 56, 5, 25, 46, 24, 1, 36, 18, 45, 54, 17, 39, 52, 43, 6, 59, 26, 51, 55, 60, 58, 16, 38, 47, 27, 7, 49, 3, 12, 48, 4, 23, 2, 8, 19, 22, 57, 35, 44, 11, 20]
OFV: 848615.0	/ CPU: 3555.792 seconds 	/ department sequence: [20, 10, 13, 35, 57, 12, 42, 3, 8, 23, 27, 31, 48, 49, 7, 47, 6, 43, 38, 59, 55, 26, 51, 60, 16, 39, 58, 54, 52, 1, 28, 17, 56, 45, 40, 24, 18, 46, 25, 36, 37, 33, 5, 34, 21, 14, 32, 2, 4, 19, 9, 15, 30, 50, 29, 41, 22, 44, 11, 53]
OFV: 842040.0	/ CPU: 4135.223 seconds 	/ department sequence: [53, 10, 13, 41, 50, 29, 30, 9, 15, 42, 14, 31, 34, 40, 32, 21, 33, 28, 37, 56, 5, 25, 46, 24, 36, 18, 1, 54, 45, 17, 39, 52, 43, 6, 59, 51, 55, 26, 58, 60, 16, 38, 47, 27, 49, 7, 3, 4, 48, 12, 23, 2, 8, 19, 22, 57, 35, 44, 11, 20]
OFV: 842405.0	/ CPU: 2926.645 seconds 	/ department sequence: [53, 10, 13, 50, 41, 29, 30, 9, 15, 42, 14, 31, 34, 32, 40, 21, 33, 28, 56, 37, 5, 25, 24, 46, 36, 18, 1, 45, 52, 17, 39, 54, 43, 58, 51, 26, 59, 60, 55, 6, 16, 38, 47, 27, 7, 49, 3, 12, 48, 8, 23, 2, 4, 19, 57, 22, 35, 44, 11, 20]
OFV: 849987.0	/ CPU: 1952.555 seconds 	/ department sequence: [20, 11, 10, 22, 41, 30, 50, 9, 15, 19, 4, 2, 31, 32, 14, 21, 34, 36, 5, 18, 37, 25, 46, 33, 24, 56, 17, 45, 52, 1, 28, 54, 39, 43, 16, 60, 26, 51, 59, 55, 58, 38, 47, 6, 49, 40, 7, 27, 48, 23, 3, 8, 12, 42, 29, 57, 35, 13, 44, 53]
OFV: 842481.0	/ CPU: 1932.779 seconds 	/ department sequence: [53, 10, 13, 41, 29, 50, 30, 9, 15, 42, 14, 34, 31, 40, 32, 21, 33, 28, 56, 37, 5, 25, 24, 36, 46, 18, 54, 45, 1, 39, 17, 52, 43, 58, 59, 51, 26, 55, 6, 38, 16, 60, 47, 27, 49, 7, 3, 12, 48, 23, 4, 2, 8, 19, 22, 57, 35, 44, 11, 20]
OFV: 854296.0	/ CPU: 4525.020 seconds 	/ department sequence: [53, 44, 35, 13, 57, 29, 42, 12, 8, 3, 23, 48, 27, 7, 14, 33, 52, 28, 6, 56, 54, 39, 59, 55, 51, 26, 1, 60, 38, 16, 24, 58, 45, 43, 17, 37, 25, 46, 40, 47, 18, 5, 34, 36, 21, 49, 32, 31, 2, 4, 19, 15, 9, 30, 50, 41, 22, 10, 11, 20]
OFV: 842086.0	/ CPU: 2545.848 seconds 	/ department sequence: [53, 10, 13, 41, 29, 50, 30, 9, 15, 42, 8, 14, 32, 34, 40, 33, 28, 21, 56, 37, 25, 5, 24, 46, 1, 36, 17, 18, 45, 39, 54, 52, 43, 6, 51, 26, 59, 55, 58, 27, 60, 16, 38, 47, 7, 49, 31, 3, 12, 48, 23, 2, 4, 19, 22, 57, 35, 44, 11, 20]
