-- AnKeVa60-2 result
--------------------------------------------
HostNestNum = 10, P_a = 0.0
--------------------------------------------
-- 2019-01-12 15:12 result data
OFV: 1066134.0	/ CPU: 27.884 seconds 	/ department sequence: [10, 35, 27, 36, 20, 11, 53, 8, 9, 2, 4, 3, 7, 33, 13, 21, 14, 37, 15, 49, 34, 46, 45, 25, 5, 1, 6, 51, 16, 40, 24, 18, 30, 17, 39, 60, 43, 32, 50, 52, 28, 54, 55, 47, 42, 31, 26, 19, 22, 12, 23, 41, 38, 59, 29, 58, 56, 48, 57, 44]
OFV: 1076537.0	/ CPU: 15.527 seconds 	/ department sequence: [47, 11, 23, 10, 35, 20, 41, 13, 21, 12, 49, 31, 48, 57, 43, 40, 38, 32, 28, 16, 24, 19, 36, 25, 34, 27, 18, 1, 5, 33, 7, 59, 58, 6, 14, 26, 22, 50, 51, 17, 45, 30, 37, 52, 54, 56, 53, 39, 46, 15, 55, 3, 4, 2, 42, 44, 8, 9, 60, 29]
OFV: 1036816.0	/ CPU: 33.633 seconds 	/ department sequence: [31, 11, 9, 10, 42, 53, 13, 15, 32, 23, 50, 19, 28, 49, 44, 39, 38, 29, 35, 6, 43, 30, 5, 1, 59, 54, 26, 46, 33, 27, 55, 25, 51, 37, 58, 45, 41, 40, 60, 24, 21, 36, 16, 17, 18, 34, 7, 14, 3, 4, 12, 8, 56, 20, 22, 48, 57, 47, 52, 2]
OFV: 1016450.0	/ CPU: 34.961 seconds 	/ department sequence: [9, 30, 13, 50, 15, 40, 27, 57, 36, 8, 12, 23, 3, 6, 51, 55, 43, 25, 39, 42, 46, 38, 34, 58, 14, 1, 17, 33, 45, 29, 26, 59, 56, 54, 24, 52, 19, 28, 32, 60, 5, 49, 37, 21, 7, 16, 18, 2, 53, 10, 48, 44, 47, 31, 20, 4, 11, 22, 35, 41]
OFV: 1064647.0	/ CPU: 14.559 seconds 	/ department sequence: [37, 35, 41, 10, 44, 11, 8, 9, 54, 48, 47, 57, 32, 60, 43, 34, 19, 23, 39, 15, 5, 24, 33, 18, 14, 1, 21, 16, 45, 26, 25, 27, 50, 59, 46, 51, 58, 56, 42, 40, 36, 49, 28, 6, 7, 12, 17, 31, 38, 3, 4, 2, 13, 20, 22, 55, 29, 53, 52, 30]
OFV: 1036645.0	/ CPU: 33.304 seconds 	/ department sequence: [54, 27, 35, 10, 13, 8, 3, 7, 12, 56, 33, 29, 23, 38, 16, 50, 30, 31, 46, 42, 6, 48, 57, 40, 47, 45, 51, 43, 59, 1, 49, 58, 28, 26, 25, 18, 24, 36, 55, 17, 37, 52, 41, 21, 39, 5, 32, 2, 4, 22, 15, 11, 19, 9, 14, 53, 20, 44, 34, 60]
OFV: 1037902.0	/ CPU: 25.916 seconds 	/ department sequence: [10, 13, 42, 34, 30, 9, 4, 29, 21, 36, 15, 20, 45, 27, 41, 25, 43, 14, 32, 18, 55, 5, 22, 24, 1, 60, 37, 39, 17, 59, 51, 53, 40, 58, 23, 16, 6, 7, 56, 47, 46, 26, 54, 38, 28, 49, 31, 33, 3, 12, 48, 2, 35, 44, 19, 52, 11, 8, 57, 50]
OFV: 1069703.0	/ CPU: 15.215 seconds 	/ department sequence: [22, 23, 4, 20, 2, 3, 51, 26, 6, 7, 18, 12, 36, 8, 55, 52, 57, 24, 30, 43, 27, 17, 19, 56, 59, 29, 48, 60, 15, 16, 40, 38, 39, 1, 21, 25, 28, 46, 45, 32, 35, 54, 5, 49, 37, 41, 44, 33, 47, 34, 31, 42, 14, 50, 53, 58, 9, 13, 11, 10]
OFV: 1009263.0	/ CPU: 39.335 seconds 	/ department sequence: [20, 10, 13, 35, 53, 12, 8, 11, 3, 9, 4, 7, 49, 6, 39, 54, 45, 14, 15, 16, 51, 59, 42, 40, 41, 21, 26, 1, 32, 17, 24, 37, 46, 25, 19, 27, 34, 18, 5, 60, 29, 38, 28, 33, 55, 36, 47, 52, 48, 58, 56, 57, 50, 43, 31, 2, 22, 23, 44, 30]
OFV: 1033013.0	/ CPU: 38.788 seconds 	/ department sequence: [27, 22, 13, 12, 10, 41, 3, 7, 29, 39, 6, 59, 42, 23, 24, 30, 31, 21, 36, 48, 26, 40, 43, 25, 1, 46, 56, 33, 51, 32, 28, 54, 52, 16, 18, 50, 5, 38, 34, 45, 55, 14, 37, 35, 47, 60, 9, 58, 17, 2, 15, 4, 11, 8, 44, 53, 19, 20, 57, 49]
-- AnKeVa60-2 result
--------------------------------------------
HostNestNum = 10, P_a = 0.0
--------------------------------------------
-- 2019-02-14 00:56 result data
OFV: 849587.0	/ CPU: 351.279 seconds 	/ department sequence: [53, 20, 10, 13, 35, 57, 42, 12, 3, 8, 23, 27, 48, 49, 7, 6, 40, 47, 38, 55, 43, 59, 26, 51, 16, 60, 58, 39, 28, 54, 56, 1, 17, 45, 52, 25, 24, 33, 46, 18, 34, 37, 36, 5, 21, 14, 32, 31, 2, 4, 19, 9, 30, 15, 29, 50, 41, 22, 44, 11]
