-- AnKeVa60-2 result
--------------------------------------------
HostNestNum = 15, P_a = 0.25
--------------------------------------------
-- 2019-01-12 16:55 result data
OFV: 1048230.0	/ CPU: 122.222 seconds 	/ department sequence: [26, 30, 23, 20, 11, 22, 41, 29, 12, 8, 9, 19, 28, 14, 49, 55, 35, 33, 32, 40, 37, 17, 5, 25, 31, 34, 18, 16, 46, 1, 59, 60, 57, 54, 45, 56, 43, 51, 24, 21, 58, 52, 36, 27, 48, 44, 38, 6, 7, 39, 3, 53, 15, 47, 4, 2, 42, 50, 13, 10]
OFV: 1034945.0	/ CPU: 118.831 seconds 	/ department sequence: [9, 10, 42, 52, 44, 12, 31, 32, 41, 15, 14, 29, 4, 5, 60, 34, 25, 49, 39, 45, 19, 43, 1, 51, 26, 36, 46, 57, 17, 24, 23, 18, 55, 21, 33, 22, 27, 56, 40, 38, 50, 16, 54, 53, 59, 48, 6, 58, 37, 7, 35, 47, 28, 3, 2, 8, 11, 20, 30, 13]
OFV: 1043530.0	/ CPU: 90.697 seconds 	/ department sequence: [42, 40, 56, 12, 28, 8, 53, 3, 6, 51, 7, 20, 60, 29, 19, 15, 23, 54, 45, 16, 37, 59, 48, 33, 39, 46, 27, 1, 50, 58, 17, 30, 49, 18, 26, 25, 21, 34, 55, 38, 47, 5, 52, 43, 24, 31, 14, 32, 36, 2, 4, 9, 10, 22, 11, 41, 44, 13, 35, 57]
OFV: 1048309.0	/ CPU: 67.266 seconds 	/ department sequence: [44, 29, 11, 13, 20, 8, 10, 2, 19, 48, 4, 3, 7, 49, 43, 46, 45, 56, 32, 5, 6, 52, 15, 59, 55, 26, 47, 38, 1, 37, 18, 24, 34, 31, 51, 57, 30, 16, 25, 17, 53, 39, 58, 14, 54, 12, 28, 23, 21, 41, 60, 27, 36, 40, 50, 9, 42, 33, 22, 35]
OFV: 1013095.0	/ CPU: 164.461 seconds 	/ department sequence: [23, 19, 11, 9, 22, 2, 4, 32, 47, 50, 3, 49, 16, 7, 30, 58, 25, 18, 31, 5, 39, 52, 43, 27, 45, 21, 56, 51, 55, 36, 60, 24, 1, 33, 6, 48, 34, 41, 59, 38, 35, 28, 46, 17, 12, 54, 42, 29, 10, 40, 26, 15, 8, 14, 13, 44, 57, 53, 37, 20]
OFV: 964039.0	/ CPU: 172.631 seconds 	/ department sequence: [22, 9, 30, 57, 13, 52, 14, 15, 19, 31, 44, 27, 56, 50, 48, 5, 54, 45, 49, 46, 51, 38, 32, 40, 17, 18, 59, 41, 21, 60, 16, 36, 1, 43, 37, 24, 55, 33, 26, 58, 39, 47, 28, 25, 7, 4, 6, 2, 23, 12, 8, 34, 3, 42, 35, 10, 29, 11, 20, 53]
OFV: 1036311.0	/ CPU: 80.622 seconds 	/ department sequence: [50, 13, 12, 10, 11, 8, 41, 27, 56, 44, 35, 30, 19, 20, 14, 32, 9, 6, 7, 5, 17, 51, 49, 54, 36, 39, 40, 34, 55, 24, 1, 16, 15, 60, 37, 21, 18, 38, 52, 59, 47, 45, 25, 58, 28, 33, 22, 46, 57, 26, 3, 4, 42, 53, 31, 43, 48, 2, 23, 29]
OFV: 992474.0	/ CPU: 117.785 seconds 	/ department sequence: [11, 13, 10, 48, 8, 50, 22, 2, 12, 3, 4, 43, 21, 59, 42, 58, 47, 7, 6, 52, 38, 26, 49, 39, 51, 46, 60, 27, 56, 45, 1, 31, 54, 55, 18, 23, 25, 16, 17, 29, 40, 5, 28, 24, 33, 41, 36, 37, 34, 19, 30, 9, 53, 57, 14, 35, 44, 15, 20, 32]
OFV: 1056379.0	/ CPU: 65.547 seconds 	/ department sequence: [49, 41, 12, 35, 39, 42, 13, 20, 3, 7, 34, 6, 60, 50, 59, 36, 47, 46, 55, 30, 28, 43, 40, 57, 56, 54, 38, 27, 21, 1, 24, 18, 33, 37, 48, 52, 45, 17, 25, 26, 16, 51, 58, 5, 15, 14, 4, 2, 22, 9, 8, 11, 19, 10, 31, 29, 23, 32, 44, 53]
OFV: 981965.0	/ CPU: 193.267 seconds 	/ department sequence: [20, 12, 8, 35, 11, 44, 29, 49, 42, 3, 4, 2, 21, 55, 45, 48, 38, 32, 37, 24, 52, 25, 26, 19, 50, 34, 56, 58, 51, 46, 1, 54, 16, 59, 18, 40, 17, 60, 36, 39, 47, 5, 33, 27, 23, 43, 6, 7, 14, 30, 15, 9, 10, 13, 22, 28, 31, 41, 57, 53]
-- AnKeVa60-2 result
--------------------------------------------
HostNestNum = 15, P_a = 0.25
--------------------------------------------
-- 2019-02-14 01:56 result data
OFV: 842077.0	/ CPU: 801.310 seconds 	/ department sequence: [53, 10, 13, 41, 50, 29, 30, 9, 15, 42, 8, 14, 34, 28, 32, 40, 33, 21, 56, 37, 25, 24, 5, 1, 46, 39, 54, 17, 45, 18, 36, 52, 43, 6, 59, 51, 26, 55, 16, 60, 58, 27, 38, 47, 7, 49, 31, 3, 12, 48, 23, 2, 4, 19, 57, 22, 35, 44, 11, 20]
-- AnKeVa60-2 result
--------------------------------------------
HostNestNum = 15, P_a = 0.25
--------------------------------------------
-- 2019-02-20 03:41 result data
OFV: 874775.0	/ CPU: 877.646 seconds 	/ department sequence: [53, 44, 10, 35, 13, 30, 29, 50, 8, 2, 23, 19, 31, 48, 27, 49, 7, 28, 56, 33, 21, 5, 36, 18, 16, 54, 39, 45, 26, 60, 1, 24, 55, 51, 59, 46, 38, 17, 25, 58, 6, 43, 37, 52, 47, 34, 40, 32, 14, 3, 12, 15, 4, 9, 42, 41, 57, 22, 11, 20]
OFV: 842534.0	/ CPU: 588.264 seconds 	/ department sequence: [53, 10, 13, 41, 29, 50, 30, 9, 15, 42, 12, 8, 14, 34, 28, 40, 32, 21, 33, 37, 56, 25, 1, 24, 5, 54, 39, 17, 45, 18, 46, 36, 52, 6, 26, 59, 51, 43, 55, 60, 16, 58, 27, 38, 47, 7, 3, 31, 49, 48, 23, 2, 4, 19, 22, 57, 35, 44, 11, 20]
OFV: 848619.0	/ CPU: 559.792 seconds 	/ department sequence: [11, 44, 22, 41, 50, 29, 30, 15, 9, 4, 19, 2, 32, 14, 21, 34, 5, 36, 37, 33, 18, 24, 46, 25, 52, 45, 1, 56, 17, 40, 54, 28, 58, 39, 60, 16, 51, 26, 59, 55, 43, 38, 6, 47, 49, 7, 48, 27, 31, 23, 8, 3, 12, 42, 57, 35, 13, 10, 20, 53]
OFV: 860362.0	/ CPU: 1432.954 seconds 	/ department sequence: [53, 20, 44, 10, 35, 13, 30, 29, 8, 12, 23, 3, 2, 31, 48, 27, 7, 56, 6, 33, 28, 52, 54, 60, 39, 59, 26, 1, 51, 55, 38, 43, 16, 58, 24, 17, 45, 37, 46, 25, 18, 36, 5, 47, 34, 21, 32, 40, 14, 49, 19, 42, 4, 15, 9, 50, 41, 57, 22, 11]
OFV: 842275.0	/ CPU: 915.400 seconds 	/ department sequence: [20, 11, 44, 35, 57, 22, 19, 4, 2, 23, 48, 31, 49, 3, 7, 47, 27, 60, 38, 16, 58, 26, 55, 51, 59, 43, 6, 52, 36, 18, 45, 17, 46, 39, 54, 1, 5, 24, 25, 37, 56, 21, 33, 28, 32, 40, 34, 14, 12, 8, 42, 15, 9, 41, 50, 29, 30, 13, 10, 53]
OFV: 859368.0	/ CPU: 1106.762 seconds 	/ department sequence: [20, 11, 44, 22, 57, 30, 9, 19, 4, 2, 31, 60, 48, 49, 32, 47, 21, 5, 36, 18, 38, 46, 25, 17, 16, 45, 58, 43, 51, 55, 24, 26, 59, 56, 39, 1, 37, 54, 6, 52, 7, 40, 33, 34, 28, 27, 14, 23, 15, 3, 8, 12, 42, 41, 29, 50, 35, 13, 10, 53]
OFV: 845646.0	/ CPU: 745.463 seconds 	/ department sequence: [20, 11, 35, 57, 22, 42, 4, 19, 2, 23, 12, 3, 48, 49, 7, 27, 47, 60, 38, 16, 58, 55, 26, 51, 59, 6, 43, 40, 18, 45, 54, 39, 17, 1, 52, 36, 46, 37, 24, 25, 56, 28, 5, 21, 33, 34, 32, 31, 14, 8, 15, 9, 50, 30, 29, 41, 13, 10, 44, 53]
OFV: 850446.0	/ CPU: 1121.209 seconds 	/ department sequence: [53, 44, 10, 22, 41, 29, 30, 50, 15, 9, 19, 4, 31, 32, 14, 21, 34, 5, 33, 36, 37, 46, 25, 24, 18, 52, 28, 45, 17, 1, 56, 40, 54, 39, 43, 16, 60, 58, 59, 51, 55, 26, 38, 47, 6, 49, 7, 27, 48, 2, 23, 3, 8, 12, 42, 57, 35, 13, 11, 20]
OFV: 847897.0	/ CPU: 893.360 seconds 	/ department sequence: [53, 44, 10, 35, 13, 41, 30, 50, 29, 9, 15, 8, 14, 32, 33, 34, 21, 40, 28, 56, 5, 25, 24, 37, 36, 1, 39, 54, 18, 17, 46, 45, 52, 43, 58, 16, 59, 51, 26, 60, 55, 6, 38, 47, 27, 7, 49, 31, 3, 48, 12, 23, 2, 19, 4, 42, 57, 22, 11, 20]
OFV: 848215.0	/ CPU: 1361.608 seconds 	/ department sequence: [53, 44, 10, 13, 29, 41, 30, 50, 9, 15, 22, 19, 31, 14, 32, 21, 34, 40, 33, 5, 37, 25, 24, 46, 36, 18, 45, 17, 1, 56, 28, 52, 54, 39, 43, 16, 58, 51, 59, 60, 55, 26, 38, 6, 47, 49, 7, 27, 48, 4, 2, 23, 3, 8, 12, 42, 57, 35, 11, 20]
