-- AnKeVa60-2 result
--------------------------------------------
HostNestNum = 15, P_a = 0.0
--------------------------------------------
-- 2019-01-12 16:15 result data
OFV: 1025253.0	/ CPU: 17.667 seconds 	/ department sequence: [30, 44, 11, 22, 57, 20, 4, 2, 36, 29, 23, 19, 17, 47, 18, 38, 12, 43, 15, 16, 58, 31, 6, 5, 40, 42, 26, 46, 37, 39, 48, 24, 25, 51, 1, 54, 34, 32, 45, 50, 52, 33, 56, 55, 7, 28, 21, 27, 60, 3, 53, 35, 59, 8, 49, 10, 41, 13, 9, 14]
OFV: 986099.0	/ CPU: 19.402 seconds 	/ department sequence: [30, 9, 53, 13, 27, 8, 35, 12, 15, 10, 42, 3, 14, 21, 33, 17, 5, 39, 34, 54, 50, 25, 1, 36, 29, 40, 41, 55, 49, 45, 59, 32, 46, 24, 52, 26, 43, 18, 56, 60, 38, 31, 48, 6, 16, 37, 47, 28, 22, 7, 51, 2, 4, 20, 19, 23, 11, 58, 44, 57]
OFV: 1018453.0	/ CPU: 20.808 seconds 	/ department sequence: [20, 19, 22, 30, 9, 8, 11, 44, 2, 4, 3, 46, 7, 25, 6, 5, 18, 32, 51, 17, 37, 38, 21, 34, 48, 60, 40, 26, 52, 36, 59, 39, 43, 1, 55, 54, 24, 45, 23, 57, 56, 33, 16, 14, 15, 50, 31, 28, 49, 47, 41, 13, 12, 10, 27, 35, 29, 53, 42, 58]
OFV: 1087347.0	/ CPU: 13.450 seconds 	/ department sequence: [33, 29, 35, 22, 13, 41, 15, 2, 3, 54, 7, 51, 8, 32, 50, 58, 44, 59, 43, 60, 56, 38, 48, 25, 1, 47, 24, 28, 46, 5, 6, 26, 55, 27, 23, 18, 17, 40, 49, 57, 53, 45, 39, 30, 37, 16, 14, 42, 31, 36, 21, 34, 4, 19, 20, 12, 52, 9, 10, 11]
OFV: 979224.0	/ CPU: 26.681 seconds 	/ department sequence: [53, 44, 29, 9, 50, 11, 15, 8, 4, 2, 7, 34, 37, 45, 22, 49, 48, 55, 46, 36, 19, 38, 5, 6, 52, 51, 24, 26, 60, 16, 14, 59, 1, 56, 33, 32, 27, 25, 43, 58, 18, 17, 30, 28, 39, 54, 57, 21, 47, 3, 41, 42, 31, 12, 20, 35, 10, 23, 40, 13]
OFV: 1046091.0	/ CPU: 25.338 seconds 	/ department sequence: [29, 22, 20, 8, 7, 11, 2, 4, 3, 59, 6, 47, 12, 25, 17, 16, 27, 28, 40, 35, 56, 55, 60, 38, 5, 43, 37, 1, 24, 19, 52, 39, 49, 34, 41, 46, 36, 51, 18, 50, 31, 26, 30, 21, 32, 33, 58, 57, 45, 42, 48, 54, 15, 14, 23, 53, 9, 13, 44, 10]
OFV: 1024643.0	/ CPU: 12.715 seconds 	/ department sequence: [44, 58, 13, 53, 40, 41, 27, 29, 35, 15, 3, 26, 34, 12, 24, 39, 42, 33, 7, 6, 37, 56, 54, 14, 5, 1, 32, 28, 36, 16, 60, 45, 43, 51, 25, 59, 17, 21, 55, 46, 52, 20, 48, 18, 57, 50, 47, 30, 23, 10, 31, 8, 9, 38, 49, 4, 2, 19, 11, 22]
OFV: 1034916.0	/ CPU: 50.957 seconds 	/ department sequence: [11, 41, 42, 10, 44, 35, 31, 22, 29, 19, 4, 48, 3, 7, 39, 47, 21, 57, 36, 23, 25, 45, 55, 17, 16, 38, 43, 24, 52, 60, 18, 46, 1, 5, 40, 6, 27, 32, 56, 51, 14, 15, 53, 34, 59, 49, 54, 30, 58, 33, 9, 28, 37, 2, 8, 20, 26, 50, 12, 13]
OFV: 1031199.0	/ CPU: 15.168 seconds 	/ department sequence: [12, 13, 8, 14, 9, 11, 23, 20, 44, 55, 21, 29, 25, 28, 30, 34, 27, 39, 33, 38, 56, 5, 1, 6, 46, 26, 16, 32, 59, 17, 47, 54, 45, 7, 18, 24, 60, 41, 58, 36, 48, 50, 19, 40, 37, 22, 31, 42, 49, 52, 51, 43, 3, 2, 4, 15, 35, 10, 57, 53]
OFV: 1006310.0	/ CPU: 16.575 seconds 	/ department sequence: [44, 22, 48, 23, 35, 19, 57, 53, 2, 60, 41, 21, 17, 30, 29, 32, 15, 59, 18, 27, 43, 40, 37, 45, 55, 39, 46, 25, 6, 5, 1, 58, 56, 51, 52, 49, 54, 31, 36, 47, 16, 28, 33, 38, 7, 42, 24, 26, 14, 3, 12, 4, 13, 10, 20, 34, 50, 8, 11, 9]
-- AnKeVa60-2 result
--------------------------------------------
HostNestNum = 15, P_a = 0.0
--------------------------------------------
-- 2019-02-14 01:23 result data
OFV: 842171.0	/ CPU: 757.366 seconds 	/ department sequence: [53, 10, 13, 50, 29, 41, 30, 9, 15, 42, 8, 14, 34, 32, 40, 28, 33, 21, 37, 56, 25, 5, 46, 24, 54, 1, 36, 39, 17, 18, 45, 52, 43, 6, 51, 59, 26, 55, 58, 16, 38, 60, 47, 27, 7, 49, 31, 3, 12, 48, 23, 2, 4, 19, 22, 57, 35, 44, 11, 20]
