-- AnKeVa60-2 result
--------------------------------------------
HostNestNum = 15, P_a = 0.35
--------------------------------------------
-- 2019-01-12 17:15 result data
OFV: 1023139.0	/ CPU: 90.088 seconds 	/ department sequence: [10, 20, 11, 9, 8, 12, 13, 22, 41, 57, 32, 21, 18, 40, 56, 59, 30, 38, 16, 28, 17, 31, 26, 49, 25, 52, 34, 15, 60, 50, 1, 54, 37, 46, 39, 43, 29, 24, 36, 14, 42, 51, 55, 45, 5, 6, 44, 7, 27, 47, 58, 33, 3, 4, 2, 19, 35, 23, 48, 53]
OFV: 1046832.0	/ CPU: 172.006 seconds 	/ department sequence: [29, 11, 9, 8, 10, 2, 4, 54, 42, 32, 30, 56, 34, 45, 48, 31, 50, 60, 47, 19, 16, 25, 46, 5, 38, 33, 44, 21, 51, 24, 1, 55, 27, 43, 57, 59, 17, 18, 26, 36, 40, 41, 14, 37, 39, 7, 12, 13, 52, 6, 3, 15, 49, 23, 22, 53, 28, 58, 35, 20]
OFV: 1002059.0	/ CPU: 261.345 seconds 	/ department sequence: [23, 56, 58, 22, 60, 41, 11, 2, 8, 9, 4, 33, 32, 19, 47, 7, 34, 50, 5, 6, 59, 17, 38, 55, 46, 45, 14, 39, 16, 36, 24, 1, 18, 21, 54, 52, 26, 28, 49, 25, 31, 43, 29, 35, 27, 51, 12, 40, 57, 42, 37, 48, 3, 15, 30, 10, 13, 20, 44, 53]
OFV: 1033299.0	/ CPU: 174.444 seconds 	/ department sequence: [11, 44, 53, 22, 57, 42, 4, 2, 60, 12, 38, 32, 54, 15, 48, 14, 23, 19, 59, 37, 35, 26, 47, 40, 36, 49, 6, 51, 18, 1, 5, 45, 17, 46, 50, 25, 29, 56, 41, 58, 52, 55, 34, 39, 24, 16, 8, 33, 7, 28, 9, 21, 3, 20, 30, 13, 10, 31, 27, 43]
OFV: 983424.0	/ CPU: 134.421 seconds 	/ department sequence: [53, 13, 27, 22, 10, 11, 9, 57, 8, 2, 4, 3, 7, 40, 50, 6, 32, 24, 16, 36, 39, 56, 41, 58, 38, 37, 31, 54, 43, 25, 46, 55, 17, 1, 5, 60, 34, 59, 45, 33, 26, 51, 18, 15, 49, 21, 23, 19, 47, 28, 14, 12, 48, 52, 35, 44, 30, 29, 20, 42]
OFV: 1044167.0	/ CPU: 92.057 seconds 	/ department sequence: [52, 60, 35, 50, 53, 28, 20, 15, 14, 57, 10, 13, 12, 3, 58, 49, 26, 17, 55, 31, 27, 46, 34, 36, 54, 41, 25, 23, 22, 47, 39, 16, 51, 1, 37, 24, 40, 59, 7, 29, 6, 5, 45, 38, 43, 21, 18, 48, 30, 33, 56, 2, 4, 19, 42, 44, 32, 9, 8, 11]
OFV: 1035292.0	/ CPU: 111.380 seconds 	/ department sequence: [57, 35, 31, 30, 9, 10, 43, 29, 37, 56, 49, 28, 32, 47, 42, 23, 26, 44, 45, 33, 55, 60, 39, 38, 46, 41, 58, 16, 21, 34, 18, 36, 59, 1, 25, 5, 17, 40, 48, 14, 52, 6, 15, 7, 27, 13, 24, 51, 19, 50, 54, 3, 8, 12, 2, 4, 22, 20, 11, 53]
OFV: 1014936.0	/ CPU: 170.491 seconds 	/ department sequence: [42, 53, 11, 15, 34, 33, 20, 30, 4, 45, 9, 41, 14, 3, 12, 43, 36, 46, 28, 24, 26, 23, 5, 1, 39, 59, 60, 37, 18, 25, 6, 58, 16, 31, 54, 49, 50, 57, 38, 55, 52, 51, 21, 47, 56, 32, 27, 19, 17, 7, 2, 22, 8, 35, 29, 44, 48, 40, 10, 13]
OFV: 1046336.0	/ CPU: 70.608 seconds 	/ department sequence: [13, 11, 9, 8, 2, 3, 14, 45, 10, 27, 46, 7, 28, 21, 40, 30, 26, 55, 35, 56, 33, 32, 39, 12, 18, 5, 6, 1, 15, 58, 17, 24, 51, 16, 29, 54, 48, 59, 52, 36, 47, 43, 19, 60, 38, 23, 25, 44, 22, 41, 42, 31, 34, 37, 53, 4, 20, 49, 50, 57]
OFV: 1028563.0	/ CPU: 105.788 seconds 	/ department sequence: [44, 57, 22, 13, 42, 12, 2, 4, 3, 7, 6, 51, 60, 53, 47, 50, 26, 37, 25, 46, 54, 55, 34, 41, 39, 38, 56, 33, 59, 1, 14, 27, 23, 5, 30, 28, 16, 17, 49, 24, 19, 52, 45, 43, 21, 36, 58, 18, 32, 40, 31, 29, 8, 15, 20, 35, 48, 11, 9, 10]
-- AnKeVa60-2 result
--------------------------------------------
HostNestNum = 15, P_a = 0.35
--------------------------------------------
-- 2019-02-14 02:09 result data
OFV: 857151.0	/ CPU: 766.321 seconds 	/ department sequence: [20, 11, 44, 22, 57, 50, 19, 4, 15, 2, 23, 48, 31, 49, 32, 7, 38, 47, 60, 40, 36, 58, 18, 16, 59, 55, 51, 26, 45, 17, 46, 43, 6, 52, 5, 54, 24, 39, 1, 25, 56, 37, 21, 34, 28, 33, 27, 14, 3, 12, 8, 29, 42, 9, 30, 41, 35, 13, 10, 53]
-- AnKeVa60-2 result
--------------------------------------------
HostNestNum = 15, P_a = 0.35
--------------------------------------------
-- 2019-02-20 06:21 result data
OFV: 860150.0	/ CPU: 614.858 seconds 	/ department sequence: [20, 11, 22, 57, 41, 50, 9, 4, 19, 15, 2, 31, 49, 32, 47, 21, 36, 18, 60, 5, 38, 17, 58, 46, 25, 16, 37, 43, 55, 45, 51, 1, 24, 26, 59, 56, 39, 54, 6, 34, 52, 28, 33, 40, 7, 14, 27, 48, 23, 3, 8, 12, 42, 30, 29, 13, 35, 10, 44, 53]
OFV: 843901.0	/ CPU: 846.958 seconds 	/ department sequence: [53, 10, 13, 29, 50, 41, 30, 9, 42, 15, 14, 12, 34, 40, 32, 21, 33, 37, 28, 56, 5, 25, 24, 1, 54, 52, 46, 39, 45, 18, 17, 36, 43, 6, 59, 26, 51, 55, 60, 58, 16, 27, 38, 47, 7, 3, 31, 49, 48, 8, 23, 2, 4, 19, 22, 57, 35, 44, 11, 20]
OFV: 848067.0	/ CPU: 1006.330 seconds 	/ department sequence: [11, 22, 41, 50, 9, 30, 15, 29, 42, 4, 19, 2, 32, 14, 21, 40, 34, 37, 33, 5, 36, 18, 46, 24, 25, 1, 28, 45, 17, 56, 52, 54, 39, 43, 58, 16, 51, 26, 59, 60, 55, 6, 38, 47, 49, 7, 31, 27, 48, 23, 3, 8, 12, 57, 13, 35, 10, 44, 20, 53]
OFV: 842419.0	/ CPU: 1700.105 seconds 	/ department sequence: [20, 11, 44, 35, 57, 22, 19, 4, 2, 23, 48, 49, 31, 3, 7, 47, 38, 27, 16, 60, 55, 58, 51, 43, 26, 59, 6, 52, 36, 18, 46, 45, 17, 54, 39, 1, 5, 24, 25, 37, 56, 33, 28, 21, 32, 40, 34, 14, 12, 8, 42, 15, 9, 30, 29, 41, 50, 13, 10, 53]
OFV: 858442.0	/ CPU: 452.427 seconds 	/ department sequence: [20, 11, 22, 57, 50, 19, 9, 4, 2, 23, 48, 31, 49, 32, 60, 47, 38, 36, 5, 18, 16, 46, 58, 45, 51, 55, 26, 59, 17, 6, 43, 56, 25, 24, 39, 1, 54, 37, 52, 21, 40, 33, 34, 28, 7, 27, 14, 3, 15, 8, 12, 42, 30, 29, 41, 35, 13, 10, 44, 53]
OFV: 842536.0	/ CPU: 496.302 seconds 	/ department sequence: [20, 11, 44, 35, 22, 57, 8, 19, 2, 23, 48, 12, 4, 3, 49, 7, 27, 47, 38, 16, 58, 55, 59, 60, 51, 26, 6, 43, 17, 45, 39, 1, 54, 52, 18, 46, 36, 24, 25, 37, 5, 56, 28, 33, 21, 32, 40, 34, 31, 14, 42, 15, 9, 30, 50, 41, 29, 13, 10, 53]
OFV: 859249.0	/ CPU: 805.180 seconds 	/ department sequence: [20, 11, 44, 22, 57, 30, 9, 19, 4, 2, 31, 60, 48, 49, 32, 47, 21, 5, 36, 38, 18, 46, 16, 25, 17, 58, 45, 43, 24, 51, 59, 26, 55, 56, 1, 37, 39, 6, 54, 52, 7, 34, 33, 28, 40, 27, 23, 14, 3, 8, 12, 15, 42, 29, 50, 41, 35, 13, 10, 53]
OFV: 850567.0	/ CPU: 1742.460 seconds 	/ department sequence: [11, 22, 50, 41, 30, 9, 29, 15, 19, 4, 2, 31, 32, 14, 34, 21, 5, 36, 37, 18, 46, 25, 24, 33, 52, 45, 17, 40, 1, 56, 43, 54, 16, 39, 60, 26, 51, 28, 59, 58, 55, 6, 38, 47, 7, 49, 27, 48, 23, 8, 3, 42, 12, 57, 35, 13, 10, 44, 20, 53]
OFV: 842475.0	/ CPU: 672.944 seconds 	/ department sequence: [53, 10, 13, 30, 29, 41, 50, 9, 42, 15, 8, 14, 34, 32, 28, 40, 33, 21, 56, 37, 25, 5, 46, 1, 24, 39, 17, 54, 45, 18, 36, 52, 6, 43, 58, 51, 59, 55, 26, 27, 16, 60, 38, 47, 49, 7, 3, 31, 48, 12, 23, 4, 2, 19, 22, 57, 35, 44, 11, 20]
OFV: 848804.0	/ CPU: 707.240 seconds 	/ department sequence: [11, 44, 22, 41, 50, 29, 30, 15, 9, 4, 19, 2, 32, 14, 21, 33, 5, 34, 36, 37, 18, 46, 25, 24, 52, 45, 17, 28, 1, 56, 58, 54, 16, 39, 60, 51, 59, 26, 55, 43, 38, 47, 6, 40, 49, 7, 31, 48, 27, 23, 8, 3, 42, 12, 57, 35, 13, 10, 20, 53]
