-- AnKeVa60-2 result
--------------------------------------------
HostNestNum = 45, P_a = 0.35
--------------------------------------------
-- 2019-02-14 06:42 result data
OFV: 842116.0	/ CPU: 1980.303 seconds 	/ department sequence: [53, 10, 13, 41, 50, 30, 9, 29, 42, 15, 8, 14, 34, 32, 40, 33, 28, 21, 56, 37, 25, 5, 24, 54, 1, 46, 39, 17, 45, 18, 36, 52, 6, 43, 59, 55, 51, 26, 58, 16, 38, 47, 60, 27, 7, 49, 31, 3, 12, 48, 23, 2, 4, 19, 22, 57, 35, 44, 11, 20]
-- AnKeVa60-2 result
--------------------------------------------
HostNestNum = 45, P_a = 0.35
--------------------------------------------
-- 2019-02-21 04:16 result data
OFV: 848522.0	/ CPU: 2754.268 seconds 	/ department sequence: [53, 20, 10, 13, 35, 57, 12, 42, 3, 8, 23, 31, 27, 48, 49, 7, 47, 38, 6, 43, 59, 55, 26, 51, 58, 16, 39, 54, 60, 1, 40, 28, 56, 17, 45, 52, 25, 24, 18, 46, 37, 36, 33, 5, 34, 21, 14, 32, 2, 4, 19, 9, 15, 30, 50, 29, 41, 22, 44, 11]
OFV: 848102.0	/ CPU: 1868.348 seconds 	/ department sequence: [53, 20, 10, 44, 35, 13, 57, 12, 8, 3, 23, 19, 48, 31, 27, 7, 49, 47, 38, 6, 55, 43, 60, 26, 59, 51, 16, 58, 39, 54, 1, 52, 56, 45, 17, 28, 25, 24, 18, 46, 5, 33, 36, 37, 34, 21, 40, 14, 32, 2, 4, 42, 15, 29, 30, 9, 50, 41, 22, 11]
OFV: 842048.0	/ CPU: 1896.508 seconds 	/ department sequence: [53, 10, 13, 29, 41, 50, 30, 9, 42, 15, 14, 31, 34, 40, 32, 21, 28, 33, 37, 56, 5, 25, 24, 46, 36, 18, 17, 45, 1, 54, 39, 52, 43, 6, 26, 51, 59, 55, 60, 58, 16, 38, 47, 27, 7, 49, 3, 12, 48, 23, 8, 2, 4, 19, 57, 22, 35, 44, 11, 20]
OFV: 856587.0	/ CPU: 2850.607 seconds 	/ department sequence: [11, 44, 22, 41, 50, 30, 9, 15, 19, 4, 2, 31, 49, 32, 48, 21, 5, 36, 18, 47, 60, 46, 37, 25, 17, 38, 58, 16, 45, 24, 43, 26, 1, 51, 59, 55, 39, 54, 56, 52, 34, 33, 28, 6, 40, 7, 14, 27, 23, 29, 8, 3, 42, 12, 57, 35, 13, 10, 20, 53]
OFV: 842254.0	/ CPU: 1983.502 seconds 	/ department sequence: [53, 10, 13, 41, 29, 50, 30, 9, 42, 15, 14, 31, 40, 34, 32, 21, 33, 28, 56, 37, 5, 25, 46, 24, 36, 52, 1, 45, 54, 18, 17, 39, 43, 6, 51, 59, 55, 26, 58, 60, 16, 38, 47, 27, 7, 49, 3, 48, 4, 12, 23, 2, 8, 19, 57, 22, 35, 44, 11, 20]
OFV: 842357.0	/ CPU: 2328.972 seconds 	/ department sequence: [20, 11, 44, 35, 57, 22, 19, 4, 2, 23, 48, 31, 49, 3, 7, 47, 27, 38, 60, 16, 58, 55, 26, 51, 59, 43, 6, 52, 36, 45, 18, 17, 1, 39, 24, 46, 54, 5, 25, 37, 56, 28, 33, 21, 32, 40, 34, 14, 12, 8, 42, 15, 9, 30, 41, 29, 50, 13, 10, 53]
OFV: 853787.0	/ CPU: 2312.738 seconds 	/ department sequence: [20, 11, 10, 22, 41, 50, 30, 9, 15, 19, 4, 2, 31, 32, 49, 21, 36, 34, 5, 18, 47, 46, 25, 56, 17, 37, 43, 45, 24, 16, 58, 60, 28, 1, 51, 59, 26, 39, 55, 54, 38, 52, 6, 33, 7, 40, 14, 27, 48, 23, 3, 8, 12, 42, 29, 57, 13, 35, 44, 53]
OFV: 846008.0	/ CPU: 932.198 seconds 	/ department sequence: [53, 44, 10, 13, 41, 30, 29, 50, 9, 15, 8, 14, 31, 32, 34, 21, 33, 5, 56, 28, 25, 37, 40, 24, 46, 36, 17, 45, 18, 1, 39, 54, 52, 43, 60, 58, 55, 59, 51, 26, 6, 16, 38, 47, 7, 27, 49, 48, 3, 12, 23, 2, 4, 19, 42, 22, 57, 35, 11, 20]
OFV: 848508.0	/ CPU: 3184.331 seconds 	/ department sequence: [11, 44, 22, 41, 50, 29, 30, 15, 9, 19, 2, 4, 32, 14, 21, 34, 5, 33, 36, 37, 18, 46, 24, 25, 52, 45, 56, 17, 1, 28, 54, 39, 58, 16, 60, 26, 51, 59, 55, 38, 43, 47, 6, 40, 49, 7, 48, 31, 27, 23, 8, 3, 42, 12, 57, 35, 13, 10, 20, 53]
OFV: 848786.0	/ CPU: 1946.184 seconds 	/ department sequence: [53, 20, 10, 13, 35, 57, 42, 12, 3, 8, 23, 27, 31, 48, 49, 7, 40, 47, 38, 6, 43, 55, 60, 59, 51, 26, 39, 16, 54, 58, 56, 28, 1, 17, 52, 45, 25, 24, 18, 46, 33, 37, 36, 5, 34, 21, 14, 32, 2, 4, 19, 9, 30, 15, 50, 29, 41, 22, 44, 11]
