-- AnKeVa60-2 result
--------------------------------------------
HostNestNum = 10, P_a = 0.25
--------------------------------------------
-- 2019-01-12 15:39 result data
OFV: 1020224.0	/ CPU: 147.060 seconds 	/ department sequence: [35, 23, 13, 31, 53, 29, 8, 3, 56, 33, 17, 48, 42, 44, 49, 19, 32, 26, 59, 47, 22, 14, 16, 28, 45, 40, 21, 24, 55, 58, 51, 46, 57, 1, 25, 43, 38, 39, 18, 6, 5, 60, 37, 36, 27, 7, 20, 54, 41, 52, 34, 4, 2, 15, 12, 30, 50, 9, 11, 10]
OFV: 1044421.0	/ CPU: 61.548 seconds 	/ department sequence: [20, 15, 41, 4, 2, 3, 36, 39, 42, 27, 56, 29, 38, 57, 46, 7, 47, 17, 6, 21, 18, 55, 5, 51, 43, 48, 19, 23, 58, 25, 40, 24, 60, 1, 52, 28, 16, 33, 34, 54, 26, 14, 37, 32, 59, 8, 50, 45, 12, 9, 31, 53, 44, 35, 10, 11, 30, 22, 49, 13]
OFV: 1052220.0	/ CPU: 79.044 seconds 	/ department sequence: [13, 11, 41, 50, 8, 4, 22, 9, 2, 27, 12, 10, 17, 19, 49, 38, 7, 39, 26, 48, 21, 33, 32, 29, 54, 18, 16, 36, 5, 1, 43, 58, 40, 60, 34, 25, 37, 56, 51, 46, 45, 30, 6, 14, 57, 52, 24, 53, 15, 47, 42, 55, 59, 3, 20, 28, 23, 44, 35, 31]
OFV: 1000891.0	/ CPU: 121.346 seconds 	/ department sequence: [20, 57, 10, 12, 7, 13, 8, 3, 23, 28, 27, 14, 6, 60, 15, 53, 33, 46, 21, 35, 45, 26, 59, 39, 1, 43, 32, 37, 54, 40, 55, 38, 52, 16, 36, 58, 56, 25, 44, 51, 47, 5, 48, 24, 18, 29, 42, 34, 17, 22, 19, 31, 49, 4, 2, 11, 9, 41, 50, 30]
OFV: 997383.0	/ CPU: 101.742 seconds 	/ department sequence: [57, 42, 41, 35, 32, 23, 31, 40, 48, 44, 14, 15, 13, 38, 18, 54, 49, 26, 16, 29, 59, 17, 25, 5, 45, 50, 51, 1, 46, 28, 24, 34, 21, 52, 58, 39, 43, 33, 55, 60, 6, 36, 37, 7, 47, 3, 22, 4, 12, 2, 10, 56, 8, 9, 53, 30, 19, 11, 27, 20]
OFV: 1013916.0	/ CPU: 76.810 seconds 	/ department sequence: [53, 58, 40, 49, 9, 12, 11, 57, 27, 50, 41, 60, 4, 25, 19, 21, 55, 22, 46, 43, 33, 54, 38, 31, 5, 24, 34, 16, 26, 51, 36, 17, 1, 59, 18, 14, 47, 37, 29, 45, 32, 39, 52, 7, 6, 28, 3, 15, 8, 42, 48, 30, 56, 2, 20, 23, 35, 13, 44, 10]
OFV: 982707.0	/ CPU: 105.163 seconds 	/ department sequence: [11, 10, 44, 12, 13, 23, 15, 35, 3, 6, 7, 40, 55, 54, 43, 50, 36, 21, 16, 18, 24, 29, 41, 17, 38, 48, 34, 31, 5, 1, 33, 25, 28, 59, 19, 51, 45, 37, 56, 58, 39, 27, 46, 26, 32, 22, 14, 47, 49, 60, 52, 2, 42, 30, 8, 4, 9, 20, 57, 53]
OFV: 1027586.0	/ CPU: 97.102 seconds 	/ department sequence: [12, 13, 41, 23, 8, 3, 7, 33, 57, 47, 19, 44, 53, 35, 55, 28, 21, 18, 48, 51, 54, 50, 46, 45, 16, 39, 25, 24, 17, 60, 1, 37, 43, 14, 5, 27, 38, 6, 49, 40, 59, 56, 58, 29, 36, 34, 26, 2, 4, 31, 15, 22, 30, 52, 9, 11, 10, 42, 20, 32]
OFV: 1005101.0	/ CPU: 146.513 seconds 	/ department sequence: [57, 20, 28, 53, 32, 49, 30, 13, 9, 10, 42, 12, 50, 31, 3, 48, 55, 7, 5, 6, 27, 17, 43, 51, 37, 45, 46, 56, 35, 21, 1, 24, 18, 54, 59, 47, 19, 39, 40, 33, 36, 60, 16, 14, 52, 58, 25, 26, 22, 38, 4, 2, 8, 41, 34, 15, 11, 23, 29, 44]
OFV: 1056013.0	/ CPU: 66.781 seconds 	/ department sequence: [10, 20, 35, 34, 11, 8, 57, 3, 7, 37, 12, 6, 50, 43, 38, 44, 47, 39, 24, 29, 40, 54, 28, 55, 36, 14, 19, 30, 21, 1, 15, 58, 16, 42, 5, 17, 26, 18, 45, 25, 46, 33, 51, 32, 49, 60, 56, 27, 48, 52, 23, 31, 13, 59, 2, 41, 4, 53, 9, 22]
-- AnKeVa60-2 result
--------------------------------------------
HostNestNum = 10, P_a = 0.25
--------------------------------------------
-- 2019-02-14 01:12 result data
OFV: 842101.0	/ CPU: 336.349 seconds 	/ department sequence: [20, 11, 44, 35, 57, 22, 19, 4, 2, 23, 48, 12, 31, 3, 49, 7, 47, 27, 60, 38, 16, 58, 55, 26, 51, 59, 6, 43, 52, 18, 45, 54, 39, 17, 46, 36, 24, 1, 5, 25, 37, 56, 21, 28, 33, 34, 40, 32, 14, 8, 42, 15, 9, 30, 50, 29, 41, 13, 10, 53]
-- AnKeVa60-2 result
--------------------------------------------
HostNestNum = 10, P_a = 0.25
--------------------------------------------
-- 2019-02-20 00:40 result data
OFV: 848154.0	/ CPU: 545.376 seconds 	/ department sequence: [11, 22, 41, 50, 9, 30, 15, 29, 42, 4, 2, 32, 40, 14, 34, 21, 33, 5, 37, 36, 46, 18, 25, 24, 52, 45, 17, 28, 56, 1, 54, 39, 58, 16, 60, 26, 51, 59, 43, 55, 6, 38, 47, 49, 7, 27, 31, 48, 19, 23, 8, 3, 12, 57, 35, 13, 10, 44, 20, 53]
OFV: 848522.0	/ CPU: 479.820 seconds 	/ department sequence: [53, 20, 10, 13, 35, 57, 42, 12, 3, 8, 23, 27, 31, 48, 7, 49, 6, 47, 38, 55, 59, 43, 26, 51, 16, 60, 58, 39, 54, 40, 56, 17, 28, 1, 45, 52, 25, 24, 46, 18, 37, 36, 33, 5, 34, 21, 14, 32, 2, 4, 19, 9, 15, 30, 50, 29, 41, 22, 44, 11]
OFV: 844844.0	/ CPU: 488.974 seconds 	/ department sequence: [53, 11, 10, 13, 50, 41, 29, 30, 9, 42, 15, 14, 4, 32, 40, 34, 21, 28, 33, 37, 56, 25, 5, 24, 1, 45, 46, 36, 18, 39, 54, 17, 52, 43, 6, 55, 59, 51, 26, 58, 16, 38, 47, 60, 7, 27, 49, 31, 3, 48, 2, 23, 8, 12, 19, 22, 57, 35, 44, 20]
OFV: 850959.0	/ CPU: 268.876 seconds 	/ department sequence: [20, 11, 13, 35, 22, 57, 8, 12, 23, 19, 48, 3, 31, 7, 27, 49, 6, 47, 38, 55, 26, 59, 16, 60, 51, 58, 43, 54, 39, 52, 1, 17, 56, 40, 24, 45, 18, 36, 46, 25, 37, 28, 5, 33, 21, 34, 32, 14, 2, 4, 42, 9, 15, 30, 50, 41, 29, 44, 10, 53]
OFV: 842879.0	/ CPU: 325.581 seconds 	/ department sequence: [53, 20, 11, 44, 35, 57, 22, 19, 4, 2, 23, 48, 49, 3, 31, 7, 47, 38, 27, 60, 16, 58, 51, 59, 55, 26, 43, 6, 36, 52, 46, 18, 45, 54, 17, 5, 39, 1, 24, 25, 37, 56, 28, 33, 21, 40, 32, 34, 14, 12, 8, 15, 42, 9, 30, 50, 29, 41, 13, 10]
OFV: 844093.0	/ CPU: 395.845 seconds 	/ department sequence: [53, 44, 10, 13, 41, 29, 50, 30, 9, 15, 42, 14, 31, 32, 34, 40, 21, 33, 37, 28, 25, 5, 56, 24, 52, 1, 54, 39, 36, 46, 45, 18, 17, 43, 6, 51, 59, 58, 26, 55, 60, 16, 38, 47, 27, 7, 49, 3, 12, 48, 23, 8, 2, 4, 19, 22, 57, 35, 11, 20]
OFV: 842588.0	/ CPU: 218.350 seconds 	/ department sequence: [53, 10, 13, 41, 30, 50, 29, 9, 42, 15, 14, 31, 32, 40, 21, 34, 33, 37, 28, 56, 5, 25, 36, 24, 46, 18, 54, 39, 1, 17, 45, 52, 43, 6, 59, 51, 58, 26, 55, 16, 60, 38, 47, 27, 7, 49, 3, 4, 48, 12, 23, 2, 8, 19, 22, 57, 35, 44, 11, 20]
OFV: 842429.0	/ CPU: 512.047 seconds 	/ department sequence: [20, 11, 44, 35, 57, 22, 19, 4, 2, 23, 48, 49, 31, 3, 7, 47, 38, 16, 60, 27, 58, 55, 26, 51, 59, 43, 6, 52, 36, 18, 45, 54, 46, 17, 39, 1, 24, 5, 25, 56, 37, 33, 40, 21, 28, 32, 34, 14, 12, 8, 42, 15, 9, 30, 29, 41, 50, 13, 10, 53]
OFV: 849028.0	/ CPU: 357.510 seconds 	/ department sequence: [20, 10, 13, 35, 57, 42, 12, 3, 8, 23, 27, 48, 31, 49, 7, 47, 38, 6, 43, 59, 26, 51, 60, 55, 39, 58, 16, 54, 40, 17, 56, 1, 45, 28, 52, 24, 18, 25, 46, 36, 37, 33, 5, 34, 21, 14, 32, 2, 19, 4, 15, 9, 30, 29, 50, 22, 41, 44, 11, 53]
OFV: 842576.0	/ CPU: 417.317 seconds 	/ department sequence: [20, 11, 44, 35, 57, 22, 19, 4, 8, 2, 23, 12, 48, 3, 7, 27, 49, 47, 38, 16, 60, 58, 51, 59, 26, 55, 6, 43, 52, 54, 39, 1, 17, 45, 46, 18, 36, 24, 25, 5, 56, 28, 37, 33, 21, 32, 34, 40, 31, 14, 42, 15, 29, 9, 30, 41, 50, 13, 10, 53]
