-- AnKeVa60-2 result
--------------------------------------------
HostNestNum = 30, P_a = 0.35
--------------------------------------------
-- 2019-01-12 19:12 result data
OFV: 1012587.0	/ CPU: 406.529 seconds 	/ department sequence: [36, 20, 11, 22, 2, 37, 23, 19, 35, 4, 3, 43, 48, 45, 58, 50, 40, 56, 49, 6, 25, 12, 7, 5, 51, 27, 1, 39, 26, 60, 38, 55, 28, 59, 18, 31, 24, 32, 46, 42, 54, 16, 21, 47, 14, 15, 33, 17, 13, 34, 8, 41, 30, 57, 44, 29, 52, 9, 10, 53]
OFV: 1015712.0	/ CPU: 454.580 seconds 	/ department sequence: [57, 11, 4, 2, 47, 28, 44, 40, 60, 9, 10, 21, 36, 15, 25, 49, 45, 16, 34, 22, 32, 56, 48, 24, 51, 46, 59, 58, 38, 55, 52, 1, 54, 31, 17, 26, 18, 5, 29, 39, 33, 43, 6, 30, 37, 14, 23, 7, 3, 8, 20, 13, 41, 19, 53, 35, 42, 12, 27, 50]
OFV: 1016989.0	/ CPU: 418.964 seconds 	/ department sequence: [50, 11, 19, 9, 17, 20, 4, 22, 2, 33, 30, 58, 49, 32, 40, 31, 47, 29, 38, 5, 18, 16, 43, 48, 46, 45, 24, 52, 25, 36, 39, 57, 60, 1, 26, 42, 14, 37, 34, 59, 6, 27, 54, 51, 56, 44, 21, 41, 15, 23, 13, 28, 55, 8, 7, 3, 35, 53, 10, 12]
OFV: 1022611.0	/ CPU: 459.580 seconds 	/ department sequence: [22, 30, 53, 2, 4, 60, 46, 44, 31, 45, 9, 7, 55, 23, 6, 33, 47, 51, 17, 25, 43, 5, 34, 26, 52, 40, 36, 38, 32, 19, 24, 1, 18, 21, 14, 39, 58, 28, 49, 35, 37, 16, 56, 50, 54, 27, 48, 42, 59, 3, 29, 41, 15, 20, 12, 8, 11, 10, 13, 57]
OFV: 1005492.0	/ CPU: 375.692 seconds 	/ department sequence: [53, 35, 11, 42, 13, 23, 40, 22, 41, 8, 57, 4, 3, 7, 6, 39, 12, 49, 31, 38, 56, 59, 14, 60, 24, 18, 51, 28, 55, 1, 52, 27, 16, 25, 17, 46, 34, 32, 36, 45, 37, 54, 5, 29, 48, 47, 44, 26, 43, 58, 2, 19, 50, 30, 10, 15, 21, 33, 9, 20]
OFV: 1025300.0	/ CPU: 235.898 seconds 	/ department sequence: [53, 52, 29, 41, 20, 40, 48, 57, 44, 11, 22, 4, 34, 17, 15, 30, 5, 6, 28, 7, 21, 18, 25, 54, 49, 16, 36, 47, 24, 43, 51, 60, 1, 39, 55, 26, 23, 45, 27, 35, 46, 33, 37, 38, 59, 58, 31, 32, 42, 19, 3, 2, 8, 14, 10, 12, 13, 56, 50, 9]
OFV: 1015723.0	/ CPU: 474.873 seconds 	/ department sequence: [11, 35, 9, 10, 8, 29, 27, 15, 30, 24, 17, 33, 41, 25, 52, 14, 12, 59, 36, 16, 48, 57, 1, 26, 45, 56, 47, 6, 51, 39, 37, 54, 5, 21, 46, 19, 28, 50, 58, 18, 55, 38, 22, 23, 34, 60, 31, 49, 40, 7, 43, 32, 3, 2, 4, 20, 42, 13, 44, 53]
OFV: 1037982.0	/ CPU: 250.331 seconds 	/ department sequence: [29, 13, 41, 11, 12, 10, 9, 8, 42, 7, 3, 43, 26, 32, 45, 30, 34, 14, 27, 54, 25, 1, 37, 53, 15, 39, 18, 33, 21, 59, 31, 40, 51, 36, 5, 6, 23, 52, 17, 28, 16, 58, 47, 22, 38, 24, 56, 50, 55, 49, 4, 2, 20, 35, 48, 57, 19, 46, 44, 60]
OFV: 1026359.0	/ CPU: 220.667 seconds 	/ department sequence: [10, 29, 44, 30, 55, 28, 53, 12, 13, 41, 57, 49, 35, 47, 56, 38, 24, 59, 26, 46, 17, 48, 40, 52, 31, 15, 37, 43, 6, 33, 23, 1, 7, 51, 45, 39, 36, 25, 18, 50, 34, 60, 5, 54, 21, 58, 19, 16, 32, 3, 2, 4, 8, 9, 20, 14, 22, 42, 27, 11]
OFV: 1006115.0	/ CPU: 376.599 seconds 	/ department sequence: [21, 44, 53, 9, 15, 8, 30, 56, 19, 10, 13, 29, 22, 49, 37, 31, 60, 34, 25, 55, 40, 28, 18, 43, 36, 46, 27, 24, 58, 32, 17, 1, 48, 51, 45, 39, 5, 59, 38, 50, 54, 52, 6, 14, 33, 35, 16, 26, 23, 7, 2, 3, 12, 4, 57, 11, 42, 20, 41, 47]
-- AnKeVa60-2 result
--------------------------------------------
HostNestNum = 30, P_a = 0.35
--------------------------------------------
-- 2019-02-14 03:56 result data
OFV: 842035.0	/ CPU: 1027.900 seconds 	/ department sequence: [20, 11, 44, 35, 57, 22, 19, 4, 2, 8, 23, 48, 12, 3, 49, 7, 47, 27, 38, 16, 60, 58, 26, 55, 59, 51, 6, 43, 52, 39, 17, 54, 1, 45, 18, 36, 24, 46, 25, 5, 56, 37, 28, 33, 21, 34, 40, 32, 31, 14, 42, 15, 9, 30, 29, 50, 41, 13, 10, 53]
-- AnKeVa60-2 result
--------------------------------------------
HostNestNum = 30, P_a = 0.35
--------------------------------------------
-- 2019-02-20 13:35 result data
OFV: 854356.0	/ CPU: 1817.515 seconds 	/ department sequence: [20, 11, 10, 22, 30, 50, 41, 9, 15, 19, 4, 2, 31, 49, 32, 21, 34, 36, 5, 18, 47, 17, 25, 46, 37, 43, 60, 58, 24, 16, 45, 38, 51, 55, 59, 1, 26, 39, 54, 56, 28, 52, 6, 33, 40, 14, 7, 27, 48, 23, 3, 8, 12, 42, 29, 57, 35, 13, 44, 53]
OFV: 848801.0	/ CPU: 1560.150 seconds 	/ department sequence: [53, 11, 44, 22, 41, 50, 29, 30, 15, 9, 4, 19, 2, 32, 14, 21, 34, 33, 5, 36, 37, 46, 18, 25, 24, 45, 28, 52, 17, 1, 56, 40, 54, 60, 39, 58, 16, 26, 51, 59, 43, 55, 38, 47, 6, 49, 7, 48, 27, 31, 23, 8, 3, 42, 12, 57, 35, 13, 10, 20]
OFV: 859705.0	/ CPU: 2446.754 seconds 	/ department sequence: [53, 44, 10, 13, 35, 57, 41, 29, 42, 12, 8, 3, 23, 14, 27, 33, 7, 40, 28, 34, 52, 6, 39, 54, 25, 1, 24, 26, 59, 55, 51, 43, 45, 58, 38, 16, 17, 46, 37, 56, 47, 18, 5, 36, 21, 32, 49, 60, 48, 31, 2, 4, 19, 15, 9, 30, 50, 22, 11, 20]
OFV: 861697.0	/ CPU: 2186.733 seconds 	/ department sequence: [20, 11, 22, 57, 41, 42, 9, 4, 15, 19, 31, 49, 14, 32, 40, 21, 47, 34, 5, 36, 18, 25, 46, 58, 17, 24, 45, 43, 16, 38, 51, 55, 60, 59, 1, 26, 39, 37, 54, 6, 52, 33, 56, 28, 7, 27, 3, 48, 23, 2, 12, 8, 50, 29, 30, 13, 35, 10, 44, 53]
OFV: 850624.0	/ CPU: 2074.845 seconds 	/ department sequence: [11, 10, 22, 41, 50, 30, 9, 15, 4, 19, 2, 31, 32, 14, 21, 34, 5, 37, 36, 18, 25, 46, 33, 24, 52, 56, 17, 45, 28, 1, 40, 54, 39, 43, 16, 60, 58, 51, 26, 59, 55, 47, 38, 6, 49, 7, 48, 27, 23, 3, 8, 42, 12, 29, 57, 13, 35, 44, 20, 53]
OFV: 850643.0	/ CPU: 1605.470 seconds 	/ department sequence: [53, 20, 44, 35, 13, 57, 29, 12, 8, 42, 3, 23, 27, 48, 7, 49, 6, 38, 47, 55, 58, 26, 51, 59, 60, 16, 43, 54, 39, 28, 40, 1, 56, 45, 17, 24, 52, 33, 46, 25, 37, 18, 36, 5, 34, 21, 14, 32, 31, 4, 2, 19, 15, 9, 30, 50, 41, 22, 10, 11]
OFV: 855667.0	/ CPU: 1465.627 seconds 	/ department sequence: [11, 44, 22, 50, 41, 30, 9, 15, 19, 2, 4, 31, 49, 32, 21, 36, 5, 18, 47, 34, 25, 46, 37, 52, 17, 58, 24, 60, 16, 45, 38, 55, 51, 26, 1, 43, 59, 39, 54, 56, 33, 28, 6, 40, 14, 7, 48, 27, 23, 29, 8, 42, 3, 12, 57, 35, 13, 10, 20, 53]
OFV: 848517.0	/ CPU: 4299.218 seconds 	/ department sequence: [53, 20, 10, 13, 35, 57, 42, 12, 3, 8, 23, 27, 48, 31, 7, 49, 40, 47, 38, 6, 55, 26, 51, 59, 60, 43, 16, 58, 39, 54, 17, 28, 1, 56, 45, 52, 25, 24, 46, 18, 37, 36, 33, 5, 34, 21, 14, 32, 2, 4, 19, 9, 15, 30, 50, 29, 41, 22, 44, 11]
OFV: 850086.0	/ CPU: 3348.654 seconds 	/ department sequence: [53, 44, 13, 35, 57, 29, 42, 12, 8, 3, 23, 48, 27, 7, 49, 40, 6, 47, 38, 55, 43, 59, 39, 26, 51, 16, 60, 58, 54, 52, 28, 1, 45, 17, 56, 24, 33, 25, 46, 37, 18, 5, 36, 34, 21, 14, 32, 31, 2, 4, 19, 15, 9, 30, 41, 50, 22, 10, 11, 20]
OFV: 842263.0	/ CPU: 2169.072 seconds 	/ department sequence: [53, 10, 13, 41, 30, 29, 50, 9, 15, 42, 8, 12, 14, 34, 40, 32, 21, 33, 28, 56, 37, 25, 5, 24, 1, 39, 54, 17, 45, 18, 46, 36, 52, 43, 6, 59, 26, 55, 51, 58, 16, 38, 60, 27, 47, 7, 3, 49, 31, 48, 23, 2, 4, 19, 22, 57, 35, 44, 11, 20]
