-- AnKeVa60-2 result
--------------------------------------------
HostNestNum = 15, P_a = 0.1
--------------------------------------------
-- 2019-01-12 16:19 result data
OFV: 1030955.0	/ CPU: 92.291 seconds 	/ department sequence: [11, 8, 9, 22, 4, 15, 30, 2, 43, 14, 16, 37, 52, 50, 49, 46, 47, 60, 27, 51, 17, 58, 42, 26, 45, 59, 48, 55, 21, 54, 28, 38, 33, 1, 25, 18, 36, 5, 6, 12, 24, 7, 3, 44, 32, 35, 34, 31, 19, 13, 39, 41, 10, 29, 56, 23, 53, 20, 40, 57]
OFV: 992485.0	/ CPU: 65.594 seconds 	/ department sequence: [44, 10, 13, 8, 43, 12, 29, 35, 3, 31, 7, 54, 14, 41, 23, 18, 16, 6, 55, 39, 15, 33, 5, 28, 58, 1, 24, 26, 34, 45, 56, 27, 37, 59, 21, 46, 36, 25, 60, 40, 52, 38, 51, 32, 49, 19, 17, 2, 22, 20, 30, 48, 53, 47, 4, 9, 11, 42, 50, 57]
OFV: 1004820.0	/ CPU: 115.379 seconds 	/ department sequence: [13, 12, 11, 42, 20, 57, 30, 27, 22, 28, 8, 50, 2, 3, 7, 6, 29, 18, 55, 58, 59, 23, 47, 43, 24, 60, 46, 37, 51, 26, 19, 1, 25, 5, 33, 21, 14, 54, 32, 16, 40, 45, 36, 56, 38, 34, 49, 17, 44, 41, 52, 39, 48, 4, 35, 53, 9, 31, 15, 10]
OFV: 1036243.0	/ CPU: 38.507 seconds 	/ department sequence: [10, 13, 12, 35, 44, 29, 8, 3, 56, 41, 20, 49, 58, 14, 51, 31, 38, 33, 17, 19, 24, 15, 5, 54, 6, 39, 1, 43, 16, 18, 46, 21, 28, 40, 22, 60, 47, 52, 59, 26, 37, 25, 27, 36, 45, 32, 23, 9, 7, 48, 4, 42, 34, 2, 11, 50, 57, 53, 30, 55]
OFV: 1016552.0	/ CPU: 110.802 seconds 	/ department sequence: [48, 11, 9, 12, 8, 23, 22, 2, 4, 3, 7, 14, 40, 52, 26, 49, 42, 43, 33, 17, 21, 19, 16, 6, 59, 54, 39, 55, 47, 41, 46, 51, 1, 60, 34, 45, 37, 38, 58, 25, 24, 36, 5, 57, 28, 31, 32, 50, 53, 29, 35, 18, 56, 20, 15, 30, 13, 10, 27, 44]
OFV: 1036773.0	/ CPU: 70.061 seconds 	/ department sequence: [53, 32, 42, 57, 22, 19, 4, 2, 56, 54, 35, 31, 34, 59, 29, 45, 49, 30, 28, 27, 24, 33, 14, 50, 5, 17, 43, 16, 36, 1, 58, 21, 55, 25, 41, 60, 39, 46, 18, 40, 38, 47, 26, 51, 48, 37, 44, 52, 6, 7, 3, 23, 8, 13, 12, 9, 20, 15, 10, 11]
OFV: 1013593.0	/ CPU: 78.029 seconds 	/ department sequence: [10, 44, 11, 12, 26, 8, 20, 48, 53, 13, 3, 35, 2, 24, 7, 28, 19, 6, 43, 55, 39, 52, 51, 57, 45, 60, 27, 23, 1, 38, 16, 46, 17, 49, 37, 21, 54, 25, 40, 33, 59, 18, 50, 32, 29, 36, 31, 47, 58, 5, 4, 22, 34, 56, 30, 42, 41, 15, 14, 9]
OFV: 989785.0	/ CPU: 118.113 seconds 	/ department sequence: [53, 22, 29, 20, 23, 11, 35, 8, 2, 12, 4, 3, 7, 51, 14, 42, 6, 36, 27, 45, 26, 16, 18, 25, 59, 39, 60, 1, 34, 40, 49, 54, 28, 55, 38, 33, 19, 58, 56, 17, 24, 37, 5, 41, 21, 31, 46, 57, 43, 32, 47, 9, 15, 13, 10, 48, 30, 50, 52, 44]
OFV: 1031157.0	/ CPU: 49.207 seconds 	/ department sequence: [10, 11, 8, 20, 2, 7, 3, 58, 30, 35, 13, 32, 38, 37, 23, 26, 25, 42, 48, 50, 28, 39, 31, 49, 16, 59, 60, 1, 17, 36, 21, 27, 55, 45, 33, 5, 51, 34, 29, 24, 47, 43, 18, 46, 12, 57, 52, 56, 6, 9, 40, 54, 22, 4, 14, 15, 19, 41, 44, 53]
OFV: 1053664.0	/ CPU: 146.059 seconds 	/ department sequence: [40, 29, 20, 35, 53, 42, 4, 2, 60, 58, 30, 41, 48, 22, 7, 14, 55, 38, 37, 50, 18, 17, 47, 36, 45, 33, 26, 43, 19, 44, 34, 24, 16, 51, 28, 46, 59, 54, 1, 56, 5, 31, 6, 32, 23, 27, 25, 52, 12, 15, 21, 13, 39, 3, 57, 8, 9, 10, 49, 11]
-- AnKeVa60-2 result
--------------------------------------------
HostNestNum = 15, P_a = 0.1
--------------------------------------------
-- 2019-02-14 01:36 result data
OFV: 850868.0	/ CPU: 399.020 seconds 	/ department sequence: [44, 10, 22, 41, 30, 50, 29, 15, 9, 19, 31, 32, 14, 21, 34, 5, 33, 36, 37, 46, 52, 25, 18, 24, 56, 28, 1, 45, 17, 40, 54, 43, 39, 58, 16, 60, 6, 51, 59, 26, 55, 38, 47, 49, 7, 27, 48, 4, 2, 23, 8, 12, 3, 42, 57, 35, 13, 11, 20, 53]
