-- AnKeVa60-2 result
--------------------------------------------
HostNestNum = 10, P_a = 0.35
--------------------------------------------
-- 2019-01-12 15:55 result data
OFV: 1036031.0	/ CPU: 67.656 seconds 	/ department sequence: [53, 43, 41, 20, 10, 9, 28, 11, 44, 4, 2, 3, 7, 26, 22, 59, 23, 40, 47, 18, 27, 16, 58, 51, 45, 50, 39, 55, 6, 5, 24, 37, 33, 60, 31, 52, 56, 1, 34, 46, 36, 25, 32, 29, 14, 54, 19, 17, 38, 8, 12, 13, 30, 21, 48, 42, 15, 35, 57, 49]
OFV: 1026052.0	/ CPU: 97.774 seconds 	/ department sequence: [53, 10, 20, 35, 11, 8, 9, 7, 57, 3, 31, 36, 27, 54, 40, 48, 29, 41, 12, 46, 5, 34, 47, 24, 60, 44, 45, 16, 43, 49, 18, 25, 17, 19, 1, 21, 28, 55, 52, 50, 58, 59, 38, 51, 26, 33, 14, 37, 6, 4, 15, 39, 23, 32, 42, 2, 22, 13, 56, 30]
OFV: 989619.0	/ CPU: 152.418 seconds 	/ department sequence: [20, 57, 22, 41, 4, 31, 42, 2, 3, 60, 27, 59, 21, 56, 33, 38, 43, 15, 16, 58, 14, 24, 17, 51, 47, 36, 37, 32, 40, 26, 54, 46, 18, 1, 25, 52, 6, 5, 48, 55, 7, 50, 39, 45, 19, 30, 23, 12, 9, 49, 28, 35, 13, 8, 34, 44, 11, 10, 53, 29]
OFV: 1050601.0	/ CPU: 90.213 seconds 	/ department sequence: [22, 9, 15, 53, 4, 2, 32, 58, 48, 28, 31, 23, 21, 27, 5, 16, 34, 17, 60, 52, 42, 50, 39, 46, 37, 38, 45, 55, 54, 59, 36, 47, 49, 1, 56, 6, 24, 18, 33, 14, 19, 40, 29, 26, 41, 57, 12, 51, 25, 8, 3, 10, 44, 13, 20, 7, 11, 35, 43, 30]
OFV: 1020979.0	/ CPU: 110.693 seconds 	/ department sequence: [27, 35, 44, 10, 50, 13, 29, 57, 30, 51, 14, 60, 52, 42, 56, 31, 53, 34, 48, 55, 58, 16, 32, 12, 5, 39, 17, 59, 45, 21, 1, 25, 46, 36, 18, 38, 33, 37, 43, 41, 26, 54, 40, 47, 24, 7, 28, 6, 3, 15, 4, 2, 8, 9, 23, 19, 11, 20, 49, 22]
OFV: 987684.0	/ CPU: 79.184 seconds 	/ department sequence: [9, 30, 8, 52, 12, 28, 14, 34, 29, 13, 57, 3, 6, 7, 19, 45, 24, 55, 27, 17, 60, 31, 21, 56, 43, 39, 1, 25, 37, 51, 54, 18, 59, 5, 26, 33, 47, 46, 41, 16, 58, 32, 40, 38, 42, 49, 36, 2, 4, 11, 22, 15, 35, 10, 23, 20, 48, 50, 53, 44]
OFV: 1044540.0	/ CPU: 99.415 seconds 	/ department sequence: [10, 9, 11, 19, 35, 22, 13, 49, 41, 50, 58, 30, 15, 36, 40, 42, 56, 47, 54, 14, 37, 39, 55, 60, 57, 59, 45, 53, 43, 26, 18, 1, 33, 17, 25, 32, 29, 24, 34, 28, 5, 46, 6, 51, 7, 23, 12, 16, 21, 52, 27, 38, 3, 4, 2, 8, 20, 48, 44, 31]
OFV: 998176.0	/ CPU: 157.666 seconds 	/ department sequence: [22, 11, 9, 15, 8, 4, 50, 2, 3, 58, 14, 18, 7, 17, 29, 6, 5, 55, 52, 60, 39, 56, 12, 16, 54, 28, 45, 26, 33, 1, 25, 38, 24, 59, 32, 21, 40, 48, 23, 37, 36, 57, 51, 42, 46, 31, 43, 49, 47, 27, 35, 34, 30, 41, 44, 20, 13, 53, 19, 10]
OFV: 1043205.0	/ CPU: 176.942 seconds 	/ department sequence: [57, 53, 10, 14, 9, 8, 35, 12, 3, 36, 34, 42, 41, 60, 26, 39, 54, 28, 37, 25, 21, 44, 30, 5, 6, 1, 51, 43, 50, 23, 46, 58, 45, 18, 16, 22, 24, 27, 40, 59, 56, 55, 33, 52, 15, 48, 38, 17, 47, 7, 4, 32, 2, 20, 29, 19, 49, 11, 13, 31]
OFV: 1060283.0	/ CPU: 172.116 seconds 	/ department sequence: [11, 9, 8, 4, 10, 2, 48, 32, 5, 54, 22, 58, 21, 34, 36, 26, 46, 25, 60, 45, 30, 18, 49, 37, 19, 27, 14, 1, 59, 17, 56, 33, 39, 38, 51, 29, 31, 57, 16, 52, 15, 43, 23, 41, 50, 47, 55, 6, 35, 7, 3, 20, 12, 42, 28, 24, 53, 40, 44, 13]
-- AnKeVa60-2 result
--------------------------------------------
HostNestNum = 10, P_a = 0.35
--------------------------------------------
-- 2019-02-14 01:17 result data
OFV: 847685.0	/ CPU: 370.940 seconds 	/ department sequence: [53, 10, 44, 13, 29, 41, 50, 30, 9, 15, 8, 2, 14, 32, 34, 33, 21, 5, 56, 28, 37, 25, 46, 24, 36, 18, 45, 54, 1, 39, 17, 52, 40, 43, 6, 59, 51, 55, 26, 58, 16, 60, 38, 47, 7, 27, 31, 49, 3, 48, 23, 12, 19, 4, 42, 22, 57, 35, 11, 20]
-- AnKeVa60-2 result
--------------------------------------------
HostNestNum = 10, P_a = 0.35
--------------------------------------------
-- 2019-02-20 01:46 result data
OFV: 842599.0	/ CPU: 297.077 seconds 	/ department sequence: [20, 11, 44, 35, 22, 19, 57, 4, 2, 23, 48, 12, 3, 31, 49, 7, 47, 38, 16, 43, 58, 60, 26, 55, 59, 51, 6, 27, 52, 36, 18, 54, 45, 1, 39, 17, 46, 24, 5, 25, 56, 37, 33, 21, 32, 40, 28, 34, 14, 8, 42, 15, 9, 30, 50, 29, 41, 13, 10, 53]
OFV: 850094.0	/ CPU: 391.227 seconds 	/ department sequence: [44, 10, 41, 22, 30, 29, 50, 9, 15, 19, 31, 2, 32, 14, 21, 34, 5, 33, 36, 37, 46, 18, 24, 25, 52, 17, 56, 28, 45, 1, 39, 54, 40, 43, 60, 16, 58, 51, 59, 26, 55, 38, 6, 47, 49, 7, 27, 48, 4, 23, 8, 3, 12, 42, 57, 35, 13, 11, 20, 53]
OFV: 847947.0	/ CPU: 743.143 seconds 	/ department sequence: [53, 20, 44, 10, 35, 13, 57, 12, 8, 3, 23, 31, 48, 27, 49, 7, 47, 38, 6, 43, 55, 60, 59, 26, 51, 58, 16, 39, 54, 52, 56, 1, 17, 28, 45, 25, 46, 24, 18, 36, 5, 33, 37, 34, 40, 21, 14, 32, 2, 19, 4, 42, 15, 29, 30, 9, 50, 41, 22, 11]
OFV: 842192.0	/ CPU: 1015.401 seconds 	/ department sequence: [53, 10, 13, 41, 50, 29, 30, 9, 15, 42, 14, 31, 40, 34, 32, 21, 33, 28, 37, 56, 5, 25, 24, 36, 1, 46, 45, 18, 52, 54, 39, 17, 43, 6, 51, 59, 26, 60, 55, 58, 38, 16, 47, 27, 7, 49, 3, 12, 48, 8, 23, 2, 4, 19, 22, 57, 35, 44, 11, 20]
OFV: 842223.0	/ CPU: 624.718 seconds 	/ department sequence: [20, 11, 44, 35, 57, 22, 8, 19, 2, 23, 12, 48, 4, 3, 49, 7, 27, 47, 60, 16, 38, 58, 55, 51, 59, 26, 6, 43, 52, 17, 1, 39, 54, 45, 18, 36, 24, 46, 25, 5, 37, 56, 28, 33, 21, 32, 40, 34, 31, 14, 42, 15, 9, 30, 29, 50, 41, 13, 10, 53]
OFV: 842204.0	/ CPU: 668.677 seconds 	/ department sequence: [53, 10, 13, 50, 41, 29, 30, 9, 42, 15, 8, 12, 14, 34, 40, 32, 33, 21, 28, 37, 56, 25, 1, 24, 5, 39, 54, 46, 17, 45, 18, 52, 36, 43, 6, 26, 59, 51, 55, 58, 16, 38, 27, 60, 47, 7, 3, 31, 49, 48, 23, 2, 4, 19, 22, 57, 35, 44, 11, 20]
OFV: 844011.0	/ CPU: 377.831 seconds 	/ department sequence: [53, 10, 13, 41, 29, 50, 30, 9, 42, 15, 12, 14, 34, 40, 32, 21, 33, 37, 56, 28, 25, 5, 52, 24, 54, 1, 46, 39, 17, 18, 45, 36, 43, 6, 59, 26, 51, 55, 16, 60, 58, 38, 47, 27, 7, 3, 49, 31, 48, 23, 8, 2, 4, 19, 22, 57, 35, 44, 11, 20]
OFV: 846019.0	/ CPU: 493.908 seconds 	/ department sequence: [53, 44, 10, 13, 41, 29, 30, 50, 9, 15, 8, 14, 31, 32, 34, 33, 21, 28, 5, 56, 37, 25, 24, 36, 18, 54, 46, 1, 52, 45, 17, 39, 40, 43, 6, 59, 51, 26, 60, 55, 58, 16, 38, 47, 27, 7, 49, 48, 3, 12, 23, 2, 19, 4, 42, 57, 22, 35, 11, 20]
OFV: 848617.0	/ CPU: 868.713 seconds 	/ department sequence: [53, 20, 10, 13, 35, 57, 42, 12, 3, 8, 23, 31, 27, 48, 7, 49, 47, 38, 6, 43, 55, 59, 26, 51, 16, 60, 58, 39, 54, 1, 28, 17, 56, 40, 45, 52, 18, 24, 25, 46, 36, 37, 33, 5, 34, 21, 14, 32, 2, 4, 9, 19, 15, 30, 29, 50, 41, 22, 44, 11]
OFV: 847971.0	/ CPU: 1386.756 seconds 	/ department sequence: [53, 20, 44, 10, 35, 13, 57, 12, 8, 3, 23, 48, 31, 27, 7, 49, 47, 38, 6, 55, 43, 26, 59, 51, 60, 16, 58, 39, 54, 52, 56, 1, 17, 45, 28, 25, 18, 46, 24, 36, 5, 33, 37, 40, 34, 21, 14, 32, 19, 2, 4, 29, 42, 15, 30, 9, 41, 50, 22, 11]
