-- AnKeVa60-2 result
--------------------------------------------
HostNestNum = 30, P_a = 0.1
--------------------------------------------
-- 2019-01-11 16:55 result data
OFV: 999855.0	/ CPU: 181.400 seconds 	/ department sequence: [13, 42, 12, 10, 35, 29, 3, 43, 33, 21, 34, 23, 14, 19, 15, 44, 5, 6, 16, 26, 18, 56, 52, 1, 59, 27, 24, 57, 46, 40, 45, 55, 39, 60, 54, 48, 51, 28, 38, 37, 58, 41, 32, 25, 50, 31, 17, 30, 36, 22, 9, 8, 7, 47, 49, 2, 4, 20, 11, 53]
OFV: 1023342.0	/ CPU: 196.487 seconds 	/ department sequence: [19, 13, 11, 10, 35, 12, 21, 23, 8, 20, 2, 3, 43, 7, 34, 6, 37, 58, 56, 45, 55, 31, 44, 42, 24, 16, 17, 27, 28, 54, 26, 1, 18, 14, 39, 5, 46, 50, 33, 49, 51, 59, 47, 36, 25, 15, 30, 38, 52, 29, 41, 48, 9, 32, 60, 4, 40, 53, 22, 57]
OFV: 1059924.0	/ CPU: 118.299 seconds 	/ department sequence: [22, 13, 49, 20, 42, 56, 57, 44, 4, 2, 3, 58, 60, 29, 40, 24, 46, 26, 16, 30, 28, 38, 21, 25, 59, 34, 51, 17, 45, 19, 55, 27, 1, 54, 39, 43, 50, 37, 7, 6, 5, 53, 18, 48, 33, 31, 47, 41, 23, 32, 14, 12, 15, 9, 11, 36, 52, 8, 10, 35]
OFV: 1034367.0	/ CPU: 118.317 seconds 	/ department sequence: [13, 10, 11, 8, 12, 50, 28, 20, 15, 57, 42, 3, 52, 6, 36, 24, 26, 29, 34, 31, 7, 30, 21, 40, 51, 48, 27, 55, 47, 54, 18, 38, 59, 1, 39, 25, 45, 43, 58, 17, 19, 5, 16, 56, 35, 14, 33, 32, 22, 60, 44, 53, 41, 46, 37, 23, 49, 4, 2, 9]
OFV: 1017308.0	/ CPU: 161.461 seconds 	/ department sequence: [22, 42, 44, 11, 9, 50, 4, 41, 2, 27, 48, 14, 31, 51, 52, 38, 56, 47, 45, 43, 33, 55, 46, 36, 5, 32, 34, 40, 59, 49, 39, 18, 29, 17, 24, 1, 25, 19, 28, 60, 26, 53, 37, 58, 6, 15, 16, 23, 21, 7, 3, 13, 8, 30, 35, 20, 54, 10, 12, 57]
OFV: 1021557.0	/ CPU: 98.855 seconds 	/ department sequence: [27, 44, 2, 52, 42, 28, 19, 60, 36, 53, 57, 21, 38, 18, 23, 29, 48, 25, 45, 37, 59, 58, 33, 16, 56, 51, 49, 34, 46, 35, 40, 47, 26, 1, 54, 17, 24, 43, 39, 55, 5, 6, 7, 3, 4, 41, 14, 12, 32, 31, 8, 9, 11, 15, 10, 13, 50, 30, 22, 20]
OFV: 1026956.0	/ CPU: 96.820 seconds 	/ department sequence: [48, 11, 15, 34, 58, 22, 44, 28, 8, 57, 4, 2, 3, 7, 32, 6, 5, 51, 49, 59, 25, 26, 33, 36, 39, 1, 24, 46, 54, 19, 43, 21, 29, 55, 45, 31, 17, 52, 38, 47, 42, 37, 18, 23, 30, 41, 27, 14, 16, 40, 12, 13, 35, 56, 50, 53, 9, 60, 20, 10]
OFV: 1010091.0	/ CPU: 121.155 seconds 	/ department sequence: [57, 15, 11, 30, 19, 22, 42, 9, 23, 20, 4, 31, 25, 12, 21, 14, 43, 6, 5, 37, 41, 60, 32, 1, 24, 45, 59, 46, 34, 38, 51, 33, 39, 26, 54, 27, 56, 58, 18, 16, 48, 17, 29, 36, 52, 53, 28, 55, 40, 7, 3, 2, 8, 10, 44, 47, 13, 49, 35, 50]
OFV: 1019238.0	/ CPU: 115.155 seconds 	/ department sequence: [11, 22, 41, 50, 57, 42, 48, 20, 15, 4, 2, 3, 26, 16, 7, 29, 31, 46, 21, 38, 37, 58, 47, 24, 14, 51, 19, 54, 55, 6, 5, 60, 49, 34, 59, 39, 1, 56, 33, 25, 43, 17, 18, 27, 53, 52, 45, 35, 32, 12, 36, 8, 9, 30, 28, 44, 23, 13, 10, 40]
-- AnKeVa60-2 result
--------------------------------------------
HostNestNum = 30, P_a = 0.1
--------------------------------------------
-- 2019-01-12 17:43 result data
OFV: 1026854.0	/ CPU: 194.689 seconds 	/ department sequence: [11, 53, 30, 22, 2, 4, 8, 27, 14, 15, 9, 23, 7, 6, 46, 25, 19, 5, 47, 39, 18, 28, 17, 24, 35, 34, 37, 1, 54, 45, 60, 38, 33, 59, 41, 52, 43, 36, 16, 49, 50, 51, 31, 44, 56, 55, 26, 48, 58, 3, 57, 42, 32, 12, 21, 29, 13, 10, 20, 40]
OFV: 1052491.0	/ CPU: 56.471 seconds 	/ department sequence: [8, 9, 56, 28, 42, 11, 15, 4, 2, 31, 14, 55, 46, 17, 58, 59, 51, 22, 29, 18, 48, 25, 32, 47, 60, 5, 36, 38, 21, 37, 1, 30, 27, 33, 24, 41, 16, 43, 34, 19, 45, 40, 39, 52, 26, 44, 12, 7, 6, 35, 54, 49, 3, 13, 10, 23, 57, 20, 50, 53]
OFV: 1036643.0	/ CPU: 124.877 seconds 	/ department sequence: [41, 11, 9, 35, 50, 42, 4, 2, 54, 56, 32, 47, 53, 14, 18, 27, 29, 38, 21, 34, 36, 58, 60, 37, 39, 30, 49, 46, 26, 24, 55, 5, 57, 45, 1, 28, 16, 17, 59, 51, 22, 43, 52, 31, 40, 6, 25, 7, 10, 33, 3, 15, 8, 13, 23, 12, 44, 20, 19, 48]
OFV: 1039016.0	/ CPU: 106.537 seconds 	/ department sequence: [11, 20, 13, 2, 4, 3, 38, 7, 15, 8, 35, 51, 12, 6, 17, 16, 29, 54, 19, 18, 57, 52, 23, 46, 32, 21, 33, 45, 1, 39, 26, 60, 59, 43, 25, 24, 5, 50, 55, 27, 58, 37, 47, 36, 41, 48, 28, 40, 42, 49, 53, 14, 9, 44, 10, 56, 34, 30, 31, 22]
OFV: 1023618.0	/ CPU: 115.286 seconds 	/ department sequence: [42, 11, 53, 10, 9, 8, 4, 2, 3, 7, 21, 26, 30, 49, 17, 6, 46, 47, 39, 27, 32, 58, 59, 37, 60, 34, 57, 25, 38, 43, 51, 1, 33, 31, 41, 55, 56, 54, 5, 40, 28, 36, 16, 18, 45, 19, 22, 35, 48, 24, 44, 29, 52, 14, 50, 15, 12, 13, 23, 20]
OFV: 978702.0	/ CPU: 117.253 seconds 	/ department sequence: [11, 13, 20, 19, 52, 35, 44, 23, 57, 2, 40, 22, 42, 4, 3, 49, 27, 58, 31, 55, 38, 45, 7, 6, 28, 36, 24, 37, 59, 26, 46, 43, 34, 47, 1, 39, 60, 54, 51, 16, 21, 29, 17, 25, 32, 14, 30, 18, 5, 33, 12, 8, 50, 9, 15, 10, 41, 53, 48, 56]
OFV: 1032978.0	/ CPU: 62.017 seconds 	/ department sequence: [41, 10, 43, 13, 15, 32, 29, 9, 53, 31, 4, 18, 14, 7, 5, 24, 46, 52, 47, 49, 44, 38, 34, 45, 60, 36, 37, 33, 1, 25, 42, 22, 21, 51, 39, 40, 55, 54, 48, 58, 59, 28, 23, 26, 17, 6, 16, 3, 12, 35, 56, 19, 27, 2, 30, 57, 20, 50, 11, 8]
OFV: 1038287.0	/ CPU: 76.278 seconds 	/ department sequence: [10, 23, 28, 8, 52, 20, 15, 42, 12, 31, 30, 3, 45, 46, 36, 48, 29, 49, 14, 16, 27, 44, 5, 34, 6, 58, 59, 33, 1, 25, 43, 47, 26, 51, 55, 35, 60, 39, 37, 38, 24, 19, 57, 17, 54, 56, 32, 22, 18, 40, 7, 21, 2, 4, 50, 11, 41, 9, 13, 53]
OFV: 1023301.0	/ CPU: 80.169 seconds 	/ department sequence: [53, 49, 57, 11, 20, 15, 10, 4, 22, 2, 3, 7, 16, 38, 17, 41, 56, 60, 36, 18, 45, 40, 25, 35, 30, 55, 44, 51, 48, 19, 54, 43, 33, 1, 34, 46, 37, 24, 59, 28, 27, 58, 5, 47, 39, 6, 21, 29, 26, 31, 50, 23, 32, 52, 42, 13, 12, 9, 8, 14]
OFV: 1018083.0	/ CPU: 74.295 seconds 	/ department sequence: [23, 20, 57, 15, 31, 44, 13, 12, 8, 53, 3, 7, 52, 6, 33, 47, 45, 58, 54, 27, 24, 18, 29, 36, 40, 17, 25, 59, 1, 41, 37, 55, 38, 5, 39, 48, 14, 28, 16, 21, 43, 42, 26, 46, 19, 51, 32, 50, 35, 49, 30, 34, 56, 60, 2, 4, 10, 22, 9, 11]
-- AnKeVa60-2 result
--------------------------------------------
HostNestNum = 30, P_a = 0.1
--------------------------------------------
-- 2019-02-14 02:36 result data
OFV: 848744.0	/ CPU: 2374.618 seconds 	/ department sequence: [11, 10, 41, 50, 30, 9, 42, 15, 29, 4, 2, 14, 32, 40, 34, 21, 33, 37, 5, 28, 25, 36, 24, 46, 18, 45, 56, 17, 1, 52, 54, 39, 43, 16, 58, 51, 60, 26, 59, 55, 6, 38, 47, 27, 7, 49, 31, 3, 48, 23, 8, 12, 19, 22, 57, 35, 13, 44, 20, 53]
