-- N30 result
--------------------------------------------
HostNestNum = 15, P_a = 0.25
--------------------------------------------
-- 2020-03-24 21:34 result data
OFV: 115767.0	/ CPU: 6.707 seconds 	/ department sequence: [15, 24, 12, 1, 6, 22, 26, 17, 5, 23, 18, 25, 28, 8, 11, 2, 3, 10, 19, 30, 27, 20, 21, 13, 7, 16, 9, 29, 14, 4]
OFV: 115996.0	/ CPU: 6.828 seconds 	/ department sequence: [4, 14, 29, 9, 16, 28, 21, 20, 2, 5, 3, 27, 30, 19, 8, 11, 10, 7, 13, 25, 18, 23, 17, 26, 22, 6, 1, 12, 24, 15]
OFV: 115304.0	/ CPU: 6.199 seconds 	/ department sequence: [4, 14, 29, 9, 16, 28, 21, 20, 25, 13, 2, 27, 30, 19, 10, 3, 11, 8, 7, 18, 23, 5, 22, 6, 26, 17, 1, 12, 24, 15]
OFV: 115954.0	/ CPU: 8.226 seconds 	/ department sequence: [4, 14, 29, 9, 16, 7, 21, 13, 2, 20, 3, 30, 27, 10, 19, 11, 8, 18, 23, 5, 28, 25, 17, 26, 22, 6, 1, 12, 24, 15]
OFV: 116750.0	/ CPU: 4.335 seconds 	/ department sequence: [15, 4, 14, 29, 16, 28, 6, 13, 21, 20, 2, 5, 27, 30, 3, 18, 19, 22, 11, 10, 8, 25, 23, 17, 26, 9, 7, 1, 12, 24]
OFV: 115268.0	/ CPU: 7.137 seconds 	/ department sequence: [4, 14, 29, 9, 16, 28, 21, 20, 25, 13, 2, 27, 30, 19, 10, 3, 11, 8, 7, 18, 23, 5, 17, 26, 22, 6, 1, 12, 24, 15]
OFV: 115755.0	/ CPU: 4.390 seconds 	/ department sequence: [4, 14, 29, 9, 16, 7, 13, 21, 2, 3, 19, 30, 27, 10, 20, 11, 8, 28, 25, 18, 23, 5, 22, 6, 26, 17, 1, 12, 24, 15]
OFV: 115893.0	/ CPU: 4.675 seconds 	/ department sequence: [15, 24, 12, 1, 6, 22, 26, 17, 5, 23, 18, 7, 13, 11, 10, 2, 27, 30, 3, 19, 8, 21, 20, 25, 28, 16, 9, 29, 14, 4]
OFV: 115736.0	/ CPU: 4.439 seconds 	/ department sequence: [4, 14, 29, 9, 16, 28, 21, 20, 25, 13, 2, 27, 30, 3, 5, 19, 10, 11, 18, 23, 8, 7, 17, 26, 22, 6, 1, 12, 24, 15]
OFV: 115821.0	/ CPU: 5.150 seconds 	/ department sequence: [4, 14, 29, 9, 16, 28, 6, 13, 21, 2, 5, 20, 3, 30, 27, 11, 10, 19, 18, 26, 23, 22, 25, 8, 7, 17, 1, 12, 24, 15]
-- N30 result
--------------------------------------------
HostNestNum = 15, P_a = 0.25
--------------------------------------------
-- 2020-03-24 21:40 result data
OFV: 116057.0	/ CPU: 8.500 seconds 	/ department sequence: [15, 24, 12, 1, 17, 26, 6, 22, 5, 23, 18, 8, 27, 10, 11, 3, 2, 20, 30, 19, 25, 28, 13, 21, 7, 16, 9, 29, 14, 4]
OFV: 115316.0	/ CPU: 4.700 seconds 	/ department sequence: [15, 24, 12, 1, 17, 26, 6, 22, 5, 23, 18, 7, 8, 11, 19, 10, 3, 30, 27, 2, 13, 25, 20, 21, 28, 16, 9, 29, 14, 4]
-- N30 result
--------------------------------------------
HostNestNum = 15, P_a = 0.25
--------------------------------------------
-- 2020-03-24 21:42 result data
OFV: 115765.0	/ CPU: 6.193 seconds 	/ department sequence: [15, 24, 12, 1, 17, 7, 8, 25, 22, 23, 18, 19, 26, 10, 11, 27, 30, 3, 20, 5, 2, 21, 13, 6, 28, 16, 9, 29, 14, 4]
OFV: 115272.0	/ CPU: 5.718 seconds 	/ department sequence: [4, 14, 29, 9, 16, 28, 21, 20, 25, 13, 2, 27, 30, 3, 19, 10, 11, 8, 7, 18, 23, 5, 17, 26, 22, 6, 1, 12, 24, 15]
OFV: 115268.0	/ CPU: 3.896 seconds 	/ department sequence: [4, 14, 29, 9, 16, 28, 21, 20, 25, 13, 2, 27, 30, 19, 10, 3, 11, 8, 7, 18, 23, 5, 17, 26, 22, 6, 1, 12, 24, 15]
OFV: 115280.0	/ CPU: 5.659 seconds 	/ department sequence: [15, 24, 12, 1, 6, 22, 26, 17, 5, 23, 18, 7, 8, 11, 3, 19, 10, 30, 27, 2, 13, 25, 20, 21, 28, 16, 9, 29, 14, 4]
OFV: 115268.0	/ CPU: 9.366 seconds 	/ department sequence: [15, 24, 12, 1, 6, 22, 26, 17, 5, 23, 18, 7, 8, 11, 3, 10, 19, 30, 27, 2, 13, 25, 20, 21, 28, 16, 9, 29, 14, 4]
OFV: 115268.0	/ CPU: 8.612 seconds 	/ department sequence: [15, 24, 12, 1, 6, 22, 26, 17, 5, 23, 18, 7, 8, 11, 3, 10, 19, 30, 27, 2, 13, 25, 20, 21, 28, 16, 9, 29, 14, 4]
OFV: 115761.0	/ CPU: 4.319 seconds 	/ department sequence: [15, 24, 12, 1, 17, 26, 6, 22, 7, 8, 23, 18, 11, 10, 19, 27, 30, 3, 5, 2, 13, 21, 20, 25, 28, 16, 9, 29, 14, 4]
OFV: 115308.0	/ CPU: 4.437 seconds 	/ department sequence: [4, 14, 29, 9, 16, 28, 21, 20, 25, 13, 2, 27, 30, 3, 19, 10, 11, 8, 7, 18, 23, 5, 22, 6, 26, 17, 1, 12, 24, 15]
OFV: 115268.0	/ CPU: 5.599 seconds 	/ department sequence: [4, 14, 29, 9, 16, 28, 21, 20, 25, 13, 2, 27, 30, 19, 10, 3, 11, 8, 7, 18, 23, 5, 17, 26, 22, 6, 1, 12, 24, 15]
OFV: 116007.0	/ CPU: 4.998 seconds 	/ department sequence: [15, 24, 12, 1, 17, 26, 6, 22, 28, 25, 8, 7, 11, 10, 19, 13, 18, 30, 27, 20, 3, 21, 2, 5, 23, 16, 9, 29, 14, 4]
-- N30 result
--------------------------------------------
HostNestNum = 15, P_a = 0.25
--------------------------------------------
-- 2020-03-26 23:18 result data
OFV: 115800.0	/ CPU: 2.774 seconds 	/ department sequence: [4, 14, 29, 9, 16, 28, 6, 13, 21, 2, 5, 20, 3, 30, 27, 18, 19, 10, 11, 26, 23, 22, 25, 8, 7, 17, 1, 12, 24, 15]
OFV: 115800.0	/ CPU: 2.016 seconds 	/ department sequence: [4, 14, 29, 9, 16, 28, 6, 13, 21, 2, 5, 20, 3, 30, 27, 18, 19, 10, 11, 26, 23, 22, 25, 8, 7, 17, 1, 12, 24, 15]
OFV: 115713.0	/ CPU: 3.029 seconds 	/ department sequence: [4, 14, 29, 9, 16, 7, 21, 13, 2, 3, 20, 30, 19, 27, 10, 11, 8, 28, 25, 18, 23, 5, 17, 26, 22, 6, 1, 12, 24, 15]
OFV: 115800.0	/ CPU: 2.883 seconds 	/ department sequence: [15, 24, 12, 1, 17, 7, 8, 25, 22, 23, 26, 11, 10, 19, 18, 27, 30, 3, 20, 5, 2, 21, 13, 6, 28, 16, 9, 29, 14, 4]
OFV: 116065.0	/ CPU: 2.681 seconds 	/ department sequence: [15, 24, 12, 1, 6, 22, 26, 17, 5, 23, 18, 25, 28, 13, 2, 21, 10, 11, 3, 19, 30, 27, 20, 8, 7, 16, 9, 29, 14, 4]
-- N30 result
--------------------------------------------
HostNestNum = 15, P_a = 0.25
--------------------------------------------
-- 2020-03-26 23:21 result data
OFV: 115268.0	/ CPU: 4.618 seconds 	/ department sequence: [15, 24, 12, 1, 6, 22, 26, 17, 5, 23, 18, 7, 8, 11, 3, 10, 19, 30, 27, 2, 13, 25, 20, 21, 28, 16, 9, 29, 14, 4]
OFV: 115837.0	/ CPU: 3.332 seconds 	/ department sequence: [4, 14, 29, 9, 16, 7, 21, 13, 2, 5, 3, 30, 19, 27, 10, 20, 11, 18, 23, 8, 25, 28, 17, 26, 22, 6, 1, 12, 24, 15]
OFV: 115826.0	/ CPU: 2.686 seconds 	/ department sequence: [4, 14, 29, 9, 16, 21, 13, 2, 5, 20, 27, 30, 3, 23, 18, 19, 10, 11, 7, 8, 25, 28, 17, 26, 22, 6, 1, 12, 24, 15]
OFV: 115800.0	/ CPU: 2.364 seconds 	/ department sequence: [4, 14, 29, 9, 16, 28, 6, 13, 21, 2, 5, 20, 3, 30, 27, 18, 19, 10, 11, 26, 23, 22, 25, 8, 7, 17, 1, 12, 24, 15]
OFV: 115765.0	/ CPU: 2.037 seconds 	/ department sequence: [4, 14, 29, 9, 16, 28, 6, 13, 21, 2, 5, 20, 3, 30, 27, 11, 10, 26, 19, 18, 23, 22, 25, 8, 7, 17, 1, 12, 24, 15]
-- N30 result
--------------------------------------------
HostNestNum = 15, P_a = 0.25
--------------------------------------------
-- 2020-03-26 23:27 result data
OFV: 115713.0	/ CPU: 2.889 seconds 	/ department sequence: [15, 24, 12, 1, 6, 22, 26, 17, 5, 23, 18, 25, 28, 8, 11, 10, 27, 19, 30, 20, 3, 2, 13, 21, 7, 16, 9, 29, 14, 4]
OFV: 115268.0	/ CPU: 3.697 seconds 	/ department sequence: [15, 24, 12, 1, 6, 22, 26, 17, 5, 23, 18, 7, 8, 11, 3, 10, 19, 30, 27, 2, 13, 25, 20, 21, 28, 16, 9, 29, 14, 4]
OFV: 115765.0	/ CPU: 3.922 seconds 	/ department sequence: [4, 14, 29, 9, 16, 28, 6, 13, 21, 2, 5, 20, 3, 30, 27, 11, 10, 26, 19, 18, 23, 22, 25, 8, 7, 17, 1, 12, 24, 15]
OFV: 115838.0	/ CPU: 2.543 seconds 	/ department sequence: [4, 14, 29, 9, 16, 21, 13, 2, 5, 3, 20, 30, 27, 23, 18, 19, 10, 11, 7, 8, 25, 28, 17, 26, 22, 6, 1, 12, 24, 15]
OFV: 116992.0	/ CPU: 3.005 seconds 	/ department sequence: [15, 4, 14, 29, 16, 28, 25, 20, 8, 27, 17, 30, 19, 23, 11, 18, 3, 22, 10, 21, 2, 5, 13, 6, 26, 9, 7, 1, 12, 24]
-- N30 result
--------------------------------------------
HostNestNum = 15, P_a = 0.25
--------------------------------------------
-- 2020-03-26 23:34 result data
OFV: 117006.0	/ CPU: 2.189 seconds 	/ department sequence: [24, 12, 1, 7, 9, 26, 6, 13, 17, 10, 5, 2, 21, 22, 18, 3, 23, 11, 30, 19, 27, 8, 20, 25, 28, 16, 29, 14, 4, 15]
OFV: 115756.0	/ CPU: 1.988 seconds 	/ department sequence: [15, 24, 12, 1, 6, 22, 26, 17, 7, 8, 25, 11, 10, 19, 18, 23, 13, 30, 27, 3, 5, 2, 20, 21, 28, 16, 9, 29, 14, 4]
OFV: 115268.0	/ CPU: 3.421 seconds 	/ department sequence: [4, 14, 29, 9, 16, 28, 21, 20, 25, 13, 2, 27, 30, 19, 10, 3, 11, 8, 7, 18, 23, 5, 17, 26, 22, 6, 1, 12, 24, 15]
OFV: 115713.0	/ CPU: 2.017 seconds 	/ department sequence: [15, 24, 12, 1, 6, 22, 26, 17, 5, 23, 18, 25, 28, 8, 11, 10, 27, 19, 30, 20, 3, 2, 21, 13, 7, 16, 9, 29, 14, 4]
OFV: 115756.0	/ CPU: 2.870 seconds 	/ department sequence: [15, 24, 12, 1, 6, 22, 26, 17, 7, 8, 25, 11, 10, 19, 18, 23, 27, 30, 3, 5, 2, 13, 20, 21, 28, 16, 9, 29, 14, 4]
