-- N30 result
--------------------------------------------
HostNestNum = 30, P_a = 0.25
--------------------------------------------
-- 2020-03-24 21:37 result data
OFV: 115765.0	/ CPU: 9.769 seconds 	/ department sequence: [4, 14, 29, 9, 16, 28, 6, 13, 21, 2, 5, 20, 3, 30, 27, 11, 10, 26, 19, 18, 23, 22, 25, 8, 7, 17, 1, 12, 24, 15]
OFV: 115719.0	/ CPU: 10.115 seconds 	/ department sequence: [15, 24, 12, 1, 6, 22, 26, 17, 5, 23, 18, 25, 28, 8, 11, 20, 10, 27, 30, 19, 3, 2, 13, 21, 7, 16, 9, 29, 14, 4]
OFV: 115268.0	/ CPU: 9.406 seconds 	/ department sequence: [15, 24, 12, 1, 6, 22, 26, 17, 5, 23, 18, 7, 8, 11, 3, 10, 19, 30, 27, 2, 13, 25, 20, 21, 28, 16, 9, 29, 14, 4]
OFV: 115308.0	/ CPU: 19.211 seconds 	/ department sequence: [4, 14, 29, 9, 16, 28, 21, 20, 25, 13, 2, 27, 30, 3, 19, 10, 11, 8, 7, 18, 23, 5, 22, 6, 26, 17, 1, 12, 24, 15]
OFV: 115268.0	/ CPU: 18.427 seconds 	/ department sequence: [15, 24, 12, 1, 6, 22, 26, 17, 5, 23, 18, 7, 8, 11, 3, 10, 19, 30, 27, 2, 13, 25, 20, 21, 28, 16, 9, 29, 14, 4]
OFV: 115765.0	/ CPU: 10.167 seconds 	/ department sequence: [15, 24, 12, 1, 17, 7, 8, 25, 22, 23, 18, 19, 26, 10, 11, 27, 30, 3, 20, 5, 2, 21, 13, 6, 28, 16, 9, 29, 14, 4]
OFV: 115268.0	/ CPU: 14.286 seconds 	/ department sequence: [15, 24, 12, 1, 6, 22, 26, 17, 5, 23, 18, 7, 8, 11, 3, 10, 19, 30, 27, 2, 13, 25, 20, 21, 28, 16, 9, 29, 14, 4]
OFV: 115800.0	/ CPU: 13.418 seconds 	/ department sequence: [4, 14, 29, 9, 16, 28, 6, 13, 21, 2, 5, 20, 3, 30, 27, 18, 19, 10, 11, 26, 23, 22, 25, 8, 7, 17, 1, 12, 24, 15]
OFV: 115744.0	/ CPU: 10.374 seconds 	/ department sequence: [4, 14, 29, 9, 16, 28, 21, 20, 25, 13, 2, 5, 3, 30, 27, 19, 10, 11, 18, 23, 8, 7, 22, 6, 26, 17, 1, 12, 24, 15]
OFV: 115765.0	/ CPU: 10.850 seconds 	/ department sequence: [15, 24, 12, 1, 17, 7, 8, 25, 22, 23, 18, 19, 26, 10, 11, 27, 30, 3, 20, 5, 2, 21, 13, 6, 28, 16, 9, 29, 14, 4]
-- N30 result
--------------------------------------------
HostNestNum = 30, P_a = 0.25
--------------------------------------------
-- 2020-03-24 21:45 result data
OFV: 115765.0	/ CPU: 6.927 seconds 	/ department sequence: [4, 14, 29, 9, 16, 28, 6, 13, 21, 2, 5, 20, 3, 30, 27, 11, 10, 26, 19, 18, 23, 22, 25, 8, 7, 17, 1, 12, 24, 15]
OFV: 115268.0	/ CPU: 16.876 seconds 	/ department sequence: [4, 14, 29, 9, 16, 28, 21, 20, 25, 13, 2, 27, 30, 19, 10, 3, 11, 8, 7, 18, 23, 5, 17, 26, 22, 6, 1, 12, 24, 15]
OFV: 115268.0	/ CPU: 11.299 seconds 	/ department sequence: [4, 14, 29, 9, 16, 28, 21, 20, 25, 13, 2, 27, 30, 19, 10, 3, 11, 8, 7, 18, 23, 5, 17, 26, 22, 6, 1, 12, 24, 15]
OFV: 115268.0	/ CPU: 7.931 seconds 	/ department sequence: [15, 24, 12, 1, 6, 22, 26, 17, 5, 23, 18, 7, 8, 11, 3, 10, 19, 30, 27, 2, 13, 25, 20, 21, 28, 16, 9, 29, 14, 4]
OFV: 115268.0	/ CPU: 11.972 seconds 	/ department sequence: [15, 24, 12, 1, 6, 22, 26, 17, 5, 23, 18, 7, 8, 11, 3, 10, 19, 30, 27, 2, 13, 25, 20, 21, 28, 16, 9, 29, 14, 4]
OFV: 115268.0	/ CPU: 13.619 seconds 	/ department sequence: [15, 24, 12, 1, 6, 22, 26, 17, 5, 23, 18, 7, 8, 11, 3, 10, 19, 30, 27, 2, 13, 25, 20, 21, 28, 16, 9, 29, 14, 4]
OFV: 115765.0	/ CPU: 6.974 seconds 	/ department sequence: [15, 24, 12, 1, 17, 7, 8, 25, 22, 23, 18, 19, 26, 10, 11, 27, 30, 3, 20, 5, 2, 21, 13, 6, 28, 16, 9, 29, 14, 4]
OFV: 115289.0	/ CPU: 10.978 seconds 	/ department sequence: [4, 14, 29, 9, 16, 28, 25, 20, 21, 13, 2, 27, 30, 3, 19, 10, 11, 8, 7, 18, 23, 5, 17, 26, 22, 6, 1, 12, 24, 15]
OFV: 115268.0	/ CPU: 14.944 seconds 	/ department sequence: [15, 24, 12, 1, 6, 22, 26, 17, 5, 23, 18, 7, 8, 11, 3, 10, 19, 30, 27, 2, 13, 25, 20, 21, 28, 16, 9, 29, 14, 4]
OFV: 115268.0	/ CPU: 10.388 seconds 	/ department sequence: [4, 14, 29, 9, 16, 28, 21, 20, 25, 13, 2, 27, 30, 19, 10, 3, 11, 8, 7, 18, 23, 5, 17, 26, 22, 6, 1, 12, 24, 15]
-- N30 result
--------------------------------------------
HostNestNum = 30, P_a = 0.25
--------------------------------------------
-- 2020-03-26 23:19 result data
OFV: 115268.0	/ CPU: 4.039 seconds 	/ department sequence: [4, 14, 29, 9, 16, 28, 21, 20, 25, 13, 2, 27, 30, 19, 10, 3, 11, 8, 7, 18, 23, 5, 17, 26, 22, 6, 1, 12, 24, 15]
OFV: 115765.0	/ CPU: 3.709 seconds 	/ department sequence: [4, 14, 29, 9, 16, 28, 6, 13, 21, 2, 5, 20, 3, 30, 27, 11, 10, 26, 19, 18, 23, 22, 25, 8, 7, 17, 1, 12, 24, 15]
OFV: 116955.0	/ CPU: 7.664 seconds 	/ department sequence: [24, 12, 1, 7, 9, 13, 6, 21, 5, 2, 26, 10, 22, 3, 18, 11, 23, 19, 30, 17, 27, 8, 20, 25, 28, 16, 29, 14, 4, 15]
OFV: 115873.0	/ CPU: 4.236 seconds 	/ department sequence: [15, 24, 12, 1, 17, 26, 6, 22, 28, 25, 8, 23, 18, 11, 20, 10, 27, 19, 30, 3, 5, 2, 21, 13, 7, 16, 9, 29, 14, 4]
OFV: 115268.0	/ CPU: 5.070 seconds 	/ department sequence: [15, 24, 12, 1, 6, 22, 26, 17, 5, 23, 18, 7, 8, 11, 3, 10, 19, 30, 27, 2, 13, 25, 20, 21, 28, 16, 9, 29, 14, 4]
-- N30 result
--------------------------------------------
HostNestNum = 30, P_a = 0.25
--------------------------------------------
-- 2020-03-26 23:21 result data
OFV: 115756.0	/ CPU: 9.389 seconds 	/ department sequence: [15, 24, 12, 1, 6, 22, 26, 17, 7, 8, 25, 11, 10, 19, 18, 23, 13, 30, 27, 3, 5, 2, 20, 21, 28, 16, 9, 29, 14, 4]
OFV: 115268.0	/ CPU: 5.631 seconds 	/ department sequence: [15, 24, 12, 1, 6, 22, 26, 17, 5, 23, 18, 7, 8, 11, 3, 10, 19, 30, 27, 2, 13, 25, 20, 21, 28, 16, 9, 29, 14, 4]
OFV: 115765.0	/ CPU: 6.849 seconds 	/ department sequence: [15, 24, 12, 1, 17, 7, 8, 25, 22, 23, 18, 19, 26, 10, 11, 27, 30, 3, 20, 5, 2, 21, 13, 6, 28, 16, 9, 29, 14, 4]
OFV: 115765.0	/ CPU: 3.933 seconds 	/ department sequence: [4, 14, 29, 9, 16, 28, 6, 13, 21, 2, 5, 20, 3, 30, 27, 11, 10, 26, 19, 18, 23, 22, 25, 8, 7, 17, 1, 12, 24, 15]
OFV: 115268.0	/ CPU: 10.919 seconds 	/ department sequence: [4, 14, 29, 9, 16, 28, 21, 20, 25, 13, 2, 27, 30, 19, 10, 3, 11, 8, 7, 18, 23, 5, 17, 26, 22, 6, 1, 12, 24, 15]
-- N30 result
--------------------------------------------
HostNestNum = 30, P_a = 0.25
--------------------------------------------
-- 2020-03-26 23:28 result data
OFV: 115765.0	/ CPU: 7.140 seconds 	/ department sequence: [15, 24, 12, 1, 17, 7, 8, 25, 22, 23, 18, 19, 26, 10, 11, 27, 30, 3, 20, 5, 2, 21, 13, 6, 28, 16, 9, 29, 14, 4]
OFV: 115812.0	/ CPU: 3.894 seconds 	/ department sequence: [15, 24, 12, 1, 17, 7, 8, 25, 22, 23, 26, 11, 18, 10, 19, 27, 30, 3, 20, 5, 2, 21, 13, 6, 28, 16, 9, 29, 14, 4]
OFV: 115800.0	/ CPU: 5.875 seconds 	/ department sequence: [4, 14, 29, 9, 16, 28, 6, 13, 21, 2, 5, 20, 3, 30, 27, 18, 19, 10, 11, 26, 23, 22, 25, 8, 7, 17, 1, 12, 24, 15]
OFV: 115272.0	/ CPU: 4.764 seconds 	/ department sequence: [4, 14, 29, 9, 16, 28, 21, 20, 25, 13, 2, 27, 30, 3, 19, 10, 11, 8, 7, 18, 23, 5, 17, 26, 22, 6, 1, 12, 24, 15]
OFV: 115268.0	/ CPU: 13.370 seconds 	/ department sequence: [15, 24, 12, 1, 6, 22, 26, 17, 5, 23, 18, 7, 8, 11, 3, 10, 19, 30, 27, 2, 13, 25, 20, 21, 28, 16, 9, 29, 14, 4]
-- N30 result
--------------------------------------------
HostNestNum = 30, P_a = 0.25
--------------------------------------------
-- 2020-03-26 23:34 result data
OFV: 115765.0	/ CPU: 5.266 seconds 	/ department sequence: [15, 24, 12, 1, 17, 7, 8, 25, 22, 23, 18, 19, 26, 10, 11, 27, 30, 3, 20, 5, 2, 21, 13, 6, 28, 16, 9, 29, 14, 4]
OFV: 115765.0	/ CPU: 5.050 seconds 	/ department sequence: [4, 14, 29, 9, 16, 28, 6, 13, 21, 2, 5, 20, 3, 30, 27, 11, 10, 26, 19, 18, 23, 22, 25, 8, 7, 17, 1, 12, 24, 15]
OFV: 115765.0	/ CPU: 4.753 seconds 	/ department sequence: [4, 14, 29, 9, 16, 28, 6, 13, 21, 2, 5, 20, 3, 30, 27, 11, 10, 26, 19, 18, 23, 22, 25, 8, 7, 17, 1, 12, 24, 15]
OFV: 115268.0	/ CPU: 11.586 seconds 	/ department sequence: [15, 24, 12, 1, 6, 22, 26, 17, 5, 23, 18, 7, 8, 11, 3, 10, 19, 30, 27, 2, 13, 25, 20, 21, 28, 16, 9, 29, 14, 4]
OFV: 115765.0	/ CPU: 4.194 seconds 	/ department sequence: [15, 24, 12, 1, 17, 7, 8, 25, 22, 23, 18, 19, 26, 10, 11, 27, 30, 3, 20, 5, 2, 21, 13, 6, 28, 16, 9, 29, 14, 4]
