-- N30 result
--------------------------------------------
HostNestNum = 30, P_a = 0.2
--------------------------------------------
-- 2020-03-24 21:35 result data
OFV: 115304.0	/ CPU: 18.883 seconds 	/ department sequence: [4, 14, 29, 9, 16, 28, 21, 20, 25, 13, 2, 27, 30, 19, 10, 3, 11, 8, 7, 18, 23, 5, 22, 6, 26, 17, 1, 12, 24, 15]
OFV: 115765.0	/ CPU: 7.945 seconds 	/ department sequence: [4, 14, 29, 9, 16, 28, 6, 13, 21, 2, 5, 20, 3, 30, 27, 11, 10, 26, 19, 18, 23, 22, 25, 8, 7, 17, 1, 12, 24, 15]
OFV: 115268.0	/ CPU: 12.324 seconds 	/ department sequence: [4, 14, 29, 9, 16, 28, 21, 20, 25, 13, 2, 27, 30, 19, 10, 3, 11, 8, 7, 18, 23, 5, 17, 26, 22, 6, 1, 12, 24, 15]
OFV: 115837.0	/ CPU: 9.184 seconds 	/ department sequence: [15, 24, 12, 1, 6, 22, 26, 17, 28, 25, 8, 23, 18, 11, 20, 10, 27, 19, 30, 3, 5, 2, 21, 13, 7, 16, 9, 29, 14, 4]
OFV: 115268.0	/ CPU: 14.587 seconds 	/ department sequence: [4, 14, 29, 9, 16, 28, 21, 20, 25, 13, 2, 27, 30, 19, 10, 3, 11, 8, 7, 18, 23, 5, 17, 26, 22, 6, 1, 12, 24, 15]
OFV: 115804.0	/ CPU: 7.602 seconds 	/ department sequence: [15, 24, 12, 1, 6, 22, 26, 17, 7, 8, 25, 11, 10, 19, 18, 23, 13, 5, 3, 30, 2, 27, 20, 21, 28, 16, 9, 29, 14, 4]
OFV: 115268.0	/ CPU: 10.087 seconds 	/ department sequence: [4, 14, 29, 9, 16, 28, 21, 20, 25, 13, 2, 27, 30, 19, 10, 3, 11, 8, 7, 18, 23, 5, 17, 26, 22, 6, 1, 12, 24, 15]
OFV: 115298.0	/ CPU: 8.630 seconds 	/ department sequence: [4, 14, 29, 9, 16, 28, 21, 20, 25, 13, 2, 27, 30, 19, 10, 3, 8, 11, 7, 18, 23, 5, 17, 26, 22, 6, 1, 12, 24, 15]
OFV: 115713.0	/ CPU: 8.719 seconds 	/ department sequence: [15, 24, 12, 1, 6, 22, 26, 17, 5, 23, 18, 25, 28, 8, 11, 10, 27, 19, 30, 20, 3, 2, 21, 13, 7, 16, 9, 29, 14, 4]
OFV: 115308.0	/ CPU: 9.981 seconds 	/ department sequence: [4, 14, 29, 9, 16, 28, 21, 20, 25, 13, 2, 27, 30, 3, 19, 10, 11, 8, 7, 18, 23, 5, 22, 6, 26, 17, 1, 12, 24, 15]
-- N30 result
--------------------------------------------
HostNestNum = 30, P_a = 0.2
--------------------------------------------
-- 2020-03-24 21:43 result data
OFV: 115308.0	/ CPU: 7.913 seconds 	/ department sequence: [15, 24, 12, 1, 17, 26, 6, 22, 5, 23, 18, 7, 8, 11, 10, 19, 3, 30, 27, 2, 13, 25, 20, 21, 28, 16, 9, 29, 14, 4]
OFV: 115304.0	/ CPU: 15.284 seconds 	/ department sequence: [15, 24, 12, 1, 17, 26, 6, 22, 5, 23, 18, 7, 8, 11, 3, 10, 19, 30, 27, 2, 13, 25, 20, 21, 28, 16, 9, 29, 14, 4]
OFV: 115304.0	/ CPU: 16.724 seconds 	/ department sequence: [15, 24, 12, 1, 17, 26, 6, 22, 5, 23, 18, 7, 8, 11, 3, 10, 19, 30, 27, 2, 13, 25, 20, 21, 28, 16, 9, 29, 14, 4]
OFV: 115268.0	/ CPU: 16.105 seconds 	/ department sequence: [15, 24, 12, 1, 6, 22, 26, 17, 5, 23, 18, 7, 8, 11, 3, 10, 19, 30, 27, 2, 13, 25, 20, 21, 28, 16, 9, 29, 14, 4]
OFV: 115272.0	/ CPU: 18.463 seconds 	/ department sequence: [4, 14, 29, 9, 16, 28, 21, 20, 25, 13, 2, 27, 30, 3, 19, 10, 11, 8, 7, 18, 23, 5, 17, 26, 22, 6, 1, 12, 24, 15]
OFV: 115268.0	/ CPU: 8.679 seconds 	/ department sequence: [4, 14, 29, 9, 16, 28, 21, 20, 25, 13, 2, 27, 30, 19, 10, 3, 11, 8, 7, 18, 23, 5, 17, 26, 22, 6, 1, 12, 24, 15]
OFV: 115713.0	/ CPU: 9.062 seconds 	/ department sequence: [15, 24, 12, 1, 6, 22, 26, 17, 5, 23, 18, 25, 28, 8, 11, 10, 27, 19, 30, 20, 3, 2, 13, 21, 7, 16, 9, 29, 14, 4]
OFV: 115268.0	/ CPU: 13.967 seconds 	/ department sequence: [15, 24, 12, 1, 6, 22, 26, 17, 5, 23, 18, 7, 8, 11, 3, 10, 19, 30, 27, 2, 13, 25, 20, 21, 28, 16, 9, 29, 14, 4]
OFV: 115304.0	/ CPU: 19.983 seconds 	/ department sequence: [15, 24, 12, 1, 17, 26, 6, 22, 5, 23, 18, 7, 8, 11, 3, 10, 19, 30, 27, 2, 13, 25, 20, 21, 28, 16, 9, 29, 14, 4]
OFV: 115268.0	/ CPU: 16.039 seconds 	/ department sequence: [15, 24, 12, 1, 6, 22, 26, 17, 5, 23, 18, 7, 8, 11, 3, 10, 19, 30, 27, 2, 13, 25, 20, 21, 28, 16, 9, 29, 14, 4]
-- N30 result
--------------------------------------------
HostNestNum = 30, P_a = 0.2
--------------------------------------------
-- 2020-03-26 23:19 result data
OFV: 116992.0	/ CPU: 5.372 seconds 	/ department sequence: [15, 4, 14, 29, 16, 28, 25, 20, 8, 27, 17, 30, 19, 23, 11, 18, 3, 22, 10, 21, 2, 5, 13, 6, 26, 9, 7, 1, 12, 24]
OFV: 115800.0	/ CPU: 4.423 seconds 	/ department sequence: [4, 14, 29, 9, 16, 28, 6, 13, 21, 2, 5, 20, 3, 30, 27, 18, 19, 10, 11, 26, 23, 22, 25, 8, 7, 17, 1, 12, 24, 15]
OFV: 115713.0	/ CPU: 4.710 seconds 	/ department sequence: [15, 24, 12, 1, 6, 22, 26, 17, 5, 23, 18, 25, 28, 8, 11, 10, 27, 19, 30, 20, 3, 2, 21, 13, 7, 16, 9, 29, 14, 4]
OFV: 115800.0	/ CPU: 4.302 seconds 	/ department sequence: [4, 14, 29, 9, 16, 28, 6, 13, 21, 2, 5, 20, 3, 30, 27, 18, 19, 10, 11, 26, 23, 22, 25, 8, 7, 17, 1, 12, 24, 15]
OFV: 115765.0	/ CPU: 3.922 seconds 	/ department sequence: [4, 14, 29, 9, 16, 28, 6, 13, 21, 2, 5, 20, 3, 30, 27, 11, 10, 26, 19, 18, 23, 22, 25, 8, 7, 17, 1, 12, 24, 15]
-- N30 result
--------------------------------------------
HostNestNum = 30, P_a = 0.2
--------------------------------------------
-- 2020-03-26 23:21 result data
OFV: 115971.0	/ CPU: 6.046 seconds 	/ department sequence: [15, 24, 12, 1, 6, 22, 26, 17, 28, 25, 8, 7, 11, 10, 19, 13, 18, 30, 27, 20, 3, 21, 2, 5, 23, 16, 9, 29, 14, 4]
OFV: 116955.0	/ CPU: 6.226 seconds 	/ department sequence: [24, 12, 1, 7, 9, 13, 6, 21, 5, 2, 26, 10, 22, 3, 18, 11, 23, 19, 30, 17, 27, 8, 20, 25, 28, 16, 29, 14, 4, 15]
OFV: 115268.0	/ CPU: 8.360 seconds 	/ department sequence: [15, 24, 12, 1, 6, 22, 26, 17, 5, 23, 18, 7, 8, 11, 3, 10, 19, 30, 27, 2, 13, 25, 20, 21, 28, 16, 9, 29, 14, 4]
OFV: 115800.0	/ CPU: 3.411 seconds 	/ department sequence: [15, 24, 12, 1, 17, 7, 8, 25, 22, 23, 26, 11, 10, 19, 18, 27, 30, 3, 20, 5, 2, 21, 13, 6, 28, 16, 9, 29, 14, 4]
OFV: 115971.0	/ CPU: 4.113 seconds 	/ department sequence: [4, 14, 29, 9, 16, 23, 5, 2, 21, 3, 20, 27, 30, 18, 13, 19, 10, 11, 7, 8, 25, 28, 17, 26, 22, 6, 1, 12, 24, 15]
-- N30 result
--------------------------------------------
HostNestNum = 30, P_a = 0.2
--------------------------------------------
-- 2020-03-26 23:27 result data
OFV: 115765.0	/ CPU: 5.292 seconds 	/ department sequence: [4, 14, 29, 9, 16, 28, 6, 13, 21, 2, 5, 20, 3, 30, 27, 11, 10, 26, 19, 18, 23, 22, 25, 8, 7, 17, 1, 12, 24, 15]
OFV: 115756.0	/ CPU: 10.218 seconds 	/ department sequence: [15, 24, 12, 1, 6, 22, 26, 17, 7, 8, 25, 11, 10, 19, 18, 23, 27, 30, 3, 5, 2, 13, 20, 21, 28, 16, 9, 29, 14, 4]
OFV: 115268.0	/ CPU: 9.817 seconds 	/ department sequence: [4, 14, 29, 9, 16, 28, 21, 20, 25, 13, 2, 27, 30, 19, 10, 3, 11, 8, 7, 18, 23, 5, 17, 26, 22, 6, 1, 12, 24, 15]
OFV: 115268.0	/ CPU: 6.660 seconds 	/ department sequence: [4, 14, 29, 9, 16, 28, 21, 20, 25, 13, 2, 27, 30, 19, 10, 3, 11, 8, 7, 18, 23, 5, 17, 26, 22, 6, 1, 12, 24, 15]
OFV: 115765.0	/ CPU: 6.317 seconds 	/ department sequence: [4, 14, 29, 9, 16, 28, 6, 13, 21, 2, 5, 20, 3, 30, 27, 11, 10, 26, 19, 18, 23, 22, 25, 8, 7, 17, 1, 12, 24, 15]
-- N30 result
--------------------------------------------
HostNestNum = 30, P_a = 0.2
--------------------------------------------
-- 2020-03-26 23:34 result data
OFV: 115765.0	/ CPU: 7.116 seconds 	/ department sequence: [15, 24, 12, 1, 17, 7, 8, 25, 22, 23, 18, 19, 26, 10, 11, 27, 30, 3, 20, 5, 2, 21, 13, 6, 28, 16, 9, 29, 14, 4]
OFV: 115765.0	/ CPU: 4.529 seconds 	/ department sequence: [4, 14, 29, 9, 16, 28, 6, 13, 21, 2, 5, 20, 3, 30, 27, 11, 10, 26, 19, 18, 23, 22, 25, 8, 7, 17, 1, 12, 24, 15]
OFV: 115268.0	/ CPU: 4.904 seconds 	/ department sequence: [4, 14, 29, 9, 16, 28, 21, 20, 25, 13, 2, 27, 30, 19, 10, 3, 11, 8, 7, 18, 23, 5, 17, 26, 22, 6, 1, 12, 24, 15]
OFV: 115268.0	/ CPU: 5.848 seconds 	/ department sequence: [4, 14, 29, 9, 16, 28, 21, 20, 25, 13, 2, 27, 30, 19, 10, 3, 11, 8, 7, 18, 23, 5, 17, 26, 22, 6, 1, 12, 24, 15]
OFV: 115268.0	/ CPU: 6.047 seconds 	/ department sequence: [15, 24, 12, 1, 6, 22, 26, 17, 5, 23, 18, 7, 8, 11, 3, 10, 19, 30, 27, 2, 13, 25, 20, 21, 28, 16, 9, 29, 14, 4]
