-- N30 result
--------------------------------------------
HostNestNum = 15, P_a = 0.2
--------------------------------------------
-- 2020-03-24 21:31 result data
OFV: 115765.0	/ CPU: 92.628 seconds 	/ department sequence: [4, 14, 29, 9, 16, 28, 6, 13, 21, 2, 5, 20, 3, 30, 27, 11, 10, 26, 19, 18, 23, 22, 25, 8, 7, 17, 1, 12, 24, 15]
-- N30 result
--------------------------------------------
HostNestNum = 15, P_a = 0.2
--------------------------------------------
-- 2020-03-24 21:33 result data
OFV: 115304.0	/ CPU: 7.731 seconds 	/ department sequence: [15, 24, 12, 1, 17, 26, 6, 22, 5, 23, 18, 7, 8, 11, 3, 10, 19, 30, 27, 2, 13, 25, 20, 21, 28, 16, 9, 29, 14, 4]
OFV: 115304.0	/ CPU: 5.953 seconds 	/ department sequence: [15, 24, 12, 1, 17, 26, 6, 22, 5, 23, 18, 7, 8, 11, 3, 10, 19, 30, 27, 2, 13, 25, 20, 21, 28, 16, 9, 29, 14, 4]
OFV: 115767.0	/ CPU: 4.297 seconds 	/ department sequence: [15, 24, 12, 1, 6, 22, 26, 17, 5, 23, 18, 25, 28, 8, 11, 2, 3, 10, 19, 30, 27, 20, 13, 21, 7, 16, 9, 29, 14, 4]
OFV: 115837.0	/ CPU: 4.621 seconds 	/ department sequence: [4, 14, 29, 9, 16, 7, 21, 13, 2, 5, 3, 30, 19, 27, 10, 20, 11, 18, 23, 8, 25, 28, 17, 26, 22, 6, 1, 12, 24, 15]
OFV: 116299.0	/ CPU: 4.219 seconds 	/ department sequence: [15, 24, 12, 1, 17, 26, 6, 22, 28, 25, 5, 23, 18, 13, 2, 21, 10, 11, 3, 19, 30, 27, 20, 8, 7, 16, 9, 29, 14, 4]
OFV: 115800.0	/ CPU: 7.984 seconds 	/ department sequence: [4, 14, 29, 9, 16, 28, 6, 13, 21, 2, 5, 20, 3, 30, 27, 18, 19, 10, 11, 26, 23, 22, 25, 8, 7, 17, 1, 12, 24, 15]
OFV: 116110.0	/ CPU: 6.255 seconds 	/ department sequence: [4, 14, 29, 9, 16, 7, 21, 5, 2, 3, 20, 27, 30, 19, 10, 11, 13, 18, 23, 8, 25, 28, 17, 26, 22, 6, 1, 12, 24, 15]
OFV: 115268.0	/ CPU: 6.644 seconds 	/ department sequence: [15, 24, 12, 1, 6, 22, 26, 17, 5, 23, 18, 7, 8, 11, 3, 10, 19, 30, 27, 2, 13, 25, 20, 21, 28, 16, 9, 29, 14, 4]
OFV: 116100.0	/ CPU: 4.281 seconds 	/ department sequence: [15, 24, 12, 1, 6, 22, 26, 17, 5, 23, 18, 8, 25, 11, 2, 10, 27, 30, 19, 3, 20, 28, 13, 21, 7, 16, 9, 29, 14, 4]
OFV: 116016.0	/ CPU: 5.078 seconds 	/ department sequence: [4, 14, 29, 9, 16, 28, 21, 20, 7, 8, 19, 3, 30, 11, 27, 10, 2, 13, 25, 18, 23, 5, 22, 6, 26, 17, 1, 12, 24, 15]
-- N30 result
--------------------------------------------
HostNestNum = 15, P_a = 0.2
--------------------------------------------
-- 2020-03-24 21:39 result data
OFV: 116171.0	/ CPU: 5.772 seconds 	/ department sequence: [4, 14, 29, 9, 16, 7, 21, 13, 20, 27, 30, 19, 10, 3, 2, 11, 5, 18, 23, 8, 26, 17, 25, 28, 22, 6, 1, 12, 24, 15]
OFV: 116443.0	/ CPU: 4.241 seconds 	/ department sequence: [4, 14, 29, 9, 16, 28, 25, 23, 20, 8, 27, 30, 19, 11, 3, 18, 2, 10, 21, 13, 7, 5, 17, 26, 22, 6, 1, 12, 24, 15]
OFV: 115868.0	/ CPU: 3.693 seconds 	/ department sequence: [4, 14, 29, 9, 16, 28, 21, 20, 27, 2, 30, 3, 5, 23, 18, 19, 11, 10, 8, 25, 13, 7, 17, 26, 22, 6, 1, 12, 24, 15]
OFV: 117008.0	/ CPU: 4.812 seconds 	/ department sequence: [15, 4, 14, 29, 16, 28, 6, 25, 13, 2, 5, 21, 20, 27, 30, 19, 3, 18, 11, 10, 22, 8, 23, 17, 26, 9, 7, 1, 12, 24]
OFV: 116133.0	/ CPU: 4.633 seconds 	/ department sequence: [15, 24, 12, 1, 6, 22, 26, 17, 7, 13, 25, 8, 10, 11, 19, 18, 30, 27, 3, 2, 5, 23, 20, 21, 28, 16, 9, 29, 14, 4]
OFV: 115800.0	/ CPU: 3.980 seconds 	/ department sequence: [15, 24, 12, 1, 17, 7, 8, 25, 22, 23, 26, 11, 10, 19, 18, 27, 30, 3, 20, 5, 2, 21, 13, 6, 28, 16, 9, 29, 14, 4]
OFV: 117058.0	/ CPU: 7.253 seconds 	/ department sequence: [15, 4, 14, 29, 16, 28, 6, 5, 2, 13, 21, 20, 27, 30, 25, 19, 3, 18, 11, 10, 22, 8, 23, 17, 26, 9, 7, 1, 12, 24]
OFV: 116692.0	/ CPU: 5.898 seconds 	/ department sequence: [4, 14, 29, 9, 16, 23, 26, 17, 5, 2, 20, 27, 30, 3, 10, 11, 19, 18, 21, 8, 28, 25, 13, 7, 22, 6, 1, 12, 24, 15]
OFV: 116134.0	/ CPU: 5.018 seconds 	/ department sequence: [4, 14, 29, 9, 16, 7, 21, 20, 8, 3, 19, 30, 27, 10, 11, 2, 13, 28, 25, 18, 23, 5, 22, 6, 26, 17, 1, 12, 24, 15]
OFV: 116024.0	/ CPU: 5.239 seconds 	/ department sequence: [15, 24, 12, 1, 6, 22, 26, 17, 28, 25, 8, 23, 18, 27, 10, 11, 20, 3, 30, 19, 5, 2, 13, 21, 7, 16, 9, 29, 14, 4]
-- N30 result
--------------------------------------------
HostNestNum = 15, P_a = 0.2
--------------------------------------------
-- 2020-03-24 21:41 result data
OFV: 115725.0	/ CPU: 9.178 seconds 	/ department sequence: [4, 14, 29, 9, 16, 28, 25, 20, 21, 13, 2, 5, 3, 30, 27, 19, 10, 11, 18, 23, 8, 7, 17, 26, 22, 6, 1, 12, 24, 15]
OFV: 115325.0	/ CPU: 5.116 seconds 	/ department sequence: [4, 14, 29, 9, 16, 28, 25, 20, 21, 13, 2, 27, 30, 3, 19, 10, 11, 8, 7, 18, 23, 5, 22, 6, 26, 17, 1, 12, 24, 15]
OFV: 115708.0	/ CPU: 4.580 seconds 	/ department sequence: [4, 14, 29, 9, 16, 28, 21, 20, 25, 13, 2, 5, 3, 30, 27, 19, 10, 11, 18, 23, 8, 7, 17, 26, 22, 6, 1, 12, 24, 15]
OFV: 115268.0	/ CPU: 12.884 seconds 	/ department sequence: [15, 24, 12, 1, 6, 22, 26, 17, 5, 23, 18, 7, 8, 11, 3, 10, 19, 30, 27, 2, 13, 25, 20, 21, 28, 16, 9, 29, 14, 4]
OFV: 115800.0	/ CPU: 8.065 seconds 	/ department sequence: [4, 14, 29, 9, 16, 28, 6, 13, 21, 2, 5, 20, 3, 30, 27, 18, 19, 10, 11, 26, 23, 22, 25, 8, 7, 17, 1, 12, 24, 15]
OFV: 115756.0	/ CPU: 4.349 seconds 	/ department sequence: [15, 24, 12, 1, 6, 22, 26, 17, 7, 8, 25, 11, 10, 19, 18, 23, 27, 30, 3, 5, 2, 13, 20, 21, 28, 16, 9, 29, 14, 4]
OFV: 115725.0	/ CPU: 5.638 seconds 	/ department sequence: [4, 14, 29, 9, 16, 28, 25, 20, 21, 13, 2, 5, 3, 30, 27, 19, 10, 11, 18, 23, 8, 7, 17, 26, 22, 6, 1, 12, 24, 15]
OFV: 115268.0	/ CPU: 6.883 seconds 	/ department sequence: [4, 14, 29, 9, 16, 28, 21, 20, 25, 13, 2, 27, 30, 19, 10, 3, 11, 8, 7, 18, 23, 5, 17, 26, 22, 6, 1, 12, 24, 15]
OFV: 115765.0	/ CPU: 5.210 seconds 	/ department sequence: [4, 14, 29, 9, 16, 28, 6, 13, 21, 2, 5, 20, 3, 30, 27, 11, 10, 26, 19, 18, 23, 22, 25, 8, 7, 17, 1, 12, 24, 15]
OFV: 115272.0	/ CPU: 6.391 seconds 	/ department sequence: [4, 14, 29, 9, 16, 28, 21, 20, 25, 13, 2, 27, 30, 3, 19, 10, 11, 8, 7, 18, 23, 5, 17, 26, 22, 6, 1, 12, 24, 15]
-- N30 result
--------------------------------------------
HostNestNum = 15, P_a = 0.2
--------------------------------------------
-- 2020-03-26 23:18 result data
OFV: 117198.0	/ CPU: 2.985 seconds 	/ department sequence: [15, 4, 14, 29, 16, 28, 25, 20, 8, 27, 30, 19, 21, 2, 3, 5, 11, 18, 23, 22, 10, 17, 13, 6, 26, 9, 7, 1, 12, 24]
OFV: 115800.0	/ CPU: 2.082 seconds 	/ department sequence: [15, 24, 12, 1, 17, 7, 8, 25, 22, 23, 26, 11, 10, 19, 18, 27, 30, 3, 20, 5, 2, 21, 13, 6, 28, 16, 9, 29, 14, 4]
OFV: 117003.0	/ CPU: 2.525 seconds 	/ department sequence: [15, 4, 14, 29, 16, 28, 25, 20, 8, 27, 19, 30, 11, 23, 3, 18, 22, 17, 10, 26, 2, 5, 21, 6, 13, 9, 7, 1, 12, 24]
OFV: 115268.0	/ CPU: 3.093 seconds 	/ department sequence: [4, 14, 29, 9, 16, 28, 21, 20, 25, 13, 2, 27, 30, 19, 10, 3, 11, 8, 7, 18, 23, 5, 17, 26, 22, 6, 1, 12, 24, 15]
OFV: 115268.0	/ CPU: 2.768 seconds 	/ department sequence: [4, 14, 29, 9, 16, 28, 21, 20, 25, 13, 2, 27, 30, 19, 10, 3, 11, 8, 7, 18, 23, 5, 17, 26, 22, 6, 1, 12, 24, 15]
-- N30 result
--------------------------------------------
HostNestNum = 15, P_a = 0.2
--------------------------------------------
-- 2020-03-26 23:21 result data
OFV: 115800.0	/ CPU: 3.090 seconds 	/ department sequence: [15, 24, 12, 1, 17, 7, 8, 25, 22, 23, 26, 11, 10, 19, 18, 27, 30, 3, 20, 5, 2, 21, 13, 6, 28, 16, 9, 29, 14, 4]
OFV: 115765.0	/ CPU: 2.581 seconds 	/ department sequence: [15, 24, 12, 1, 17, 7, 8, 25, 22, 23, 18, 19, 26, 10, 11, 27, 30, 3, 20, 5, 2, 21, 13, 6, 28, 16, 9, 29, 14, 4]
OFV: 117198.0	/ CPU: 1.966 seconds 	/ department sequence: [15, 4, 14, 29, 16, 28, 25, 20, 8, 27, 19, 30, 21, 2, 3, 5, 11, 18, 23, 22, 10, 17, 13, 6, 26, 9, 7, 1, 12, 24]
OFV: 115800.0	/ CPU: 2.119 seconds 	/ department sequence: [4, 14, 29, 9, 16, 28, 6, 13, 21, 2, 5, 20, 3, 30, 27, 18, 19, 10, 11, 26, 23, 22, 25, 8, 7, 17, 1, 12, 24, 15]
OFV: 115268.0	/ CPU: 3.091 seconds 	/ department sequence: [15, 24, 12, 1, 6, 22, 26, 17, 5, 23, 18, 7, 8, 11, 3, 10, 19, 30, 27, 2, 13, 25, 20, 21, 28, 16, 9, 29, 14, 4]
-- N30 result
--------------------------------------------
HostNestNum = 15, P_a = 0.2
--------------------------------------------
-- 2020-03-26 23:26 result data
OFV: 115971.0	/ CPU: 5.896 seconds 	/ department sequence: [4, 14, 29, 9, 16, 23, 5, 2, 21, 3, 20, 27, 30, 18, 13, 19, 10, 11, 7, 8, 25, 28, 17, 26, 22, 6, 1, 12, 24, 15]
OFV: 115765.0	/ CPU: 2.740 seconds 	/ department sequence: [4, 14, 29, 9, 16, 28, 6, 13, 21, 2, 5, 20, 3, 30, 27, 11, 10, 26, 19, 18, 23, 22, 25, 8, 7, 17, 1, 12, 24, 15]
OFV: 115800.0	/ CPU: 2.641 seconds 	/ department sequence: [4, 14, 29, 9, 16, 28, 6, 13, 21, 2, 5, 20, 3, 30, 27, 18, 19, 10, 11, 26, 23, 22, 25, 8, 7, 17, 1, 12, 24, 15]
OFV: 115800.0	/ CPU: 2.689 seconds 	/ department sequence: [4, 14, 29, 9, 16, 28, 6, 13, 21, 2, 5, 20, 3, 30, 27, 18, 19, 10, 11, 26, 23, 22, 25, 8, 7, 17, 1, 12, 24, 15]
OFV: 115971.0	/ CPU: 2.982 seconds 	/ department sequence: [4, 14, 29, 9, 16, 23, 5, 2, 21, 3, 20, 27, 30, 18, 13, 19, 10, 11, 7, 8, 25, 28, 17, 26, 22, 6, 1, 12, 24, 15]
-- N30 result
--------------------------------------------
HostNestNum = 15, P_a = 0.2
--------------------------------------------
-- 2020-03-26 23:33 result data
OFV: 115268.0	/ CPU: 5.819 seconds 	/ department sequence: [4, 14, 29, 9, 16, 28, 21, 20, 25, 13, 2, 27, 30, 19, 10, 3, 11, 8, 7, 18, 23, 5, 17, 26, 22, 6, 1, 12, 24, 15]
OFV: 115971.0	/ CPU: 2.051 seconds 	/ department sequence: [4, 14, 29, 9, 16, 23, 5, 2, 21, 3, 20, 27, 30, 18, 13, 19, 10, 11, 7, 8, 25, 28, 17, 26, 22, 6, 1, 12, 24, 15]
OFV: 115268.0	/ CPU: 4.277 seconds 	/ department sequence: [15, 24, 12, 1, 6, 22, 26, 17, 5, 23, 18, 7, 8, 11, 3, 10, 19, 30, 27, 2, 13, 25, 20, 21, 28, 16, 9, 29, 14, 4]
OFV: 115837.0	/ CPU: 3.510 seconds 	/ department sequence: [15, 24, 12, 1, 6, 22, 26, 17, 28, 25, 8, 23, 18, 11, 20, 10, 27, 19, 30, 3, 5, 2, 21, 13, 7, 16, 9, 29, 14, 4]
OFV: 115971.0	/ CPU: 2.428 seconds 	/ department sequence: [15, 24, 12, 1, 6, 22, 26, 17, 28, 25, 8, 7, 11, 10, 19, 13, 18, 30, 27, 20, 3, 21, 2, 5, 23, 16, 9, 29, 14, 4]
