-- Small10-1 result
--------------------------------------------
HostNestNum = 5, P_a = 0.25
--------------------------------------------
-- 2020-06-10 16:20 result data
OFV: 1385.0	/ CPU: 2.374 seconds 	/ department sequence: [9, 3, 7, 1, 10, 5, 4, 2, 8, 6]
OFV: 1385.0	/ CPU: 2.869 seconds 	/ department sequence: [8, 6, 2, 10, 4, 5, 7, 1, 3, 9]
OFV: 1385.0	/ CPU: 2.081 seconds 	/ department sequence: [9, 3, 7, 1, 10, 5, 4, 2, 8, 6]
OFV: 1385.0	/ CPU: 2.669 seconds 	/ department sequence: [3, 9, 7, 1, 10, 5, 4, 2, 8, 6]
OFV: 1385.0	/ CPU: 2.551 seconds 	/ department sequence: [8, 6, 2, 10, 4, 5, 7, 1, 3, 9]
OFV: 1385.0	/ CPU: 2.434 seconds 	/ department sequence: [3, 9, 7, 1, 10, 5, 4, 2, 8, 6]
OFV: 1389.5	/ CPU: 2.372 seconds 	/ department sequence: [3, 9, 7, 1, 10, 5, 4, 2, 8, 6]
OFV: 1385.0	/ CPU: 2.518 seconds 	/ department sequence: [3, 9, 7, 1, 10, 5, 4, 2, 8, 6]
OFV: 1389.5	/ CPU: 2.040 seconds 	/ department sequence: [3, 9, 7, 1, 10, 5, 4, 2, 8, 6]
OFV: 1385.0	/ CPU: 2.341 seconds 	/ department sequence: [3, 9, 7, 1, 10, 5, 4, 2, 8, 6]
-- Small10-1 result
--------------------------------------------
HostNestNum = 5, P_a = 0.25
--------------------------------------------
-- 2020-06-10 16:20 result data
OFV: 1385.0	/ CPU: 2.487 seconds 	/ department sequence: [3, 9, 7, 1, 10, 5, 4, 2, 8, 6]
OFV: 1389.5	/ CPU: 2.061 seconds 	/ department sequence: [3, 9, 7, 1, 10, 5, 4, 2, 8, 6]
OFV: 1385.0	/ CPU: 2.599 seconds 	/ department sequence: [9, 3, 7, 1, 10, 5, 4, 2, 8, 6]
OFV: 1385.0	/ CPU: 2.053 seconds 	/ department sequence: [3, 9, 7, 1, 10, 5, 4, 2, 8, 6]
OFV: 1385.0	/ CPU: 1.857 seconds 	/ department sequence: [9, 3, 7, 1, 10, 5, 4, 2, 8, 6]
OFV: 1385.0	/ CPU: 1.953 seconds 	/ department sequence: [9, 3, 7, 1, 10, 5, 4, 2, 8, 6]
OFV: 1385.0	/ CPU: 2.086 seconds 	/ department sequence: [3, 9, 7, 1, 10, 5, 4, 2, 8, 6]
OFV: 1385.0	/ CPU: 1.900 seconds 	/ department sequence: [9, 3, 7, 1, 10, 5, 4, 2, 8, 6]
OFV: 1385.0	/ CPU: 1.902 seconds 	/ department sequence: [3, 9, 7, 1, 10, 5, 4, 2, 8, 6]
OFV: 1385.0	/ CPU: 2.135 seconds 	/ department sequence: [9, 3, 7, 1, 10, 5, 4, 2, 8, 6]
-- Small10-1 result
--------------------------------------------
HostNestNum = 5, P_a = 0.25
--------------------------------------------
-- 2020-06-10 16:21 result data
OFV: 1385.0	/ CPU: 3.049 seconds 	/ department sequence: [3, 9, 7, 1, 10, 5, 4, 2, 8, 6]
OFV: 1385.0	/ CPU: 3.001 seconds 	/ department sequence: [3, 9, 7, 1, 10, 5, 4, 2, 8, 6]
OFV: 1385.0	/ CPU: 2.954 seconds 	/ department sequence: [3, 9, 7, 1, 10, 5, 4, 2, 8, 6]
OFV: 1385.0	/ CPU: 2.891 seconds 	/ department sequence: [9, 3, 7, 1, 10, 5, 4, 2, 8, 6]
OFV: 1385.0	/ CPU: 3.693 seconds 	/ department sequence: [9, 3, 7, 1, 10, 5, 4, 2, 8, 6]
OFV: 1385.0	/ CPU: 2.943 seconds 	/ department sequence: [9, 3, 7, 1, 10, 5, 4, 2, 8, 6]
OFV: 1385.0	/ CPU: 2.943 seconds 	/ department sequence: [9, 3, 7, 1, 10, 5, 4, 2, 8, 6]
OFV: 1385.0	/ CPU: 2.938 seconds 	/ department sequence: [3, 9, 7, 1, 10, 5, 4, 2, 8, 6]
OFV: 1385.0	/ CPU: 2.906 seconds 	/ department sequence: [9, 3, 7, 1, 10, 5, 4, 2, 8, 6]
OFV: 1385.0	/ CPU: 2.929 seconds 	/ department sequence: [9, 3, 7, 1, 10, 5, 4, 2, 8, 6]
-- Small10-1 result
--------------------------------------------
HostNestNum = 5, P_a = 0.25
--------------------------------------------
-- 2020-06-10 16:21 result data
OFV: 1385.0	/ CPU: 4.663 seconds 	/ department sequence: [3, 9, 7, 1, 10, 5, 4, 2, 8, 6]
OFV: 1385.0	/ CPU: 3.916 seconds 	/ department sequence: [9, 3, 7, 1, 10, 5, 4, 2, 8, 6]
OFV: 1385.0	/ CPU: 4.007 seconds 	/ department sequence: [8, 6, 2, 10, 4, 5, 7, 1, 3, 9]
OFV: 1385.0	/ CPU: 3.845 seconds 	/ department sequence: [9, 3, 7, 1, 10, 5, 4, 2, 8, 6]
OFV: 1385.0	/ CPU: 4.498 seconds 	/ department sequence: [9, 3, 7, 1, 10, 5, 4, 2, 8, 6]
OFV: 1385.0	/ CPU: 3.737 seconds 	/ department sequence: [3, 9, 7, 1, 10, 5, 4, 2, 8, 6]
OFV: 1385.0	/ CPU: 3.753 seconds 	/ department sequence: [9, 3, 7, 1, 10, 5, 4, 2, 8, 6]
OFV: 1385.0	/ CPU: 4.124 seconds 	/ department sequence: [9, 3, 7, 1, 10, 5, 4, 2, 8, 6]
OFV: 1385.0	/ CPU: 3.868 seconds 	/ department sequence: [9, 3, 7, 1, 10, 5, 4, 2, 8, 6]
OFV: 1385.0	/ CPU: 7.583 seconds 	/ department sequence: [9, 3, 7, 1, 10, 5, 4, 2, 8, 6]
-- Small10-1 result
--------------------------------------------
HostNestNum = 5, P_a = 0.25
--------------------------------------------
-- 2020-06-10 21:54 result data
OFV: 1385.0	/ CPU: 2.729 seconds 	/ department sequence: [3, 9, 7, 1, 10, 5, 4, 2, 8, 6]
OFV: 1385.0	/ CPU: 3.621 seconds 	/ department sequence: [3, 9, 7, 1, 10, 5, 4, 2, 8, 6]
-- Small10-1 result
--------------------------------------------
HostNestNum = 5, P_a = 0.25
--------------------------------------------
-- 2020-06-10 21:55 result data
OFV: 1385.0	/ CPU: 2.663 seconds 	/ department sequence: [3, 9, 7, 1, 10, 5, 4, 2, 8, 6]
OFV: 1385.0	/ CPU: 2.670 seconds 	/ department sequence: [9, 3, 7, 1, 10, 5, 4, 2, 8, 6]
OFV: 1385.0	/ CPU: 2.452 seconds 	/ department sequence: [3, 9, 7, 1, 10, 5, 4, 2, 8, 6]
OFV: 1385.0	/ CPU: 2.648 seconds 	/ department sequence: [9, 3, 7, 1, 10, 5, 4, 2, 8, 6]
OFV: 1385.0	/ CPU: 3.488 seconds 	/ department sequence: [3, 9, 7, 1, 10, 5, 4, 2, 8, 6]
OFV: 1385.0	/ CPU: 2.600 seconds 	/ department sequence: [3, 9, 7, 1, 10, 5, 4, 2, 8, 6]
OFV: 1385.0	/ CPU: 2.541 seconds 	/ department sequence: [9, 3, 7, 1, 10, 5, 4, 2, 8, 6]
OFV: 1385.0	/ CPU: 2.428 seconds 	/ department sequence: [9, 3, 7, 1, 10, 5, 4, 2, 8, 6]
OFV: 1385.0	/ CPU: 2.973 seconds 	/ department sequence: [9, 3, 7, 1, 10, 5, 4, 2, 8, 6]
OFV: 1385.0	/ CPU: 3.391 seconds 	/ department sequence: [9, 3, 7, 1, 10, 5, 4, 2, 8, 6]
-- Small10-1 result
--------------------------------------------
HostNestNum = 5, P_a = 0.25
--------------------------------------------
-- 2020-06-10 21:55 result data
OFV: 1385.0	/ CPU: 2.936 seconds 	/ department sequence: [9, 3, 7, 1, 10, 5, 4, 2, 8, 6]
OFV: 1385.0	/ CPU: 3.320 seconds 	/ department sequence: [9, 3, 7, 1, 10, 5, 4, 2, 8, 6]
OFV: 1385.0	/ CPU: 4.870 seconds 	/ department sequence: [9, 3, 7, 1, 10, 5, 4, 2, 8, 6]
OFV: 1385.0	/ CPU: 2.875 seconds 	/ department sequence: [9, 3, 7, 1, 10, 5, 4, 2, 8, 6]
OFV: 1385.0	/ CPU: 2.450 seconds 	/ department sequence: [8, 6, 2, 10, 4, 5, 7, 1, 3, 9]
OFV: 1385.0	/ CPU: 3.384 seconds 	/ department sequence: [8, 6, 2, 10, 4, 5, 7, 1, 3, 9]
OFV: 1385.0	/ CPU: 2.866 seconds 	/ department sequence: [6, 8, 2, 10, 4, 5, 1, 7, 3, 9]
OFV: 1385.0	/ CPU: 2.034 seconds 	/ department sequence: [9, 3, 7, 1, 10, 5, 4, 2, 8, 6]
OFV: 1385.0	/ CPU: 2.155 seconds 	/ department sequence: [9, 3, 7, 1, 10, 5, 4, 2, 8, 6]
OFV: 1385.0	/ CPU: 2.453 seconds 	/ department sequence: [9, 3, 7, 1, 10, 5, 4, 2, 8, 6]
-- Small10-1 result
--------------------------------------------
HostNestNum = 5, P_a = 0.25
--------------------------------------------
-- 2020-06-10 21:56 result data
OFV: 1385.0	/ CPU: 4.796 seconds 	/ department sequence: [9, 3, 7, 1, 10, 5, 4, 2, 8, 6]
OFV: 1385.0	/ CPU: 3.265 seconds 	/ department sequence: [3, 9, 7, 1, 10, 5, 4, 2, 8, 6]
OFV: 1385.0	/ CPU: 3.421 seconds 	/ department sequence: [3, 9, 7, 1, 10, 5, 4, 2, 8, 6]
OFV: 1385.0	/ CPU: 3.025 seconds 	/ department sequence: [3, 9, 7, 1, 10, 5, 4, 2, 8, 6]
OFV: 1385.0	/ CPU: 4.232 seconds 	/ department sequence: [6, 8, 2, 10, 4, 5, 1, 7, 3, 9]
OFV: 1385.0	/ CPU: 3.860 seconds 	/ department sequence: [9, 3, 7, 1, 10, 5, 4, 2, 8, 6]
OFV: 1385.0	/ CPU: 3.803 seconds 	/ department sequence: [6, 8, 2, 10, 4, 5, 1, 7, 3, 9]
OFV: 1385.0	/ CPU: 2.846 seconds 	/ department sequence: [9, 3, 7, 1, 10, 5, 4, 2, 8, 6]
OFV: 1385.0	/ CPU: 3.014 seconds 	/ department sequence: [9, 3, 7, 1, 10, 5, 4, 2, 8, 6]
OFV: 1385.0	/ CPU: 3.103 seconds 	/ department sequence: [9, 3, 7, 1, 10, 5, 4, 2, 8, 6]
-- Small10-1 result
--------------------------------------------
HostNestNum = 5, P_a = 0.25
--------------------------------------------
-- 2020-06-10 21:56 result data
