-- Small10-1 result
--------------------------------------------
HostNestNum = 5, P_a = 0.0
--------------------------------------------
-- 2020-06-10 16:20 result data
OFV: 1385.0	/ CPU: 1.949 seconds 	/ department sequence: [3, 9, 7, 1, 10, 5, 4, 2, 8, 6]
OFV: 1423.0	/ CPU: 1.624 seconds 	/ department sequence: [9, 3, 7, 1, 6, 4, 2, 5, 8, 10]
OFV: 1385.0	/ CPU: 1.475 seconds 	/ department sequence: [9, 3, 7, 1, 10, 5, 4, 2, 8, 6]
OFV: 1385.0	/ CPU: 1.263 seconds 	/ department sequence: [3, 9, 7, 1, 10, 5, 4, 2, 8, 6]
OFV: 1385.0	/ CPU: 1.582 seconds 	/ department sequence: [9, 3, 7, 1, 10, 5, 4, 2, 8, 6]
OFV: 1385.0	/ CPU: 1.198 seconds 	/ department sequence: [3, 9, 7, 1, 10, 5, 4, 2, 8, 6]
OFV: 1385.0	/ CPU: 1.393 seconds 	/ department sequence: [8, 6, 2, 10, 4, 5, 7, 1, 3, 9]
OFV: 1385.0	/ CPU: 1.615 seconds 	/ department sequence: [8, 6, 2, 10, 4, 5, 7, 1, 3, 9]
OFV: 1385.0	/ CPU: 1.158 seconds 	/ department sequence: [8, 6, 2, 10, 4, 5, 7, 1, 3, 9]
OFV: 1385.0	/ CPU: 1.102 seconds 	/ department sequence: [3, 9, 7, 1, 10, 5, 4, 2, 8, 6]
-- Small10-1 result
--------------------------------------------
HostNestNum = 5, P_a = 0.0
--------------------------------------------
-- 2020-06-10 21:54 result data
OFV: 1385.0	/ CPU: 3.585 seconds 	/ department sequence: [9, 3, 7, 1, 10, 5, 4, 2, 8, 6]
OFV: 1385.0	/ CPU: 2.167 seconds 	/ department sequence: [3, 9, 7, 1, 10, 5, 4, 2, 8, 6]
OFV: 1385.0	/ CPU: 1.849 seconds 	/ department sequence: [3, 9, 7, 1, 10, 5, 4, 2, 8, 6]
OFV: 1385.0	/ CPU: 1.921 seconds 	/ department sequence: [8, 6, 2, 10, 4, 5, 7, 1, 3, 9]
OFV: 1423.0	/ CPU: 1.534 seconds 	/ department sequence: [9, 3, 7, 1, 6, 4, 2, 5, 8, 10]
OFV: 1385.0	/ CPU: 1.653 seconds 	/ department sequence: [8, 6, 2, 10, 4, 5, 7, 1, 3, 9]
OFV: 1385.0	/ CPU: 1.572 seconds 	/ department sequence: [8, 6, 2, 10, 4, 5, 7, 1, 3, 9]
OFV: 1385.0	/ CPU: 1.529 seconds 	/ department sequence: [9, 3, 7, 1, 10, 5, 4, 2, 8, 6]
OFV: 1385.0	/ CPU: 1.560 seconds 	/ department sequence: [3, 9, 7, 1, 10, 5, 4, 2, 8, 6]
OFV: 1385.0	/ CPU: 1.885 seconds 	/ department sequence: [8, 6, 2, 10, 4, 5, 7, 1, 3, 9]
-- Small10-1 result
--------------------------------------------
HostNestNum = 5, P_a = 0.0
--------------------------------------------
-- 2020-06-10 21:54 result data
OFV: 1385.0	/ CPU: 3.327 seconds 	/ department sequence: [3, 9, 7, 1, 10, 5, 4, 2, 8, 6]
OFV: 1385.0	/ CPU: 1.860 seconds 	/ department sequence: [8, 6, 2, 10, 4, 5, 7, 1, 3, 9]
OFV: 1385.0	/ CPU: 1.579 seconds 	/ department sequence: [9, 3, 7, 1, 10, 5, 4, 2, 8, 6]
OFV: 1385.0	/ CPU: 1.439 seconds 	/ department sequence: [9, 3, 7, 1, 10, 5, 4, 2, 8, 6]
OFV: 1385.0	/ CPU: 1.497 seconds 	/ department sequence: [3, 9, 7, 1, 10, 5, 4, 2, 8, 6]
OFV: 1385.0	/ CPU: 1.481 seconds 	/ department sequence: [3, 9, 7, 1, 10, 5, 4, 2, 8, 6]
OFV: 1385.0	/ CPU: 1.708 seconds 	/ department sequence: [8, 6, 2, 10, 4, 5, 7, 1, 3, 9]
OFV: 1385.0	/ CPU: 1.578 seconds 	/ department sequence: [3, 9, 7, 1, 10, 5, 4, 2, 8, 6]
OFV: 1385.0	/ CPU: 1.614 seconds 	/ department sequence: [3, 9, 7, 1, 10, 5, 4, 2, 8, 6]
OFV: 1385.0	/ CPU: 1.901 seconds 	/ department sequence: [8, 6, 2, 10, 4, 5, 7, 1, 3, 9]
