-- AnKeVa60-3 result
--------------------------------------------
HostNestNum = 45, P_a = 0.25
--------------------------------------------
-- 2019-02-14 14:29 result data
OFV: 649785.5	/ CPU: 2413.271 seconds 	/ department sequence: [4, 6, 53, 49, 36, 47, 27, 22, 54, 41, 34, 1, 32, 52, 31, 10, 51, 15, 26, 23, 18, 56, 25, 60, 45, 39, 46, 17, 43, 30, 35, 40, 8, 50, 33, 9, 28, 58, 12, 7, 55, 37, 57, 14, 13, 2, 44, 21, 11, 20, 48, 24, 16, 29, 38, 42, 59, 3, 19, 5]
-- AnKeVa60-3 result
--------------------------------------------
HostNestNum = 45, P_a = 0.25
--------------------------------------------
-- 2019-02-22 05:20 result data
OFV: 651102.5	/ CPU: 3743.740 seconds 	/ department sequence: [5, 6, 19, 59, 24, 53, 49, 20, 47, 27, 21, 1, 32, 52, 37, 2, 57, 7, 10, 51, 12, 23, 58, 56, 35, 30, 40, 33, 39, 8, 50, 43, 46, 17, 25, 45, 26, 9, 60, 18, 28, 15, 34, 55, 14, 31, 44, 41, 13, 54, 11, 22, 48, 36, 38, 29, 16, 42, 3, 4]
OFV: 649691.5	/ CPU: 3157.917 seconds 	/ department sequence: [5, 19, 3, 42, 38, 29, 16, 24, 20, 48, 11, 41, 44, 21, 2, 14, 52, 37, 57, 12, 18, 15, 25, 9, 60, 46, 8, 40, 43, 30, 50, 33, 35, 17, 26, 39, 45, 56, 28, 58, 23, 51, 7, 10, 55, 31, 34, 32, 1, 13, 54, 22, 47, 27, 36, 49, 53, 59, 6, 4]
OFV: 649973.5	/ CPU: 4573.332 seconds 	/ department sequence: [5, 19, 6, 59, 53, 49, 36, 47, 27, 22, 54, 1, 13, 32, 34, 31, 55, 10, 51, 18, 23, 28, 56, 25, 45, 17, 60, 39, 26, 30, 35, 43, 40, 8, 33, 46, 50, 9, 15, 58, 12, 7, 57, 37, 52, 2, 14, 21, 41, 44, 11, 48, 20, 24, 38, 29, 16, 42, 3, 4]
OFV: 649818.5	/ CPU: 3633.712 seconds 	/ department sequence: [4, 6, 59, 53, 49, 36, 47, 27, 22, 54, 1, 32, 34, 13, 31, 10, 37, 51, 58, 23, 28, 56, 60, 45, 26, 39, 30, 46, 17, 40, 43, 50, 8, 35, 33, 25, 15, 12, 18, 9, 7, 57, 55, 52, 2, 14, 21, 41, 44, 11, 48, 20, 24, 16, 29, 42, 38, 3, 19, 5]
OFV: 650956.5	/ CPU: 2085.718 seconds 	/ department sequence: [5, 19, 6, 3, 59, 42, 29, 38, 16, 48, 22, 47, 27, 54, 13, 14, 2, 31, 57, 34, 7, 51, 10, 58, 26, 45, 25, 17, 60, 46, 8, 50, 30, 43, 40, 33, 39, 35, 56, 9, 15, 23, 28, 18, 12, 55, 37, 52, 32, 1, 21, 44, 41, 11, 20, 36, 49, 53, 24, 4]
OFV: 649198.5	/ CPU: 2601.211 seconds 	/ department sequence: [5, 19, 3, 42, 29, 38, 16, 24, 48, 20, 11, 44, 41, 21, 2, 14, 55, 57, 37, 7, 12, 9, 58, 50, 33, 8, 46, 43, 35, 30, 40, 39, 17, 26, 45, 60, 25, 23, 56, 28, 18, 15, 10, 51, 52, 31, 34, 32, 1, 13, 54, 22, 27, 47, 36, 49, 53, 59, 6, 4]
OFV: 650581.5	/ CPU: 2656.488 seconds 	/ department sequence: [4, 42, 59, 24, 53, 49, 36, 20, 11, 1, 44, 32, 37, 31, 55, 34, 12, 10, 18, 28, 23, 15, 56, 60, 39, 35, 33, 8, 43, 50, 40, 46, 17, 30, 26, 25, 45, 58, 9, 51, 7, 57, 2, 52, 14, 41, 21, 13, 54, 27, 47, 22, 48, 16, 29, 38, 3, 6, 19, 5]
OFV: 653235.5	/ CPU: 2405.642 seconds 	/ department sequence: [4, 6, 3, 16, 59, 53, 49, 22, 47, 27, 54, 13, 1, 32, 34, 31, 55, 7, 57, 10, 51, 18, 15, 23, 56, 9, 12, 39, 17, 35, 46, 8, 40, 30, 43, 26, 50, 33, 60, 45, 25, 58, 28, 37, 52, 2, 14, 21, 41, 44, 11, 48, 20, 36, 29, 24, 38, 42, 19, 5]
OFV: 651467.5	/ CPU: 1711.672 seconds 	/ department sequence: [4, 3, 42, 16, 38, 29, 24, 20, 48, 11, 41, 44, 21, 2, 14, 52, 37, 57, 28, 18, 15, 9, 25, 45, 40, 26, 60, 43, 50, 8, 33, 46, 17, 35, 39, 30, 56, 12, 58, 23, 7, 51, 10, 55, 31, 34, 32, 13, 1, 54, 22, 27, 47, 36, 49, 53, 59, 19, 6, 5]
OFV: 651525.5	/ CPU: 1442.697 seconds 	/ department sequence: [19, 3, 42, 29, 38, 16, 24, 20, 48, 22, 11, 41, 21, 44, 13, 14, 2, 57, 37, 58, 12, 9, 15, 28, 45, 50, 60, 43, 8, 33, 35, 30, 40, 46, 26, 17, 39, 56, 25, 23, 18, 10, 51, 7, 55, 31, 52, 34, 32, 1, 54, 27, 47, 36, 49, 53, 59, 6, 5, 4]
