-- AnKeVa60-3 result
--------------------------------------------
HostNestNum = 15, P_a = 0.2
--------------------------------------------
-- 2019-01-13 09:37 result data
OFV: 831946.5	/ CPU: 75.482 seconds 	/ department sequence: [4, 6, 5, 3, 16, 52, 38, 57, 20, 21, 2, 35, 41, 44, 31, 39, 60, 47, 56, 46, 45, 34, 23, 26, 40, 37, 27, 51, 8, 24, 12, 15, 32, 49, 43, 7, 33, 48, 18, 58, 30, 50, 13, 28, 9, 14, 10, 54, 11, 25, 17, 1, 36, 29, 55, 22, 19, 53, 42, 59]
OFV: 788873.5	/ CPU: 97.212 seconds 	/ department sequence: [19, 51, 5, 48, 16, 50, 42, 49, 26, 24, 12, 6, 7, 11, 37, 47, 2, 17, 44, 45, 28, 32, 57, 23, 8, 9, 56, 35, 30, 15, 43, 52, 18, 33, 55, 31, 58, 54, 60, 46, 39, 25, 41, 10, 1, 13, 34, 59, 14, 21, 36, 22, 53, 29, 27, 40, 38, 20, 3, 4]
OFV: 809105.5	/ CPU: 119.612 seconds 	/ department sequence: [4, 5, 19, 27, 51, 53, 22, 6, 60, 48, 54, 49, 1, 2, 7, 10, 14, 56, 28, 23, 57, 25, 37, 18, 9, 40, 31, 39, 45, 46, 52, 43, 41, 17, 15, 30, 33, 29, 12, 11, 35, 34, 59, 8, 50, 13, 47, 36, 44, 32, 38, 58, 20, 21, 55, 26, 24, 42, 16, 3]
OFV: 841384.5	/ CPU: 92.494 seconds 	/ department sequence: [52, 5, 45, 6, 49, 24, 19, 48, 14, 22, 10, 59, 1, 2, 35, 7, 29, 32, 58, 28, 60, 30, 50, 17, 25, 54, 23, 39, 57, 46, 15, 9, 8, 12, 18, 37, 31, 53, 33, 42, 13, 56, 27, 21, 51, 43, 41, 36, 34, 55, 26, 44, 16, 40, 20, 11, 47, 38, 3, 4]
OFV: 798756.5	/ CPU: 102.616 seconds 	/ department sequence: [42, 52, 38, 20, 29, 59, 24, 15, 16, 36, 27, 2, 39, 35, 7, 9, 54, 55, 51, 12, 34, 32, 57, 10, 8, 60, 26, 30, 33, 17, 45, 40, 58, 47, 53, 37, 46, 56, 14, 25, 43, 23, 28, 21, 44, 31, 19, 18, 50, 1, 41, 22, 13, 11, 49, 48, 3, 6, 5, 4]
OFV: 780772.5	/ CPU: 194.095 seconds 	/ department sequence: [4, 3, 16, 24, 19, 47, 42, 22, 59, 1, 58, 31, 44, 28, 13, 15, 56, 60, 18, 43, 7, 14, 12, 17, 25, 30, 9, 10, 8, 20, 39, 35, 51, 33, 52, 46, 27, 40, 34, 23, 41, 55, 50, 37, 2, 32, 48, 53, 29, 26, 54, 11, 21, 45, 38, 49, 57, 6, 36, 5]
OFV: 808638.5	/ CPU: 69.796 seconds 	/ department sequence: [4, 3, 27, 53, 19, 31, 29, 34, 48, 55, 11, 35, 21, 18, 36, 41, 45, 14, 9, 8, 7, 13, 57, 42, 54, 33, 60, 46, 32, 50, 26, 15, 10, 51, 12, 39, 43, 23, 30, 58, 17, 56, 25, 2, 52, 20, 37, 22, 40, 44, 28, 1, 47, 24, 16, 38, 6, 49, 59, 5]
OFV: 804549.5	/ CPU: 45.161 seconds 	/ department sequence: [4, 5, 3, 53, 6, 24, 29, 20, 16, 1, 32, 2, 58, 11, 55, 43, 57, 38, 28, 18, 15, 10, 17, 7, 52, 30, 60, 56, 50, 33, 12, 47, 51, 34, 49, 23, 44, 9, 8, 25, 14, 31, 37, 39, 26, 22, 27, 40, 35, 46, 45, 21, 36, 59, 48, 41, 13, 19, 54, 42]
OFV: 829511.5	/ CPU: 117.301 seconds 	/ department sequence: [5, 4, 6, 54, 27, 32, 56, 49, 21, 44, 36, 23, 19, 1, 7, 58, 11, 12, 50, 10, 33, 39, 28, 34, 47, 45, 46, 25, 9, 14, 22, 8, 43, 55, 57, 35, 26, 37, 30, 24, 48, 17, 18, 31, 38, 40, 41, 60, 2, 29, 52, 59, 15, 20, 51, 16, 42, 53, 13, 3]
OFV: 813113.5	/ CPU: 162.118 seconds 	/ department sequence: [3, 53, 20, 19, 11, 49, 42, 2, 34, 55, 46, 17, 59, 48, 21, 45, 12, 28, 30, 52, 31, 58, 57, 39, 25, 8, 50, 24, 40, 29, 33, 47, 43, 60, 18, 15, 32, 35, 14, 9, 44, 7, 23, 38, 37, 54, 51, 10, 13, 26, 56, 1, 16, 41, 27, 22, 36, 6, 5, 4]
-- AnKeVa60-3 result
--------------------------------------------
HostNestNum = 15, P_a = 0.2
--------------------------------------------
-- 2019-02-14 08:27 result data
OFV: 651912.5	/ CPU: 649.742 seconds 	/ department sequence: [4, 5, 6, 53, 49, 36, 47, 27, 22, 13, 54, 41, 1, 32, 34, 52, 7, 10, 51, 15, 23, 12, 18, 9, 56, 26, 46, 35, 30, 40, 39, 8, 43, 17, 50, 33, 60, 45, 25, 28, 58, 55, 57, 37, 2, 14, 31, 21, 44, 11, 48, 20, 24, 16, 38, 29, 59, 42, 3, 19]
