-- AnKeVa60-3 result
--------------------------------------------
HostNestNum = 15, P_a = 0.0
--------------------------------------------
-- 2019-01-13 09:23 result data
OFV: 843373.5	/ CPU: 26.276 seconds 	/ department sequence: [3, 47, 37, 20, 29, 48, 42, 41, 2, 40, 46, 21, 14, 8, 13, 26, 50, 23, 56, 53, 25, 55, 57, 51, 58, 28, 44, 30, 45, 31, 33, 34, 27, 9, 10, 43, 7, 12, 18, 24, 17, 32, 49, 60, 54, 38, 39, 36, 52, 15, 22, 35, 1, 16, 19, 11, 59, 5, 4, 6]
OFV: 857598.5	/ CPU: 19.714 seconds 	/ department sequence: [4, 5, 6, 3, 48, 11, 43, 16, 36, 19, 59, 47, 2, 56, 58, 54, 34, 13, 57, 29, 25, 50, 17, 37, 60, 42, 21, 32, 12, 7, 15, 18, 9, 8, 40, 30, 44, 39, 28, 49, 53, 33, 23, 45, 55, 46, 41, 26, 10, 35, 20, 51, 27, 38, 14, 52, 31, 1, 22, 24]
OFV: 804368.5	/ CPU: 17.496 seconds 	/ department sequence: [4, 5, 38, 6, 19, 26, 16, 11, 31, 53, 42, 14, 36, 52, 32, 47, 44, 50, 54, 2, 56, 51, 33, 24, 29, 25, 35, 30, 8, 15, 28, 39, 17, 45, 55, 34, 58, 12, 46, 43, 48, 41, 21, 60, 7, 9, 40, 18, 1, 27, 20, 37, 10, 59, 22, 49, 13, 23, 57, 3]
OFV: 837276.5	/ CPU: 22.791 seconds 	/ department sequence: [3, 36, 31, 14, 20, 22, 29, 27, 34, 54, 46, 57, 59, 51, 15, 24, 32, 41, 28, 7, 25, 38, 8, 12, 39, 33, 23, 30, 9, 18, 55, 10, 26, 40, 60, 43, 42, 56, 45, 21, 52, 50, 13, 17, 53, 58, 11, 48, 35, 2, 1, 49, 37, 19, 44, 6, 47, 16, 5, 4]
OFV: 850966.5	/ CPU: 20.136 seconds 	/ department sequence: [54, 48, 1, 58, 53, 47, 44, 55, 38, 10, 31, 51, 26, 21, 9, 12, 23, 18, 27, 43, 33, 15, 49, 35, 41, 17, 8, 59, 32, 37, 45, 50, 34, 40, 25, 39, 36, 22, 30, 46, 24, 56, 60, 14, 28, 7, 2, 29, 20, 57, 13, 19, 42, 52, 11, 6, 16, 3, 5, 4]
OFV: 798887.5	/ CPU: 22.448 seconds 	/ department sequence: [19, 16, 29, 44, 38, 22, 42, 41, 40, 51, 36, 14, 49, 34, 13, 33, 26, 21, 10, 55, 31, 28, 47, 12, 46, 43, 32, 17, 18, 8, 56, 30, 37, 59, 58, 15, 9, 23, 39, 45, 11, 25, 60, 27, 35, 1, 2, 20, 24, 57, 7, 52, 53, 50, 48, 54, 3, 6, 5, 4]
OFV: 843231.5	/ CPU: 16.918 seconds 	/ department sequence: [3, 1, 32, 29, 60, 53, 38, 28, 20, 31, 46, 47, 52, 59, 15, 24, 56, 26, 18, 25, 13, 35, 8, 57, 54, 41, 30, 39, 44, 33, 21, 58, 43, 45, 55, 42, 37, 50, 48, 12, 10, 17, 23, 9, 34, 7, 51, 2, 11, 14, 22, 27, 16, 36, 49, 19, 40, 5, 6, 4]
OFV: 840342.5	/ CPU: 26.509 seconds 	/ department sequence: [6, 5, 43, 38, 24, 22, 11, 42, 53, 36, 48, 1, 45, 51, 13, 29, 18, 26, 15, 17, 10, 28, 58, 44, 55, 39, 12, 9, 30, 59, 7, 40, 50, 8, 25, 23, 46, 33, 54, 56, 31, 47, 34, 52, 32, 35, 2, 49, 20, 21, 27, 19, 14, 37, 16, 41, 60, 57, 3, 4]
OFV: 813894.5	/ CPU: 15.419 seconds 	/ department sequence: [40, 4, 5, 3, 29, 24, 13, 19, 6, 12, 59, 47, 20, 2, 23, 43, 14, 57, 46, 53, 18, 37, 31, 28, 55, 51, 56, 44, 45, 35, 41, 9, 58, 54, 34, 50, 17, 8, 10, 7, 26, 30, 33, 27, 15, 39, 52, 25, 48, 38, 32, 49, 60, 1, 21, 11, 36, 42, 16, 22]
OFV: 802450.5	/ CPU: 19.761 seconds 	/ department sequence: [3, 6, 42, 16, 49, 22, 24, 31, 20, 1, 23, 32, 34, 55, 47, 26, 44, 51, 18, 28, 40, 57, 35, 50, 45, 10, 8, 37, 30, 29, 25, 21, 38, 46, 59, 54, 33, 17, 12, 58, 15, 39, 43, 53, 60, 56, 2, 13, 14, 11, 7, 41, 27, 9, 48, 52, 19, 36, 5, 4]
-- AnKeVa60-3 result
--------------------------------------------
HostNestNum = 15, P_a = 0.0
--------------------------------------------
-- 2019-02-14 07:59 result data
OFV: 652331.5	/ CPU: 779.560 seconds 	/ department sequence: [4, 5, 19, 6, 59, 24, 53, 49, 20, 47, 27, 21, 1, 32, 52, 37, 31, 2, 7, 57, 51, 12, 23, 25, 58, 56, 30, 46, 39, 17, 50, 35, 8, 43, 40, 33, 26, 45, 60, 18, 9, 28, 15, 10, 34, 55, 14, 44, 41, 54, 13, 11, 22, 48, 36, 16, 38, 29, 42, 3]
