-- AnKeVa60-3 result
--------------------------------------------
HostNestNum = 10, P_a = 0.1
--------------------------------------------
-- 2019-01-13 08:26 result data
OFV: 798619.5	/ CPU: 46.457 seconds 	/ department sequence: [4, 5, 19, 3, 36, 20, 16, 31, 52, 47, 22, 1, 12, 7, 56, 42, 50, 48, 11, 46, 10, 15, 28, 60, 33, 17, 43, 35, 44, 41, 39, 55, 13, 8, 9, 14, 23, 30, 18, 32, 25, 26, 54, 40, 53, 51, 58, 45, 2, 21, 57, 38, 34, 24, 27, 59, 37, 6, 29, 49]
OFV: 832902.5	/ CPU: 60.064 seconds 	/ department sequence: [5, 6, 3, 16, 60, 11, 29, 49, 32, 48, 38, 50, 42, 2, 51, 37, 22, 21, 56, 15, 35, 30, 26, 34, 28, 23, 41, 9, 43, 7, 8, 33, 45, 39, 20, 18, 17, 24, 12, 44, 46, 36, 25, 58, 10, 47, 40, 13, 52, 55, 31, 1, 53, 19, 14, 27, 54, 57, 59, 4]
OFV: 816432.5	/ CPU: 35.820 seconds 	/ department sequence: [24, 42, 36, 1, 40, 32, 13, 21, 29, 44, 45, 10, 7, 60, 39, 51, 49, 22, 41, 18, 56, 50, 35, 27, 33, 15, 31, 28, 8, 46, 58, 23, 30, 14, 52, 43, 25, 59, 34, 37, 12, 54, 17, 9, 55, 2, 11, 6, 20, 47, 26, 57, 19, 53, 48, 5, 38, 16, 3, 4]
OFV: 842829.5	/ CPU: 25.369 seconds 	/ department sequence: [47, 4, 5, 19, 24, 6, 3, 48, 14, 11, 40, 29, 60, 38, 18, 27, 46, 32, 34, 50, 49, 20, 22, 37, 57, 28, 53, 55, 43, 45, 31, 12, 25, 39, 56, 59, 7, 35, 15, 8, 9, 33, 26, 30, 23, 10, 21, 17, 58, 1, 2, 42, 51, 36, 16, 54, 13, 52, 44, 41]
OFV: 859362.5	/ CPU: 23.572 seconds 	/ department sequence: [44, 22, 6, 49, 51, 24, 54, 39, 59, 29, 15, 34, 36, 10, 16, 47, 25, 11, 38, 31, 28, 53, 42, 27, 23, 33, 18, 43, 46, 26, 37, 35, 8, 12, 45, 21, 58, 17, 55, 40, 9, 57, 30, 52, 13, 48, 56, 60, 7, 50, 2, 14, 1, 19, 32, 20, 41, 3, 5, 4]
OFV: 814869.5	/ CPU: 38.788 seconds 	/ department sequence: [19, 3, 44, 27, 60, 29, 20, 21, 41, 11, 16, 2, 31, 12, 15, 35, 48, 23, 37, 40, 49, 43, 9, 38, 8, 33, 45, 18, 56, 52, 57, 46, 50, 22, 30, 25, 55, 58, 39, 17, 28, 1, 54, 36, 14, 24, 47, 10, 34, 53, 51, 7, 59, 26, 32, 5, 6, 13, 42, 4]
OFV: 858112.5	/ CPU: 39.991 seconds 	/ department sequence: [3, 59, 60, 5, 29, 16, 15, 19, 11, 22, 13, 2, 18, 14, 57, 12, 42, 8, 7, 40, 30, 35, 53, 52, 25, 17, 44, 28, 51, 46, 39, 23, 55, 21, 50, 37, 49, 33, 31, 43, 45, 38, 54, 10, 9, 32, 56, 34, 48, 20, 58, 1, 24, 41, 27, 6, 26, 47, 36, 4]
OFV: 838284.5	/ CPU: 23.775 seconds 	/ department sequence: [3, 27, 50, 40, 19, 42, 51, 54, 11, 16, 58, 48, 36, 29, 2, 7, 43, 9, 8, 35, 41, 30, 34, 17, 18, 24, 28, 44, 56, 23, 12, 14, 39, 22, 33, 46, 26, 45, 25, 21, 31, 57, 60, 10, 1, 59, 32, 38, 52, 49, 37, 47, 53, 13, 55, 20, 15, 6, 5, 4]
OFV: 813683.5	/ CPU: 44.834 seconds 	/ department sequence: [5, 6, 3, 22, 1, 21, 13, 25, 16, 34, 52, 54, 49, 23, 48, 2, 56, 11, 44, 7, 58, 26, 43, 47, 8, 50, 27, 39, 35, 33, 57, 60, 15, 12, 51, 45, 30, 46, 14, 29, 17, 32, 41, 18, 31, 24, 9, 10, 36, 28, 38, 37, 20, 19, 40, 59, 42, 55, 53, 4]
OFV: 834945.5	/ CPU: 83.417 seconds 	/ department sequence: [54, 5, 6, 48, 43, 44, 26, 52, 42, 27, 11, 37, 16, 40, 14, 22, 2, 45, 29, 60, 58, 18, 51, 28, 49, 46, 9, 8, 12, 24, 23, 13, 56, 35, 17, 50, 39, 57, 15, 10, 30, 31, 34, 36, 20, 32, 33, 7, 21, 25, 55, 1, 47, 19, 59, 53, 38, 41, 3, 4]
-- AnKeVa60-3 result
--------------------------------------------
HostNestNum = 10, P_a = 0.1
--------------------------------------------
-- 2019-02-14 07:19 result data
OFV: 650811.5	/ CPU: 519.657 seconds 	/ department sequence: [3, 42, 29, 16, 38, 24, 36, 20, 48, 11, 41, 44, 14, 2, 52, 55, 15, 12, 28, 18, 9, 35, 26, 40, 33, 43, 50, 8, 46, 30, 39, 17, 60, 25, 45, 56, 23, 58, 37, 51, 10, 57, 7, 34, 31, 32, 21, 1, 13, 54, 22, 27, 47, 49, 53, 59, 6, 19, 5, 4]
