-- AnKeVa60-3 result
--------------------------------------------
HostNestNum = 10, P_a = 0.35
--------------------------------------------
-- 2019-01-13 09:00 result data
OFV: 836508.5	/ CPU: 109.365 seconds 	/ department sequence: [38, 43, 54, 37, 19, 22, 16, 27, 34, 48, 42, 2, 55, 46, 44, 14, 13, 6, 28, 10, 8, 51, 32, 45, 35, 30, 47, 33, 58, 23, 9, 12, 7, 18, 15, 57, 39, 17, 20, 21, 24, 60, 59, 56, 26, 31, 25, 50, 1, 11, 29, 40, 49, 52, 53, 41, 5, 36, 3, 4]
OFV: 797855.5	/ CPU: 131.250 seconds 	/ department sequence: [4, 24, 19, 36, 42, 32, 26, 38, 2, 9, 37, 31, 51, 10, 15, 52, 34, 14, 54, 17, 45, 50, 35, 43, 57, 18, 8, 60, 7, 40, 46, 33, 44, 23, 55, 58, 56, 20, 13, 11, 28, 59, 39, 27, 21, 12, 47, 29, 30, 1, 53, 49, 25, 41, 48, 22, 16, 3, 5, 6]
OFV: 842793.5	/ CPU: 234.429 seconds 	/ department sequence: [4, 5, 47, 6, 1, 2, 7, 23, 14, 50, 40, 34, 52, 10, 51, 17, 21, 56, 27, 30, 24, 28, 22, 58, 60, 25, 53, 33, 55, 54, 9, 8, 15, 32, 39, 43, 35, 45, 31, 29, 26, 37, 38, 13, 46, 48, 41, 59, 18, 11, 57, 49, 20, 44, 36, 12, 16, 19, 42, 3]
OFV: 812265.5	/ CPU: 308.146 seconds 	/ department sequence: [6, 3, 12, 47, 59, 11, 29, 42, 48, 31, 60, 35, 49, 41, 27, 44, 39, 55, 57, 34, 15, 30, 10, 54, 33, 26, 17, 14, 28, 40, 46, 56, 9, 58, 22, 8, 7, 13, 51, 18, 23, 45, 21, 50, 52, 2, 16, 25, 20, 37, 38, 32, 1, 19, 24, 43, 36, 53, 5, 4]
OFV: 813153.5	/ CPU: 67.094 seconds 	/ department sequence: [3, 27, 49, 22, 44, 42, 59, 6, 32, 20, 52, 36, 1, 57, 26, 55, 45, 38, 34, 12, 33, 40, 18, 29, 53, 50, 43, 8, 9, 46, 25, 58, 41, 30, 48, 60, 21, 23, 39, 56, 51, 17, 28, 54, 10, 31, 11, 7, 14, 15, 37, 47, 35, 2, 19, 5, 16, 13, 24, 4]
OFV: 785601.5	/ CPU: 201.187 seconds 	/ department sequence: [44, 36, 22, 32, 29, 54, 49, 1, 56, 24, 31, 52, 28, 53, 34, 40, 26, 23, 58, 55, 10, 12, 15, 8, 46, 18, 51, 25, 30, 33, 43, 50, 60, 27, 39, 35, 9, 37, 7, 2, 57, 14, 47, 42, 16, 59, 17, 21, 45, 38, 41, 11, 13, 48, 20, 3, 19, 6, 5, 4]
OFV: 820717.5	/ CPU: 80.356 seconds 	/ department sequence: [4, 5, 53, 20, 49, 13, 6, 1, 15, 43, 50, 52, 40, 47, 11, 29, 19, 31, 28, 33, 32, 35, 48, 26, 51, 18, 23, 44, 37, 10, 25, 60, 30, 56, 39, 7, 38, 45, 46, 8, 9, 58, 17, 54, 12, 2, 24, 14, 36, 59, 41, 57, 21, 55, 42, 16, 22, 34, 27, 3]
OFV: 816701.5	/ CPU: 130.016 seconds 	/ department sequence: [36, 24, 41, 19, 59, 55, 60, 13, 11, 21, 16, 1, 40, 33, 31, 32, 15, 43, 12, 8, 7, 17, 14, 35, 52, 42, 39, 18, 58, 46, 28, 44, 23, 50, 25, 56, 51, 9, 54, 45, 2, 47, 22, 34, 49, 30, 27, 20, 10, 57, 26, 53, 6, 37, 29, 48, 3, 5, 38, 4]
OFV: 813024.5	/ CPU: 57.002 seconds 	/ department sequence: [29, 59, 49, 41, 24, 32, 47, 1, 56, 34, 6, 27, 15, 7, 12, 53, 40, 58, 35, 44, 17, 9, 21, 23, 45, 55, 46, 37, 30, 54, 36, 25, 57, 39, 8, 51, 33, 43, 48, 60, 18, 52, 26, 50, 14, 22, 10, 28, 2, 38, 31, 20, 13, 19, 5, 11, 42, 16, 3, 4]
OFV: 825627.5	/ CPU: 71.546 seconds 	/ department sequence: [4, 3, 22, 24, 16, 20, 15, 36, 37, 13, 47, 31, 57, 27, 12, 10, 11, 18, 26, 25, 55, 59, 43, 32, 52, 14, 29, 56, 39, 33, 34, 9, 30, 41, 40, 17, 45, 8, 51, 7, 35, 21, 60, 38, 42, 58, 54, 23, 50, 28, 46, 2, 1, 49, 44, 48, 6, 5, 53, 19]
-- AnKeVa60-3 result
--------------------------------------------
HostNestNum = 10, P_a = 0.35
--------------------------------------------
-- 2019-02-14 07:41 result data
OFV: 650124.5	/ CPU: 1063.700 seconds 	/ department sequence: [5, 19, 3, 42, 29, 38, 16, 48, 36, 22, 13, 54, 41, 21, 14, 52, 2, 57, 7, 51, 9, 26, 15, 25, 60, 45, 46, 50, 17, 43, 8, 40, 33, 35, 30, 39, 28, 56, 23, 58, 10, 12, 18, 55, 34, 37, 31, 1, 32, 44, 11, 27, 47, 20, 49, 53, 24, 59, 6, 4]
-- AnKeVa60-3 result
--------------------------------------------
HostNestNum = 10, P_a = 0.35
--------------------------------------------
-- 2019-02-21 12:41 result data
OFV: 655431.5	/ CPU: 961.067 seconds 	/ department sequence: [5, 6, 53, 49, 36, 22, 11, 27, 41, 1, 32, 34, 52, 55, 10, 18, 15, 23, 28, 58, 56, 60, 35, 39, 33, 43, 30, 26, 17, 50, 40, 8, 46, 45, 25, 9, 51, 7, 12, 14, 37, 31, 2, 13, 57, 21, 44, 54, 47, 20, 48, 24, 38, 29, 16, 42, 59, 3, 19, 4]
OFV: 659210.5	/ CPU: 545.230 seconds 	/ department sequence: [4, 42, 59, 53, 49, 36, 54, 13, 41, 32, 1, 34, 52, 55, 10, 7, 51, 57, 18, 23, 9, 25, 56, 26, 39, 46, 17, 40, 8, 50, 35, 43, 30, 33, 60, 45, 28, 15, 58, 12, 37, 31, 2, 14, 44, 21, 47, 27, 11, 22, 20, 48, 38, 24, 16, 29, 3, 19, 6, 5]
OFV: 653047.5	/ CPU: 371.677 seconds 	/ department sequence: [19, 3, 59, 42, 38, 29, 16, 48, 22, 47, 54, 13, 41, 21, 14, 57, 2, 55, 7, 10, 9, 58, 28, 45, 26, 33, 8, 43, 17, 50, 39, 40, 35, 46, 30, 60, 56, 25, 23, 15, 12, 18, 51, 31, 34, 37, 52, 32, 1, 44, 27, 11, 20, 36, 49, 53, 24, 6, 5, 4]
OFV: 650802.5	/ CPU: 736.940 seconds 	/ department sequence: [6, 59, 53, 49, 36, 47, 27, 22, 13, 54, 21, 1, 32, 34, 55, 10, 51, 15, 23, 28, 58, 9, 56, 39, 46, 17, 26, 30, 43, 8, 50, 40, 33, 35, 60, 45, 25, 18, 12, 7, 57, 37, 31, 52, 14, 2, 44, 41, 11, 48, 20, 24, 29, 38, 16, 42, 3, 19, 5, 4]
OFV: 650383.5	/ CPU: 385.627 seconds 	/ department sequence: [3, 42, 16, 29, 24, 38, 20, 36, 48, 11, 44, 41, 21, 14, 2, 55, 37, 57, 12, 7, 58, 9, 50, 33, 46, 43, 8, 26, 40, 35, 17, 39, 45, 60, 30, 28, 25, 56, 23, 18, 15, 10, 51, 34, 52, 31, 13, 32, 54, 1, 22, 27, 47, 49, 53, 59, 6, 19, 5, 4]
OFV: 651799.5	/ CPU: 509.236 seconds 	/ department sequence: [5, 19, 6, 3, 42, 59, 38, 29, 16, 48, 22, 47, 27, 54, 13, 21, 14, 57, 2, 31, 7, 10, 51, 58, 9, 45, 46, 17, 50, 8, 60, 43, 39, 26, 30, 40, 33, 25, 56, 35, 28, 23, 15, 12, 18, 55, 52, 34, 37, 32, 1, 44, 41, 11, 20, 36, 49, 53, 24, 4]
OFV: 653222.5	/ CPU: 734.444 seconds 	/ department sequence: [6, 24, 53, 49, 36, 20, 11, 27, 41, 44, 32, 34, 1, 31, 52, 55, 51, 18, 12, 23, 25, 15, 56, 60, 39, 35, 33, 26, 8, 40, 43, 30, 46, 50, 45, 17, 28, 9, 58, 37, 10, 7, 57, 2, 14, 21, 54, 13, 47, 22, 48, 16, 29, 38, 59, 42, 3, 19, 5, 4]
OFV: 651504.5	/ CPU: 230.586 seconds 	/ department sequence: [5, 19, 3, 42, 38, 29, 16, 36, 48, 22, 11, 13, 54, 41, 14, 31, 2, 57, 34, 7, 51, 9, 25, 26, 45, 60, 15, 46, 17, 50, 8, 43, 35, 33, 40, 39, 30, 56, 58, 23, 28, 12, 18, 10, 55, 52, 37, 32, 44, 1, 21, 47, 27, 20, 49, 53, 24, 59, 6, 4]
OFV: 657438.5	/ CPU: 552.483 seconds 	/ department sequence: [4, 5, 6, 3, 42, 29, 38, 36, 48, 20, 11, 41, 44, 14, 32, 57, 37, 2, 12, 7, 28, 58, 25, 45, 50, 26, 46, 17, 43, 30, 8, 40, 35, 33, 39, 56, 9, 60, 23, 18, 10, 15, 51, 34, 55, 52, 31, 1, 21, 13, 54, 22, 27, 47, 49, 53, 24, 16, 59, 19]
OFV: 650523.5	/ CPU: 288.707 seconds 	/ department sequence: [5, 6, 53, 49, 36, 27, 47, 22, 13, 54, 1, 41, 32, 34, 52, 10, 51, 15, 26, 23, 58, 60, 25, 45, 56, 46, 39, 43, 17, 30, 50, 33, 8, 35, 9, 40, 28, 18, 12, 7, 55, 57, 14, 37, 2, 31, 44, 21, 11, 48, 20, 24, 16, 29, 59, 38, 42, 3, 19, 4]
