-- AnKeVa60-3 result
--------------------------------------------
HostNestNum = 15, P_a = 0.25
--------------------------------------------
-- 2019-01-13 09:54 result data
OFV: 793534.5	/ CPU: 83.199 seconds 	/ department sequence: [4, 38, 49, 57, 37, 59, 27, 52, 34, 20, 32, 2, 50, 45, 17, 13, 24, 55, 9, 25, 23, 21, 53, 54, 18, 39, 41, 8, 26, 56, 7, 60, 40, 46, 35, 51, 28, 58, 43, 47, 30, 33, 10, 1, 31, 11, 14, 22, 15, 36, 29, 6, 48, 12, 16, 19, 44, 3, 5, 42]
OFV: 857079.5	/ CPU: 71.702 seconds 	/ department sequence: [3, 20, 53, 54, 44, 50, 29, 36, 2, 34, 52, 40, 27, 18, 26, 16, 60, 41, 30, 39, 49, 35, 45, 14, 25, 51, 28, 43, 46, 10, 8, 9, 7, 47, 57, 48, 32, 55, 58, 37, 24, 12, 33, 38, 42, 17, 21, 23, 15, 1, 11, 13, 22, 19, 31, 56, 59, 6, 5, 4]
OFV: 853299.5	/ CPU: 122.002 seconds 	/ department sequence: [4, 5, 3, 53, 41, 6, 11, 23, 36, 50, 20, 1, 34, 39, 14, 42, 25, 33, 27, 30, 46, 48, 59, 58, 38, 52, 56, 31, 28, 40, 45, 17, 57, 7, 10, 18, 9, 8, 13, 12, 15, 35, 32, 24, 51, 55, 43, 37, 2, 29, 22, 26, 47, 60, 54, 44, 16, 19, 21, 49]
OFV: 814375.5	/ CPU: 210.607 seconds 	/ department sequence: [5, 24, 19, 16, 47, 51, 42, 57, 52, 22, 23, 14, 11, 49, 2, 9, 44, 26, 30, 21, 40, 7, 28, 38, 33, 15, 45, 29, 18, 8, 17, 13, 34, 37, 58, 43, 46, 56, 12, 60, 20, 25, 39, 35, 36, 31, 59, 48, 10, 27, 55, 32, 1, 6, 54, 50, 41, 53, 3, 4]
OFV: 786055.5	/ CPU: 161.337 seconds 	/ department sequence: [4, 5, 3, 31, 16, 6, 20, 13, 36, 1, 2, 56, 34, 24, 10, 12, 22, 51, 50, 46, 35, 25, 32, 28, 15, 40, 33, 8, 7, 9, 17, 18, 26, 39, 41, 60, 58, 52, 27, 30, 45, 44, 23, 57, 43, 21, 49, 55, 59, 48, 14, 11, 54, 38, 47, 19, 29, 53, 42, 37]
OFV: 796549.5	/ CPU: 191.268 seconds 	/ department sequence: [4, 5, 13, 49, 54, 42, 6, 1, 51, 58, 52, 40, 36, 31, 55, 44, 26, 21, 30, 28, 56, 32, 59, 43, 27, 9, 8, 17, 57, 39, 45, 46, 35, 60, 50, 33, 18, 29, 34, 47, 23, 12, 7, 41, 15, 10, 25, 2, 38, 22, 14, 16, 20, 19, 53, 11, 48, 37, 24, 3]
OFV: 794071.5	/ CPU: 92.275 seconds 	/ department sequence: [32, 42, 19, 36, 57, 34, 6, 38, 1, 60, 10, 11, 21, 14, 35, 28, 25, 54, 27, 50, 51, 33, 41, 9, 43, 15, 58, 8, 26, 7, 17, 56, 55, 40, 12, 13, 39, 30, 45, 18, 47, 46, 31, 2, 53, 24, 23, 49, 37, 22, 44, 52, 29, 48, 59, 16, 20, 5, 3, 4]
OFV: 836268.5	/ CPU: 101.694 seconds 	/ department sequence: [5, 3, 20, 36, 6, 48, 22, 19, 14, 2, 25, 33, 45, 18, 57, 50, 55, 24, 46, 7, 8, 10, 9, 15, 23, 12, 29, 30, 58, 35, 28, 27, 51, 54, 56, 59, 26, 41, 34, 43, 17, 52, 31, 32, 39, 1, 11, 44, 21, 40, 47, 49, 53, 13, 16, 60, 37, 42, 38, 4]
OFV: 801710.5	/ CPU: 124.034 seconds 	/ department sequence: [24, 5, 19, 29, 6, 47, 11, 14, 21, 15, 16, 13, 2, 57, 60, 23, 35, 10, 7, 12, 8, 58, 50, 52, 55, 41, 37, 45, 26, 18, 25, 53, 44, 39, 46, 33, 17, 32, 43, 34, 31, 56, 22, 9, 51, 48, 27, 40, 30, 1, 54, 49, 38, 59, 28, 36, 42, 20, 3, 4]
OFV: 819582.5	/ CPU: 99.711 seconds 	/ department sequence: [4, 50, 19, 20, 53, 22, 36, 1, 39, 13, 10, 44, 40, 49, 42, 51, 35, 29, 54, 18, 46, 60, 28, 33, 43, 56, 41, 7, 37, 45, 15, 8, 12, 14, 9, 57, 58, 17, 32, 38, 48, 34, 26, 27, 30, 23, 52, 55, 25, 2, 31, 59, 21, 24, 47, 11, 16, 3, 6, 5]
-- AnKeVa60-3 result
--------------------------------------------
HostNestNum = 15, P_a = 0.25
--------------------------------------------
-- 2019-02-14 08:38 result data
OFV: 653804.5	/ CPU: 1018.031 seconds 	/ department sequence: [4, 3, 16, 53, 49, 36, 22, 13, 54, 41, 1, 34, 31, 52, 55, 7, 51, 10, 18, 23, 60, 15, 9, 26, 56, 35, 39, 33, 40, 43, 30, 50, 8, 17, 46, 12, 25, 45, 58, 28, 57, 37, 2, 32, 14, 21, 44, 11, 47, 27, 48, 20, 24, 59, 38, 29, 42, 6, 19, 5]
-- AnKeVa60-3 result
--------------------------------------------
HostNestNum = 15, P_a = 0.25
--------------------------------------------
-- 2019-02-21 14:09 result data
OFV: 650739.5	/ CPU: 605.798 seconds 	/ department sequence: [4, 6, 59, 53, 49, 36, 47, 22, 27, 54, 13, 1, 32, 34, 31, 55, 10, 37, 51, 15, 23, 58, 56, 12, 60, 39, 30, 26, 46, 43, 8, 17, 35, 40, 33, 45, 50, 25, 28, 9, 18, 7, 57, 52, 2, 14, 21, 44, 41, 11, 20, 48, 24, 29, 38, 16, 42, 3, 19, 5]
OFV: 650630.5	/ CPU: 718.870 seconds 	/ department sequence: [5, 19, 6, 3, 42, 59, 16, 38, 29, 48, 22, 47, 54, 13, 41, 14, 52, 2, 57, 7, 10, 51, 26, 9, 15, 25, 45, 46, 17, 8, 35, 40, 50, 30, 43, 33, 39, 60, 56, 58, 28, 23, 18, 12, 55, 34, 37, 31, 32, 1, 44, 21, 11, 27, 20, 36, 49, 53, 24, 4]
OFV: 663074.5	/ CPU: 908.506 seconds 	/ department sequence: [5, 19, 24, 38, 29, 53, 49, 20, 48, 54, 21, 2, 52, 1, 55, 37, 57, 7, 51, 23, 18, 9, 28, 35, 33, 60, 40, 30, 43, 39, 8, 50, 45, 46, 17, 56, 25, 12, 58, 26, 15, 10, 14, 34, 32, 31, 44, 13, 41, 11, 22, 27, 47, 36, 16, 59, 42, 3, 6, 4]
OFV: 661722.5	/ CPU: 578.828 seconds 	/ department sequence: [5, 19, 6, 24, 16, 53, 36, 22, 27, 47, 54, 41, 1, 52, 34, 31, 2, 51, 10, 7, 25, 18, 9, 60, 23, 56, 46, 39, 8, 17, 50, 40, 43, 35, 30, 33, 26, 45, 58, 28, 12, 15, 55, 14, 32, 57, 37, 13, 21, 44, 11, 48, 20, 49, 38, 29, 59, 42, 3, 4]
OFV: 655803.5	/ CPU: 702.918 seconds 	/ department sequence: [5, 19, 3, 42, 38, 29, 16, 24, 48, 20, 22, 11, 54, 13, 14, 2, 52, 31, 57, 37, 15, 58, 45, 28, 60, 40, 30, 35, 50, 17, 8, 26, 43, 46, 33, 39, 56, 25, 9, 18, 12, 23, 51, 10, 7, 55, 34, 32, 44, 1, 21, 41, 27, 47, 36, 49, 53, 59, 6, 4]
OFV: 650767.5	/ CPU: 1197.271 seconds 	/ department sequence: [5, 19, 6, 3, 29, 38, 16, 48, 36, 22, 47, 13, 54, 41, 14, 52, 2, 57, 7, 10, 51, 9, 15, 26, 25, 45, 60, 46, 30, 43, 17, 8, 50, 33, 40, 35, 39, 56, 23, 58, 28, 18, 34, 12, 55, 31, 37, 1, 32, 21, 44, 27, 11, 20, 49, 53, 24, 59, 42, 4]
OFV: 656344.5	/ CPU: 1378.158 seconds 	/ department sequence: [5, 19, 42, 38, 29, 16, 24, 36, 48, 11, 54, 44, 21, 14, 2, 52, 31, 28, 15, 58, 25, 26, 45, 60, 46, 30, 17, 43, 8, 39, 40, 50, 33, 35, 56, 9, 23, 18, 12, 51, 10, 7, 57, 55, 37, 13, 34, 32, 41, 1, 22, 47, 27, 20, 49, 53, 59, 3, 6, 4]
OFV: 655700.5	/ CPU: 663.692 seconds 	/ department sequence: [5, 6, 19, 42, 38, 29, 16, 36, 48, 22, 11, 13, 27, 54, 14, 31, 2, 34, 51, 10, 26, 15, 58, 28, 45, 60, 9, 56, 50, 8, 17, 43, 39, 40, 33, 35, 46, 30, 25, 23, 18, 7, 57, 12, 55, 52, 37, 32, 21, 1, 44, 41, 47, 20, 49, 53, 24, 59, 3, 4]
OFV: 662127.5	/ CPU: 848.265 seconds 	/ department sequence: [5, 19, 6, 59, 24, 29, 38, 20, 27, 47, 54, 21, 1, 32, 52, 2, 57, 14, 37, 10, 7, 51, 25, 28, 45, 35, 40, 33, 8, 39, 50, 43, 30, 17, 26, 46, 56, 23, 9, 58, 60, 18, 12, 15, 55, 31, 13, 34, 44, 41, 11, 22, 48, 36, 49, 53, 16, 42, 3, 4]
OFV: 656083.5	/ CPU: 1045.574 seconds 	/ department sequence: [4, 6, 42, 59, 53, 49, 36, 47, 27, 22, 11, 41, 1, 32, 34, 31, 14, 10, 58, 28, 56, 23, 60, 26, 45, 39, 33, 43, 50, 40, 35, 8, 17, 30, 46, 25, 15, 9, 12, 18, 51, 55, 7, 37, 52, 57, 2, 44, 21, 13, 54, 48, 20, 38, 29, 16, 24, 3, 19, 5]
