-- AnKeVa60-3 result
--------------------------------------------
HostNestNum = 30, P_a = 0.0
--------------------------------------------
-- 2019-01-11 14:49 result data
OFV: 785206.5	/ CPU: 19.904 seconds 	/ department sequence: [53, 48, 42, 55, 34, 29, 47, 38, 32, 44, 40, 49, 54, 20, 1, 2, 58, 46, 18, 7, 51, 28, 56, 39, 8, 25, 31, 17, 30, 52, 33, 23, 57, 50, 43, 59, 45, 37, 35, 10, 11, 9, 36, 41, 27, 21, 22, 26, 12, 60, 14, 13, 6, 15, 16, 24, 3, 19, 5, 4]
OFV: 830636.5	/ CPU: 32.481 seconds 	/ department sequence: [4, 5, 3, 54, 50, 22, 14, 48, 19, 51, 37, 42, 2, 10, 45, 7, 23, 33, 59, 26, 17, 31, 39, 60, 58, 57, 30, 8, 13, 35, 9, 46, 24, 56, 41, 25, 28, 49, 34, 12, 16, 18, 15, 21, 11, 43, 55, 47, 44, 32, 40, 1, 36, 52, 53, 20, 27, 29, 38, 6]
OFV: 833579.5	/ CPU: 28.046 seconds 	/ department sequence: [4, 3, 44, 23, 48, 22, 21, 19, 1, 31, 10, 9, 15, 56, 28, 58, 59, 47, 41, 26, 37, 36, 46, 18, 54, 38, 12, 55, 45, 33, 51, 8, 30, 60, 17, 13, 7, 53, 34, 50, 39, 35, 57, 25, 32, 11, 49, 14, 43, 52, 40, 2, 29, 6, 16, 42, 20, 24, 27, 5]
OFV: 824375.5	/ CPU: 53.367 seconds 	/ department sequence: [19, 5, 3, 6, 47, 59, 21, 29, 16, 45, 54, 48, 57, 38, 2, 32, 30, 18, 36, 40, 50, 44, 33, 46, 25, 42, 51, 7, 8, 10, 12, 39, 9, 53, 43, 55, 15, 58, 17, 52, 60, 35, 49, 37, 34, 26, 14, 56, 13, 31, 20, 41, 28, 23, 1, 22, 24, 11, 27, 4]
OFV: 820482.5	/ CPU: 29.709 seconds 	/ department sequence: [54, 47, 36, 49, 19, 27, 59, 41, 45, 48, 52, 53, 29, 1, 25, 28, 57, 30, 11, 22, 46, 33, 56, 37, 32, 58, 18, 9, 43, 17, 39, 8, 44, 38, 10, 12, 13, 42, 34, 15, 14, 7, 60, 55, 40, 35, 26, 51, 23, 50, 31, 2, 20, 21, 6, 5, 16, 24, 3, 4]
OFV: 815737.5	/ CPU: 33.681 seconds 	/ department sequence: [3, 36, 37, 21, 16, 48, 26, 50, 49, 55, 29, 2, 57, 35, 20, 25, 41, 11, 59, 45, 32, 8, 18, 9, 40, 47, 30, 23, 33, 39, 22, 43, 51, 10, 34, 56, 15, 58, 12, 38, 14, 13, 7, 60, 17, 46, 54, 44, 31, 28, 52, 1, 24, 27, 42, 53, 6, 5, 4, 19]
OFV: 844324.5	/ CPU: 20.896 seconds 	/ department sequence: [3, 32, 24, 42, 27, 40, 20, 44, 15, 55, 16, 14, 39, 11, 33, 10, 23, 46, 41, 50, 35, 12, 13, 59, 38, 34, 28, 43, 9, 8, 17, 48, 54, 29, 56, 60, 31, 58, 22, 18, 37, 30, 45, 7, 53, 57, 25, 2, 47, 21, 26, 51, 1, 49, 52, 36, 6, 5, 19, 4]
OFV: 803357.5	/ CPU: 25.310 seconds 	/ department sequence: [42, 16, 38, 5, 47, 19, 24, 28, 40, 27, 6, 12, 44, 22, 2, 52, 60, 57, 21, 37, 14, 8, 13, 45, 58, 50, 17, 55, 30, 15, 23, 39, 35, 43, 59, 25, 48, 10, 7, 26, 18, 33, 9, 56, 51, 32, 36, 46, 1, 53, 20, 41, 29, 49, 31, 34, 54, 11, 3, 4]
OFV: 840123.5	/ CPU: 30.241 seconds 	/ department sequence: [5, 6, 16, 11, 44, 15, 20, 19, 24, 40, 60, 42, 14, 2, 17, 32, 52, 26, 29, 18, 50, 28, 54, 38, 35, 37, 8, 9, 30, 10, 25, 58, 7, 43, 31, 45, 59, 12, 22, 57, 33, 48, 55, 39, 23, 51, 49, 56, 46, 1, 41, 47, 13, 27, 36, 53, 34, 21, 3, 4]
OFV: 833202.5	/ CPU: 32.016 seconds 	/ department sequence: [5, 6, 22, 55, 34, 16, 53, 54, 47, 32, 59, 57, 36, 27, 1, 39, 45, 40, 58, 12, 13, 17, 42, 29, 23, 11, 50, 33, 43, 30, 35, 8, 41, 37, 28, 10, 44, 26, 51, 15, 60, 9, 52, 7, 14, 56, 18, 46, 2, 19, 25, 49, 48, 31, 24, 21, 20, 3, 38, 4]
-- AnKeVa60-3 result
--------------------------------------------
HostNestNum = 30, P_a = 0.0
--------------------------------------------
-- 2019-01-13 10:37 result data
OFV: 856524.5	/ CPU: 14.637 seconds 	/ department sequence: [4, 5, 35, 19, 59, 51, 20, 36, 31, 26, 22, 42, 2, 45, 38, 37, 33, 11, 18, 14, 60, 25, 23, 24, 39, 40, 41, 52, 50, 30, 7, 8, 12, 46, 17, 56, 47, 32, 9, 44, 21, 58, 15, 13, 27, 10, 48, 28, 54, 49, 43, 29, 34, 55, 57, 1, 53, 6, 16, 3]
OFV: 809560.5	/ CPU: 12.372 seconds 	/ department sequence: [3, 40, 47, 41, 44, 13, 11, 25, 20, 15, 50, 16, 12, 24, 2, 55, 33, 34, 30, 48, 31, 56, 58, 39, 51, 60, 57, 46, 8, 45, 9, 27, 14, 17, 7, 23, 52, 10, 26, 28, 37, 18, 59, 35, 43, 1, 53, 21, 19, 32, 54, 29, 22, 42, 38, 36, 6, 5, 4, 49]
OFV: 808478.5	/ CPU: 15.715 seconds 	/ department sequence: [5, 6, 19, 53, 42, 41, 27, 20, 31, 40, 48, 46, 32, 11, 24, 14, 56, 28, 12, 10, 22, 55, 45, 58, 23, 39, 50, 37, 44, 8, 26, 25, 35, 29, 9, 15, 21, 18, 30, 17, 54, 33, 47, 60, 36, 13, 34, 51, 43, 1, 2, 16, 7, 57, 59, 52, 49, 38, 3, 4]
OFV: 815235.5	/ CPU: 22.495 seconds 	/ department sequence: [6, 5, 19, 41, 27, 55, 47, 49, 59, 51, 20, 1, 2, 30, 40, 24, 18, 10, 26, 9, 58, 43, 29, 52, 33, 46, 28, 53, 37, 56, 15, 39, 35, 32, 7, 8, 14, 25, 60, 50, 23, 42, 22, 54, 34, 38, 21, 17, 45, 44, 31, 12, 48, 13, 36, 57, 11, 16, 3, 4]
OFV: 831631.5	/ CPU: 22.135 seconds 	/ department sequence: [24, 27, 36, 29, 31, 19, 38, 34, 54, 16, 2, 35, 32, 44, 56, 39, 10, 59, 45, 37, 20, 12, 47, 55, 7, 9, 17, 41, 46, 13, 30, 28, 40, 8, 18, 25, 23, 26, 15, 58, 14, 21, 33, 60, 53, 57, 51, 1, 11, 50, 22, 42, 48, 6, 43, 52, 49, 3, 5, 4]
OFV: 810578.5	/ CPU: 20.714 seconds 	/ department sequence: [52, 49, 24, 40, 34, 54, 42, 23, 36, 59, 1, 35, 47, 26, 11, 22, 51, 15, 18, 43, 56, 53, 46, 28, 31, 60, 48, 25, 9, 45, 17, 8, 41, 30, 33, 55, 39, 58, 12, 29, 10, 7, 2, 14, 21, 37, 38, 27, 57, 20, 13, 16, 32, 44, 6, 50, 3, 19, 5, 4]
OFV: 809830.5	/ CPU: 36.163 seconds 	/ department sequence: [4, 20, 6, 22, 24, 53, 36, 13, 1, 34, 44, 10, 32, 31, 21, 33, 25, 28, 12, 11, 9, 50, 30, 27, 37, 17, 54, 51, 39, 46, 55, 41, 58, 59, 26, 7, 8, 48, 56, 45, 18, 43, 23, 57, 49, 15, 35, 2, 29, 40, 16, 38, 60, 47, 52, 14, 3, 5, 19, 42]
OFV: 844055.5	/ CPU: 20.152 seconds 	/ department sequence: [4, 6, 3, 47, 20, 1, 40, 32, 57, 41, 50, 31, 49, 36, 2, 25, 12, 51, 30, 54, 44, 10, 60, 29, 35, 33, 52, 39, 43, 37, 18, 56, 15, 45, 53, 26, 17, 42, 58, 8, 46, 11, 7, 14, 55, 22, 16, 9, 24, 34, 28, 27, 19, 21, 13, 38, 48, 59, 23, 5]
OFV: 821676.5	/ CPU: 49.207 seconds 	/ department sequence: [4, 36, 49, 53, 1, 56, 55, 50, 54, 42, 43, 59, 39, 48, 35, 38, 47, 41, 33, 40, 9, 58, 7, 28, 18, 32, 44, 8, 10, 14, 12, 31, 57, 60, 46, 17, 25, 45, 21, 30, 15, 23, 52, 2, 20, 34, 51, 13, 6, 19, 22, 11, 37, 16, 27, 26, 29, 24, 3, 5]
OFV: 818669.5	/ CPU: 14.481 seconds 	/ department sequence: [4, 5, 6, 3, 48, 49, 29, 19, 13, 37, 52, 16, 20, 11, 38, 47, 53, 50, 54, 22, 2, 45, 21, 9, 40, 17, 14, 58, 30, 7, 56, 12, 33, 23, 25, 10, 8, 41, 55, 31, 18, 28, 59, 43, 26, 15, 34, 46, 39, 60, 51, 57, 42, 27, 44, 35, 1, 36, 24, 32]
-- AnKeVa60-3 result
--------------------------------------------
HostNestNum = 30, P_a = 0.0
--------------------------------------------
-- 2019-02-14 09:25 result data
OFV: 649009.5	/ CPU: 1698.683 seconds 	/ department sequence: [4, 6, 59, 24, 53, 49, 20, 47, 27, 11, 21, 44, 1, 32, 31, 37, 34, 10, 12, 18, 58, 23, 56, 28, 39, 40, 30, 35, 33, 43, 8, 50, 17, 46, 60, 45, 25, 15, 26, 9, 51, 7, 57, 55, 2, 52, 14, 41, 54, 13, 22, 36, 48, 16, 38, 29, 42, 3, 19, 5]
