-- AnKeVa60-3 result
--------------------------------------------
HostNestNum = 15, P_a = 0.1
--------------------------------------------
-- 2019-01-13 09:26 result data
OFV: 835899.5	/ CPU: 75.904 seconds 	/ department sequence: [3, 54, 34, 59, 28, 52, 50, 53, 22, 11, 30, 49, 38, 45, 13, 37, 41, 17, 36, 44, 55, 25, 58, 57, 31, 51, 33, 60, 26, 39, 40, 43, 27, 15, 29, 18, 10, 8, 9, 7, 46, 23, 14, 47, 12, 21, 56, 2, 1, 20, 32, 6, 48, 42, 24, 35, 19, 5, 4, 16]
OFV: 829442.5	/ CPU: 41.537 seconds 	/ department sequence: [22, 16, 34, 41, 49, 58, 38, 42, 19, 1, 23, 25, 21, 57, 55, 60, 48, 26, 54, 37, 30, 27, 39, 35, 31, 32, 51, 33, 43, 28, 10, 44, 17, 8, 56, 52, 18, 13, 45, 14, 59, 12, 7, 15, 9, 46, 2, 11, 20, 24, 6, 50, 40, 36, 47, 53, 29, 3, 5, 4]
OFV: 785637.5	/ CPU: 57.455 seconds 	/ department sequence: [4, 3, 59, 49, 5, 19, 27, 6, 16, 22, 7, 36, 1, 2, 30, 18, 25, 41, 9, 39, 43, 51, 50, 34, 10, 8, 37, 45, 55, 35, 26, 46, 12, 17, 23, 31, 48, 38, 28, 15, 40, 56, 58, 32, 29, 33, 14, 13, 54, 60, 44, 57, 52, 20, 53, 47, 21, 24, 42, 11]
OFV: 819086.5	/ CPU: 49.848 seconds 	/ department sequence: [4, 5, 42, 22, 15, 19, 53, 20, 13, 6, 25, 11, 45, 24, 52, 56, 48, 55, 27, 17, 44, 29, 7, 9, 43, 18, 60, 8, 12, 57, 10, 28, 46, 23, 40, 30, 26, 33, 37, 49, 14, 39, 21, 31, 58, 51, 32, 35, 2, 1, 16, 50, 38, 59, 47, 34, 36, 54, 41, 3]
OFV: 802961.5	/ CPU: 72.218 seconds 	/ department sequence: [5, 48, 36, 22, 19, 6, 13, 11, 21, 52, 41, 27, 1, 39, 32, 54, 15, 50, 58, 43, 55, 18, 10, 14, 12, 51, 17, 47, 34, 30, 46, 35, 23, 45, 40, 26, 38, 25, 37, 31, 8, 7, 9, 56, 44, 57, 53, 59, 28, 60, 20, 33, 2, 16, 24, 42, 49, 3, 4, 29]
OFV: 814281.5	/ CPU: 100.945 seconds 	/ department sequence: [3, 44, 24, 42, 19, 12, 16, 17, 13, 11, 22, 7, 14, 29, 2, 25, 26, 51, 34, 46, 50, 47, 60, 59, 58, 53, 41, 32, 9, 43, 35, 40, 33, 8, 28, 45, 54, 39, 18, 57, 10, 56, 30, 27, 23, 21, 38, 55, 37, 52, 15, 1, 20, 31, 6, 48, 49, 36, 5, 4]
OFV: 794728.5	/ CPU: 49.863 seconds 	/ department sequence: [4, 29, 19, 5, 3, 24, 16, 20, 54, 42, 2, 46, 17, 26, 30, 25, 31, 45, 44, 52, 9, 12, 8, 11, 7, 10, 13, 43, 56, 40, 57, 18, 15, 33, 35, 14, 60, 58, 51, 41, 48, 50, 55, 21, 22, 47, 49, 39, 28, 23, 38, 37, 1, 6, 34, 32, 27, 53, 36, 59]
OFV: 810618.5	/ CPU: 45.520 seconds 	/ department sequence: [60, 44, 34, 19, 51, 53, 54, 48, 36, 43, 24, 16, 2, 45, 50, 13, 10, 57, 37, 32, 30, 17, 15, 28, 52, 35, 47, 23, 7, 39, 8, 12, 26, 9, 46, 56, 33, 25, 18, 55, 27, 58, 1, 21, 14, 11, 41, 29, 59, 20, 22, 31, 42, 6, 38, 5, 40, 49, 3, 4]
OFV: 811482.5	/ CPU: 74.467 seconds 	/ department sequence: [49, 42, 22, 19, 13, 11, 20, 27, 36, 38, 14, 21, 28, 2, 60, 46, 44, 39, 31, 7, 57, 23, 9, 40, 34, 25, 30, 8, 45, 58, 26, 41, 56, 48, 55, 18, 10, 15, 33, 35, 52, 47, 51, 12, 29, 54, 53, 43, 59, 37, 32, 17, 1, 16, 24, 50, 3, 5, 6, 4]
OFV: 820723.5	/ CPU: 33.320 seconds 	/ department sequence: [53, 47, 24, 19, 1, 44, 57, 52, 38, 2, 23, 13, 25, 41, 18, 60, 26, 58, 21, 35, 28, 40, 15, 45, 33, 43, 32, 42, 29, 46, 56, 10, 39, 30, 9, 17, 37, 8, 7, 14, 22, 11, 31, 36, 20, 50, 27, 12, 34, 48, 55, 51, 59, 16, 49, 54, 3, 6, 5, 4]
-- AnKeVa60-3 result
--------------------------------------------
HostNestNum = 15, P_a = 0.1
--------------------------------------------
-- 2019-02-14 08:12 result data
OFV: 650417.5	/ CPU: 929.097 seconds 	/ department sequence: [4, 42, 59, 24, 53, 49, 20, 11, 44, 21, 32, 1, 37, 31, 55, 12, 10, 18, 28, 23, 58, 56, 40, 39, 35, 33, 8, 30, 43, 50, 17, 46, 26, 45, 60, 15, 25, 9, 57, 7, 51, 34, 2, 52, 14, 41, 13, 54, 47, 27, 22, 48, 36, 16, 38, 29, 3, 6, 19, 5]
