-- AnKeVa60-3 result
--------------------------------------------
HostNestNum = 15, P_a = 0.35
--------------------------------------------
-- 2019-01-13 10:15 result data
OFV: 817471.5	/ CPU: 160.056 seconds 	/ department sequence: [4, 47, 24, 37, 16, 36, 55, 19, 26, 34, 29, 31, 22, 38, 42, 23, 54, 13, 15, 17, 32, 27, 50, 56, 10, 45, 25, 8, 12, 46, 35, 44, 39, 28, 33, 40, 48, 41, 9, 14, 18, 51, 21, 52, 30, 60, 57, 20, 58, 43, 7, 2, 1, 11, 53, 59, 49, 3, 6, 5]
OFV: 792627.5	/ CPU: 152.215 seconds 	/ department sequence: [4, 27, 21, 38, 20, 44, 16, 54, 49, 52, 2, 56, 37, 58, 51, 30, 41, 26, 45, 50, 17, 36, 14, 23, 33, 39, 28, 60, 12, 59, 55, 34, 8, 46, 18, 7, 10, 13, 9, 31, 40, 35, 25, 32, 57, 15, 1, 11, 47, 22, 24, 53, 43, 29, 48, 3, 42, 19, 5, 6]
OFV: 816721.5	/ CPU: 122.221 seconds 	/ department sequence: [5, 11, 49, 42, 34, 13, 36, 35, 16, 29, 26, 52, 21, 55, 48, 38, 2, 18, 51, 37, 39, 32, 50, 33, 45, 46, 57, 60, 14, 17, 30, 8, 15, 9, 56, 7, 10, 54, 31, 58, 40, 22, 43, 41, 6, 12, 59, 47, 53, 23, 28, 27, 44, 25, 1, 24, 20, 19, 3, 4]
OFV: 808652.5	/ CPU: 167.820 seconds 	/ department sequence: [53, 19, 5, 16, 48, 54, 6, 1, 10, 47, 2, 39, 52, 25, 22, 15, 23, 56, 30, 7, 12, 60, 17, 14, 43, 58, 28, 49, 40, 26, 8, 35, 46, 33, 18, 27, 55, 44, 9, 41, 21, 29, 59, 51, 34, 42, 50, 31, 57, 45, 36, 37, 24, 13, 32, 38, 11, 20, 3, 4]
OFV: 822681.5	/ CPU: 98.180 seconds 	/ department sequence: [4, 5, 48, 6, 49, 20, 31, 45, 47, 53, 12, 42, 22, 59, 1, 34, 58, 35, 54, 55, 32, 46, 56, 51, 39, 9, 10, 14, 40, 37, 18, 33, 60, 38, 8, 7, 17, 28, 25, 15, 30, 26, 23, 2, 24, 11, 41, 52, 29, 21, 44, 27, 16, 57, 13, 36, 50, 43, 3, 19]
OFV: 831309.5	/ CPU: 151.948 seconds 	/ department sequence: [5, 3, 59, 16, 57, 42, 14, 32, 2, 45, 39, 55, 19, 51, 52, 27, 9, 25, 46, 13, 12, 26, 10, 40, 17, 18, 47, 31, 33, 36, 41, 35, 8, 7, 15, 30, 49, 56, 28, 23, 60, 58, 50, 43, 1, 54, 34, 29, 37, 22, 21, 53, 38, 48, 24, 44, 11, 20, 6, 4]
OFV: 764469.5	/ CPU: 83.106 seconds 	/ department sequence: [4, 42, 59, 19, 38, 16, 5, 54, 29, 53, 6, 27, 49, 20, 2, 45, 34, 51, 32, 9, 52, 8, 28, 35, 7, 23, 60, 50, 39, 56, 40, 48, 43, 33, 31, 26, 58, 25, 14, 46, 30, 37, 57, 44, 10, 22, 17, 15, 18, 12, 1, 13, 21, 36, 47, 55, 41, 24, 11, 3]
OFV: 843396.5	/ CPU: 83.043 seconds 	/ department sequence: [4, 5, 3, 51, 19, 6, 21, 30, 59, 56, 49, 29, 38, 16, 2, 50, 55, 37, 47, 44, 32, 25, 60, 40, 39, 46, 20, 15, 33, 7, 8, 42, 12, 57, 45, 58, 28, 18, 9, 10, 23, 43, 35, 17, 11, 13, 26, 14, 1, 48, 27, 31, 54, 24, 22, 53, 52, 34, 36, 41]
OFV: 784381.5	/ CPU: 139.936 seconds 	/ department sequence: [4, 5, 3, 49, 11, 19, 53, 24, 22, 1, 13, 57, 40, 50, 32, 36, 54, 18, 52, 12, 48, 17, 34, 30, 55, 8, 33, 46, 29, 45, 28, 25, 26, 43, 51, 39, 31, 35, 60, 37, 38, 56, 7, 23, 9, 2, 14, 10, 21, 15, 47, 42, 44, 58, 16, 27, 6, 59, 41, 20]
OFV: 832993.5	/ CPU: 130.219 seconds 	/ department sequence: [4, 5, 19, 6, 3, 20, 49, 38, 51, 48, 36, 26, 59, 2, 12, 43, 57, 47, 37, 32, 60, 53, 13, 50, 58, 44, 39, 45, 56, 8, 30, 46, 54, 33, 25, 17, 34, 23, 52, 9, 27, 7, 24, 40, 16, 35, 18, 55, 42, 11, 14, 29, 31, 10, 21, 22, 15, 41, 28, 1]
-- AnKeVa60-3 result
--------------------------------------------
HostNestNum = 15, P_a = 0.35
--------------------------------------------
-- 2019-02-14 08:55 result data
OFV: 652130.5	/ CPU: 1792.050 seconds 	/ department sequence: [3, 42, 29, 16, 38, 24, 20, 36, 48, 11, 41, 44, 14, 2, 52, 55, 51, 12, 15, 9, 18, 23, 26, 35, 33, 43, 40, 50, 46, 8, 39, 60, 17, 30, 25, 45, 56, 28, 58, 10, 7, 57, 37, 34, 31, 32, 1, 13, 21, 54, 22, 27, 47, 49, 53, 59, 6, 19, 5, 4]
-- AnKeVa60-3 result
--------------------------------------------
HostNestNum = 15, P_a = 0.35
--------------------------------------------
-- 2019-02-21 16:34 result data
OFV: 660529.5	/ CPU: 1168.670 seconds 	/ department sequence: [5, 6, 42, 16, 36, 27, 22, 13, 47, 54, 41, 44, 52, 1, 32, 34, 14, 10, 26, 7, 15, 57, 58, 9, 56, 45, 60, 33, 39, 43, 8, 17, 40, 50, 35, 46, 30, 25, 23, 28, 51, 18, 12, 55, 2, 37, 31, 21, 11, 48, 20, 49, 53, 24, 38, 29, 59, 3, 19, 4]
OFV: 651021.5	/ CPU: 536.474 seconds 	/ department sequence: [4, 3, 42, 29, 16, 38, 24, 36, 20, 48, 11, 54, 44, 21, 13, 57, 14, 2, 37, 7, 28, 58, 45, 25, 50, 60, 8, 46, 17, 43, 40, 33, 26, 30, 39, 12, 35, 56, 9, 15, 23, 18, 51, 10, 55, 31, 34, 52, 32, 41, 1, 22, 27, 47, 49, 53, 59, 6, 19, 5]
OFV: 649312.5	/ CPU: 755.826 seconds 	/ department sequence: [4, 6, 53, 59, 49, 36, 47, 27, 22, 54, 1, 32, 13, 34, 31, 10, 51, 7, 58, 28, 15, 23, 56, 26, 60, 17, 39, 46, 45, 43, 30, 50, 8, 40, 35, 33, 9, 25, 18, 12, 55, 37, 57, 52, 2, 14, 21, 44, 41, 11, 48, 20, 24, 16, 29, 38, 42, 3, 19, 5]
OFV: 649678.5	/ CPU: 878.561 seconds 	/ department sequence: [19, 3, 42, 59, 29, 38, 16, 24, 20, 48, 11, 44, 41, 21, 2, 14, 37, 57, 55, 7, 58, 9, 12, 28, 33, 35, 8, 50, 17, 39, 40, 43, 46, 26, 30, 45, 25, 56, 60, 18, 23, 15, 10, 51, 31, 34, 52, 32, 1, 13, 54, 47, 22, 27, 36, 49, 53, 6, 5, 4]
OFV: 651187.5	/ CPU: 898.980 seconds 	/ department sequence: [4, 3, 42, 16, 29, 24, 38, 36, 20, 48, 11, 44, 13, 21, 14, 57, 37, 2, 55, 12, 7, 58, 9, 50, 33, 46, 8, 43, 17, 40, 30, 60, 39, 35, 26, 56, 45, 28, 15, 25, 23, 18, 51, 10, 31, 34, 52, 32, 41, 1, 54, 22, 27, 47, 49, 53, 59, 19, 6, 5]
OFV: 655328.5	/ CPU: 1610.072 seconds 	/ department sequence: [5, 19, 38, 24, 16, 29, 36, 48, 22, 54, 13, 27, 21, 14, 2, 52, 55, 51, 15, 9, 28, 23, 60, 45, 25, 17, 8, 26, 43, 33, 30, 50, 40, 35, 39, 46, 56, 58, 18, 10, 12, 7, 34, 57, 31, 37, 1, 32, 44, 41, 11, 47, 20, 49, 53, 59, 42, 6, 3, 4]
OFV: 654104.5	/ CPU: 1015.529 seconds 	/ department sequence: [4, 6, 3, 59, 53, 49, 47, 27, 22, 11, 41, 1, 32, 31, 34, 55, 10, 18, 12, 15, 23, 58, 28, 56, 30, 35, 40, 26, 17, 39, 50, 33, 8, 43, 46, 60, 45, 25, 9, 51, 7, 37, 57, 14, 52, 2, 21, 44, 54, 13, 20, 48, 36, 29, 24, 16, 38, 42, 19, 5]
OFV: 654927.5	/ CPU: 778.497 seconds 	/ department sequence: [5, 6, 19, 42, 38, 29, 16, 36, 48, 22, 47, 54, 13, 44, 21, 14, 2, 57, 10, 7, 51, 58, 26, 9, 15, 28, 45, 33, 8, 43, 17, 50, 46, 39, 40, 35, 30, 56, 60, 25, 23, 12, 18, 34, 55, 52, 37, 31, 1, 32, 41, 11, 27, 20, 49, 53, 59, 24, 3, 4]
OFV: 653447.5	/ CPU: 969.019 seconds 	/ department sequence: [4, 6, 24, 53, 49, 36, 20, 27, 11, 22, 44, 32, 1, 34, 31, 37, 10, 51, 18, 12, 23, 15, 25, 56, 60, 46, 39, 17, 26, 43, 30, 50, 40, 35, 8, 33, 45, 28, 58, 9, 55, 7, 52, 2, 14, 57, 41, 21, 13, 54, 47, 48, 16, 29, 38, 42, 59, 3, 19, 5]
OFV: 651519.5	/ CPU: 628.196 seconds 	/ department sequence: [6, 59, 53, 49, 36, 47, 27, 22, 54, 41, 13, 1, 32, 34, 55, 10, 51, 23, 58, 15, 26, 28, 60, 56, 39, 46, 30, 43, 8, 17, 45, 50, 35, 40, 33, 9, 25, 18, 12, 7, 52, 57, 37, 31, 2, 14, 21, 44, 11, 48, 20, 38, 29, 24, 16, 42, 3, 19, 5, 4]
