-- AnKeVa60-3 result
--------------------------------------------
HostNestNum = 30, P_a = 0.35
--------------------------------------------
-- 2019-01-13 12:13 result data
OFV: 748464.5	/ CPU: 544.856 seconds 	/ department sequence: [4, 5, 6, 42, 53, 20, 41, 11, 44, 27, 59, 1, 55, 52, 37, 51, 32, 30, 33, 25, 24, 43, 47, 31, 45, 46, 26, 39, 8, 12, 18, 14, 28, 35, 17, 40, 34, 56, 23, 60, 29, 13, 15, 9, 10, 7, 57, 58, 2, 54, 21, 36, 38, 22, 48, 50, 16, 19, 3, 49]
OFV: 816631.5	/ CPU: 283.324 seconds 	/ department sequence: [4, 5, 6, 3, 22, 20, 11, 1, 51, 58, 24, 53, 13, 60, 29, 14, 2, 56, 52, 31, 18, 7, 8, 40, 46, 30, 54, 12, 9, 10, 37, 59, 35, 45, 43, 34, 33, 25, 57, 27, 28, 23, 17, 26, 47, 50, 15, 32, 16, 21, 39, 41, 38, 36, 48, 55, 42, 49, 44, 19]
OFV: 796137.5	/ CPU: 153.636 seconds 	/ department sequence: [4, 5, 3, 21, 57, 40, 6, 11, 29, 42, 59, 36, 20, 47, 1, 2, 33, 18, 32, 30, 39, 12, 51, 50, 35, 37, 26, 48, 45, 56, 9, 28, 10, 25, 23, 8, 13, 31, 58, 52, 43, 34, 7, 46, 55, 38, 54, 60, 17, 15, 41, 49, 14, 16, 27, 24, 44, 19, 22, 53]
OFV: 840054.5	/ CPU: 193.236 seconds 	/ department sequence: [29, 4, 5, 6, 27, 34, 24, 42, 32, 47, 22, 38, 31, 16, 1, 2, 17, 37, 51, 23, 18, 45, 19, 58, 35, 8, 52, 15, 9, 25, 28, 56, 40, 53, 26, 46, 41, 39, 33, 12, 11, 10, 7, 60, 54, 21, 20, 30, 13, 49, 57, 43, 48, 14, 55, 44, 50, 59, 36, 3]
OFV: 775743.5	/ CPU: 372.428 seconds 	/ department sequence: [4, 5, 6, 3, 24, 53, 34, 54, 22, 1, 30, 32, 26, 60, 50, 40, 27, 55, 28, 36, 18, 39, 57, 31, 33, 45, 17, 35, 58, 12, 8, 10, 46, 56, 25, 23, 29, 9, 43, 51, 15, 2, 11, 37, 52, 14, 16, 13, 7, 59, 20, 19, 48, 49, 44, 21, 42, 38, 41, 47]
OFV: 795938.5	/ CPU: 228.665 seconds 	/ department sequence: [29, 5, 4, 38, 48, 11, 36, 31, 54, 41, 14, 19, 2, 56, 55, 17, 30, 28, 21, 40, 35, 9, 18, 27, 37, 13, 33, 26, 39, 8, 44, 45, 15, 43, 10, 58, 32, 52, 34, 57, 51, 60, 12, 25, 47, 22, 24, 46, 7, 1, 59, 53, 23, 50, 42, 20, 49, 16, 3, 6]
OFV: 815474.5	/ CPU: 224.682 seconds 	/ department sequence: [4, 3, 48, 59, 40, 19, 20, 5, 2, 31, 7, 39, 29, 37, 38, 55, 44, 28, 17, 14, 13, 12, 58, 8, 33, 10, 21, 45, 15, 46, 25, 57, 42, 43, 56, 9, 26, 27, 41, 23, 35, 32, 52, 30, 34, 51, 49, 18, 53, 60, 1, 54, 47, 24, 22, 11, 6, 16, 50, 36]
OFV: 816014.5	/ CPU: 564.820 seconds 	/ department sequence: [4, 3, 53, 49, 16, 5, 19, 29, 1, 43, 44, 50, 27, 48, 60, 22, 38, 59, 23, 35, 6, 11, 18, 15, 9, 32, 33, 45, 58, 46, 37, 8, 7, 17, 12, 56, 51, 31, 25, 52, 28, 10, 14, 42, 57, 39, 55, 26, 30, 34, 40, 2, 13, 20, 24, 41, 21, 54, 36, 47]
OFV: 804815.5	/ CPU: 415.058 seconds 	/ department sequence: [4, 48, 24, 44, 11, 19, 36, 32, 20, 31, 49, 1, 60, 40, 25, 27, 39, 55, 18, 37, 9, 12, 46, 56, 15, 23, 26, 33, 51, 10, 58, 28, 35, 7, 8, 57, 43, 16, 54, 41, 38, 17, 14, 42, 45, 30, 34, 2, 13, 29, 53, 21, 22, 52, 50, 6, 5, 59, 47, 3]
OFV: 824585.5	/ CPU: 530.282 seconds 	/ department sequence: [6, 3, 11, 22, 24, 1, 34, 32, 30, 41, 36, 29, 43, 42, 23, 14, 21, 10, 59, 58, 44, 52, 57, 37, 60, 31, 8, 46, 45, 39, 25, 12, 17, 16, 55, 18, 15, 35, 28, 13, 40, 56, 33, 9, 7, 26, 2, 53, 27, 49, 50, 47, 51, 20, 19, 38, 54, 48, 5, 4]
-- AnKeVa60-3 result
--------------------------------------------
HostNestNum = 30, P_a = 0.35
--------------------------------------------
-- 2019-02-14 11:14 result data
OFV: 653971.5	/ CPU: 1556.157 seconds 	/ department sequence: [4, 3, 59, 16, 53, 49, 36, 22, 54, 13, 41, 34, 1, 32, 31, 55, 7, 51, 23, 18, 9, 60, 25, 45, 46, 39, 17, 43, 30, 8, 35, 50, 33, 40, 26, 56, 12, 28, 58, 15, 10, 37, 57, 2, 52, 14, 21, 44, 27, 47, 11, 48, 20, 24, 29, 38, 42, 6, 19, 5]
-- AnKeVa60-3 result
--------------------------------------------
HostNestNum = 30, P_a = 0.35
--------------------------------------------
-- 2019-02-22 00:25 result data
OFV: 661819.5	/ CPU: 3228.373 seconds 	/ department sequence: [19, 3, 42, 59, 38, 29, 16, 49, 48, 22, 47, 11, 41, 44, 1, 31, 55, 34, 18, 15, 58, 12, 9, 28, 45, 60, 33, 8, 40, 43, 39, 17, 50, 35, 30, 56, 46, 26, 25, 23, 10, 51, 7, 14, 57, 2, 37, 52, 32, 21, 54, 13, 27, 20, 36, 24, 53, 6, 5, 4]
OFV: 651770.5	/ CPU: 1700.116 seconds 	/ department sequence: [4, 6, 19, 59, 24, 53, 49, 20, 47, 27, 21, 1, 32, 31, 37, 55, 12, 10, 51, 18, 23, 58, 28, 56, 39, 33, 35, 30, 40, 50, 8, 43, 17, 46, 45, 60, 9, 26, 25, 15, 7, 57, 34, 2, 52, 14, 44, 41, 54, 13, 11, 22, 48, 36, 29, 38, 16, 42, 3, 5]
OFV: 656039.5	/ CPU: 1689.454 seconds 	/ department sequence: [4, 24, 53, 49, 36, 20, 47, 54, 41, 44, 52, 1, 32, 34, 10, 7, 12, 51, 18, 23, 15, 9, 25, 26, 56, 35, 33, 39, 46, 40, 43, 30, 8, 17, 50, 60, 45, 28, 58, 37, 55, 57, 2, 31, 14, 13, 21, 11, 27, 22, 48, 16, 29, 38, 59, 42, 3, 6, 19, 5]
OFV: 655619.5	/ CPU: 1693.959 seconds 	/ department sequence: [5, 19, 3, 24, 16, 29, 38, 36, 48, 22, 54, 13, 41, 21, 2, 52, 55, 57, 7, 34, 51, 9, 18, 25, 60, 8, 45, 33, 50, 43, 17, 46, 39, 30, 26, 35, 40, 23, 56, 58, 28, 15, 12, 10, 14, 37, 31, 1, 32, 44, 11, 47, 27, 20, 49, 53, 59, 42, 6, 4]
OFV: 651935.5	/ CPU: 1525.763 seconds 	/ department sequence: [5, 19, 6, 59, 53, 49, 47, 27, 22, 1, 21, 41, 32, 52, 34, 55, 10, 51, 23, 18, 15, 9, 56, 60, 39, 33, 35, 40, 43, 26, 30, 8, 50, 17, 46, 25, 45, 28, 58, 12, 7, 37, 57, 2, 14, 31, 13, 44, 54, 11, 48, 36, 20, 24, 38, 29, 16, 42, 3, 4]
OFV: 657568.5	/ CPU: 1256.525 seconds 	/ department sequence: [4, 59, 53, 49, 36, 20, 27, 54, 21, 13, 44, 32, 37, 34, 55, 57, 7, 51, 58, 23, 28, 56, 12, 9, 30, 39, 35, 33, 50, 40, 17, 8, 43, 46, 26, 45, 60, 25, 15, 18, 10, 1, 2, 52, 31, 14, 41, 47, 11, 22, 48, 16, 24, 42, 38, 29, 3, 6, 19, 5]
OFV: 659205.5	/ CPU: 2422.585 seconds 	/ department sequence: [4, 3, 59, 16, 24, 53, 49, 20, 21, 13, 1, 32, 37, 52, 2, 55, 7, 57, 12, 23, 58, 30, 56, 60, 33, 39, 40, 35, 43, 50, 8, 17, 46, 25, 45, 18, 28, 9, 15, 26, 51, 10, 34, 31, 14, 44, 41, 54, 47, 27, 11, 22, 48, 36, 29, 38, 42, 6, 19, 5]
OFV: 655449.5	/ CPU: 1332.026 seconds 	/ department sequence: [5, 19, 6, 3, 42, 38, 29, 24, 20, 48, 11, 47, 44, 41, 14, 2, 52, 57, 7, 10, 12, 51, 18, 15, 25, 26, 46, 35, 50, 43, 30, 8, 40, 17, 33, 9, 39, 56, 45, 60, 28, 58, 23, 37, 55, 31, 32, 1, 34, 21, 54, 27, 13, 22, 36, 49, 53, 59, 16, 4]
OFV: 653624.5	/ CPU: 1386.077 seconds 	/ department sequence: [4, 6, 42, 59, 53, 49, 36, 47, 11, 41, 44, 1, 32, 34, 31, 37, 55, 10, 12, 18, 15, 25, 56, 60, 26, 39, 46, 17, 35, 50, 40, 30, 43, 8, 33, 45, 9, 23, 28, 58, 51, 7, 57, 14, 52, 2, 21, 54, 13, 27, 22, 48, 20, 16, 38, 24, 29, 3, 19, 5]
OFV: 654682.5	/ CPU: 1461.763 seconds 	/ department sequence: [5, 19, 6, 42, 38, 24, 29, 20, 48, 27, 47, 11, 44, 21, 14, 52, 2, 57, 37, 10, 58, 18, 12, 56, 40, 26, 33, 43, 50, 8, 30, 46, 39, 35, 45, 17, 25, 60, 28, 15, 23, 9, 51, 7, 55, 31, 32, 1, 34, 41, 54, 13, 22, 36, 49, 53, 16, 59, 3, 4]
