-- AnKeVa60-3 result
--------------------------------------------
HostNestNum = 10, P_a = 0.2
--------------------------------------------
-- 2019-01-13 08:33 result data
OFV: 852813.5	/ CPU: 40.194 seconds 	/ department sequence: [5, 4, 6, 3, 21, 19, 41, 2, 45, 34, 57, 12, 14, 60, 31, 56, 54, 36, 23, 15, 25, 50, 44, 46, 48, 43, 47, 7, 8, 35, 39, 40, 55, 9, 10, 51, 52, 33, 53, 26, 59, 13, 58, 27, 17, 18, 24, 11, 28, 22, 32, 29, 30, 37, 1, 16, 38, 42, 20, 49]
OFV: 814426.5	/ CPU: 85.745 seconds 	/ department sequence: [3, 42, 23, 13, 29, 44, 52, 27, 26, 21, 59, 24, 49, 1, 58, 30, 20, 31, 50, 43, 54, 14, 39, 18, 28, 12, 8, 40, 9, 60, 56, 15, 25, 33, 17, 32, 55, 48, 46, 35, 53, 34, 51, 45, 7, 10, 57, 2, 47, 41, 22, 19, 37, 11, 16, 6, 36, 5, 38, 4]
OFV: 812504.5	/ CPU: 81.309 seconds 	/ department sequence: [3, 59, 42, 41, 15, 16, 14, 53, 27, 60, 28, 49, 32, 48, 35, 30, 50, 57, 24, 34, 37, 52, 45, 54, 33, 25, 23, 56, 58, 40, 9, 44, 8, 43, 38, 39, 10, 18, 17, 55, 29, 31, 22, 51, 26, 7, 46, 2, 11, 12, 1, 47, 20, 21, 13, 19, 36, 6, 5, 4]
OFV: 807243.5	/ CPU: 46.739 seconds 	/ department sequence: [5, 19, 6, 44, 42, 41, 31, 29, 2, 37, 23, 27, 32, 52, 21, 12, 10, 14, 57, 15, 39, 8, 60, 47, 40, 9, 59, 55, 17, 26, 33, 36, 25, 34, 7, 46, 58, 43, 35, 45, 56, 30, 50, 54, 48, 38, 28, 13, 24, 16, 18, 51, 1, 53, 11, 20, 22, 49, 3, 4]
OFV: 833301.5	/ CPU: 33.867 seconds 	/ department sequence: [20, 36, 19, 48, 51, 37, 40, 27, 53, 2, 60, 38, 34, 57, 7, 44, 55, 29, 23, 15, 56, 26, 9, 33, 49, 17, 35, 13, 25, 8, 59, 30, 43, 58, 46, 50, 47, 12, 16, 39, 18, 41, 45, 14, 10, 42, 54, 52, 32, 11, 21, 22, 31, 24, 28, 1, 3, 5, 4, 6]
OFV: 804668.5	/ CPU: 123.580 seconds 	/ department sequence: [19, 5, 3, 59, 6, 32, 50, 22, 48, 1, 25, 15, 11, 20, 47, 13, 30, 31, 56, 49, 41, 21, 29, 58, 8, 7, 17, 12, 35, 23, 40, 43, 10, 26, 51, 39, 52, 44, 60, 46, 54, 57, 55, 28, 34, 33, 18, 9, 14, 45, 2, 38, 37, 53, 36, 27, 42, 16, 24, 4]
OFV: 834174.5	/ CPU: 104.320 seconds 	/ department sequence: [54, 48, 47, 29, 27, 21, 34, 49, 1, 33, 12, 44, 58, 32, 41, 50, 42, 7, 9, 10, 15, 52, 38, 26, 30, 37, 8, 56, 40, 57, 23, 35, 28, 39, 46, 43, 17, 18, 53, 31, 51, 14, 25, 2, 22, 36, 24, 45, 55, 13, 16, 11, 59, 20, 19, 60, 3, 5, 6, 4]
OFV: 809974.5	/ CPU: 72.623 seconds 	/ department sequence: [52, 19, 3, 49, 57, 37, 41, 20, 54, 13, 38, 2, 12, 39, 55, 28, 9, 27, 15, 34, 23, 26, 7, 46, 60, 44, 17, 40, 18, 35, 45, 25, 31, 51, 30, 8, 56, 43, 10, 29, 11, 32, 21, 50, 48, 36, 58, 33, 14, 1, 59, 53, 47, 16, 42, 6, 22, 5, 24, 4]
OFV: 817098.5	/ CPU: 49.489 seconds 	/ department sequence: [4, 3, 38, 59, 19, 55, 50, 22, 53, 42, 1, 31, 37, 2, 46, 54, 57, 60, 56, 16, 35, 30, 44, 28, 8, 21, 43, 32, 17, 9, 18, 29, 7, 10, 13, 39, 58, 33, 45, 12, 41, 25, 23, 11, 26, 51, 48, 14, 20, 40, 36, 47, 49, 15, 24, 34, 27, 52, 6, 5]
OFV: 778991.5	/ CPU: 37.881 seconds 	/ department sequence: [49, 12, 19, 24, 36, 20, 6, 11, 13, 53, 16, 14, 55, 58, 23, 56, 33, 22, 9, 25, 15, 45, 10, 57, 34, 51, 60, 18, 43, 17, 7, 54, 8, 52, 39, 28, 44, 46, 31, 40, 26, 37, 30, 35, 50, 2, 1, 48, 27, 38, 29, 41, 42, 47, 32, 59, 21, 3, 5, 4]
-- AnKeVa60-3 result
--------------------------------------------
HostNestNum = 10, P_a = 0.2
--------------------------------------------
-- 2019-02-14 07:28 result data
OFV: 656244.5	/ CPU: 567.000 seconds 	/ department sequence: [5, 19, 6, 3, 59, 29, 38, 16, 48, 22, 47, 27, 54, 13, 21, 1, 57, 32, 31, 2, 34, 7, 10, 51, 58, 25, 45, 17, 8, 26, 30, 56, 39, 50, 46, 40, 43, 33, 60, 35, 23, 9, 28, 18, 15, 12, 37, 55, 14, 52, 41, 44, 11, 20, 36, 49, 53, 24, 42, 4]
