-- AnKeVa60-3 result
--------------------------------------------
HostNestNum = 45, P_a = 0.35
--------------------------------------------
-- 2019-02-14 15:09 result data
OFV: 652480.5	/ CPU: 1250.449 seconds 	/ department sequence: [3, 42, 29, 16, 38, 36, 48, 22, 11, 54, 13, 41, 14, 31, 2, 34, 51, 60, 26, 15, 58, 25, 9, 45, 46, 17, 50, 43, 8, 40, 30, 33, 39, 35, 28, 56, 23, 12, 18, 10, 57, 7, 55, 37, 52, 1, 32, 44, 21, 27, 47, 20, 49, 53, 59, 24, 6, 19, 5, 4]
-- AnKeVa60-3 result
--------------------------------------------
HostNestNum = 45, P_a = 0.35
--------------------------------------------
-- 2019-02-22 13:07 result data
OFV: 657993.5	/ CPU: 2556.450 seconds 	/ department sequence: [4, 3, 42, 59, 16, 29, 24, 38, 20, 48, 11, 41, 44, 31, 2, 37, 32, 12, 57, 7, 34, 18, 25, 28, 9, 45, 35, 17, 46, 50, 40, 8, 43, 30, 39, 33, 56, 60, 26, 58, 15, 23, 51, 10, 55, 14, 52, 21, 1, 13, 54, 22, 27, 47, 36, 49, 53, 6, 19, 5]
OFV: 656676.5	/ CPU: 8901.991 seconds 	/ department sequence: [4, 5, 6, 53, 49, 36, 20, 27, 47, 54, 44, 13, 32, 34, 52, 37, 2, 7, 57, 51, 25, 12, 23, 56, 30, 46, 45, 60, 26, 17, 50, 40, 43, 39, 8, 35, 33, 58, 28, 15, 9, 18, 10, 55, 1, 31, 14, 21, 41, 11, 22, 48, 16, 24, 38, 29, 42, 59, 3, 19]
OFV: 657200.5	/ CPU: 3656.576 seconds 	/ department sequence: [4, 6, 3, 59, 53, 49, 20, 47, 27, 22, 41, 21, 1, 44, 32, 52, 34, 37, 10, 57, 7, 12, 18, 23, 15, 56, 46, 60, 43, 30, 39, 35, 17, 40, 50, 8, 33, 25, 26, 45, 58, 9, 28, 51, 55, 2, 31, 14, 13, 54, 11, 48, 36, 29, 38, 16, 24, 42, 19, 5]
OFV: 651107.5	/ CPU: 1893.995 seconds 	/ department sequence: [4, 3, 42, 29, 16, 38, 24, 20, 48, 11, 41, 44, 21, 14, 31, 2, 37, 55, 12, 18, 28, 15, 40, 9, 60, 35, 50, 33, 8, 39, 43, 17, 46, 45, 30, 26, 25, 56, 23, 58, 57, 51, 7, 10, 52, 34, 32, 1, 54, 13, 22, 27, 47, 36, 49, 53, 59, 6, 19, 5]
OFV: 654105.5	/ CPU: 3195.855 seconds 	/ department sequence: [19, 3, 38, 42, 16, 24, 29, 36, 48, 22, 11, 54, 13, 41, 14, 31, 55, 9, 28, 15, 18, 60, 25, 26, 45, 33, 35, 50, 43, 40, 8, 17, 39, 46, 23, 12, 30, 56, 58, 51, 10, 7, 57, 34, 2, 52, 37, 32, 44, 21, 1, 47, 20, 27, 49, 53, 59, 6, 5, 4]
OFV: 653194.5	/ CPU: 3290.778 seconds 	/ department sequence: [4, 6, 42, 59, 53, 49, 36, 47, 27, 11, 1, 44, 32, 31, 34, 37, 10, 12, 51, 18, 58, 28, 56, 26, 30, 46, 40, 39, 50, 17, 35, 33, 43, 8, 45, 25, 60, 23, 9, 15, 7, 55, 57, 52, 14, 2, 41, 21, 13, 54, 22, 48, 20, 38, 29, 16, 24, 3, 19, 5]
OFV: 661885.5	/ CPU: 1692.172 seconds 	/ department sequence: [5, 19, 6, 42, 38, 24, 29, 20, 48, 11, 27, 22, 47, 14, 1, 32, 31, 52, 2, 10, 18, 12, 28, 45, 25, 35, 26, 40, 30, 33, 8, 39, 43, 17, 50, 46, 56, 60, 58, 15, 23, 9, 51, 37, 57, 7, 55, 34, 44, 21, 41, 13, 54, 36, 49, 53, 16, 59, 3, 4]
OFV: 649778.5	/ CPU: 4893.863 seconds 	/ department sequence: [19, 3, 42, 59, 29, 38, 16, 24, 20, 48, 11, 41, 44, 21, 2, 14, 37, 57, 55, 12, 28, 18, 9, 35, 40, 50, 33, 8, 46, 43, 39, 17, 26, 45, 30, 25, 56, 60, 58, 23, 15, 10, 7, 51, 31, 52, 34, 32, 1, 13, 54, 22, 47, 27, 36, 49, 53, 6, 5, 4]
OFV: 664595.5	/ CPU: 1827.266 seconds 	/ department sequence: [4, 5, 6, 42, 38, 29, 53, 49, 20, 27, 11, 44, 32, 37, 2, 52, 14, 57, 7, 51, 28, 12, 56, 45, 25, 30, 46, 50, 40, 35, 17, 8, 43, 39, 26, 33, 58, 60, 18, 23, 9, 15, 34, 10, 55, 31, 1, 41, 21, 54, 13, 22, 47, 48, 36, 16, 24, 59, 3, 19]
OFV: 651645.5	/ CPU: 2194.358 seconds 	/ department sequence: [5, 6, 16, 53, 49, 36, 22, 27, 54, 13, 1, 34, 32, 52, 55, 51, 10, 15, 23, 18, 28, 60, 25, 45, 56, 30, 43, 39, 26, 40, 8, 35, 17, 33, 46, 50, 9, 58, 7, 12, 2, 57, 37, 14, 31, 21, 41, 44, 11, 47, 48, 20, 29, 24, 38, 42, 59, 3, 19, 4]
