-- AnKeVa60-3 result
--------------------------------------------
HostNestNum = 10, P_a = 0.25
--------------------------------------------
-- 2019-01-13 08:44 result data
OFV: 840999.5	/ CPU: 68.953 seconds 	/ department sequence: [4, 5, 3, 47, 48, 24, 54, 22, 16, 50, 51, 23, 6, 7, 11, 30, 14, 13, 45, 31, 57, 39, 56, 53, 52, 41, 20, 8, 12, 17, 10, 43, 9, 28, 33, 18, 46, 21, 44, 38, 25, 60, 55, 58, 36, 40, 15, 35, 2, 1, 49, 34, 59, 29, 32, 37, 27, 26, 19, 42]
OFV: 833355.5	/ CPU: 80.231 seconds 	/ department sequence: [4, 5, 3, 57, 19, 6, 48, 55, 47, 60, 36, 21, 34, 24, 20, 27, 17, 25, 13, 16, 23, 31, 32, 15, 51, 12, 46, 28, 45, 33, 14, 43, 22, 18, 39, 56, 37, 38, 8, 7, 40, 9, 11, 26, 30, 54, 58, 29, 10, 2, 49, 44, 35, 41, 52, 1, 59, 42, 53, 50]
OFV: 819880.5	/ CPU: 130.813 seconds 	/ department sequence: [4, 6, 5, 3, 59, 42, 34, 20, 29, 1, 39, 44, 51, 22, 47, 32, 21, 45, 46, 23, 43, 41, 30, 12, 60, 26, 18, 28, 31, 24, 33, 35, 7, 17, 8, 27, 10, 11, 9, 15, 56, 49, 37, 55, 40, 58, 25, 50, 14, 2, 13, 16, 57, 19, 48, 52, 38, 53, 36, 54]
OFV: 826857.5	/ CPU: 76.091 seconds 	/ department sequence: [3, 4, 5, 34, 6, 49, 53, 47, 59, 35, 55, 51, 54, 42, 32, 29, 57, 50, 36, 43, 31, 33, 28, 45, 37, 52, 23, 25, 48, 40, 46, 30, 44, 10, 21, 39, 7, 14, 8, 56, 9, 18, 60, 15, 12, 58, 17, 1, 2, 24, 38, 41, 13, 26, 16, 27, 19, 20, 22, 11]
OFV: 791510.5	/ CPU: 126.892 seconds 	/ department sequence: [4, 49, 5, 6, 27, 36, 59, 1, 46, 41, 53, 12, 47, 28, 24, 10, 14, 40, 35, 26, 58, 51, 56, 18, 43, 17, 32, 45, 9, 7, 8, 60, 30, 15, 48, 33, 37, 52, 23, 55, 39, 25, 44, 31, 2, 11, 42, 57, 54, 22, 34, 20, 50, 16, 13, 21, 38, 19, 29, 3]
OFV: 779331.5	/ CPU: 65.500 seconds 	/ department sequence: [5, 4, 3, 48, 59, 6, 29, 41, 37, 53, 11, 1, 10, 18, 22, 15, 14, 13, 20, 60, 31, 23, 32, 33, 50, 47, 30, 38, 46, 43, 56, 45, 40, 26, 52, 35, 17, 28, 39, 8, 58, 7, 57, 55, 9, 27, 21, 12, 25, 2, 16, 24, 49, 34, 54, 51, 36, 19, 42, 44]
OFV: 819570.5	/ CPU: 97.790 seconds 	/ department sequence: [42, 19, 3, 54, 49, 59, 41, 26, 31, 48, 13, 16, 18, 45, 53, 56, 34, 51, 60, 24, 57, 50, 55, 35, 25, 33, 58, 38, 29, 44, 10, 37, 14, 17, 8, 9, 39, 46, 7, 40, 15, 28, 21, 47, 32, 11, 12, 30, 20, 23, 43, 2, 1, 22, 27, 36, 52, 5, 4, 6]
OFV: 801313.5	/ CPU: 133.218 seconds 	/ department sequence: [59, 21, 42, 49, 47, 34, 40, 32, 36, 13, 15, 53, 1, 45, 52, 28, 12, 56, 43, 27, 54, 23, 38, 50, 55, 30, 33, 9, 60, 35, 17, 8, 10, 18, 58, 25, 14, 39, 48, 46, 57, 37, 2, 22, 7, 19, 41, 44, 11, 24, 29, 6, 16, 51, 26, 31, 20, 3, 5, 4]
OFV: 801209.5	/ CPU: 66.672 seconds 	/ department sequence: [53, 24, 11, 19, 29, 38, 49, 14, 6, 9, 16, 1, 23, 22, 2, 56, 10, 45, 25, 47, 51, 27, 21, 28, 12, 30, 39, 35, 33, 18, 46, 55, 58, 26, 32, 37, 40, 44, 43, 8, 20, 13, 60, 41, 50, 57, 59, 7, 31, 17, 15, 54, 42, 52, 48, 34, 5, 36, 3, 4]
OFV: 796500.5	/ CPU: 98.836 seconds 	/ department sequence: [4, 3, 48, 20, 5, 11, 6, 32, 1, 37, 31, 45, 24, 25, 29, 2, 23, 50, 35, 21, 46, 57, 12, 60, 47, 33, 30, 39, 44, 56, 15, 26, 8, 7, 9, 28, 13, 14, 40, 22, 18, 38, 10, 17, 51, 34, 55, 42, 58, 27, 43, 52, 49, 41, 19, 53, 54, 16, 59, 36]
-- AnKeVa60-3 result
--------------------------------------------
HostNestNum = 10, P_a = 0.25
--------------------------------------------
-- 2019-02-14 07:37 result data
OFV: 651917.5	/ CPU: 240.099 seconds 	/ department sequence: [5, 19, 3, 42, 38, 29, 16, 36, 48, 22, 54, 13, 41, 21, 14, 52, 2, 55, 57, 15, 9, 28, 60, 45, 25, 26, 8, 43, 40, 30, 33, 17, 35, 39, 50, 46, 23, 56, 58, 51, 18, 10, 12, 7, 34, 37, 31, 1, 32, 44, 11, 27, 47, 20, 49, 53, 24, 59, 6, 4]
-- AnKeVa60-3 result
--------------------------------------------
HostNestNum = 10, P_a = 0.25
--------------------------------------------
-- 2019-02-21 10:24 result data
OFV: 650708.5	/ CPU: 1086.800 seconds 	/ department sequence: [4, 5, 19, 3, 59, 42, 29, 38, 16, 24, 20, 48, 11, 44, 21, 31, 2, 14, 57, 37, 7, 12, 18, 25, 9, 45, 46, 40, 50, 17, 43, 8, 35, 33, 39, 60, 30, 26, 56, 28, 58, 15, 23, 51, 10, 55, 52, 32, 34, 1, 41, 13, 54, 22, 47, 27, 36, 49, 53, 6]
OFV: 653811.5	/ CPU: 1067.597 seconds 	/ department sequence: [19, 5, 6, 24, 16, 36, 22, 27, 47, 13, 54, 41, 52, 14, 2, 7, 34, 51, 10, 15, 26, 9, 23, 25, 60, 45, 46, 17, 35, 30, 43, 50, 8, 40, 33, 39, 56, 58, 28, 18, 12, 55, 57, 37, 32, 1, 31, 21, 44, 11, 48, 20, 49, 53, 38, 29, 59, 42, 3, 4]
OFV: 652959.5	/ CPU: 531.484 seconds 	/ department sequence: [4, 6, 3, 59, 24, 53, 49, 20, 27, 47, 22, 11, 41, 1, 32, 31, 52, 37, 34, 12, 18, 51, 23, 15, 25, 56, 60, 46, 30, 43, 39, 50, 17, 40, 35, 33, 8, 26, 45, 9, 58, 28, 10, 7, 55, 57, 2, 14, 21, 44, 13, 54, 48, 36, 16, 29, 38, 42, 19, 5]
OFV: 659311.5	/ CPU: 795.132 seconds 	/ department sequence: [5, 19, 6, 24, 38, 29, 16, 36, 48, 22, 27, 47, 11, 13, 54, 21, 14, 31, 51, 10, 15, 58, 28, 45, 25, 26, 17, 46, 8, 33, 50, 40, 39, 43, 60, 30, 35, 56, 9, 23, 18, 12, 7, 57, 34, 2, 55, 52, 37, 32, 1, 44, 41, 20, 49, 53, 59, 42, 3, 4]
OFV: 654661.5	/ CPU: 256.847 seconds 	/ department sequence: [4, 6, 3, 59, 16, 53, 49, 27, 47, 22, 54, 1, 13, 32, 34, 31, 57, 7, 10, 51, 25, 15, 18, 56, 9, 26, 12, 17, 46, 30, 39, 45, 43, 50, 8, 35, 33, 40, 60, 23, 58, 28, 55, 37, 2, 52, 14, 21, 41, 44, 11, 20, 48, 36, 29, 24, 38, 42, 19, 5]
OFV: 658904.5	/ CPU: 608.941 seconds 	/ department sequence: [4, 5, 6, 53, 49, 36, 20, 27, 54, 44, 13, 32, 37, 34, 2, 55, 7, 57, 51, 28, 58, 45, 25, 56, 30, 46, 50, 17, 43, 26, 8, 40, 39, 33, 35, 60, 23, 12, 9, 18, 15, 10, 52, 14, 31, 1, 41, 21, 11, 47, 22, 48, 24, 29, 38, 16, 59, 42, 3, 19]
OFV: 649572.5	/ CPU: 845.429 seconds 	/ department sequence: [19, 3, 59, 42, 38, 29, 16, 24, 20, 48, 11, 41, 21, 44, 14, 2, 57, 37, 55, 7, 12, 9, 18, 28, 35, 50, 40, 8, 33, 46, 43, 17, 39, 26, 30, 45, 25, 60, 56, 58, 23, 15, 10, 51, 31, 52, 34, 32, 1, 13, 54, 22, 27, 47, 36, 49, 53, 6, 5, 4]
OFV: 653276.5	/ CPU: 763.490 seconds 	/ department sequence: [5, 19, 3, 59, 42, 29, 38, 16, 24, 48, 20, 47, 44, 21, 2, 57, 13, 14, 37, 52, 7, 51, 12, 58, 15, 25, 46, 8, 30, 17, 50, 43, 40, 33, 35, 26, 45, 39, 56, 60, 9, 28, 23, 18, 10, 55, 31, 32, 1, 34, 41, 54, 11, 22, 27, 36, 49, 53, 6, 4]
OFV: 650685.5	/ CPU: 1715.916 seconds 	/ department sequence: [5, 19, 3, 29, 16, 38, 36, 48, 22, 13, 54, 41, 14, 2, 52, 55, 57, 7, 34, 51, 9, 15, 23, 25, 45, 60, 46, 17, 50, 43, 8, 26, 33, 35, 40, 39, 30, 56, 28, 58, 18, 10, 12, 37, 31, 32, 1, 21, 44, 11, 47, 27, 20, 49, 24, 53, 59, 42, 6, 4]
OFV: 661317.5	/ CPU: 551.426 seconds 	/ department sequence: [4, 5, 6, 53, 24, 49, 20, 27, 11, 41, 32, 37, 52, 2, 14, 55, 51, 7, 23, 12, 28, 25, 56, 30, 35, 50, 46, 39, 40, 17, 8, 43, 33, 9, 45, 60, 26, 18, 58, 15, 10, 34, 31, 57, 1, 44, 21, 13, 54, 47, 22, 48, 36, 29, 38, 16, 59, 42, 3, 19]
