-- AnKeVa60-3 result
--------------------------------------------
HostNestNum = 30, P_a = 0.25
--------------------------------------------
-- 2019-01-13 11:25 result data
OFV: 781931.5	/ CPU: 263.860 seconds 	/ department sequence: [40, 4, 5, 48, 21, 53, 7, 24, 13, 19, 31, 51, 26, 47, 54, 49, 2, 45, 58, 56, 23, 35, 15, 38, 8, 43, 55, 46, 34, 28, 60, 12, 9, 57, 25, 39, 33, 17, 20, 10, 37, 50, 27, 18, 30, 52, 1, 44, 32, 41, 14, 11, 29, 59, 22, 42, 16, 36, 3, 6]
OFV: 818438.5	/ CPU: 262.016 seconds 	/ department sequence: [4, 3, 48, 42, 5, 29, 38, 19, 53, 56, 16, 20, 44, 54, 2, 1, 9, 45, 43, 50, 33, 51, 18, 17, 39, 8, 28, 52, 41, 57, 40, 37, 30, 60, 58, 25, 49, 31, 15, 32, 35, 55, 46, 59, 10, 27, 34, 12, 13, 21, 7, 24, 14, 22, 26, 36, 6, 23, 11, 47]
OFV: 792096.5	/ CPU: 478.559 seconds 	/ department sequence: [3, 49, 24, 54, 20, 27, 53, 21, 1, 2, 46, 60, 16, 30, 31, 52, 43, 25, 18, 7, 17, 51, 34, 28, 39, 37, 45, 29, 15, 41, 55, 26, 32, 33, 58, 8, 9, 56, 35, 12, 47, 23, 59, 40, 42, 57, 50, 13, 10, 38, 14, 48, 44, 19, 11, 36, 22, 5, 6, 4]
OFV: 802524.5	/ CPU: 244.192 seconds 	/ department sequence: [4, 49, 42, 19, 13, 32, 59, 53, 1, 55, 30, 56, 57, 44, 20, 60, 14, 15, 17, 7, 12, 10, 31, 33, 9, 35, 21, 18, 39, 25, 8, 46, 54, 28, 51, 58, 50, 36, 23, 48, 43, 38, 26, 45, 2, 52, 16, 11, 24, 22, 37, 29, 47, 41, 27, 34, 40, 3, 6, 5]
OFV: 784911.5	/ CPU: 210.732 seconds 	/ department sequence: [5, 27, 16, 48, 19, 13, 49, 6, 25, 14, 21, 22, 29, 24, 28, 38, 2, 32, 26, 46, 10, 51, 58, 50, 34, 59, 39, 57, 56, 33, 45, 52, 60, 8, 17, 18, 35, 11, 40, 31, 43, 55, 30, 44, 7, 23, 15, 9, 1, 20, 12, 41, 36, 37, 47, 54, 42, 53, 3, 4]
OFV: 793397.5	/ CPU: 289.354 seconds 	/ department sequence: [42, 36, 49, 27, 37, 21, 53, 1, 57, 31, 10, 16, 41, 23, 32, 15, 46, 39, 26, 56, 50, 45, 33, 54, 28, 25, 40, 43, 55, 18, 8, 9, 12, 22, 47, 34, 24, 35, 7, 60, 52, 17, 30, 58, 2, 48, 51, 38, 29, 14, 13, 20, 44, 6, 19, 11, 3, 5, 4, 59]
OFV: 803012.5	/ CPU: 358.681 seconds 	/ department sequence: [59, 19, 5, 20, 27, 6, 41, 36, 10, 14, 40, 42, 57, 48, 32, 21, 2, 17, 55, 13, 7, 52, 9, 8, 60, 56, 28, 30, 51, 35, 43, 46, 29, 47, 39, 26, 45, 53, 34, 58, 12, 24, 44, 33, 31, 18, 50, 23, 15, 25, 1, 38, 16, 37, 11, 54, 22, 49, 3, 4]
OFV: 775274.5	/ CPU: 398.110 seconds 	/ department sequence: [4, 5, 24, 11, 19, 57, 34, 59, 29, 42, 49, 44, 21, 28, 18, 31, 13, 14, 54, 56, 51, 55, 46, 39, 7, 17, 38, 35, 50, 8, 37, 33, 30, 48, 58, 25, 52, 45, 60, 23, 12, 32, 43, 15, 10, 9, 40, 2, 1, 22, 6, 47, 26, 53, 36, 27, 16, 20, 41, 3]
OFV: 822828.5	/ CPU: 152.510 seconds 	/ department sequence: [3, 49, 29, 48, 11, 2, 45, 27, 24, 28, 60, 20, 43, 44, 16, 51, 46, 56, 58, 15, 14, 36, 12, 10, 25, 17, 13, 7, 8, 34, 32, 39, 50, 42, 26, 30, 18, 9, 57, 23, 35, 40, 38, 37, 31, 52, 33, 55, 1, 22, 21, 41, 54, 47, 19, 53, 6, 59, 5, 4]
OFV: 835857.5	/ CPU: 217.980 seconds 	/ department sequence: [5, 38, 6, 20, 26, 45, 19, 53, 47, 59, 51, 49, 29, 36, 48, 24, 1, 30, 18, 11, 23, 14, 56, 46, 58, 39, 43, 25, 35, 22, 52, 17, 50, 21, 8, 9, 12, 28, 54, 44, 15, 33, 27, 37, 10, 32, 13, 57, 40, 7, 55, 2, 42, 60, 31, 41, 34, 16, 3, 4]
-- AnKeVa60-3 result
--------------------------------------------
HostNestNum = 30, P_a = 0.25
--------------------------------------------
-- 2019-02-14 10:42 result data
OFV: 660851.5	/ CPU: 1899.530 seconds 	/ department sequence: [4, 5, 6, 53, 29, 38, 49, 20, 27, 22, 47, 54, 1, 13, 32, 52, 2, 37, 34, 57, 7, 51, 58, 45, 30, 25, 56, 33, 40, 35, 39, 17, 43, 50, 8, 46, 60, 26, 23, 18, 9, 15, 28, 12, 10, 55, 14, 31, 21, 44, 41, 11, 48, 36, 24, 16, 42, 59, 3, 19]
-- AnKeVa60-3 result
--------------------------------------------
HostNestNum = 30, P_a = 0.25
--------------------------------------------
-- 2019-02-21 19:08 result data
OFV: 649571.5	/ CPU: 1665.104 seconds 	/ department sequence: [4, 6, 53, 59, 49, 36, 27, 47, 22, 54, 13, 1, 21, 32, 34, 31, 10, 57, 7, 51, 58, 23, 56, 25, 60, 17, 39, 45, 46, 26, 30, 43, 8, 50, 33, 40, 35, 9, 28, 15, 12, 18, 37, 55, 52, 2, 14, 44, 41, 11, 48, 20, 24, 16, 29, 38, 42, 3, 19, 5]
OFV: 660449.5	/ CPU: 1068.014 seconds 	/ department sequence: [4, 3, 59, 16, 24, 53, 49, 20, 47, 54, 1, 13, 32, 31, 34, 37, 57, 7, 2, 51, 25, 12, 58, 30, 45, 46, 17, 56, 26, 39, 8, 40, 35, 50, 43, 33, 60, 9, 23, 18, 28, 15, 10, 55, 52, 14, 21, 44, 41, 27, 11, 22, 48, 36, 29, 38, 42, 6, 19, 5]
OFV: 654993.5	/ CPU: 1451.036 seconds 	/ department sequence: [4, 42, 59, 53, 49, 36, 47, 54, 41, 44, 1, 32, 34, 55, 7, 10, 18, 12, 28, 58, 23, 9, 56, 39, 33, 40, 26, 35, 30, 43, 8, 50, 17, 46, 45, 60, 25, 15, 51, 57, 37, 31, 52, 2, 14, 13, 21, 27, 11, 22, 48, 20, 38, 16, 29, 24, 3, 6, 19, 5]
OFV: 651806.5	/ CPU: 1967.077 seconds 	/ department sequence: [3, 42, 29, 38, 16, 36, 48, 22, 54, 13, 41, 14, 2, 57, 55, 34, 7, 51, 9, 26, 58, 28, 45, 60, 17, 50, 8, 46, 43, 30, 33, 39, 35, 40, 25, 56, 23, 15, 12, 10, 18, 52, 37, 31, 32, 1, 44, 21, 11, 27, 47, 20, 49, 53, 24, 59, 6, 19, 5, 4]
OFV: 660013.5	/ CPU: 2243.813 seconds 	/ department sequence: [3, 29, 16, 38, 53, 36, 22, 13, 54, 27, 41, 21, 52, 2, 34, 55, 57, 7, 51, 60, 23, 58, 25, 45, 30, 8, 17, 50, 43, 46, 26, 39, 40, 33, 35, 56, 9, 28, 15, 18, 10, 12, 14, 37, 31, 1, 32, 44, 11, 48, 47, 20, 49, 24, 59, 42, 6, 19, 5, 4]
OFV: 654199.5	/ CPU: 2725.263 seconds 	/ department sequence: [4, 3, 42, 16, 29, 38, 24, 20, 48, 11, 54, 44, 41, 2, 31, 52, 37, 55, 57, 18, 12, 25, 45, 60, 35, 33, 40, 8, 43, 30, 17, 50, 39, 26, 46, 9, 56, 28, 15, 58, 23, 7, 51, 10, 14, 34, 32, 13, 21, 1, 22, 27, 47, 36, 49, 53, 59, 6, 19, 5]
OFV: 655646.5	/ CPU: 2368.819 seconds 	/ department sequence: [4, 6, 24, 53, 49, 20, 36, 27, 11, 22, 21, 1, 13, 32, 31, 34, 37, 10, 15, 23, 12, 58, 28, 60, 56, 30, 45, 39, 46, 8, 40, 43, 17, 50, 33, 26, 35, 25, 18, 9, 51, 7, 57, 55, 52, 2, 14, 44, 41, 54, 47, 48, 16, 29, 38, 42, 59, 3, 19, 5]
OFV: 658464.5	/ CPU: 2379.715 seconds 	/ department sequence: [4, 5, 19, 6, 42, 59, 38, 29, 48, 47, 27, 11, 44, 21, 14, 31, 1, 32, 2, 37, 57, 58, 28, 45, 25, 56, 33, 40, 8, 50, 43, 39, 17, 30, 35, 46, 26, 12, 9, 18, 60, 23, 15, 10, 7, 51, 55, 34, 52, 41, 54, 13, 22, 36, 20, 49, 53, 24, 16, 3]
OFV: 651342.5	/ CPU: 1196.067 seconds 	/ department sequence: [5, 6, 19, 3, 59, 42, 38, 29, 16, 48, 22, 47, 27, 54, 13, 21, 57, 14, 2, 52, 7, 10, 58, 28, 45, 9, 33, 30, 8, 17, 40, 26, 35, 43, 50, 39, 46, 56, 60, 25, 23, 15, 51, 18, 12, 55, 37, 31, 1, 34, 32, 44, 41, 11, 36, 20, 49, 53, 24, 4]
OFV: 657057.5	/ CPU: 1988.375 seconds 	/ department sequence: [19, 42, 38, 59, 24, 53, 49, 20, 48, 47, 21, 44, 1, 32, 31, 37, 57, 55, 10, 12, 18, 28, 58, 39, 33, 35, 40, 8, 30, 50, 56, 43, 46, 17, 45, 26, 9, 23, 60, 25, 15, 51, 7, 34, 2, 52, 14, 41, 54, 13, 11, 27, 22, 36, 16, 29, 3, 6, 5, 4]
