-- AnKeVa60-3 result
--------------------------------------------
HostNestNum = 30, P_a = 0.1
--------------------------------------------
-- 2019-01-13 10:41 result data
OFV: 777026.5	/ CPU: 140.514 seconds 	/ department sequence: [3, 36, 41, 54, 42, 24, 21, 19, 48, 44, 31, 22, 26, 60, 20, 11, 25, 17, 59, 39, 33, 57, 58, 32, 8, 46, 30, 23, 35, 45, 52, 37, 50, 51, 34, 15, 28, 12, 9, 7, 14, 18, 43, 10, 29, 40, 47, 55, 56, 2, 1, 13, 27, 38, 49, 53, 6, 16, 5, 4]
OFV: 854843.5	/ CPU: 68.000 seconds 	/ department sequence: [34, 38, 29, 42, 32, 19, 54, 21, 53, 16, 28, 9, 60, 41, 47, 44, 26, 48, 57, 17, 12, 36, 50, 45, 33, 15, 10, 23, 14, 55, 31, 51, 56, 25, 7, 8, 35, 59, 30, 18, 13, 58, 20, 52, 22, 39, 46, 43, 2, 1, 24, 40, 37, 27, 11, 49, 3, 6, 5, 4]
OFV: 810863.5	/ CPU: 70.764 seconds 	/ department sequence: [54, 19, 42, 24, 25, 53, 2, 34, 56, 58, 20, 44, 27, 40, 32, 38, 48, 26, 15, 8, 37, 46, 50, 60, 51, 30, 28, 35, 31, 49, 33, 18, 45, 52, 43, 29, 12, 17, 23, 10, 9, 39, 7, 55, 14, 1, 41, 11, 22, 57, 59, 16, 6, 13, 21, 47, 5, 36, 3, 4]
OFV: 794706.5	/ CPU: 73.280 seconds 	/ department sequence: [54, 26, 42, 19, 5, 6, 36, 49, 32, 13, 14, 47, 29, 1, 50, 25, 10, 11, 52, 39, 28, 27, 51, 18, 56, 38, 45, 57, 55, 8, 23, 17, 9, 58, 12, 46, 40, 7, 53, 30, 41, 35, 59, 43, 33, 31, 34, 60, 37, 2, 21, 15, 44, 20, 16, 48, 24, 22, 3, 4]
OFV: 808366.5	/ CPU: 107.162 seconds 	/ department sequence: [4, 5, 3, 40, 47, 24, 19, 16, 34, 20, 38, 48, 2, 1, 12, 46, 14, 9, 30, 57, 50, 35, 13, 56, 33, 39, 52, 45, 42, 60, 37, 43, 23, 15, 7, 21, 27, 32, 17, 28, 8, 58, 59, 55, 51, 41, 26, 18, 10, 25, 36, 44, 54, 31, 22, 11, 29, 6, 53, 49]
OFV: 778780.5	/ CPU: 106.287 seconds 	/ department sequence: [4, 19, 5, 3, 44, 48, 38, 13, 11, 57, 40, 22, 49, 34, 54, 20, 59, 43, 58, 37, 60, 28, 7, 14, 17, 33, 31, 39, 55, 46, 18, 32, 45, 8, 47, 35, 52, 15, 26, 56, 12, 9, 10, 50, 23, 51, 30, 2, 27, 21, 25, 1, 6, 41, 16, 29, 42, 53, 24, 36]
OFV: 805487.5	/ CPU: 83.668 seconds 	/ department sequence: [4, 5, 3, 44, 59, 16, 19, 38, 51, 55, 42, 2, 1, 25, 17, 15, 9, 52, 7, 14, 37, 41, 46, 33, 43, 18, 39, 29, 60, 47, 31, 58, 56, 8, 23, 12, 28, 30, 40, 26, 22, 27, 35, 32, 20, 34, 54, 50, 57, 21, 10, 11, 13, 36, 45, 48, 6, 24, 53, 49]
OFV: 809779.5	/ CPU: 133.453 seconds 	/ department sequence: [53, 19, 36, 32, 49, 21, 59, 1, 34, 23, 10, 55, 51, 44, 13, 57, 58, 35, 37, 12, 60, 41, 15, 8, 46, 7, 9, 33, 52, 48, 27, 38, 26, 29, 47, 54, 43, 30, 31, 28, 45, 39, 25, 40, 50, 17, 18, 24, 14, 56, 2, 20, 16, 22, 42, 6, 11, 3, 5, 4]
OFV: 799536.5	/ CPU: 145.622 seconds 	/ department sequence: [4, 5, 19, 6, 47, 44, 21, 11, 36, 1, 56, 59, 32, 52, 29, 7, 9, 10, 57, 40, 23, 22, 51, 45, 31, 33, 30, 12, 35, 17, 37, 28, 24, 27, 18, 60, 8, 46, 34, 43, 13, 15, 14, 55, 54, 50, 58, 42, 39, 25, 2, 16, 41, 48, 26, 38, 49, 53, 20, 3]
OFV: 820594.5	/ CPU: 48.676 seconds 	/ department sequence: [4, 5, 3, 6, 49, 38, 15, 42, 29, 47, 19, 22, 54, 53, 1, 35, 33, 27, 41, 45, 60, 44, 52, 30, 31, 39, 51, 18, 43, 58, 59, 48, 9, 28, 55, 56, 8, 10, 46, 12, 50, 40, 23, 34, 37, 26, 13, 14, 57, 7, 17, 2, 20, 11, 32, 21, 24, 16, 36, 25]
-- AnKeVa60-3 result
--------------------------------------------
HostNestNum = 30, P_a = 0.1
--------------------------------------------
-- 2019-02-14 09:53 result data
OFV: 655840.5	/ CPU: 1185.346 seconds 	/ department sequence: [4, 24, 53, 49, 36, 20, 11, 41, 44, 21, 52, 14, 37, 2, 55, 12, 28, 15, 23, 9, 56, 60, 35, 33, 39, 30, 40, 43, 50, 8, 46, 17, 45, 26, 25, 18, 58, 51, 10, 7, 34, 57, 31, 32, 13, 1, 54, 27, 47, 22, 48, 29, 16, 38, 59, 42, 3, 19, 6, 5]
