-- AnKeVa60-3 result
--------------------------------------------
HostNestNum = 30, P_a = 0.2
--------------------------------------------
-- 2019-01-13 10:57 result data
OFV: 805609.5	/ CPU: 94.524 seconds 	/ department sequence: [4, 6, 24, 20, 54, 42, 59, 37, 49, 11, 30, 27, 18, 55, 44, 51, 10, 9, 7, 28, 13, 46, 41, 58, 14, 12, 33, 47, 17, 23, 57, 29, 31, 8, 45, 40, 39, 25, 52, 60, 50, 35, 36, 21, 15, 26, 32, 56, 2, 1, 53, 34, 38, 48, 16, 43, 5, 19, 22, 3]
OFV: 792631.5	/ CPU: 205.733 seconds 	/ department sequence: [34, 22, 42, 59, 49, 54, 36, 28, 44, 55, 13, 12, 10, 51, 23, 14, 27, 15, 40, 9, 39, 52, 35, 18, 30, 29, 45, 31, 46, 32, 50, 38, 17, 57, 41, 56, 25, 8, 20, 33, 58, 26, 11, 43, 60, 2, 47, 7, 1, 53, 37, 21, 16, 48, 3, 6, 5, 4, 19, 24]
OFV: 816479.5	/ CPU: 128.798 seconds 	/ department sequence: [4, 19, 52, 59, 24, 1, 14, 11, 58, 13, 37, 56, 28, 49, 7, 10, 31, 53, 34, 47, 46, 35, 8, 60, 30, 20, 25, 33, 9, 12, 17, 18, 48, 51, 43, 40, 15, 50, 21, 55, 57, 23, 32, 26, 45, 39, 2, 41, 16, 38, 54, 29, 44, 22, 36, 42, 27, 3, 6, 5]
OFV: 809041.5	/ CPU: 194.844 seconds 	/ department sequence: [4, 42, 3, 59, 49, 32, 36, 29, 1, 2, 51, 28, 45, 25, 30, 17, 13, 35, 31, 54, 50, 60, 44, 47, 39, 38, 26, 7, 22, 43, 9, 8, 34, 41, 37, 56, 46, 18, 52, 40, 58, 33, 21, 57, 23, 27, 55, 10, 48, 19, 14, 20, 12, 53, 15, 24, 16, 6, 11, 5]
OFV: 798562.5	/ CPU: 241.350 seconds 	/ department sequence: [19, 6, 42, 22, 29, 49, 1, 57, 45, 25, 59, 28, 54, 51, 36, 47, 16, 12, 32, 7, 15, 53, 56, 43, 39, 58, 30, 35, 26, 23, 44, 27, 17, 33, 46, 8, 9, 18, 40, 10, 50, 34, 60, 11, 21, 13, 55, 2, 38, 14, 20, 52, 41, 48, 37, 24, 31, 3, 5, 4]
OFV: 803157.5	/ CPU: 101.460 seconds 	/ department sequence: [3, 13, 42, 16, 52, 36, 29, 11, 48, 20, 53, 2, 50, 14, 43, 44, 47, 35, 30, 25, 39, 37, 38, 45, 15, 8, 56, 34, 60, 21, 51, 7, 9, 41, 46, 57, 23, 26, 10, 28, 33, 27, 55, 18, 12, 58, 59, 32, 24, 17, 31, 1, 19, 40, 6, 49, 5, 54, 22, 4]
OFV: 817680.5	/ CPU: 146.981 seconds 	/ department sequence: [16, 5, 3, 6, 29, 50, 54, 30, 36, 11, 13, 14, 2, 32, 7, 15, 12, 21, 57, 27, 31, 8, 45, 10, 52, 60, 40, 9, 18, 35, 17, 43, 48, 37, 46, 23, 34, 25, 39, 47, 22, 55, 44, 58, 28, 59, 33, 41, 38, 51, 56, 1, 24, 26, 53, 20, 42, 19, 49, 4]
OFV: 793709.5	/ CPU: 265.828 seconds 	/ department sequence: [4, 3, 24, 19, 50, 31, 16, 13, 15, 22, 14, 20, 2, 60, 54, 43, 28, 55, 56, 25, 36, 41, 57, 46, 34, 33, 58, 52, 17, 10, 45, 30, 8, 7, 23, 9, 48, 51, 26, 35, 18, 39, 38, 44, 37, 12, 21, 11, 40, 1, 6, 53, 29, 47, 27, 32, 59, 42, 5, 49]
OFV: 794607.5	/ CPU: 156.416 seconds 	/ department sequence: [52, 21, 24, 40, 48, 11, 41, 53, 1, 55, 47, 10, 23, 36, 14, 44, 37, 56, 58, 12, 60, 45, 34, 9, 46, 8, 32, 30, 28, 39, 35, 26, 54, 43, 25, 15, 50, 27, 18, 38, 57, 51, 33, 31, 2, 49, 29, 17, 7, 6, 59, 20, 16, 22, 19, 42, 5, 13, 3, 4]
OFV: 819496.5	/ CPU: 123.096 seconds 	/ department sequence: [4, 5, 36, 6, 54, 40, 19, 11, 41, 48, 14, 9, 12, 27, 21, 31, 38, 2, 23, 39, 50, 56, 15, 10, 13, 45, 46, 49, 34, 25, 17, 26, 18, 60, 8, 7, 30, 58, 52, 28, 35, 32, 33, 37, 1, 16, 29, 47, 42, 22, 55, 53, 43, 20, 51, 59, 57, 44, 24, 3]
-- AnKeVa60-3 result
--------------------------------------------
HostNestNum = 30, P_a = 0.2
--------------------------------------------
-- 2019-02-14 10:13 result data
OFV: 651353.5	/ CPU: 1731.229 seconds 	/ department sequence: [3, 42, 16, 38, 29, 36, 48, 22, 11, 54, 41, 13, 44, 21, 14, 57, 55, 15, 28, 9, 58, 45, 60, 33, 26, 8, 50, 43, 17, 39, 46, 40, 35, 30, 56, 12, 23, 25, 18, 10, 51, 7, 34, 2, 37, 52, 31, 32, 1, 27, 47, 20, 49, 53, 24, 59, 6, 19, 5, 4]
