-- AnKeVa60-3 result
--------------------------------------------
HostNestNum = 10, P_a = 0.0
--------------------------------------------
-- 2019-01-13 08:22 result data
OFV: 819528.5	/ CPU: 28.337 seconds 	/ department sequence: [48, 42, 49, 38, 47, 52, 53, 51, 27, 20, 54, 50, 24, 11, 43, 31, 58, 10, 30, 23, 36, 14, 37, 34, 9, 41, 18, 25, 35, 7, 8, 40, 28, 56, 45, 46, 33, 59, 55, 44, 39, 57, 60, 15, 22, 17, 12, 2, 1, 29, 19, 21, 16, 13, 26, 32, 3, 6, 5, 4]
OFV: 829232.5	/ CPU: 12.419 seconds 	/ department sequence: [4, 54, 34, 16, 42, 40, 19, 51, 29, 49, 11, 13, 7, 48, 2, 9, 50, 55, 18, 39, 35, 17, 21, 32, 25, 56, 47, 57, 37, 33, 44, 58, 46, 30, 45, 60, 15, 12, 38, 8, 31, 41, 20, 26, 10, 14, 23, 59, 22, 24, 36, 27, 28, 43, 52, 1, 53, 3, 6, 5]
OFV: 829172.5	/ CPU: 12.154 seconds 	/ department sequence: [4, 3, 49, 41, 53, 47, 29, 48, 16, 37, 57, 11, 24, 12, 21, 26, 31, 7, 8, 14, 9, 10, 13, 20, 23, 50, 39, 46, 15, 44, 17, 18, 33, 58, 55, 42, 35, 28, 51, 54, 30, 36, 56, 40, 43, 52, 22, 45, 34, 25, 2, 1, 6, 32, 19, 27, 59, 60, 38, 5]
OFV: 797971.5	/ CPU: 22.026 seconds 	/ department sequence: [6, 5, 14, 36, 21, 27, 38, 20, 45, 11, 29, 42, 44, 41, 2, 37, 39, 57, 51, 52, 17, 13, 30, 24, 25, 28, 34, 18, 15, 55, 46, 23, 43, 8, 12, 56, 54, 40, 26, 7, 10, 9, 33, 59, 32, 50, 47, 35, 60, 58, 31, 1, 53, 48, 49, 22, 16, 3, 19, 4]
OFV: 836438.5	/ CPU: 20.151 seconds 	/ department sequence: [3, 16, 59, 49, 36, 38, 37, 41, 6, 13, 48, 12, 43, 20, 18, 9, 25, 22, 24, 32, 55, 57, 23, 60, 47, 27, 54, 30, 8, 7, 10, 51, 58, 11, 17, 34, 46, 28, 56, 39, 50, 35, 44, 40, 26, 33, 42, 21, 45, 15, 2, 1, 29, 53, 14, 19, 31, 52, 5, 4]
OFV: 840572.5	/ CPU: 18.433 seconds 	/ department sequence: [4, 5, 6, 53, 36, 1, 35, 41, 27, 26, 21, 29, 40, 47, 39, 32, 37, 51, 46, 59, 23, 17, 31, 45, 55, 43, 57, 28, 54, 18, 8, 38, 9, 33, 7, 15, 44, 22, 25, 30, 58, 34, 24, 50, 10, 12, 11, 13, 52, 42, 56, 14, 60, 2, 16, 20, 19, 49, 48, 3]
OFV: 805074.5	/ CPU: 19.761 seconds 	/ department sequence: [29, 3, 24, 20, 19, 36, 22, 59, 12, 16, 2, 57, 25, 34, 48, 26, 35, 27, 9, 13, 33, 17, 7, 51, 21, 15, 10, 23, 8, 54, 39, 40, 38, 30, 18, 43, 56, 58, 50, 37, 45, 46, 47, 60, 1, 53, 32, 49, 28, 52, 42, 55, 31, 41, 11, 44, 6, 14, 5, 4]
OFV: 837463.5	/ CPU: 20.667 seconds 	/ department sequence: [4, 5, 13, 11, 16, 14, 40, 45, 38, 19, 20, 49, 2, 55, 9, 56, 52, 53, 41, 30, 18, 21, 23, 35, 25, 34, 57, 7, 17, 8, 10, 15, 12, 39, 46, 42, 28, 26, 50, 48, 44, 33, 51, 31, 60, 47, 58, 32, 37, 1, 59, 24, 29, 43, 22, 36, 6, 27, 54, 3]
OFV: 810717.5	/ CPU: 34.008 seconds 	/ department sequence: [20, 42, 53, 54, 59, 32, 11, 49, 1, 58, 10, 34, 31, 44, 39, 38, 48, 45, 56, 47, 57, 27, 17, 26, 18, 60, 46, 55, 43, 14, 28, 12, 33, 13, 9, 23, 8, 15, 29, 7, 35, 24, 16, 22, 30, 52, 40, 25, 21, 2, 37, 19, 41, 36, 50, 51, 3, 5, 4, 6]
OFV: 864562.5	/ CPU: 12.122 seconds 	/ department sequence: [3, 44, 29, 20, 34, 16, 40, 27, 24, 11, 2, 14, 12, 7, 25, 45, 55, 58, 28, 51, 42, 48, 60, 37, 26, 38, 53, 31, 39, 57, 46, 52, 47, 59, 35, 8, 9, 56, 32, 41, 43, 33, 15, 18, 30, 23, 17, 54, 50, 10, 1, 13, 22, 6, 19, 21, 36, 5, 49, 4]
-- AnKeVa60-3 result
--------------------------------------------
HostNestNum = 10, P_a = 0.0
--------------------------------------------
-- 2019-02-14 07:15 result data
OFV: 652347.5	/ CPU: 223.653 seconds 	/ department sequence: [5, 6, 53, 49, 36, 22, 27, 54, 13, 41, 1, 32, 34, 52, 55, 10, 51, 23, 28, 58, 60, 45, 56, 39, 30, 26, 43, 33, 17, 40, 50, 8, 35, 46, 25, 9, 18, 15, 12, 7, 2, 37, 57, 14, 31, 21, 44, 11, 47, 48, 20, 38, 29, 24, 16, 59, 42, 3, 19, 4]
