S10 summary

-- 2019-01-08 09:01 result data
--------------------------------------------
HostNestNum = 5, P_a = 0.0
--------------------------------------------
Best OFV : 2781.5	CPU Time : 0.893 seconds (Processing time for the best solution)
Average OFV : 2815.5
Average CPU Time : 0.991
--------------------------------------------
HostNestNum = 5, P_a = 0.1
--------------------------------------------
Best OFV : 2781.5	CPU Time : 0.789 seconds (Processing time for the best solution)
Average OFV : 2781.5
Average CPU Time : 0.904
--------------------------------------------
HostNestNum = 5, P_a = 0.2
--------------------------------------------
Best OFV : 2781.5	CPU Time : 0.798 seconds (Processing time for the best solution)
Average OFV : 2781.5
Average CPU Time : 0.822
--------------------------------------------
HostNestNum = 5, P_a = 0.25
--------------------------------------------
Best OFV : 2781.5	CPU Time : 0.779 seconds (Processing time for the best solution)
Average OFV : 2781.5
Average CPU Time : 0.818
--------------------------------------------
HostNestNum = 5, P_a = 0.4
--------------------------------------------
Best OFV : 2781.5	CPU Time : 0.986 seconds (Processing time for the best solution)
Average OFV : 2781.5
Average CPU Time : 1.102
--------------------------------------------
HostNestNum = 5, P_a = 0.5
--------------------------------------------
Best OFV : 2781.5	CPU Time : 1.189 seconds (Processing time for the best solution)
Average OFV : 2781.5
Average CPU Time : 1.263
--------------------------------------------
HostNestNum = 5, P_a = 0.0
--------------------------------------------
Best OFV : 2781.5	CPU Time : 0.586 seconds (Processing time for the best solution)
Average OFV : 2832.5
Average CPU Time : 0.657
--------------------------------------------
HostNestNum = 10, P_a = 0.0
--------------------------------------------
Best OFV : 2781.5	CPU Time : 0.585 seconds (Processing time for the best solution)
Average OFV : 2781.5
Average CPU Time : 0.63
--------------------------------------------
HostNestNum = 10, P_a = 0.1
--------------------------------------------
Best OFV : 2781.5	CPU Time : 0.789 seconds (Processing time for the best solution)
Average OFV : 2781.5
Average CPU Time : 0.827
--------------------------------------------
HostNestNum = 10, P_a = 0.2
--------------------------------------------
Best OFV : 2781.5	CPU Time : 0.985 seconds (Processing time for the best solution)
Average OFV : 2781.5
Average CPU Time : 1.009
--------------------------------------------
HostNestNum = 10, P_a = 0.25
--------------------------------------------
Best OFV : 2781.5	CPU Time : 1.178 seconds (Processing time for the best solution)
Average OFV : 2781.5
Average CPU Time : 1.222
--------------------------------------------
HostNestNum = 10, P_a = 0.4
--------------------------------------------
Best OFV : 2781.5	CPU Time : 1.367 seconds (Processing time for the best solution)
Average OFV : 2781.5
Average CPU Time : 1.411
--------------------------------------------
HostNestNum = 10, P_a = 0.5
--------------------------------------------
Best OFV : 2781.5	CPU Time : 1.588 seconds (Processing time for the best solution)
Average OFV : 2781.5
Average CPU Time : 1.611
--------------------------------------------
HostNestNum = 10, P_a = 0.0
--------------------------------------------
Best OFV : 2781.5	CPU Time : 0.589 seconds (Processing time for the best solution)
Average OFV : 2781.5
Average CPU Time : 0.658
