-- S10 result
--------------------------------------------
HostNestNum = 5, P_a = 0.0
--------------------------------------------
-- 2019-01-08 09:02 result data
OFV: 2781.5	/ CPU: 0.602 seconds 	/ department sequence: [9, 3, 1, 7, 5, 10, 4, 2, 6, 8]
OFV: 2951.5	/ CPU: 0.610 seconds 	/ department sequence: [9, 3, 1, 6, 4, 2, 8, 5, 10, 7]
OFV: 2781.5	/ CPU: 0.610 seconds 	/ department sequence: [9, 3, 1, 7, 5, 10, 4, 2, 6, 8]
OFV: 2781.5	/ CPU: 0.727 seconds 	/ department sequence: [9, 3, 1, 7, 5, 10, 4, 2, 6, 8]
OFV: 2951.5	/ CPU: 0.578 seconds 	/ department sequence: [7, 10, 5, 8, 2, 4, 6, 1, 3, 9]
OFV: 2951.5	/ CPU: 0.617 seconds 	/ department sequence: [7, 10, 5, 8, 2, 4, 6, 1, 3, 9]
OFV: 2781.5	/ CPU: 1.054 seconds 	/ department sequence: [9, 3, 1, 7, 5, 10, 4, 2, 6, 8]
OFV: 2781.5	/ CPU: 0.595 seconds 	/ department sequence: [9, 3, 1, 7, 5, 10, 4, 2, 6, 8]
OFV: 2781.5	/ CPU: 0.594 seconds 	/ department sequence: [9, 3, 1, 7, 5, 10, 4, 2, 6, 8]
OFV: 2781.5	/ CPU: 0.586 seconds 	/ department sequence: [8, 6, 2, 4, 10, 5, 7, 1, 3, 9]
-- S10 result
--------------------------------------------
HostNestNum = 5, P_a = 0.0
--------------------------------------------
-- 2020-06-10 14:16 result data
OFV: 1351.0	/ CPU: 1.271 seconds 	/ department sequence: [8, 6, 2, 4, 10, 5, 7, 1, 9, 3]
OFV: 1351.0	/ CPU: 1.266 seconds 	/ department sequence: [6, 8, 2, 10, 4, 5, 7, 1, 9, 3]
OFV: 1351.0	/ CPU: 1.894 seconds 	/ department sequence: [9, 3, 1, 7, 10, 5, 2, 4, 6, 8]
OFV: 1351.0	/ CPU: 1.464 seconds 	/ department sequence: [8, 6, 2, 4, 10, 5, 7, 1, 9, 3]
OFV: 1351.0	/ CPU: 1.518 seconds 	/ department sequence: [6, 8, 2, 10, 4, 5, 7, 1, 9, 3]
OFV: 1351.0	/ CPU: 1.288 seconds 	/ department sequence: [8, 6, 2, 4, 10, 5, 7, 1, 9, 3]
OFV: 1366.5	/ CPU: 1.238 seconds 	/ department sequence: [8, 6, 2, 10, 4, 5, 1, 7, 3, 9]
OFV: 1351.0	/ CPU: 1.312 seconds 	/ department sequence: [9, 3, 1, 7, 10, 5, 2, 4, 6, 8]
OFV: 1351.0	/ CPU: 1.193 seconds 	/ department sequence: [3, 9, 1, 7, 10, 5, 4, 2, 6, 8]
OFV: 1351.0	/ CPU: 1.606 seconds 	/ department sequence: [8, 6, 2, 4, 10, 5, 7, 1, 9, 3]
