-- S10 result
--------------------------------------------
HostNestNum = 5, P_a = 0.25
--------------------------------------------
-- 2019-01-08 09:01 result data
OFV: 2781.5	/ CPU: 0.797 seconds 	/ department sequence: [9, 3, 1, 7, 5, 10, 4, 2, 6, 8]
OFV: 2781.5	/ CPU: 0.836 seconds 	/ department sequence: [9, 3, 1, 7, 5, 10, 4, 2, 6, 8]
OFV: 2781.5	/ CPU: 0.816 seconds 	/ department sequence: [8, 6, 2, 4, 10, 5, 7, 1, 3, 9]
OFV: 2781.5	/ CPU: 0.814 seconds 	/ department sequence: [8, 6, 2, 4, 10, 5, 7, 1, 3, 9]
OFV: 2781.5	/ CPU: 0.779 seconds 	/ department sequence: [8, 6, 2, 4, 10, 5, 7, 1, 3, 9]
OFV: 2781.5	/ CPU: 0.828 seconds 	/ department sequence: [8, 6, 2, 4, 10, 5, 7, 1, 3, 9]
OFV: 2781.5	/ CPU: 0.805 seconds 	/ department sequence: [9, 3, 1, 7, 5, 10, 4, 2, 6, 8]
OFV: 2781.5	/ CPU: 0.850 seconds 	/ department sequence: [9, 3, 1, 7, 5, 10, 4, 2, 6, 8]
OFV: 2781.5	/ CPU: 0.845 seconds 	/ department sequence: [8, 6, 2, 4, 10, 5, 7, 1, 3, 9]
OFV: 2781.5	/ CPU: 0.805 seconds 	/ department sequence: [8, 6, 2, 4, 10, 5, 7, 1, 3, 9]
-- S10 result
--------------------------------------------
HostNestNum = 5, P_a = 0.25
--------------------------------------------
-- 2020-06-08 16:41 result data
OFV: 1351.0	/ CPU: 4.004 seconds 	/ department sequence: [8, 6, 2, 4, 10, 5, 7, 1, 9, 3]
OFV: 1351.0	/ CPU: 4.296 seconds 	/ department sequence: [9, 3, 1, 7, 10, 5, 2, 4, 6, 8]
OFV: 1351.0	/ CPU: 4.305 seconds 	/ department sequence: [6, 8, 2, 10, 4, 5, 7, 1, 9, 3]
OFV: 1351.0	/ CPU: 4.039 seconds 	/ department sequence: [3, 9, 1, 7, 10, 5, 4, 2, 6, 8]
OFV: 1351.0	/ CPU: 3.995 seconds 	/ department sequence: [9, 3, 1, 7, 10, 5, 2, 4, 6, 8]
-- S10 result
--------------------------------------------
HostNestNum = 5, P_a = 0.25
--------------------------------------------
-- 2020-06-08 16:56 result data
OFV: 1351.0	/ CPU: 4.142 seconds 	/ department sequence: [8, 6, 2, 4, 10, 5, 7, 1, 9, 3]
OFV: 1351.0	/ CPU: 4.396 seconds 	/ department sequence: [6, 8, 2, 10, 4, 5, 7, 1, 9, 3]
OFV: 1351.0	/ CPU: 4.641 seconds 	/ department sequence: [9, 3, 1, 7, 10, 5, 2, 4, 6, 8]
OFV: 1351.0	/ CPU: 4.349 seconds 	/ department sequence: [3, 9, 1, 7, 10, 5, 4, 2, 6, 8]
OFV: 1351.0	/ CPU: 4.692 seconds 	/ department sequence: [8, 6, 2, 4, 10, 5, 7, 1, 9, 3]
-- S10 result
--------------------------------------------
HostNestNum = 5, P_a = 0.25
--------------------------------------------
-- 2020-06-08 22:09 result data
OFV: 1351.0	/ CPU: 3.873 seconds 	/ department sequence: [8, 6, 2, 4, 10, 5, 7, 1, 9, 3]
OFV: 1351.0	/ CPU: 4.112 seconds 	/ department sequence: [6, 8, 2, 10, 4, 5, 7, 1, 9, 3]
OFV: 1351.0	/ CPU: 3.891 seconds 	/ department sequence: [9, 3, 1, 7, 10, 5, 2, 4, 6, 8]
OFV: 1351.0	/ CPU: 4.625 seconds 	/ department sequence: [3, 9, 1, 7, 10, 5, 4, 2, 6, 8]
OFV: 1351.0	/ CPU: 4.000 seconds 	/ department sequence: [6, 8, 2, 10, 4, 5, 7, 1, 9, 3]
-- S10 result
--------------------------------------------
HostNestNum = 5, P_a = 0.25
--------------------------------------------
-- 2020-06-09 15:40 result data
OFV: 1351.0	/ CPU: 5.185 seconds 	/ department sequence: [6, 8, 2, 10, 4, 5, 7, 1, 9, 3]
OFV: 1351.0	/ CPU: 5.014 seconds 	/ department sequence: [9, 3, 1, 7, 10, 5, 2, 4, 6, 8]
OFV: 1351.0	/ CPU: 5.346 seconds 	/ department sequence: [3, 9, 1, 7, 10, 5, 4, 2, 6, 8]
OFV: 1351.0	/ CPU: 5.528 seconds 	/ department sequence: [9, 3, 1, 7, 10, 5, 2, 4, 6, 8]
OFV: 1351.0	/ CPU: 5.852 seconds 	/ department sequence: [9, 3, 1, 7, 10, 5, 2, 4, 6, 8]
