-- P17 result
--------------------------------------------
HostNestNum = 17, P_a = 0.0
--------------------------------------------
-- 2019-01-08 13:26 result data
OFV: 9709.0	/ CPU: 1.391 seconds 	/ department sequence: [9, 13, 15, 16, 8, 11, 14, 12, 2, 4, 7, 6, 5, 10, 3, 17, 1]
OFV: 9254.0	/ CPU: 2.106 seconds 	/ department sequence: [1, 17, 7, 15, 8, 12, 11, 4, 16, 2, 14, 5, 10, 6, 3, 13, 9]
OFV: 9277.0	/ CPU: 1.223 seconds 	/ department sequence: [9, 13, 3, 6, 10, 15, 14, 2, 12, 8, 16, 11, 4, 7, 5, 17, 1]
OFV: 9254.0	/ CPU: 1.383 seconds 	/ department sequence: [1, 17, 7, 15, 8, 12, 11, 4, 16, 2, 14, 5, 10, 6, 3, 13, 9]
OFV: 9254.0	/ CPU: 1.372 seconds 	/ department sequence: [9, 13, 3, 6, 10, 5, 14, 2, 16, 4, 11, 12, 8, 15, 7, 17, 1]
OFV: 9254.0	/ CPU: 1.310 seconds 	/ department sequence: [9, 13, 3, 6, 10, 5, 14, 2, 16, 4, 11, 12, 8, 15, 7, 17, 1]
OFV: 9661.0	/ CPU: 2.098 seconds 	/ department sequence: [9, 13, 17, 5, 6, 7, 4, 16, 11, 2, 14, 12, 8, 15, 10, 3, 1]
OFV: 9277.0	/ CPU: 1.262 seconds 	/ department sequence: [1, 17, 5, 7, 4, 11, 16, 8, 12, 2, 14, 15, 10, 6, 3, 13, 9]
OFV: 9661.0	/ CPU: 2.339 seconds 	/ department sequence: [9, 13, 17, 5, 6, 7, 4, 16, 11, 2, 14, 12, 8, 15, 10, 3, 1]
OFV: 9254.0	/ CPU: 1.315 seconds 	/ department sequence: [9, 13, 3, 6, 10, 5, 14, 2, 16, 4, 11, 12, 8, 15, 7, 17, 1]
-- P17 result
--------------------------------------------
HostNestNum = 17, P_a = 0.0
--------------------------------------------
-- 2020-03-18 20:48 result data
OFV: 9254.0	/ CPU: 9.921 seconds 	/ department sequence: [9, 13, 3, 6, 10, 5, 14, 2, 16, 4, 11, 12, 8, 15, 7, 17, 1]
-- P17 result
--------------------------------------------
HostNestNum = 17, P_a = 0.0
--------------------------------------------
-- 2020-03-18 20:48 result data
OFV: 9254.0	/ CPU: 10.617 seconds 	/ department sequence: [9, 13, 3, 6, 10, 5, 14, 2, 16, 4, 11, 12, 8, 15, 7, 17, 1]
-- P17 result
--------------------------------------------
HostNestNum = 17, P_a = 0.0
--------------------------------------------
-- 2020-03-18 20:48 result data
OFV: 9254.0	/ CPU: 8.837 seconds 	/ department sequence: [9, 13, 3, 6, 10, 5, 14, 2, 16, 4, 11, 12, 8, 15, 7, 17, 1]
-- P17 result
--------------------------------------------
HostNestNum = 17, P_a = 0.0
--------------------------------------------
-- 2020-03-18 20:48 result data
OFV: 9254.0	/ CPU: 9.650 seconds 	/ department sequence: [1, 17, 7, 15, 8, 12, 11, 4, 16, 2, 14, 5, 10, 6, 3, 13, 9]
-- P17 result
--------------------------------------------
HostNestNum = 17, P_a = 0.0
--------------------------------------------
-- 2020-03-18 20:48 result data
OFV: 9254.0	/ CPU: 6.320 seconds 	/ department sequence: [9, 13, 3, 6, 10, 5, 14, 2, 16, 4, 11, 12, 8, 15, 7, 17, 1]
-- P17 result
--------------------------------------------
HostNestNum = 17, P_a = 0.0
--------------------------------------------
-- 2020-03-18 20:57 result data
OFV: 9254.0	/ CPU: 10.684 seconds 	/ department sequence: [1, 17, 7, 15, 8, 12, 11, 4, 16, 2, 14, 5, 10, 6, 3, 13, 9]
-- P17 result
--------------------------------------------
HostNestNum = 17, P_a = 0.0
--------------------------------------------
-- 2020-03-18 20:57 result data
OFV: 9254.0	/ CPU: 9.068 seconds 	/ department sequence: [9, 13, 3, 6, 10, 5, 14, 2, 16, 4, 11, 12, 8, 15, 7, 17, 1]
-- P17 result
--------------------------------------------
HostNestNum = 17, P_a = 0.0
--------------------------------------------
-- 2020-03-18 20:57 result data
-- P17 result
--------------------------------------------
HostNestNum = 17, P_a = 0.0
--------------------------------------------
-- 2020-03-18 20:59 result data
OFV: 9254.0	/ CPU: 10.466 seconds 	/ department sequence: [9, 13, 3, 6, 10, 5, 14, 2, 16, 4, 11, 12, 8, 15, 7, 17, 1]
-- P17 result
--------------------------------------------
HostNestNum = 17, P_a = 0.0
--------------------------------------------
-- 2020-03-18 20:59 result data
OFV: 9254.0	/ CPU: 7.364 seconds 	/ department sequence: [9, 13, 3, 6, 10, 5, 14, 2, 16, 4, 11, 12, 8, 15, 7, 17, 1]
-- P17 result
--------------------------------------------
HostNestNum = 17, P_a = 0.0
--------------------------------------------
-- 2020-03-18 20:59 result data
OFV: 9254.0	/ CPU: 9.411 seconds 	/ department sequence: [9, 13, 3, 6, 10, 5, 14, 2, 16, 4, 11, 12, 8, 15, 7, 17, 1]
-- P17 result
--------------------------------------------
HostNestNum = 17, P_a = 0.0
--------------------------------------------
-- 2020-03-18 21:00 result data
OFV: 9254.0	/ CPU: 8.831 seconds 	/ department sequence: [9, 13, 3, 6, 10, 5, 14, 2, 16, 4, 11, 12, 8, 15, 7, 17, 1]
-- P17 result
--------------------------------------------
HostNestNum = 17, P_a = 0.0
--------------------------------------------
-- 2020-03-18 21:00 result data
OFV: 9254.0	/ CPU: 6.952 seconds 	/ department sequence: [1, 17, 7, 15, 8, 12, 11, 4, 16, 2, 14, 5, 10, 6, 3, 13, 9]
-- P17 result
--------------------------------------------
HostNestNum = 17, P_a = 0.0
--------------------------------------------
-- 2020-03-18 21:19 result data
OFV: 9254.0	/ CPU: 6.567 seconds 	/ department sequence: [1, 17, 7, 15, 8, 12, 11, 4, 16, 2, 14, 5, 10, 6, 3, 13, 9]
-- P17 result
--------------------------------------------
HostNestNum = 17, P_a = 0.0
--------------------------------------------
-- 2020-03-18 21:20 result data
OFV: 9254.0	/ CPU: 5.222 seconds 	/ department sequence: [1, 17, 7, 15, 8, 12, 11, 4, 16, 2, 14, 5, 10, 6, 3, 13, 9]
-- P17 result
--------------------------------------------
HostNestNum = 17, P_a = 0.0
--------------------------------------------
-- 2020-03-18 21:20 result data
OFV: 9254.0	/ CPU: 4.424 seconds 	/ department sequence: [9, 13, 3, 6, 10, 5, 14, 2, 16, 4, 11, 12, 8, 15, 7, 17, 1]
-- P17 result
--------------------------------------------
HostNestNum = 17, P_a = 0.0
--------------------------------------------
-- 2020-03-18 21:20 result data
OFV: 9254.0	/ CPU: 4.495 seconds 	/ department sequence: [1, 17, 7, 15, 8, 12, 11, 4, 16, 2, 14, 5, 10, 6, 3, 13, 9]
-- P17 result
--------------------------------------------
HostNestNum = 17, P_a = 0.0
--------------------------------------------
-- 2020-03-18 21:20 result data
OFV: 9254.0	/ CPU: 5.502 seconds 	/ department sequence: [1, 17, 7, 15, 8, 12, 11, 4, 16, 2, 14, 5, 10, 6, 3, 13, 9]
-- P17 result
--------------------------------------------
HostNestNum = 17, P_a = 0.0
--------------------------------------------
-- 2020-03-18 21:31 result data
OFV: 9254.0	/ CPU: 7.695 seconds 	/ department sequence: [9, 13, 3, 6, 10, 5, 14, 2, 16, 4, 11, 12, 8, 15, 7, 17, 1]
-- P17 result
--------------------------------------------
HostNestNum = 17, P_a = 0.0
--------------------------------------------
-- 2020-03-18 21:31 result data
OFV: 9254.0	/ CPU: 4.302 seconds 	/ department sequence: [1, 17, 7, 15, 8, 12, 11, 4, 16, 2, 14, 5, 10, 6, 3, 13, 9]
-- P17 result
--------------------------------------------
HostNestNum = 17, P_a = 0.0
--------------------------------------------
-- 2020-03-18 21:31 result data
OFV: 9254.0	/ CPU: 4.735 seconds 	/ department sequence: [1, 17, 7, 15, 8, 12, 11, 4, 16, 2, 14, 5, 10, 6, 3, 13, 9]
-- P17 result
--------------------------------------------
HostNestNum = 17, P_a = 0.0
--------------------------------------------
-- 2020-03-18 21:31 result data
OFV: 9254.0	/ CPU: 5.201 seconds 	/ department sequence: [1, 17, 7, 15, 8, 12, 11, 4, 16, 2, 14, 5, 10, 6, 3, 13, 9]
-- P17 result
--------------------------------------------
HostNestNum = 17, P_a = 0.0
--------------------------------------------
-- 2020-03-18 21:31 result data
OFV: 9254.0	/ CPU: 6.303 seconds 	/ department sequence: [1, 17, 7, 15, 8, 12, 11, 4, 16, 2, 14, 5, 10, 6, 3, 13, 9]
