-- P17 result
--------------------------------------------
HostNestNum = 20, P_a = 0.0
--------------------------------------------
-- 2019-01-08 13:32 result data
OFV: 9299.0	/ CPU: 1.233 seconds 	/ department sequence: [9, 13, 3, 6, 10, 5, 14, 2, 15, 12, 8, 16, 11, 4, 7, 17, 1]
OFV: 9277.0	/ CPU: 1.200 seconds 	/ department sequence: [1, 17, 5, 7, 4, 11, 16, 8, 12, 2, 14, 15, 10, 6, 3, 13, 9]
OFV: 9277.0	/ CPU: 3.611 seconds 	/ department sequence: [1, 17, 5, 7, 4, 11, 16, 8, 12, 2, 14, 15, 10, 6, 3, 13, 9]
OFV: 9649.0	/ CPU: 1.585 seconds 	/ department sequence: [1, 3, 7, 15, 12, 14, 2, 4, 11, 16, 8, 10, 6, 5, 17, 13, 9]
OFV: 9299.0	/ CPU: 1.400 seconds 	/ department sequence: [1, 17, 7, 4, 11, 16, 8, 12, 15, 2, 14, 5, 10, 6, 3, 13, 9]
OFV: 9254.0	/ CPU: 1.819 seconds 	/ department sequence: [1, 17, 7, 15, 8, 12, 11, 4, 16, 2, 14, 5, 10, 6, 3, 13, 9]
OFV: 9254.0	/ CPU: 1.683 seconds 	/ department sequence: [9, 13, 3, 6, 10, 5, 14, 2, 16, 4, 11, 12, 8, 15, 7, 17, 1]
OFV: 9662.0	/ CPU: 1.730 seconds 	/ department sequence: [9, 3, 10, 14, 16, 2, 15, 12, 8, 11, 4, 7, 6, 5, 13, 17, 1]
OFV: 9603.0	/ CPU: 2.076 seconds 	/ department sequence: [9, 3, 10, 16, 14, 11, 2, 4, 12, 8, 15, 7, 6, 5, 13, 17, 1]
OFV: 9299.0	/ CPU: 1.239 seconds 	/ department sequence: [9, 13, 3, 6, 10, 5, 14, 2, 15, 12, 8, 16, 11, 4, 7, 17, 1]
-- P17 result
--------------------------------------------
HostNestNum = 20, P_a = 0.0
--------------------------------------------
-- 2020-03-18 20:49 result data
OFV: 9254.0	/ CPU: 5.433 seconds 	/ department sequence: [9, 13, 3, 6, 10, 5, 14, 2, 16, 4, 11, 12, 8, 15, 7, 17, 1]
-- P17 result
--------------------------------------------
HostNestNum = 20, P_a = 0.0
--------------------------------------------
-- 2020-03-18 20:49 result data
OFV: 9254.0	/ CPU: 7.116 seconds 	/ department sequence: [9, 13, 3, 6, 10, 5, 14, 2, 16, 4, 11, 12, 8, 15, 7, 17, 1]
-- P17 result
--------------------------------------------
HostNestNum = 20, P_a = 0.0
--------------------------------------------
-- 2020-03-18 20:49 result data
OFV: 9254.0	/ CPU: 5.427 seconds 	/ department sequence: [9, 13, 3, 6, 10, 5, 14, 2, 16, 4, 11, 12, 8, 15, 7, 17, 1]
-- P17 result
--------------------------------------------
HostNestNum = 20, P_a = 0.0
--------------------------------------------
-- 2020-03-18 20:49 result data
OFV: 9254.0	/ CPU: 6.385 seconds 	/ department sequence: [9, 13, 3, 6, 10, 5, 14, 2, 16, 4, 11, 12, 8, 15, 7, 17, 1]
-- P17 result
--------------------------------------------
HostNestNum = 20, P_a = 0.0
--------------------------------------------
-- 2020-03-18 20:50 result data
OFV: 9257.0	/ CPU: 5.552 seconds 	/ department sequence: [1, 17, 7, 15, 8, 12, 11, 4, 2, 16, 14, 5, 10, 6, 3, 13, 9]
-- P17 result
--------------------------------------------
HostNestNum = 20, P_a = 0.0
--------------------------------------------
-- 2020-03-18 21:00 result data
OFV: 9254.0	/ CPU: 4.921 seconds 	/ department sequence: [9, 13, 3, 6, 10, 5, 14, 2, 16, 4, 11, 12, 8, 15, 7, 17, 1]
-- P17 result
--------------------------------------------
HostNestNum = 20, P_a = 0.0
--------------------------------------------
-- 2020-03-18 21:00 result data
OFV: 9254.0	/ CPU: 7.198 seconds 	/ department sequence: [1, 17, 7, 15, 8, 12, 11, 4, 16, 2, 14, 5, 10, 6, 3, 13, 9]
-- P17 result
--------------------------------------------
HostNestNum = 20, P_a = 0.0
--------------------------------------------
-- 2020-03-18 21:01 result data
OFV: 9254.0	/ CPU: 5.282 seconds 	/ department sequence: [1, 17, 7, 15, 8, 12, 11, 4, 16, 2, 14, 5, 10, 6, 3, 13, 9]
-- P17 result
--------------------------------------------
HostNestNum = 20, P_a = 0.0
--------------------------------------------
-- 2020-03-18 21:01 result data
OFV: 9254.0	/ CPU: 5.833 seconds 	/ department sequence: [9, 13, 3, 6, 10, 5, 14, 2, 16, 4, 11, 12, 8, 15, 7, 17, 1]
-- P17 result
--------------------------------------------
HostNestNum = 20, P_a = 0.0
--------------------------------------------
-- 2020-03-18 21:01 result data
OFV: 9254.0	/ CPU: 5.334 seconds 	/ department sequence: [9, 13, 3, 6, 10, 5, 14, 2, 16, 4, 11, 12, 8, 15, 7, 17, 1]
-- P17 result
--------------------------------------------
HostNestNum = 20, P_a = 0.0
--------------------------------------------
-- 2020-03-18 21:20 result data
OFV: 9254.0	/ CPU: 3.025 seconds 	/ department sequence: [1, 17, 7, 15, 8, 12, 11, 4, 16, 2, 14, 5, 10, 6, 3, 13, 9]
-- P17 result
--------------------------------------------
HostNestNum = 20, P_a = 0.0
--------------------------------------------
-- 2020-03-18 21:20 result data
OFV: 9254.0	/ CPU: 3.274 seconds 	/ department sequence: [1, 17, 7, 15, 8, 12, 11, 4, 16, 2, 14, 5, 10, 6, 3, 13, 9]
-- P17 result
--------------------------------------------
HostNestNum = 20, P_a = 0.0
--------------------------------------------
-- 2020-03-18 21:20 result data
OFV: 9254.0	/ CPU: 2.928 seconds 	/ department sequence: [1, 17, 7, 15, 8, 12, 11, 4, 16, 2, 14, 5, 10, 6, 3, 13, 9]
-- P17 result
--------------------------------------------
HostNestNum = 20, P_a = 0.0
--------------------------------------------
-- 2020-03-18 21:20 result data
OFV: 9254.0	/ CPU: 2.838 seconds 	/ department sequence: [1, 17, 7, 15, 8, 12, 11, 4, 16, 2, 14, 5, 10, 6, 3, 13, 9]
-- P17 result
--------------------------------------------
HostNestNum = 20, P_a = 0.0
--------------------------------------------
-- 2020-03-18 21:20 result data
OFV: 9254.0	/ CPU: 3.117 seconds 	/ department sequence: [9, 13, 3, 6, 10, 5, 14, 2, 16, 4, 11, 12, 8, 15, 7, 17, 1]
-- P17 result
--------------------------------------------
HostNestNum = 20, P_a = 0.0
--------------------------------------------
-- 2020-03-18 21:32 result data
OFV: 9254.0	/ CPU: 3.513 seconds 	/ department sequence: [1, 17, 7, 15, 8, 12, 11, 4, 16, 2, 14, 5, 10, 6, 3, 13, 9]
-- P17 result
--------------------------------------------
HostNestNum = 20, P_a = 0.0
--------------------------------------------
-- 2020-03-18 21:32 result data
OFV: 9254.0	/ CPU: 3.247 seconds 	/ department sequence: [1, 17, 7, 15, 8, 12, 11, 4, 16, 2, 14, 5, 10, 6, 3, 13, 9]
-- P17 result
--------------------------------------------
HostNestNum = 20, P_a = 0.0
--------------------------------------------
-- 2020-03-18 21:32 result data
OFV: 9254.0	/ CPU: 2.717 seconds 	/ department sequence: [9, 13, 3, 6, 10, 5, 14, 2, 16, 4, 11, 12, 8, 15, 7, 17, 1]
-- P17 result
--------------------------------------------
HostNestNum = 20, P_a = 0.0
--------------------------------------------
-- 2020-03-18 21:32 result data
OFV: 9254.0	/ CPU: 3.799 seconds 	/ department sequence: [9, 13, 3, 6, 10, 5, 14, 2, 16, 4, 11, 12, 8, 15, 7, 17, 1]
-- P17 result
--------------------------------------------
HostNestNum = 20, P_a = 0.0
--------------------------------------------
-- 2020-03-18 21:32 result data
OFV: 9254.0	/ CPU: 2.860 seconds 	/ department sequence: [9, 13, 3, 6, 10, 5, 14, 2, 16, 4, 11, 12, 8, 15, 7, 17, 1]
