-- P17 result
--------------------------------------------
HostNestNum = 5, P_a = 0.0
--------------------------------------------
-- 2020-03-09 23:17 result data
OFV: 9262.0	/ CPU: 3.098 seconds 	/ department sequence: [9, 13, 3, 6, 10, 5, 14, 16, 2, 11, 4, 12, 8, 15, 7, 17, 1]
OFV: 9283.0	/ CPU: 2.522 seconds 	/ department sequence: [1, 17, 5, 7, 15, 8, 12, 4, 11, 2, 16, 14, 10, 6, 3, 13, 9]
OFV: 9254.0	/ CPU: 1.607 seconds 	/ department sequence: [9, 13, 3, 6, 10, 5, 14, 2, 16, 4, 11, 12, 8, 15, 7, 17, 1]
OFV: 9266.0	/ CPU: 3.130 seconds 	/ department sequence: [9, 13, 3, 6, 10, 14, 16, 11, 4, 2, 12, 8, 15, 7, 5, 17, 1]
OFV: 9259.0	/ CPU: 1.837 seconds 	/ department sequence: [9, 13, 3, 6, 10, 5, 14, 2, 16, 11, 4, 12, 8, 15, 7, 17, 1]
OFV: 9254.0	/ CPU: 1.934 seconds 	/ department sequence: [9, 13, 3, 6, 10, 5, 14, 2, 16, 4, 11, 12, 8, 15, 7, 17, 1]
OFV: 9272.0	/ CPU: 1.823 seconds 	/ department sequence: [1, 17, 5, 7, 15, 8, 12, 4, 2, 11, 14, 16, 10, 6, 3, 13, 9]
OFV: 9254.0	/ CPU: 2.040 seconds 	/ department sequence: [9, 13, 3, 6, 10, 5, 14, 2, 16, 4, 11, 12, 8, 15, 7, 17, 1]
OFV: 9257.0	/ CPU: 1.777 seconds 	/ department sequence: [9, 13, 3, 6, 10, 5, 14, 16, 2, 4, 11, 12, 8, 15, 7, 17, 1]
OFV: 9254.0	/ CPU: 1.765 seconds 	/ department sequence: [1, 17, 7, 15, 8, 12, 11, 4, 16, 2, 14, 5, 10, 6, 3, 13, 9]
-- P17 result
--------------------------------------------
HostNestNum = 5, P_a = 0.0
--------------------------------------------
-- 2020-03-10 14:10 result data
-- P17 result
--------------------------------------------
HostNestNum = 5, P_a = 0.0
--------------------------------------------
-- 2020-03-10 14:14 result data
-- P17 result
--------------------------------------------
HostNestNum = 5, P_a = 0.0
--------------------------------------------
-- 2020-03-11 02:42 result data
-- P17 result
--------------------------------------------
HostNestNum = 5, P_a = 0.0
--------------------------------------------
-- 2020-03-11 02:57 result data
-- P17 result
--------------------------------------------
HostNestNum = 5, P_a = 0.0
--------------------------------------------
-- 2020-03-11 03:13 result data
-- P17 result
--------------------------------------------
HostNestNum = 5, P_a = 0.0
--------------------------------------------
-- 2020-03-11 03:19 result data
OFV: 9685.0	/ CPU: 133.529 seconds 	/ department sequence: [9, 13, 3, 10, 14, 15, 6, 12, 2, 16, 4, 8, 11, 7, 5, 17, 1]
-- P17 result
--------------------------------------------
HostNestNum = 5, P_a = 0.0
--------------------------------------------
-- 2020-03-11 03:30 result data
OFV: 9254.0	/ CPU: 63.723 seconds 	/ department sequence: [3, 9, 13, 6, 10, 5, 16, 14, 2, 15, 12, 8, 4, 11, 7, 1, 17]
OFV: 9254.0	/ CPU: 41.166 seconds 	/ department sequence: [1, 7, 15, 11, 4, 16, 2, 14, 12, 5, 8, 10, 17, 6, 3, 9, 13]
-- P17 result
--------------------------------------------
HostNestNum = 5, P_a = 0.0
--------------------------------------------
-- 2020-03-11 03:35 result data
OFV: 9254.0	/ CPU: 52.470 seconds 	/ department sequence: [13, 9, 3, 6, 16, 14, 10, 4, 11, 2, 8, 12, 5, 15, 7, 17, 1]
-- P17 result
--------------------------------------------
HostNestNum = 5, P_a = 0.0
--------------------------------------------
-- 2020-03-11 03:36 result data
OFV: 9259.0	/ CPU: 20.692 seconds 	/ department sequence: [1, 17, 7, 15, 2, 4, 11, 12, 14, 16, 8, 10, 5, 3, 9, 6, 13]
-- P17 result
--------------------------------------------
HostNestNum = 5, P_a = 0.0
--------------------------------------------
-- 2020-03-11 03:37 result data
OFV: 9254.0	/ CPU: 22.234 seconds 	/ department sequence: [1, 17, 7, 11, 16, 4, 8, 15, 12, 2, 5, 14, 10, 6, 3, 13, 9]
OFV: 9254.0	/ CPU: 24.246 seconds 	/ department sequence: [1, 17, 7, 4, 16, 8, 11, 12, 14, 2, 15, 10, 6, 5, 3, 9, 13]
-- P17 result
--------------------------------------------
HostNestNum = 5, P_a = 0.0
--------------------------------------------
-- 2020-03-11 03:39 result data
OFV: 9257.0	/ CPU: 7.280 seconds 	/ department sequence: [17, 1, 7, 5, 4, 8, 11, 12, 16, 15, 2, 14, 6, 10, 13, 3, 9]
OFV: 9254.0	/ CPU: 5.664 seconds 	/ department sequence: [13, 9, 3, 6, 10, 14, 2, 12, 15, 8, 4, 11, 16, 7, 5, 1, 17]
OFV: 9254.0	/ CPU: 3.283 seconds 	/ department sequence: [13, 14, 9, 3, 10, 6, 12, 16, 8, 11, 15, 4, 2, 5, 7, 1, 17]
OFV: 9254.0	/ CPU: 5.270 seconds 	/ department sequence: [9, 13, 3, 6, 5, 10, 2, 14, 12, 11, 16, 8, 4, 17, 7, 15, 1]
OFV: 9254.0	/ CPU: 3.764 seconds 	/ department sequence: [13, 9, 3, 6, 10, 16, 14, 11, 2, 4, 15, 12, 8, 7, 5, 17, 1]
OFV: 9254.0	/ CPU: 3.594 seconds 	/ department sequence: [9, 3, 13, 10, 5, 6, 16, 14, 2, 4, 11, 12, 8, 15, 17, 7, 1]
OFV: 9254.0	/ CPU: 6.583 seconds 	/ department sequence: [9, 13, 3, 6, 10, 14, 16, 11, 15, 4, 2, 12, 8, 7, 5, 1, 17]
OFV: 9254.0	/ CPU: 3.091 seconds 	/ department sequence: [13, 3, 9, 6, 10, 5, 15, 8, 14, 12, 2, 4, 11, 16, 7, 17, 1]
OFV: 9254.0	/ CPU: 7.072 seconds 	/ department sequence: [1, 17, 7, 4, 11, 16, 8, 12, 15, 2, 14, 5, 10, 3, 6, 13, 9]
OFV: 9254.0	/ CPU: 4.551 seconds 	/ department sequence: [17, 1, 7, 15, 4, 2, 12, 8, 11, 16, 14, 10, 5, 3, 6, 9, 13]
-- P17 result
--------------------------------------------
HostNestNum = 5, P_a = 0.0
--------------------------------------------
-- 2020-03-13 12:52 result data
-- P17 result
--------------------------------------------
HostNestNum = 5, P_a = 0.0
--------------------------------------------
-- 2020-03-13 12:54 result data
-- P17 result
--------------------------------------------
HostNestNum = 5, P_a = 0.0
--------------------------------------------
-- 2020-03-15 18:59 result data
-- P17 result
--------------------------------------------
HostNestNum = 5, P_a = 0.0
--------------------------------------------
-- 2020-03-15 19:02 result data
-- P17 result
--------------------------------------------
HostNestNum = 5, P_a = 0.0
--------------------------------------------
-- 2020-03-15 19:03 result data
-- P17 result
--------------------------------------------
HostNestNum = 5, P_a = 0.0
--------------------------------------------
-- 2020-03-15 19:04 result data
-- P17 result
--------------------------------------------
HostNestNum = 5, P_a = 0.0
--------------------------------------------
-- 2020-03-15 19:05 result data
-- P17 result
--------------------------------------------
HostNestNum = 5, P_a = 0.0
--------------------------------------------
-- 2020-03-15 19:05 result data
-- P17 result
--------------------------------------------
HostNestNum = 5, P_a = 0.0
--------------------------------------------
-- 2020-03-15 19:11 result data
-- P17 result
--------------------------------------------
HostNestNum = 5, P_a = 0.0
--------------------------------------------
-- 2020-03-16 11:01 result data
-- P17 result
--------------------------------------------
HostNestNum = 5, P_a = 0.0
--------------------------------------------
-- 2020-03-16 11:03 result data
OFV: 13623.0	/ CPU: 18.652 seconds 	/ department sequence: [1, 12, 9, 14, 4, 2, 10, 8, 3, 7, 11, 6, 16, 13, 15, 5, 17]
OFV: 14026.0	/ CPU: 11.022 seconds 	/ department sequence: [1, 7, 2, 11, 15, 16, 5, 12, 13, 8, 17, 14, 9, 4, 6, 3, 10]
OFV: 14348.0	/ CPU: 8.567 seconds 	/ department sequence: [6, 11, 1, 15, 10, 17, 16, 13, 2, 14, 12, 7, 4, 3, 5, 9, 8]
