-- P17 result
--------------------------------------------
HostNestNum = 20, P_a = 0.2
--------------------------------------------
-- 2019-01-08 13:33 result data
OFV: 9603.0	/ CPU: 4.621 seconds 	/ department sequence: [9, 3, 10, 16, 14, 11, 2, 4, 12, 8, 15, 7, 6, 5, 13, 17, 1]
OFV: 9299.0	/ CPU: 3.469 seconds 	/ department sequence: [9, 13, 3, 6, 10, 5, 14, 2, 15, 12, 8, 16, 11, 4, 7, 17, 1]
OFV: 9266.0	/ CPU: 3.556 seconds 	/ department sequence: [9, 13, 3, 6, 10, 14, 16, 11, 2, 4, 12, 8, 15, 7, 5, 17, 1]
OFV: 9254.0	/ CPU: 3.325 seconds 	/ department sequence: [9, 13, 3, 6, 10, 5, 14, 2, 16, 4, 11, 12, 8, 15, 7, 17, 1]
OFV: 9277.0	/ CPU: 4.052 seconds 	/ department sequence: [1, 17, 5, 7, 4, 11, 16, 8, 12, 2, 14, 15, 10, 6, 3, 13, 9]
OFV: 9277.0	/ CPU: 3.477 seconds 	/ department sequence: [9, 13, 3, 6, 10, 15, 14, 2, 12, 8, 16, 11, 4, 7, 5, 17, 1]
OFV: 9254.0	/ CPU: 5.053 seconds 	/ department sequence: [1, 17, 7, 15, 8, 12, 11, 4, 16, 2, 14, 5, 10, 6, 3, 13, 9]
OFV: 9254.0	/ CPU: 3.536 seconds 	/ department sequence: [1, 17, 7, 15, 8, 12, 11, 4, 16, 2, 14, 5, 10, 6, 3, 13, 9]
OFV: 9254.0	/ CPU: 4.031 seconds 	/ department sequence: [9, 13, 3, 6, 10, 5, 14, 2, 16, 4, 11, 12, 8, 15, 7, 17, 1]
OFV: 9277.0	/ CPU: 3.380 seconds 	/ department sequence: [9, 13, 3, 6, 10, 15, 14, 2, 12, 8, 16, 11, 4, 7, 5, 17, 1]
-- P17 result
--------------------------------------------
HostNestNum = 20, P_a = 0.2
--------------------------------------------
-- 2020-03-18 19:56 result data
OFV: 9254.0	/ CPU: 3.366 seconds 	/ department sequence: [9, 13, 3, 6, 10, 5, 14, 2, 16, 4, 11, 12, 8, 15, 7, 17, 1]
OFV: 9295.0	/ CPU: 3.373 seconds 	/ department sequence: [9, 13, 3, 6, 10, 15, 14, 2, 12, 8, 16, 11, 4, 7, 5, 17, 1]
OFV: 9277.0	/ CPU: 3.195 seconds 	/ department sequence: [9, 13, 3, 6, 10, 15, 14, 2, 12, 8, 16, 11, 4, 7, 5, 17, 1]
OFV: 9254.0	/ CPU: 3.391 seconds 	/ department sequence: [1, 17, 7, 15, 8, 12, 11, 4, 16, 2, 14, 5, 10, 6, 3, 13, 9]
OFV: 9254.0	/ CPU: 3.341 seconds 	/ department sequence: [1, 17, 7, 15, 8, 12, 11, 4, 16, 2, 14, 5, 10, 6, 3, 13, 9]
OFV: 9254.0	/ CPU: 3.373 seconds 	/ department sequence: [1, 17, 7, 15, 8, 12, 11, 4, 16, 2, 14, 5, 10, 6, 3, 13, 9]
OFV: 9254.0	/ CPU: 3.200 seconds 	/ department sequence: [1, 17, 7, 15, 8, 12, 11, 4, 16, 2, 14, 5, 10, 6, 3, 13, 9]
OFV: 9254.0	/ CPU: 3.660 seconds 	/ department sequence: [9, 13, 3, 6, 10, 5, 14, 2, 16, 4, 11, 12, 8, 15, 7, 17, 1]
OFV: 9254.0	/ CPU: 3.525 seconds 	/ department sequence: [9, 13, 3, 6, 10, 5, 14, 2, 16, 4, 11, 12, 8, 15, 7, 17, 1]
OFV: 9254.0	/ CPU: 3.399 seconds 	/ department sequence: [9, 13, 3, 6, 10, 5, 14, 2, 16, 4, 11, 12, 8, 15, 7, 17, 1]
-- P17 result
--------------------------------------------
HostNestNum = 20, P_a = 0.2
--------------------------------------------
-- 2020-03-18 20:13 result data
OFV: 9254.0	/ CPU: 6.338 seconds 	/ department sequence: [1, 17, 7, 15, 8, 12, 11, 4, 16, 2, 14, 5, 10, 6, 3, 13, 9]
OFV: 9254.0	/ CPU: 2.963 seconds 	/ department sequence: [1, 17, 7, 15, 8, 12, 11, 4, 16, 2, 14, 5, 10, 6, 3, 13, 9]
OFV: 9277.0	/ CPU: 3.206 seconds 	/ department sequence: [1, 17, 5, 7, 4, 11, 16, 8, 12, 2, 14, 15, 10, 6, 3, 13, 9]
OFV: 9254.0	/ CPU: 3.310 seconds 	/ department sequence: [9, 13, 3, 6, 10, 5, 14, 2, 16, 4, 11, 12, 8, 15, 7, 17, 1]
OFV: 9254.0	/ CPU: 3.313 seconds 	/ department sequence: [9, 13, 3, 6, 10, 5, 14, 2, 16, 4, 11, 12, 8, 15, 7, 17, 1]
OFV: 9254.0	/ CPU: 3.655 seconds 	/ department sequence: [9, 13, 3, 6, 10, 5, 14, 2, 16, 4, 11, 12, 8, 15, 7, 17, 1]
OFV: 9254.0	/ CPU: 3.465 seconds 	/ department sequence: [1, 17, 7, 15, 8, 12, 11, 4, 16, 2, 14, 5, 10, 6, 3, 13, 9]
OFV: 9254.0	/ CPU: 3.184 seconds 	/ department sequence: [9, 13, 3, 6, 10, 5, 14, 2, 16, 4, 11, 12, 8, 15, 7, 17, 1]
OFV: 9254.0	/ CPU: 3.940 seconds 	/ department sequence: [1, 17, 7, 15, 8, 12, 11, 4, 16, 2, 14, 5, 10, 6, 3, 13, 9]
OFV: 9254.0	/ CPU: 3.254 seconds 	/ department sequence: [1, 17, 7, 15, 8, 12, 11, 4, 16, 2, 14, 5, 10, 6, 3, 13, 9]
-- P17 result
--------------------------------------------
HostNestNum = 20, P_a = 0.2
--------------------------------------------
-- 2020-03-18 20:50 result data
OFV: 9254.0	/ CPU: 8.845 seconds 	/ department sequence: [1, 17, 7, 15, 8, 12, 11, 4, 16, 2, 14, 5, 10, 6, 3, 13, 9]
-- P17 result
--------------------------------------------
HostNestNum = 20, P_a = 0.2
--------------------------------------------
-- 2020-03-18 20:50 result data
OFV: 9254.0	/ CPU: 7.573 seconds 	/ department sequence: [9, 13, 3, 6, 10, 5, 14, 2, 16, 4, 11, 12, 8, 15, 7, 17, 1]
-- P17 result
--------------------------------------------
HostNestNum = 20, P_a = 0.2
--------------------------------------------
-- 2020-03-18 20:50 result data
OFV: 9254.0	/ CPU: 9.255 seconds 	/ department sequence: [9, 13, 3, 6, 10, 5, 14, 2, 16, 4, 11, 12, 8, 15, 7, 17, 1]
-- P17 result
--------------------------------------------
HostNestNum = 20, P_a = 0.2
--------------------------------------------
-- 2020-03-18 20:50 result data
OFV: 9254.0	/ CPU: 11.419 seconds 	/ department sequence: [9, 13, 3, 6, 10, 5, 14, 2, 16, 4, 11, 12, 8, 15, 7, 17, 1]
-- P17 result
--------------------------------------------
HostNestNum = 20, P_a = 0.2
--------------------------------------------
-- 2020-03-18 20:50 result data
OFV: 9254.0	/ CPU: 8.655 seconds 	/ department sequence: [1, 17, 7, 15, 8, 12, 11, 4, 16, 2, 14, 5, 10, 6, 3, 13, 9]
-- P17 result
--------------------------------------------
HostNestNum = 20, P_a = 0.2
--------------------------------------------
-- 2020-03-18 21:01 result data
OFV: 9254.0	/ CPU: 7.960 seconds 	/ department sequence: [9, 13, 3, 6, 10, 5, 14, 2, 16, 4, 11, 12, 8, 15, 7, 17, 1]
-- P17 result
--------------------------------------------
HostNestNum = 20, P_a = 0.2
--------------------------------------------
-- 2020-03-18 21:01 result data
OFV: 9254.0	/ CPU: 7.416 seconds 	/ department sequence: [9, 13, 3, 6, 10, 5, 14, 2, 16, 4, 11, 12, 8, 15, 7, 17, 1]
-- P17 result
--------------------------------------------
HostNestNum = 20, P_a = 0.2
--------------------------------------------
-- 2020-03-18 21:01 result data
OFV: 9254.0	/ CPU: 6.501 seconds 	/ department sequence: [1, 17, 7, 15, 8, 12, 11, 4, 16, 2, 14, 5, 10, 6, 3, 13, 9]
-- P17 result
--------------------------------------------
HostNestNum = 20, P_a = 0.2
--------------------------------------------
-- 2020-03-18 21:01 result data
OFV: 9254.0	/ CPU: 6.824 seconds 	/ department sequence: [1, 17, 7, 15, 8, 12, 11, 4, 16, 2, 14, 5, 10, 6, 3, 13, 9]
-- P17 result
--------------------------------------------
HostNestNum = 20, P_a = 0.2
--------------------------------------------
-- 2020-03-18 21:01 result data
OFV: 9254.0	/ CPU: 7.856 seconds 	/ department sequence: [1, 17, 7, 15, 8, 12, 11, 4, 16, 2, 14, 5, 10, 6, 3, 13, 9]
-- P17 result
--------------------------------------------
HostNestNum = 20, P_a = 0.2
--------------------------------------------
-- 2020-03-18 21:21 result data
OFV: 9254.0	/ CPU: 3.943 seconds 	/ department sequence: [9, 13, 3, 6, 10, 5, 14, 2, 16, 4, 11, 12, 8, 15, 7, 17, 1]
-- P17 result
--------------------------------------------
HostNestNum = 20, P_a = 0.2
--------------------------------------------
-- 2020-03-18 21:21 result data
OFV: 9254.0	/ CPU: 3.756 seconds 	/ department sequence: [9, 13, 3, 6, 10, 5, 14, 2, 16, 4, 11, 12, 8, 15, 7, 17, 1]
-- P17 result
--------------------------------------------
HostNestNum = 20, P_a = 0.2
--------------------------------------------
-- 2020-03-18 21:21 result data
OFV: 9254.0	/ CPU: 4.257 seconds 	/ department sequence: [1, 17, 7, 15, 8, 12, 11, 4, 16, 2, 14, 5, 10, 6, 3, 13, 9]
-- P17 result
--------------------------------------------
HostNestNum = 20, P_a = 0.2
--------------------------------------------
-- 2020-03-18 21:21 result data
OFV: 9254.0	/ CPU: 4.814 seconds 	/ department sequence: [1, 17, 7, 15, 8, 12, 11, 4, 16, 2, 14, 5, 10, 6, 3, 13, 9]
-- P17 result
--------------------------------------------
HostNestNum = 20, P_a = 0.2
--------------------------------------------
-- 2020-03-18 21:21 result data
OFV: 9254.0	/ CPU: 4.813 seconds 	/ department sequence: [1, 17, 7, 15, 8, 12, 11, 4, 16, 2, 14, 5, 10, 6, 3, 13, 9]
-- P17 result
--------------------------------------------
HostNestNum = 20, P_a = 0.2
--------------------------------------------
-- 2020-03-18 21:32 result data
OFV: 9254.0	/ CPU: 4.742 seconds 	/ department sequence: [1, 17, 7, 15, 8, 12, 11, 4, 16, 2, 14, 5, 10, 6, 3, 13, 9]
-- P17 result
--------------------------------------------
HostNestNum = 20, P_a = 0.2
--------------------------------------------
-- 2020-03-18 21:32 result data
OFV: 9254.0	/ CPU: 4.065 seconds 	/ department sequence: [9, 13, 3, 6, 10, 5, 14, 2, 16, 4, 11, 12, 8, 15, 7, 17, 1]
-- P17 result
--------------------------------------------
HostNestNum = 20, P_a = 0.2
--------------------------------------------
-- 2020-03-18 21:32 result data
OFV: 9254.0	/ CPU: 4.123 seconds 	/ department sequence: [9, 13, 3, 6, 10, 5, 14, 2, 16, 4, 11, 12, 8, 15, 7, 17, 1]
-- P17 result
--------------------------------------------
HostNestNum = 20, P_a = 0.2
--------------------------------------------
-- 2020-03-18 21:32 result data
OFV: 9254.0	/ CPU: 4.349 seconds 	/ department sequence: [9, 13, 3, 6, 10, 5, 14, 2, 16, 4, 11, 12, 8, 15, 7, 17, 1]
-- P17 result
--------------------------------------------
HostNestNum = 20, P_a = 0.2
--------------------------------------------
-- 2020-03-18 21:32 result data
OFV: 9254.0	/ CPU: 4.854 seconds 	/ department sequence: [1, 17, 7, 15, 8, 12, 11, 4, 16, 2, 14, 5, 10, 6, 3, 13, 9]
