-- P17 result
--------------------------------------------
HostNestNum = 17, P_a = 0.2
--------------------------------------------
-- 2019-01-08 13:28 result data
OFV: 9277.0	/ CPU: 4.818 seconds 	/ department sequence: [9, 13, 3, 6, 10, 15, 14, 2, 12, 8, 16, 11, 4, 7, 5, 17, 1]
OFV: 9254.0	/ CPU: 3.064 seconds 	/ department sequence: [9, 13, 3, 6, 10, 5, 14, 2, 16, 4, 11, 12, 8, 15, 7, 17, 1]
OFV: 9254.0	/ CPU: 4.852 seconds 	/ department sequence: [9, 13, 3, 6, 10, 5, 14, 2, 16, 4, 11, 12, 8, 15, 7, 17, 1]
OFV: 9649.0	/ CPU: 3.422 seconds 	/ department sequence: [1, 3, 7, 15, 12, 14, 2, 4, 11, 16, 8, 10, 6, 5, 17, 13, 9]
OFV: 9603.0	/ CPU: 4.114 seconds 	/ department sequence: [9, 3, 10, 16, 14, 11, 2, 4, 12, 8, 15, 7, 6, 5, 13, 17, 1]
OFV: 9254.0	/ CPU: 2.922 seconds 	/ department sequence: [9, 13, 3, 6, 10, 5, 14, 2, 16, 4, 11, 12, 8, 15, 7, 17, 1]
OFV: 9254.0	/ CPU: 2.896 seconds 	/ department sequence: [1, 17, 7, 15, 8, 12, 11, 4, 16, 2, 14, 5, 10, 6, 3, 13, 9]
OFV: 9254.0	/ CPU: 3.675 seconds 	/ department sequence: [1, 17, 7, 15, 8, 12, 11, 4, 16, 2, 14, 5, 10, 6, 3, 13, 9]
OFV: 9277.0	/ CPU: 2.892 seconds 	/ department sequence: [1, 17, 5, 7, 4, 11, 16, 8, 12, 2, 14, 15, 10, 6, 3, 13, 9]
OFV: 9277.0	/ CPU: 3.143 seconds 	/ department sequence: [1, 17, 5, 7, 4, 11, 16, 8, 12, 2, 14, 15, 10, 6, 3, 13, 9]
-- P17 result
--------------------------------------------
HostNestNum = 17, P_a = 0.2
--------------------------------------------
-- 2020-03-17 23:57 result data
OFV: 9266.0	/ CPU: 3.302 seconds 	/ department sequence: [1, 17, 5, 7, 15, 8, 12, 4, 2, 11, 16, 14, 10, 6, 3, 13, 9]
OFV: 9257.0	/ CPU: 3.919 seconds 	/ department sequence: [9, 13, 3, 6, 10, 5, 14, 2, 16, 4, 11, 12, 8, 15, 7, 17, 1]
OFV: 9254.0	/ CPU: 3.796 seconds 	/ department sequence: [9, 13, 3, 6, 10, 5, 14, 2, 16, 4, 11, 12, 8, 15, 7, 17, 1]
OFV: 9276.0	/ CPU: 3.960 seconds 	/ department sequence: [1, 17, 5, 7, 15, 8, 12, 11, 4, 2, 16, 14, 10, 6, 3, 13, 9]
OFV: 9277.0	/ CPU: 3.889 seconds 	/ department sequence: [9, 13, 3, 6, 10, 15, 14, 2, 12, 8, 16, 11, 4, 7, 5, 17, 1]
OFV: 9400.0	/ CPU: 4.525 seconds 	/ department sequence: [9, 13, 3, 6, 10, 5, 8, 14, 12, 2, 15, 16, 11, 4, 7, 17, 1]
OFV: 9357.0	/ CPU: 2.901 seconds 	/ department sequence: [1, 17, 5, 7, 4, 11, 16, 2, 12, 14, 8, 15, 10, 6, 3, 13, 9]
OFV: 9254.0	/ CPU: 5.379 seconds 	/ department sequence: [1, 17, 7, 15, 8, 12, 11, 4, 16, 2, 14, 5, 10, 6, 3, 13, 9]
OFV: 9254.0	/ CPU: 2.193 seconds 	/ department sequence: [9, 13, 3, 6, 10, 5, 14, 2, 16, 4, 11, 12, 8, 15, 7, 17, 1]
OFV: 9254.0	/ CPU: 2.627 seconds 	/ department sequence: [9, 13, 3, 6, 10, 5, 14, 2, 16, 4, 11, 12, 8, 15, 7, 17, 1]
-- P17 result
--------------------------------------------
HostNestNum = 17, P_a = 0.2
--------------------------------------------
-- 2020-03-18 19:54 result data
OFV: 9254.0	/ CPU: 5.936 seconds 	/ department sequence: [1, 17, 7, 15, 8, 12, 11, 4, 16, 2, 14, 5, 10, 6, 3, 13, 9]
OFV: 9254.0	/ CPU: 5.336 seconds 	/ department sequence: [1, 17, 7, 15, 8, 12, 11, 4, 16, 2, 14, 5, 10, 6, 3, 13, 9]
OFV: 9254.0	/ CPU: 5.583 seconds 	/ department sequence: [1, 17, 7, 15, 8, 12, 11, 4, 16, 2, 14, 5, 10, 6, 3, 13, 9]
OFV: 9254.0	/ CPU: 5.555 seconds 	/ department sequence: [1, 17, 7, 15, 8, 12, 11, 4, 16, 2, 14, 5, 10, 6, 3, 13, 9]
OFV: 9254.0	/ CPU: 5.723 seconds 	/ department sequence: [9, 13, 3, 6, 10, 5, 14, 2, 16, 4, 11, 12, 8, 15, 7, 17, 1]
OFV: 9254.0	/ CPU: 5.749 seconds 	/ department sequence: [1, 17, 7, 15, 8, 12, 11, 4, 16, 2, 14, 5, 10, 6, 3, 13, 9]
OFV: 9277.0	/ CPU: 5.246 seconds 	/ department sequence: [1, 17, 5, 7, 4, 11, 16, 8, 12, 2, 14, 15, 10, 6, 3, 13, 9]
OFV: 9254.0	/ CPU: 4.675 seconds 	/ department sequence: [9, 13, 3, 6, 10, 5, 14, 2, 16, 4, 11, 12, 8, 15, 7, 17, 1]
OFV: 9277.0	/ CPU: 3.298 seconds 	/ department sequence: [1, 17, 5, 7, 4, 11, 16, 8, 12, 2, 14, 15, 10, 6, 3, 13, 9]
OFV: 9254.0	/ CPU: 3.553 seconds 	/ department sequence: [9, 13, 3, 6, 10, 5, 14, 2, 16, 4, 11, 12, 8, 15, 7, 17, 1]
-- P17 result
--------------------------------------------
HostNestNum = 17, P_a = 0.2
--------------------------------------------
-- 2020-03-18 20:04 result data
OFV: 9254.0	/ CPU: 5.990 seconds 	/ department sequence: [1, 17, 7, 15, 8, 12, 11, 4, 16, 2, 14, 5, 10, 6, 3, 13, 9]
OFV: 9254.0	/ CPU: 4.317 seconds 	/ department sequence: [9, 13, 3, 6, 10, 5, 14, 2, 16, 4, 11, 12, 8, 15, 7, 17, 1]
OFV: 9254.0	/ CPU: 4.744 seconds 	/ department sequence: [9, 13, 3, 6, 10, 5, 14, 2, 16, 4, 11, 12, 8, 15, 7, 17, 1]
OFV: 9277.0	/ CPU: 4.743 seconds 	/ department sequence: [9, 13, 3, 6, 10, 15, 14, 2, 12, 8, 16, 11, 4, 7, 5, 17, 1]
OFV: 9277.0	/ CPU: 5.460 seconds 	/ department sequence: [1, 17, 5, 7, 4, 11, 16, 8, 12, 2, 14, 15, 10, 6, 3, 13, 9]
OFV: 9254.0	/ CPU: 5.064 seconds 	/ department sequence: [1, 17, 7, 15, 8, 12, 11, 4, 16, 2, 14, 5, 10, 6, 3, 13, 9]
OFV: 9277.0	/ CPU: 4.450 seconds 	/ department sequence: [1, 17, 5, 7, 4, 11, 16, 8, 12, 2, 14, 15, 10, 6, 3, 13, 9]
OFV: 9254.0	/ CPU: 4.870 seconds 	/ department sequence: [9, 13, 3, 6, 10, 5, 14, 2, 16, 4, 11, 12, 8, 15, 7, 17, 1]
OFV: 9277.0	/ CPU: 3.850 seconds 	/ department sequence: [9, 13, 3, 6, 10, 15, 14, 2, 12, 8, 16, 11, 4, 7, 5, 17, 1]
OFV: 9277.0	/ CPU: 2.675 seconds 	/ department sequence: [1, 17, 5, 7, 4, 11, 16, 8, 12, 2, 14, 15, 10, 6, 3, 13, 9]
-- P17 result
--------------------------------------------
HostNestNum = 17, P_a = 0.2
--------------------------------------------
-- 2020-03-18 20:07 result data
OFV: 9254.0	/ CPU: 6.453 seconds 	/ department sequence: [9, 13, 3, 6, 10, 5, 14, 2, 16, 4, 11, 12, 8, 15, 7, 17, 1]
OFV: 9277.0	/ CPU: 3.914 seconds 	/ department sequence: [9, 13, 3, 6, 10, 15, 14, 2, 12, 8, 16, 11, 4, 7, 5, 17, 1]
OFV: 9277.0	/ CPU: 4.805 seconds 	/ department sequence: [1, 17, 5, 7, 4, 11, 16, 8, 12, 2, 14, 15, 10, 6, 3, 13, 9]
OFV: 9254.0	/ CPU: 4.671 seconds 	/ department sequence: [9, 13, 3, 6, 10, 5, 14, 2, 16, 4, 11, 12, 8, 15, 7, 17, 1]
OFV: 9254.0	/ CPU: 6.292 seconds 	/ department sequence: [1, 17, 7, 15, 8, 12, 11, 4, 16, 2, 14, 5, 10, 6, 3, 13, 9]
OFV: 9277.0	/ CPU: 4.401 seconds 	/ department sequence: [9, 13, 3, 6, 10, 15, 14, 2, 12, 8, 16, 11, 4, 7, 5, 17, 1]
OFV: 9254.0	/ CPU: 4.897 seconds 	/ department sequence: [9, 13, 3, 6, 10, 5, 14, 2, 16, 4, 11, 12, 8, 15, 7, 17, 1]
OFV: 9254.0	/ CPU: 7.063 seconds 	/ department sequence: [1, 17, 7, 15, 8, 12, 11, 4, 16, 2, 14, 5, 10, 6, 3, 13, 9]
OFV: 9254.0	/ CPU: 4.675 seconds 	/ department sequence: [9, 13, 3, 6, 10, 5, 14, 2, 16, 4, 11, 12, 8, 15, 7, 17, 1]
OFV: 9277.0	/ CPU: 4.573 seconds 	/ department sequence: [1, 17, 5, 7, 4, 11, 16, 8, 12, 2, 14, 15, 10, 6, 3, 13, 9]
-- P17 result
--------------------------------------------
HostNestNum = 17, P_a = 0.2
--------------------------------------------
-- 2020-03-18 20:11 result data
OFV: 9254.0	/ CPU: 6.450 seconds 	/ department sequence: [1, 17, 7, 15, 8, 12, 11, 4, 16, 2, 14, 5, 10, 6, 3, 13, 9]
OFV: 9266.0	/ CPU: 5.117 seconds 	/ department sequence: [1, 17, 5, 7, 15, 8, 12, 2, 4, 11, 16, 14, 10, 6, 3, 13, 9]
OFV: 9254.0	/ CPU: 5.627 seconds 	/ department sequence: [1, 17, 7, 15, 8, 12, 11, 4, 16, 2, 14, 5, 10, 6, 3, 13, 9]
OFV: 9254.0	/ CPU: 6.167 seconds 	/ department sequence: [1, 17, 7, 15, 8, 12, 11, 4, 16, 2, 14, 5, 10, 6, 3, 13, 9]
OFV: 9254.0	/ CPU: 7.150 seconds 	/ department sequence: [1, 17, 7, 15, 8, 12, 11, 4, 16, 2, 14, 5, 10, 6, 3, 13, 9]
OFV: 9254.0	/ CPU: 4.803 seconds 	/ department sequence: [9, 13, 3, 6, 10, 5, 14, 2, 16, 4, 11, 12, 8, 15, 7, 17, 1]
OFV: 9277.0	/ CPU: 5.936 seconds 	/ department sequence: [9, 13, 3, 6, 10, 15, 14, 2, 12, 8, 16, 11, 4, 7, 5, 17, 1]
OFV: 9254.0	/ CPU: 4.332 seconds 	/ department sequence: [1, 17, 7, 15, 8, 12, 11, 4, 16, 2, 14, 5, 10, 6, 3, 13, 9]
OFV: 9277.0	/ CPU: 2.961 seconds 	/ department sequence: [1, 17, 5, 7, 4, 11, 16, 8, 12, 2, 14, 15, 10, 6, 3, 13, 9]
OFV: 9254.0	/ CPU: 2.836 seconds 	/ department sequence: [1, 17, 7, 15, 8, 12, 11, 4, 16, 2, 14, 5, 10, 6, 3, 13, 9]
-- P17 result
--------------------------------------------
HostNestNum = 17, P_a = 0.2
--------------------------------------------
-- 2020-03-18 20:15 result data
OFV: 9277.0	/ CPU: 7.319 seconds 	/ department sequence: [9, 13, 3, 6, 10, 15, 14, 2, 12, 8, 16, 11, 4, 7, 5, 17, 1]
-- P17 result
--------------------------------------------
HostNestNum = 17, P_a = 0.2
--------------------------------------------
-- 2020-03-18 20:49 result data
OFV: 9254.0	/ CPU: 7.339 seconds 	/ department sequence: [1, 17, 7, 15, 8, 12, 11, 4, 16, 2, 14, 5, 10, 6, 3, 13, 9]
-- P17 result
--------------------------------------------
HostNestNum = 17, P_a = 0.2
--------------------------------------------
-- 2020-03-18 20:49 result data
OFV: 9254.0	/ CPU: 7.134 seconds 	/ department sequence: [9, 13, 3, 6, 10, 5, 14, 2, 16, 4, 11, 12, 8, 15, 7, 17, 1]
-- P17 result
--------------------------------------------
HostNestNum = 17, P_a = 0.2
--------------------------------------------
-- 2020-03-18 20:49 result data
OFV: 9262.0	/ CPU: 6.547 seconds 	/ department sequence: [1, 17, 7, 15, 8, 12, 4, 11, 2, 16, 14, 5, 10, 6, 3, 13, 9]
-- P17 result
--------------------------------------------
HostNestNum = 17, P_a = 0.2
--------------------------------------------
-- 2020-03-18 20:49 result data
OFV: 9254.0	/ CPU: 7.314 seconds 	/ department sequence: [9, 13, 3, 6, 10, 5, 14, 2, 16, 4, 11, 12, 8, 15, 7, 17, 1]
-- P17 result
--------------------------------------------
HostNestNum = 17, P_a = 0.2
--------------------------------------------
-- 2020-03-18 20:49 result data
OFV: 9254.0	/ CPU: 6.100 seconds 	/ department sequence: [1, 17, 7, 15, 8, 12, 11, 4, 16, 2, 14, 5, 10, 6, 3, 13, 9]
-- P17 result
--------------------------------------------
HostNestNum = 17, P_a = 0.2
--------------------------------------------
-- 2020-03-18 21:00 result data
OFV: 9254.0	/ CPU: 7.522 seconds 	/ department sequence: [1, 17, 7, 15, 8, 12, 11, 4, 16, 2, 14, 5, 10, 6, 3, 13, 9]
-- P17 result
--------------------------------------------
HostNestNum = 17, P_a = 0.2
--------------------------------------------
-- 2020-03-18 21:00 result data
OFV: 9254.0	/ CPU: 6.549 seconds 	/ department sequence: [9, 13, 3, 6, 10, 5, 14, 2, 16, 4, 11, 12, 8, 15, 7, 17, 1]
-- P17 result
--------------------------------------------
HostNestNum = 17, P_a = 0.2
--------------------------------------------
-- 2020-03-18 21:00 result data
OFV: 9254.0	/ CPU: 5.657 seconds 	/ department sequence: [1, 17, 7, 15, 8, 12, 11, 4, 16, 2, 14, 5, 10, 6, 3, 13, 9]
-- P17 result
--------------------------------------------
HostNestNum = 17, P_a = 0.2
--------------------------------------------
-- 2020-03-18 21:00 result data
OFV: 9254.0	/ CPU: 5.939 seconds 	/ department sequence: [1, 17, 7, 15, 8, 12, 11, 4, 16, 2, 14, 5, 10, 6, 3, 13, 9]
-- P17 result
--------------------------------------------
HostNestNum = 17, P_a = 0.2
--------------------------------------------
-- 2020-03-18 21:00 result data
OFV: 9254.0	/ CPU: 6.433 seconds 	/ department sequence: [9, 13, 3, 6, 10, 5, 14, 2, 16, 4, 11, 12, 8, 15, 7, 17, 1]
-- P17 result
--------------------------------------------
HostNestNum = 17, P_a = 0.2
--------------------------------------------
-- 2020-03-18 21:20 result data
OFV: 9254.0	/ CPU: 6.087 seconds 	/ department sequence: [1, 17, 7, 15, 8, 12, 11, 4, 16, 2, 14, 5, 10, 6, 3, 13, 9]
-- P17 result
--------------------------------------------
HostNestNum = 17, P_a = 0.2
--------------------------------------------
-- 2020-03-18 21:20 result data
OFV: 9254.0	/ CPU: 6.282 seconds 	/ department sequence: [1, 17, 7, 15, 8, 12, 11, 4, 16, 2, 14, 5, 10, 6, 3, 13, 9]
-- P17 result
--------------------------------------------
HostNestNum = 17, P_a = 0.2
--------------------------------------------
-- 2020-03-18 21:20 result data
OFV: 9254.0	/ CPU: 4.403 seconds 	/ department sequence: [9, 13, 3, 6, 10, 5, 14, 2, 16, 4, 11, 12, 8, 15, 7, 17, 1]
-- P17 result
--------------------------------------------
HostNestNum = 17, P_a = 0.2
--------------------------------------------
-- 2020-03-18 21:20 result data
OFV: 9254.0	/ CPU: 3.434 seconds 	/ department sequence: [1, 17, 7, 15, 8, 12, 11, 4, 16, 2, 14, 5, 10, 6, 3, 13, 9]
-- P17 result
--------------------------------------------
HostNestNum = 17, P_a = 0.2
--------------------------------------------
-- 2020-03-18 21:20 result data
OFV: 9254.0	/ CPU: 3.386 seconds 	/ department sequence: [9, 13, 3, 6, 10, 5, 14, 2, 16, 4, 11, 12, 8, 15, 7, 17, 1]
-- P17 result
--------------------------------------------
HostNestNum = 17, P_a = 0.2
--------------------------------------------
-- 2020-03-18 21:31 result data
OFV: 9254.0	/ CPU: 6.809 seconds 	/ department sequence: [9, 13, 3, 6, 10, 5, 14, 2, 16, 4, 11, 12, 8, 15, 7, 17, 1]
-- P17 result
--------------------------------------------
HostNestNum = 17, P_a = 0.2
--------------------------------------------
-- 2020-03-18 21:31 result data
OFV: 9254.0	/ CPU: 5.807 seconds 	/ department sequence: [1, 17, 7, 15, 8, 12, 11, 4, 16, 2, 14, 5, 10, 6, 3, 13, 9]
-- P17 result
--------------------------------------------
HostNestNum = 17, P_a = 0.2
--------------------------------------------
-- 2020-03-18 21:31 result data
OFV: 9254.0	/ CPU: 3.807 seconds 	/ department sequence: [1, 17, 7, 15, 8, 12, 11, 4, 16, 2, 14, 5, 10, 6, 3, 13, 9]
-- P17 result
--------------------------------------------
HostNestNum = 17, P_a = 0.2
--------------------------------------------
-- 2020-03-18 21:32 result data
OFV: 9254.0	/ CPU: 4.677 seconds 	/ department sequence: [1, 17, 7, 15, 8, 12, 11, 4, 16, 2, 14, 5, 10, 6, 3, 13, 9]
-- P17 result
--------------------------------------------
HostNestNum = 17, P_a = 0.2
--------------------------------------------
-- 2020-03-18 21:32 result data
OFV: 9254.0	/ CPU: 4.054 seconds 	/ department sequence: [1, 17, 7, 15, 8, 12, 11, 4, 16, 2, 14, 5, 10, 6, 3, 13, 9]
