-- P17 result
--------------------------------------------
HostNestNum = 10, P_a = 0.0
--------------------------------------------
-- 2019-01-08 13:17 result data
OFV: 9254.0	/ CPU: 3.457 seconds 	/ department sequence: [9, 13, 3, 6, 10, 5, 14, 2, 16, 4, 11, 12, 8, 15, 7, 17, 1]
OFV: 9254.0	/ CPU: 1.967 seconds 	/ department sequence: [9, 13, 3, 6, 10, 5, 14, 2, 16, 4, 11, 12, 8, 15, 7, 17, 1]
OFV: 9649.0	/ CPU: 2.668 seconds 	/ department sequence: [1, 3, 7, 15, 12, 14, 2, 4, 11, 16, 8, 10, 6, 5, 17, 13, 9]
OFV: 9603.0	/ CPU: 2.019 seconds 	/ department sequence: [9, 3, 10, 16, 14, 11, 2, 4, 12, 8, 15, 7, 6, 5, 13, 17, 1]
OFV: 9277.0	/ CPU: 1.899 seconds 	/ department sequence: [1, 17, 5, 7, 4, 11, 16, 8, 12, 2, 14, 15, 10, 6, 3, 13, 9]
OFV: 9254.0	/ CPU: 1.692 seconds 	/ department sequence: [1, 17, 7, 15, 8, 12, 11, 4, 16, 2, 14, 5, 10, 6, 3, 13, 9]
OFV: 9277.0	/ CPU: 1.183 seconds 	/ department sequence: [9, 13, 3, 6, 10, 15, 14, 2, 12, 8, 16, 11, 4, 7, 5, 17, 1]
OFV: 9277.0	/ CPU: 1.612 seconds 	/ department sequence: [9, 13, 3, 6, 10, 15, 14, 2, 12, 8, 16, 11, 4, 7, 5, 17, 1]
OFV: 9254.0	/ CPU: 1.253 seconds 	/ department sequence: [1, 17, 7, 15, 8, 12, 11, 4, 16, 2, 14, 5, 10, 6, 3, 13, 9]
OFV: 9661.0	/ CPU: 1.223 seconds 	/ department sequence: [1, 3, 10, 15, 8, 12, 14, 2, 11, 16, 4, 7, 6, 5, 17, 13, 9]
-- P17 result
--------------------------------------------
HostNestNum = 10, P_a = 0.0
--------------------------------------------
-- 2020-03-09 23:21 result data
OFV: 9259.0	/ CPU: 2.497 seconds 	/ department sequence: [9, 13, 3, 6, 10, 5, 14, 2, 16, 11, 4, 12, 8, 15, 7, 17, 1]
OFV: 9263.0	/ CPU: 1.645 seconds 	/ department sequence: [9, 13, 3, 6, 10, 5, 16, 14, 2, 4, 11, 12, 8, 15, 7, 17, 1]
OFV: 9272.0	/ CPU: 1.721 seconds 	/ department sequence: [1, 17, 5, 7, 15, 8, 12, 2, 4, 11, 14, 16, 10, 6, 3, 13, 9]
OFV: 9272.0	/ CPU: 1.800 seconds 	/ department sequence: [9, 13, 3, 6, 10, 16, 14, 11, 4, 2, 12, 8, 15, 7, 5, 17, 1]
OFV: 9262.0	/ CPU: 2.231 seconds 	/ department sequence: [1, 17, 7, 15, 8, 12, 4, 11, 2, 16, 14, 5, 10, 6, 3, 13, 9]
OFV: 9254.0	/ CPU: 2.307 seconds 	/ department sequence: [9, 13, 3, 6, 10, 5, 14, 2, 16, 4, 11, 12, 8, 15, 7, 17, 1]
OFV: 9273.0	/ CPU: 1.759 seconds 	/ department sequence: [9, 13, 3, 6, 10, 5, 14, 2, 16, 4, 11, 8, 12, 15, 7, 17, 1]
-- P17 result
--------------------------------------------
HostNestNum = 10, P_a = 0.0
--------------------------------------------
-- 2020-03-11 03:40 result data
OFV: 9254.0	/ CPU: 8.876 seconds 	/ department sequence: [9, 13, 3, 6, 10, 5, 14, 2, 7, 12, 4, 11, 15, 16, 8, 1, 17]
