-- Am12b result
--------------------------------------------
HostNestNum = 5, P_a = 0.0
--------------------------------------------
-- 2020-06-10 06:02 result data
OFV: 1606.5	/ CPU: 1.367 seconds 	/ department sequence: [7, 3, 12, 5, 2, 9, 6, 8, 4, 10, 11, 1]
OFV: 1606.5	/ CPU: 1.989 seconds 	/ department sequence: [1, 11, 10, 4, 9, 8, 6, 5, 2, 12, 7, 3]
OFV: 1676.0	/ CPU: 1.399 seconds 	/ department sequence: [9, 7, 5, 8, 6, 2, 10, 4, 3, 12, 11, 1]
OFV: 1631.5	/ CPU: 1.534 seconds 	/ department sequence: [3, 7, 12, 5, 2, 10, 4, 6, 9, 8, 11, 1]
OFV: 1631.5	/ CPU: 2.468 seconds 	/ department sequence: [3, 7, 12, 5, 2, 10, 4, 6, 9, 8, 11, 1]
OFV: 1606.5	/ CPU: 1.200 seconds 	/ department sequence: [3, 7, 12, 5, 2, 9, 6, 8, 10, 4, 11, 1]
OFV: 1606.5	/ CPU: 1.200 seconds 	/ department sequence: [7, 3, 12, 5, 2, 9, 6, 8, 4, 10, 11, 1]
OFV: 1606.5	/ CPU: 1.818 seconds 	/ department sequence: [3, 7, 12, 5, 2, 9, 6, 8, 10, 4, 11, 1]
OFV: 1606.5	/ CPU: 1.637 seconds 	/ department sequence: [7, 3, 12, 5, 2, 9, 6, 8, 4, 10, 11, 1]
OFV: 1606.5	/ CPU: 1.273 seconds 	/ department sequence: [7, 3, 12, 5, 2, 9, 6, 8, 4, 10, 11, 1]
-- Am12b result
--------------------------------------------
HostNestNum = 5, P_a = 0.0
--------------------------------------------
-- 2020-06-10 06:02 result data
OFV: 1631.5	/ CPU: 1.323 seconds 	/ department sequence: [1, 11, 9, 8, 6, 4, 10, 5, 2, 3, 12, 7]
OFV: 1654.5	/ CPU: 1.148 seconds 	/ department sequence: [3, 7, 12, 5, 2, 10, 4, 6, 9, 8, 11, 1]
OFV: 1631.5	/ CPU: 1.392 seconds 	/ department sequence: [3, 7, 12, 5, 2, 10, 4, 6, 9, 8, 11, 1]
OFV: 1631.5	/ CPU: 1.159 seconds 	/ department sequence: [3, 7, 12, 5, 2, 10, 4, 6, 9, 8, 11, 1]
OFV: 1606.5	/ CPU: 1.211 seconds 	/ department sequence: [11, 1, 4, 10, 9, 8, 6, 2, 5, 12, 7, 3]
OFV: 1606.5	/ CPU: 1.399 seconds 	/ department sequence: [7, 3, 12, 5, 2, 9, 6, 8, 4, 10, 11, 1]
OFV: 1606.5	/ CPU: 1.462 seconds 	/ department sequence: [1, 11, 10, 4, 9, 8, 6, 5, 2, 12, 7, 3]
OFV: 1606.5	/ CPU: 1.325 seconds 	/ department sequence: [7, 3, 12, 5, 2, 9, 6, 8, 4, 10, 11, 1]
OFV: 1606.5	/ CPU: 1.426 seconds 	/ department sequence: [11, 1, 4, 10, 9, 8, 6, 2, 5, 12, 7, 3]
OFV: 1606.5	/ CPU: 1.178 seconds 	/ department sequence: [7, 3, 12, 5, 2, 9, 6, 8, 4, 10, 11, 1]
-- Am12b result
--------------------------------------------
HostNestNum = 5, P_a = 0.0
--------------------------------------------
-- 2020-06-10 06:02 result data
OFV: 1606.5	/ CPU: 1.343 seconds 	/ department sequence: [7, 3, 12, 5, 2, 9, 6, 8, 4, 10, 11, 1]
OFV: 1676.0	/ CPU: 1.283 seconds 	/ department sequence: [9, 7, 5, 8, 6, 2, 10, 4, 3, 12, 11, 1]
OFV: 1609.5	/ CPU: 1.775 seconds 	/ department sequence: [1, 11, 10, 4, 6, 9, 8, 5, 2, 3, 12, 7]
OFV: 1606.5	/ CPU: 1.805 seconds 	/ department sequence: [3, 7, 12, 5, 2, 9, 6, 8, 10, 4, 11, 1]
OFV: 1676.0	/ CPU: 1.149 seconds 	/ department sequence: [7, 9, 5, 8, 6, 2, 10, 4, 3, 12, 11, 1]
OFV: 1606.5	/ CPU: 1.810 seconds 	/ department sequence: [3, 7, 12, 5, 2, 9, 6, 8, 10, 4, 11, 1]
OFV: 1606.5	/ CPU: 1.202 seconds 	/ department sequence: [7, 3, 12, 5, 2, 9, 6, 8, 4, 10, 11, 1]
OFV: 1606.5	/ CPU: 1.180 seconds 	/ department sequence: [3, 7, 12, 5, 2, 9, 6, 8, 10, 4, 11, 1]
OFV: 1606.5	/ CPU: 1.191 seconds 	/ department sequence: [3, 7, 12, 5, 2, 9, 6, 8, 10, 4, 11, 1]
OFV: 1606.5	/ CPU: 1.699 seconds 	/ department sequence: [7, 3, 12, 5, 2, 9, 6, 8, 4, 10, 11, 1]
-- Am12b result
--------------------------------------------
HostNestNum = 5, P_a = 0.0
--------------------------------------------
-- 2020-06-10 06:03 result data
OFV: 1606.5	/ CPU: 2.489 seconds 	/ department sequence: [7, 3, 12, 5, 2, 9, 6, 8, 4, 10, 11, 1]
OFV: 1606.5	/ CPU: 1.637 seconds 	/ department sequence: [1, 11, 10, 4, 9, 8, 6, 5, 2, 12, 7, 3]
OFV: 1606.5	/ CPU: 1.240 seconds 	/ department sequence: [7, 3, 12, 5, 2, 9, 6, 8, 4, 10, 11, 1]
OFV: 1631.5	/ CPU: 1.401 seconds 	/ department sequence: [3, 7, 12, 5, 2, 10, 4, 6, 9, 8, 11, 1]
OFV: 1606.5	/ CPU: 1.718 seconds 	/ department sequence: [3, 7, 12, 5, 2, 9, 6, 8, 10, 4, 11, 1]
OFV: 1606.5	/ CPU: 1.389 seconds 	/ department sequence: [3, 7, 12, 5, 2, 9, 6, 8, 10, 4, 11, 1]
OFV: 1606.5	/ CPU: 1.289 seconds 	/ department sequence: [7, 3, 12, 5, 2, 9, 6, 8, 4, 10, 11, 1]
OFV: 1606.5	/ CPU: 1.288 seconds 	/ department sequence: [3, 7, 12, 5, 2, 9, 6, 8, 10, 4, 11, 1]
OFV: 1631.5	/ CPU: 1.980 seconds 	/ department sequence: [3, 7, 12, 5, 2, 10, 4, 6, 9, 8, 11, 1]
OFV: 1631.5	/ CPU: 1.876 seconds 	/ department sequence: [3, 7, 12, 5, 2, 10, 4, 6, 9, 8, 11, 1]
-- Am12b result
--------------------------------------------
HostNestNum = 5, P_a = 0.0
--------------------------------------------
-- 2020-06-10 06:03 result data
OFV: 1606.5	/ CPU: 1.321 seconds 	/ department sequence: [7, 3, 12, 5, 2, 9, 6, 8, 4, 10, 11, 1]
OFV: 1606.5	/ CPU: 2.731 seconds 	/ department sequence: [3, 7, 12, 5, 2, 9, 6, 8, 10, 4, 11, 1]
OFV: 1606.5	/ CPU: 1.472 seconds 	/ department sequence: [7, 3, 12, 5, 2, 9, 6, 8, 4, 10, 11, 1]
OFV: 1676.0	/ CPU: 1.216 seconds 	/ department sequence: [9, 7, 5, 8, 6, 2, 10, 4, 3, 12, 11, 1]
OFV: 1606.5	/ CPU: 1.444 seconds 	/ department sequence: [3, 7, 12, 5, 2, 9, 6, 8, 10, 4, 11, 1]
OFV: 1676.0	/ CPU: 1.140 seconds 	/ department sequence: [9, 7, 5, 8, 6, 2, 10, 4, 3, 12, 11, 1]
OFV: 1606.5	/ CPU: 1.142 seconds 	/ department sequence: [7, 3, 12, 5, 2, 9, 6, 8, 4, 10, 11, 1]
OFV: 1609.5	/ CPU: 1.375 seconds 	/ department sequence: [1, 11, 10, 4, 6, 9, 8, 5, 2, 3, 12, 7]
OFV: 1606.5	/ CPU: 1.441 seconds 	/ department sequence: [3, 7, 12, 5, 2, 9, 6, 8, 10, 4, 11, 1]
OFV: 1606.5	/ CPU: 1.405 seconds 	/ department sequence: [7, 3, 12, 5, 2, 9, 6, 8, 4, 10, 11, 1]
-- Am12b result
--------------------------------------------
HostNestNum = 5, P_a = 0.0
--------------------------------------------
-- 2020-06-10 06:03 result data
OFV: 1606.5	/ CPU: 1.266 seconds 	/ department sequence: [7, 3, 12, 5, 2, 9, 6, 8, 4, 10, 11, 1]
OFV: 1606.5	/ CPU: 2.038 seconds 	/ department sequence: [1, 11, 10, 4, 9, 8, 6, 5, 2, 12, 7, 3]
OFV: 1606.5	/ CPU: 1.454 seconds 	/ department sequence: [7, 3, 12, 5, 2, 9, 6, 8, 4, 10, 11, 1]
OFV: 1606.5	/ CPU: 1.989 seconds 	/ department sequence: [1, 11, 10, 4, 9, 8, 6, 5, 2, 12, 7, 3]
OFV: 1631.5	/ CPU: 1.233 seconds 	/ department sequence: [3, 7, 12, 5, 2, 10, 4, 6, 9, 8, 11, 1]
OFV: 1606.5	/ CPU: 1.439 seconds 	/ department sequence: [11, 1, 4, 10, 9, 8, 6, 2, 5, 12, 7, 3]
OFV: 1606.5	/ CPU: 1.304 seconds 	/ department sequence: [3, 7, 12, 5, 2, 9, 6, 8, 10, 4, 11, 1]
OFV: 1606.5	/ CPU: 1.418 seconds 	/ department sequence: [7, 3, 12, 5, 2, 9, 6, 8, 4, 10, 11, 1]
OFV: 1606.5	/ CPU: 2.466 seconds 	/ department sequence: [1, 11, 10, 4, 9, 8, 6, 5, 2, 12, 7, 3]
OFV: 1606.5	/ CPU: 1.203 seconds 	/ department sequence: [7, 3, 12, 5, 2, 9, 6, 8, 4, 10, 11, 1]
-- Am12b result
--------------------------------------------
HostNestNum = 5, P_a = 0.0
--------------------------------------------
-- 2020-06-10 06:03 result data
OFV: 1606.5	/ CPU: 1.281 seconds 	/ department sequence: [7, 3, 12, 5, 2, 9, 6, 8, 4, 10, 11, 1]
OFV: 1606.5	/ CPU: 1.393 seconds 	/ department sequence: [7, 3, 12, 5, 2, 9, 6, 8, 4, 10, 11, 1]
OFV: 1606.5	/ CPU: 1.442 seconds 	/ department sequence: [7, 3, 12, 5, 2, 9, 6, 8, 4, 10, 11, 1]
OFV: 1606.5	/ CPU: 1.549 seconds 	/ department sequence: [3, 7, 12, 5, 2, 9, 6, 8, 10, 4, 11, 1]
OFV: 1606.5	/ CPU: 1.675 seconds 	/ department sequence: [11, 1, 4, 10, 9, 8, 6, 2, 5, 12, 7, 3]
OFV: 1654.5	/ CPU: 1.527 seconds 	/ department sequence: [7, 3, 12, 5, 2, 10, 4, 9, 6, 8, 11, 1]
OFV: 1606.5	/ CPU: 1.962 seconds 	/ department sequence: [7, 3, 12, 5, 2, 9, 6, 8, 4, 10, 11, 1]
OFV: 1606.5	/ CPU: 1.595 seconds 	/ department sequence: [7, 3, 12, 5, 2, 9, 6, 8, 4, 10, 11, 1]
OFV: 1606.5	/ CPU: 2.005 seconds 	/ department sequence: [7, 3, 12, 5, 2, 9, 6, 8, 4, 10, 11, 1]
OFV: 1609.5	/ CPU: 1.821 seconds 	/ department sequence: [1, 11, 10, 4, 6, 9, 8, 5, 2, 3, 12, 7]
-- Am12b result
--------------------------------------------
HostNestNum = 5, P_a = 0.0
--------------------------------------------
-- 2020-06-10 06:04 result data
OFV: 1606.5	/ CPU: 1.802 seconds 	/ department sequence: [3, 7, 12, 5, 2, 9, 6, 8, 10, 4, 11, 1]
OFV: 1606.5	/ CPU: 1.798 seconds 	/ department sequence: [7, 3, 12, 5, 2, 9, 6, 8, 4, 10, 11, 1]
OFV: 1631.5	/ CPU: 1.329 seconds 	/ department sequence: [3, 7, 12, 5, 2, 10, 4, 6, 9, 8, 11, 1]
OFV: 1676.0	/ CPU: 1.332 seconds 	/ department sequence: [7, 9, 5, 8, 6, 2, 10, 4, 3, 12, 11, 1]
OFV: 1684.5	/ CPU: 1.195 seconds 	/ department sequence: [9, 7, 5, 8, 6, 2, 10, 4, 3, 12, 11, 1]
OFV: 1606.5	/ CPU: 1.407 seconds 	/ department sequence: [11, 1, 4, 10, 9, 8, 6, 2, 5, 12, 7, 3]
OFV: 1606.5	/ CPU: 1.716 seconds 	/ department sequence: [7, 3, 12, 5, 2, 9, 6, 8, 4, 10, 11, 1]
OFV: 1606.5	/ CPU: 1.528 seconds 	/ department sequence: [7, 3, 12, 5, 2, 9, 6, 8, 4, 10, 11, 1]
OFV: 1606.5	/ CPU: 1.619 seconds 	/ department sequence: [7, 3, 12, 5, 2, 9, 6, 8, 4, 10, 11, 1]
OFV: 1606.5	/ CPU: 1.576 seconds 	/ department sequence: [3, 7, 12, 5, 2, 9, 6, 8, 10, 4, 11, 1]
-- Am12b result
--------------------------------------------
HostNestNum = 5, P_a = 0.0
--------------------------------------------
-- 2020-06-10 16:52 result data
OFV: 1606.5	/ CPU: 2.304 seconds 	/ department sequence: [7, 3, 12, 5, 2, 9, 6, 8, 4, 10, 11, 1]
OFV: 1654.5	/ CPU: 1.164 seconds 	/ department sequence: [3, 7, 12, 5, 2, 10, 4, 6, 9, 8, 11, 1]
OFV: 1606.5	/ CPU: 1.525 seconds 	/ department sequence: [1, 11, 10, 4, 9, 8, 6, 5, 2, 12, 7, 3]
OFV: 1676.0	/ CPU: 1.357 seconds 	/ department sequence: [7, 9, 5, 8, 6, 2, 10, 4, 3, 12, 11, 1]
OFV: 1606.5	/ CPU: 1.706 seconds 	/ department sequence: [3, 7, 12, 5, 2, 9, 6, 8, 10, 4, 11, 1]
OFV: 1606.5	/ CPU: 2.344 seconds 	/ department sequence: [7, 3, 12, 5, 2, 9, 6, 8, 4, 10, 11, 1]
OFV: 1606.5	/ CPU: 1.487 seconds 	/ department sequence: [1, 11, 10, 4, 9, 8, 6, 5, 2, 12, 7, 3]
OFV: 1676.0	/ CPU: 1.331 seconds 	/ department sequence: [9, 7, 5, 8, 6, 2, 10, 4, 3, 12, 11, 1]
OFV: 1606.5	/ CPU: 1.912 seconds 	/ department sequence: [1, 11, 10, 4, 9, 8, 6, 5, 2, 12, 7, 3]
OFV: 1606.5	/ CPU: 1.431 seconds 	/ department sequence: [7, 3, 12, 5, 2, 9, 6, 8, 4, 10, 11, 1]
-- Am12b result
--------------------------------------------
HostNestNum = 5, P_a = 0.0
--------------------------------------------
-- 2020-06-11 01:13 result data
OFV: 1631.5	/ CPU: 3.704 seconds 	/ department sequence: [3, 7, 12, 5, 2, 10, 4, 6, 9, 8, 11, 1]
OFV: 1676.0	/ CPU: 1.672 seconds 	/ department sequence: [7, 9, 5, 8, 6, 2, 10, 4, 3, 12, 11, 1]
OFV: 1606.5	/ CPU: 2.123 seconds 	/ department sequence: [7, 3, 12, 5, 2, 9, 6, 8, 4, 10, 11, 1]
-- Am12b result
--------------------------------------------
HostNestNum = 5, P_a = 0.0
--------------------------------------------
-- 2020-06-11 01:14 result data
OFV: 1606.5	/ CPU: 3.653 seconds 	/ department sequence: [1, 11, 10, 4, 9, 8, 6, 5, 2, 12, 7, 3]
OFV: 1606.5	/ CPU: 1.640 seconds 	/ department sequence: [7, 3, 12, 5, 2, 9, 6, 8, 4, 10, 11, 1]
OFV: 1606.5	/ CPU: 1.661 seconds 	/ department sequence: [7, 3, 12, 5, 2, 9, 6, 8, 4, 10, 11, 1]
OFV: 1606.5	/ CPU: 1.672 seconds 	/ department sequence: [3, 7, 12, 5, 2, 9, 6, 8, 10, 4, 11, 1]
OFV: 1606.5	/ CPU: 1.526 seconds 	/ department sequence: [3, 7, 12, 5, 2, 9, 6, 8, 10, 4, 11, 1]
OFV: 1606.5	/ CPU: 2.575 seconds 	/ department sequence: [1, 11, 10, 4, 9, 8, 6, 5, 2, 12, 7, 3]
OFV: 1606.5	/ CPU: 1.651 seconds 	/ department sequence: [7, 3, 12, 5, 2, 9, 6, 8, 4, 10, 11, 1]
OFV: 1631.5	/ CPU: 1.672 seconds 	/ department sequence: [3, 7, 12, 5, 2, 10, 4, 6, 9, 8, 11, 1]
OFV: 1631.5	/ CPU: 1.589 seconds 	/ department sequence: [3, 7, 12, 5, 2, 10, 4, 6, 9, 8, 11, 1]
OFV: 1606.5	/ CPU: 2.051 seconds 	/ department sequence: [3, 7, 12, 5, 2, 9, 6, 8, 10, 4, 11, 1]
