Small09-3 summary

-- 2020-06-10 14:26 result data
--------------------------------------------
HostNestNum = 5, P_a = 0.0
--------------------------------------------
Best OFV : 2241.0	CPU Time : 1.234 seconds (Processing time for the best solution)
Average OFV : 2241.000
Average CPU Time : 1.469
--------------------------------------------
HostNestNum = 5, P_a = 0.25
--------------------------------------------
Best OFV : 2241.0	CPU Time : 1.931 seconds (Processing time for the best solution)
Average OFV : 2241.000
Average CPU Time : 2.501
--------------------------------------------
HostNestNum = 5, P_a = 0.25
--------------------------------------------
Best OFV : 2241.0	CPU Time : 1.978 seconds (Processing time for the best solution)
Average OFV : 2241.000
Average CPU Time : 2.159
--------------------------------------------
HostNestNum = 5, P_a = 0.25
--------------------------------------------
Best OFV : 2241.0	CPU Time : 2.886 seconds (Processing time for the best solution)
Average OFV : 2241.000
Average CPU Time : 3.17
--------------------------------------------
HostNestNum = 5, P_a = 0.25
--------------------------------------------
Best OFV : 2241.0	CPU Time : 4.111 seconds (Processing time for the best solution)
Average OFV : 2241.000
Average CPU Time : 4.453
