-- HA6 result
--------------------------------------------
HostNestNum = 5, P_a = 0.1
--------------------------------------------
-- 2020-03-05 19:47 result data
OFV: 190.5	/ CPU: 5.608 seconds 	/ department sequence: [15, 10, 4, 2, 5, 6, 14, 11, 7, 8, 9, 12, 16, 3, 1, 13]
OFV: 190.5	/ CPU: 4.984 seconds 	/ department sequence: [3, 1, 8, 13, 4, 2, 5, 6, 9, 16, 15, 14, 11, 12, 7, 10]
OFV: 190.5	/ CPU: 5.749 seconds 	/ department sequence: [14, 13, 3, 1, 9, 11, 10, 12, 8, 4, 2, 5, 6, 15, 7, 16]
OFV: 190.5	/ CPU: 4.937 seconds 	/ department sequence: [12, 10, 15, 4, 2, 5, 6, 8, 11, 13, 16, 14, 9, 3, 1, 7]
OFV: 190.5	/ CPU: 4.669 seconds 	/ department sequence: [4, 2, 5, 6, 16, 11, 9, 15, 7, 3, 1, 14, 8, 12, 10, 13]
OFV: 193.0	/ CPU: 5.065 seconds 	/ department sequence: [10, 11, 15, 13, 9, 6, 5, 2, 3, 14, 16, 7, 12, 8, 1, 4]
OFV: 190.5	/ CPU: 5.092 seconds 	/ department sequence: [8, 3, 1, 16, 13, 11, 14, 15, 12, 10, 4, 2, 5, 6, 9, 7]
OFV: 190.5	/ CPU: 4.726 seconds 	/ department sequence: [9, 13, 4, 2, 5, 6, 8, 14, 10, 16, 15, 3, 1, 11, 7, 12]
OFV: 190.5	/ CPU: 4.602 seconds 	/ department sequence: [3, 1, 11, 10, 14, 7, 13, 16, 9, 15, 8, 12, 4, 2, 5, 6]
OFV: 190.5	/ CPU: 4.714 seconds 	/ department sequence: [1, 3, 10, 13, 12, 8, 16, 11, 7, 9, 15, 6, 5, 2, 4, 14]
-- HA6 result
--------------------------------------------
HostNestNum = 5, P_a = 0.1
--------------------------------------------
-- 2020-03-05 20:32 result data
-- HA6 result
--------------------------------------------
HostNestNum = 5, P_a = 0.1
--------------------------------------------
-- 2020-03-06 13:33 result data
OFV: 190.5	/ CPU: 1.587 seconds 	/ department sequence: [3, 1, 4, 2, 5, 6]	cutting order: 2
OFV: 190.5	/ CPU: 1.601 seconds 	/ department sequence: [4, 2, 5, 6, 3, 1]	cutting order: 4
