-- S9H result
--------------------------------------------
HostNestNum = 5, P_a = 0.0
--------------------------------------------
-- 2019-01-07 18:00 result data
OFV: 4695.5	/ CPU: 1.269 seconds 	/ department sequence: [5, 2, 9, 1, 7, 3, 6, 4, 8]
OFV: 4695.5	/ CPU: 0.949 seconds 	/ department sequence: [5, 2, 9, 1, 7, 3, 6, 4, 8]
OFV: 4695.5	/ CPU: 0.900 seconds 	/ department sequence: [8, 4, 6, 2, 1, 7, 3, 9, 5]
OFV: 4695.5	/ CPU: 1.438 seconds 	/ department sequence: [8, 4, 6, 3, 7, 1, 2, 9, 5]
OFV: 4695.5	/ CPU: 1.018 seconds 	/ department sequence: [8, 4, 6, 2, 1, 7, 3, 5, 9]
OFV: 4695.5	/ CPU: 0.841 seconds 	/ department sequence: [8, 4, 6, 3, 7, 1, 9, 5, 2]
OFV: 4695.5	/ CPU: 0.897 seconds 	/ department sequence: [8, 4, 6, 3, 7, 1, 9, 5, 2]
OFV: 4705.5	/ CPU: 0.903 seconds 	/ department sequence: [8, 5, 3, 2, 6, 1, 7, 9, 4]
OFV: 4695.5	/ CPU: 0.806 seconds 	/ department sequence: [2, 5, 9, 1, 7, 3, 6, 4, 8]
OFV: 4705.5	/ CPU: 0.980 seconds 	/ department sequence: [8, 5, 3, 2, 6, 1, 7, 9, 4]
-- S9H result
--------------------------------------------
HostNestNum = 5, P_a = 0.0
--------------------------------------------
-- 2020-06-10 13:55 result data
OFV: 2294.5	/ CPU: 1.252 seconds 	/ department sequence: [5, 3, 7, 9, 1, 2, 6, 4, 8]
OFV: 2293.0	/ CPU: 1.652 seconds 	/ department sequence: [4, 8, 2, 6, 1, 9, 7, 5, 3]
OFV: 2293.0	/ CPU: 1.962 seconds 	/ department sequence: [3, 5, 7, 9, 1, 2, 6, 4, 8]
OFV: 2293.0	/ CPU: 1.535 seconds 	/ department sequence: [3, 5, 7, 9, 1, 2, 6, 4, 8]
OFV: 2293.0	/ CPU: 1.376 seconds 	/ department sequence: [5, 3, 7, 9, 1, 2, 6, 4, 8]
OFV: 2293.0	/ CPU: 1.712 seconds 	/ department sequence: [8, 4, 6, 2, 1, 9, 7, 5, 3]
OFV: 2293.0	/ CPU: 1.772 seconds 	/ department sequence: [4, 8, 2, 6, 1, 9, 7, 5, 3]
OFV: 2294.5	/ CPU: 1.534 seconds 	/ department sequence: [5, 3, 7, 9, 1, 2, 6, 4, 8]
OFV: 2293.0	/ CPU: 2.179 seconds 	/ department sequence: [3, 5, 7, 9, 1, 2, 6, 4, 8]
OFV: 2293.0	/ CPU: 1.688 seconds 	/ department sequence: [5, 3, 7, 9, 1, 2, 6, 4, 8]
-- S9H result
--------------------------------------------
HostNestNum = 5, P_a = 0.0
--------------------------------------------
-- 2020-06-10 13:55 result data
OFV: 2293.0	/ CPU: 1.532 seconds 	/ department sequence: [3, 5, 7, 9, 1, 2, 6, 4, 8]
OFV: 2293.0	/ CPU: 1.454 seconds 	/ department sequence: [8, 4, 6, 2, 1, 9, 7, 5, 3]
OFV: 2297.5	/ CPU: 1.313 seconds 	/ department sequence: [8, 4, 6, 2, 1, 9, 7, 5, 3]
OFV: 2293.0	/ CPU: 1.243 seconds 	/ department sequence: [8, 4, 6, 2, 1, 9, 7, 5, 3]
OFV: 2293.0	/ CPU: 1.401 seconds 	/ department sequence: [4, 8, 2, 6, 1, 9, 7, 5, 3]
OFV: 2294.5	/ CPU: 1.479 seconds 	/ department sequence: [5, 3, 7, 9, 1, 2, 6, 4, 8]
OFV: 2293.0	/ CPU: 1.363 seconds 	/ department sequence: [5, 3, 7, 9, 1, 2, 6, 4, 8]
OFV: 2297.5	/ CPU: 1.300 seconds 	/ department sequence: [4, 8, 2, 6, 1, 9, 7, 5, 3]
OFV: 2293.0	/ CPU: 1.270 seconds 	/ department sequence: [4, 8, 2, 6, 1, 9, 7, 5, 3]
OFV: 2293.0	/ CPU: 2.632 seconds 	/ department sequence: [4, 8, 2, 6, 1, 9, 7, 5, 3]
-- S9H result
--------------------------------------------
HostNestNum = 5, P_a = 0.0
--------------------------------------------
-- 2020-06-10 13:59 result data
-- S9H result
--------------------------------------------
HostNestNum = 5, P_a = 0.0
--------------------------------------------
-- 2020-06-10 14:14 result data
OFV: 2293.0	/ CPU: 1.544 seconds 	/ department sequence: [5, 3, 7, 9, 1, 2, 6, 4, 8]
OFV: 2293.0	/ CPU: 1.394 seconds 	/ department sequence: [8, 4, 6, 2, 1, 9, 7, 5, 3]
OFV: 2294.5	/ CPU: 1.946 seconds 	/ department sequence: [5, 3, 7, 9, 1, 2, 6, 4, 8]
OFV: 2293.0	/ CPU: 1.307 seconds 	/ department sequence: [8, 4, 6, 2, 1, 9, 7, 5, 3]
OFV: 2293.0	/ CPU: 1.483 seconds 	/ department sequence: [3, 5, 7, 9, 1, 2, 6, 4, 8]
OFV: 2293.0	/ CPU: 1.485 seconds 	/ department sequence: [4, 8, 2, 6, 1, 9, 7, 5, 3]
OFV: 2293.0	/ CPU: 1.495 seconds 	/ department sequence: [4, 8, 2, 6, 1, 9, 7, 5, 3]
OFV: 2293.0	/ CPU: 1.710 seconds 	/ department sequence: [5, 3, 7, 9, 1, 2, 6, 4, 8]
OFV: 2293.0	/ CPU: 1.628 seconds 	/ department sequence: [4, 8, 2, 6, 1, 9, 7, 5, 3]
OFV: 2293.0	/ CPU: 1.401 seconds 	/ department sequence: [5, 3, 7, 9, 1, 2, 6, 4, 8]
