-- S9H result
--------------------------------------------
HostNestNum = 5, P_a = 0.2
--------------------------------------------
-- 2019-01-07 18:01 result data
OFV: 4695.5	/ CPU: 0.858 seconds 	/ department sequence: [8, 4, 6, 3, 7, 1, 9, 2, 5]
OFV: 4695.5	/ CPU: 0.737 seconds 	/ department sequence: [8, 4, 6, 3, 7, 1, 9, 5, 2]
OFV: 4695.5	/ CPU: 0.743 seconds 	/ department sequence: [8, 4, 6, 3, 7, 1, 9, 2, 5]
OFV: 4695.5	/ CPU: 0.713 seconds 	/ department sequence: [8, 4, 6, 3, 7, 1, 9, 5, 2]
OFV: 4695.5	/ CPU: 0.703 seconds 	/ department sequence: [8, 4, 6, 2, 1, 7, 3, 5, 9]
OFV: 4695.5	/ CPU: 0.706 seconds 	/ department sequence: [5, 9, 2, 1, 7, 3, 6, 4, 8]
OFV: 4695.5	/ CPU: 0.788 seconds 	/ department sequence: [8, 4, 6, 2, 1, 7, 3, 9, 5]
OFV: 4695.5	/ CPU: 0.709 seconds 	/ department sequence: [8, 4, 6, 3, 7, 1, 9, 5, 2]
OFV: 4695.5	/ CPU: 0.727 seconds 	/ department sequence: [5, 2, 9, 1, 7, 3, 6, 4, 8]
OFV: 4695.5	/ CPU: 0.847 seconds 	/ department sequence: [5, 9, 3, 7, 1, 2, 6, 4, 8]
-- S9H result
--------------------------------------------
HostNestNum = 5, P_a = 0.2
--------------------------------------------
-- 2020-06-07 04:39 result data
OFV: 2294.5	/ CPU: 0.532 seconds 	/ department sequence: [3, 5, 7, 9, 1, 2, 6, 4, 8]
OFV: 2297.5	/ CPU: 0.190 seconds 	/ department sequence: [9, 5, 7, 3, 1, 2, 6, 4, 8]
OFV: 2294.5	/ CPU: 0.190 seconds 	/ department sequence: [5, 3, 7, 9, 1, 2, 6, 4, 8]
OFV: 2294.5	/ CPU: 0.240 seconds 	/ department sequence: [3, 5, 7, 9, 1, 2, 6, 4, 8]
OFV: 2294.5	/ CPU: 0.375 seconds 	/ department sequence: [3, 5, 7, 9, 1, 2, 6, 4, 8]
-- S9H result
--------------------------------------------
HostNestNum = 5, P_a = 0.2
--------------------------------------------
-- 2020-06-07 04:49 result data
OFV: 2294.5	/ CPU: 0.342 seconds 	/ department sequence: [3, 5, 7, 9, 1, 2, 6, 4, 8]
OFV: 2294.5	/ CPU: 0.436 seconds 	/ department sequence: [5, 3, 7, 9, 1, 2, 6, 4, 8]
OFV: 2294.5	/ CPU: 0.257 seconds 	/ department sequence: [5, 3, 7, 9, 1, 2, 6, 4, 8]
OFV: 2294.5	/ CPU: 0.356 seconds 	/ department sequence: [5, 3, 7, 9, 1, 2, 6, 4, 8]
OFV: 2294.5	/ CPU: 0.318 seconds 	/ department sequence: [5, 3, 7, 9, 1, 2, 6, 4, 8]
-- S9H result
--------------------------------------------
HostNestNum = 5, P_a = 0.2
--------------------------------------------
-- 2020-06-07 17:25 result data
OFV: 2294.5	/ CPU: 0.261 seconds 	/ department sequence: [3, 5, 7, 9, 1, 2, 6, 4, 8]
-- S9H result
--------------------------------------------
HostNestNum = 5, P_a = 0.2
--------------------------------------------
-- 2020-06-07 17:26 result data
OFV: 2294.5	/ CPU: 0.300 seconds 	/ department sequence: [3, 5, 7, 9, 1, 2, 6, 4, 8]
OFV: 2297.5	/ CPU: 0.341 seconds 	/ department sequence: [8, 4, 6, 2, 1, 9, 7, 5, 3]
OFV: 2294.5	/ CPU: 0.407 seconds 	/ department sequence: [3, 5, 7, 9, 1, 2, 6, 4, 8]
OFV: 2294.5	/ CPU: 0.378 seconds 	/ department sequence: [3, 5, 7, 9, 1, 2, 6, 4, 8]
OFV: 2294.5	/ CPU: 0.511 seconds 	/ department sequence: [5, 3, 7, 9, 1, 2, 6, 4, 8]
-- S9H result
--------------------------------------------
HostNestNum = 5, P_a = 0.2
--------------------------------------------
-- 2020-06-07 17:45 result data
OFV: 2294.5	/ CPU: 0.391 seconds 	/ department sequence: [5, 3, 7, 9, 1, 2, 6, 4, 8]
OFV: 2294.5	/ CPU: 0.215 seconds 	/ department sequence: [5, 3, 7, 9, 1, 2, 6, 4, 8]
-- S9H result
--------------------------------------------
HostNestNum = 5, P_a = 0.2
--------------------------------------------
-- 2020-06-07 17:50 result data
OFV: 2293.0	/ CPU: 7.092 seconds 	/ department sequence: [5, 3, 7, 9, 1, 2, 6, 4, 8]
OFV: 2293.0	/ CPU: 7.694 seconds 	/ department sequence: [4, 8, 2, 6, 1, 9, 7, 5, 3]
OFV: 2293.0	/ CPU: 7.821 seconds 	/ department sequence: [5, 3, 7, 9, 1, 2, 6, 4, 8]
OFV: 2293.0	/ CPU: 7.495 seconds 	/ department sequence: [5, 3, 7, 9, 1, 2, 6, 4, 8]
OFV: 2293.0	/ CPU: 7.266 seconds 	/ department sequence: [8, 4, 6, 2, 1, 9, 7, 5, 3]
-- S9H result
--------------------------------------------
HostNestNum = 5, P_a = 0.2
--------------------------------------------
-- 2020-06-08 15:02 result data
OFV: 2293.0	/ CPU: 7.409 seconds 	/ department sequence: [5, 3, 7, 9, 1, 2, 6, 4, 8]
OFV: 2293.0	/ CPU: 7.745 seconds 	/ department sequence: [3, 5, 7, 9, 1, 2, 6, 4, 8]
OFV: 2293.0	/ CPU: 7.637 seconds 	/ department sequence: [5, 3, 7, 9, 1, 2, 6, 4, 8]
OFV: 2293.0	/ CPU: 7.929 seconds 	/ department sequence: [8, 4, 6, 2, 1, 9, 7, 5, 3]
OFV: 2293.0	/ CPU: 6.928 seconds 	/ department sequence: [4, 8, 2, 6, 1, 9, 7, 5, 3]
-- S9H result
--------------------------------------------
HostNestNum = 5, P_a = 0.2
--------------------------------------------
-- 2020-06-08 16:54 result data
OFV: 2293.0	/ CPU: 7.455 seconds 	/ department sequence: [5, 3, 7, 9, 1, 2, 6, 4, 8]
OFV: 2293.0	/ CPU: 6.604 seconds 	/ department sequence: [5, 3, 7, 9, 1, 2, 6, 4, 8]
OFV: 2293.0	/ CPU: 9.735 seconds 	/ department sequence: [3, 5, 7, 9, 1, 2, 6, 4, 8]
OFV: 2293.0	/ CPU: 7.274 seconds 	/ department sequence: [8, 4, 6, 2, 1, 9, 7, 5, 3]
OFV: 2293.0	/ CPU: 8.498 seconds 	/ department sequence: [8, 4, 6, 2, 1, 9, 7, 5, 3]
-- S9H result
--------------------------------------------
HostNestNum = 5, P_a = 0.2
--------------------------------------------
-- 2020-06-08 22:07 result data
OFV: 2293.0	/ CPU: 7.732 seconds 	/ department sequence: [5, 3, 7, 9, 1, 2, 6, 4, 8]
OFV: 2293.0	/ CPU: 8.276 seconds 	/ department sequence: [5, 3, 7, 9, 1, 2, 6, 4, 8]
OFV: 2293.0	/ CPU: 7.552 seconds 	/ department sequence: [8, 4, 6, 2, 1, 9, 7, 5, 3]
OFV: 2293.0	/ CPU: 8.833 seconds 	/ department sequence: [8, 4, 6, 2, 1, 9, 7, 5, 3]
OFV: 2293.0	/ CPU: 7.400 seconds 	/ department sequence: [3, 5, 7, 9, 1, 2, 6, 4, 8]
-- S9H result
--------------------------------------------
HostNestNum = 5, P_a = 0.2
--------------------------------------------
-- 2020-06-09 15:38 result data
OFV: 2293.0	/ CPU: 6.607 seconds 	/ department sequence: [4, 8, 2, 6, 1, 9, 7, 5, 3]
OFV: 2293.0	/ CPU: 6.386 seconds 	/ department sequence: [5, 3, 7, 9, 1, 2, 6, 4, 8]
OFV: 2293.0	/ CPU: 8.353 seconds 	/ department sequence: [3, 5, 7, 9, 1, 2, 6, 4, 8]
OFV: 2293.0	/ CPU: 7.259 seconds 	/ department sequence: [5, 3, 7, 9, 1, 2, 6, 4, 8]
OFV: 2293.0	/ CPU: 9.232 seconds 	/ department sequence: [3, 5, 7, 9, 1, 2, 6, 4, 8]
