-- S9 result
--------------------------------------------
HostNestNum = 5, P_a = 0.0
--------------------------------------------
-- 2019-01-08 08:51 result data
OFV: 2469.5	/ CPU: 1.261 seconds 	/ department sequence: [8, 4, 7, 5, 1, 9, 6, 3, 2]
OFV: 2469.5	/ CPU: 0.938 seconds 	/ department sequence: [2, 3, 6, 9, 1, 5, 7, 4, 8]
OFV: 2469.5	/ CPU: 0.956 seconds 	/ department sequence: [8, 4, 7, 5, 1, 9, 6, 3, 2]
OFV: 2469.5	/ CPU: 0.889 seconds 	/ department sequence: [8, 4, 7, 5, 1, 9, 6, 3, 2]
OFV: 2469.5	/ CPU: 0.864 seconds 	/ department sequence: [2, 3, 6, 9, 1, 5, 7, 4, 8]
OFV: 2469.5	/ CPU: 0.848 seconds 	/ department sequence: [8, 4, 7, 5, 1, 9, 6, 3, 2]
OFV: 2469.5	/ CPU: 0.891 seconds 	/ department sequence: [8, 4, 7, 5, 1, 9, 6, 3, 2]
OFV: 2469.5	/ CPU: 0.854 seconds 	/ department sequence: [8, 4, 7, 5, 1, 9, 6, 3, 2]
OFV: 2469.5	/ CPU: 0.818 seconds 	/ department sequence: [2, 3, 6, 9, 1, 5, 7, 4, 8]
OFV: 2469.5	/ CPU: 0.900 seconds 	/ department sequence: [8, 4, 7, 5, 1, 9, 6, 3, 2]
-- S9 result
--------------------------------------------
HostNestNum = 5, P_a = 0.0
--------------------------------------------
-- 2020-06-10 13:51 result data
-- S9 result
--------------------------------------------
HostNestNum = 5, P_a = 0.0
--------------------------------------------
-- 2020-06-10 13:53 result data
OFV: 1179.0	/ CPU: 2.273 seconds 	/ department sequence: [4, 8, 5, 1, 9, 7, 6, 3, 2]
OFV: 1179.0	/ CPU: 1.891 seconds 	/ department sequence: [4, 8, 5, 1, 9, 7, 6, 3, 2]
OFV: 1179.0	/ CPU: 1.843 seconds 	/ department sequence: [8, 4, 5, 1, 7, 9, 6, 3, 2]
OFV: 1179.0	/ CPU: 1.246 seconds 	/ department sequence: [8, 4, 5, 1, 7, 9, 6, 3, 2]
OFV: 1179.0	/ CPU: 1.219 seconds 	/ department sequence: [8, 4, 5, 1, 7, 9, 6, 3, 2]
OFV: 1179.0	/ CPU: 1.448 seconds 	/ department sequence: [8, 4, 5, 1, 7, 9, 6, 3, 2]
OFV: 1179.0	/ CPU: 1.307 seconds 	/ department sequence: [8, 4, 5, 1, 7, 9, 6, 3, 2]
OFV: 1179.0	/ CPU: 1.513 seconds 	/ department sequence: [4, 8, 5, 1, 9, 7, 6, 3, 2]
OFV: 1179.0	/ CPU: 1.474 seconds 	/ department sequence: [8, 4, 5, 1, 7, 9, 6, 3, 2]
OFV: 1179.0	/ CPU: 1.533 seconds 	/ department sequence: [4, 8, 5, 1, 9, 7, 6, 3, 2]
-- S9 result
--------------------------------------------
HostNestNum = 5, P_a = 0.0
--------------------------------------------
-- 2020-06-10 13:56 result data
OFV: 1179.0	/ CPU: 2.372 seconds 	/ department sequence: [4, 8, 5, 1, 9, 7, 6, 3, 2]
OFV: 1179.0	/ CPU: 1.440 seconds 	/ department sequence: [8, 4, 5, 1, 7, 9, 6, 3, 2]
OFV: 1179.0	/ CPU: 1.242 seconds 	/ department sequence: [8, 4, 5, 1, 7, 9, 6, 3, 2]
OFV: 1179.0	/ CPU: 1.380 seconds 	/ department sequence: [4, 8, 5, 1, 9, 7, 6, 3, 2]
OFV: 1179.0	/ CPU: 1.778 seconds 	/ department sequence: [4, 8, 5, 1, 9, 7, 6, 3, 2]
OFV: 1179.0	/ CPU: 1.658 seconds 	/ department sequence: [8, 4, 5, 1, 7, 9, 6, 3, 2]
OFV: 1179.0	/ CPU: 1.236 seconds 	/ department sequence: [4, 8, 5, 1, 9, 7, 6, 3, 2]
OFV: 1179.0	/ CPU: 1.819 seconds 	/ department sequence: [8, 4, 5, 1, 7, 9, 6, 3, 2]
OFV: 1179.0	/ CPU: 1.575 seconds 	/ department sequence: [4, 8, 5, 1, 9, 7, 6, 3, 2]
OFV: 1179.0	/ CPU: 1.194 seconds 	/ department sequence: [4, 8, 5, 1, 9, 7, 6, 3, 2]
-- S9 result
--------------------------------------------
HostNestNum = 5, P_a = 0.0
--------------------------------------------
-- 2020-06-10 14:12 result data
OFV: 1179.0	/ CPU: 1.986 seconds 	/ department sequence: [8, 4, 5, 1, 7, 9, 6, 3, 2]
OFV: 1179.0	/ CPU: 1.956 seconds 	/ department sequence: [8, 4, 5, 1, 7, 9, 6, 3, 2]
OFV: 1179.0	/ CPU: 1.133 seconds 	/ department sequence: [8, 4, 5, 1, 7, 9, 6, 3, 2]
OFV: 1179.0	/ CPU: 1.262 seconds 	/ department sequence: [3, 2, 6, 9, 7, 5, 1, 8, 4]
OFV: 1179.0	/ CPU: 1.690 seconds 	/ department sequence: [8, 4, 5, 1, 7, 9, 6, 3, 2]
OFV: 1179.0	/ CPU: 1.260 seconds 	/ department sequence: [3, 2, 6, 9, 7, 5, 1, 8, 4]
OFV: 1179.0	/ CPU: 1.464 seconds 	/ department sequence: [3, 2, 6, 9, 7, 5, 1, 8, 4]
OFV: 1179.0	/ CPU: 1.703 seconds 	/ department sequence: [8, 4, 5, 1, 7, 9, 6, 3, 2]
OFV: 1179.0	/ CPU: 1.439 seconds 	/ department sequence: [8, 4, 5, 1, 7, 9, 6, 3, 2]
OFV: 1179.0	/ CPU: 1.212 seconds 	/ department sequence: [8, 4, 5, 1, 7, 9, 6, 3, 2]
-- S9 result
--------------------------------------------
HostNestNum = 5, P_a = 0.0
--------------------------------------------
-- 2020-06-10 21:22 result data
OFV: 1179.0	/ CPU: 2.408 seconds 	/ department sequence: [3, 2, 6, 9, 7, 5, 1, 8, 4]
OFV: 1179.0	/ CPU: 1.667 seconds 	/ department sequence: [4, 8, 5, 1, 9, 7, 6, 3, 2]
OFV: 1179.0	/ CPU: 1.296 seconds 	/ department sequence: [8, 4, 5, 1, 7, 9, 6, 3, 2]
OFV: 1179.0	/ CPU: 1.318 seconds 	/ department sequence: [8, 4, 5, 1, 7, 9, 6, 3, 2]
OFV: 1179.0	/ CPU: 1.395 seconds 	/ department sequence: [8, 4, 5, 1, 7, 9, 6, 3, 2]
