-- S8 result
--------------------------------------------
HostNestNum = 50, P_a = 0.4
--------------------------------------------
-- 2019-01-06 07:44summary result data
OFV: 801.0	/ CPU: 3.749	/ department sequence: [7, 2, 1, 5, 3, 8, 6, 4]
-- 2019-01-06 07:44summary result data
OFV: 801.0	/ CPU: 3.803	/ department sequence: [7, 2, 1, 5, 3, 8, 6, 4]
-- 2019-01-06 07:44summary result data
OFV: 801.0	/ CPU: 3.752	/ department sequence: [4, 6, 8, 3, 5, 1, 2, 7]
-- 2019-01-06 07:44summary result data
OFV: 801.0	/ CPU: 3.741	/ department sequence: [7, 2, 1, 5, 3, 8, 6, 4]
-- 2019-01-06 07:44summary result data
OFV: 801.0	/ CPU: 3.721	/ department sequence: [7, 2, 1, 5, 3, 8, 6, 4]
-- 2019-01-06 07:44summary result data
OFV: 801.0	/ CPU: 3.749	/ department sequence: [4, 6, 8, 3, 5, 1, 2, 7]
-- 2019-01-06 07:45summary result data
OFV: 801.0	/ CPU: 3.718	/ department sequence: [4, 6, 8, 3, 5, 1, 2, 7]
-- 2019-01-06 07:45summary result data
OFV: 801.0	/ CPU: 3.77	/ department sequence: [7, 2, 1, 5, 3, 8, 6, 4]
-- 2019-01-06 07:45summary result data
OFV: 801.0	/ CPU: 3.749	/ department sequence: [4, 6, 8, 3, 5, 1, 2, 7]
-- 2019-01-06 07:45summary result data
OFV: 801.0	/ CPU: 3.804	/ department sequence: [7, 2, 1, 5, 3, 8, 6, 4]
