-- S8 result
--------------------------------------------
HostNestNum = 50, P_a = 0.01
--------------------------------------------
-- 2019-01-06 07:43summary result data
OFV: 801.0	/ CPU: 0.688	/ department sequence: [7, 2, 1, 5, 3, 8, 6, 4]
-- 2019-01-06 07:43summary result data
OFV: 801.0	/ CPU: 0.668	/ department sequence: [7, 2, 1, 5, 3, 8, 6, 4]
-- 2019-01-06 07:43summary result data
OFV: 801.0	/ CPU: 0.668	/ department sequence: [4, 6, 8, 3, 5, 1, 2, 7]
-- 2019-01-06 07:43summary result data
OFV: 801.0	/ CPU: 0.64	/ department sequence: [4, 6, 8, 3, 5, 1, 2, 7]
-- 2019-01-06 07:43summary result data
OFV: 801.0	/ CPU: 0.649	/ department sequence: [7, 2, 1, 5, 3, 8, 6, 4]
-- 2019-01-06 07:43summary result data
OFV: 801.0	/ CPU: 0.649	/ department sequence: [7, 2, 1, 5, 3, 8, 6, 4]
-- 2019-01-06 07:43summary result data
OFV: 801.0	/ CPU: 0.65	/ department sequence: [7, 2, 1, 5, 3, 8, 6, 4]
-- 2019-01-06 07:43summary result data
OFV: 801.0	/ CPU: 0.648	/ department sequence: [7, 2, 1, 5, 3, 8, 6, 4]
-- 2019-01-06 07:43summary result data
OFV: 801.0	/ CPU: 0.664	/ department sequence: [7, 2, 1, 5, 3, 8, 6, 4]
-- 2019-01-06 07:43summary result data
OFV: 801.0	/ CPU: 0.65	/ department sequence: [4, 6, 8, 3, 5, 1, 2, 7]
