-- S8 result
--------------------------------------------
HostNestNum = 50, P_a = 0.2
--------------------------------------------
-- 2019-01-06 07:43summary result data
OFV: 801.0	/ CPU: 2.124	/ department sequence: [4, 6, 8, 3, 5, 1, 2, 7]
-- 2019-01-06 07:43summary result data
OFV: 801.0	/ CPU: 2.609	/ department sequence: [4, 6, 8, 3, 5, 1, 2, 7]
-- 2019-01-06 07:43summary result data
OFV: 801.0	/ CPU: 3.763	/ department sequence: [4, 6, 8, 3, 5, 1, 2, 7]
-- 2019-01-06 07:43summary result data
OFV: 801.0	/ CPU: 2.32	/ department sequence: [4, 6, 8, 3, 5, 1, 2, 7]
-- 2019-01-06 07:43summary result data
OFV: 801.0	/ CPU: 2.087	/ department sequence: [4, 6, 8, 3, 5, 1, 2, 7]
-- 2019-01-06 07:44summary result data
OFV: 801.0	/ CPU: 2.092	/ department sequence: [7, 2, 1, 5, 3, 8, 6, 4]
-- 2019-01-06 07:44summary result data
OFV: 801.0	/ CPU: 2.115	/ department sequence: [4, 6, 8, 3, 5, 1, 2, 7]
-- 2019-01-06 07:44summary result data
OFV: 801.0	/ CPU: 2.062	/ department sequence: [7, 2, 1, 5, 3, 8, 6, 4]
-- 2019-01-06 07:44summary result data
OFV: 801.0	/ CPU: 2.16	/ department sequence: [7, 2, 1, 5, 3, 8, 6, 4]
-- 2019-01-06 07:44summary result data
OFV: 801.0	/ CPU: 2.116	/ department sequence: [7, 2, 1, 5, 3, 8, 6, 4]
