-- S8 result
--------------------------------------------
HostNestNum = 50, P_a = 0.1
--------------------------------------------
-- 2019-01-06 07:43summary result data
OFV: 801.0	/ CPU: 1.287	/ department sequence: [4, 6, 8, 3, 5, 1, 2, 7]
-- 2019-01-06 07:43summary result data
OFV: 801.0	/ CPU: 1.28	/ department sequence: [4, 6, 8, 3, 5, 1, 2, 7]
-- 2019-01-06 07:43summary result data
OFV: 801.0	/ CPU: 1.27	/ department sequence: [4, 6, 8, 3, 5, 1, 2, 7]
-- 2019-01-06 07:43summary result data
OFV: 801.0	/ CPU: 1.27	/ department sequence: [7, 2, 1, 5, 3, 8, 6, 4]
-- 2019-01-06 07:43summary result data
OFV: 801.0	/ CPU: 1.283	/ department sequence: [7, 2, 1, 5, 3, 8, 6, 4]
-- 2019-01-06 07:43summary result data
OFV: 801.0	/ CPU: 1.271	/ department sequence: [4, 6, 8, 3, 5, 1, 2, 7]
-- 2019-01-06 07:43summary result data
OFV: 801.0	/ CPU: 1.296	/ department sequence: [7, 2, 1, 5, 3, 8, 6, 4]
-- 2019-01-06 07:43summary result data
OFV: 801.0	/ CPU: 1.317	/ department sequence: [7, 2, 1, 5, 3, 8, 6, 4]
-- 2019-01-06 07:43summary result data
OFV: 801.0	/ CPU: 1.293	/ department sequence: [4, 6, 8, 3, 5, 1, 2, 7]
-- 2019-01-06 07:43summary result data
OFV: 801.0	/ CPU: 1.282	/ department sequence: [4, 6, 8, 3, 5, 1, 2, 7]
