-- S8 result
--------------------------------------------
HostNestNum = 50, P_a = 0.5
--------------------------------------------
-- 2019-01-06 07:45summary result data
OFV: 801.0	/ CPU: 4.609	/ department sequence: [4, 6, 8, 3, 5, 1, 2, 7]
-- 2019-01-06 07:45summary result data
OFV: 801.0	/ CPU: 4.609	/ department sequence: [4, 6, 8, 3, 5, 1, 2, 7]
-- 2019-01-06 07:45summary result data
OFV: 801.0	/ CPU: 4.607	/ department sequence: [7, 2, 1, 5, 3, 8, 6, 4]
-- 2019-01-06 07:45summary result data
OFV: 801.0	/ CPU: 4.588	/ department sequence: [4, 6, 8, 3, 5, 1, 2, 7]
-- 2019-01-06 07:45summary result data
OFV: 801.0	/ CPU: 4.609	/ department sequence: [4, 6, 8, 3, 5, 1, 2, 7]
-- 2019-01-06 07:45summary result data
OFV: 801.0	/ CPU: 4.607	/ department sequence: [4, 6, 8, 3, 5, 1, 2, 7]
-- 2019-01-06 07:45summary result data
OFV: 801.0	/ CPU: 4.62	/ department sequence: [4, 6, 8, 3, 5, 1, 2, 7]
-- 2019-01-06 07:45summary result data
OFV: 801.0	/ CPU: 4.611	/ department sequence: [7, 2, 1, 5, 3, 8, 6, 4]
-- 2019-01-06 07:45summary result data
OFV: 801.0	/ CPU: 4.571	/ department sequence: [7, 2, 1, 5, 3, 8, 6, 4]
-- 2019-01-06 07:45summary result data
OFV: 801.0	/ CPU: 4.591	/ department sequence: [4, 6, 8, 3, 5, 1, 2, 7]
