-- S8 result
--------------------------------------------
HostNestNum = 20, P_a = 0.5
--------------------------------------------
-- 2019-01-06 07:42summary result data
OFV: 801.0	/ CPU: 2.107	/ department sequence: [7, 2, 1, 5, 3, 8, 6, 4]
-- 2019-01-06 07:42summary result data
OFV: 801.0	/ CPU: 2.427	/ department sequence: [7, 2, 1, 5, 3, 8, 6, 4]
-- 2019-01-06 07:42summary result data
OFV: 801.0	/ CPU: 2.34	/ department sequence: [7, 2, 1, 5, 3, 8, 6, 4]
-- 2019-01-06 07:42summary result data
OFV: 801.0	/ CPU: 2.217	/ department sequence: [7, 2, 1, 5, 3, 8, 6, 4]
-- 2019-01-06 07:42summary result data
OFV: 801.0	/ CPU: 2.007	/ department sequence: [7, 2, 1, 5, 3, 8, 6, 4]
-- 2019-01-06 07:42summary result data
OFV: 801.0	/ CPU: 2.052	/ department sequence: [4, 6, 8, 3, 5, 1, 2, 7]
-- 2019-01-06 07:42summary result data
OFV: 801.0	/ CPU: 2.018	/ department sequence: [7, 2, 1, 5, 3, 8, 6, 4]
-- 2019-01-06 07:42summary result data
OFV: 801.0	/ CPU: 1.984	/ department sequence: [7, 2, 1, 5, 3, 8, 6, 4]
-- 2019-01-06 07:42summary result data
OFV: 801.0	/ CPU: 2.0	/ department sequence: [7, 2, 1, 5, 3, 8, 6, 4]
-- 2019-01-06 07:42summary result data
OFV: 801.0	/ CPU: 2.004	/ department sequence: [7, 2, 1, 5, 3, 8, 6, 4]
