-- S8 result
--------------------------------------------
HostNestNum = 50, P_a = 0.05
--------------------------------------------
-- 2019-01-06 07:43summary result data
OFV: 801.0	/ CPU: 0.958	/ department sequence: [7, 2, 1, 5, 3, 8, 6, 4]
-- 2019-01-06 07:43summary result data
OFV: 801.0	/ CPU: 0.968	/ department sequence: [7, 2, 1, 5, 3, 8, 6, 4]
-- 2019-01-06 07:43summary result data
OFV: 801.0	/ CPU: 0.975	/ department sequence: [4, 6, 8, 3, 5, 1, 2, 7]
-- 2019-01-06 07:43summary result data
OFV: 801.0	/ CPU: 0.993	/ department sequence: [4, 6, 8, 3, 5, 1, 2, 7]
-- 2019-01-06 07:43summary result data
OFV: 801.0	/ CPU: 0.953	/ department sequence: [7, 2, 1, 5, 3, 8, 6, 4]
-- 2019-01-06 07:43summary result data
OFV: 801.0	/ CPU: 0.971	/ department sequence: [7, 2, 1, 5, 3, 8, 6, 4]
-- 2019-01-06 07:43summary result data
OFV: 801.0	/ CPU: 0.945	/ department sequence: [7, 2, 1, 5, 3, 8, 6, 4]
-- 2019-01-06 07:43summary result data
OFV: 801.0	/ CPU: 0.97	/ department sequence: [4, 6, 8, 3, 5, 1, 2, 7]
-- 2019-01-06 07:43summary result data
OFV: 801.0	/ CPU: 0.96	/ department sequence: [7, 2, 1, 5, 3, 8, 6, 4]
-- 2019-01-06 07:43summary result data
OFV: 801.0	/ CPU: 0.965	/ department sequence: [4, 6, 8, 3, 5, 1, 2, 7]
