-- S8 result
--------------------------------------------
HostNestNum = 20, P_a = 0.4
--------------------------------------------
-- 2019-01-06 07:42summary result data
OFV: 801.0	/ CPU: 1.786	/ department sequence: [7, 2, 1, 5, 3, 8, 6, 4]
-- 2019-01-06 07:42summary result data
OFV: 801.0	/ CPU: 1.734	/ department sequence: [7, 2, 1, 5, 3, 8, 6, 4]
-- 2019-01-06 07:42summary result data
OFV: 801.0	/ CPU: 1.831	/ department sequence: [7, 2, 1, 5, 3, 8, 6, 4]
-- 2019-01-06 07:42summary result data
OFV: 801.0	/ CPU: 2.158	/ department sequence: [7, 2, 1, 5, 3, 8, 6, 4]
-- 2019-01-06 07:42summary result data
OFV: 801.0	/ CPU: 1.688	/ department sequence: [7, 2, 1, 5, 3, 8, 6, 4]
-- 2019-01-06 07:42summary result data
OFV: 801.0	/ CPU: 1.689	/ department sequence: [7, 2, 1, 5, 3, 8, 6, 4]
-- 2019-01-06 07:42summary result data
OFV: 801.0	/ CPU: 1.707	/ department sequence: [4, 6, 8, 3, 5, 1, 2, 7]
-- 2019-01-06 07:42summary result data
OFV: 801.0	/ CPU: 1.777	/ department sequence: [4, 6, 8, 3, 5, 1, 2, 7]
-- 2019-01-06 07:42summary result data
OFV: 801.0	/ CPU: 1.816	/ department sequence: [4, 6, 8, 3, 5, 1, 2, 7]
-- 2019-01-06 07:42summary result data
OFV: 801.0	/ CPU: 1.898	/ department sequence: [7, 2, 1, 5, 3, 8, 6, 4]
