S11 summary

-- 2019-01-08 09:12 result data
--------------------------------------------
HostNestNum = 5, P_a = 0.0
--------------------------------------------
Best OFV : 6933.5	CPU Time : 1.047 seconds (Processing time for the best solution)
Average OFV : 7077.1
Average CPU Time : 1.125
--------------------------------------------
HostNestNum = 5, P_a = 0.1
--------------------------------------------
Best OFV : 6933.5	CPU Time : 0.932 seconds (Processing time for the best solution)
Average OFV : 6933.5
Average CPU Time : 1.336
--------------------------------------------
HostNestNum = 5, P_a = 0.2
--------------------------------------------
Best OFV : 6933.5	CPU Time : 0.928 seconds (Processing time for the best solution)
Average OFV : 6933.5
Average CPU Time : 1.006
--------------------------------------------
HostNestNum = 5, P_a = 0.25
--------------------------------------------
Best OFV : 6933.5	CPU Time : 0.928 seconds (Processing time for the best solution)
Average OFV : 6933.5
Average CPU Time : 1.114
--------------------------------------------
HostNestNum = 5, P_a = 0.4
--------------------------------------------
Best OFV : 6933.5	CPU Time : 1.173 seconds (Processing time for the best solution)
Average OFV : 6955.1
Average CPU Time : 1.31
--------------------------------------------
HostNestNum = 5, P_a = 0.5
--------------------------------------------
Best OFV : 6933.5	CPU Time : 1.419 seconds (Processing time for the best solution)
Average OFV : 6948.5
Average CPU Time : 1.695
--------------------------------------------
HostNestNum = 10, P_a = 0.0
--------------------------------------------
Best OFV : 6933.5	CPU Time : 0.672 seconds (Processing time for the best solution)
Average OFV : 7066.3
Average CPU Time : 0.733
--------------------------------------------
HostNestNum = 10, P_a = 0.1
--------------------------------------------
Best OFV : 6933.5	CPU Time : 0.92 seconds (Processing time for the best solution)
Average OFV : 6944.3
Average CPU Time : 1.009
--------------------------------------------
HostNestNum = 10, P_a = 0.2
--------------------------------------------
Best OFV : 6933.5	CPU Time : 1.152 seconds (Processing time for the best solution)
Average OFV : 6933.5
Average CPU Time : 1.344
--------------------------------------------
HostNestNum = 10, P_a = 0.25
--------------------------------------------
Best OFV : 6933.5	CPU Time : 1.415 seconds (Processing time for the best solution)
Average OFV : 6933.5
Average CPU Time : 1.619
--------------------------------------------
HostNestNum = 10, P_a = 0.4
--------------------------------------------
Best OFV : 6933.5	CPU Time : 1.674 seconds (Processing time for the best solution)
Average OFV : 6933.5
Average CPU Time : 1.908
--------------------------------------------
HostNestNum = 10, P_a = 0.5
--------------------------------------------
Best OFV : 6933.5	CPU Time : 1.9 seconds (Processing time for the best solution)
Average OFV : 6933.5
Average CPU Time : 2.108
--------------------------------------------
HostNestNum = 11, P_a = 0.0
--------------------------------------------
Best OFV : 6933.5	CPU Time : 0.681 seconds (Processing time for the best solution)
Average OFV : 6933.5
Average CPU Time : 0.797
--------------------------------------------
HostNestNum = 11, P_a = 0.1
--------------------------------------------
Best OFV : 6933.5	CPU Time : 0.921 seconds (Processing time for the best solution)
Average OFV : 6933.5
Average CPU Time : 0.997
--------------------------------------------
HostNestNum = 11, P_a = 0.2
--------------------------------------------
Best OFV : 6933.5	CPU Time : 1.169 seconds (Processing time for the best solution)
Average OFV : 6933.5
Average CPU Time : 1.225
--------------------------------------------
HostNestNum = 11, P_a = 0.25
--------------------------------------------
Best OFV : 6933.5	CPU Time : 1.406 seconds (Processing time for the best solution)
Average OFV : 6933.5
Average CPU Time : 1.744
--------------------------------------------
HostNestNum = 11, P_a = 0.4
--------------------------------------------
Best OFV : 6933.5	CPU Time : 1.652 seconds (Processing time for the best solution)
Average OFV : 6933.5
Average CPU Time : 1.774
--------------------------------------------
HostNestNum = 11, P_a = 0.5
--------------------------------------------
Best OFV : 6933.5	CPU Time : 2.139 seconds (Processing time for the best solution)
Average OFV : 6933.5
Average CPU Time : 2.419
--------------------------------------------
HostNestNum = 15, P_a = 0.0
--------------------------------------------
Best OFV : 6933.5	CPU Time : 0.666 seconds (Processing time for the best solution)
Average OFV : 6999.9
Average CPU Time : 0.712
--------------------------------------------
HostNestNum = 15, P_a = 0.1
--------------------------------------------
Best OFV : 6933.5	CPU Time : 1.185 seconds (Processing time for the best solution)
Average OFV : 6933.5
Average CPU Time : 1.315
--------------------------------------------
HostNestNum = 15, P_a = 0.2
--------------------------------------------
Best OFV : 6933.5	CPU Time : 1.411 seconds (Processing time for the best solution)
Average OFV : 6933.5
Average CPU Time : 1.49
--------------------------------------------
HostNestNum = 15, P_a = 0.25
--------------------------------------------
Best OFV : 6933.5	CPU Time : 1.641 seconds (Processing time for the best solution)
Average OFV : 6933.5
Average CPU Time : 1.732
--------------------------------------------
HostNestNum = 15, P_a = 0.4
--------------------------------------------
Best OFV : 6933.5	CPU Time : 2.133 seconds (Processing time for the best solution)
Average OFV : 6944.3
Average CPU Time : 2.483
--------------------------------------------
HostNestNum = 15, P_a = 0.5
--------------------------------------------
Best OFV : 6933.5	CPU Time : 2.64 seconds (Processing time for the best solution)
Average OFV : 6933.5
Average CPU Time : 2.856
