-- S11 result
--------------------------------------------
HostNestNum = 5, P_a = 0.0
--------------------------------------------
-- 2019-01-08 09:12 result data
OFV: 7265.5	/ CPU: 1.303 seconds 	/ department sequence: [11, 6, 2, 5, 1, 7, 10, 4, 3, 8, 9]
OFV: 7265.5	/ CPU: 1.225 seconds 	/ department sequence: [9, 8, 3, 4, 10, 7, 1, 5, 2, 6, 11]
OFV: 6933.5	/ CPU: 1.047 seconds 	/ department sequence: [9, 7, 2, 1, 10, 4, 3, 6, 5, 8, 11]
OFV: 7041.5	/ CPU: 1.057 seconds 	/ department sequence: [8, 5, 3, 4, 6, 10, 1, 2, 7, 9, 11]
OFV: 6933.5	/ CPU: 1.230 seconds 	/ department sequence: [9, 7, 2, 1, 10, 4, 3, 6, 5, 8, 11]
OFV: 6933.5	/ CPU: 1.155 seconds 	/ department sequence: [9, 7, 2, 1, 10, 4, 3, 6, 5, 8, 11]
OFV: 7265.5	/ CPU: 1.091 seconds 	/ department sequence: [9, 8, 3, 4, 10, 7, 1, 5, 2, 6, 11]
OFV: 7265.5	/ CPU: 1.001 seconds 	/ department sequence: [9, 8, 3, 4, 10, 7, 1, 5, 2, 6, 11]
OFV: 6933.5	/ CPU: 1.094 seconds 	/ department sequence: [9, 7, 2, 1, 10, 4, 3, 6, 5, 8, 11]
OFV: 6933.5	/ CPU: 1.050 seconds 	/ department sequence: [11, 8, 5, 6, 3, 4, 10, 1, 2, 7, 9]
-- S11 result
--------------------------------------------
HostNestNum = 5, P_a = 0.0
--------------------------------------------
-- 2020-06-10 14:19 result data
OFV: 3424.5	/ CPU: 2.740 seconds 	/ department sequence: [9, 2, 7, 1, 10, 4, 3, 6, 5, 8, 11]
OFV: 3424.5	/ CPU: 1.412 seconds 	/ department sequence: [8, 11, 5, 6, 4, 3, 1, 10, 2, 7, 9]
OFV: 3424.5	/ CPU: 1.769 seconds 	/ department sequence: [8, 11, 5, 6, 4, 3, 1, 10, 2, 7, 9]
OFV: 3424.5	/ CPU: 1.436 seconds 	/ department sequence: [9, 2, 7, 1, 10, 4, 3, 6, 5, 8, 11]
OFV: 3424.5	/ CPU: 1.731 seconds 	/ department sequence: [11, 8, 5, 6, 4, 3, 1, 10, 2, 7, 9]
OFV: 3424.5	/ CPU: 1.613 seconds 	/ department sequence: [9, 2, 7, 1, 10, 4, 3, 6, 5, 8, 11]
OFV: 3424.5	/ CPU: 2.010 seconds 	/ department sequence: [11, 8, 5, 6, 4, 3, 1, 10, 2, 7, 9]
OFV: 3424.5	/ CPU: 1.728 seconds 	/ department sequence: [11, 8, 5, 6, 4, 3, 1, 10, 2, 7, 9]
OFV: 3424.5	/ CPU: 2.393 seconds 	/ department sequence: [9, 2, 7, 1, 10, 4, 3, 6, 5, 8, 11]
OFV: 3424.5	/ CPU: 1.224 seconds 	/ department sequence: [11, 8, 5, 6, 4, 3, 1, 10, 2, 7, 9]
