The single-row facility layout problem(SRFLP) with Cuckoo Search Algorithm(CS)

Summary of computational results with the fixed_alpha parameter set

================================================================================
Problem	Nest Number	Pa		Best OFV	CPU Time(second)
-- 2019-01-06 14:13 result data
P4		5			0.0		638.0		0.344
P15		15			0.0		6305.0		0.995
-- 2019-01-07 17:10 result data
S5		10			0.0		151.0		0.279
-- 2019-01-07 17:17 result data
LW5		10			0.0		151.0		0.282
-- 2019-01-07 17:28 result data
S8		10			0.0		801.0		0.469
-- 2019-01-07 17:36 result data
S8H		10			0.0		2324.5		0.463
-- 2019-01-07 18:02 result data
S9H		10			0.0		4695.5		0.522
-- 2019-01-08 08:52 result data
S9		10			0.0		2469.5		0.53
-- 2019-01-08 09:03 result data
S10		10			0.0		2781.5		0.585
-- 2019-01-08 09:18 result data
S11		15			0.0		6933.5		0.666
-- 2019-01-08 09:38 result data
LW11	10			0.0		6933.5		0.663
-- 2019-01-08 11:13 result data
P15		15			0.0		6305.0		1.0
-- 2019-01-08 13:37 result data
P17		15			0.0		9254.0		1.212
-- 2019-01-08 14:53 result data
P18		10			0.0		10650.5		1.273
-- 2019-01-08 15:43 result data
H_20	10			0.0		15549.0		1.505
The single-row facility layout problem(SRFLP) with Cuckoo Search Algorithm(CS)

Summary of computational results with the fixed_alpha parameter set

================================================================================
Problem	Nest Number	Pa		Best OFV	CPU Time(second)
The single-row facility layout problem(SRFLP) with Cuckoo Search Algorithm(CS)

Summary of computational results with the fixed_alpha parameter set

================================================================================
Problem	Nest Number	Pa		Best OFV	CPU Time(second)
The single-row facility layout problem(SRFLP) with Cuckoo Search Algorithm(CS)

Summary of computational results with the fixed_alpha parameter set

================================================================================
Problem	Nest Number	Pa		Best OFV	CPU Time(second)
The single-row facility layout problem(SRFLP) with Cuckoo Search Algorithm(CS)

Summary of computational results with the fixed_alpha parameter set

================================================================================
Problem	Nest Number	Pa		Best OFV	CPU Time(second)
The single-row facility layout problem(SRFLP) with Cuckoo Search Algorithm(CS)

Summary of computational results with the fixed_alpha parameter set

================================================================================
Problem	Nest Number	Pa		Best OFV	CPU Time(second)
The single-row facility layout problem(SRFLP) with Cuckoo Search Algorithm(CS)

Summary of computational results with the fixed_alpha parameter set

================================================================================
Problem	Nest Number	Pa		Best OFV	CPU Time(second)
The single-row facility layout problem(SRFLP) with Cuckoo Search Algorithm(CS)

Summary of computational results with the fixed_alpha parameter set

================================================================================
Problem	Nest Number	Pa		Best OFV	CPU Time(second)
The single-row facility layout problem(SRFLP) with Cuckoo Search Algorithm(CS)

Summary of computational results with the fixed_alpha parameter set

================================================================================
Problem	Nest Number	Pa		Best OFV	CPU Time(second)
The single-row facility layout problem(SRFLP) with Cuckoo Search Algorithm(CS)

Summary of computational results with the fixed_alpha parameter set

================================================================================
Problem	Nest Number	Pa		Best OFV	CPU Time(second)
The single-row facility layout problem(SRFLP) with Cuckoo Search Algorithm(CS)

Summary of computational results with the fixed_alpha parameter set

================================================================================
Problem	Nest Number	Pa		Best OFV	CPU Time(second)
The single-row facility layout problem(SRFLP) with Cuckoo Search Algorithm(CS)

Summary of computational results with the fixed_alpha parameter set

================================================================================
Problem	Nest Number	Pa		Best OFV	CPU Time(second)
The single-row facility layout problem(SRFLP) with Cuckoo Search Algorithm(CS)

Summary of computational results with the fixed_alpha parameter set

================================================================================
Problem	Nest Number	Pa		Best OFV	CPU Time(second)
The single-row facility layout problem(SRFLP) with Cuckoo Search Algorithm(CS)

Summary of computational results with the fixed_alpha parameter set

================================================================================
Problem	Nest Number	Pa		Best OFV	CPU Time(second)
The single-row facility layout problem(SRFLP) with Cuckoo Search Algorithm(CS)

Summary of computational results with the fixed_alpha parameter set

================================================================================
Problem	Nest Number	Pa		Best OFV	CPU Time(second)
The single-row facility layout problem(SRFLP) with Cuckoo Search Algorithm(CS)

Summary of computational results with the fixed_alpha parameter set

================================================================================
Problem	Nest Number	Pa		Best OFV	CPU Time(second)
The single-row facility layout problem(SRFLP) with Cuckoo Search Algorithm(CS)

Summary of computational results with the fixed_alpha parameter set

================================================================================
Problem	Nest Number	Pa		Best OFV	CPU Time(second)
The single-row facility layout problem(SRFLP) with Cuckoo Search Algorithm(CS)

Summary of computational results with the fixed_alpha parameter set

================================================================================
Problem	Nest Number	Pa		Best OFV	CPU Time(second)
The single-row facility layout problem(SRFLP) with Cuckoo Search Algorithm(CS)

Summary of computational results with the fixed_alpha parameter set

================================================================================
Problem	Nest Number	Pa		Best OFV	CPU Time(second)
-- 2019-01-22 22:39 result data
H_30		10			0.15		15549.0		6.881
-- 2019-01-22 22:39 result data
H_30		60			0.2		44965.0		75.89
The single-row facility layout problem(SRFLP) with Cuckoo Search Algorithm(CS)

Summary of computational results with the fixed_alpha parameter set

================================================================================
Problem	Nest Number	Pa		Best OFV	CPU Time(second)
The single-row facility layout problem(SRFLP) with Cuckoo Search Algorithm(CS)

Summary of computational results with the fixed_alpha parameter set

================================================================================
Problem	Nest Number	Pa		Best OFV	CPU Time(second)
The single-row facility layout problem(SRFLP) with Cuckoo Search Algorithm(CS)

Summary of computational results with the fixed_alpha parameter set

================================================================================
Problem	Nest Number	Pa		Best OFV	CPU Time(second)
The single-row facility layout problem(SRFLP) with Cuckoo Search Algorithm(CS)

Summary of computational results with the fixed_alpha parameter set

================================================================================
Problem	Nest Number	Pa		Best OFV	CPU Time(second)
The single-row facility layout problem(SRFLP) with Cuckoo Search Algorithm(CS)

Summary of computational results with the fixed_alpha parameter set

================================================================================
Problem	Nest Number	Pa		Best OFV	CPU Time(second)
The single-row facility layout problem(SRFLP) with Cuckoo Search Algorithm(CS)

Summary of computational results with the fixed_alpha parameter set

================================================================================
Problem	Nest Number	Pa		Best OFV	CPU Time(second)
The single-row facility layout problem(SRFLP) with Cuckoo Search Algorithm(CS)

Summary of computational results with the fixed_alpha parameter set

================================================================================
Problem	Nest Number	Pa		Best OFV	CPU Time(second)
The single-row facility layout problem(SRFLP) with Cuckoo Search Algorithm(CS)

Summary of computational results with the fixed_alpha parameter set

================================================================================
Problem	Nest Number	Pa		Best OFV	CPU Time(second)
The single-row facility layout problem(SRFLP) with Cuckoo Search Algorithm(CS)

Summary of computational results with the fixed_alpha parameter set

================================================================================
Problem	Nest Number	Pa		Best OFV	CPU Time(second)
The single-row facility layout problem(SRFLP) with Cuckoo Search Algorithm(CS)

Summary of computational results with the fixed_alpha parameter set

================================================================================
Problem	Nest Number	Pa		Best OFV	CPU Time(second)
The single-row facility layout problem(SRFLP) with Cuckoo Search Algorithm(CS)

Summary of computational results with the fixed_alpha parameter set

================================================================================
Problem	Nest Number	Pa		Best OFV	CPU Time(second)
The single-row facility layout problem(SRFLP) with Cuckoo Search Algorithm(CS)

Summary of computational results with the fixed_alpha parameter set

================================================================================
Problem	Nest Number	Pa		Best OFV	CPU Time(second)
The single-row facility layout problem(SRFLP) with Cuckoo Search Algorithm(CS)

Summary of computational results with the fixed_alpha parameter set

================================================================================
Problem	Nest Number	Pa		Best OFV	CPU Time(second)
The single-row facility layout problem(SRFLP) with Cuckoo Search Algorithm(CS)

Summary of computational results with the fixed_alpha parameter set

================================================================================
Problem	Nest Number	Pa		Best OFV	CPU Time(second)
The single-row facility layout problem(SRFLP) with Cuckoo Search Algorithm(CS)

Summary of computational results with the fixed_alpha parameter set

================================================================================
Problem	Nest Number	Pa		Best OFV	CPU Time(second)
The single-row facility layout problem(SRFLP) with Cuckoo Search Algorithm(CS)

Summary of computational results with the fixed_alpha parameter set

================================================================================
Problem	Nest Number	Pa		Best OFV	CPU Time(second)
The single-row facility layout problem(SRFLP) with Cuckoo Search Algorithm(CS)

Summary of computational results with the fixed_alpha parameter set

================================================================================
Problem	Nest Number	Pa		Best OFV	CPU Time(second)
The single-row facility layout problem(SRFLP) with Cuckoo Search Algorithm(CS)

Summary of computational results with the fixed_alpha parameter set

================================================================================
Problem	Nest Number	Pa		Best OFV	CPU Time(second)
The single-row facility layout problem(SRFLP) with Cuckoo Search Algorithm(CS)

Summary of computational results with the fixed_alpha parameter set

================================================================================
Problem	Nest Number	Pa		Best OFV	CPU Time(second)
The single-row facility layout problem(SRFLP) with Cuckoo Search Algorithm(CS)

Summary of computational results with the fixed_alpha parameter set

================================================================================
Problem	Nest Number	Pa		Best OFV	CPU Time(second)
The single-row facility layout problem(SRFLP) with Cuckoo Search Algorithm(CS)

Summary of computational results with the fixed_alpha parameter set

================================================================================
Problem	Nest Number	Pa		Best OFV	CPU Time(second)
The single-row facility layout problem(SRFLP) with Cuckoo Search Algorithm(CS)

Summary of computational results with the fixed_alpha parameter set

================================================================================
Problem	Nest Number	Pa		Best OFV	CPU Time(second)
The single-row facility layout problem(SRFLP) with Cuckoo Search Algorithm(CS)

Summary of computational results with the fixed_alpha parameter set

================================================================================
Problem	Nest Number	Pa		Best OFV	CPU Time(second)
The single-row facility layout problem(SRFLP) with Cuckoo Search Algorithm(CS)

Summary of computational results with the fixed_alpha parameter set

================================================================================
Problem	Nest Number	Pa		Best OFV	CPU Time(second)
-- 2019-01-24 21:38 result data
H_20		10			0.15		15549.0		3.938
The single-row facility layout problem(SRFLP) with Cuckoo Search Algorithm(CS)

Summary of computational results with the fixed_alpha parameter set

================================================================================
Problem	Nest Number	Pa		Best OFV	CPU Time(second)
The single-row facility layout problem(SRFLP) with Cuckoo Search Algorithm(CS)

Summary of computational results with the fixed_alpha parameter set

================================================================================
Problem	Nest Number	Pa		Best OFV	CPU Time(second)
The single-row facility layout problem(SRFLP) with Cuckoo Search Algorithm(CS)

Summary of computational results with the fixed_alpha parameter set

================================================================================
Problem	Nest Number	Pa		Best OFV	CPU Time(second)
The single-row facility layout problem(SRFLP) with Cuckoo Search Algorithm(CS)

Summary of computational results with the fixed_alpha parameter set

================================================================================
Problem	Nest Number	Pa		Best OFV	CPU Time(second)
The single-row facility layout problem(SRFLP) with Cuckoo Search Algorithm(CS)

Summary of computational results with the fixed_alpha parameter set

================================================================================
Problem	Nest Number	Pa		Best OFV	CPU Time(second)
The single-row facility layout problem(SRFLP) with Cuckoo Search Algorithm(CS)

Summary of computational results with the fixed_alpha parameter set

================================================================================
Problem	Nest Number	Pa		Best OFV	CPU Time(second)
The single-row facility layout problem(SRFLP) with Cuckoo Search Algorithm(CS)

Summary of computational results with the fixed_alpha parameter set

================================================================================
Problem	Nest Number	Pa		Best OFV	CPU Time(second)
The single-row facility layout problem(SRFLP) with Cuckoo Search Algorithm(CS)

Summary of computational results with the fixed_alpha parameter set

================================================================================
Problem	Nest Number	Pa		Best OFV	CPU Time(second)
The single-row facility layout problem(SRFLP) with Cuckoo Search Algorithm(CS)

Summary of computational results with the fixed_alpha parameter set

================================================================================
Problem	Nest Number	Pa		Best OFV	CPU Time(second)
The single-row facility layout problem(SRFLP) with Cuckoo Search Algorithm(CS)

Summary of computational results with the fixed_alpha parameter set

================================================================================
Problem	Nest Number	Pa		Best OFV	CPU Time(second)
The single-row facility layout problem(SRFLP) with Cuckoo Search Algorithm(CS)

Summary of computational results with the fixed_alpha parameter set

================================================================================
Problem	Nest Number	Pa		Best OFV	CPU Time(second)
The single-row facility layout problem(SRFLP) with Cuckoo Search Algorithm(CS)

Summary of computational results with the fixed_alpha parameter set

================================================================================
Problem	Nest Number	Pa		Best OFV	CPU Time(second)
The single-row facility layout problem(SRFLP) with Cuckoo Search Algorithm(CS)

Summary of computational results with the fixed_alpha parameter set

================================================================================
Problem	Nest Number	Pa		Best OFV	CPU Time(second)
The single-row facility layout problem(SRFLP) with Cuckoo Search Algorithm(CS)

Summary of computational results with the fixed_alpha parameter set

================================================================================
Problem	Nest Number	Pa		Best OFV	CPU Time(second)
The single-row facility layout problem(SRFLP) with Cuckoo Search Algorithm(CS)

Summary of computational results with the fixed_alpha parameter set

================================================================================
Problem	Nest Number	Pa		Best OFV	CPU Time(second)
The single-row facility layout problem(SRFLP) with Cuckoo Search Algorithm(CS)

Summary of computational results with the fixed_alpha parameter set

================================================================================
Problem	Nest Number	Pa		Best OFV	CPU Time(second)
The single-row facility layout problem(SRFLP) with Cuckoo Search Algorithm(CS)

Summary of computational results with the fixed_alpha parameter set

================================================================================
Problem	Nest Number	Pa		Best OFV	CPU Time(second)
The single-row facility layout problem(SRFLP) with Cuckoo Search Algorithm(CS)

Summary of computational results with the fixed_alpha parameter set

================================================================================
Problem	Nest Number	Pa		Best OFV	CPU Time(second)
The single-row facility layout problem(SRFLP) with Cuckoo Search Algorithm(CS)

Summary of computational results with the fixed_alpha parameter set

================================================================================
Problem	Nest Number	Pa		Best OFV	CPU Time(second)
The single-row facility layout problem(SRFLP) with Cuckoo Search Algorithm(CS)

Summary of computational results with the fixed_alpha parameter set

================================================================================
Problem	Nest Number	Pa		Best OFV	CPU Time(second)
The single-row facility layout problem(SRFLP) with Cuckoo Search Algorithm(CS)

Summary of computational results with the fixed_alpha parameter set

================================================================================
Problem	Nest Number	Pa		Best OFV	CPU Time(second)
The single-row facility layout problem(SRFLP) with Cuckoo Search Algorithm(CS)

Summary of computational results with the fixed_alpha parameter set

================================================================================
Problem	Nest Number	Pa		Best OFV	CPU Time(second)
The single-row facility layout problem(SRFLP) with Cuckoo Search Algorithm(CS)

Summary of computational results with the fixed_alpha parameter set

================================================================================
Problem	Nest Number	Pa		Best OFV	CPU Time(second)
The single-row facility layout problem(SRFLP) with Cuckoo Search Algorithm(CS)

Summary of computational results with the fixed_alpha parameter set

================================================================================
Problem	Nest Number	Pa		Best OFV	CPU Time(second)
The single-row facility layout problem(SRFLP) with Cuckoo Search Algorithm(CS)

Summary of computational results with the fixed_alpha parameter set

================================================================================
Problem	Nest Number	Pa		Best OFV	CPU Time(second)
The single-row facility layout problem(SRFLP) with Cuckoo Search Algorithm(CS)

Summary of computational results with the fixed_alpha parameter set

================================================================================
Problem	Nest Number	Pa		Best OFV	CPU Time(second)
The single-row facility layout problem(SRFLP) with Cuckoo Search Algorithm(CS)

Summary of computational results with the fixed_alpha parameter set

================================================================================
Problem	Nest Number	Pa		Best OFV	CPU Time(second)
The single-row facility layout problem(SRFLP) with Cuckoo Search Algorithm(CS)

Summary of computational results with the fixed_alpha parameter set

================================================================================
Problem	Nest Number	Pa		Best OFV	CPU Time(second)
The single-row facility layout problem(SRFLP) with Cuckoo Search Algorithm(CS)

Summary of computational results with the fixed_alpha parameter set

================================================================================
Problem	Nest Number	Pa		Best OFV	CPU Time(second)
The single-row facility layout problem(SRFLP) with Cuckoo Search Algorithm(CS)

Summary of computational results with the fixed_alpha parameter set

================================================================================
Problem	Nest Number	Pa		Best OFV	CPU Time(second)
The single-row facility layout problem(SRFLP) with Cuckoo Search Algorithm(CS)

Summary of computational results with the fixed_alpha parameter set

================================================================================
Problem	Nest Number	Pa		Best OFV	CPU Time(second)
The single-row facility layout problem(SRFLP) with Cuckoo Search Algorithm(CS)

Summary of computational results with the fixed_alpha parameter set

================================================================================
Problem	Nest Number	Pa		Best OFV	CPU Time(second)
The single-row facility layout problem(SRFLP) with Cuckoo Search Algorithm(CS)

Summary of computational results with the fixed_alpha parameter set

================================================================================
Problem	Nest Number	Pa		Best OFV	CPU Time(second)
The single-row facility layout problem(SRFLP) with Cuckoo Search Algorithm(CS)

Summary of computational results with the fixed_alpha parameter set

================================================================================
Problem	Nest Number	Pa		Best OFV	CPU Time(second)
The single-row facility layout problem(SRFLP) with Cuckoo Search Algorithm(CS)

Summary of computational results with the fixed_alpha parameter set

================================================================================
Problem	Nest Number	Pa		Best OFV	CPU Time(second)
The single-row facility layout problem(SRFLP) with Cuckoo Search Algorithm(CS)

Summary of computational results with the fixed_alpha parameter set

================================================================================
Problem	Nest Number	Pa		Best OFV	CPU Time(second)
The single-row facility layout problem(SRFLP) with Cuckoo Search Algorithm(CS)

Summary of computational results with the fixed_alpha parameter set

================================================================================
Problem	Nest Number	Pa		Best OFV	CPU Time(second)
The single-row facility layout problem(SRFLP) with Cuckoo Search Algorithm(CS)

Summary of computational results with the fixed_alpha parameter set

================================================================================
Problem	Nest Number	Pa		Best OFV	CPU Time(second)
The single-row facility layout problem(SRFLP) with Cuckoo Search Algorithm(CS)

Summary of computational results with the fixed_alpha parameter set

================================================================================
Problem	Nest Number	Pa		Best OFV	CPU Time(second)
The single-row facility layout problem(SRFLP) with Cuckoo Search Algorithm(CS)

Summary of computational results with the fixed_alpha parameter set

================================================================================
Problem	Nest Number	Pa		Best OFV	CPU Time(second)
The single-row facility layout problem(SRFLP) with Cuckoo Search Algorithm(CS)

Summary of computational results with the fixed_alpha parameter set

================================================================================
Problem	Nest Number	Pa		Best OFV	CPU Time(second)
The single-row facility layout problem(SRFLP) with Cuckoo Search Algorithm(CS)

Summary of computational results with the fixed_alpha parameter set

================================================================================
Problem	Nest Number	Pa		Best OFV	CPU Time(second)
The single-row facility layout problem(SRFLP) with Cuckoo Search Algorithm(CS)

Summary of computational results with the fixed_alpha parameter set

================================================================================
Problem	Nest Number	Pa		Best OFV	CPU Time(second)
The single-row facility layout problem(SRFLP) with Cuckoo Search Algorithm(CS)

Summary of computational results with the fixed_alpha parameter set

================================================================================
Problem	Nest Number	Pa		Best OFV	CPU Time(second)
The single-row facility layout problem(SRFLP) with Cuckoo Search Algorithm(CS)

Summary of computational results with the fixed_alpha parameter set

================================================================================
Problem	Nest Number	Pa		Best OFV	CPU Time(second)
The single-row facility layout problem(SRFLP) with Cuckoo Search Algorithm(CS)

Summary of computational results with the fixed_alpha parameter set

================================================================================
Problem	Nest Number	Pa		Best OFV	CPU Time(second)
The single-row facility layout problem(SRFLP) with Cuckoo Search Algorithm(CS)

Summary of computational results with the fixed_alpha parameter set

================================================================================
Problem	Nest Number	Pa		Best OFV	CPU Time(second)
The single-row facility layout problem(SRFLP) with Cuckoo Search Algorithm(CS)

Summary of computational results with the fixed_alpha parameter set

================================================================================
Problem	Nest Number	Pa		Best OFV	CPU Time(second)
The single-row facility layout problem(SRFLP) with Cuckoo Search Algorithm(CS)

Summary of computational results with the fixed_alpha parameter set

================================================================================
Problem	Nest Number	Pa		Best OFV	CPU Time(second)
The single-row facility layout problem(SRFLP) with Cuckoo Search Algorithm(CS)

Summary of computational results with the fixed_alpha parameter set

================================================================================
Problem	Nest Number	Pa		Best OFV	CPU Time(second)
The single-row facility layout problem(SRFLP) with Cuckoo Search Algorithm(CS)

Summary of computational results with the fixed_alpha parameter set

================================================================================
Problem	Nest Number	Pa		Best OFV	CPU Time(second)
The single-row facility layout problem(SRFLP) with Cuckoo Search Algorithm(CS)

Summary of computational results with the fixed_alpha parameter set

================================================================================
Problem	Nest Number	Pa		Best OFV	CPU Time(second)
The single-row facility layout problem(SRFLP) with Cuckoo Search Algorithm(CS)

Summary of computational results with the fixed_alpha parameter set

================================================================================
Problem	Nest Number	Pa		Best OFV	CPU Time(second)
The single-row facility layout problem(SRFLP) with Cuckoo Search Algorithm(CS)

Summary of computational results with the fixed_alpha parameter set

================================================================================
Problem	Nest Number	Pa		Best OFV	CPU Time(second)
The single-row facility layout problem(SRFLP) with Cuckoo Search Algorithm(CS)

Summary of computational results with the fixed_alpha parameter set

================================================================================
Problem	Nest Number	Pa		Best OFV	CPU Time(second)
The single-row facility layout problem(SRFLP) with Cuckoo Search Algorithm(CS)

Summary of computational results with the fixed_alpha parameter set

================================================================================
Problem	Nest Number	Pa		Best OFV	CPU Time(second)
The single-row facility layout problem(SRFLP) with Cuckoo Search Algorithm(CS)

Summary of computational results with the fixed_alpha parameter set

================================================================================
Problem	Nest Number	Pa		Best OFV	CPU Time(second)
The single-row facility layout problem(SRFLP) with Cuckoo Search Algorithm(CS)

Summary of computational results with the fixed_alpha parameter set

================================================================================
Problem	Nest Number	Pa		Best OFV	CPU Time(second)
The single-row facility layout problem(SRFLP) with Cuckoo Search Algorithm(CS)

Summary of computational results with the fixed_alpha parameter set

================================================================================
Problem	Nest Number	Pa		Best OFV	CPU Time(second)
The single-row facility layout problem(SRFLP) with Cuckoo Search Algorithm(CS)

Summary of computational results with the fixed_alpha parameter set

================================================================================
Problem	Nest Number	Pa		Best OFV	CPU Time(second)
The single-row facility layout problem(SRFLP) with Cuckoo Search Algorithm(CS)

Summary of computational results with the fixed_alpha parameter set

================================================================================
Problem	Nest Number	Pa		Best OFV	CPU Time(second)
The single-row facility layout problem(SRFLP) with Cuckoo Search Algorithm(CS)

Summary of computational results with the fixed_alpha parameter set

================================================================================
Problem	Nest Number	Pa		Best OFV	CPU Time(second)
The single-row facility layout problem(SRFLP) with Cuckoo Search Algorithm(CS)

Summary of computational results with the fixed_alpha parameter set

================================================================================
Problem	Nest Number	Pa		Best OFV	CPU Time(second)
The single-row facility layout problem(SRFLP) with Cuckoo Search Algorithm(CS)

Summary of computational results with the fixed_alpha parameter set

================================================================================
Problem	Nest Number	Pa		Best OFV	CPU Time(second)
The single-row facility layout problem(SRFLP) with Cuckoo Search Algorithm(CS)

Summary of computational results with the fixed_alpha parameter set

================================================================================
Problem	Nest Number	Pa		Best OFV	CPU Time(second)
The single-row facility layout problem(SRFLP) with Cuckoo Search Algorithm(CS)

Summary of computational results with the fixed_alpha parameter set

================================================================================
Problem	Nest Number	Pa		Best OFV	CPU Time(second)
The single-row facility layout problem(SRFLP) with Cuckoo Search Algorithm(CS)

Summary of computational results with the fixed_alpha parameter set

================================================================================
Problem	Nest Number	Pa		Best OFV	CPU Time(second)
The single-row facility layout problem(SRFLP) with Cuckoo Search Algorithm(CS)

Summary of computational results with the fixed_alpha parameter set

================================================================================
Problem	Nest Number	Pa		Best OFV	CPU Time(second)
The single-row facility layout problem(SRFLP) with Cuckoo Search Algorithm(CS)

Summary of computational results with the fixed_alpha parameter set

================================================================================
Problem	Nest Number	Pa		Best OFV	CPU Time(second)
The single-row facility layout problem(SRFLP) with Cuckoo Search Algorithm(CS)

Summary of computational results with the fixed_alpha parameter set

================================================================================
Problem	Nest Number	Pa		Best OFV	CPU Time(second)
The single-row facility layout problem(SRFLP) with Cuckoo Search Algorithm(CS)

Summary of computational results with the fixed_alpha parameter set

================================================================================
Problem	Nest Number	Pa		Best OFV	CPU Time(second)
The single-row facility layout problem(SRFLP) with Cuckoo Search Algorithm(CS)

Summary of computational results with the fixed_alpha parameter set

================================================================================
Problem	Nest Number	Pa		Best OFV	CPU Time(second)
The single-row facility layout problem(SRFLP) with Cuckoo Search Algorithm(CS)

Summary of computational results with the fixed_alpha parameter set

================================================================================
Problem	Nest Number	Pa		Best OFV	CPU Time(second)
The single-row facility layout problem(SRFLP) with Cuckoo Search Algorithm(CS)

Summary of computational results with the fixed_alpha parameter set

================================================================================
Problem	Nest Number	Pa		Best OFV	CPU Time(second)
The single-row facility layout problem(SRFLP) with Cuckoo Search Algorithm(CS)

Summary of computational results with the fixed_alpha parameter set

================================================================================
Problem	Nest Number	Pa		Best OFV	CPU Time(second)
The single-row facility layout problem(SRFLP) with Cuckoo Search Algorithm(CS)

Summary of computational results with the fixed_alpha parameter set

================================================================================
Problem	Nest Number	Pa		Best OFV	CPU Time(second)
The single-row facility layout problem(SRFLP) with Cuckoo Search Algorithm(CS)

Summary of computational results with the fixed_alpha parameter set

================================================================================
Problem	Nest Number	Pa		Best OFV	CPU Time(second)
The single-row facility layout problem(SRFLP) with Cuckoo Search Algorithm(CS)

Summary of computational results with the fixed_alpha parameter set

================================================================================
Problem	Nest Number	Pa		Best OFV	CPU Time(second)
The single-row facility layout problem(SRFLP) with Cuckoo Search Algorithm(CS)

Summary of computational results with the fixed_alpha parameter set

================================================================================
Problem	Nest Number	Pa		Best OFV	CPU Time(second)
The single-row facility layout problem(SRFLP) with Cuckoo Search Algorithm(CS)

Summary of computational results with the fixed_alpha parameter set

================================================================================
Problem	Nest Number	Pa		Best OFV	CPU Time(second)
The single-row facility layout problem(SRFLP) with Cuckoo Search Algorithm(CS)

Summary of computational results with the fixed_alpha parameter set

================================================================================
Problem	Nest Number	Pa		Best OFV	CPU Time(second)
The single-row facility layout problem(SRFLP) with Cuckoo Search Algorithm(CS)

Summary of computational results with the fixed_alpha parameter set

================================================================================
Problem	Nest Number	Pa		Best OFV	CPU Time(second)
The single-row facility layout problem(SRFLP) with Cuckoo Search Algorithm(CS)

Summary of computational results with the fixed_alpha parameter set

================================================================================
Problem	Nest Number	Pa		Best OFV	CPU Time(second)
The single-row facility layout problem(SRFLP) with Cuckoo Search Algorithm(CS)

Summary of computational results with the fixed_alpha parameter set

================================================================================
Problem	Nest Number	Pa		Best OFV	CPU Time(second)
The single-row facility layout problem(SRFLP) with Cuckoo Search Algorithm(CS)

Summary of computational results with the fixed_alpha parameter set

================================================================================
Problem	Nest Number	Pa		Best OFV	CPU Time(second)
The single-row facility layout problem(SRFLP) with Cuckoo Search Algorithm(CS)

Summary of computational results with the fixed_alpha parameter set

================================================================================
Problem	Nest Number	Pa		Best OFV	CPU Time(second)
The single-row facility layout problem(SRFLP) with Cuckoo Search Algorithm(CS)

Summary of computational results with the fixed_alpha parameter set

================================================================================
Problem	Nest Number	Pa		Best OFV	CPU Time(second)
The single-row facility layout problem(SRFLP) with Cuckoo Search Algorithm(CS)

Summary of computational results with the fixed_alpha parameter set

================================================================================
Problem	Nest Number	Pa		Best OFV	CPU Time(second)
The single-row facility layout problem(SRFLP) with Cuckoo Search Algorithm(CS)

Summary of computational results with the fixed_alpha parameter set

================================================================================
Problem	Nest Number	Pa		Best OFV	CPU Time(second)
The single-row facility layout problem(SRFLP) with Cuckoo Search Algorithm(CS)

Summary of computational results with the fixed_alpha parameter set

================================================================================
Problem	Nest Number	Pa		Best OFV	CPU Time(second)
The single-row facility layout problem(SRFLP) with Cuckoo Search Algorithm(CS)

Summary of computational results with the fixed_alpha parameter set

================================================================================
Problem	Nest Number	Pa		Best OFV	CPU Time(second)
The single-row facility layout problem(SRFLP) with Cuckoo Search Algorithm(CS)

Summary of computational results with the fixed_alpha parameter set

================================================================================
Problem	Nest Number	Pa		Best OFV	CPU Time(second)
The single-row facility layout problem(SRFLP) with Cuckoo Search Algorithm(CS)

Summary of computational results with the fixed_alpha parameter set

================================================================================
Problem	Nest Number	Pa		Best OFV	CPU Time(second)
The single-row facility layout problem(SRFLP) with Cuckoo Search Algorithm(CS)

Summary of computational results with the fixed_alpha parameter set

================================================================================
Problem	Nest Number	Pa		Best OFV	CPU Time(second)
The single-row facility layout problem(SRFLP) with Cuckoo Search Algorithm(CS)

Summary of computational results with the fixed_alpha parameter set

================================================================================
Problem	Nest Number	Pa		Best OFV	CPU Time(second)
The single-row facility layout problem(SRFLP) with Cuckoo Search Algorithm(CS)

Summary of computational results with the fixed_alpha parameter set

================================================================================
Problem	Nest Number	Pa		Best OFV	CPU Time(second)
The single-row facility layout problem(SRFLP) with Cuckoo Search Algorithm(CS)

Summary of computational results with the fixed_alpha parameter set

================================================================================
Problem	Nest Number	Pa		Best OFV	CPU Time(second)
The single-row facility layout problem(SRFLP) with Cuckoo Search Algorithm(CS)

Summary of computational results with the fixed_alpha parameter set

================================================================================
Problem	Nest Number	Pa		Best OFV	CPU Time(second)
The single-row facility layout problem(SRFLP) with Cuckoo Search Algorithm(CS)

Summary of computational results with the fixed_alpha parameter set

================================================================================
Problem	Nest Number	Pa		Best OFV	CPU Time(second)
The single-row facility layout problem(SRFLP) with Cuckoo Search Algorithm(CS)

Summary of computational results with the fixed_alpha parameter set

================================================================================
Problem	Nest Number	Pa		Best OFV	CPU Time(second)
The single-row facility layout problem(SRFLP) with Cuckoo Search Algorithm(CS)

Summary of computational results with the fixed_alpha parameter set

================================================================================
Problem	Nest Number	Pa		Best OFV	CPU Time(second)
The single-row facility layout problem(SRFLP) with Cuckoo Search Algorithm(CS)

Summary of computational results with the fixed_alpha parameter set

================================================================================
Problem	Nest Number	Pa		Best OFV	CPU Time(second)
The single-row facility layout problem(SRFLP) with Cuckoo Search Algorithm(CS)

Summary of computational results with the fixed_alpha parameter set

================================================================================
Problem	Nest Number	Pa		Best OFV	CPU Time(second)
The single-row facility layout problem(SRFLP) with Cuckoo Search Algorithm(CS)

Summary of computational results with the fixed_alpha parameter set

================================================================================
Problem	Nest Number	Pa		Best OFV	CPU Time(second)
The single-row facility layout problem(SRFLP) with Cuckoo Search Algorithm(CS)

Summary of computational results with the fixed_alpha parameter set

================================================================================
Problem	Nest Number	Pa		Best OFV	CPU Time(second)
The single-row facility layout problem(SRFLP) with Cuckoo Search Algorithm(CS)

Summary of computational results with the fixed_alpha parameter set

================================================================================
Problem	Nest Number	Pa		Best OFV	CPU Time(second)
The single-row facility layout problem(SRFLP) with Cuckoo Search Algorithm(CS)

Summary of computational results with the fixed_alpha parameter set

================================================================================
Problem	Nest Number	Pa		Best OFV	CPU Time(second)
The single-row facility layout problem(SRFLP) with Cuckoo Search Algorithm(CS)

Summary of computational results with the fixed_alpha parameter set

================================================================================
Problem	Nest Number	Pa		Best OFV	CPU Time(second)
The single-row facility layout problem(SRFLP) with Cuckoo Search Algorithm(CS)

Summary of computational results with the fixed_alpha parameter set

================================================================================
Problem	Nest Number	Pa		Best OFV	CPU Time(second)
The single-row facility layout problem(SRFLP) with Cuckoo Search Algorithm(CS)

Summary of computational results with the fixed_alpha parameter set

================================================================================
Problem	Nest Number	Pa		Best OFV	CPU Time(second)
The single-row facility layout problem(SRFLP) with Cuckoo Search Algorithm(CS)

Summary of computational results with the fixed_alpha parameter set

================================================================================
Problem	Nest Number	Pa		Best OFV	CPU Time(second)
The single-row facility layout problem(SRFLP) with Cuckoo Search Algorithm(CS)

Summary of computational results with the fixed_alpha parameter set

================================================================================
Problem	Nest Number	Pa		Best OFV	CPU Time(second)
The single-row facility layout problem(SRFLP) with Cuckoo Search Algorithm(CS)

Summary of computational results with the fixed_alpha parameter set

================================================================================
Problem	Nest Number	Pa		Best OFV	CPU Time(second)
The single-row facility layout problem(SRFLP) with Cuckoo Search Algorithm(CS)

Summary of computational results with the fixed_alpha parameter set

================================================================================
Problem	Nest Number	Pa		Best OFV	CPU Time(second)
The single-row facility layout problem(SRFLP) with Cuckoo Search Algorithm(CS)

Summary of computational results with the fixed_alpha parameter set

================================================================================
Problem	Nest Number	Pa		Best OFV	CPU Time(second)
The single-row facility layout problem(SRFLP) with Cuckoo Search Algorithm(CS)

Summary of computational results with the fixed_alpha parameter set

================================================================================
Problem	Nest Number	Pa		Best OFV	CPU Time(second)
The single-row facility layout problem(SRFLP) with Cuckoo Search Algorithm(CS)

Summary of computational results with the fixed_alpha parameter set

================================================================================
Problem	Nest Number	Pa		Best OFV	CPU Time(second)
The single-row facility layout problem(SRFLP) with Cuckoo Search Algorithm(CS)

Summary of computational results with the fixed_alpha parameter set

================================================================================
Problem	Nest Number	Pa		Best OFV	CPU Time(second)
The single-row facility layout problem(SRFLP) with Cuckoo Search Algorithm(CS)

Summary of computational results with the fixed_alpha parameter set

================================================================================
Problem	Nest Number	Pa		Best OFV	CPU Time(second)
The single-row facility layout problem(SRFLP) with Cuckoo Search Algorithm(CS)

Summary of computational results with the fixed_alpha parameter set

================================================================================
Problem	Nest Number	Pa		Best OFV	CPU Time(second)
The single-row facility layout problem(SRFLP) with Cuckoo Search Algorithm(CS)

Summary of computational results with the fixed_alpha parameter set

================================================================================
Problem	Nest Number	Pa		Best OFV	CPU Time(second)
The single-row facility layout problem(SRFLP) with Cuckoo Search Algorithm(CS)

Summary of computational results with the fixed_alpha parameter set

================================================================================
Problem	Nest Number	Pa		Best OFV	CPU Time(second)
The single-row facility layout problem(SRFLP) with Cuckoo Search Algorithm(CS)

Summary of computational results with the fixed_alpha parameter set

================================================================================
Problem	Nest Number	Pa		Best OFV	CPU Time(second)
The single-row facility layout problem(SRFLP) with Cuckoo Search Algorithm(CS)

Summary of computational results with the fixed_alpha parameter set

================================================================================
Problem	Nest Number	Pa		Best OFV	CPU Time(second)
The single-row facility layout problem(SRFLP) with Cuckoo Search Algorithm(CS)

Summary of computational results with the fixed_alpha parameter set

================================================================================
Problem	Nest Number	Pa		Best OFV	CPU Time(second)
The single-row facility layout problem(SRFLP) with Cuckoo Search Algorithm(CS)

Summary of computational results with the fixed_alpha parameter set

================================================================================
Problem	Nest Number	Pa		Best OFV	CPU Time(second)
The single-row facility layout problem(SRFLP) with Cuckoo Search Algorithm(CS)

Summary of computational results with the fixed_alpha parameter set

================================================================================
Problem	Nest Number	Pa		Best OFV	CPU Time(second)
The single-row facility layout problem(SRFLP) with Cuckoo Search Algorithm(CS)

Summary of computational results with the fixed_alpha parameter set

================================================================================
Problem	Nest Number	Pa		Best OFV	CPU Time(second)
The single-row facility layout problem(SRFLP) with Cuckoo Search Algorithm(CS)

Summary of computational results with the fixed_alpha parameter set

================================================================================
Problem	Nest Number	Pa		Best OFV	CPU Time(second)
The single-row facility layout problem(SRFLP) with Cuckoo Search Algorithm(CS)

Summary of computational results with the fixed_alpha parameter set

================================================================================
Problem	Nest Number	Pa		Best OFV	CPU Time(second)
The single-row facility layout problem(SRFLP) with Cuckoo Search Algorithm(CS)

Summary of computational results with the fixed_alpha parameter set

================================================================================
Problem	Nest Number	Pa		Best OFV	CPU Time(second)
The single-row facility layout problem(SRFLP) with Cuckoo Search Algorithm(CS)

Summary of computational results with the fixed_alpha parameter set

================================================================================
Problem	Nest Number	Pa		Best OFV	CPU Time(second)
The single-row facility layout problem(SRFLP) with Cuckoo Search Algorithm(CS)

Summary of computational results with the fixed_alpha parameter set

================================================================================
Problem	Nest Number	Pa		Best OFV	CPU Time(second)
The single-row facility layout problem(SRFLP) with Cuckoo Search Algorithm(CS)

Summary of computational results with the fixed_alpha parameter set

================================================================================
Problem	Nest Number	Pa		Best OFV	CPU Time(second)
The single-row facility layout problem(SRFLP) with Cuckoo Search Algorithm(CS)

Summary of computational results with the fixed_alpha parameter set

================================================================================
Problem	Nest Number	Pa		Best OFV	CPU Time(second)
The single-row facility layout problem(SRFLP) with Cuckoo Search Algorithm(CS)

Summary of computational results with the fixed_alpha parameter set

================================================================================
Problem	Nest Number	Pa		Best OFV	CPU Time(second)
The single-row facility layout problem(SRFLP) with Cuckoo Search Algorithm(CS)

Summary of computational results with the fixed_alpha parameter set

================================================================================
Problem	Nest Number	Pa		Best OFV	CPU Time(second)
The single-row facility layout problem(SRFLP) with Cuckoo Search Algorithm(CS)

Summary of computational results with the fixed_alpha parameter set

================================================================================
Problem	Nest Number	Pa		Best OFV	CPU Time(second)
The single-row facility layout problem(SRFLP) with Cuckoo Search Algorithm(CS)

Summary of computational results with the fixed_alpha parameter set

================================================================================
Problem	Nest Number	Pa		Best OFV	CPU Time(second)
The single-row facility layout problem(SRFLP) with Cuckoo Search Algorithm(CS)

Summary of computational results with the fixed_alpha parameter set

================================================================================
Problem	Nest Number	Pa		Best OFV	CPU Time(second)
The single-row facility layout problem(SRFLP) with Cuckoo Search Algorithm(CS)

Summary of computational results with the fixed_alpha parameter set

================================================================================
Problem	Nest Number	Pa		Best OFV	CPU Time(second)
The single-row facility layout problem(SRFLP) with Cuckoo Search Algorithm(CS)

Summary of computational results with the fixed_alpha parameter set

================================================================================
Problem	Nest Number	Pa		Best OFV	CPU Time(second)
The single-row facility layout problem(SRFLP) with Cuckoo Search Algorithm(CS)

Summary of computational results with the fixed_alpha parameter set

================================================================================
Problem	Nest Number	Pa		Best OFV	CPU Time(second)
The single-row facility layout problem(SRFLP) with Cuckoo Search Algorithm(CS)

Summary of computational results with the fixed_alpha parameter set

================================================================================
Problem	Nest Number	Pa		Best OFV	CPU Time(second)
The single-row facility layout problem(SRFLP) with Cuckoo Search Algorithm(CS)

Summary of computational results with the fixed_alpha parameter set

================================================================================
Problem	Nest Number	Pa		Best OFV	CPU Time(second)
The single-row facility layout problem(SRFLP) with Cuckoo Search Algorithm(CS)

Summary of computational results with the fixed_alpha parameter set

================================================================================
Problem	Nest Number	Pa		Best OFV	CPU Time(second)
The single-row facility layout problem(SRFLP) with Cuckoo Search Algorithm(CS)

Summary of computational results with the fixed_alpha parameter set

================================================================================
Problem	Nest Number	Pa		Best OFV	CPU Time(second)
The single-row facility layout problem(SRFLP) with Cuckoo Search Algorithm(CS)

Summary of computational results with the fixed_alpha parameter set

================================================================================
Problem	Nest Number	Pa		Best OFV	CPU Time(second)
The single-row facility layout problem(SRFLP) with Cuckoo Search Algorithm(CS)

Summary of computational results with the fixed_alpha parameter set

================================================================================
Problem	Nest Number	Pa		Best OFV	CPU Time(second)
The single-row facility layout problem(SRFLP) with Cuckoo Search Algorithm(CS)

Summary of computational results with the fixed_alpha parameter set

================================================================================
Problem	Nest Number	Pa		Best OFV	CPU Time(second)
The single-row facility layout problem(SRFLP) with Cuckoo Search Algorithm(CS)

Summary of computational results with the fixed_alpha parameter set

================================================================================
Problem	Nest Number	Pa		Best OFV	CPU Time(second)
The single-row facility layout problem(SRFLP) with Cuckoo Search Algorithm(CS)

Summary of computational results with the fixed_alpha parameter set

================================================================================
Problem	Nest Number	Pa		Best OFV	CPU Time(second)
The single-row facility layout problem(SRFLP) with Cuckoo Search Algorithm(CS)

Summary of computational results with the fixed_alpha parameter set

================================================================================
Problem	Nest Number	Pa		Best OFV	CPU Time(second)
The single-row facility layout problem(SRFLP) with Cuckoo Search Algorithm(CS)

Summary of computational results with the fixed_alpha parameter set

================================================================================
Problem	Nest Number	Pa		Best OFV	CPU Time(second)
The single-row facility layout problem(SRFLP) with Cuckoo Search Algorithm(CS)

Summary of computational results with the fixed_alpha parameter set

================================================================================
Problem	Nest Number	Pa		Best OFV	CPU Time(second)
The single-row facility layout problem(SRFLP) with Cuckoo Search Algorithm(CS)

Summary of computational results with the fixed_alpha parameter set

================================================================================
Problem	Nest Number	Pa		Best OFV	CPU Time(second)
The single-row facility layout problem(SRFLP) with Cuckoo Search Algorithm(CS)

Summary of computational results with the fixed_alpha parameter set

================================================================================
Problem	Nest Number	Pa		Best OFV	CPU Time(second)
The single-row facility layout problem(SRFLP) with Cuckoo Search Algorithm(CS)

Summary of computational results with the fixed_alpha parameter set

================================================================================
Problem	Nest Number	Pa		Best OFV	CPU Time(second)
The single-row facility layout problem(SRFLP) with Cuckoo Search Algorithm(CS)

Summary of computational results with the fixed_alpha parameter set

================================================================================
Problem	Nest Number	Pa		Best OFV	CPU Time(second)
The single-row facility layout problem(SRFLP) with Cuckoo Search Algorithm(CS)

Summary of computational results with the fixed_alpha parameter set

================================================================================
Problem	Nest Number	Pa		Best OFV	CPU Time(second)
The single-row facility layout problem(SRFLP) with Cuckoo Search Algorithm(CS)

Summary of computational results with the fixed_alpha parameter set

================================================================================
Problem	Nest Number	Pa		Best OFV	CPU Time(second)
The single-row facility layout problem(SRFLP) with Cuckoo Search Algorithm(CS)

Summary of computational results with the fixed_alpha parameter set

================================================================================
Problem	Nest Number	Pa		Best OFV	CPU Time(second)
The single-row facility layout problem(SRFLP) with Cuckoo Search Algorithm(CS)

Summary of computational results with the fixed_alpha parameter set

================================================================================
Problem	Nest Number	Pa		Best OFV	CPU Time(second)
The single-row facility layout problem(SRFLP) with Cuckoo Search Algorithm(CS)

Summary of computational results with the fixed_alpha parameter set

================================================================================
Problem	Nest Number	Pa		Best OFV	CPU Time(second)
-- 2020-03-12 20:40 result data
P15		15			0.0		7635.0		2.553
The single-row facility layout problem(SRFLP) with Cuckoo Search Algorithm(CS)

Summary of computational results with the fixed_alpha parameter set

================================================================================
Problem	Nest Number	Pa		Best OFV	CPU Time(second)
The single-row facility layout problem(SRFLP) with Cuckoo Search Algorithm(CS)

Summary of computational results with the fixed_alpha parameter set

================================================================================
Problem	Nest Number	Pa		Best OFV	CPU Time(second)
The single-row facility layout problem(SRFLP) with Cuckoo Search Algorithm(CS)

Summary of computational results with the fixed_alpha parameter set

================================================================================
Problem	Nest Number	Pa		Best OFV	CPU Time(second)
The single-row facility layout problem(SRFLP) with Cuckoo Search Algorithm(CS)

Summary of computational results with the fixed_alpha parameter set

================================================================================
Problem	Nest Number	Pa		Best OFV	CPU Time(second)
