-- Am13e result
--------------------------------------------
HostNestNum = 5, P_a = 0.0
--------------------------------------------
-- 2020-06-10 10:59 result data
OFV: 6187.0	/ CPU: 1.168 seconds 	/ department sequence: [2, 8, 11, 13, 6, 5, 10, 1, 9, 7, 3, 4, 12]
OFV: 6187.0	/ CPU: 1.095 seconds 	/ department sequence: [2, 8, 11, 13, 6, 5, 10, 1, 9, 7, 3, 4, 12]
OFV: 6187.0	/ CPU: 0.971 seconds 	/ department sequence: [8, 2, 11, 13, 6, 5, 10, 1, 9, 7, 3, 4, 12]
OFV: 6187.0	/ CPU: 0.954 seconds 	/ department sequence: [8, 2, 11, 13, 6, 5, 10, 1, 9, 7, 3, 4, 12]
OFV: 6187.0	/ CPU: 1.303 seconds 	/ department sequence: [8, 2, 11, 13, 6, 5, 10, 1, 9, 7, 3, 4, 12]
OFV: 6187.0	/ CPU: 0.990 seconds 	/ department sequence: [8, 2, 11, 13, 6, 5, 10, 1, 9, 7, 3, 4, 12]
OFV: 6187.0	/ CPU: 1.042 seconds 	/ department sequence: [8, 2, 11, 13, 6, 5, 10, 1, 9, 7, 3, 4, 12]
OFV: 6187.0	/ CPU: 1.049 seconds 	/ department sequence: [8, 2, 11, 13, 6, 5, 10, 1, 9, 7, 3, 4, 12]
OFV: 6502.5	/ CPU: 2.796 seconds 	/ department sequence: [3, 12, 4, 6, 7, 10, 1, 11, 13, 2, 5, 9, 8]
OFV: 6187.0	/ CPU: 1.059 seconds 	/ department sequence: [8, 2, 11, 13, 6, 5, 10, 1, 9, 7, 3, 4, 12]
-- Am13e result
--------------------------------------------
HostNestNum = 5, P_a = 0.0
--------------------------------------------
-- 2020-06-10 11:00 result data
OFV: 6187.0	/ CPU: 1.087 seconds 	/ department sequence: [8, 2, 11, 13, 6, 5, 10, 1, 9, 7, 3, 4, 12]
OFV: 6187.0	/ CPU: 1.032 seconds 	/ department sequence: [2, 8, 11, 13, 6, 5, 10, 1, 9, 7, 3, 4, 12]
OFV: 6700.0	/ CPU: 1.052 seconds 	/ department sequence: [2, 12, 11, 6, 10, 1, 3, 7, 4, 13, 5, 8, 9]
OFV: 6187.0	/ CPU: 0.953 seconds 	/ department sequence: [8, 2, 11, 13, 6, 5, 10, 1, 9, 7, 3, 4, 12]
OFV: 6187.0	/ CPU: 1.147 seconds 	/ department sequence: [8, 2, 11, 13, 6, 5, 10, 1, 9, 7, 3, 4, 12]
OFV: 6187.0	/ CPU: 1.008 seconds 	/ department sequence: [8, 2, 11, 13, 6, 5, 10, 1, 9, 7, 3, 4, 12]
OFV: 6187.0	/ CPU: 1.008 seconds 	/ department sequence: [8, 2, 11, 13, 6, 5, 10, 1, 9, 7, 3, 4, 12]
OFV: 6187.0	/ CPU: 1.003 seconds 	/ department sequence: [8, 2, 11, 13, 6, 5, 10, 1, 9, 7, 3, 4, 12]
OFV: 6187.0	/ CPU: 1.025 seconds 	/ department sequence: [8, 2, 11, 13, 6, 5, 10, 1, 9, 7, 3, 4, 12]
OFV: 6187.0	/ CPU: 1.034 seconds 	/ department sequence: [8, 2, 11, 13, 6, 5, 10, 1, 9, 7, 3, 4, 12]
-- Am13e result
--------------------------------------------
HostNestNum = 5, P_a = 0.0
--------------------------------------------
-- 2020-06-10 11:00 result data
OFV: 6516.0	/ CPU: 1.464 seconds 	/ department sequence: [3, 12, 4, 7, 6, 10, 11, 1, 13, 2, 5, 9, 8]
OFV: 6502.5	/ CPU: 1.382 seconds 	/ department sequence: [3, 12, 4, 6, 7, 10, 1, 11, 13, 2, 5, 9, 8]
OFV: 6502.5	/ CPU: 2.306 seconds 	/ department sequence: [3, 12, 4, 6, 7, 10, 1, 11, 13, 2, 5, 9, 8]
OFV: 6187.0	/ CPU: 0.981 seconds 	/ department sequence: [8, 2, 11, 13, 6, 5, 10, 1, 9, 7, 3, 4, 12]
OFV: 6187.0	/ CPU: 0.991 seconds 	/ department sequence: [8, 2, 11, 13, 6, 5, 10, 1, 9, 7, 3, 4, 12]
OFV: 6187.0	/ CPU: 1.000 seconds 	/ department sequence: [8, 2, 11, 13, 6, 5, 10, 1, 9, 7, 3, 4, 12]
OFV: 6187.0	/ CPU: 1.026 seconds 	/ department sequence: [8, 2, 11, 13, 6, 5, 10, 1, 9, 7, 3, 4, 12]
OFV: 6502.5	/ CPU: 1.497 seconds 	/ department sequence: [12, 3, 4, 6, 7, 10, 1, 11, 13, 2, 5, 9, 8]
OFV: 6187.0	/ CPU: 1.170 seconds 	/ department sequence: [8, 2, 11, 13, 6, 5, 10, 1, 9, 7, 3, 4, 12]
OFV: 6187.0	/ CPU: 1.024 seconds 	/ department sequence: [8, 2, 11, 13, 6, 5, 10, 1, 9, 7, 3, 4, 12]
-- Am13e result
--------------------------------------------
HostNestNum = 5, P_a = 0.0
--------------------------------------------
-- 2020-06-10 11:00 result data
OFV: 6187.0	/ CPU: 1.047 seconds 	/ department sequence: [8, 2, 11, 13, 6, 5, 10, 1, 9, 7, 3, 4, 12]
OFV: 6187.0	/ CPU: 0.963 seconds 	/ department sequence: [8, 2, 11, 13, 6, 5, 10, 1, 9, 7, 3, 4, 12]
OFV: 6502.5	/ CPU: 2.974 seconds 	/ department sequence: [3, 12, 4, 6, 7, 10, 1, 11, 2, 13, 8, 5, 9]
OFV: 6187.0	/ CPU: 0.970 seconds 	/ department sequence: [8, 2, 11, 13, 6, 5, 10, 1, 9, 7, 3, 4, 12]
OFV: 6502.5	/ CPU: 1.515 seconds 	/ department sequence: [3, 12, 4, 6, 7, 10, 1, 11, 13, 2, 5, 9, 8]
OFV: 6502.5	/ CPU: 1.640 seconds 	/ department sequence: [3, 12, 4, 6, 7, 10, 1, 11, 13, 2, 5, 9, 8]
OFV: 6187.0	/ CPU: 1.027 seconds 	/ department sequence: [8, 2, 11, 13, 6, 5, 10, 1, 9, 7, 3, 4, 12]
OFV: 6187.0	/ CPU: 1.076 seconds 	/ department sequence: [8, 2, 11, 13, 6, 5, 10, 1, 9, 7, 3, 4, 12]
OFV: 6187.0	/ CPU: 1.004 seconds 	/ department sequence: [8, 2, 11, 13, 6, 5, 10, 1, 9, 7, 3, 4, 12]
OFV: 6187.0	/ CPU: 0.986 seconds 	/ department sequence: [8, 2, 11, 13, 6, 5, 10, 1, 9, 7, 3, 4, 12]
-- Am13e result
--------------------------------------------
HostNestNum = 5, P_a = 0.0
--------------------------------------------
-- 2020-06-10 11:00 result data
OFV: 6187.0	/ CPU: 1.025 seconds 	/ department sequence: [8, 2, 11, 13, 6, 5, 10, 1, 9, 7, 3, 4, 12]
OFV: 6187.0	/ CPU: 0.990 seconds 	/ department sequence: [8, 2, 11, 13, 6, 5, 10, 1, 9, 7, 3, 4, 12]
OFV: 6187.0	/ CPU: 0.939 seconds 	/ department sequence: [8, 2, 11, 13, 6, 5, 10, 1, 9, 7, 3, 4, 12]
OFV: 6235.0	/ CPU: 1.029 seconds 	/ department sequence: [8, 2, 11, 13, 6, 5, 10, 1, 3, 7, 4, 9, 12]
OFV: 6187.0	/ CPU: 1.055 seconds 	/ department sequence: [8, 2, 11, 13, 6, 5, 10, 1, 9, 7, 3, 4, 12]
OFV: 6187.0	/ CPU: 1.107 seconds 	/ department sequence: [8, 2, 11, 13, 6, 5, 10, 1, 9, 7, 3, 4, 12]
OFV: 6187.0	/ CPU: 1.057 seconds 	/ department sequence: [2, 8, 11, 13, 6, 5, 10, 1, 9, 7, 3, 4, 12]
OFV: 6187.0	/ CPU: 1.069 seconds 	/ department sequence: [8, 2, 11, 13, 6, 5, 10, 1, 9, 7, 3, 4, 12]
OFV: 6187.0	/ CPU: 0.978 seconds 	/ department sequence: [8, 2, 11, 13, 6, 5, 10, 1, 9, 7, 3, 4, 12]
OFV: 6187.0	/ CPU: 0.985 seconds 	/ department sequence: [2, 8, 11, 13, 6, 5, 10, 1, 9, 7, 3, 4, 12]
-- Am13e result
--------------------------------------------
HostNestNum = 5, P_a = 0.0
--------------------------------------------
-- 2020-06-10 11:00 result data
OFV: 6187.0	/ CPU: 0.976 seconds 	/ department sequence: [8, 2, 11, 13, 6, 5, 10, 1, 9, 7, 3, 4, 12]
OFV: 6502.5	/ CPU: 1.825 seconds 	/ department sequence: [3, 12, 4, 6, 7, 10, 1, 11, 2, 13, 8, 5, 9]
OFV: 6187.0	/ CPU: 0.987 seconds 	/ department sequence: [8, 2, 11, 13, 6, 5, 10, 1, 9, 7, 3, 4, 12]
OFV: 6187.0	/ CPU: 0.985 seconds 	/ department sequence: [8, 2, 11, 13, 6, 5, 10, 1, 9, 7, 3, 4, 12]
OFV: 6187.0	/ CPU: 1.037 seconds 	/ department sequence: [2, 8, 11, 13, 6, 5, 10, 1, 9, 7, 3, 4, 12]
OFV: 6502.5	/ CPU: 1.624 seconds 	/ department sequence: [12, 3, 4, 6, 7, 10, 1, 11, 13, 2, 5, 9, 8]
OFV: 6187.0	/ CPU: 1.198 seconds 	/ department sequence: [8, 2, 11, 13, 6, 5, 10, 1, 9, 7, 3, 4, 12]
OFV: 6187.0	/ CPU: 0.989 seconds 	/ department sequence: [2, 8, 11, 13, 6, 5, 10, 1, 9, 7, 3, 4, 12]
OFV: 6187.0	/ CPU: 0.985 seconds 	/ department sequence: [2, 8, 11, 13, 6, 5, 10, 1, 9, 7, 3, 4, 12]
OFV: 6187.0	/ CPU: 1.048 seconds 	/ department sequence: [8, 2, 11, 13, 6, 5, 10, 1, 9, 7, 3, 4, 12]
-- Am13e result
--------------------------------------------
HostNestNum = 5, P_a = 0.0
--------------------------------------------
-- 2020-06-10 11:00 result data
OFV: 6187.0	/ CPU: 1.085 seconds 	/ department sequence: [2, 8, 11, 13, 6, 5, 10, 1, 9, 7, 3, 4, 12]
OFV: 6187.0	/ CPU: 0.979 seconds 	/ department sequence: [2, 8, 11, 13, 6, 5, 10, 1, 9, 7, 3, 4, 12]
OFV: 6187.0	/ CPU: 1.011 seconds 	/ department sequence: [2, 8, 11, 13, 6, 5, 10, 1, 9, 7, 3, 4, 12]
OFV: 6502.5	/ CPU: 1.899 seconds 	/ department sequence: [12, 3, 4, 6, 7, 10, 1, 11, 13, 2, 5, 9, 8]
OFV: 6187.0	/ CPU: 1.027 seconds 	/ department sequence: [2, 8, 11, 13, 6, 5, 10, 1, 9, 7, 3, 4, 12]
OFV: 6187.0	/ CPU: 1.060 seconds 	/ department sequence: [8, 2, 11, 13, 6, 5, 10, 1, 9, 7, 3, 4, 12]
OFV: 6187.0	/ CPU: 1.039 seconds 	/ department sequence: [8, 2, 11, 13, 6, 5, 10, 1, 9, 7, 3, 4, 12]
OFV: 6187.0	/ CPU: 0.967 seconds 	/ department sequence: [8, 2, 11, 13, 6, 5, 10, 1, 9, 7, 3, 4, 12]
OFV: 6187.0	/ CPU: 1.027 seconds 	/ department sequence: [8, 2, 11, 13, 6, 5, 10, 1, 9, 7, 3, 4, 12]
OFV: 6187.0	/ CPU: 1.017 seconds 	/ department sequence: [8, 2, 11, 13, 6, 5, 10, 1, 9, 7, 3, 4, 12]
-- Am13e result
--------------------------------------------
HostNestNum = 5, P_a = 0.0
--------------------------------------------
-- 2020-06-10 11:01 result data
OFV: 6187.0	/ CPU: 1.011 seconds 	/ department sequence: [8, 2, 11, 13, 6, 5, 10, 1, 9, 7, 3, 4, 12]
OFV: 6187.0	/ CPU: 0.983 seconds 	/ department sequence: [2, 8, 11, 13, 6, 5, 10, 1, 9, 7, 3, 4, 12]
OFV: 6187.0	/ CPU: 1.025 seconds 	/ department sequence: [8, 2, 11, 13, 6, 5, 10, 1, 9, 7, 3, 4, 12]
OFV: 6187.0	/ CPU: 1.027 seconds 	/ department sequence: [2, 8, 11, 13, 6, 5, 10, 1, 9, 7, 3, 4, 12]
OFV: 6187.0	/ CPU: 0.950 seconds 	/ department sequence: [2, 8, 11, 13, 6, 5, 10, 1, 9, 7, 3, 4, 12]
OFV: 6187.0	/ CPU: 1.188 seconds 	/ department sequence: [8, 2, 11, 13, 6, 5, 10, 1, 9, 7, 3, 4, 12]
OFV: 6187.0	/ CPU: 1.008 seconds 	/ department sequence: [8, 2, 11, 13, 6, 5, 10, 1, 9, 7, 3, 4, 12]
OFV: 6502.5	/ CPU: 1.411 seconds 	/ department sequence: [12, 3, 4, 6, 7, 10, 1, 11, 2, 13, 8, 5, 9]
OFV: 6405.0	/ CPU: 1.162 seconds 	/ department sequence: [9, 8, 5, 2, 11, 13, 10, 6, 1, 7, 3, 4, 12]
OFV: 6187.0	/ CPU: 1.216 seconds 	/ department sequence: [8, 2, 11, 13, 6, 5, 10, 1, 9, 7, 3, 4, 12]
-- Am13e result
--------------------------------------------
HostNestNum = 5, P_a = 0.0
--------------------------------------------
-- 2020-06-10 11:01 result data
OFV: 6187.0	/ CPU: 0.986 seconds 	/ department sequence: [2, 8, 11, 13, 6, 5, 10, 1, 9, 7, 3, 4, 12]
OFV: 6187.0	/ CPU: 1.082 seconds 	/ department sequence: [8, 2, 11, 13, 6, 5, 10, 1, 9, 7, 3, 4, 12]
OFV: 6187.0	/ CPU: 1.034 seconds 	/ department sequence: [8, 2, 11, 13, 6, 5, 10, 1, 9, 7, 3, 4, 12]
OFV: 6187.0	/ CPU: 0.991 seconds 	/ department sequence: [8, 2, 11, 13, 6, 5, 10, 1, 9, 7, 3, 4, 12]
OFV: 6187.0	/ CPU: 0.962 seconds 	/ department sequence: [2, 8, 11, 13, 6, 5, 10, 1, 9, 7, 3, 4, 12]
OFV: 6502.5	/ CPU: 1.709 seconds 	/ department sequence: [12, 3, 4, 6, 7, 10, 1, 11, 13, 2, 5, 9, 8]
OFV: 6516.0	/ CPU: 1.820 seconds 	/ department sequence: [12, 3, 4, 7, 6, 10, 11, 1, 13, 2, 5, 8, 9]
OFV: 6502.5	/ CPU: 2.717 seconds 	/ department sequence: [12, 3, 4, 6, 7, 10, 1, 11, 13, 2, 5, 9, 8]
OFV: 6187.0	/ CPU: 1.026 seconds 	/ department sequence: [8, 2, 11, 13, 6, 5, 10, 1, 9, 7, 3, 4, 12]
OFV: 6502.5	/ CPU: 1.591 seconds 	/ department sequence: [12, 3, 4, 6, 7, 10, 1, 11, 13, 2, 5, 9, 8]
-- Am13e result
--------------------------------------------
HostNestNum = 5, P_a = 0.0
--------------------------------------------
-- 2020-06-10 11:01 result data
OFV: 6187.0	/ CPU: 0.964 seconds 	/ department sequence: [8, 2, 11, 13, 6, 5, 10, 1, 9, 7, 3, 4, 12]
OFV: 6187.0	/ CPU: 1.160 seconds 	/ department sequence: [8, 2, 11, 13, 6, 5, 10, 1, 9, 7, 3, 4, 12]
OFV: 6187.0	/ CPU: 1.005 seconds 	/ department sequence: [8, 2, 11, 13, 6, 5, 10, 1, 9, 7, 3, 4, 12]
OFV: 6187.0	/ CPU: 1.013 seconds 	/ department sequence: [2, 8, 11, 13, 6, 5, 10, 1, 9, 7, 3, 4, 12]
OFV: 6187.0	/ CPU: 1.032 seconds 	/ department sequence: [8, 2, 11, 13, 6, 5, 10, 1, 9, 7, 3, 4, 12]
OFV: 6187.0	/ CPU: 1.087 seconds 	/ department sequence: [2, 8, 11, 13, 6, 5, 10, 1, 9, 7, 3, 4, 12]
OFV: 6187.0	/ CPU: 1.079 seconds 	/ department sequence: [8, 2, 11, 13, 6, 5, 10, 1, 9, 7, 3, 4, 12]
OFV: 6187.0	/ CPU: 1.072 seconds 	/ department sequence: [8, 2, 11, 13, 6, 5, 10, 1, 9, 7, 3, 4, 12]
OFV: 6187.0	/ CPU: 0.950 seconds 	/ department sequence: [2, 8, 11, 13, 6, 5, 10, 1, 9, 7, 3, 4, 12]
OFV: 6502.5	/ CPU: 1.847 seconds 	/ department sequence: [3, 12, 4, 6, 7, 10, 1, 11, 13, 2, 5, 9, 8]
-- Am13e result
--------------------------------------------
HostNestNum = 5, P_a = 0.0
--------------------------------------------
-- 2020-06-10 11:01 result data
OFV: 6502.5	/ CPU: 1.641 seconds 	/ department sequence: [12, 3, 4, 6, 7, 10, 1, 11, 2, 13, 8, 5, 9]
OFV: 6187.0	/ CPU: 1.027 seconds 	/ department sequence: [8, 2, 11, 13, 6, 5, 10, 1, 9, 7, 3, 4, 12]
OFV: 6187.0	/ CPU: 0.951 seconds 	/ department sequence: [8, 2, 11, 13, 6, 5, 10, 1, 9, 7, 3, 4, 12]
OFV: 6187.0	/ CPU: 1.120 seconds 	/ department sequence: [8, 2, 11, 13, 6, 5, 10, 1, 9, 7, 3, 4, 12]
OFV: 6187.0	/ CPU: 0.994 seconds 	/ department sequence: [8, 2, 11, 13, 6, 5, 10, 1, 9, 7, 3, 4, 12]
OFV: 6187.0	/ CPU: 1.052 seconds 	/ department sequence: [2, 8, 11, 13, 6, 5, 10, 1, 9, 7, 3, 4, 12]
OFV: 6187.0	/ CPU: 0.986 seconds 	/ department sequence: [8, 2, 11, 13, 6, 5, 10, 1, 9, 7, 3, 4, 12]
OFV: 6187.0	/ CPU: 0.947 seconds 	/ department sequence: [8, 2, 11, 13, 6, 5, 10, 1, 9, 7, 3, 4, 12]
OFV: 6187.0	/ CPU: 0.943 seconds 	/ department sequence: [2, 8, 11, 13, 6, 5, 10, 1, 9, 7, 3, 4, 12]
OFV: 6187.0	/ CPU: 1.710 seconds 	/ department sequence: [2, 8, 11, 13, 6, 5, 10, 1, 9, 7, 3, 4, 12]
-- Am13e result
--------------------------------------------
HostNestNum = 5, P_a = 0.0
--------------------------------------------
-- 2020-06-10 11:01 result data
OFV: 6502.5	/ CPU: 1.465 seconds 	/ department sequence: [12, 3, 4, 6, 7, 10, 1, 11, 13, 2, 5, 9, 8]
OFV: 6187.0	/ CPU: 1.046 seconds 	/ department sequence: [8, 2, 11, 13, 6, 5, 10, 1, 9, 7, 3, 4, 12]
OFV: 6187.0	/ CPU: 1.049 seconds 	/ department sequence: [8, 2, 11, 13, 6, 5, 10, 1, 9, 7, 3, 4, 12]
OFV: 6187.0	/ CPU: 0.912 seconds 	/ department sequence: [8, 2, 11, 13, 6, 5, 10, 1, 9, 7, 3, 4, 12]
OFV: 6502.5	/ CPU: 2.171 seconds 	/ department sequence: [3, 12, 4, 6, 7, 10, 1, 11, 13, 2, 5, 9, 8]
OFV: 6187.0	/ CPU: 1.148 seconds 	/ department sequence: [8, 2, 11, 13, 6, 5, 10, 1, 9, 7, 3, 4, 12]
OFV: 6187.0	/ CPU: 1.040 seconds 	/ department sequence: [2, 8, 11, 13, 6, 5, 10, 1, 9, 7, 3, 4, 12]
OFV: 6187.0	/ CPU: 1.046 seconds 	/ department sequence: [2, 8, 11, 13, 6, 5, 10, 1, 9, 7, 3, 4, 12]
OFV: 6502.5	/ CPU: 2.510 seconds 	/ department sequence: [12, 3, 4, 6, 7, 10, 1, 11, 2, 13, 8, 5, 9]
OFV: 6187.0	/ CPU: 1.051 seconds 	/ department sequence: [8, 2, 11, 13, 6, 5, 10, 1, 9, 7, 3, 4, 12]
-- Am13e result
--------------------------------------------
HostNestNum = 5, P_a = 0.0
--------------------------------------------
-- 2020-06-10 11:02 result data
OFV: 6502.5	/ CPU: 1.615 seconds 	/ department sequence: [3, 12, 4, 6, 7, 10, 1, 11, 13, 2, 5, 9, 8]
OFV: 6502.5	/ CPU: 1.777 seconds 	/ department sequence: [3, 12, 4, 6, 7, 10, 1, 11, 2, 13, 8, 5, 9]
OFV: 6187.0	/ CPU: 1.048 seconds 	/ department sequence: [8, 2, 11, 13, 6, 5, 10, 1, 9, 7, 3, 4, 12]
OFV: 6502.5	/ CPU: 1.766 seconds 	/ department sequence: [12, 3, 4, 6, 7, 10, 1, 11, 2, 13, 8, 5, 9]
OFV: 6187.0	/ CPU: 1.029 seconds 	/ department sequence: [8, 2, 11, 13, 6, 5, 10, 1, 9, 7, 3, 4, 12]
OFV: 6187.0	/ CPU: 1.417 seconds 	/ department sequence: [8, 2, 11, 13, 6, 5, 10, 1, 9, 7, 3, 4, 12]
OFV: 6187.0	/ CPU: 0.943 seconds 	/ department sequence: [2, 8, 11, 13, 6, 5, 10, 1, 9, 7, 3, 4, 12]
OFV: 6187.0	/ CPU: 1.069 seconds 	/ department sequence: [8, 2, 11, 13, 6, 5, 10, 1, 9, 7, 3, 4, 12]
OFV: 6187.0	/ CPU: 1.071 seconds 	/ department sequence: [2, 8, 11, 13, 6, 5, 10, 1, 9, 7, 3, 4, 12]
OFV: 6187.0	/ CPU: 0.936 seconds 	/ department sequence: [2, 8, 11, 13, 6, 5, 10, 1, 9, 7, 3, 4, 12]
-- Am13e result
--------------------------------------------
HostNestNum = 5, P_a = 0.0
--------------------------------------------
-- 2020-06-10 11:02 result data
OFV: 6187.0	/ CPU: 1.074 seconds 	/ department sequence: [2, 8, 11, 13, 6, 5, 10, 1, 9, 7, 3, 4, 12]
OFV: 6187.0	/ CPU: 0.988 seconds 	/ department sequence: [8, 2, 11, 13, 6, 5, 10, 1, 9, 7, 3, 4, 12]
OFV: 6187.0	/ CPU: 0.986 seconds 	/ department sequence: [2, 8, 11, 13, 6, 5, 10, 1, 9, 7, 3, 4, 12]
OFV: 6187.0	/ CPU: 1.039 seconds 	/ department sequence: [2, 8, 11, 13, 6, 5, 10, 1, 9, 7, 3, 4, 12]
OFV: 6187.0	/ CPU: 0.988 seconds 	/ department sequence: [8, 2, 11, 13, 6, 5, 10, 1, 9, 7, 3, 4, 12]
OFV: 6187.0	/ CPU: 1.038 seconds 	/ department sequence: [8, 2, 11, 13, 6, 5, 10, 1, 9, 7, 3, 4, 12]
OFV: 6187.0	/ CPU: 1.006 seconds 	/ department sequence: [2, 8, 11, 13, 6, 5, 10, 1, 9, 7, 3, 4, 12]
OFV: 6502.5	/ CPU: 1.517 seconds 	/ department sequence: [12, 3, 4, 6, 7, 10, 1, 11, 2, 13, 8, 5, 9]
OFV: 6502.5	/ CPU: 1.535 seconds 	/ department sequence: [3, 12, 4, 6, 7, 10, 1, 11, 13, 2, 5, 9, 8]
OFV: 6187.0	/ CPU: 0.957 seconds 	/ department sequence: [2, 8, 11, 13, 6, 5, 10, 1, 9, 7, 3, 4, 12]
-- Am13e result
--------------------------------------------
HostNestNum = 5, P_a = 0.0
--------------------------------------------
-- 2020-06-10 11:02 result data
OFV: 6502.5	/ CPU: 2.356 seconds 	/ department sequence: [12, 3, 4, 6, 7, 10, 1, 11, 2, 13, 8, 5, 9]
OFV: 6187.0	/ CPU: 1.557 seconds 	/ department sequence: [8, 2, 11, 13, 6, 5, 10, 1, 9, 7, 3, 4, 12]
OFV: 6502.5	/ CPU: 1.657 seconds 	/ department sequence: [3, 12, 4, 6, 7, 10, 1, 11, 13, 2, 5, 9, 8]
OFV: 6187.0	/ CPU: 1.073 seconds 	/ department sequence: [8, 2, 11, 13, 6, 5, 10, 1, 9, 7, 3, 4, 12]
OFV: 6502.5	/ CPU: 1.225 seconds 	/ department sequence: [12, 3, 4, 6, 7, 10, 1, 11, 13, 2, 5, 9, 8]
OFV: 6187.0	/ CPU: 0.988 seconds 	/ department sequence: [8, 2, 11, 13, 6, 5, 10, 1, 9, 7, 3, 4, 12]
OFV: 6187.0	/ CPU: 0.999 seconds 	/ department sequence: [8, 2, 11, 13, 6, 5, 10, 1, 9, 7, 3, 4, 12]
OFV: 6187.0	/ CPU: 1.043 seconds 	/ department sequence: [8, 2, 11, 13, 6, 5, 10, 1, 9, 7, 3, 4, 12]
OFV: 6511.5	/ CPU: 1.651 seconds 	/ department sequence: [3, 12, 4, 10, 7, 1, 6, 11, 2, 13, 8, 5, 9]
OFV: 6187.0	/ CPU: 1.585 seconds 	/ department sequence: [2, 8, 11, 13, 6, 5, 10, 1, 9, 7, 3, 4, 12]
-- Am13e result
--------------------------------------------
HostNestNum = 5, P_a = 0.0
--------------------------------------------
-- 2020-06-10 11:02 result data
OFV: 6187.0	/ CPU: 0.953 seconds 	/ department sequence: [2, 8, 11, 13, 6, 5, 10, 1, 9, 7, 3, 4, 12]
OFV: 6187.0	/ CPU: 0.982 seconds 	/ department sequence: [2, 8, 11, 13, 6, 5, 10, 1, 9, 7, 3, 4, 12]
OFV: 6187.0	/ CPU: 0.997 seconds 	/ department sequence: [2, 8, 11, 13, 6, 5, 10, 1, 9, 7, 3, 4, 12]
OFV: 6516.0	/ CPU: 1.238 seconds 	/ department sequence: [12, 3, 4, 7, 6, 10, 11, 1, 13, 2, 5, 8, 9]
OFV: 6187.0	/ CPU: 0.994 seconds 	/ department sequence: [2, 8, 11, 13, 6, 5, 10, 1, 9, 7, 3, 4, 12]
OFV: 6502.5	/ CPU: 1.443 seconds 	/ department sequence: [12, 3, 4, 6, 7, 10, 1, 11, 2, 13, 8, 5, 9]
OFV: 6187.0	/ CPU: 1.000 seconds 	/ department sequence: [2, 8, 11, 13, 6, 5, 10, 1, 9, 7, 3, 4, 12]
OFV: 6521.0	/ CPU: 2.039 seconds 	/ department sequence: [12, 4, 3, 7, 10, 6, 11, 2, 1, 13, 8, 5, 9]
OFV: 6187.0	/ CPU: 1.158 seconds 	/ department sequence: [8, 2, 11, 13, 6, 5, 10, 1, 9, 7, 3, 4, 12]
OFV: 6511.5	/ CPU: 1.808 seconds 	/ department sequence: [12, 3, 4, 10, 7, 1, 6, 11, 2, 13, 8, 5, 9]
-- Am13e result
--------------------------------------------
HostNestNum = 5, P_a = 0.0
--------------------------------------------
-- 2020-06-10 11:03 result data
OFV: 6187.0	/ CPU: 1.074 seconds 	/ department sequence: [8, 2, 11, 13, 6, 5, 10, 1, 9, 7, 3, 4, 12]
OFV: 6187.0	/ CPU: 0.928 seconds 	/ department sequence: [8, 2, 11, 13, 6, 5, 10, 1, 9, 7, 3, 4, 12]
OFV: 6187.0	/ CPU: 0.946 seconds 	/ department sequence: [8, 2, 11, 13, 6, 5, 10, 1, 9, 7, 3, 4, 12]
OFV: 6502.5	/ CPU: 1.569 seconds 	/ department sequence: [3, 12, 4, 6, 7, 10, 1, 11, 13, 2, 5, 9, 8]
OFV: 6187.0	/ CPU: 0.983 seconds 	/ department sequence: [8, 2, 11, 13, 6, 5, 10, 1, 9, 7, 3, 4, 12]
OFV: 6187.0	/ CPU: 1.010 seconds 	/ department sequence: [2, 8, 11, 13, 6, 5, 10, 1, 9, 7, 3, 4, 12]
OFV: 6187.0	/ CPU: 0.923 seconds 	/ department sequence: [2, 8, 11, 13, 6, 5, 10, 1, 9, 7, 3, 4, 12]
OFV: 6187.0	/ CPU: 1.037 seconds 	/ department sequence: [8, 2, 11, 13, 6, 5, 10, 1, 9, 7, 3, 4, 12]
OFV: 6187.0	/ CPU: 0.937 seconds 	/ department sequence: [8, 2, 11, 13, 6, 5, 10, 1, 9, 7, 3, 4, 12]
OFV: 6511.5	/ CPU: 1.698 seconds 	/ department sequence: [12, 3, 4, 10, 7, 1, 6, 11, 2, 13, 9, 5, 8]
-- Am13e result
--------------------------------------------
HostNestNum = 5, P_a = 0.0
--------------------------------------------
-- 2020-06-10 17:18 result data
OFV: 6502.5	/ CPU: 2.218 seconds 	/ department sequence: [3, 12, 4, 6, 7, 10, 1, 11, 13, 2, 5, 9, 8]
OFV: 6187.0	/ CPU: 1.512 seconds 	/ department sequence: [2, 8, 11, 13, 6, 5, 10, 1, 9, 7, 3, 4, 12]
OFV: 6511.5	/ CPU: 3.459 seconds 	/ department sequence: [3, 12, 4, 10, 7, 1, 6, 11, 2, 13, 8, 5, 9]
OFV: 6187.0	/ CPU: 1.392 seconds 	/ department sequence: [8, 2, 11, 13, 6, 5, 10, 1, 9, 7, 3, 4, 12]
OFV: 6187.0	/ CPU: 1.322 seconds 	/ department sequence: [8, 2, 11, 13, 6, 5, 10, 1, 9, 7, 3, 4, 12]
OFV: 6187.0	/ CPU: 1.853 seconds 	/ department sequence: [8, 2, 11, 13, 6, 5, 10, 1, 9, 7, 3, 4, 12]
OFV: 6187.0	/ CPU: 1.496 seconds 	/ department sequence: [8, 2, 11, 13, 6, 5, 10, 1, 9, 7, 3, 4, 12]
OFV: 6187.0	/ CPU: 2.013 seconds 	/ department sequence: [2, 8, 11, 13, 6, 5, 10, 1, 9, 7, 3, 4, 12]
OFV: 6511.5	/ CPU: 2.526 seconds 	/ department sequence: [3, 12, 4, 10, 7, 1, 6, 11, 2, 13, 9, 5, 8]
OFV: 6187.0	/ CPU: 2.026 seconds 	/ department sequence: [8, 2, 11, 13, 6, 5, 10, 1, 9, 7, 3, 4, 12]
-- Am13e result
--------------------------------------------
HostNestNum = 5, P_a = 0.0
--------------------------------------------
-- 2020-06-11 01:24 result data
-- Am13e result
--------------------------------------------
HostNestNum = 5, P_a = 0.0
--------------------------------------------
-- 2020-06-11 01:46 result data
-- Am13e result
--------------------------------------------
HostNestNum = 5, P_a = 0.0
--------------------------------------------
-- 2020-06-11 01:47 result data
-- Am13e result
--------------------------------------------
HostNestNum = 5, P_a = 0.0
--------------------------------------------
-- 2020-06-11 01:48 result data
-- Am13e result
--------------------------------------------
HostNestNum = 5, P_a = 0.0
--------------------------------------------
-- 2020-06-11 02:38 result data
-- Am13e result
--------------------------------------------
HostNestNum = 5, P_a = 0.0
--------------------------------------------
-- 2020-06-11 02:39 result data
-- Am13e result
--------------------------------------------
HostNestNum = 5, P_a = 0.0
--------------------------------------------
-- 2020-06-11 02:51 result data
-- Am13e result
--------------------------------------------
HostNestNum = 5, P_a = 0.0
--------------------------------------------
-- 2020-06-11 02:55 result data
-- Am13e result
--------------------------------------------
HostNestNum = 5, P_a = 0.0
--------------------------------------------
-- 2020-06-11 02:59 result data
