The single-row facility layout problem(SRFLP) with Cuckoo Search Algorithm(CS)

Summary of computational results with the fixed_alpha parameter set

================================================================================
Problem	Nest Number	Pa		Best OFV	CPU Time(second)
The single-row facility layout problem(SRFLP) with Cuckoo Search Algorithm(CS)

Summary of computational results with the fixed_alpha parameter set

================================================================================
Problem	Nest Number	Pa		Best OFV	CPU Time(second)
The single-row facility layout problem(SRFLP) with Cuckoo Search Algorithm(CS)

Summary of computational results with the fixed_alpha parameter set

================================================================================
Problem	Nest Number	Pa		Best OFV	CPU Time(second)
The single-row facility layout problem(SRFLP) with Cuckoo Search Algorithm(CS)

Summary of computational results with the fixed_alpha parameter set

================================================================================
Problem	Nest Number	Pa		Best OFV	CPU Time(second)
The single-row facility layout problem(SRFLP) with Cuckoo Search Algorithm(CS)

Summary of computational results with the fixed_alpha parameter set

================================================================================
Problem	Nest Number	Pa		Best OFV	CPU Time(second)
The single-row facility layout problem(SRFLP) with Cuckoo Search Algorithm(CS)

Summary of computational results with the fixed_alpha parameter set

================================================================================
Problem	Nest Number	Pa		Best OFV	CPU Time(second)
The single-row facility layout problem(SRFLP) with Cuckoo Search Algorithm(CS)

Summary of computational results with the fixed_alpha parameter set

================================================================================
Problem	Nest Number	Pa		Best OFV	CPU Time(second)
The single-row facility layout problem(SRFLP) with Cuckoo Search Algorithm(CS)

Summary of computational results with the fixed_alpha parameter set

================================================================================
Problem	Nest Number	Pa		Best OFV	CPU Time(second)
-- 2020-03-05 19:54 result data
HA5		5			0.0		52.5		4.33
The single-row facility layout problem(SRFLP) with Cuckoo Search Algorithm(CS)

Summary of computational results with the fixed_alpha parameter set

================================================================================
Problem	Nest Number	Pa		Best OFV	CPU Time(second)
-- 2020-03-05 19:56 result data
HA5		5			0.0		52.5		3.476
The single-row facility layout problem(SRFLP) with Cuckoo Search Algorithm(CS)

Summary of computational results with the fixed_alpha parameter set

================================================================================
Problem	Nest Number	Pa		Best OFV	CPU Time(second)
The single-row facility layout problem(SRFLP) with Cuckoo Search Algorithm(CS)

Summary of computational results with the fixed_alpha parameter set

================================================================================
Problem	Nest Number	Pa		Best OFV	CPU Time(second)
-- 2020-03-05 20:40 result data
HA7		5			0.0		159.0		5.44
The single-row facility layout problem(SRFLP) with Cuckoo Search Algorithm(CS)

Summary of computational results with the fixed_alpha parameter set

================================================================================
Problem	Nest Number	Pa		Best OFV	CPU Time(second)
-- 2020-03-05 20:56 result data
HA7		5			0.0		159.0		2.763
The single-row facility layout problem(SRFLP) with Cuckoo Search Algorithm(CS)

Summary of computational results with the fixed_alpha parameter set

================================================================================
Problem	Nest Number	Pa		Best OFV	CPU Time(second)
The single-row facility layout problem(SRFLP) with Cuckoo Search Algorithm(CS)

Summary of computational results with the fixed_alpha parameter set

================================================================================
Problem	Nest Number	Pa		Best OFV	CPU Time(second)
The single-row facility layout problem(SRFLP) with Cuckoo Search Algorithm(CS)

Summary of computational results with the fixed_alpha parameter set

================================================================================
Problem	Nest Number	Pa		Best OFV	CPU Time(second)
The single-row facility layout problem(SRFLP) with Cuckoo Search Algorithm(CS)

Summary of computational results with the fixed_alpha parameter set

================================================================================
Problem	Nest Number	Pa		Best OFV	CPU Time(second)
The single-row facility layout problem(SRFLP) with Cuckoo Search Algorithm(CS)

Summary of computational results with the fixed_alpha parameter set

================================================================================
Problem	Nest Number	Pa		Best OFV	CPU Time(second)
The single-row facility layout problem(SRFLP) with Cuckoo Search Algorithm(CS)

Summary of computational results with the fixed_alpha parameter set

================================================================================
Problem	Nest Number	Pa		Best OFV	CPU Time(second)
-- 2020-03-06 14:24 result data
HA9		5			0.0		486.5		3.792
The single-row facility layout problem(SRFLP) with Cuckoo Search Algorithm(CS)

Summary of computational results with the fixed_alpha parameter set

================================================================================
Problem	Nest Number	Pa		Best OFV	CPU Time(second)
The single-row facility layout problem(SRFLP) with Cuckoo Search Algorithm(CS)

Summary of computational results with the fixed_alpha parameter set

================================================================================
Problem	Nest Number	Pa		Best OFV	CPU Time(second)
The single-row facility layout problem(SRFLP) with Cuckoo Search Algorithm(CS)

Summary of computational results with the fixed_alpha parameter set

================================================================================
Problem	Nest Number	Pa		Best OFV	CPU Time(second)
-- 2020-03-06 15:02 result data
HA10		10			0.0		821.0		6.952
The single-row facility layout problem(SRFLP) with Cuckoo Search Algorithm(CS)

Summary of computational results with the fixed_alpha parameter set

================================================================================
Problem	Nest Number	Pa		Best OFV	CPU Time(second)
The single-row facility layout problem(SRFLP) with Cuckoo Search Algorithm(CS)

Summary of computational results with the fixed_alpha parameter set

================================================================================
Problem	Nest Number	Pa		Best OFV	CPU Time(second)
-- 2020-03-06 16:33 result data
HA11		10			0.0		615.5		14.549
The single-row facility layout problem(SRFLP) with Cuckoo Search Algorithm(CS)

Summary of computational results with the fixed_alpha parameter set

================================================================================
Problem	Nest Number	Pa		Best OFV	CPU Time(second)
The single-row facility layout problem(SRFLP) with Cuckoo Search Algorithm(CS)

Summary of computational results with the fixed_alpha parameter set

================================================================================
Problem	Nest Number	Pa		Best OFV	CPU Time(second)
The single-row facility layout problem(SRFLP) with Cuckoo Search Algorithm(CS)

Summary of computational results with the fixed_alpha parameter set

================================================================================
Problem	Nest Number	Pa		Best OFV	CPU Time(second)
The single-row facility layout problem(SRFLP) with Cuckoo Search Algorithm(CS)

Summary of computational results with the fixed_alpha parameter set

================================================================================
Problem	Nest Number	Pa		Best OFV	CPU Time(second)
The single-row facility layout problem(SRFLP) with Cuckoo Search Algorithm(CS)

Summary of computational results with the fixed_alpha parameter set

================================================================================
Problem	Nest Number	Pa		Best OFV	CPU Time(second)
The single-row facility layout problem(SRFLP) with Cuckoo Search Algorithm(CS)

Summary of computational results with the fixed_alpha parameter set

================================================================================
Problem	Nest Number	Pa		Best OFV	CPU Time(second)
The single-row facility layout problem(SRFLP) with Cuckoo Search Algorithm(CS)

Summary of computational results with the fixed_alpha parameter set

================================================================================
Problem	Nest Number	Pa		Best OFV	CPU Time(second)
The single-row facility layout problem(SRFLP) with Cuckoo Search Algorithm(CS)

Summary of computational results with the fixed_alpha parameter set

================================================================================
Problem	Nest Number	Pa		Best OFV	CPU Time(second)
The single-row facility layout problem(SRFLP) with Cuckoo Search Algorithm(CS)

Summary of computational results with the fixed_alpha parameter set

================================================================================
Problem	Nest Number	Pa		Best OFV	CPU Time(second)
The single-row facility layout problem(SRFLP) with Cuckoo Search Algorithm(CS)

Summary of computational results with the fixed_alpha parameter set

================================================================================
Problem	Nest Number	Pa		Best OFV	CPU Time(second)
The single-row facility layout problem(SRFLP) with Cuckoo Search Algorithm(CS)

Summary of computational results with the fixed_alpha parameter set

================================================================================
Problem	Nest Number	Pa		Best OFV	CPU Time(second)
The single-row facility layout problem(SRFLP) with Cuckoo Search Algorithm(CS)

Summary of computational results with the fixed_alpha parameter set

================================================================================
Problem	Nest Number	Pa		Best OFV	CPU Time(second)
The single-row facility layout problem(SRFLP) with Cuckoo Search Algorithm(CS)

Summary of computational results with the fixed_alpha parameter set

================================================================================
Problem	Nest Number	Pa		Best OFV	CPU Time(second)
-- 2020-03-08 18:36 result data
HA9		5			0.0		486.5		4.199
The single-row facility layout problem(SRFLP) with Cuckoo Search Algorithm(CS)

Summary of computational results with the fixed_alpha parameter set

================================================================================
Problem	Nest Number	Pa		Best OFV	CPU Time(second)
-- 2020-03-08 18:43 result data
HA9		5			0.0		486.5		2.353
The single-row facility layout problem(SRFLP) with Cuckoo Search Algorithm(CS)

Summary of computational results with the fixed_alpha parameter set

================================================================================
Problem	Nest Number	Pa		Best OFV	CPU Time(second)
The single-row facility layout problem(SRFLP) with Cuckoo Search Algorithm(CS)

Summary of computational results with the fixed_alpha parameter set

================================================================================
Problem	Nest Number	Pa		Best OFV	CPU Time(second)
-- 2020-03-08 19:27 result data
HA9		5			0.0		486.5		2.817
The single-row facility layout problem(SRFLP) with Cuckoo Search Algorithm(CS)

Summary of computational results with the fixed_alpha parameter set

================================================================================
Problem	Nest Number	Pa		Best OFV	CPU Time(second)
The single-row facility layout problem(SRFLP) with Cuckoo Search Algorithm(CS)

Summary of computational results with the fixed_alpha parameter set

================================================================================
Problem	Nest Number	Pa		Best OFV	CPU Time(second)
The single-row facility layout problem(SRFLP) with Cuckoo Search Algorithm(CS)

Summary of computational results with the fixed_alpha parameter set

================================================================================
Problem	Nest Number	Pa		Best OFV	CPU Time(second)
The single-row facility layout problem(SRFLP) with Cuckoo Search Algorithm(CS)

Summary of computational results with the fixed_alpha parameter set

================================================================================
Problem	Nest Number	Pa		Best OFV	CPU Time(second)
The single-row facility layout problem(SRFLP) with Cuckoo Search Algorithm(CS)

Summary of computational results with the fixed_alpha parameter set

================================================================================
Problem	Nest Number	Pa		Best OFV	CPU Time(second)
The single-row facility layout problem(SRFLP) with Cuckoo Search Algorithm(CS)

Summary of computational results with the fixed_alpha parameter set

================================================================================
Problem	Nest Number	Pa		Best OFV	CPU Time(second)
The single-row facility layout problem(SRFLP) with Cuckoo Search Algorithm(CS)

Summary of computational results with the fixed_alpha parameter set

================================================================================
Problem	Nest Number	Pa		Best OFV	CPU Time(second)
The single-row facility layout problem(SRFLP) with Cuckoo Search Algorithm(CS)

Summary of computational results with the fixed_alpha parameter set

================================================================================
Problem	Nest Number	Pa		Best OFV	CPU Time(second)
The single-row facility layout problem(SRFLP) with Cuckoo Search Algorithm(CS)

Summary of computational results with the fixed_alpha parameter set

================================================================================
Problem	Nest Number	Pa		Best OFV	CPU Time(second)
The single-row facility layout problem(SRFLP) with Cuckoo Search Algorithm(CS)

Summary of computational results with the fixed_alpha parameter set

================================================================================
Problem	Nest Number	Pa		Best OFV	CPU Time(second)
The single-row facility layout problem(SRFLP) with Cuckoo Search Algorithm(CS)

Summary of computational results with the fixed_alpha parameter set

================================================================================
Problem	Nest Number	Pa		Best OFV	CPU Time(second)
The single-row facility layout problem(SRFLP) with Cuckoo Search Algorithm(CS)

Summary of computational results with the fixed_alpha parameter set

================================================================================
Problem	Nest Number	Pa		Best OFV	CPU Time(second)
The single-row facility layout problem(SRFLP) with Cuckoo Search Algorithm(CS)

Summary of computational results with the fixed_alpha parameter set

================================================================================
Problem	Nest Number	Pa		Best OFV	CPU Time(second)
The single-row facility layout problem(SRFLP) with Cuckoo Search Algorithm(CS)

Summary of computational results with the fixed_alpha parameter set

================================================================================
Problem	Nest Number	Pa		Best OFV	CPU Time(second)
The single-row facility layout problem(SRFLP) with Cuckoo Search Algorithm(CS)

Summary of computational results with the fixed_alpha parameter set

================================================================================
Problem	Nest Number	Pa		Best OFV	CPU Time(second)
The single-row facility layout problem(SRFLP) with Cuckoo Search Algorithm(CS)

Summary of computational results with the fixed_alpha parameter set

================================================================================
Problem	Nest Number	Pa		Best OFV	CPU Time(second)
The single-row facility layout problem(SRFLP) with Cuckoo Search Algorithm(CS)

Summary of computational results with the fixed_alpha parameter set

================================================================================
Problem	Nest Number	Pa		Best OFV	CPU Time(second)
The single-row facility layout problem(SRFLP) with Cuckoo Search Algorithm(CS)

Summary of computational results with the fixed_alpha parameter set

================================================================================
Problem	Nest Number	Pa		Best OFV	CPU Time(second)
The single-row facility layout problem(SRFLP) with Cuckoo Search Algorithm(CS)

Summary of computational results with the fixed_alpha parameter set

================================================================================
Problem	Nest Number	Pa		Best OFV	CPU Time(second)
The single-row facility layout problem(SRFLP) with Cuckoo Search Algorithm(CS)

Summary of computational results with the fixed_alpha parameter set

================================================================================
Problem	Nest Number	Pa		Best OFV	CPU Time(second)
The single-row facility layout problem(SRFLP) with Cuckoo Search Algorithm(CS)

Summary of computational results with the fixed_alpha parameter set

================================================================================
Problem	Nest Number	Pa		Best OFV	CPU Time(second)
The single-row facility layout problem(SRFLP) with Cuckoo Search Algorithm(CS)

Summary of computational results with the fixed_alpha parameter set

================================================================================
Problem	Nest Number	Pa		Best OFV	CPU Time(second)
-- 2020-03-23 14:11 result data
HA10		5			0.25		821.0		0.509
The single-row facility layout problem(SRFLP) with Cuckoo Search Algorithm(CS)

Summary of computational results with the fixed_alpha parameter set

================================================================================
Problem	Nest Number	Pa		Best OFV	CPU Time(second)
-- 2020-03-23 14:15 result data
HA10		5			0.25		821.0		1.108
The single-row facility layout problem(SRFLP) with Cuckoo Search Algorithm(CS)

Summary of computational results with the fixed_alpha parameter set

================================================================================
Problem	Nest Number	Pa		Best OFV	CPU Time(second)
The single-row facility layout problem(SRFLP) with Cuckoo Search Algorithm(CS)

Summary of computational results with the fixed_alpha parameter set

================================================================================
Problem	Nest Number	Pa		Best OFV	CPU Time(second)
-- 2020-03-23 14:24 result data
HA10		5			0.25		821.0		0.605
The single-row facility layout problem(SRFLP) with Cuckoo Search Algorithm(CS)

Summary of computational results with the fixed_alpha parameter set

================================================================================
Problem	Nest Number	Pa		Best OFV	CPU Time(second)
-- 2020-03-23 15:02 result data
HA10		5			0.25		821.0		0.492
The single-row facility layout problem(SRFLP) with Cuckoo Search Algorithm(CS)

Summary of computational results with the fixed_alpha parameter set

================================================================================
Problem	Nest Number	Pa		Best OFV	CPU Time(second)
-- 2020-03-23 15:12 result data
HA10		5			0.25		821.0		0.957
The single-row facility layout problem(SRFLP) with Cuckoo Search Algorithm(CS)

Summary of computational results with the fixed_alpha parameter set

================================================================================
Problem	Nest Number	Pa		Best OFV	CPU Time(second)
-- 2020-03-23 15:13 result data
HA10		5			0.25		821.0		0.936
The single-row facility layout problem(SRFLP) with Cuckoo Search Algorithm(CS)

Summary of computational results with the fixed_alpha parameter set

================================================================================
Problem	Nest Number	Pa		Best OFV	CPU Time(second)
-- 2020-03-23 15:16 result data
HA10		5			0.25		821.0		1.193
The single-row facility layout problem(SRFLP) with Cuckoo Search Algorithm(CS)

Summary of computational results with the fixed_alpha parameter set

================================================================================
Problem	Nest Number	Pa		Best OFV	CPU Time(second)
-- 2020-03-23 15:20 result data
HA10		5			0.25		821.0		1.3
The single-row facility layout problem(SRFLP) with Cuckoo Search Algorithm(CS)

Summary of computational results with the fixed_alpha parameter set

================================================================================
Problem	Nest Number	Pa		Best OFV	CPU Time(second)
-- 2020-03-23 15:24 result data
HA10		5			0.25		821.0		0.496
The single-row facility layout problem(SRFLP) with Cuckoo Search Algorithm(CS)

Summary of computational results with the fixed_alpha parameter set

================================================================================
Problem	Nest Number	Pa		Best OFV	CPU Time(second)
-- 2020-03-23 15:28 result data
HA10		5			0.25		821.0		0.932
The single-row facility layout problem(SRFLP) with Cuckoo Search Algorithm(CS)

Summary of computational results with the fixed_alpha parameter set

================================================================================
Problem	Nest Number	Pa		Best OFV	CPU Time(second)
-- 2020-03-23 15:29 result data
HA10		5			0.25		821.0		1.336
The single-row facility layout problem(SRFLP) with Cuckoo Search Algorithm(CS)

Summary of computational results with the fixed_alpha parameter set

================================================================================
Problem	Nest Number	Pa		Best OFV	CPU Time(second)
-- 2020-03-23 15:32 result data
HA10		5			0.25		821.0		1.091
The single-row facility layout problem(SRFLP) with Cuckoo Search Algorithm(CS)

Summary of computational results with the fixed_alpha parameter set

================================================================================
Problem	Nest Number	Pa		Best OFV	CPU Time(second)
The single-row facility layout problem(SRFLP) with Cuckoo Search Algorithm(CS)

Summary of computational results with the fixed_alpha parameter set

================================================================================
Problem	Nest Number	Pa		Best OFV	CPU Time(second)
The single-row facility layout problem(SRFLP) with Cuckoo Search Algorithm(CS)

Summary of computational results with the fixed_alpha parameter set

================================================================================
Problem	Nest Number	Pa		Best OFV	CPU Time(second)
The single-row facility layout problem(SRFLP) with Cuckoo Search Algorithm(CS)

Summary of computational results with the fixed_alpha parameter set

================================================================================
Problem	Nest Number	Pa		Best OFV	CPU Time(second)
The single-row facility layout problem(SRFLP) with Cuckoo Search Algorithm(CS)

Summary of computational results with the fixed_alpha parameter set

================================================================================
Problem	Nest Number	Pa		Best OFV	CPU Time(second)
The single-row facility layout problem(SRFLP) with Cuckoo Search Algorithm(CS)

Summary of computational results with the fixed_alpha parameter set

================================================================================
Problem	Nest Number	Pa		Best OFV	CPU Time(second)
