-- AnKeVa60-5 result
--------------------------------------------
HostNestNum = 30, P_a = 0.0
--------------------------------------------
-- 2019-01-11 15:02 result data
OFV: 446610.0	/ CPU: 52.815 seconds 	/ department sequence: [12, 36, 39, 33, 41, 16, 59, 1, 60, 54, 53, 23, 9, 11, 13, 21, 17, 14, 10, 28, 18, 40, 45, 56, 32, 42, 27, 58, 29, 44, 30, 34, 47, 24, 37, 15, 25, 43, 35, 50, 51, 48, 5, 6, 8, 20, 26, 55, 31, 57, 52, 22, 19, 38, 46, 2, 4, 3, 49, 7]
OFV: 412932.0	/ CPU: 39.947 seconds 	/ department sequence: [44, 12, 41, 7, 11, 49, 16, 39, 3, 54, 4, 35, 26, 48, 27, 55, 31, 17, 10, 14, 18, 9, 6, 5, 42, 32, 45, 23, 22, 56, 8, 58, 30, 38, 43, 36, 25, 24, 34, 59, 40, 21, 29, 28, 46, 51, 19, 60, 15, 57, 53, 13, 20, 50, 2, 1, 33, 52, 47, 37]
OFV: 421798.0	/ CPU: 57.152 seconds 	/ department sequence: [20, 12, 11, 34, 44, 3, 51, 58, 59, 52, 42, 43, 24, 57, 29, 26, 49, 32, 17, 45, 35, 46, 21, 56, 36, 50, 15, 14, 31, 25, 27, 40, 22, 28, 5, 8, 6, 18, 47, 55, 53, 10, 48, 19, 23, 2, 13, 9, 1, 38, 54, 4, 7, 30, 37, 16, 60, 33, 41, 39]
OFV: 407569.0	/ CPU: 57.831 seconds 	/ department sequence: [59, 55, 39, 37, 34, 33, 1, 58, 16, 36, 60, 11, 9, 47, 29, 19, 57, 56, 18, 13, 20, 14, 31, 51, 50, 21, 25, 48, 35, 28, 30, 6, 40, 8, 5, 32, 38, 45, 43, 22, 41, 42, 17, 15, 53, 44, 23, 24, 26, 10, 46, 54, 27, 2, 4, 52, 3, 7, 49, 12]
OFV: 441896.0	/ CPU: 29.764 seconds 	/ department sequence: [40, 12, 37, 11, 39, 54, 47, 33, 4, 1, 2, 20, 17, 9, 22, 28, 14, 53, 29, 60, 48, 41, 25, 57, 32, 51, 43, 36, 42, 24, 27, 15, 13, 31, 8, 6, 21, 35, 34, 18, 5, 38, 23, 49, 30, 26, 10, 59, 55, 58, 56, 50, 7, 16, 19, 44, 52, 45, 46, 3]
OFV: 432739.0	/ CPU: 24.646 seconds 	/ department sequence: [3, 32, 39, 16, 57, 49, 23, 7, 4, 18, 37, 31, 59, 41, 54, 2, 60, 51, 56, 35, 48, 36, 29, 38, 10, 28, 8, 42, 5, 6, 50, 13, 22, 30, 27, 24, 43, 58, 45, 44, 21, 15, 25, 14, 47, 20, 11, 55, 52, 46, 26, 40, 1, 33, 19, 34, 17, 12, 9, 53]
OFV: 431555.0	/ CPU: 24.085 seconds 	/ department sequence: [11, 52, 17, 39, 7, 3, 4, 31, 33, 9, 13, 38, 2, 1, 21, 28, 14, 45, 36, 10, 56, 6, 25, 46, 8, 5, 43, 57, 48, 22, 35, 42, 29, 20, 18, 51, 23, 24, 59, 15, 40, 49, 60, 54, 19, 30, 41, 27, 58, 47, 26, 16, 34, 32, 50, 55, 44, 12, 37, 53]
OFV: 433952.0	/ CPU: 29.536 seconds 	/ department sequence: [37, 16, 12, 11, 7, 4, 1, 13, 9, 54, 2, 14, 31, 47, 40, 26, 22, 42, 20, 19, 46, 29, 48, 6, 24, 15, 5, 45, 10, 50, 17, 51, 25, 8, 32, 56, 18, 21, 44, 30, 41, 60, 55, 27, 23, 52, 33, 49, 58, 36, 28, 3, 39, 57, 38, 43, 59, 34, 53, 35]
OFV: 397114.0	/ CPU: 51.115 seconds 	/ department sequence: [39, 38, 44, 33, 12, 37, 11, 7, 16, 4, 3, 1, 2, 10, 13, 60, 36, 20, 14, 23, 47, 17, 48, 55, 56, 53, 51, 42, 21, 24, 27, 31, 6, 45, 8, 15, 5, 19, 57, 35, 43, 18, 22, 58, 29, 54, 50, 46, 30, 40, 41, 32, 28, 9, 34, 25, 59, 26, 52, 49]
OFV: 422772.0	/ CPU: 43.066 seconds 	/ department sequence: [59, 52, 41, 39, 37, 29, 14, 38, 19, 51, 47, 55, 46, 44, 28, 17, 43, 56, 11, 24, 31, 49, 50, 26, 45, 18, 57, 5, 60, 15, 22, 32, 53, 58, 8, 25, 10, 6, 54, 48, 13, 20, 21, 42, 27, 9, 36, 35, 30, 40, 2, 1, 4, 16, 7, 33, 23, 3, 34, 12]
-- AnKeVa60-5 result
--------------------------------------------
HostNestNum = 30, P_a = 0.0
--------------------------------------------
-- 2019-02-14 23:55 result data
OFV: 326004.0	/ CPU: 1930.097 seconds 	/ department sequence: [12, 33, 44, 7, 16, 3, 11, 4, 54, 2, 13, 9, 46, 17, 35, 30, 20, 24, 32, 31, 28, 6, 48, 10, 8, 60, 36, 40, 56, 25, 42, 50, 21, 27, 15, 45, 5, 58, 18, 51, 22, 57, 14, 23, 43, 29, 26, 1, 55, 19, 41, 59, 47, 38, 34, 52, 37, 49, 53, 39]
