-- Small09-5 result
--------------------------------------------
HostNestNum = 5, P_a = 0.25
--------------------------------------------
-- 2020-06-10 14:31 result data
OFV: 3980.0	/ CPU: 2.038 seconds 	/ department sequence: [9, 6, 2, 7, 8, 5, 3, 1, 4]
OFV: 3980.0	/ CPU: 1.930 seconds 	/ department sequence: [1, 4, 3, 5, 8, 7, 2, 6, 9]
OFV: 3980.0	/ CPU: 2.372 seconds 	/ department sequence: [4, 1, 3, 5, 8, 7, 2, 6, 9]
OFV: 3980.0	/ CPU: 2.173 seconds 	/ department sequence: [6, 9, 2, 7, 8, 5, 3, 1, 4]
OFV: 3980.0	/ CPU: 1.915 seconds 	/ department sequence: [9, 6, 2, 7, 8, 5, 3, 1, 4]
OFV: 3980.0	/ CPU: 2.229 seconds 	/ department sequence: [9, 6, 2, 7, 8, 5, 3, 1, 4]
OFV: 3980.0	/ CPU: 1.933 seconds 	/ department sequence: [1, 4, 3, 5, 8, 7, 2, 6, 9]
OFV: 3980.0	/ CPU: 2.316 seconds 	/ department sequence: [6, 9, 2, 7, 8, 5, 3, 1, 4]
OFV: 3980.0	/ CPU: 2.009 seconds 	/ department sequence: [6, 9, 2, 7, 8, 5, 3, 1, 4]
OFV: 3980.0	/ CPU: 1.988 seconds 	/ department sequence: [1, 4, 3, 5, 8, 7, 2, 6, 9]
-- Small09-5 result
--------------------------------------------
HostNestNum = 5, P_a = 0.25
--------------------------------------------
-- 2020-06-10 14:31 result data
OFV: 3980.0	/ CPU: 2.112 seconds 	/ department sequence: [6, 9, 2, 7, 8, 5, 3, 1, 4]
OFV: 3980.0	/ CPU: 1.955 seconds 	/ department sequence: [6, 9, 2, 7, 8, 5, 3, 1, 4]
OFV: 3980.0	/ CPU: 2.138 seconds 	/ department sequence: [9, 6, 2, 7, 8, 5, 3, 1, 4]
OFV: 3980.0	/ CPU: 1.861 seconds 	/ department sequence: [6, 9, 2, 7, 8, 5, 3, 1, 4]
OFV: 3980.0	/ CPU: 3.174 seconds 	/ department sequence: [9, 6, 2, 7, 8, 5, 3, 1, 4]
OFV: 3980.0	/ CPU: 3.154 seconds 	/ department sequence: [9, 6, 2, 7, 8, 5, 3, 1, 4]
OFV: 3980.0	/ CPU: 2.128 seconds 	/ department sequence: [9, 6, 2, 7, 8, 5, 3, 1, 4]
OFV: 3980.0	/ CPU: 1.956 seconds 	/ department sequence: [1, 4, 3, 5, 8, 7, 2, 6, 9]
OFV: 3980.0	/ CPU: 2.083 seconds 	/ department sequence: [6, 9, 2, 7, 8, 5, 3, 1, 4]
OFV: 3980.0	/ CPU: 1.986 seconds 	/ department sequence: [9, 6, 2, 7, 8, 5, 3, 1, 4]
-- Small09-5 result
--------------------------------------------
HostNestNum = 5, P_a = 0.25
--------------------------------------------
-- 2020-06-10 14:32 result data
OFV: 3980.0	/ CPU: 3.079 seconds 	/ department sequence: [1, 4, 3, 5, 8, 7, 2, 6, 9]
OFV: 3980.0	/ CPU: 3.258 seconds 	/ department sequence: [6, 9, 2, 7, 8, 5, 3, 1, 4]
OFV: 3980.0	/ CPU: 3.367 seconds 	/ department sequence: [1, 4, 3, 5, 8, 7, 2, 6, 9]
OFV: 3980.0	/ CPU: 3.083 seconds 	/ department sequence: [9, 6, 2, 7, 8, 5, 3, 1, 4]
OFV: 3980.0	/ CPU: 2.895 seconds 	/ department sequence: [4, 1, 3, 5, 8, 7, 2, 6, 9]
OFV: 3980.0	/ CPU: 3.420 seconds 	/ department sequence: [6, 9, 2, 7, 8, 5, 3, 1, 4]
OFV: 3980.0	/ CPU: 3.706 seconds 	/ department sequence: [9, 6, 2, 7, 8, 5, 3, 1, 4]
OFV: 3980.0	/ CPU: 3.583 seconds 	/ department sequence: [1, 4, 3, 5, 8, 7, 2, 6, 9]
OFV: 3980.0	/ CPU: 2.997 seconds 	/ department sequence: [9, 6, 2, 7, 8, 5, 3, 1, 4]
OFV: 3980.0	/ CPU: 3.189 seconds 	/ department sequence: [4, 1, 3, 5, 8, 7, 2, 6, 9]
-- Small09-5 result
--------------------------------------------
HostNestNum = 5, P_a = 0.25
--------------------------------------------
-- 2020-06-10 14:32 result data
OFV: 3980.0	/ CPU: 4.311 seconds 	/ department sequence: [4, 1, 3, 5, 8, 7, 2, 6, 9]
OFV: 3980.0	/ CPU: 4.123 seconds 	/ department sequence: [6, 9, 2, 7, 8, 5, 3, 1, 4]
OFV: 3980.0	/ CPU: 4.242 seconds 	/ department sequence: [6, 9, 2, 7, 8, 5, 3, 1, 4]
OFV: 3980.0	/ CPU: 4.200 seconds 	/ department sequence: [9, 6, 2, 7, 8, 5, 3, 1, 4]
OFV: 3980.0	/ CPU: 3.818 seconds 	/ department sequence: [9, 6, 2, 7, 8, 5, 3, 1, 4]
OFV: 3980.0	/ CPU: 3.758 seconds 	/ department sequence: [9, 6, 2, 7, 8, 5, 3, 1, 4]
OFV: 3980.0	/ CPU: 3.583 seconds 	/ department sequence: [9, 6, 2, 7, 8, 5, 3, 1, 4]
OFV: 3980.0	/ CPU: 3.770 seconds 	/ department sequence: [6, 9, 2, 7, 8, 5, 3, 1, 4]
OFV: 3980.0	/ CPU: 3.815 seconds 	/ department sequence: [6, 9, 2, 7, 8, 5, 3, 1, 4]
OFV: 3980.0	/ CPU: 3.926 seconds 	/ department sequence: [4, 1, 3, 5, 8, 7, 2, 6, 9]
