-- Am14_1 result
--------------------------------------------
HostNestNum = 5, P_a = 0.0
--------------------------------------------
-- 2020-06-10 12:29 result data
OFV: 2825.5	/ CPU: 1.292 seconds 	/ department sequence: [10, 3, 4, 5, 6, 14, 7, 12, 8, 11, 13, 2, 9, 1]
OFV: 2738.5	/ CPU: 1.339 seconds 	/ department sequence: [9, 5, 11, 8, 7, 12, 13, 14, 2, 6, 3, 4, 1, 10]
OFV: 2738.5	/ CPU: 1.530 seconds 	/ department sequence: [5, 9, 11, 8, 7, 12, 13, 14, 2, 6, 3, 4, 1, 10]
OFV: 2738.5	/ CPU: 1.703 seconds 	/ department sequence: [9, 5, 11, 8, 7, 12, 13, 14, 2, 3, 6, 4, 1, 10]
OFV: 2738.5	/ CPU: 1.276 seconds 	/ department sequence: [5, 9, 11, 8, 7, 12, 13, 14, 2, 6, 3, 4, 1, 10]
OFV: 2738.5	/ CPU: 1.261 seconds 	/ department sequence: [9, 5, 11, 8, 7, 12, 13, 14, 2, 6, 3, 4, 1, 10]
OFV: 2738.5	/ CPU: 1.364 seconds 	/ department sequence: [9, 5, 11, 8, 7, 12, 13, 14, 2, 6, 3, 4, 1, 10]
OFV: 2831.5	/ CPU: 1.195 seconds 	/ department sequence: [10, 3, 4, 5, 6, 14, 7, 12, 8, 11, 13, 2, 9, 1]
OFV: 2738.5	/ CPU: 1.281 seconds 	/ department sequence: [5, 9, 11, 8, 7, 12, 13, 14, 2, 6, 3, 4, 1, 10]
OFV: 2825.5	/ CPU: 1.687 seconds 	/ department sequence: [3, 10, 4, 5, 6, 14, 7, 12, 8, 11, 13, 2, 9, 1]
-- Am14_1 result
--------------------------------------------
HostNestNum = 5, P_a = 0.0
--------------------------------------------
-- 2020-06-10 12:29 result data
OFV: 2825.5	/ CPU: 2.321 seconds 	/ department sequence: [10, 3, 4, 6, 5, 14, 7, 12, 8, 11, 13, 2, 9, 1]
OFV: 2738.5	/ CPU: 1.304 seconds 	/ department sequence: [5, 9, 11, 8, 7, 12, 13, 14, 2, 6, 3, 4, 1, 10]
OFV: 2814.5	/ CPU: 1.263 seconds 	/ department sequence: [1, 10, 3, 4, 13, 6, 2, 14, 8, 7, 12, 9, 11, 5]
OFV: 2738.5	/ CPU: 1.708 seconds 	/ department sequence: [9, 5, 11, 8, 7, 12, 13, 14, 2, 3, 6, 4, 1, 10]
OFV: 2825.5	/ CPU: 1.622 seconds 	/ department sequence: [10, 3, 4, 6, 5, 14, 7, 12, 8, 11, 13, 2, 9, 1]
OFV: 2738.5	/ CPU: 2.577 seconds 	/ department sequence: [9, 5, 11, 8, 7, 12, 13, 14, 2, 6, 3, 4, 1, 10]
OFV: 2847.5	/ CPU: 1.222 seconds 	/ department sequence: [10, 3, 4, 5, 6, 14, 7, 12, 13, 2, 8, 11, 9, 1]
OFV: 2738.5	/ CPU: 1.268 seconds 	/ department sequence: [9, 5, 11, 8, 7, 12, 13, 14, 2, 6, 3, 4, 1, 10]
OFV: 2738.5	/ CPU: 1.224 seconds 	/ department sequence: [5, 9, 11, 8, 7, 12, 13, 14, 2, 6, 3, 4, 1, 10]
OFV: 2738.5	/ CPU: 1.299 seconds 	/ department sequence: [9, 5, 11, 8, 7, 12, 13, 14, 2, 6, 3, 4, 1, 10]
-- Am14_1 result
--------------------------------------------
HostNestNum = 5, P_a = 0.0
--------------------------------------------
-- 2020-06-10 12:29 result data
OFV: 2738.5	/ CPU: 1.944 seconds 	/ department sequence: [9, 5, 11, 8, 7, 12, 13, 14, 2, 3, 6, 4, 1, 10]
OFV: 2825.5	/ CPU: 2.399 seconds 	/ department sequence: [3, 10, 4, 6, 5, 14, 7, 12, 8, 11, 13, 2, 9, 1]
OFV: 2738.5	/ CPU: 1.675 seconds 	/ department sequence: [5, 9, 11, 8, 7, 12, 13, 14, 2, 3, 6, 4, 1, 10]
OFV: 2825.5	/ CPU: 1.373 seconds 	/ department sequence: [10, 3, 4, 6, 5, 14, 7, 12, 8, 11, 13, 2, 9, 1]
OFV: 2738.5	/ CPU: 1.319 seconds 	/ department sequence: [5, 9, 11, 8, 7, 12, 13, 14, 2, 6, 3, 4, 1, 10]
OFV: 2738.5	/ CPU: 2.223 seconds 	/ department sequence: [9, 5, 11, 8, 7, 12, 13, 14, 2, 3, 6, 4, 1, 10]
OFV: 2774.5	/ CPU: 1.843 seconds 	/ department sequence: [10, 1, 3, 2, 14, 4, 6, 13, 8, 11, 7, 9, 12, 5]
OFV: 2738.5	/ CPU: 1.485 seconds 	/ department sequence: [9, 5, 11, 8, 7, 12, 13, 14, 2, 6, 3, 4, 1, 10]
OFV: 2738.5	/ CPU: 1.334 seconds 	/ department sequence: [5, 9, 11, 8, 7, 12, 13, 14, 2, 6, 3, 4, 1, 10]
OFV: 2738.5	/ CPU: 1.317 seconds 	/ department sequence: [9, 5, 11, 8, 7, 12, 13, 14, 2, 6, 3, 4, 1, 10]
-- Am14_1 result
--------------------------------------------
HostNestNum = 5, P_a = 0.0
--------------------------------------------
-- 2020-06-10 12:29 result data
OFV: 2738.5	/ CPU: 1.396 seconds 	/ department sequence: [9, 5, 11, 8, 7, 12, 13, 14, 2, 6, 3, 4, 1, 10]
OFV: 2738.5	/ CPU: 1.249 seconds 	/ department sequence: [9, 5, 11, 8, 7, 12, 13, 14, 2, 6, 3, 4, 1, 10]
OFV: 2738.5	/ CPU: 1.533 seconds 	/ department sequence: [5, 9, 11, 8, 7, 12, 13, 14, 2, 6, 3, 4, 1, 10]
OFV: 2825.5	/ CPU: 1.259 seconds 	/ department sequence: [10, 3, 4, 6, 5, 14, 7, 12, 8, 11, 13, 2, 9, 1]
OFV: 2847.5	/ CPU: 1.157 seconds 	/ department sequence: [3, 10, 4, 6, 5, 14, 7, 12, 13, 2, 8, 11, 9, 1]
OFV: 2825.5	/ CPU: 1.389 seconds 	/ department sequence: [10, 3, 4, 6, 5, 14, 7, 12, 8, 11, 13, 2, 9, 1]
OFV: 2825.5	/ CPU: 1.606 seconds 	/ department sequence: [3, 10, 4, 6, 5, 14, 7, 12, 8, 11, 13, 2, 9, 1]
OFV: 2743.5	/ CPU: 2.224 seconds 	/ department sequence: [5, 9, 11, 12, 7, 8, 13, 14, 2, 6, 3, 4, 1, 10]
OFV: 2738.5	/ CPU: 1.604 seconds 	/ department sequence: [9, 5, 11, 8, 7, 12, 13, 14, 2, 6, 3, 4, 1, 10]
OFV: 2847.5	/ CPU: 1.375 seconds 	/ department sequence: [10, 3, 4, 5, 6, 14, 7, 12, 13, 2, 8, 11, 9, 1]
-- Am14_1 result
--------------------------------------------
HostNestNum = 5, P_a = 0.0
--------------------------------------------
-- 2020-06-10 12:30 result data
OFV: 2825.5	/ CPU: 1.209 seconds 	/ department sequence: [3, 10, 4, 6, 5, 14, 7, 12, 8, 11, 13, 2, 9, 1]
OFV: 2738.5	/ CPU: 1.932 seconds 	/ department sequence: [5, 9, 11, 8, 7, 12, 13, 14, 2, 3, 6, 4, 1, 10]
OFV: 2825.5	/ CPU: 1.228 seconds 	/ department sequence: [3, 10, 4, 5, 6, 14, 7, 12, 8, 11, 13, 2, 9, 1]
OFV: 2738.5	/ CPU: 1.287 seconds 	/ department sequence: [9, 5, 11, 8, 7, 12, 13, 14, 2, 6, 3, 4, 1, 10]
OFV: 2738.5	/ CPU: 1.310 seconds 	/ department sequence: [5, 9, 11, 8, 7, 12, 13, 14, 2, 6, 3, 4, 1, 10]
OFV: 2738.5	/ CPU: 1.232 seconds 	/ department sequence: [9, 5, 11, 8, 7, 12, 13, 14, 2, 6, 3, 4, 1, 10]
OFV: 2825.5	/ CPU: 2.368 seconds 	/ department sequence: [10, 3, 4, 5, 6, 14, 7, 12, 8, 11, 13, 2, 9, 1]
OFV: 2825.5	/ CPU: 3.138 seconds 	/ department sequence: [3, 10, 4, 6, 5, 14, 7, 12, 8, 11, 13, 2, 9, 1]
OFV: 2825.5	/ CPU: 1.332 seconds 	/ department sequence: [3, 10, 4, 5, 6, 14, 7, 12, 8, 11, 13, 2, 9, 1]
OFV: 2831.5	/ CPU: 1.117 seconds 	/ department sequence: [3, 10, 4, 6, 5, 14, 7, 12, 8, 11, 13, 2, 9, 1]
-- Am14_1 result
--------------------------------------------
HostNestNum = 5, P_a = 0.0
--------------------------------------------
-- 2020-06-10 12:30 result data
OFV: 2831.5	/ CPU: 1.182 seconds 	/ department sequence: [3, 10, 4, 5, 6, 14, 7, 12, 8, 11, 13, 2, 9, 1]
OFV: 2831.5	/ CPU: 1.072 seconds 	/ department sequence: [10, 3, 4, 5, 6, 14, 7, 12, 8, 11, 13, 2, 9, 1]
OFV: 2847.5	/ CPU: 1.240 seconds 	/ department sequence: [3, 10, 4, 6, 5, 14, 7, 12, 13, 2, 8, 11, 9, 1]
OFV: 2738.5	/ CPU: 1.411 seconds 	/ department sequence: [9, 5, 11, 8, 7, 12, 13, 14, 2, 6, 3, 4, 1, 10]
OFV: 2738.5	/ CPU: 1.257 seconds 	/ department sequence: [9, 5, 11, 8, 7, 12, 13, 14, 2, 6, 3, 4, 1, 10]
OFV: 2738.5	/ CPU: 1.383 seconds 	/ department sequence: [5, 9, 11, 8, 7, 12, 13, 14, 2, 6, 3, 4, 1, 10]
OFV: 2738.5	/ CPU: 1.256 seconds 	/ department sequence: [9, 5, 11, 8, 7, 12, 13, 14, 2, 6, 3, 4, 1, 10]
OFV: 2756.5	/ CPU: 1.174 seconds 	/ department sequence: [9, 5, 11, 8, 7, 12, 13, 14, 2, 6, 3, 4, 1, 10]
OFV: 2831.5	/ CPU: 1.278 seconds 	/ department sequence: [3, 10, 4, 6, 5, 14, 7, 12, 8, 11, 13, 2, 9, 1]
OFV: 2825.5	/ CPU: 2.176 seconds 	/ department sequence: [10, 3, 4, 6, 5, 14, 7, 12, 8, 11, 13, 2, 9, 1]
-- Am14_1 result
--------------------------------------------
HostNestNum = 5, P_a = 0.0
--------------------------------------------
-- 2020-06-10 12:30 result data
OFV: 2825.5	/ CPU: 1.390 seconds 	/ department sequence: [3, 10, 4, 6, 5, 14, 7, 12, 8, 11, 13, 2, 9, 1]
OFV: 2738.5	/ CPU: 1.367 seconds 	/ department sequence: [9, 5, 11, 8, 7, 12, 13, 14, 2, 6, 3, 4, 1, 10]
OFV: 2738.5	/ CPU: 1.281 seconds 	/ department sequence: [9, 5, 11, 8, 7, 12, 13, 14, 2, 6, 3, 4, 1, 10]
OFV: 2809.5	/ CPU: 2.111 seconds 	/ department sequence: [10, 1, 3, 13, 4, 2, 6, 14, 12, 7, 8, 9, 11, 5]
OFV: 2831.5	/ CPU: 1.202 seconds 	/ department sequence: [10, 3, 4, 5, 6, 14, 7, 12, 8, 11, 13, 2, 9, 1]
OFV: 2791.5	/ CPU: 4.774 seconds 	/ department sequence: [1, 10, 3, 2, 14, 4, 6, 13, 7, 11, 8, 5, 12, 9]
OFV: 2738.5	/ CPU: 1.301 seconds 	/ department sequence: [5, 9, 11, 8, 7, 12, 13, 14, 2, 6, 3, 4, 1, 10]
OFV: 2831.5	/ CPU: 1.137 seconds 	/ department sequence: [3, 10, 4, 6, 5, 14, 7, 12, 8, 11, 13, 2, 9, 1]
OFV: 2738.5	/ CPU: 1.361 seconds 	/ department sequence: [5, 9, 11, 8, 7, 12, 13, 14, 2, 6, 3, 4, 1, 10]
OFV: 2738.5	/ CPU: 1.203 seconds 	/ department sequence: [9, 5, 11, 8, 7, 12, 13, 14, 2, 6, 3, 4, 1, 10]
-- Am14_1 result
--------------------------------------------
HostNestNum = 5, P_a = 0.0
--------------------------------------------
-- 2020-06-10 12:30 result data
OFV: 2738.5	/ CPU: 2.119 seconds 	/ department sequence: [5, 9, 11, 8, 7, 12, 13, 14, 2, 6, 3, 4, 1, 10]
OFV: 2738.5	/ CPU: 1.390 seconds 	/ department sequence: [9, 5, 11, 8, 7, 12, 13, 14, 2, 3, 6, 4, 1, 10]
OFV: 2738.5	/ CPU: 1.671 seconds 	/ department sequence: [5, 9, 11, 8, 7, 12, 13, 14, 2, 3, 6, 4, 1, 10]
OFV: 2738.5	/ CPU: 1.270 seconds 	/ department sequence: [5, 9, 11, 8, 7, 12, 13, 14, 2, 6, 3, 4, 1, 10]
OFV: 2847.5	/ CPU: 1.166 seconds 	/ department sequence: [10, 3, 4, 5, 6, 14, 7, 12, 13, 2, 8, 11, 9, 1]
OFV: 2738.5	/ CPU: 1.276 seconds 	/ department sequence: [9, 5, 11, 8, 7, 12, 13, 14, 2, 6, 3, 4, 1, 10]
OFV: 2738.5	/ CPU: 2.895 seconds 	/ department sequence: [9, 5, 11, 8, 7, 12, 13, 14, 2, 3, 6, 4, 1, 10]
OFV: 2743.5	/ CPU: 1.454 seconds 	/ department sequence: [5, 9, 11, 12, 7, 8, 13, 14, 2, 6, 3, 4, 1, 10]
OFV: 2738.5	/ CPU: 2.478 seconds 	/ department sequence: [5, 9, 11, 8, 7, 12, 13, 14, 2, 6, 3, 4, 1, 10]
OFV: 2738.5	/ CPU: 1.296 seconds 	/ department sequence: [9, 5, 11, 8, 7, 12, 13, 14, 2, 3, 6, 4, 1, 10]
-- Am14_1 result
--------------------------------------------
HostNestNum = 5, P_a = 0.0
--------------------------------------------
-- 2020-06-10 12:31 result data
OFV: 2738.5	/ CPU: 1.261 seconds 	/ department sequence: [5, 9, 11, 8, 7, 12, 13, 14, 2, 6, 3, 4, 1, 10]
OFV: 2738.5	/ CPU: 1.251 seconds 	/ department sequence: [5, 9, 11, 8, 7, 12, 13, 14, 2, 6, 3, 4, 1, 10]
OFV: 2847.5	/ CPU: 1.196 seconds 	/ department sequence: [10, 3, 4, 6, 5, 14, 7, 12, 13, 2, 8, 11, 9, 1]
OFV: 2738.5	/ CPU: 2.057 seconds 	/ department sequence: [9, 5, 11, 8, 7, 12, 13, 14, 2, 6, 3, 4, 1, 10]
OFV: 2738.5	/ CPU: 1.713 seconds 	/ department sequence: [9, 5, 11, 8, 7, 12, 13, 14, 2, 3, 6, 4, 1, 10]
OFV: 2825.5	/ CPU: 2.279 seconds 	/ department sequence: [10, 3, 4, 6, 5, 14, 7, 12, 8, 11, 13, 2, 9, 1]
OFV: 3015.5	/ CPU: 1.171 seconds 	/ department sequence: [5, 7, 6, 13, 14, 2, 8, 12, 9, 11, 3, 4, 1, 10]
OFV: 2738.5	/ CPU: 1.238 seconds 	/ department sequence: [9, 5, 11, 8, 7, 12, 13, 14, 2, 6, 3, 4, 1, 10]
OFV: 2847.5	/ CPU: 1.269 seconds 	/ department sequence: [3, 10, 4, 6, 5, 14, 7, 12, 13, 2, 8, 11, 9, 1]
OFV: 2738.5	/ CPU: 1.910 seconds 	/ department sequence: [5, 9, 11, 8, 7, 12, 13, 14, 2, 6, 3, 4, 1, 10]
-- Am14_1 result
--------------------------------------------
HostNestNum = 5, P_a = 0.0
--------------------------------------------
-- 2020-06-10 12:31 result data
OFV: 2738.5	/ CPU: 2.151 seconds 	/ department sequence: [5, 9, 11, 8, 7, 12, 13, 14, 2, 6, 3, 4, 1, 10]
OFV: 2738.5	/ CPU: 1.289 seconds 	/ department sequence: [9, 5, 11, 8, 7, 12, 13, 14, 2, 6, 3, 4, 1, 10]
OFV: 2738.5	/ CPU: 3.570 seconds 	/ department sequence: [9, 5, 11, 8, 7, 12, 13, 14, 2, 3, 6, 4, 1, 10]
OFV: 2825.5	/ CPU: 1.194 seconds 	/ department sequence: [3, 10, 4, 6, 5, 14, 7, 12, 8, 11, 13, 2, 9, 1]
OFV: 2756.5	/ CPU: 1.174 seconds 	/ department sequence: [5, 9, 11, 8, 7, 12, 13, 14, 2, 6, 3, 4, 1, 10]
OFV: 2738.5	/ CPU: 1.308 seconds 	/ department sequence: [9, 5, 11, 8, 7, 12, 13, 14, 2, 6, 3, 4, 1, 10]
OFV: 2738.5	/ CPU: 2.934 seconds 	/ department sequence: [9, 5, 11, 8, 7, 12, 13, 14, 2, 6, 3, 4, 1, 10]
OFV: 2806.5	/ CPU: 2.663 seconds 	/ department sequence: [1, 10, 3, 6, 13, 4, 2, 14, 12, 7, 8, 9, 11, 5]
OFV: 2825.5	/ CPU: 1.637 seconds 	/ department sequence: [3, 10, 4, 6, 5, 14, 7, 12, 8, 11, 13, 2, 9, 1]
OFV: 2847.5	/ CPU: 1.133 seconds 	/ department sequence: [3, 10, 4, 6, 5, 14, 7, 12, 13, 2, 8, 11, 9, 1]
-- Am14_1 result
--------------------------------------------
HostNestNum = 5, P_a = 0.0
--------------------------------------------
-- 2020-06-10 12:31 result data
OFV: 2831.5	/ CPU: 1.295 seconds 	/ department sequence: [10, 3, 4, 5, 6, 14, 7, 12, 8, 11, 13, 2, 9, 1]
OFV: 2738.5	/ CPU: 1.253 seconds 	/ department sequence: [9, 5, 11, 8, 7, 12, 13, 14, 2, 6, 3, 4, 1, 10]
OFV: 2825.5	/ CPU: 1.186 seconds 	/ department sequence: [3, 10, 4, 6, 5, 14, 7, 12, 8, 11, 13, 2, 9, 1]
OFV: 2825.5	/ CPU: 1.882 seconds 	/ department sequence: [10, 3, 4, 6, 5, 14, 7, 12, 8, 11, 13, 2, 9, 1]
OFV: 2738.5	/ CPU: 1.344 seconds 	/ department sequence: [9, 5, 11, 8, 7, 12, 13, 14, 2, 3, 6, 4, 1, 10]
OFV: 2738.5	/ CPU: 1.291 seconds 	/ department sequence: [5, 9, 11, 8, 7, 12, 13, 14, 2, 6, 3, 4, 1, 10]
OFV: 2825.5	/ CPU: 2.191 seconds 	/ department sequence: [10, 3, 4, 6, 5, 14, 7, 12, 8, 11, 13, 2, 9, 1]
OFV: 2825.5	/ CPU: 1.402 seconds 	/ department sequence: [10, 3, 4, 6, 5, 14, 7, 12, 8, 11, 13, 2, 9, 1]
OFV: 2738.5	/ CPU: 1.813 seconds 	/ department sequence: [9, 5, 11, 8, 7, 12, 13, 14, 2, 6, 3, 4, 1, 10]
OFV: 2809.5	/ CPU: 3.243 seconds 	/ department sequence: [1, 10, 3, 4, 13, 6, 2, 14, 12, 7, 8, 9, 11, 5]
-- Am14_1 result
--------------------------------------------
HostNestNum = 5, P_a = 0.0
--------------------------------------------
-- 2020-06-10 12:32 result data
OFV: 2747.5	/ CPU: 1.348 seconds 	/ department sequence: [5, 9, 11, 8, 7, 12, 6, 14, 13, 2, 3, 4, 1, 10]
OFV: 2743.5	/ CPU: 1.631 seconds 	/ department sequence: [5, 9, 11, 12, 7, 8, 13, 14, 2, 6, 3, 4, 1, 10]
OFV: 2847.5	/ CPU: 1.281 seconds 	/ department sequence: [10, 3, 4, 5, 6, 14, 7, 12, 13, 2, 8, 11, 9, 1]
OFV: 2738.5	/ CPU: 1.421 seconds 	/ department sequence: [5, 9, 11, 8, 7, 12, 13, 14, 2, 6, 3, 4, 1, 10]
OFV: 2831.5	/ CPU: 1.210 seconds 	/ department sequence: [10, 3, 4, 6, 5, 14, 7, 12, 8, 11, 13, 2, 9, 1]
OFV: 2831.5	/ CPU: 1.165 seconds 	/ department sequence: [3, 10, 4, 5, 6, 14, 7, 12, 8, 11, 13, 2, 9, 1]
OFV: 2825.5	/ CPU: 1.208 seconds 	/ department sequence: [3, 10, 4, 6, 5, 14, 7, 12, 8, 11, 13, 2, 9, 1]
OFV: 2777.5	/ CPU: 2.377 seconds 	/ department sequence: [1, 10, 3, 2, 14, 4, 6, 13, 7, 12, 8, 9, 11, 5]
OFV: 2738.5	/ CPU: 1.695 seconds 	/ department sequence: [9, 5, 11, 8, 7, 12, 13, 14, 2, 3, 6, 4, 1, 10]
OFV: 2743.5	/ CPU: 2.146 seconds 	/ department sequence: [5, 9, 11, 12, 7, 8, 13, 14, 2, 6, 3, 4, 1, 10]
-- Am14_1 result
--------------------------------------------
HostNestNum = 5, P_a = 0.0
--------------------------------------------
-- 2020-06-10 12:32 result data
OFV: 2738.5	/ CPU: 1.290 seconds 	/ department sequence: [9, 5, 11, 8, 7, 12, 13, 14, 2, 6, 3, 4, 1, 10]
OFV: 2738.5	/ CPU: 1.338 seconds 	/ department sequence: [5, 9, 11, 8, 7, 12, 13, 14, 2, 6, 3, 4, 1, 10]
OFV: 2825.5	/ CPU: 1.334 seconds 	/ department sequence: [10, 3, 4, 6, 5, 14, 7, 12, 8, 11, 13, 2, 9, 1]
OFV: 2802.5	/ CPU: 2.251 seconds 	/ department sequence: [10, 1, 3, 13, 4, 2, 6, 14, 8, 7, 12, 5, 11, 9]
OFV: 2847.5	/ CPU: 1.336 seconds 	/ department sequence: [3, 10, 4, 5, 6, 14, 7, 12, 13, 2, 8, 11, 9, 1]
OFV: 2738.5	/ CPU: 1.636 seconds 	/ department sequence: [9, 5, 11, 8, 7, 12, 13, 14, 2, 6, 3, 4, 1, 10]
OFV: 2738.5	/ CPU: 2.187 seconds 	/ department sequence: [5, 9, 11, 8, 7, 12, 13, 14, 2, 6, 3, 4, 1, 10]
OFV: 2738.5	/ CPU: 1.998 seconds 	/ department sequence: [5, 9, 11, 8, 7, 12, 13, 14, 2, 6, 3, 4, 1, 10]
OFV: 2825.5	/ CPU: 1.452 seconds 	/ department sequence: [10, 3, 4, 5, 6, 14, 7, 12, 8, 11, 13, 2, 9, 1]
OFV: 2743.5	/ CPU: 1.397 seconds 	/ department sequence: [5, 9, 11, 12, 7, 8, 13, 14, 2, 6, 3, 4, 1, 10]
-- Am14_1 result
--------------------------------------------
HostNestNum = 5, P_a = 0.0
--------------------------------------------
-- 2020-06-10 12:32 result data
OFV: 2738.5	/ CPU: 1.348 seconds 	/ department sequence: [9, 5, 11, 8, 7, 12, 13, 14, 2, 6, 3, 4, 1, 10]
OFV: 2738.5	/ CPU: 1.198 seconds 	/ department sequence: [5, 9, 11, 8, 7, 12, 13, 14, 2, 6, 3, 4, 1, 10]
OFV: 2825.5	/ CPU: 1.296 seconds 	/ department sequence: [10, 3, 4, 5, 6, 14, 7, 12, 8, 11, 13, 2, 9, 1]
OFV: 2747.5	/ CPU: 1.401 seconds 	/ department sequence: [9, 5, 11, 8, 7, 12, 6, 14, 13, 2, 3, 4, 1, 10]
OFV: 2738.5	/ CPU: 1.183 seconds 	/ department sequence: [5, 9, 11, 8, 7, 12, 13, 14, 2, 6, 3, 4, 1, 10]
OFV: 2738.5	/ CPU: 1.220 seconds 	/ department sequence: [5, 9, 11, 8, 7, 12, 13, 14, 2, 6, 3, 4, 1, 10]
OFV: 2738.5	/ CPU: 1.330 seconds 	/ department sequence: [5, 9, 11, 8, 7, 12, 13, 14, 2, 6, 3, 4, 1, 10]
OFV: 2738.5	/ CPU: 1.415 seconds 	/ department sequence: [5, 9, 11, 8, 7, 12, 13, 14, 2, 3, 6, 4, 1, 10]
OFV: 2738.5	/ CPU: 2.322 seconds 	/ department sequence: [9, 5, 11, 8, 7, 12, 13, 14, 2, 3, 6, 4, 1, 10]
OFV: 2738.5	/ CPU: 1.176 seconds 	/ department sequence: [5, 9, 11, 8, 7, 12, 13, 14, 2, 6, 3, 4, 1, 10]
-- Am14_1 result
--------------------------------------------
HostNestNum = 5, P_a = 0.0
--------------------------------------------
-- 2020-06-10 12:32 result data
OFV: 2825.5	/ CPU: 1.268 seconds 	/ department sequence: [3, 10, 4, 5, 6, 14, 7, 12, 8, 11, 13, 2, 9, 1]
OFV: 2738.5	/ CPU: 1.305 seconds 	/ department sequence: [5, 9, 11, 8, 7, 12, 13, 14, 2, 6, 3, 4, 1, 10]
OFV: 2738.5	/ CPU: 2.839 seconds 	/ department sequence: [9, 5, 11, 8, 7, 12, 13, 14, 2, 6, 3, 4, 1, 10]
OFV: 2738.5	/ CPU: 1.632 seconds 	/ department sequence: [9, 5, 11, 8, 7, 12, 13, 14, 2, 6, 3, 4, 1, 10]
OFV: 2738.5	/ CPU: 1.385 seconds 	/ department sequence: [9, 5, 11, 8, 7, 12, 13, 14, 2, 6, 3, 4, 1, 10]
OFV: 2738.5	/ CPU: 1.779 seconds 	/ department sequence: [9, 5, 11, 8, 7, 12, 13, 14, 2, 3, 6, 4, 1, 10]
OFV: 2825.5	/ CPU: 1.225 seconds 	/ department sequence: [3, 10, 4, 5, 6, 14, 7, 12, 8, 11, 13, 2, 9, 1]
OFV: 2831.5	/ CPU: 1.203 seconds 	/ department sequence: [10, 3, 4, 5, 6, 14, 7, 12, 8, 11, 13, 2, 9, 1]
OFV: 2738.5	/ CPU: 1.501 seconds 	/ department sequence: [9, 5, 11, 8, 7, 12, 13, 14, 2, 6, 3, 4, 1, 10]
OFV: 2738.5	/ CPU: 2.397 seconds 	/ department sequence: [5, 9, 11, 8, 7, 12, 13, 14, 2, 3, 6, 4, 1, 10]
-- Am14_1 result
--------------------------------------------
HostNestNum = 5, P_a = 0.0
--------------------------------------------
-- 2020-06-10 12:33 result data
OFV: 2738.5	/ CPU: 1.152 seconds 	/ department sequence: [5, 9, 11, 8, 7, 12, 13, 14, 2, 6, 3, 4, 1, 10]
OFV: 2825.5	/ CPU: 1.709 seconds 	/ department sequence: [3, 10, 4, 6, 5, 14, 7, 12, 8, 11, 13, 2, 9, 1]
OFV: 2738.5	/ CPU: 1.224 seconds 	/ department sequence: [5, 9, 11, 8, 7, 12, 13, 14, 2, 6, 3, 4, 1, 10]
OFV: 2738.5	/ CPU: 3.191 seconds 	/ department sequence: [9, 5, 11, 8, 7, 12, 13, 14, 2, 3, 6, 4, 1, 10]
OFV: 2738.5	/ CPU: 1.855 seconds 	/ department sequence: [5, 9, 11, 8, 7, 12, 13, 14, 2, 6, 3, 4, 1, 10]
OFV: 2756.5	/ CPU: 1.179 seconds 	/ department sequence: [9, 5, 11, 8, 7, 12, 13, 14, 2, 6, 3, 4, 1, 10]
OFV: 2738.5	/ CPU: 1.463 seconds 	/ department sequence: [9, 5, 11, 8, 7, 12, 13, 14, 2, 6, 3, 4, 1, 10]
OFV: 2847.5	/ CPU: 1.206 seconds 	/ department sequence: [3, 10, 4, 6, 5, 14, 7, 12, 13, 2, 8, 11, 9, 1]
OFV: 2825.5	/ CPU: 1.365 seconds 	/ department sequence: [10, 3, 4, 6, 5, 14, 7, 12, 8, 11, 13, 2, 9, 1]
OFV: 2738.5	/ CPU: 1.435 seconds 	/ department sequence: [5, 9, 11, 8, 7, 12, 13, 14, 2, 3, 6, 4, 1, 10]
-- Am14_1 result
--------------------------------------------
HostNestNum = 5, P_a = 0.0
--------------------------------------------
-- 2020-06-10 12:33 result data
OFV: 2738.5	/ CPU: 1.221 seconds 	/ department sequence: [5, 9, 11, 8, 7, 12, 13, 14, 2, 6, 3, 4, 1, 10]
OFV: 2747.5	/ CPU: 1.392 seconds 	/ department sequence: [9, 5, 11, 8, 7, 12, 6, 14, 13, 2, 3, 4, 1, 10]
OFV: 2825.5	/ CPU: 1.404 seconds 	/ department sequence: [10, 3, 4, 6, 5, 14, 7, 12, 8, 11, 13, 2, 9, 1]
OFV: 2738.5	/ CPU: 1.564 seconds 	/ department sequence: [9, 5, 11, 8, 7, 12, 13, 14, 2, 6, 3, 4, 1, 10]
OFV: 2825.5	/ CPU: 2.457 seconds 	/ department sequence: [10, 3, 4, 6, 5, 14, 7, 12, 8, 11, 13, 2, 9, 1]
OFV: 2738.5	/ CPU: 1.205 seconds 	/ department sequence: [5, 9, 11, 8, 7, 12, 13, 14, 2, 6, 3, 4, 1, 10]
OFV: 2743.5	/ CPU: 1.953 seconds 	/ department sequence: [5, 9, 11, 12, 7, 8, 13, 14, 2, 6, 3, 4, 1, 10]
OFV: 2738.5	/ CPU: 1.238 seconds 	/ department sequence: [9, 5, 11, 8, 7, 12, 13, 14, 2, 3, 6, 4, 1, 10]
OFV: 2823.5	/ CPU: 2.409 seconds 	/ department sequence: [1, 10, 3, 4, 2, 13, 14, 6, 8, 7, 12, 9, 11, 5]
OFV: 2825.5	/ CPU: 1.195 seconds 	/ department sequence: [10, 3, 4, 6, 5, 14, 7, 12, 8, 11, 13, 2, 9, 1]
-- Am14_1 result
--------------------------------------------
HostNestNum = 5, P_a = 0.0
--------------------------------------------
-- 2020-06-10 12:33 result data
OFV: 2738.5	/ CPU: 1.341 seconds 	/ department sequence: [5, 9, 11, 8, 7, 12, 13, 14, 2, 6, 3, 4, 1, 10]
OFV: 2738.5	/ CPU: 1.146 seconds 	/ department sequence: [5, 9, 11, 8, 7, 12, 13, 14, 2, 6, 3, 4, 1, 10]
OFV: 2738.5	/ CPU: 1.637 seconds 	/ department sequence: [9, 5, 11, 8, 7, 12, 13, 14, 2, 6, 3, 4, 1, 10]
OFV: 2825.5	/ CPU: 1.805 seconds 	/ department sequence: [10, 3, 4, 6, 5, 14, 7, 12, 8, 11, 13, 2, 9, 1]
OFV: 2738.5	/ CPU: 1.531 seconds 	/ department sequence: [9, 5, 11, 8, 7, 12, 13, 14, 2, 3, 6, 4, 1, 10]
OFV: 2847.5	/ CPU: 1.198 seconds 	/ department sequence: [3, 10, 4, 5, 6, 14, 7, 12, 13, 2, 8, 11, 9, 1]
OFV: 2756.5	/ CPU: 1.187 seconds 	/ department sequence: [9, 5, 11, 8, 7, 12, 13, 14, 2, 6, 3, 4, 1, 10]
OFV: 2738.5	/ CPU: 1.674 seconds 	/ department sequence: [9, 5, 11, 8, 7, 12, 13, 14, 2, 6, 3, 4, 1, 10]
OFV: 2847.5	/ CPU: 1.161 seconds 	/ department sequence: [3, 10, 4, 5, 6, 14, 7, 12, 13, 2, 8, 11, 9, 1]
OFV: 2825.5	/ CPU: 1.211 seconds 	/ department sequence: [3, 10, 4, 6, 5, 14, 7, 12, 8, 11, 13, 2, 9, 1]
-- Am14_1 result
--------------------------------------------
HostNestNum = 5, P_a = 0.0
--------------------------------------------
-- 2020-06-10 12:33 result data
OFV: 2738.5	/ CPU: 1.406 seconds 	/ department sequence: [9, 5, 11, 8, 7, 12, 13, 14, 2, 6, 3, 4, 1, 10]
OFV: 2738.5	/ CPU: 1.458 seconds 	/ department sequence: [5, 9, 11, 8, 7, 12, 13, 14, 2, 6, 3, 4, 1, 10]
OFV: 2738.5	/ CPU: 2.218 seconds 	/ department sequence: [5, 9, 11, 8, 7, 12, 13, 14, 2, 3, 6, 4, 1, 10]
OFV: 2831.5	/ CPU: 1.998 seconds 	/ department sequence: [10, 3, 4, 6, 5, 14, 7, 12, 8, 11, 13, 2, 9, 1]
OFV: 2738.5	/ CPU: 1.210 seconds 	/ department sequence: [5, 9, 11, 8, 7, 12, 13, 14, 2, 6, 3, 4, 1, 10]
OFV: 2747.5	/ CPU: 1.408 seconds 	/ department sequence: [9, 5, 11, 8, 7, 12, 6, 14, 13, 2, 3, 4, 1, 10]
OFV: 2825.5	/ CPU: 1.458 seconds 	/ department sequence: [3, 10, 4, 5, 6, 14, 7, 12, 8, 11, 13, 2, 9, 1]
OFV: 2825.5	/ CPU: 1.479 seconds 	/ department sequence: [10, 3, 4, 6, 5, 14, 7, 12, 8, 11, 13, 2, 9, 1]
OFV: 2738.5	/ CPU: 1.254 seconds 	/ department sequence: [9, 5, 11, 8, 7, 12, 13, 14, 2, 6, 3, 4, 1, 10]
OFV: 2825.5	/ CPU: 1.372 seconds 	/ department sequence: [10, 3, 4, 6, 5, 14, 7, 12, 8, 11, 13, 2, 9, 1]
-- Am14_1 result
--------------------------------------------
HostNestNum = 5, P_a = 0.0
--------------------------------------------
-- 2020-06-10 17:24 result data
OFV: 2738.5	/ CPU: 1.420 seconds 	/ department sequence: [9, 5, 11, 8, 7, 12, 13, 14, 2, 6, 3, 4, 1, 10]
OFV: 2738.5	/ CPU: 1.332 seconds 	/ department sequence: [5, 9, 11, 8, 7, 12, 13, 14, 2, 6, 3, 4, 1, 10]
OFV: 2847.5	/ CPU: 1.336 seconds 	/ department sequence: [3, 10, 4, 5, 6, 14, 7, 12, 13, 2, 8, 11, 9, 1]
OFV: 2738.5	/ CPU: 2.255 seconds 	/ department sequence: [9, 5, 11, 8, 7, 12, 13, 14, 2, 6, 3, 4, 1, 10]
OFV: 2825.5	/ CPU: 2.725 seconds 	/ department sequence: [10, 3, 4, 6, 5, 14, 7, 12, 8, 11, 13, 2, 9, 1]
OFV: 2831.5	/ CPU: 1.344 seconds 	/ department sequence: [3, 10, 4, 6, 5, 14, 7, 12, 8, 11, 13, 2, 9, 1]
OFV: 2738.5	/ CPU: 2.416 seconds 	/ department sequence: [5, 9, 11, 8, 7, 12, 13, 14, 2, 6, 3, 4, 1, 10]
OFV: 2738.5	/ CPU: 1.516 seconds 	/ department sequence: [5, 9, 11, 8, 7, 12, 13, 14, 2, 3, 6, 4, 1, 10]
OFV: 2831.5	/ CPU: 1.670 seconds 	/ department sequence: [3, 10, 4, 6, 5, 14, 7, 12, 8, 11, 13, 2, 9, 1]
OFV: 2825.5	/ CPU: 1.322 seconds 	/ department sequence: [10, 3, 4, 5, 6, 14, 7, 12, 8, 11, 13, 2, 9, 1]
