-- Am13b result
--------------------------------------------
HostNestNum = 5, P_a = 0.25
--------------------------------------------
-- 2020-06-10 08:55 result data
OFV: 2884.0	/ CPU: 2.451 seconds 	/ department sequence: [7, 10, 9, 6, 11, 12, 5, 3, 2, 8, 1, 13, 4]
OFV: 2864.0	/ CPU: 2.544 seconds 	/ department sequence: [7, 10, 9, 6, 11, 5, 8, 3, 4, 13, 2, 12, 1]
OFV: 2864.0	/ CPU: 2.719 seconds 	/ department sequence: [7, 10, 9, 6, 11, 5, 8, 3, 4, 13, 2, 12, 1]
OFV: 2864.0	/ CPU: 2.513 seconds 	/ department sequence: [12, 1, 2, 4, 13, 8, 3, 5, 6, 11, 7, 9, 10]
OFV: 2864.0	/ CPU: 3.445 seconds 	/ department sequence: [1, 12, 2, 4, 13, 8, 3, 5, 6, 11, 9, 7, 10]
OFV: 2864.0	/ CPU: 2.235 seconds 	/ department sequence: [1, 12, 2, 4, 13, 8, 3, 5, 6, 11, 9, 7, 10]
OFV: 2864.0	/ CPU: 2.303 seconds 	/ department sequence: [7, 10, 9, 6, 11, 5, 8, 3, 4, 13, 2, 12, 1]
OFV: 2864.0	/ CPU: 2.625 seconds 	/ department sequence: [1, 12, 2, 4, 13, 8, 3, 5, 6, 11, 9, 7, 10]
OFV: 2864.0	/ CPU: 4.000 seconds 	/ department sequence: [12, 1, 2, 4, 13, 8, 3, 5, 6, 11, 7, 9, 10]
OFV: 2864.0	/ CPU: 2.311 seconds 	/ department sequence: [1, 12, 2, 4, 13, 8, 3, 5, 6, 11, 9, 7, 10]
-- Am13b result
--------------------------------------------
HostNestNum = 5, P_a = 0.25
--------------------------------------------
-- 2020-06-10 08:56 result data
OFV: 2864.0	/ CPU: 2.188 seconds 	/ department sequence: [10, 7, 9, 6, 11, 8, 5, 3, 4, 13, 2, 1, 12]
OFV: 2864.0	/ CPU: 2.972 seconds 	/ department sequence: [7, 10, 9, 6, 11, 5, 8, 3, 4, 13, 2, 12, 1]
OFV: 2864.0	/ CPU: 2.328 seconds 	/ department sequence: [1, 12, 2, 4, 13, 8, 3, 5, 6, 11, 9, 7, 10]
OFV: 2864.0	/ CPU: 2.511 seconds 	/ department sequence: [7, 10, 9, 6, 11, 5, 8, 3, 4, 13, 2, 12, 1]
OFV: 2870.0	/ CPU: 2.088 seconds 	/ department sequence: [12, 1, 2, 4, 13, 8, 3, 5, 11, 6, 9, 7, 10]
OFV: 2864.0	/ CPU: 2.208 seconds 	/ department sequence: [1, 12, 2, 4, 13, 8, 3, 5, 6, 11, 9, 7, 10]
OFV: 2864.0	/ CPU: 3.023 seconds 	/ department sequence: [7, 10, 9, 6, 11, 5, 8, 3, 4, 13, 2, 12, 1]
OFV: 2864.0	/ CPU: 2.133 seconds 	/ department sequence: [7, 10, 9, 6, 11, 5, 8, 3, 4, 13, 2, 12, 1]
OFV: 2864.0	/ CPU: 2.475 seconds 	/ department sequence: [7, 10, 9, 6, 11, 5, 8, 3, 4, 13, 2, 12, 1]
OFV: 2864.0	/ CPU: 2.156 seconds 	/ department sequence: [1, 12, 2, 4, 13, 8, 3, 5, 6, 11, 9, 7, 10]
-- Am13b result
--------------------------------------------
HostNestNum = 5, P_a = 0.25
--------------------------------------------
-- 2020-06-10 08:56 result data
OFV: 2864.0	/ CPU: 3.171 seconds 	/ department sequence: [7, 10, 9, 6, 11, 5, 8, 3, 4, 13, 2, 12, 1]
OFV: 2864.0	/ CPU: 3.742 seconds 	/ department sequence: [12, 1, 2, 4, 13, 8, 3, 5, 6, 11, 7, 9, 10]
OFV: 2864.0	/ CPU: 3.450 seconds 	/ department sequence: [7, 10, 9, 6, 11, 5, 8, 3, 4, 13, 2, 12, 1]
OFV: 2864.0	/ CPU: 3.261 seconds 	/ department sequence: [1, 12, 2, 4, 13, 8, 3, 5, 6, 11, 9, 7, 10]
OFV: 2864.0	/ CPU: 3.176 seconds 	/ department sequence: [7, 10, 9, 6, 11, 5, 8, 3, 4, 13, 2, 12, 1]
OFV: 2864.0	/ CPU: 3.807 seconds 	/ department sequence: [1, 12, 2, 4, 13, 8, 3, 5, 6, 11, 9, 7, 10]
OFV: 2864.0	/ CPU: 3.811 seconds 	/ department sequence: [7, 10, 9, 6, 11, 5, 8, 3, 4, 13, 2, 12, 1]
OFV: 2864.0	/ CPU: 2.950 seconds 	/ department sequence: [7, 10, 9, 6, 11, 5, 8, 3, 4, 13, 2, 12, 1]
OFV: 2864.0	/ CPU: 3.631 seconds 	/ department sequence: [1, 12, 2, 4, 13, 8, 3, 5, 6, 11, 9, 7, 10]
OFV: 2864.0	/ CPU: 3.781 seconds 	/ department sequence: [7, 10, 9, 6, 11, 5, 8, 3, 4, 13, 2, 12, 1]
-- Am13b result
--------------------------------------------
HostNestNum = 5, P_a = 0.25
--------------------------------------------
-- 2020-06-10 08:57 result data
OFV: 2864.0	/ CPU: 4.303 seconds 	/ department sequence: [7, 10, 9, 6, 11, 5, 8, 3, 4, 13, 2, 12, 1]
OFV: 2864.0	/ CPU: 4.264 seconds 	/ department sequence: [7, 10, 9, 6, 11, 5, 8, 3, 4, 13, 2, 12, 1]
OFV: 2864.0	/ CPU: 4.819 seconds 	/ department sequence: [7, 10, 9, 6, 11, 5, 8, 3, 4, 13, 2, 12, 1]
OFV: 2864.0	/ CPU: 4.405 seconds 	/ department sequence: [1, 12, 2, 4, 13, 8, 3, 5, 6, 11, 9, 7, 10]
OFV: 2864.0	/ CPU: 4.163 seconds 	/ department sequence: [1, 12, 2, 4, 13, 8, 3, 5, 6, 11, 9, 7, 10]
OFV: 2864.0	/ CPU: 4.566 seconds 	/ department sequence: [7, 10, 9, 6, 11, 5, 8, 3, 4, 13, 2, 12, 1]
OFV: 2864.0	/ CPU: 5.383 seconds 	/ department sequence: [1, 12, 2, 4, 13, 8, 3, 5, 6, 11, 9, 7, 10]
OFV: 2864.0	/ CPU: 5.249 seconds 	/ department sequence: [12, 1, 2, 4, 13, 8, 3, 5, 6, 11, 7, 9, 10]
OFV: 2864.0	/ CPU: 4.460 seconds 	/ department sequence: [10, 7, 9, 6, 11, 8, 5, 3, 4, 13, 2, 1, 12]
OFV: 2864.0	/ CPU: 4.416 seconds 	/ department sequence: [7, 10, 9, 6, 11, 5, 8, 3, 4, 13, 2, 12, 1]
-- Am13b result
--------------------------------------------
HostNestNum = 5, P_a = 0.25
--------------------------------------------
-- 2020-06-10 08:57 result data
OFV: 2864.0	/ CPU: 2.428 seconds 	/ department sequence: [7, 10, 9, 6, 11, 5, 8, 3, 4, 13, 2, 12, 1]
OFV: 2864.0	/ CPU: 2.290 seconds 	/ department sequence: [1, 12, 2, 4, 13, 8, 3, 5, 6, 11, 9, 7, 10]
OFV: 2864.0	/ CPU: 2.276 seconds 	/ department sequence: [7, 10, 9, 6, 11, 5, 8, 3, 4, 13, 2, 12, 1]
OFV: 2864.0	/ CPU: 2.091 seconds 	/ department sequence: [7, 10, 9, 6, 11, 5, 8, 3, 4, 13, 2, 12, 1]
OFV: 2864.0	/ CPU: 2.164 seconds 	/ department sequence: [1, 12, 2, 4, 13, 8, 3, 5, 6, 11, 9, 7, 10]
OFV: 2864.0	/ CPU: 2.459 seconds 	/ department sequence: [7, 10, 9, 6, 11, 5, 8, 3, 4, 13, 2, 12, 1]
OFV: 2864.0	/ CPU: 3.349 seconds 	/ department sequence: [1, 12, 2, 4, 13, 8, 3, 5, 6, 11, 9, 7, 10]
OFV: 2864.0	/ CPU: 2.050 seconds 	/ department sequence: [7, 10, 9, 6, 11, 5, 8, 3, 4, 13, 2, 12, 1]
OFV: 2864.0	/ CPU: 2.152 seconds 	/ department sequence: [12, 1, 2, 4, 13, 8, 3, 5, 6, 11, 7, 9, 10]
OFV: 2864.0	/ CPU: 3.279 seconds 	/ department sequence: [12, 1, 2, 4, 13, 8, 3, 5, 6, 11, 7, 9, 10]
-- Am13b result
--------------------------------------------
HostNestNum = 5, P_a = 0.25
--------------------------------------------
-- 2020-06-10 08:58 result data
OFV: 2864.0	/ CPU: 2.529 seconds 	/ department sequence: [12, 1, 2, 4, 13, 8, 3, 5, 6, 11, 7, 9, 10]
OFV: 2864.0	/ CPU: 3.326 seconds 	/ department sequence: [1, 12, 2, 4, 13, 8, 3, 5, 6, 11, 9, 7, 10]
OFV: 2864.0	/ CPU: 2.537 seconds 	/ department sequence: [1, 12, 2, 4, 13, 8, 3, 5, 6, 11, 9, 7, 10]
OFV: 2864.0	/ CPU: 2.936 seconds 	/ department sequence: [1, 12, 2, 4, 13, 8, 3, 5, 6, 11, 9, 7, 10]
OFV: 2864.0	/ CPU: 2.679 seconds 	/ department sequence: [7, 10, 9, 6, 11, 5, 8, 3, 4, 13, 2, 12, 1]
OFV: 2864.0	/ CPU: 2.150 seconds 	/ department sequence: [1, 12, 2, 4, 13, 8, 3, 5, 6, 11, 9, 7, 10]
OFV: 2864.0	/ CPU: 2.233 seconds 	/ department sequence: [7, 10, 9, 6, 11, 5, 8, 3, 4, 13, 2, 12, 1]
OFV: 2864.0	/ CPU: 2.271 seconds 	/ department sequence: [1, 12, 2, 4, 13, 8, 3, 5, 6, 11, 9, 7, 10]
OFV: 2864.0	/ CPU: 2.281 seconds 	/ department sequence: [1, 12, 2, 4, 13, 8, 3, 5, 6, 11, 9, 7, 10]
OFV: 2870.0	/ CPU: 2.475 seconds 	/ department sequence: [10, 7, 9, 11, 6, 8, 5, 3, 13, 4, 2, 1, 12]
-- Am13b result
--------------------------------------------
HostNestNum = 5, P_a = 0.25
--------------------------------------------
-- 2020-06-10 08:58 result data
OFV: 2864.0	/ CPU: 3.754 seconds 	/ department sequence: [7, 10, 9, 6, 11, 5, 8, 3, 4, 13, 2, 12, 1]
OFV: 2864.0	/ CPU: 3.336 seconds 	/ department sequence: [7, 10, 9, 6, 11, 5, 8, 3, 4, 13, 2, 12, 1]
OFV: 2864.0	/ CPU: 3.604 seconds 	/ department sequence: [1, 12, 2, 4, 13, 8, 3, 5, 6, 11, 9, 7, 10]
OFV: 2864.0	/ CPU: 3.824 seconds 	/ department sequence: [1, 12, 2, 4, 13, 8, 3, 5, 6, 11, 9, 7, 10]
OFV: 2864.0	/ CPU: 3.109 seconds 	/ department sequence: [1, 12, 2, 4, 13, 8, 3, 5, 6, 11, 9, 7, 10]
OFV: 2864.0	/ CPU: 3.414 seconds 	/ department sequence: [7, 10, 9, 6, 11, 5, 8, 3, 4, 13, 2, 12, 1]
OFV: 2864.0	/ CPU: 3.712 seconds 	/ department sequence: [1, 12, 2, 4, 13, 8, 3, 5, 6, 11, 9, 7, 10]
OFV: 2864.0	/ CPU: 3.123 seconds 	/ department sequence: [7, 10, 9, 6, 11, 5, 8, 3, 4, 13, 2, 12, 1]
OFV: 2864.0	/ CPU: 3.892 seconds 	/ department sequence: [7, 10, 9, 6, 11, 5, 8, 3, 4, 13, 2, 12, 1]
OFV: 2864.0	/ CPU: 3.131 seconds 	/ department sequence: [7, 10, 9, 6, 11, 5, 8, 3, 4, 13, 2, 12, 1]
-- Am13b result
--------------------------------------------
HostNestNum = 5, P_a = 0.25
--------------------------------------------
-- 2020-06-10 08:59 result data
OFV: 2864.0	/ CPU: 4.647 seconds 	/ department sequence: [7, 10, 9, 6, 11, 5, 8, 3, 4, 13, 2, 12, 1]
OFV: 2864.0	/ CPU: 4.341 seconds 	/ department sequence: [1, 12, 2, 4, 13, 8, 3, 5, 6, 11, 9, 7, 10]
OFV: 2864.0	/ CPU: 4.398 seconds 	/ department sequence: [1, 12, 2, 4, 13, 8, 3, 5, 6, 11, 9, 7, 10]
OFV: 2864.0	/ CPU: 4.298 seconds 	/ department sequence: [10, 7, 9, 6, 11, 8, 5, 3, 4, 13, 2, 1, 12]
OFV: 2864.0	/ CPU: 4.410 seconds 	/ department sequence: [7, 10, 9, 6, 11, 5, 8, 3, 4, 13, 2, 12, 1]
OFV: 2864.0	/ CPU: 4.479 seconds 	/ department sequence: [12, 1, 2, 4, 13, 8, 3, 5, 6, 11, 7, 9, 10]
OFV: 2864.0	/ CPU: 4.640 seconds 	/ department sequence: [12, 1, 2, 4, 13, 8, 3, 5, 6, 11, 7, 9, 10]
OFV: 2864.0	/ CPU: 5.088 seconds 	/ department sequence: [7, 10, 9, 6, 11, 5, 8, 3, 4, 13, 2, 12, 1]
OFV: 2864.0	/ CPU: 4.352 seconds 	/ department sequence: [1, 12, 2, 4, 13, 8, 3, 5, 6, 11, 9, 7, 10]
OFV: 2864.0	/ CPU: 5.623 seconds 	/ department sequence: [1, 12, 2, 4, 13, 8, 3, 5, 6, 11, 9, 7, 10]
-- Am13b result
--------------------------------------------
HostNestNum = 5, P_a = 0.25
--------------------------------------------
-- 2020-06-10 09:00 result data
OFV: 2864.0	/ CPU: 3.014 seconds 	/ department sequence: [1, 12, 2, 4, 13, 8, 3, 5, 6, 11, 9, 7, 10]
OFV: 2864.0	/ CPU: 2.164 seconds 	/ department sequence: [12, 1, 2, 4, 13, 8, 3, 5, 6, 11, 7, 9, 10]
OFV: 2864.0	/ CPU: 2.154 seconds 	/ department sequence: [1, 12, 2, 4, 13, 8, 3, 5, 6, 11, 9, 7, 10]
OFV: 2864.0	/ CPU: 2.784 seconds 	/ department sequence: [7, 10, 9, 6, 11, 5, 8, 3, 4, 13, 2, 12, 1]
OFV: 2864.0	/ CPU: 2.178 seconds 	/ department sequence: [7, 10, 9, 6, 11, 5, 8, 3, 4, 13, 2, 12, 1]
OFV: 2864.0	/ CPU: 2.959 seconds 	/ department sequence: [1, 12, 2, 4, 13, 8, 3, 5, 6, 11, 9, 7, 10]
OFV: 2864.0	/ CPU: 2.227 seconds 	/ department sequence: [1, 12, 2, 4, 13, 8, 3, 5, 6, 11, 9, 7, 10]
OFV: 2864.0	/ CPU: 2.449 seconds 	/ department sequence: [1, 12, 2, 4, 13, 8, 3, 5, 6, 11, 9, 7, 10]
OFV: 2864.0	/ CPU: 2.110 seconds 	/ department sequence: [7, 10, 9, 6, 11, 5, 8, 3, 4, 13, 2, 12, 1]
OFV: 2864.0	/ CPU: 2.368 seconds 	/ department sequence: [7, 10, 9, 6, 11, 5, 8, 3, 4, 13, 2, 12, 1]
-- Am13b result
--------------------------------------------
HostNestNum = 5, P_a = 0.25
--------------------------------------------
-- 2020-06-10 09:00 result data
OFV: 2864.0	/ CPU: 2.056 seconds 	/ department sequence: [7, 10, 9, 6, 11, 5, 8, 3, 4, 13, 2, 12, 1]
OFV: 2864.0	/ CPU: 2.031 seconds 	/ department sequence: [1, 12, 2, 4, 13, 8, 3, 5, 6, 11, 9, 7, 10]
OFV: 2864.0	/ CPU: 2.243 seconds 	/ department sequence: [1, 12, 2, 4, 13, 8, 3, 5, 6, 11, 9, 7, 10]
OFV: 2864.0	/ CPU: 2.195 seconds 	/ department sequence: [12, 1, 2, 4, 13, 8, 3, 5, 6, 11, 7, 9, 10]
OFV: 2864.0	/ CPU: 2.288 seconds 	/ department sequence: [7, 10, 9, 6, 11, 5, 8, 3, 4, 13, 2, 12, 1]
OFV: 2864.0	/ CPU: 2.156 seconds 	/ department sequence: [1, 12, 2, 4, 13, 8, 3, 5, 6, 11, 9, 7, 10]
OFV: 2864.0	/ CPU: 2.530 seconds 	/ department sequence: [1, 12, 2, 4, 13, 8, 3, 5, 6, 11, 9, 7, 10]
OFV: 2864.0	/ CPU: 2.094 seconds 	/ department sequence: [7, 10, 9, 6, 11, 5, 8, 3, 4, 13, 2, 12, 1]
OFV: 2864.0	/ CPU: 2.390 seconds 	/ department sequence: [7, 10, 9, 6, 11, 5, 8, 3, 4, 13, 2, 12, 1]
OFV: 2864.0	/ CPU: 2.081 seconds 	/ department sequence: [1, 12, 2, 4, 13, 8, 3, 5, 6, 11, 9, 7, 10]
-- Am13b result
--------------------------------------------
HostNestNum = 5, P_a = 0.25
--------------------------------------------
-- 2020-06-10 09:00 result data
OFV: 2864.0	/ CPU: 3.954 seconds 	/ department sequence: [7, 10, 9, 6, 11, 5, 8, 3, 4, 13, 2, 12, 1]
OFV: 2864.0	/ CPU: 4.335 seconds 	/ department sequence: [7, 10, 9, 6, 11, 5, 8, 3, 4, 13, 2, 12, 1]
OFV: 2864.0	/ CPU: 3.315 seconds 	/ department sequence: [1, 12, 2, 4, 13, 8, 3, 5, 6, 11, 9, 7, 10]
OFV: 2864.0	/ CPU: 4.543 seconds 	/ department sequence: [10, 7, 9, 6, 11, 8, 5, 3, 4, 13, 2, 1, 12]
OFV: 2864.0	/ CPU: 4.183 seconds 	/ department sequence: [12, 1, 2, 4, 13, 8, 3, 5, 6, 11, 7, 9, 10]
OFV: 2864.0	/ CPU: 3.586 seconds 	/ department sequence: [1, 12, 2, 4, 13, 8, 3, 5, 6, 11, 9, 7, 10]
OFV: 2864.0	/ CPU: 4.109 seconds 	/ department sequence: [10, 7, 9, 6, 11, 8, 5, 3, 4, 13, 2, 1, 12]
OFV: 2864.0	/ CPU: 4.511 seconds 	/ department sequence: [1, 12, 2, 4, 13, 8, 3, 5, 6, 11, 9, 7, 10]
OFV: 2864.0	/ CPU: 3.346 seconds 	/ department sequence: [1, 12, 2, 4, 13, 8, 3, 5, 6, 11, 9, 7, 10]
OFV: 2864.0	/ CPU: 3.230 seconds 	/ department sequence: [12, 1, 2, 4, 13, 8, 3, 5, 6, 11, 7, 9, 10]
-- Am13b result
--------------------------------------------
HostNestNum = 5, P_a = 0.25
--------------------------------------------
-- 2020-06-10 09:01 result data
OFV: 2864.0	/ CPU: 4.601 seconds 	/ department sequence: [12, 1, 2, 4, 13, 8, 3, 5, 6, 11, 7, 9, 10]
OFV: 2864.0	/ CPU: 4.354 seconds 	/ department sequence: [1, 12, 2, 4, 13, 8, 3, 5, 6, 11, 9, 7, 10]
OFV: 2864.0	/ CPU: 4.537 seconds 	/ department sequence: [1, 12, 2, 4, 13, 8, 3, 5, 6, 11, 9, 7, 10]
OFV: 2864.0	/ CPU: 4.850 seconds 	/ department sequence: [12, 1, 2, 4, 13, 8, 3, 5, 6, 11, 7, 9, 10]
OFV: 2864.0	/ CPU: 4.177 seconds 	/ department sequence: [7, 10, 9, 6, 11, 5, 8, 3, 4, 13, 2, 12, 1]
OFV: 2864.0	/ CPU: 4.388 seconds 	/ department sequence: [1, 12, 2, 4, 13, 8, 3, 5, 6, 11, 9, 7, 10]
OFV: 2864.0	/ CPU: 4.313 seconds 	/ department sequence: [1, 12, 2, 4, 13, 8, 3, 5, 6, 11, 9, 7, 10]
OFV: 2864.0	/ CPU: 4.486 seconds 	/ department sequence: [12, 1, 2, 4, 13, 8, 3, 5, 6, 11, 7, 9, 10]
OFV: 2864.0	/ CPU: 5.654 seconds 	/ department sequence: [10, 7, 9, 6, 11, 8, 5, 3, 4, 13, 2, 1, 12]
OFV: 2864.0	/ CPU: 4.352 seconds 	/ department sequence: [1, 12, 2, 4, 13, 8, 3, 5, 6, 11, 9, 7, 10]
-- Am13b result
--------------------------------------------
HostNestNum = 5, P_a = 0.25
--------------------------------------------
-- 2020-06-10 09:02 result data
OFV: 2864.0	/ CPU: 2.219 seconds 	/ department sequence: [7, 10, 9, 6, 11, 5, 8, 3, 4, 13, 2, 12, 1]
OFV: 2864.0	/ CPU: 2.439 seconds 	/ department sequence: [7, 10, 9, 6, 11, 5, 8, 3, 4, 13, 2, 12, 1]
OFV: 2864.0	/ CPU: 2.143 seconds 	/ department sequence: [12, 1, 2, 4, 13, 8, 3, 5, 6, 11, 7, 9, 10]
OFV: 2864.0	/ CPU: 2.093 seconds 	/ department sequence: [12, 1, 2, 4, 13, 8, 3, 5, 6, 11, 7, 9, 10]
OFV: 2864.0	/ CPU: 2.002 seconds 	/ department sequence: [12, 1, 2, 4, 13, 8, 3, 5, 6, 11, 7, 9, 10]
OFV: 2864.0	/ CPU: 2.622 seconds 	/ department sequence: [7, 10, 9, 6, 11, 5, 8, 3, 4, 13, 2, 12, 1]
OFV: 2864.0	/ CPU: 2.121 seconds 	/ department sequence: [1, 12, 2, 4, 13, 8, 3, 5, 6, 11, 9, 7, 10]
OFV: 2864.0	/ CPU: 3.543 seconds 	/ department sequence: [12, 1, 2, 4, 13, 8, 3, 5, 6, 11, 7, 9, 10]
OFV: 2864.0	/ CPU: 3.130 seconds 	/ department sequence: [1, 12, 2, 4, 13, 8, 3, 5, 6, 11, 9, 7, 10]
OFV: 2864.0	/ CPU: 2.644 seconds 	/ department sequence: [12, 1, 2, 4, 13, 8, 3, 5, 6, 11, 7, 9, 10]
-- Am13b result
--------------------------------------------
HostNestNum = 5, P_a = 0.25
--------------------------------------------
-- 2020-06-10 09:02 result data
OFV: 2864.0	/ CPU: 2.071 seconds 	/ department sequence: [7, 10, 9, 6, 11, 5, 8, 3, 4, 13, 2, 12, 1]
OFV: 2864.0	/ CPU: 2.527 seconds 	/ department sequence: [12, 1, 2, 4, 13, 8, 3, 5, 6, 11, 7, 9, 10]
OFV: 2864.0	/ CPU: 3.352 seconds 	/ department sequence: [1, 12, 2, 4, 13, 8, 3, 5, 6, 11, 9, 7, 10]
OFV: 2864.0	/ CPU: 2.143 seconds 	/ department sequence: [7, 10, 9, 6, 11, 5, 8, 3, 4, 13, 2, 12, 1]
OFV: 2864.0	/ CPU: 2.147 seconds 	/ department sequence: [7, 10, 9, 6, 11, 5, 8, 3, 4, 13, 2, 12, 1]
OFV: 2864.0	/ CPU: 2.874 seconds 	/ department sequence: [1, 12, 2, 4, 13, 8, 3, 5, 6, 11, 9, 7, 10]
OFV: 2864.0	/ CPU: 2.107 seconds 	/ department sequence: [7, 10, 9, 6, 11, 5, 8, 3, 4, 13, 2, 12, 1]
OFV: 2864.0	/ CPU: 2.262 seconds 	/ department sequence: [1, 12, 2, 4, 13, 8, 3, 5, 6, 11, 9, 7, 10]
OFV: 2864.0	/ CPU: 2.340 seconds 	/ department sequence: [1, 12, 2, 4, 13, 8, 3, 5, 6, 11, 9, 7, 10]
OFV: 2864.0	/ CPU: 2.158 seconds 	/ department sequence: [7, 10, 9, 6, 11, 5, 8, 3, 4, 13, 2, 12, 1]
-- Am13b result
--------------------------------------------
HostNestNum = 5, P_a = 0.25
--------------------------------------------
-- 2020-06-10 09:03 result data
OFV: 2864.0	/ CPU: 3.191 seconds 	/ department sequence: [1, 12, 2, 4, 13, 8, 3, 5, 6, 11, 9, 7, 10]
OFV: 2864.0	/ CPU: 3.553 seconds 	/ department sequence: [1, 12, 2, 4, 13, 8, 3, 5, 6, 11, 9, 7, 10]
OFV: 2864.0	/ CPU: 4.097 seconds 	/ department sequence: [7, 10, 9, 6, 11, 5, 8, 3, 4, 13, 2, 12, 1]
OFV: 2864.0	/ CPU: 3.165 seconds 	/ department sequence: [7, 10, 9, 6, 11, 5, 8, 3, 4, 13, 2, 12, 1]
OFV: 2864.0	/ CPU: 3.247 seconds 	/ department sequence: [12, 1, 2, 4, 13, 8, 3, 5, 6, 11, 7, 9, 10]
OFV: 2864.0	/ CPU: 3.346 seconds 	/ department sequence: [1, 12, 2, 4, 13, 8, 3, 5, 6, 11, 9, 7, 10]
OFV: 2864.0	/ CPU: 3.198 seconds 	/ department sequence: [7, 10, 9, 6, 11, 5, 8, 3, 4, 13, 2, 12, 1]
OFV: 2864.0	/ CPU: 3.394 seconds 	/ department sequence: [1, 12, 2, 4, 13, 8, 3, 5, 6, 11, 9, 7, 10]
OFV: 2864.0	/ CPU: 3.364 seconds 	/ department sequence: [7, 10, 9, 6, 11, 5, 8, 3, 4, 13, 2, 12, 1]
OFV: 2864.0	/ CPU: 3.438 seconds 	/ department sequence: [12, 1, 2, 4, 13, 8, 3, 5, 6, 11, 7, 9, 10]
-- Am13b result
--------------------------------------------
HostNestNum = 5, P_a = 0.25
--------------------------------------------
-- 2020-06-10 09:03 result data
OFV: 2864.0	/ CPU: 5.434 seconds 	/ department sequence: [7, 10, 9, 6, 11, 5, 8, 3, 4, 13, 2, 12, 1]
OFV: 2864.0	/ CPU: 5.091 seconds 	/ department sequence: [12, 1, 2, 4, 13, 8, 3, 5, 6, 11, 7, 9, 10]
OFV: 2864.0	/ CPU: 5.345 seconds 	/ department sequence: [1, 12, 2, 4, 13, 8, 3, 5, 6, 11, 9, 7, 10]
OFV: 2864.0	/ CPU: 4.732 seconds 	/ department sequence: [10, 7, 9, 6, 11, 8, 5, 3, 4, 13, 2, 1, 12]
OFV: 2864.0	/ CPU: 5.905 seconds 	/ department sequence: [1, 12, 2, 4, 13, 8, 3, 5, 6, 11, 9, 7, 10]
OFV: 2864.0	/ CPU: 5.325 seconds 	/ department sequence: [1, 12, 2, 4, 13, 8, 3, 5, 6, 11, 9, 7, 10]
OFV: 2864.0	/ CPU: 4.412 seconds 	/ department sequence: [7, 10, 9, 6, 11, 5, 8, 3, 4, 13, 2, 12, 1]
OFV: 2864.0	/ CPU: 5.495 seconds 	/ department sequence: [7, 10, 9, 6, 11, 5, 8, 3, 4, 13, 2, 12, 1]
OFV: 2864.0	/ CPU: 4.906 seconds 	/ department sequence: [12, 1, 2, 4, 13, 8, 3, 5, 6, 11, 7, 9, 10]
OFV: 2864.0	/ CPU: 4.980 seconds 	/ department sequence: [12, 1, 2, 4, 13, 8, 3, 5, 6, 11, 7, 9, 10]
-- Am13b result
--------------------------------------------
HostNestNum = 5, P_a = 0.25
--------------------------------------------
-- 2020-06-10 09:04 result data
OFV: 2864.0	/ CPU: 3.647 seconds 	/ department sequence: [10, 7, 9, 6, 11, 8, 5, 3, 4, 13, 2, 1, 12]
OFV: 2864.0	/ CPU: 2.621 seconds 	/ department sequence: [1, 12, 2, 4, 13, 8, 3, 5, 6, 11, 9, 7, 10]
OFV: 2864.0	/ CPU: 2.065 seconds 	/ department sequence: [7, 10, 9, 6, 11, 5, 8, 3, 4, 13, 2, 12, 1]
OFV: 2864.0	/ CPU: 2.317 seconds 	/ department sequence: [12, 1, 2, 4, 13, 8, 3, 5, 6, 11, 7, 9, 10]
OFV: 2864.0	/ CPU: 3.160 seconds 	/ department sequence: [12, 1, 2, 4, 13, 8, 3, 5, 6, 11, 7, 9, 10]
OFV: 2864.0	/ CPU: 3.253 seconds 	/ department sequence: [7, 10, 9, 6, 11, 5, 8, 3, 4, 13, 2, 12, 1]
OFV: 2864.0	/ CPU: 2.759 seconds 	/ department sequence: [10, 7, 9, 6, 11, 8, 5, 3, 4, 13, 2, 1, 12]
OFV: 2864.0	/ CPU: 2.527 seconds 	/ department sequence: [7, 10, 9, 6, 11, 5, 8, 3, 4, 13, 2, 12, 1]
OFV: 2884.0	/ CPU: 3.798 seconds 	/ department sequence: [7, 10, 9, 6, 11, 12, 5, 3, 2, 8, 1, 13, 4]
OFV: 2864.0	/ CPU: 2.154 seconds 	/ department sequence: [1, 12, 2, 4, 13, 8, 3, 5, 6, 11, 9, 7, 10]
-- Am13b result
--------------------------------------------
HostNestNum = 5, P_a = 0.25
--------------------------------------------
-- 2020-06-10 09:05 result data
OFV: 2864.0	/ CPU: 2.898 seconds 	/ department sequence: [7, 10, 9, 6, 11, 5, 8, 3, 4, 13, 2, 12, 1]
OFV: 2864.0	/ CPU: 2.323 seconds 	/ department sequence: [1, 12, 2, 4, 13, 8, 3, 5, 6, 11, 9, 7, 10]
OFV: 2864.0	/ CPU: 2.550 seconds 	/ department sequence: [1, 12, 2, 4, 13, 8, 3, 5, 6, 11, 9, 7, 10]
OFV: 2864.0	/ CPU: 2.048 seconds 	/ department sequence: [7, 10, 9, 6, 11, 5, 8, 3, 4, 13, 2, 12, 1]
OFV: 2864.0	/ CPU: 2.255 seconds 	/ department sequence: [1, 12, 2, 4, 13, 8, 3, 5, 6, 11, 9, 7, 10]
OFV: 2864.0	/ CPU: 2.127 seconds 	/ department sequence: [7, 10, 9, 6, 11, 5, 8, 3, 4, 13, 2, 12, 1]
OFV: 2864.0	/ CPU: 2.366 seconds 	/ department sequence: [1, 12, 2, 4, 13, 8, 3, 5, 6, 11, 9, 7, 10]
OFV: 2864.0	/ CPU: 2.219 seconds 	/ department sequence: [7, 10, 9, 6, 11, 5, 8, 3, 4, 13, 2, 12, 1]
OFV: 2864.0	/ CPU: 2.511 seconds 	/ department sequence: [10, 7, 9, 6, 11, 8, 5, 3, 4, 13, 2, 1, 12]
OFV: 2864.0	/ CPU: 2.146 seconds 	/ department sequence: [7, 10, 9, 6, 11, 5, 8, 3, 4, 13, 2, 12, 1]
-- Am13b result
--------------------------------------------
HostNestNum = 5, P_a = 0.25
--------------------------------------------
-- 2020-06-10 09:05 result data
OFV: 2864.0	/ CPU: 3.301 seconds 	/ department sequence: [12, 1, 2, 4, 13, 8, 3, 5, 6, 11, 7, 9, 10]
OFV: 2864.0	/ CPU: 3.170 seconds 	/ department sequence: [12, 1, 2, 4, 13, 8, 3, 5, 6, 11, 7, 9, 10]
OFV: 2864.0	/ CPU: 3.218 seconds 	/ department sequence: [12, 1, 2, 4, 13, 8, 3, 5, 6, 11, 7, 9, 10]
OFV: 2864.0	/ CPU: 3.843 seconds 	/ department sequence: [1, 12, 2, 4, 13, 8, 3, 5, 6, 11, 9, 7, 10]
OFV: 2864.0	/ CPU: 3.312 seconds 	/ department sequence: [1, 12, 2, 4, 13, 8, 3, 5, 6, 11, 9, 7, 10]
OFV: 2864.0	/ CPU: 3.260 seconds 	/ department sequence: [7, 10, 9, 6, 11, 5, 8, 3, 4, 13, 2, 12, 1]
OFV: 2864.0	/ CPU: 3.052 seconds 	/ department sequence: [7, 10, 9, 6, 11, 5, 8, 3, 4, 13, 2, 12, 1]
OFV: 2864.0	/ CPU: 4.011 seconds 	/ department sequence: [7, 10, 9, 6, 11, 5, 8, 3, 4, 13, 2, 12, 1]
OFV: 2864.0	/ CPU: 3.298 seconds 	/ department sequence: [10, 7, 9, 6, 11, 8, 5, 3, 4, 13, 2, 1, 12]
OFV: 2864.0	/ CPU: 4.929 seconds 	/ department sequence: [1, 12, 2, 4, 13, 8, 3, 5, 6, 11, 9, 7, 10]
-- Am13b result
--------------------------------------------
HostNestNum = 5, P_a = 0.25
--------------------------------------------
-- 2020-06-10 09:06 result data
OFV: 2864.0	/ CPU: 4.426 seconds 	/ department sequence: [1, 12, 2, 4, 13, 8, 3, 5, 6, 11, 9, 7, 10]
OFV: 2864.0	/ CPU: 4.178 seconds 	/ department sequence: [12, 1, 2, 4, 13, 8, 3, 5, 6, 11, 7, 9, 10]
OFV: 2864.0	/ CPU: 4.388 seconds 	/ department sequence: [1, 12, 2, 4, 13, 8, 3, 5, 6, 11, 9, 7, 10]
OFV: 2864.0	/ CPU: 5.531 seconds 	/ department sequence: [7, 10, 9, 6, 11, 5, 8, 3, 4, 13, 2, 12, 1]
OFV: 2864.0	/ CPU: 4.294 seconds 	/ department sequence: [7, 10, 9, 6, 11, 5, 8, 3, 4, 13, 2, 12, 1]
OFV: 2864.0	/ CPU: 4.288 seconds 	/ department sequence: [1, 12, 2, 4, 13, 8, 3, 5, 6, 11, 9, 7, 10]
OFV: 2867.0	/ CPU: 5.791 seconds 	/ department sequence: [1, 12, 2, 13, 8, 4, 6, 3, 5, 9, 11, 10, 7]
OFV: 2864.0	/ CPU: 4.140 seconds 	/ department sequence: [1, 12, 2, 4, 13, 8, 3, 5, 6, 11, 9, 7, 10]
OFV: 2864.0	/ CPU: 4.836 seconds 	/ department sequence: [1, 12, 2, 4, 13, 8, 3, 5, 6, 11, 9, 7, 10]
OFV: 2864.0	/ CPU: 5.048 seconds 	/ department sequence: [7, 10, 9, 6, 11, 5, 8, 3, 4, 13, 2, 12, 1]
-- Am13b result
--------------------------------------------
HostNestNum = 5, P_a = 0.25
--------------------------------------------
-- 2020-06-10 09:06 result data
OFV: 2864.0	/ CPU: 2.603 seconds 	/ department sequence: [12, 1, 2, 4, 13, 8, 3, 5, 6, 11, 7, 9, 10]
OFV: 2864.0	/ CPU: 2.127 seconds 	/ department sequence: [12, 1, 2, 4, 13, 8, 3, 5, 6, 11, 7, 9, 10]
OFV: 2864.0	/ CPU: 4.124 seconds 	/ department sequence: [1, 12, 2, 4, 13, 8, 3, 5, 6, 11, 9, 7, 10]
OFV: 2864.0	/ CPU: 2.512 seconds 	/ department sequence: [7, 10, 9, 6, 11, 5, 8, 3, 4, 13, 2, 12, 1]
OFV: 2864.0	/ CPU: 2.418 seconds 	/ department sequence: [7, 10, 9, 6, 11, 5, 8, 3, 4, 13, 2, 12, 1]
OFV: 2864.0	/ CPU: 2.115 seconds 	/ department sequence: [7, 10, 9, 6, 11, 5, 8, 3, 4, 13, 2, 12, 1]
OFV: 2864.0	/ CPU: 2.142 seconds 	/ department sequence: [12, 1, 2, 4, 13, 8, 3, 5, 6, 11, 7, 9, 10]
OFV: 2864.0	/ CPU: 3.493 seconds 	/ department sequence: [7, 10, 9, 6, 11, 5, 8, 3, 4, 13, 2, 12, 1]
OFV: 2864.0	/ CPU: 2.168 seconds 	/ department sequence: [1, 12, 2, 4, 13, 8, 3, 5, 6, 11, 9, 7, 10]
OFV: 2864.0	/ CPU: 2.116 seconds 	/ department sequence: [7, 10, 9, 6, 11, 5, 8, 3, 4, 13, 2, 12, 1]
-- Am13b result
--------------------------------------------
HostNestNum = 5, P_a = 0.25
--------------------------------------------
-- 2020-06-10 09:07 result data
OFV: 2864.0	/ CPU: 2.151 seconds 	/ department sequence: [1, 12, 2, 4, 13, 8, 3, 5, 6, 11, 9, 7, 10]
OFV: 2884.0	/ CPU: 2.165 seconds 	/ department sequence: [7, 10, 9, 6, 11, 12, 5, 3, 2, 8, 1, 13, 4]
OFV: 2864.0	/ CPU: 2.162 seconds 	/ department sequence: [1, 12, 2, 4, 13, 8, 3, 5, 6, 11, 9, 7, 10]
OFV: 2864.0	/ CPU: 2.270 seconds 	/ department sequence: [1, 12, 2, 4, 13, 8, 3, 5, 6, 11, 9, 7, 10]
OFV: 2864.0	/ CPU: 2.713 seconds 	/ department sequence: [1, 12, 2, 4, 13, 8, 3, 5, 6, 11, 9, 7, 10]
OFV: 2864.0	/ CPU: 2.275 seconds 	/ department sequence: [1, 12, 2, 4, 13, 8, 3, 5, 6, 11, 9, 7, 10]
OFV: 2864.0	/ CPU: 2.144 seconds 	/ department sequence: [7, 10, 9, 6, 11, 5, 8, 3, 4, 13, 2, 12, 1]
OFV: 2864.0	/ CPU: 2.510 seconds 	/ department sequence: [1, 12, 2, 4, 13, 8, 3, 5, 6, 11, 9, 7, 10]
OFV: 2864.0	/ CPU: 3.693 seconds 	/ department sequence: [1, 12, 2, 4, 13, 8, 3, 5, 6, 11, 9, 7, 10]
OFV: 2864.0	/ CPU: 2.566 seconds 	/ department sequence: [7, 10, 9, 6, 11, 5, 8, 3, 4, 13, 2, 12, 1]
-- Am13b result
--------------------------------------------
HostNestNum = 5, P_a = 0.25
--------------------------------------------
-- 2020-06-10 09:07 result data
OFV: 2864.0	/ CPU: 3.936 seconds 	/ department sequence: [1, 12, 2, 4, 13, 8, 3, 5, 6, 11, 9, 7, 10]
OFV: 2864.0	/ CPU: 3.177 seconds 	/ department sequence: [1, 12, 2, 4, 13, 8, 3, 5, 6, 11, 9, 7, 10]
OFV: 2864.0	/ CPU: 3.313 seconds 	/ department sequence: [1, 12, 2, 4, 13, 8, 3, 5, 6, 11, 9, 7, 10]
OFV: 2864.0	/ CPU: 3.206 seconds 	/ department sequence: [1, 12, 2, 4, 13, 8, 3, 5, 6, 11, 9, 7, 10]
OFV: 2864.0	/ CPU: 3.600 seconds 	/ department sequence: [10, 7, 9, 6, 11, 8, 5, 3, 4, 13, 2, 1, 12]
OFV: 2864.0	/ CPU: 3.314 seconds 	/ department sequence: [7, 10, 9, 6, 11, 5, 8, 3, 4, 13, 2, 12, 1]
OFV: 2864.0	/ CPU: 4.742 seconds 	/ department sequence: [1, 12, 2, 4, 13, 8, 3, 5, 6, 11, 9, 7, 10]
OFV: 2864.0	/ CPU: 3.754 seconds 	/ department sequence: [1, 12, 2, 4, 13, 8, 3, 5, 6, 11, 9, 7, 10]
OFV: 2864.0	/ CPU: 3.460 seconds 	/ department sequence: [1, 12, 2, 4, 13, 8, 3, 5, 6, 11, 9, 7, 10]
OFV: 2864.0	/ CPU: 3.763 seconds 	/ department sequence: [7, 10, 9, 6, 11, 5, 8, 3, 4, 13, 2, 12, 1]
-- Am13b result
--------------------------------------------
HostNestNum = 5, P_a = 0.25
--------------------------------------------
-- 2020-06-10 09:08 result data
OFV: 2864.0	/ CPU: 4.266 seconds 	/ department sequence: [12, 1, 2, 4, 13, 8, 3, 5, 6, 11, 7, 9, 10]
OFV: 2864.0	/ CPU: 5.762 seconds 	/ department sequence: [12, 1, 2, 4, 13, 8, 3, 5, 6, 11, 7, 9, 10]
OFV: 2864.0	/ CPU: 4.837 seconds 	/ department sequence: [7, 10, 9, 6, 11, 5, 8, 3, 4, 13, 2, 12, 1]
OFV: 2864.0	/ CPU: 5.219 seconds 	/ department sequence: [1, 12, 2, 4, 13, 8, 3, 5, 6, 11, 9, 7, 10]
OFV: 2864.0	/ CPU: 4.357 seconds 	/ department sequence: [1, 12, 2, 4, 13, 8, 3, 5, 6, 11, 9, 7, 10]
OFV: 2864.0	/ CPU: 6.312 seconds 	/ department sequence: [7, 10, 9, 6, 11, 5, 8, 3, 4, 13, 2, 12, 1]
OFV: 2864.0	/ CPU: 4.644 seconds 	/ department sequence: [7, 10, 9, 6, 11, 5, 8, 3, 4, 13, 2, 12, 1]
OFV: 2864.0	/ CPU: 5.381 seconds 	/ department sequence: [1, 12, 2, 4, 13, 8, 3, 5, 6, 11, 9, 7, 10]
OFV: 2864.0	/ CPU: 4.744 seconds 	/ department sequence: [7, 10, 9, 6, 11, 5, 8, 3, 4, 13, 2, 12, 1]
OFV: 2864.0	/ CPU: 4.318 seconds 	/ department sequence: [7, 10, 9, 6, 11, 5, 8, 3, 4, 13, 2, 12, 1]
-- Am13b result
--------------------------------------------
HostNestNum = 5, P_a = 0.25
--------------------------------------------
-- 2020-06-10 09:09 result data
OFV: 2864.0	/ CPU: 2.118 seconds 	/ department sequence: [1, 12, 2, 4, 13, 8, 3, 5, 6, 11, 9, 7, 10]
OFV: 2864.0	/ CPU: 2.505 seconds 	/ department sequence: [1, 12, 2, 4, 13, 8, 3, 5, 6, 11, 9, 7, 10]
OFV: 2864.0	/ CPU: 2.134 seconds 	/ department sequence: [1, 12, 2, 4, 13, 8, 3, 5, 6, 11, 9, 7, 10]
OFV: 2864.0	/ CPU: 2.665 seconds 	/ department sequence: [7, 10, 9, 6, 11, 5, 8, 3, 4, 13, 2, 12, 1]
OFV: 2864.0	/ CPU: 3.170 seconds 	/ department sequence: [7, 10, 9, 6, 11, 5, 8, 3, 4, 13, 2, 12, 1]
OFV: 2864.0	/ CPU: 2.930 seconds 	/ department sequence: [1, 12, 2, 4, 13, 8, 3, 5, 6, 11, 9, 7, 10]
OFV: 2864.0	/ CPU: 2.205 seconds 	/ department sequence: [1, 12, 2, 4, 13, 8, 3, 5, 6, 11, 9, 7, 10]
OFV: 2864.0	/ CPU: 2.607 seconds 	/ department sequence: [7, 10, 9, 6, 11, 5, 8, 3, 4, 13, 2, 12, 1]
OFV: 2864.0	/ CPU: 2.400 seconds 	/ department sequence: [1, 12, 2, 4, 13, 8, 3, 5, 6, 11, 9, 7, 10]
OFV: 2864.0	/ CPU: 2.350 seconds 	/ department sequence: [1, 12, 2, 4, 13, 8, 3, 5, 6, 11, 9, 7, 10]
-- Am13b result
--------------------------------------------
HostNestNum = 5, P_a = 0.25
--------------------------------------------
-- 2020-06-10 09:09 result data
OFV: 2864.0	/ CPU: 2.386 seconds 	/ department sequence: [1, 12, 2, 4, 13, 8, 3, 5, 6, 11, 9, 7, 10]
OFV: 2864.0	/ CPU: 2.131 seconds 	/ department sequence: [1, 12, 2, 4, 13, 8, 3, 5, 6, 11, 9, 7, 10]
OFV: 2864.0	/ CPU: 2.141 seconds 	/ department sequence: [1, 12, 2, 4, 13, 8, 3, 5, 6, 11, 9, 7, 10]
OFV: 2864.0	/ CPU: 2.477 seconds 	/ department sequence: [1, 12, 2, 4, 13, 8, 3, 5, 6, 11, 9, 7, 10]
OFV: 2864.0	/ CPU: 2.100 seconds 	/ department sequence: [7, 10, 9, 6, 11, 5, 8, 3, 4, 13, 2, 12, 1]
OFV: 2864.0	/ CPU: 2.335 seconds 	/ department sequence: [1, 12, 2, 4, 13, 8, 3, 5, 6, 11, 9, 7, 10]
OFV: 2864.0	/ CPU: 2.409 seconds 	/ department sequence: [7, 10, 9, 6, 11, 5, 8, 3, 4, 13, 2, 12, 1]
OFV: 2864.0	/ CPU: 3.590 seconds 	/ department sequence: [7, 10, 9, 6, 11, 5, 8, 3, 4, 13, 2, 12, 1]
OFV: 2864.0	/ CPU: 3.005 seconds 	/ department sequence: [1, 12, 2, 4, 13, 8, 3, 5, 6, 11, 9, 7, 10]
OFV: 2864.0	/ CPU: 3.180 seconds 	/ department sequence: [7, 10, 9, 6, 11, 5, 8, 3, 4, 13, 2, 12, 1]
-- Am13b result
--------------------------------------------
HostNestNum = 5, P_a = 0.25
--------------------------------------------
-- 2020-06-10 09:09 result data
OFV: 2864.0	/ CPU: 3.379 seconds 	/ department sequence: [12, 1, 2, 4, 13, 8, 3, 5, 6, 11, 7, 9, 10]
OFV: 2864.0	/ CPU: 3.446 seconds 	/ department sequence: [1, 12, 2, 4, 13, 8, 3, 5, 6, 11, 9, 7, 10]
OFV: 2864.0	/ CPU: 3.700 seconds 	/ department sequence: [1, 12, 2, 4, 13, 8, 3, 5, 6, 11, 9, 7, 10]
OFV: 2864.0	/ CPU: 3.189 seconds 	/ department sequence: [7, 10, 9, 6, 11, 5, 8, 3, 4, 13, 2, 12, 1]
OFV: 2864.0	/ CPU: 3.123 seconds 	/ department sequence: [7, 10, 9, 6, 11, 5, 8, 3, 4, 13, 2, 12, 1]
OFV: 2864.0	/ CPU: 3.294 seconds 	/ department sequence: [7, 10, 9, 6, 11, 5, 8, 3, 4, 13, 2, 12, 1]
OFV: 2864.0	/ CPU: 3.698 seconds 	/ department sequence: [7, 10, 9, 6, 11, 5, 8, 3, 4, 13, 2, 12, 1]
OFV: 2864.0	/ CPU: 3.281 seconds 	/ department sequence: [1, 12, 2, 4, 13, 8, 3, 5, 6, 11, 9, 7, 10]
OFV: 2864.0	/ CPU: 3.033 seconds 	/ department sequence: [7, 10, 9, 6, 11, 5, 8, 3, 4, 13, 2, 12, 1]
OFV: 2864.0	/ CPU: 4.163 seconds 	/ department sequence: [12, 1, 2, 4, 13, 8, 3, 5, 6, 11, 7, 9, 10]
-- Am13b result
--------------------------------------------
HostNestNum = 5, P_a = 0.25
--------------------------------------------
-- 2020-06-10 09:10 result data
OFV: 2864.0	/ CPU: 4.310 seconds 	/ department sequence: [1, 12, 2, 4, 13, 8, 3, 5, 6, 11, 9, 7, 10]
OFV: 2864.0	/ CPU: 4.270 seconds 	/ department sequence: [1, 12, 2, 4, 13, 8, 3, 5, 6, 11, 9, 7, 10]
OFV: 2864.0	/ CPU: 5.098 seconds 	/ department sequence: [1, 12, 2, 4, 13, 8, 3, 5, 6, 11, 9, 7, 10]
OFV: 2864.0	/ CPU: 4.927 seconds 	/ department sequence: [1, 12, 2, 4, 13, 8, 3, 5, 6, 11, 9, 7, 10]
OFV: 2864.0	/ CPU: 4.678 seconds 	/ department sequence: [1, 12, 2, 4, 13, 8, 3, 5, 6, 11, 9, 7, 10]
OFV: 2864.0	/ CPU: 5.218 seconds 	/ department sequence: [12, 1, 2, 4, 13, 8, 3, 5, 6, 11, 7, 9, 10]
OFV: 2864.0	/ CPU: 4.216 seconds 	/ department sequence: [1, 12, 2, 4, 13, 8, 3, 5, 6, 11, 9, 7, 10]
OFV: 2864.0	/ CPU: 4.585 seconds 	/ department sequence: [1, 12, 2, 4, 13, 8, 3, 5, 6, 11, 9, 7, 10]
OFV: 2864.0	/ CPU: 4.429 seconds 	/ department sequence: [1, 12, 2, 4, 13, 8, 3, 5, 6, 11, 9, 7, 10]
OFV: 2864.0	/ CPU: 4.420 seconds 	/ department sequence: [1, 12, 2, 4, 13, 8, 3, 5, 6, 11, 9, 7, 10]
-- Am13b result
--------------------------------------------
HostNestNum = 5, P_a = 0.25
--------------------------------------------
-- 2020-06-10 09:11 result data
OFV: 2864.0	/ CPU: 2.151 seconds 	/ department sequence: [7, 10, 9, 6, 11, 5, 8, 3, 4, 13, 2, 12, 1]
OFV: 2864.0	/ CPU: 2.134 seconds 	/ department sequence: [7, 10, 9, 6, 11, 5, 8, 3, 4, 13, 2, 12, 1]
OFV: 2864.0	/ CPU: 3.191 seconds 	/ department sequence: [1, 12, 2, 4, 13, 8, 3, 5, 6, 11, 9, 7, 10]
OFV: 2864.0	/ CPU: 2.481 seconds 	/ department sequence: [12, 1, 2, 4, 13, 8, 3, 5, 6, 11, 7, 9, 10]
OFV: 2864.0	/ CPU: 3.569 seconds 	/ department sequence: [7, 10, 9, 6, 11, 5, 8, 3, 4, 13, 2, 12, 1]
OFV: 2864.0	/ CPU: 3.835 seconds 	/ department sequence: [10, 7, 9, 6, 11, 8, 5, 3, 4, 13, 2, 1, 12]
OFV: 2884.0	/ CPU: 2.480 seconds 	/ department sequence: [7, 10, 9, 6, 11, 12, 5, 3, 2, 8, 1, 13, 4]
OFV: 2864.0	/ CPU: 2.126 seconds 	/ department sequence: [1, 12, 2, 4, 13, 8, 3, 5, 6, 11, 9, 7, 10]
OFV: 2864.0	/ CPU: 2.137 seconds 	/ department sequence: [10, 7, 9, 6, 11, 8, 5, 3, 4, 13, 2, 1, 12]
OFV: 2864.0	/ CPU: 2.213 seconds 	/ department sequence: [7, 10, 9, 6, 11, 5, 8, 3, 4, 13, 2, 12, 1]
-- Am13b result
--------------------------------------------
HostNestNum = 5, P_a = 0.25
--------------------------------------------
-- 2020-06-10 09:11 result data
OFV: 2864.0	/ CPU: 2.387 seconds 	/ department sequence: [1, 12, 2, 4, 13, 8, 3, 5, 6, 11, 9, 7, 10]
OFV: 2864.0	/ CPU: 2.197 seconds 	/ department sequence: [12, 1, 2, 4, 13, 8, 3, 5, 6, 11, 7, 9, 10]
OFV: 2884.0	/ CPU: 2.411 seconds 	/ department sequence: [7, 10, 9, 6, 11, 12, 5, 3, 2, 8, 1, 13, 4]
OFV: 2864.0	/ CPU: 2.509 seconds 	/ department sequence: [12, 1, 2, 4, 13, 8, 3, 5, 6, 11, 7, 9, 10]
OFV: 2864.0	/ CPU: 2.543 seconds 	/ department sequence: [7, 10, 9, 6, 11, 5, 8, 3, 4, 13, 2, 12, 1]
OFV: 2864.0	/ CPU: 2.126 seconds 	/ department sequence: [1, 12, 2, 4, 13, 8, 3, 5, 6, 11, 9, 7, 10]
OFV: 2864.0	/ CPU: 2.227 seconds 	/ department sequence: [1, 12, 2, 4, 13, 8, 3, 5, 6, 11, 9, 7, 10]
OFV: 2864.0	/ CPU: 2.628 seconds 	/ department sequence: [12, 1, 2, 4, 13, 8, 3, 5, 6, 11, 7, 9, 10]
OFV: 2864.0	/ CPU: 2.186 seconds 	/ department sequence: [1, 12, 2, 4, 13, 8, 3, 5, 6, 11, 9, 7, 10]
OFV: 2884.0	/ CPU: 2.523 seconds 	/ department sequence: [10, 7, 9, 6, 11, 5, 12, 3, 2, 8, 1, 13, 4]
-- Am13b result
--------------------------------------------
HostNestNum = 5, P_a = 0.25
--------------------------------------------
-- 2020-06-10 09:12 result data
OFV: 2864.0	/ CPU: 3.136 seconds 	/ department sequence: [12, 1, 2, 4, 13, 8, 3, 5, 6, 11, 7, 9, 10]
OFV: 2864.0	/ CPU: 3.111 seconds 	/ department sequence: [1, 12, 2, 4, 13, 8, 3, 5, 6, 11, 9, 7, 10]
OFV: 2864.0	/ CPU: 3.608 seconds 	/ department sequence: [7, 10, 9, 6, 11, 5, 8, 3, 4, 13, 2, 12, 1]
OFV: 2864.0	/ CPU: 3.871 seconds 	/ department sequence: [1, 12, 2, 4, 13, 8, 3, 5, 6, 11, 9, 7, 10]
OFV: 2864.0	/ CPU: 3.247 seconds 	/ department sequence: [1, 12, 2, 4, 13, 8, 3, 5, 6, 11, 9, 7, 10]
OFV: 2864.0	/ CPU: 3.510 seconds 	/ department sequence: [1, 12, 2, 4, 13, 8, 3, 5, 6, 11, 9, 7, 10]
OFV: 2864.0	/ CPU: 3.162 seconds 	/ department sequence: [7, 10, 9, 6, 11, 5, 8, 3, 4, 13, 2, 12, 1]
OFV: 2864.0	/ CPU: 3.279 seconds 	/ department sequence: [1, 12, 2, 4, 13, 8, 3, 5, 6, 11, 9, 7, 10]
OFV: 2864.0	/ CPU: 3.208 seconds 	/ department sequence: [7, 10, 9, 6, 11, 5, 8, 3, 4, 13, 2, 12, 1]
OFV: 2864.0	/ CPU: 3.880 seconds 	/ department sequence: [7, 10, 9, 6, 11, 5, 8, 3, 4, 13, 2, 12, 1]
-- Am13b result
--------------------------------------------
HostNestNum = 5, P_a = 0.25
--------------------------------------------
-- 2020-06-10 09:12 result data
OFV: 2864.0	/ CPU: 4.243 seconds 	/ department sequence: [7, 10, 9, 6, 11, 5, 8, 3, 4, 13, 2, 12, 1]
OFV: 2864.0	/ CPU: 4.660 seconds 	/ department sequence: [10, 7, 9, 6, 11, 8, 5, 3, 4, 13, 2, 1, 12]
OFV: 2864.0	/ CPU: 4.182 seconds 	/ department sequence: [1, 12, 2, 4, 13, 8, 3, 5, 6, 11, 9, 7, 10]
OFV: 2864.0	/ CPU: 5.174 seconds 	/ department sequence: [7, 10, 9, 6, 11, 5, 8, 3, 4, 13, 2, 12, 1]
OFV: 2864.0	/ CPU: 4.477 seconds 	/ department sequence: [1, 12, 2, 4, 13, 8, 3, 5, 6, 11, 9, 7, 10]
OFV: 2864.0	/ CPU: 4.422 seconds 	/ department sequence: [1, 12, 2, 4, 13, 8, 3, 5, 6, 11, 9, 7, 10]
OFV: 2864.0	/ CPU: 5.208 seconds 	/ department sequence: [7, 10, 9, 6, 11, 5, 8, 3, 4, 13, 2, 12, 1]
OFV: 2864.0	/ CPU: 4.386 seconds 	/ department sequence: [1, 12, 2, 4, 13, 8, 3, 5, 6, 11, 9, 7, 10]
OFV: 2864.0	/ CPU: 4.683 seconds 	/ department sequence: [1, 12, 2, 4, 13, 8, 3, 5, 6, 11, 9, 7, 10]
OFV: 2864.0	/ CPU: 4.263 seconds 	/ department sequence: [1, 12, 2, 4, 13, 8, 3, 5, 6, 11, 9, 7, 10]
-- Am13b result
--------------------------------------------
HostNestNum = 5, P_a = 0.25
--------------------------------------------
-- 2020-06-10 09:13 result data
OFV: 2864.0	/ CPU: 2.244 seconds 	/ department sequence: [12, 1, 2, 4, 13, 8, 3, 5, 6, 11, 7, 9, 10]
OFV: 2864.0	/ CPU: 3.294 seconds 	/ department sequence: [12, 1, 2, 4, 13, 8, 3, 5, 6, 11, 7, 9, 10]
OFV: 2864.0	/ CPU: 2.538 seconds 	/ department sequence: [10, 7, 9, 6, 11, 8, 5, 3, 4, 13, 2, 1, 12]
OFV: 2864.0	/ CPU: 2.152 seconds 	/ department sequence: [1, 12, 2, 4, 13, 8, 3, 5, 6, 11, 9, 7, 10]
OFV: 2864.0	/ CPU: 2.217 seconds 	/ department sequence: [1, 12, 2, 4, 13, 8, 3, 5, 6, 11, 9, 7, 10]
OFV: 2864.0	/ CPU: 2.618 seconds 	/ department sequence: [12, 1, 2, 4, 13, 8, 3, 5, 6, 11, 7, 9, 10]
OFV: 2864.0	/ CPU: 2.199 seconds 	/ department sequence: [1, 12, 2, 4, 13, 8, 3, 5, 6, 11, 9, 7, 10]
OFV: 2864.0	/ CPU: 3.088 seconds 	/ department sequence: [7, 10, 9, 6, 11, 5, 8, 3, 4, 13, 2, 12, 1]
OFV: 2884.0	/ CPU: 2.604 seconds 	/ department sequence: [10, 7, 9, 6, 11, 5, 12, 3, 2, 8, 1, 13, 4]
OFV: 2864.0	/ CPU: 2.119 seconds 	/ department sequence: [7, 10, 9, 6, 11, 5, 8, 3, 4, 13, 2, 12, 1]
-- Am13b result
--------------------------------------------
HostNestNum = 5, P_a = 0.25
--------------------------------------------
-- 2020-06-10 09:13 result data
OFV: 2870.0	/ CPU: 2.155 seconds 	/ department sequence: [12, 1, 2, 4, 13, 8, 3, 5, 11, 6, 9, 7, 10]
OFV: 2864.0	/ CPU: 2.637 seconds 	/ department sequence: [7, 10, 9, 6, 11, 5, 8, 3, 4, 13, 2, 12, 1]
OFV: 2864.0	/ CPU: 3.035 seconds 	/ department sequence: [7, 10, 9, 6, 11, 5, 8, 3, 4, 13, 2, 12, 1]
OFV: 2864.0	/ CPU: 2.268 seconds 	/ department sequence: [1, 12, 2, 4, 13, 8, 3, 5, 6, 11, 9, 7, 10]
OFV: 2864.0	/ CPU: 3.691 seconds 	/ department sequence: [1, 12, 2, 4, 13, 8, 3, 5, 6, 11, 9, 7, 10]
OFV: 2864.0	/ CPU: 2.408 seconds 	/ department sequence: [12, 1, 2, 4, 13, 8, 3, 5, 6, 11, 7, 9, 10]
OFV: 2864.0	/ CPU: 2.716 seconds 	/ department sequence: [10, 7, 9, 6, 11, 8, 5, 3, 4, 13, 2, 1, 12]
OFV: 2864.0	/ CPU: 2.144 seconds 	/ department sequence: [1, 12, 2, 4, 13, 8, 3, 5, 6, 11, 9, 7, 10]
OFV: 2864.0	/ CPU: 2.623 seconds 	/ department sequence: [1, 12, 2, 4, 13, 8, 3, 5, 6, 11, 9, 7, 10]
OFV: 2864.0	/ CPU: 2.166 seconds 	/ department sequence: [7, 10, 9, 6, 11, 5, 8, 3, 4, 13, 2, 12, 1]
-- Am13b result
--------------------------------------------
HostNestNum = 5, P_a = 0.25
--------------------------------------------
-- 2020-06-10 09:14 result data
OFV: 2864.0	/ CPU: 3.156 seconds 	/ department sequence: [1, 12, 2, 4, 13, 8, 3, 5, 6, 11, 9, 7, 10]
OFV: 2864.0	/ CPU: 3.436 seconds 	/ department sequence: [1, 12, 2, 4, 13, 8, 3, 5, 6, 11, 9, 7, 10]
OFV: 2864.0	/ CPU: 3.149 seconds 	/ department sequence: [1, 12, 2, 4, 13, 8, 3, 5, 6, 11, 9, 7, 10]
OFV: 2864.0	/ CPU: 3.799 seconds 	/ department sequence: [12, 1, 2, 4, 13, 8, 3, 5, 6, 11, 7, 9, 10]
OFV: 2864.0	/ CPU: 3.008 seconds 	/ department sequence: [1, 12, 2, 4, 13, 8, 3, 5, 6, 11, 9, 7, 10]
OFV: 2864.0	/ CPU: 4.053 seconds 	/ department sequence: [12, 1, 2, 4, 13, 8, 3, 5, 6, 11, 7, 9, 10]
OFV: 2864.0	/ CPU: 3.283 seconds 	/ department sequence: [12, 1, 2, 4, 13, 8, 3, 5, 6, 11, 7, 9, 10]
OFV: 2864.0	/ CPU: 3.281 seconds 	/ department sequence: [1, 12, 2, 4, 13, 8, 3, 5, 6, 11, 9, 7, 10]
OFV: 2864.0	/ CPU: 4.067 seconds 	/ department sequence: [12, 1, 2, 4, 13, 8, 3, 5, 6, 11, 7, 9, 10]
OFV: 2864.0	/ CPU: 5.263 seconds 	/ department sequence: [12, 1, 2, 4, 13, 8, 3, 5, 6, 11, 7, 9, 10]
-- Am13b result
--------------------------------------------
HostNestNum = 5, P_a = 0.25
--------------------------------------------
-- 2020-06-10 09:14 result data
OFV: 2864.0	/ CPU: 5.428 seconds 	/ department sequence: [1, 12, 2, 4, 13, 8, 3, 5, 6, 11, 9, 7, 10]
OFV: 2864.0	/ CPU: 4.431 seconds 	/ department sequence: [7, 10, 9, 6, 11, 5, 8, 3, 4, 13, 2, 12, 1]
OFV: 2864.0	/ CPU: 4.225 seconds 	/ department sequence: [7, 10, 9, 6, 11, 5, 8, 3, 4, 13, 2, 12, 1]
OFV: 2864.0	/ CPU: 4.524 seconds 	/ department sequence: [1, 12, 2, 4, 13, 8, 3, 5, 6, 11, 9, 7, 10]
OFV: 2864.0	/ CPU: 4.454 seconds 	/ department sequence: [10, 7, 9, 6, 11, 8, 5, 3, 4, 13, 2, 1, 12]
OFV: 2864.0	/ CPU: 5.824 seconds 	/ department sequence: [1, 12, 2, 4, 13, 8, 3, 5, 6, 11, 9, 7, 10]
OFV: 2864.0	/ CPU: 5.687 seconds 	/ department sequence: [1, 12, 2, 4, 13, 8, 3, 5, 6, 11, 9, 7, 10]
OFV: 2864.0	/ CPU: 4.157 seconds 	/ department sequence: [7, 10, 9, 6, 11, 5, 8, 3, 4, 13, 2, 12, 1]
OFV: 2864.0	/ CPU: 5.776 seconds 	/ department sequence: [7, 10, 9, 6, 11, 5, 8, 3, 4, 13, 2, 12, 1]
OFV: 2864.0	/ CPU: 4.687 seconds 	/ department sequence: [1, 12, 2, 4, 13, 8, 3, 5, 6, 11, 9, 7, 10]
-- Am13b result
--------------------------------------------
HostNestNum = 5, P_a = 0.25
--------------------------------------------
-- 2020-06-10 09:15 result data
OFV: 2864.0	/ CPU: 2.367 seconds 	/ department sequence: [7, 10, 9, 6, 11, 5, 8, 3, 4, 13, 2, 12, 1]
OFV: 2864.0	/ CPU: 2.338 seconds 	/ department sequence: [1, 12, 2, 4, 13, 8, 3, 5, 6, 11, 9, 7, 10]
OFV: 2864.0	/ CPU: 3.567 seconds 	/ department sequence: [1, 12, 2, 4, 13, 8, 3, 5, 6, 11, 9, 7, 10]
OFV: 2864.0	/ CPU: 2.061 seconds 	/ department sequence: [7, 10, 9, 6, 11, 5, 8, 3, 4, 13, 2, 12, 1]
OFV: 2864.0	/ CPU: 3.238 seconds 	/ department sequence: [1, 12, 2, 4, 13, 8, 3, 5, 6, 11, 9, 7, 10]
OFV: 2864.0	/ CPU: 2.691 seconds 	/ department sequence: [7, 10, 9, 6, 11, 5, 8, 3, 4, 13, 2, 12, 1]
OFV: 2864.0	/ CPU: 3.286 seconds 	/ department sequence: [10, 7, 9, 6, 11, 8, 5, 3, 4, 13, 2, 1, 12]
OFV: 2864.0	/ CPU: 2.624 seconds 	/ department sequence: [7, 10, 9, 6, 11, 5, 8, 3, 4, 13, 2, 12, 1]
OFV: 2864.0	/ CPU: 3.830 seconds 	/ department sequence: [1, 12, 2, 4, 13, 8, 3, 5, 6, 11, 9, 7, 10]
OFV: 2864.0	/ CPU: 3.332 seconds 	/ department sequence: [12, 1, 2, 4, 13, 8, 3, 5, 6, 11, 7, 9, 10]
-- Am13b result
--------------------------------------------
HostNestNum = 5, P_a = 0.25
--------------------------------------------
-- 2020-06-10 09:16 result data
OFV: 2884.0	/ CPU: 2.218 seconds 	/ department sequence: [7, 10, 9, 6, 11, 12, 5, 3, 2, 8, 1, 13, 4]
OFV: 2864.0	/ CPU: 2.436 seconds 	/ department sequence: [10, 7, 9, 6, 11, 8, 5, 3, 4, 13, 2, 1, 12]
OFV: 2864.0	/ CPU: 2.196 seconds 	/ department sequence: [1, 12, 2, 4, 13, 8, 3, 5, 6, 11, 9, 7, 10]
OFV: 2864.0	/ CPU: 2.256 seconds 	/ department sequence: [10, 7, 9, 6, 11, 8, 5, 3, 4, 13, 2, 1, 12]
OFV: 2864.0	/ CPU: 2.161 seconds 	/ department sequence: [1, 12, 2, 4, 13, 8, 3, 5, 6, 11, 9, 7, 10]
OFV: 2884.0	/ CPU: 2.544 seconds 	/ department sequence: [7, 10, 9, 6, 11, 12, 5, 3, 2, 8, 1, 13, 4]
OFV: 2864.0	/ CPU: 2.462 seconds 	/ department sequence: [12, 1, 2, 4, 13, 8, 3, 5, 6, 11, 7, 9, 10]
OFV: 2864.0	/ CPU: 3.381 seconds 	/ department sequence: [1, 12, 2, 4, 13, 8, 3, 5, 6, 11, 9, 7, 10]
OFV: 2864.0	/ CPU: 2.288 seconds 	/ department sequence: [1, 12, 2, 4, 13, 8, 3, 5, 6, 11, 9, 7, 10]
OFV: 2864.0	/ CPU: 2.702 seconds 	/ department sequence: [1, 12, 2, 4, 13, 8, 3, 5, 6, 11, 9, 7, 10]
-- Am13b result
--------------------------------------------
HostNestNum = 5, P_a = 0.25
--------------------------------------------
-- 2020-06-10 09:16 result data
OFV: 2864.0	/ CPU: 3.637 seconds 	/ department sequence: [1, 12, 2, 4, 13, 8, 3, 5, 6, 11, 9, 7, 10]
OFV: 2864.0	/ CPU: 3.951 seconds 	/ department sequence: [7, 10, 9, 6, 11, 5, 8, 3, 4, 13, 2, 12, 1]
OFV: 2864.0	/ CPU: 3.357 seconds 	/ department sequence: [1, 12, 2, 4, 13, 8, 3, 5, 6, 11, 9, 7, 10]
OFV: 2864.0	/ CPU: 3.286 seconds 	/ department sequence: [1, 12, 2, 4, 13, 8, 3, 5, 6, 11, 9, 7, 10]
OFV: 2864.0	/ CPU: 3.244 seconds 	/ department sequence: [10, 7, 9, 6, 11, 8, 5, 3, 4, 13, 2, 1, 12]
OFV: 2864.0	/ CPU: 3.365 seconds 	/ department sequence: [12, 1, 2, 4, 13, 8, 3, 5, 6, 11, 7, 9, 10]
OFV: 2864.0	/ CPU: 3.824 seconds 	/ department sequence: [1, 12, 2, 4, 13, 8, 3, 5, 6, 11, 9, 7, 10]
OFV: 2864.0	/ CPU: 3.381 seconds 	/ department sequence: [12, 1, 2, 4, 13, 8, 3, 5, 6, 11, 7, 9, 10]
OFV: 2864.0	/ CPU: 3.323 seconds 	/ department sequence: [10, 7, 9, 6, 11, 8, 5, 3, 4, 13, 2, 1, 12]
OFV: 2864.0	/ CPU: 3.742 seconds 	/ department sequence: [12, 1, 2, 4, 13, 8, 3, 5, 6, 11, 7, 9, 10]
-- Am13b result
--------------------------------------------
HostNestNum = 5, P_a = 0.25
--------------------------------------------
-- 2020-06-10 09:17 result data
OFV: 2864.0	/ CPU: 5.948 seconds 	/ department sequence: [12, 1, 2, 4, 13, 8, 3, 5, 6, 11, 7, 9, 10]
OFV: 2864.0	/ CPU: 4.908 seconds 	/ department sequence: [12, 1, 2, 4, 13, 8, 3, 5, 6, 11, 7, 9, 10]
OFV: 2864.0	/ CPU: 4.627 seconds 	/ department sequence: [1, 12, 2, 4, 13, 8, 3, 5, 6, 11, 9, 7, 10]
OFV: 2864.0	/ CPU: 4.980 seconds 	/ department sequence: [7, 10, 9, 6, 11, 5, 8, 3, 4, 13, 2, 12, 1]
OFV: 2864.0	/ CPU: 4.269 seconds 	/ department sequence: [1, 12, 2, 4, 13, 8, 3, 5, 6, 11, 9, 7, 10]
OFV: 2864.0	/ CPU: 4.356 seconds 	/ department sequence: [7, 10, 9, 6, 11, 5, 8, 3, 4, 13, 2, 12, 1]
OFV: 2864.0	/ CPU: 4.564 seconds 	/ department sequence: [7, 10, 9, 6, 11, 5, 8, 3, 4, 13, 2, 12, 1]
OFV: 2864.0	/ CPU: 4.377 seconds 	/ department sequence: [1, 12, 2, 4, 13, 8, 3, 5, 6, 11, 9, 7, 10]
OFV: 2864.0	/ CPU: 5.075 seconds 	/ department sequence: [1, 12, 2, 4, 13, 8, 3, 5, 6, 11, 9, 7, 10]
OFV: 2864.0	/ CPU: 6.036 seconds 	/ department sequence: [1, 12, 2, 4, 13, 8, 3, 5, 6, 11, 9, 7, 10]
-- Am13b result
--------------------------------------------
HostNestNum = 5, P_a = 0.25
--------------------------------------------
-- 2020-06-10 09:18 result data
OFV: 2864.0	/ CPU: 2.703 seconds 	/ department sequence: [7, 10, 9, 6, 11, 5, 8, 3, 4, 13, 2, 12, 1]
OFV: 2864.0	/ CPU: 2.583 seconds 	/ department sequence: [1, 12, 2, 4, 13, 8, 3, 5, 6, 11, 9, 7, 10]
OFV: 2864.0	/ CPU: 2.207 seconds 	/ department sequence: [12, 1, 2, 4, 13, 8, 3, 5, 6, 11, 7, 9, 10]
OFV: 2864.0	/ CPU: 2.382 seconds 	/ department sequence: [1, 12, 2, 4, 13, 8, 3, 5, 6, 11, 9, 7, 10]
OFV: 2864.0	/ CPU: 2.667 seconds 	/ department sequence: [1, 12, 2, 4, 13, 8, 3, 5, 6, 11, 9, 7, 10]
OFV: 2864.0	/ CPU: 2.252 seconds 	/ department sequence: [1, 12, 2, 4, 13, 8, 3, 5, 6, 11, 9, 7, 10]
OFV: 2864.0	/ CPU: 2.215 seconds 	/ department sequence: [1, 12, 2, 4, 13, 8, 3, 5, 6, 11, 9, 7, 10]
OFV: 2864.0	/ CPU: 3.147 seconds 	/ department sequence: [1, 12, 2, 4, 13, 8, 3, 5, 6, 11, 9, 7, 10]
OFV: 2864.0	/ CPU: 2.580 seconds 	/ department sequence: [7, 10, 9, 6, 11, 5, 8, 3, 4, 13, 2, 12, 1]
OFV: 2864.0	/ CPU: 2.812 seconds 	/ department sequence: [12, 1, 2, 4, 13, 8, 3, 5, 6, 11, 7, 9, 10]
-- Am13b result
--------------------------------------------
HostNestNum = 5, P_a = 0.25
--------------------------------------------
-- 2020-06-10 09:18 result data
OFV: 2864.0	/ CPU: 2.399 seconds 	/ department sequence: [1, 12, 2, 4, 13, 8, 3, 5, 6, 11, 9, 7, 10]
OFV: 2864.0	/ CPU: 2.334 seconds 	/ department sequence: [7, 10, 9, 6, 11, 5, 8, 3, 4, 13, 2, 12, 1]
OFV: 2864.0	/ CPU: 2.303 seconds 	/ department sequence: [7, 10, 9, 6, 11, 5, 8, 3, 4, 13, 2, 12, 1]
OFV: 2864.0	/ CPU: 2.048 seconds 	/ department sequence: [1, 12, 2, 4, 13, 8, 3, 5, 6, 11, 9, 7, 10]
OFV: 2864.0	/ CPU: 3.635 seconds 	/ department sequence: [1, 12, 2, 4, 13, 8, 3, 5, 6, 11, 9, 7, 10]
OFV: 2864.0	/ CPU: 2.135 seconds 	/ department sequence: [7, 10, 9, 6, 11, 5, 8, 3, 4, 13, 2, 12, 1]
OFV: 2864.0	/ CPU: 3.853 seconds 	/ department sequence: [7, 10, 9, 6, 11, 5, 8, 3, 4, 13, 2, 12, 1]
OFV: 2864.0	/ CPU: 2.286 seconds 	/ department sequence: [7, 10, 9, 6, 11, 5, 8, 3, 4, 13, 2, 12, 1]
OFV: 2864.0	/ CPU: 2.572 seconds 	/ department sequence: [7, 10, 9, 6, 11, 5, 8, 3, 4, 13, 2, 12, 1]
OFV: 2864.0	/ CPU: 2.769 seconds 	/ department sequence: [7, 10, 9, 6, 11, 5, 8, 3, 4, 13, 2, 12, 1]
-- Am13b result
--------------------------------------------
HostNestNum = 5, P_a = 0.25
--------------------------------------------
-- 2020-06-10 09:18 result data
OFV: 2864.0	/ CPU: 4.405 seconds 	/ department sequence: [7, 10, 9, 6, 11, 5, 8, 3, 4, 13, 2, 12, 1]
OFV: 2884.0	/ CPU: 3.938 seconds 	/ department sequence: [10, 7, 9, 6, 11, 5, 12, 3, 2, 8, 1, 13, 4]
OFV: 2864.0	/ CPU: 3.190 seconds 	/ department sequence: [1, 12, 2, 4, 13, 8, 3, 5, 6, 11, 9, 7, 10]
OFV: 2864.0	/ CPU: 3.902 seconds 	/ department sequence: [1, 12, 2, 4, 13, 8, 3, 5, 6, 11, 9, 7, 10]
OFV: 2864.0	/ CPU: 3.898 seconds 	/ department sequence: [7, 10, 9, 6, 11, 5, 8, 3, 4, 13, 2, 12, 1]
OFV: 2864.0	/ CPU: 4.198 seconds 	/ department sequence: [7, 10, 9, 6, 11, 5, 8, 3, 4, 13, 2, 12, 1]
OFV: 2864.0	/ CPU: 5.131 seconds 	/ department sequence: [1, 12, 2, 4, 13, 8, 3, 5, 6, 11, 9, 7, 10]
OFV: 2864.0	/ CPU: 3.520 seconds 	/ department sequence: [1, 12, 2, 4, 13, 8, 3, 5, 6, 11, 9, 7, 10]
OFV: 2864.0	/ CPU: 3.241 seconds 	/ department sequence: [1, 12, 2, 4, 13, 8, 3, 5, 6, 11, 9, 7, 10]
OFV: 2864.0	/ CPU: 3.374 seconds 	/ department sequence: [12, 1, 2, 4, 13, 8, 3, 5, 6, 11, 7, 9, 10]
-- Am13b result
--------------------------------------------
HostNestNum = 5, P_a = 0.25
--------------------------------------------
-- 2020-06-10 09:19 result data
OFV: 2864.0	/ CPU: 4.888 seconds 	/ department sequence: [1, 12, 2, 4, 13, 8, 3, 5, 6, 11, 9, 7, 10]
OFV: 2864.0	/ CPU: 5.484 seconds 	/ department sequence: [1, 12, 2, 4, 13, 8, 3, 5, 6, 11, 9, 7, 10]
OFV: 2864.0	/ CPU: 4.005 seconds 	/ department sequence: [7, 10, 9, 6, 11, 5, 8, 3, 4, 13, 2, 12, 1]
OFV: 2864.0	/ CPU: 3.982 seconds 	/ department sequence: [7, 10, 9, 6, 11, 5, 8, 3, 4, 13, 2, 12, 1]
OFV: 2864.0	/ CPU: 4.409 seconds 	/ department sequence: [1, 12, 2, 4, 13, 8, 3, 5, 6, 11, 9, 7, 10]
OFV: 2864.0	/ CPU: 4.981 seconds 	/ department sequence: [12, 1, 2, 4, 13, 8, 3, 5, 6, 11, 7, 9, 10]
OFV: 2864.0	/ CPU: 4.553 seconds 	/ department sequence: [7, 10, 9, 6, 11, 5, 8, 3, 4, 13, 2, 12, 1]
OFV: 2864.0	/ CPU: 4.846 seconds 	/ department sequence: [1, 12, 2, 4, 13, 8, 3, 5, 6, 11, 9, 7, 10]
OFV: 2864.0	/ CPU: 4.611 seconds 	/ department sequence: [12, 1, 2, 4, 13, 8, 3, 5, 6, 11, 7, 9, 10]
OFV: 2864.0	/ CPU: 4.550 seconds 	/ department sequence: [7, 10, 9, 6, 11, 5, 8, 3, 4, 13, 2, 12, 1]
-- Am13b result
--------------------------------------------
HostNestNum = 5, P_a = 0.25
--------------------------------------------
-- 2020-06-10 09:20 result data
OFV: 2864.0	/ CPU: 2.186 seconds 	/ department sequence: [12, 1, 2, 4, 13, 8, 3, 5, 6, 11, 7, 9, 10]
OFV: 2864.0	/ CPU: 2.166 seconds 	/ department sequence: [1, 12, 2, 4, 13, 8, 3, 5, 6, 11, 9, 7, 10]
OFV: 2864.0	/ CPU: 3.209 seconds 	/ department sequence: [10, 7, 9, 6, 11, 8, 5, 3, 4, 13, 2, 1, 12]
OFV: 2864.0	/ CPU: 2.502 seconds 	/ department sequence: [1, 12, 2, 4, 13, 8, 3, 5, 6, 11, 9, 7, 10]
OFV: 2864.0	/ CPU: 3.817 seconds 	/ department sequence: [10, 7, 9, 6, 11, 8, 5, 3, 4, 13, 2, 1, 12]
OFV: 2864.0	/ CPU: 2.163 seconds 	/ department sequence: [1, 12, 2, 4, 13, 8, 3, 5, 6, 11, 9, 7, 10]
OFV: 2864.0	/ CPU: 2.041 seconds 	/ department sequence: [1, 12, 2, 4, 13, 8, 3, 5, 6, 11, 9, 7, 10]
OFV: 2864.0	/ CPU: 2.238 seconds 	/ department sequence: [1, 12, 2, 4, 13, 8, 3, 5, 6, 11, 9, 7, 10]
OFV: 2864.0	/ CPU: 2.080 seconds 	/ department sequence: [12, 1, 2, 4, 13, 8, 3, 5, 6, 11, 7, 9, 10]
OFV: 2864.0	/ CPU: 3.057 seconds 	/ department sequence: [10, 7, 9, 6, 11, 8, 5, 3, 4, 13, 2, 1, 12]
-- Am13b result
--------------------------------------------
HostNestNum = 5, P_a = 0.25
--------------------------------------------
-- 2020-06-10 09:20 result data
OFV: 2864.0	/ CPU: 2.512 seconds 	/ department sequence: [7, 10, 9, 6, 11, 5, 8, 3, 4, 13, 2, 12, 1]
OFV: 2864.0	/ CPU: 2.202 seconds 	/ department sequence: [1, 12, 2, 4, 13, 8, 3, 5, 6, 11, 9, 7, 10]
OFV: 2864.0	/ CPU: 2.329 seconds 	/ department sequence: [1, 12, 2, 4, 13, 8, 3, 5, 6, 11, 9, 7, 10]
OFV: 2864.0	/ CPU: 2.607 seconds 	/ department sequence: [1, 12, 2, 4, 13, 8, 3, 5, 6, 11, 9, 7, 10]
OFV: 2864.0	/ CPU: 2.736 seconds 	/ department sequence: [1, 12, 2, 4, 13, 8, 3, 5, 6, 11, 9, 7, 10]
OFV: 2864.0	/ CPU: 2.751 seconds 	/ department sequence: [12, 1, 2, 4, 13, 8, 3, 5, 6, 11, 7, 9, 10]
OFV: 2864.0	/ CPU: 2.514 seconds 	/ department sequence: [7, 10, 9, 6, 11, 5, 8, 3, 4, 13, 2, 12, 1]
OFV: 2864.0	/ CPU: 2.406 seconds 	/ department sequence: [1, 12, 2, 4, 13, 8, 3, 5, 6, 11, 9, 7, 10]
OFV: 2864.0	/ CPU: 3.023 seconds 	/ department sequence: [7, 10, 9, 6, 11, 5, 8, 3, 4, 13, 2, 12, 1]
OFV: 2864.0	/ CPU: 3.134 seconds 	/ department sequence: [7, 10, 9, 6, 11, 5, 8, 3, 4, 13, 2, 12, 1]
-- Am13b result
--------------------------------------------
HostNestNum = 5, P_a = 0.25
--------------------------------------------
-- 2020-06-10 09:21 result data
OFV: 2864.0	/ CPU: 3.134 seconds 	/ department sequence: [7, 10, 9, 6, 11, 5, 8, 3, 4, 13, 2, 12, 1]
OFV: 2864.0	/ CPU: 3.099 seconds 	/ department sequence: [7, 10, 9, 6, 11, 5, 8, 3, 4, 13, 2, 12, 1]
OFV: 2864.0	/ CPU: 3.155 seconds 	/ department sequence: [1, 12, 2, 4, 13, 8, 3, 5, 6, 11, 9, 7, 10]
OFV: 2864.0	/ CPU: 3.765 seconds 	/ department sequence: [10, 7, 9, 6, 11, 8, 5, 3, 4, 13, 2, 1, 12]
OFV: 2864.0	/ CPU: 4.005 seconds 	/ department sequence: [10, 7, 9, 6, 11, 8, 5, 3, 4, 13, 2, 1, 12]
OFV: 2864.0	/ CPU: 3.584 seconds 	/ department sequence: [1, 12, 2, 4, 13, 8, 3, 5, 6, 11, 9, 7, 10]
OFV: 2864.0	/ CPU: 3.232 seconds 	/ department sequence: [12, 1, 2, 4, 13, 8, 3, 5, 6, 11, 7, 9, 10]
OFV: 2864.0	/ CPU: 3.350 seconds 	/ department sequence: [12, 1, 2, 4, 13, 8, 3, 5, 6, 11, 7, 9, 10]
OFV: 2864.0	/ CPU: 3.863 seconds 	/ department sequence: [1, 12, 2, 4, 13, 8, 3, 5, 6, 11, 9, 7, 10]
OFV: 2864.0	/ CPU: 3.293 seconds 	/ department sequence: [1, 12, 2, 4, 13, 8, 3, 5, 6, 11, 9, 7, 10]
-- Am13b result
--------------------------------------------
HostNestNum = 5, P_a = 0.25
--------------------------------------------
-- 2020-06-10 09:21 result data
OFV: 2864.0	/ CPU: 4.456 seconds 	/ department sequence: [7, 10, 9, 6, 11, 5, 8, 3, 4, 13, 2, 12, 1]
OFV: 2864.0	/ CPU: 4.398 seconds 	/ department sequence: [1, 12, 2, 4, 13, 8, 3, 5, 6, 11, 9, 7, 10]
OFV: 2864.0	/ CPU: 4.500 seconds 	/ department sequence: [7, 10, 9, 6, 11, 5, 8, 3, 4, 13, 2, 12, 1]
OFV: 2864.0	/ CPU: 5.252 seconds 	/ department sequence: [1, 12, 2, 4, 13, 8, 3, 5, 6, 11, 9, 7, 10]
OFV: 2864.0	/ CPU: 4.330 seconds 	/ department sequence: [1, 12, 2, 4, 13, 8, 3, 5, 6, 11, 9, 7, 10]
OFV: 2864.0	/ CPU: 4.222 seconds 	/ department sequence: [1, 12, 2, 4, 13, 8, 3, 5, 6, 11, 9, 7, 10]
OFV: 2864.0	/ CPU: 4.381 seconds 	/ department sequence: [12, 1, 2, 4, 13, 8, 3, 5, 6, 11, 7, 9, 10]
OFV: 2864.0	/ CPU: 4.443 seconds 	/ department sequence: [12, 1, 2, 4, 13, 8, 3, 5, 6, 11, 7, 9, 10]
OFV: 2864.0	/ CPU: 4.364 seconds 	/ department sequence: [7, 10, 9, 6, 11, 5, 8, 3, 4, 13, 2, 12, 1]
OFV: 2864.0	/ CPU: 4.176 seconds 	/ department sequence: [1, 12, 2, 4, 13, 8, 3, 5, 6, 11, 9, 7, 10]
-- Am13b result
--------------------------------------------
HostNestNum = 5, P_a = 0.25
--------------------------------------------
-- 2020-06-10 09:22 result data
OFV: 2864.0	/ CPU: 2.304 seconds 	/ department sequence: [7, 10, 9, 6, 11, 5, 8, 3, 4, 13, 2, 12, 1]
OFV: 2864.0	/ CPU: 2.271 seconds 	/ department sequence: [1, 12, 2, 4, 13, 8, 3, 5, 6, 11, 9, 7, 10]
OFV: 2864.0	/ CPU: 3.014 seconds 	/ department sequence: [7, 10, 9, 6, 11, 5, 8, 3, 4, 13, 2, 12, 1]
OFV: 2864.0	/ CPU: 2.479 seconds 	/ department sequence: [12, 1, 2, 4, 13, 8, 3, 5, 6, 11, 7, 9, 10]
OFV: 2864.0	/ CPU: 2.461 seconds 	/ department sequence: [10, 7, 9, 6, 11, 8, 5, 3, 4, 13, 2, 1, 12]
OFV: 2864.0	/ CPU: 3.229 seconds 	/ department sequence: [10, 7, 9, 6, 11, 8, 5, 3, 4, 13, 2, 1, 12]
OFV: 2864.0	/ CPU: 3.271 seconds 	/ department sequence: [12, 1, 2, 4, 13, 8, 3, 5, 6, 11, 7, 9, 10]
OFV: 2864.0	/ CPU: 3.832 seconds 	/ department sequence: [1, 12, 2, 4, 13, 8, 3, 5, 6, 11, 9, 7, 10]
OFV: 2864.0	/ CPU: 2.224 seconds 	/ department sequence: [7, 10, 9, 6, 11, 5, 8, 3, 4, 13, 2, 12, 1]
OFV: 2864.0	/ CPU: 2.177 seconds 	/ department sequence: [1, 12, 2, 4, 13, 8, 3, 5, 6, 11, 9, 7, 10]
-- Am13b result
--------------------------------------------
HostNestNum = 5, P_a = 0.25
--------------------------------------------
-- 2020-06-10 09:22 result data
OFV: 2864.0	/ CPU: 3.638 seconds 	/ department sequence: [1, 12, 2, 4, 13, 8, 3, 5, 6, 11, 9, 7, 10]
OFV: 2864.0	/ CPU: 2.831 seconds 	/ department sequence: [1, 12, 2, 4, 13, 8, 3, 5, 6, 11, 9, 7, 10]
OFV: 2864.0	/ CPU: 2.221 seconds 	/ department sequence: [12, 1, 2, 4, 13, 8, 3, 5, 6, 11, 7, 9, 10]
OFV: 2864.0	/ CPU: 2.190 seconds 	/ department sequence: [12, 1, 2, 4, 13, 8, 3, 5, 6, 11, 7, 9, 10]
OFV: 2864.0	/ CPU: 3.588 seconds 	/ department sequence: [1, 12, 2, 4, 13, 8, 3, 5, 6, 11, 9, 7, 10]
OFV: 2864.0	/ CPU: 2.532 seconds 	/ department sequence: [12, 1, 2, 4, 13, 8, 3, 5, 6, 11, 7, 9, 10]
OFV: 2864.0	/ CPU: 2.428 seconds 	/ department sequence: [1, 12, 2, 4, 13, 8, 3, 5, 6, 11, 9, 7, 10]
OFV: 2864.0	/ CPU: 2.038 seconds 	/ department sequence: [1, 12, 2, 4, 13, 8, 3, 5, 6, 11, 9, 7, 10]
OFV: 2864.0	/ CPU: 2.991 seconds 	/ department sequence: [1, 12, 2, 4, 13, 8, 3, 5, 6, 11, 9, 7, 10]
OFV: 2864.0	/ CPU: 2.655 seconds 	/ department sequence: [1, 12, 2, 4, 13, 8, 3, 5, 6, 11, 9, 7, 10]
-- Am13b result
--------------------------------------------
HostNestNum = 5, P_a = 0.25
--------------------------------------------
-- 2020-06-10 09:23 result data
OFV: 2864.0	/ CPU: 4.209 seconds 	/ department sequence: [7, 10, 9, 6, 11, 5, 8, 3, 4, 13, 2, 12, 1]
OFV: 2864.0	/ CPU: 3.960 seconds 	/ department sequence: [1, 12, 2, 4, 13, 8, 3, 5, 6, 11, 9, 7, 10]
OFV: 2864.0	/ CPU: 3.198 seconds 	/ department sequence: [1, 12, 2, 4, 13, 8, 3, 5, 6, 11, 9, 7, 10]
OFV: 2864.0	/ CPU: 3.826 seconds 	/ department sequence: [12, 1, 2, 4, 13, 8, 3, 5, 6, 11, 7, 9, 10]
OFV: 2864.0	/ CPU: 3.214 seconds 	/ department sequence: [1, 12, 2, 4, 13, 8, 3, 5, 6, 11, 9, 7, 10]
OFV: 2864.0	/ CPU: 3.400 seconds 	/ department sequence: [1, 12, 2, 4, 13, 8, 3, 5, 6, 11, 9, 7, 10]
OFV: 2864.0	/ CPU: 3.487 seconds 	/ department sequence: [1, 12, 2, 4, 13, 8, 3, 5, 6, 11, 9, 7, 10]
OFV: 2864.0	/ CPU: 3.195 seconds 	/ department sequence: [12, 1, 2, 4, 13, 8, 3, 5, 6, 11, 7, 9, 10]
OFV: 2864.0	/ CPU: 3.555 seconds 	/ department sequence: [7, 10, 9, 6, 11, 5, 8, 3, 4, 13, 2, 12, 1]
OFV: 2864.0	/ CPU: 3.219 seconds 	/ department sequence: [7, 10, 9, 6, 11, 5, 8, 3, 4, 13, 2, 12, 1]
-- Am13b result
--------------------------------------------
HostNestNum = 5, P_a = 0.25
--------------------------------------------
-- 2020-06-10 09:24 result data
OFV: 2864.0	/ CPU: 4.279 seconds 	/ department sequence: [7, 10, 9, 6, 11, 5, 8, 3, 4, 13, 2, 12, 1]
OFV: 2864.0	/ CPU: 4.237 seconds 	/ department sequence: [7, 10, 9, 6, 11, 5, 8, 3, 4, 13, 2, 12, 1]
OFV: 2864.0	/ CPU: 4.185 seconds 	/ department sequence: [7, 10, 9, 6, 11, 5, 8, 3, 4, 13, 2, 12, 1]
OFV: 2864.0	/ CPU: 4.438 seconds 	/ department sequence: [12, 1, 2, 4, 13, 8, 3, 5, 6, 11, 7, 9, 10]
OFV: 2864.0	/ CPU: 5.144 seconds 	/ department sequence: [7, 10, 9, 6, 11, 5, 8, 3, 4, 13, 2, 12, 1]
OFV: 2864.0	/ CPU: 6.143 seconds 	/ department sequence: [12, 1, 2, 4, 13, 8, 3, 5, 6, 11, 7, 9, 10]
OFV: 2864.0	/ CPU: 5.092 seconds 	/ department sequence: [1, 12, 2, 4, 13, 8, 3, 5, 6, 11, 9, 7, 10]
OFV: 2864.0	/ CPU: 4.336 seconds 	/ department sequence: [7, 10, 9, 6, 11, 5, 8, 3, 4, 13, 2, 12, 1]
OFV: 2864.0	/ CPU: 4.254 seconds 	/ department sequence: [1, 12, 2, 4, 13, 8, 3, 5, 6, 11, 9, 7, 10]
OFV: 2864.0	/ CPU: 5.239 seconds 	/ department sequence: [1, 12, 2, 4, 13, 8, 3, 5, 6, 11, 9, 7, 10]
-- Am13b result
--------------------------------------------
HostNestNum = 5, P_a = 0.25
--------------------------------------------
-- 2020-06-10 09:24 result data
OFV: 2864.0	/ CPU: 2.402 seconds 	/ department sequence: [1, 12, 2, 4, 13, 8, 3, 5, 6, 11, 9, 7, 10]
OFV: 2864.0	/ CPU: 2.225 seconds 	/ department sequence: [1, 12, 2, 4, 13, 8, 3, 5, 6, 11, 9, 7, 10]
OFV: 2864.0	/ CPU: 2.107 seconds 	/ department sequence: [7, 10, 9, 6, 11, 5, 8, 3, 4, 13, 2, 12, 1]
OFV: 2864.0	/ CPU: 2.749 seconds 	/ department sequence: [1, 12, 2, 4, 13, 8, 3, 5, 6, 11, 9, 7, 10]
OFV: 2864.0	/ CPU: 2.857 seconds 	/ department sequence: [1, 12, 2, 4, 13, 8, 3, 5, 6, 11, 9, 7, 10]
OFV: 2864.0	/ CPU: 2.254 seconds 	/ department sequence: [7, 10, 9, 6, 11, 5, 8, 3, 4, 13, 2, 12, 1]
OFV: 2864.0	/ CPU: 2.235 seconds 	/ department sequence: [12, 1, 2, 4, 13, 8, 3, 5, 6, 11, 7, 9, 10]
OFV: 2864.0	/ CPU: 3.193 seconds 	/ department sequence: [1, 12, 2, 4, 13, 8, 3, 5, 6, 11, 9, 7, 10]
OFV: 2864.0	/ CPU: 3.519 seconds 	/ department sequence: [1, 12, 2, 4, 13, 8, 3, 5, 6, 11, 9, 7, 10]
OFV: 2864.0	/ CPU: 2.449 seconds 	/ department sequence: [12, 1, 2, 4, 13, 8, 3, 5, 6, 11, 7, 9, 10]
-- Am13b result
--------------------------------------------
HostNestNum = 5, P_a = 0.25
--------------------------------------------
-- 2020-06-10 09:25 result data
OFV: 2864.0	/ CPU: 2.143 seconds 	/ department sequence: [7, 10, 9, 6, 11, 5, 8, 3, 4, 13, 2, 12, 1]
OFV: 2864.0	/ CPU: 2.660 seconds 	/ department sequence: [10, 7, 9, 6, 11, 8, 5, 3, 4, 13, 2, 1, 12]
OFV: 2864.0	/ CPU: 2.095 seconds 	/ department sequence: [7, 10, 9, 6, 11, 5, 8, 3, 4, 13, 2, 12, 1]
OFV: 2864.0	/ CPU: 2.693 seconds 	/ department sequence: [1, 12, 2, 4, 13, 8, 3, 5, 6, 11, 9, 7, 10]
OFV: 2864.0	/ CPU: 2.307 seconds 	/ department sequence: [1, 12, 2, 4, 13, 8, 3, 5, 6, 11, 9, 7, 10]
OFV: 2864.0	/ CPU: 3.213 seconds 	/ department sequence: [10, 7, 9, 6, 11, 8, 5, 3, 4, 13, 2, 1, 12]
OFV: 2864.0	/ CPU: 2.593 seconds 	/ department sequence: [7, 10, 9, 6, 11, 5, 8, 3, 4, 13, 2, 12, 1]
OFV: 2864.0	/ CPU: 2.166 seconds 	/ department sequence: [7, 10, 9, 6, 11, 5, 8, 3, 4, 13, 2, 12, 1]
OFV: 2864.0	/ CPU: 3.657 seconds 	/ department sequence: [7, 10, 9, 6, 11, 5, 8, 3, 4, 13, 2, 12, 1]
OFV: 2864.0	/ CPU: 3.244 seconds 	/ department sequence: [1, 12, 2, 4, 13, 8, 3, 5, 6, 11, 9, 7, 10]
-- Am13b result
--------------------------------------------
HostNestNum = 5, P_a = 0.25
--------------------------------------------
-- 2020-06-10 09:25 result data
OFV: 2864.0	/ CPU: 4.401 seconds 	/ department sequence: [1, 12, 2, 4, 13, 8, 3, 5, 6, 11, 9, 7, 10]
OFV: 2864.0	/ CPU: 4.336 seconds 	/ department sequence: [7, 10, 9, 6, 11, 5, 8, 3, 4, 13, 2, 12, 1]
OFV: 2864.0	/ CPU: 3.970 seconds 	/ department sequence: [7, 10, 9, 6, 11, 5, 8, 3, 4, 13, 2, 12, 1]
OFV: 2864.0	/ CPU: 3.258 seconds 	/ department sequence: [7, 10, 9, 6, 11, 5, 8, 3, 4, 13, 2, 12, 1]
OFV: 2864.0	/ CPU: 3.568 seconds 	/ department sequence: [1, 12, 2, 4, 13, 8, 3, 5, 6, 11, 9, 7, 10]
OFV: 2864.0	/ CPU: 3.825 seconds 	/ department sequence: [1, 12, 2, 4, 13, 8, 3, 5, 6, 11, 9, 7, 10]
OFV: 2864.0	/ CPU: 4.495 seconds 	/ department sequence: [1, 12, 2, 4, 13, 8, 3, 5, 6, 11, 9, 7, 10]
OFV: 2864.0	/ CPU: 3.144 seconds 	/ department sequence: [1, 12, 2, 4, 13, 8, 3, 5, 6, 11, 9, 7, 10]
OFV: 2864.0	/ CPU: 3.630 seconds 	/ department sequence: [7, 10, 9, 6, 11, 5, 8, 3, 4, 13, 2, 12, 1]
OFV: 2864.0	/ CPU: 4.523 seconds 	/ department sequence: [10, 7, 9, 6, 11, 8, 5, 3, 4, 13, 2, 1, 12]
-- Am13b result
--------------------------------------------
HostNestNum = 5, P_a = 0.25
--------------------------------------------
-- 2020-06-10 09:26 result data
OFV: 2864.0	/ CPU: 4.414 seconds 	/ department sequence: [7, 10, 9, 6, 11, 5, 8, 3, 4, 13, 2, 12, 1]
OFV: 2864.0	/ CPU: 4.829 seconds 	/ department sequence: [12, 1, 2, 4, 13, 8, 3, 5, 6, 11, 7, 9, 10]
OFV: 2864.0	/ CPU: 5.103 seconds 	/ department sequence: [1, 12, 2, 4, 13, 8, 3, 5, 6, 11, 9, 7, 10]
OFV: 2864.0	/ CPU: 4.789 seconds 	/ department sequence: [7, 10, 9, 6, 11, 5, 8, 3, 4, 13, 2, 12, 1]
OFV: 2864.0	/ CPU: 4.694 seconds 	/ department sequence: [10, 7, 9, 6, 11, 8, 5, 3, 4, 13, 2, 1, 12]
OFV: 2864.0	/ CPU: 4.804 seconds 	/ department sequence: [7, 10, 9, 6, 11, 5, 8, 3, 4, 13, 2, 12, 1]
OFV: 2864.0	/ CPU: 4.281 seconds 	/ department sequence: [1, 12, 2, 4, 13, 8, 3, 5, 6, 11, 9, 7, 10]
OFV: 2864.0	/ CPU: 4.411 seconds 	/ department sequence: [1, 12, 2, 4, 13, 8, 3, 5, 6, 11, 9, 7, 10]
OFV: 2864.0	/ CPU: 4.404 seconds 	/ department sequence: [1, 12, 2, 4, 13, 8, 3, 5, 6, 11, 9, 7, 10]
OFV: 2864.0	/ CPU: 4.557 seconds 	/ department sequence: [1, 12, 2, 4, 13, 8, 3, 5, 6, 11, 9, 7, 10]
-- Am13b result
--------------------------------------------
HostNestNum = 5, P_a = 0.25
--------------------------------------------
-- 2020-06-10 17:09 result data
OFV: 2864.0	/ CPU: 2.522 seconds 	/ department sequence: [1, 12, 2, 4, 13, 8, 3, 5, 6, 11, 9, 7, 10]
OFV: 2864.0	/ CPU: 2.189 seconds 	/ department sequence: [7, 10, 9, 6, 11, 5, 8, 3, 4, 13, 2, 12, 1]
OFV: 2864.0	/ CPU: 2.356 seconds 	/ department sequence: [1, 12, 2, 4, 13, 8, 3, 5, 6, 11, 9, 7, 10]
OFV: 2864.0	/ CPU: 2.626 seconds 	/ department sequence: [1, 12, 2, 4, 13, 8, 3, 5, 6, 11, 9, 7, 10]
OFV: 2864.0	/ CPU: 2.905 seconds 	/ department sequence: [10, 7, 9, 6, 11, 8, 5, 3, 4, 13, 2, 1, 12]
OFV: 2864.0	/ CPU: 2.422 seconds 	/ department sequence: [12, 1, 2, 4, 13, 8, 3, 5, 6, 11, 7, 9, 10]
OFV: 2864.0	/ CPU: 2.252 seconds 	/ department sequence: [12, 1, 2, 4, 13, 8, 3, 5, 6, 11, 7, 9, 10]
OFV: 2864.0	/ CPU: 2.518 seconds 	/ department sequence: [1, 12, 2, 4, 13, 8, 3, 5, 6, 11, 9, 7, 10]
OFV: 2864.0	/ CPU: 3.470 seconds 	/ department sequence: [7, 10, 9, 6, 11, 5, 8, 3, 4, 13, 2, 12, 1]
OFV: 2884.0	/ CPU: 3.170 seconds 	/ department sequence: [10, 7, 9, 6, 11, 5, 12, 3, 2, 8, 1, 13, 4]
-- Am13b result
--------------------------------------------
HostNestNum = 5, P_a = 0.25
--------------------------------------------
-- 2020-06-10 17:09 result data
OFV: 2864.0	/ CPU: 3.239 seconds 	/ department sequence: [1, 12, 2, 4, 13, 8, 3, 5, 6, 11, 9, 7, 10]
OFV: 2864.0	/ CPU: 2.840 seconds 	/ department sequence: [12, 1, 2, 4, 13, 8, 3, 5, 6, 11, 7, 9, 10]
OFV: 2864.0	/ CPU: 2.458 seconds 	/ department sequence: [7, 10, 9, 6, 11, 5, 8, 3, 4, 13, 2, 12, 1]
OFV: 2864.0	/ CPU: 2.434 seconds 	/ department sequence: [12, 1, 2, 4, 13, 8, 3, 5, 6, 11, 7, 9, 10]
OFV: 2864.0	/ CPU: 2.894 seconds 	/ department sequence: [7, 10, 9, 6, 11, 5, 8, 3, 4, 13, 2, 12, 1]
OFV: 2871.0	/ CPU: 2.187 seconds 	/ department sequence: [10, 7, 9, 11, 6, 5, 8, 3, 4, 13, 2, 12, 1]
OFV: 2864.0	/ CPU: 2.526 seconds 	/ department sequence: [1, 12, 2, 4, 13, 8, 3, 5, 6, 11, 9, 7, 10]
OFV: 2864.0	/ CPU: 2.299 seconds 	/ department sequence: [1, 12, 2, 4, 13, 8, 3, 5, 6, 11, 9, 7, 10]
OFV: 2864.0	/ CPU: 2.370 seconds 	/ department sequence: [1, 12, 2, 4, 13, 8, 3, 5, 6, 11, 9, 7, 10]
OFV: 2864.0	/ CPU: 2.485 seconds 	/ department sequence: [7, 10, 9, 6, 11, 5, 8, 3, 4, 13, 2, 12, 1]
-- Am13b result
--------------------------------------------
HostNestNum = 5, P_a = 0.25
--------------------------------------------
-- 2020-06-10 17:09 result data
OFV: 2864.0	/ CPU: 3.301 seconds 	/ department sequence: [12, 1, 2, 4, 13, 8, 3, 5, 6, 11, 7, 9, 10]
OFV: 2864.0	/ CPU: 3.359 seconds 	/ department sequence: [7, 10, 9, 6, 11, 5, 8, 3, 4, 13, 2, 12, 1]
OFV: 2864.0	/ CPU: 3.256 seconds 	/ department sequence: [1, 12, 2, 4, 13, 8, 3, 5, 6, 11, 9, 7, 10]
OFV: 2864.0	/ CPU: 3.960 seconds 	/ department sequence: [12, 1, 2, 4, 13, 8, 3, 5, 6, 11, 7, 9, 10]
OFV: 2864.0	/ CPU: 3.405 seconds 	/ department sequence: [12, 1, 2, 4, 13, 8, 3, 5, 6, 11, 7, 9, 10]
OFV: 2864.0	/ CPU: 3.394 seconds 	/ department sequence: [7, 10, 9, 6, 11, 5, 8, 3, 4, 13, 2, 12, 1]
OFV: 2864.0	/ CPU: 3.115 seconds 	/ department sequence: [7, 10, 9, 6, 11, 5, 8, 3, 4, 13, 2, 12, 1]
OFV: 2864.0	/ CPU: 3.648 seconds 	/ department sequence: [12, 1, 2, 4, 13, 8, 3, 5, 6, 11, 7, 9, 10]
OFV: 2864.0	/ CPU: 3.383 seconds 	/ department sequence: [10, 7, 9, 6, 11, 8, 5, 3, 4, 13, 2, 1, 12]
OFV: 2864.0	/ CPU: 3.610 seconds 	/ department sequence: [12, 1, 2, 4, 13, 8, 3, 5, 6, 11, 7, 9, 10]
-- Am13b result
--------------------------------------------
HostNestNum = 5, P_a = 0.25
--------------------------------------------
-- 2020-06-10 17:10 result data
OFV: 2864.0	/ CPU: 5.184 seconds 	/ department sequence: [7, 10, 9, 6, 11, 5, 8, 3, 4, 13, 2, 12, 1]
OFV: 2864.0	/ CPU: 5.178 seconds 	/ department sequence: [1, 12, 2, 4, 13, 8, 3, 5, 6, 11, 9, 7, 10]
OFV: 2864.0	/ CPU: 4.464 seconds 	/ department sequence: [7, 10, 9, 6, 11, 5, 8, 3, 4, 13, 2, 12, 1]
OFV: 2864.0	/ CPU: 4.338 seconds 	/ department sequence: [1, 12, 2, 4, 13, 8, 3, 5, 6, 11, 9, 7, 10]
OFV: 2864.0	/ CPU: 4.470 seconds 	/ department sequence: [1, 12, 2, 4, 13, 8, 3, 5, 6, 11, 9, 7, 10]
OFV: 2864.0	/ CPU: 6.037 seconds 	/ department sequence: [1, 12, 2, 4, 13, 8, 3, 5, 6, 11, 9, 7, 10]
OFV: 2864.0	/ CPU: 4.302 seconds 	/ department sequence: [7, 10, 9, 6, 11, 5, 8, 3, 4, 13, 2, 12, 1]
OFV: 2864.0	/ CPU: 4.389 seconds 	/ department sequence: [7, 10, 9, 6, 11, 5, 8, 3, 4, 13, 2, 12, 1]
OFV: 2864.0	/ CPU: 4.333 seconds 	/ department sequence: [1, 12, 2, 4, 13, 8, 3, 5, 6, 11, 9, 7, 10]
OFV: 2864.0	/ CPU: 4.471 seconds 	/ department sequence: [1, 12, 2, 4, 13, 8, 3, 5, 6, 11, 9, 7, 10]
-- Am13b result
--------------------------------------------
HostNestNum = 5, P_a = 0.25
--------------------------------------------
-- 2020-06-11 01:14 result data
OFV: 2864.0	/ CPU: 3.275 seconds 	/ department sequence: [1, 12, 2, 4, 13, 8, 3, 5, 6, 11, 9, 7, 10]
OFV: 2864.0	/ CPU: 3.876 seconds 	/ department sequence: [12, 1, 2, 4, 13, 8, 3, 5, 6, 11, 7, 9, 10]
OFV: 2884.0	/ CPU: 4.475 seconds 	/ department sequence: [10, 7, 9, 6, 11, 5, 12, 3, 2, 8, 1, 13, 4]
OFV: 2864.0	/ CPU: 2.936 seconds 	/ department sequence: [1, 12, 2, 4, 13, 8, 3, 5, 6, 11, 9, 7, 10]
OFV: 2864.0	/ CPU: 2.805 seconds 	/ department sequence: [7, 10, 9, 6, 11, 5, 8, 3, 4, 13, 2, 12, 1]
OFV: 2864.0	/ CPU: 4.625 seconds 	/ department sequence: [10, 7, 9, 6, 11, 8, 5, 3, 4, 13, 2, 1, 12]
OFV: 2864.0	/ CPU: 3.181 seconds 	/ department sequence: [12, 1, 2, 4, 13, 8, 3, 5, 6, 11, 7, 9, 10]
OFV: 2864.0	/ CPU: 2.915 seconds 	/ department sequence: [12, 1, 2, 4, 13, 8, 3, 5, 6, 11, 7, 9, 10]
OFV: 2864.0	/ CPU: 3.047 seconds 	/ department sequence: [1, 12, 2, 4, 13, 8, 3, 5, 6, 11, 9, 7, 10]
OFV: 2864.0	/ CPU: 2.524 seconds 	/ department sequence: [1, 12, 2, 4, 13, 8, 3, 5, 6, 11, 9, 7, 10]
-- Am13b result
--------------------------------------------
HostNestNum = 5, P_a = 0.25
--------------------------------------------
-- 2020-06-11 01:14 result data
OFV: 2864.0	/ CPU: 4.010 seconds 	/ department sequence: [7, 10, 9, 6, 11, 5, 8, 3, 4, 13, 2, 12, 1]
OFV: 2864.0	/ CPU: 3.161 seconds 	/ department sequence: [12, 1, 2, 4, 13, 8, 3, 5, 6, 11, 7, 9, 10]
OFV: 2864.0	/ CPU: 2.660 seconds 	/ department sequence: [1, 12, 2, 4, 13, 8, 3, 5, 6, 11, 9, 7, 10]
OFV: 2864.0	/ CPU: 3.725 seconds 	/ department sequence: [1, 12, 2, 4, 13, 8, 3, 5, 6, 11, 9, 7, 10]
OFV: 2864.0	/ CPU: 3.147 seconds 	/ department sequence: [1, 12, 2, 4, 13, 8, 3, 5, 6, 11, 9, 7, 10]
OFV: 2864.0	/ CPU: 3.679 seconds 	/ department sequence: [1, 12, 2, 4, 13, 8, 3, 5, 6, 11, 9, 7, 10]
OFV: 2864.0	/ CPU: 3.651 seconds 	/ department sequence: [1, 12, 2, 4, 13, 8, 3, 5, 6, 11, 9, 7, 10]
OFV: 2864.0	/ CPU: 3.195 seconds 	/ department sequence: [1, 12, 2, 4, 13, 8, 3, 5, 6, 11, 9, 7, 10]
OFV: 2864.0	/ CPU: 2.731 seconds 	/ department sequence: [7, 10, 9, 6, 11, 5, 8, 3, 4, 13, 2, 12, 1]
OFV: 2864.0	/ CPU: 2.616 seconds 	/ department sequence: [1, 12, 2, 4, 13, 8, 3, 5, 6, 11, 9, 7, 10]
-- Am13b result
--------------------------------------------
HostNestNum = 5, P_a = 0.25
--------------------------------------------
-- 2020-06-11 01:15 result data
OFV: 2864.0	/ CPU: 5.030 seconds 	/ department sequence: [1, 12, 2, 4, 13, 8, 3, 5, 6, 11, 9, 7, 10]
OFV: 2864.0	/ CPU: 4.603 seconds 	/ department sequence: [1, 12, 2, 4, 13, 8, 3, 5, 6, 11, 9, 7, 10]
OFV: 2864.0	/ CPU: 3.770 seconds 	/ department sequence: [1, 12, 2, 4, 13, 8, 3, 5, 6, 11, 9, 7, 10]
OFV: 2864.0	/ CPU: 4.893 seconds 	/ department sequence: [12, 1, 2, 4, 13, 8, 3, 5, 6, 11, 7, 9, 10]
OFV: 2864.0	/ CPU: 4.386 seconds 	/ department sequence: [7, 10, 9, 6, 11, 5, 8, 3, 4, 13, 2, 12, 1]
OFV: 2864.0	/ CPU: 4.683 seconds 	/ department sequence: [1, 12, 2, 4, 13, 8, 3, 5, 6, 11, 9, 7, 10]
OFV: 2864.0	/ CPU: 4.784 seconds 	/ department sequence: [1, 12, 2, 4, 13, 8, 3, 5, 6, 11, 9, 7, 10]
OFV: 2864.0	/ CPU: 5.205 seconds 	/ department sequence: [1, 12, 2, 4, 13, 8, 3, 5, 6, 11, 9, 7, 10]
OFV: 2864.0	/ CPU: 5.247 seconds 	/ department sequence: [7, 10, 9, 6, 11, 5, 8, 3, 4, 13, 2, 12, 1]
OFV: 2864.0	/ CPU: 5.768 seconds 	/ department sequence: [1, 12, 2, 4, 13, 8, 3, 5, 6, 11, 9, 7, 10]
-- Am13b result
--------------------------------------------
HostNestNum = 5, P_a = 0.25
--------------------------------------------
-- 2020-06-11 01:16 result data
OFV: 2864.0	/ CPU: 5.822 seconds 	/ department sequence: [1, 12, 2, 4, 13, 8, 3, 5, 6, 11, 9, 7, 10]
OFV: 2864.0	/ CPU: 5.899 seconds 	/ department sequence: [12, 1, 2, 4, 13, 8, 3, 5, 6, 11, 7, 9, 10]
OFV: 2864.0	/ CPU: 5.419 seconds 	/ department sequence: [12, 1, 2, 4, 13, 8, 3, 5, 6, 11, 7, 9, 10]
OFV: 2864.0	/ CPU: 5.042 seconds 	/ department sequence: [12, 1, 2, 4, 13, 8, 3, 5, 6, 11, 7, 9, 10]
OFV: 2864.0	/ CPU: 5.093 seconds 	/ department sequence: [1, 12, 2, 4, 13, 8, 3, 5, 6, 11, 9, 7, 10]
OFV: 2864.0	/ CPU: 5.348 seconds 	/ department sequence: [1, 12, 2, 4, 13, 8, 3, 5, 6, 11, 9, 7, 10]
OFV: 2864.0	/ CPU: 5.477 seconds 	/ department sequence: [12, 1, 2, 4, 13, 8, 3, 5, 6, 11, 7, 9, 10]
OFV: 2864.0	/ CPU: 5.243 seconds 	/ department sequence: [12, 1, 2, 4, 13, 8, 3, 5, 6, 11, 7, 9, 10]
OFV: 2864.0	/ CPU: 5.101 seconds 	/ department sequence: [12, 1, 2, 4, 13, 8, 3, 5, 6, 11, 7, 9, 10]
OFV: 2864.0	/ CPU: 5.731 seconds 	/ department sequence: [12, 1, 2, 4, 13, 8, 3, 5, 6, 11, 7, 9, 10]
