-- Small10-6 result
--------------------------------------------
HostNestNum = 5, P_a = 0.0
--------------------------------------------
-- 2020-06-10 16:33 result data
OFV: 792.0	/ CPU: 2.334 seconds 	/ department sequence: [3, 9, 1, 7, 10, 5, 2, 4, 6, 8]
OFV: 792.0	/ CPU: 1.559 seconds 	/ department sequence: [9, 3, 1, 10, 7, 5, 2, 4, 6, 8]
OFV: 792.0	/ CPU: 2.191 seconds 	/ department sequence: [3, 9, 1, 7, 10, 5, 2, 4, 6, 8]
OFV: 792.0	/ CPU: 1.672 seconds 	/ department sequence: [3, 9, 1, 7, 10, 5, 2, 4, 6, 8]
OFV: 792.0	/ CPU: 1.515 seconds 	/ department sequence: [9, 3, 1, 10, 7, 5, 2, 4, 6, 8]
OFV: 792.0	/ CPU: 1.577 seconds 	/ department sequence: [8, 6, 2, 4, 10, 5, 7, 1, 3, 9]
OFV: 792.0	/ CPU: 1.286 seconds 	/ department sequence: [8, 6, 2, 4, 10, 5, 7, 1, 3, 9]
OFV: 792.0	/ CPU: 1.728 seconds 	/ department sequence: [6, 8, 2, 10, 4, 5, 7, 1, 9, 3]
OFV: 797.5	/ CPU: 1.524 seconds 	/ department sequence: [9, 3, 7, 1, 10, 5, 4, 2, 8, 6]
OFV: 792.0	/ CPU: 1.551 seconds 	/ department sequence: [8, 6, 2, 4, 10, 5, 7, 1, 3, 9]
-- Small10-6 result
--------------------------------------------
HostNestNum = 5, P_a = 0.0
--------------------------------------------
-- 2020-06-10 22:01 result data
OFV: 792.0	/ CPU: 3.573 seconds 	/ department sequence: [6, 8, 2, 10, 4, 5, 7, 1, 9, 3]
OFV: 792.0	/ CPU: 1.715 seconds 	/ department sequence: [8, 6, 2, 4, 10, 5, 7, 1, 3, 9]
OFV: 792.0	/ CPU: 1.862 seconds 	/ department sequence: [9, 3, 1, 10, 7, 5, 2, 4, 6, 8]
OFV: 792.0	/ CPU: 1.473 seconds 	/ department sequence: [8, 6, 2, 4, 10, 5, 7, 1, 3, 9]
OFV: 792.0	/ CPU: 1.539 seconds 	/ department sequence: [8, 6, 2, 4, 10, 5, 7, 1, 3, 9]
OFV: 792.0	/ CPU: 1.570 seconds 	/ department sequence: [6, 8, 2, 10, 4, 5, 7, 1, 9, 3]
OFV: 792.0	/ CPU: 2.049 seconds 	/ department sequence: [8, 6, 2, 4, 10, 5, 7, 1, 3, 9]
OFV: 792.0	/ CPU: 1.453 seconds 	/ department sequence: [8, 6, 2, 4, 10, 5, 7, 1, 3, 9]
OFV: 792.0	/ CPU: 2.306 seconds 	/ department sequence: [8, 6, 2, 4, 10, 5, 7, 1, 3, 9]
OFV: 797.5	/ CPU: 1.648 seconds 	/ department sequence: [9, 3, 7, 1, 10, 5, 4, 2, 8, 6]
-- Small10-6 result
--------------------------------------------
HostNestNum = 5, P_a = 0.0
--------------------------------------------
-- 2020-06-10 22:01 result data
OFV: 792.0	/ CPU: 3.477 seconds 	/ department sequence: [8, 6, 2, 4, 10, 5, 7, 1, 3, 9]
OFV: 792.0	/ CPU: 3.141 seconds 	/ department sequence: [3, 9, 1, 7, 10, 5, 2, 4, 6, 8]
OFV: 792.0	/ CPU: 2.075 seconds 	/ department sequence: [8, 6, 2, 4, 10, 5, 7, 1, 3, 9]
OFV: 792.0	/ CPU: 1.654 seconds 	/ department sequence: [8, 6, 2, 4, 10, 5, 7, 1, 3, 9]
OFV: 792.0	/ CPU: 1.926 seconds 	/ department sequence: [8, 6, 2, 4, 10, 5, 7, 1, 3, 9]
OFV: 792.0	/ CPU: 1.578 seconds 	/ department sequence: [8, 6, 2, 4, 10, 5, 7, 1, 3, 9]
OFV: 792.0	/ CPU: 1.772 seconds 	/ department sequence: [3, 9, 1, 7, 10, 5, 2, 4, 6, 8]
OFV: 792.0	/ CPU: 2.118 seconds 	/ department sequence: [8, 6, 2, 4, 10, 5, 7, 1, 3, 9]
OFV: 792.0	/ CPU: 1.854 seconds 	/ department sequence: [8, 6, 2, 4, 10, 5, 7, 1, 3, 9]
OFV: 792.0	/ CPU: 1.739 seconds 	/ department sequence: [8, 6, 2, 4, 10, 5, 7, 1, 3, 9]
