-- Small10-6 result
--------------------------------------------
HostNestNum = 5, P_a = 0.25
--------------------------------------------
-- 2020-06-10 16:33 result data
OFV: 792.0	/ CPU: 2.427 seconds 	/ department sequence: [8, 6, 2, 4, 10, 5, 7, 1, 3, 9]
OFV: 792.0	/ CPU: 2.644 seconds 	/ department sequence: [8, 6, 2, 4, 10, 5, 7, 1, 3, 9]
OFV: 792.0	/ CPU: 2.327 seconds 	/ department sequence: [8, 6, 2, 4, 10, 5, 7, 1, 3, 9]
OFV: 792.0	/ CPU: 2.091 seconds 	/ department sequence: [8, 6, 2, 4, 10, 5, 7, 1, 3, 9]
OFV: 792.0	/ CPU: 3.936 seconds 	/ department sequence: [8, 6, 2, 4, 10, 5, 7, 1, 3, 9]
OFV: 792.0	/ CPU: 4.799 seconds 	/ department sequence: [3, 9, 1, 7, 10, 5, 2, 4, 6, 8]
OFV: 792.0	/ CPU: 2.010 seconds 	/ department sequence: [8, 6, 2, 4, 10, 5, 7, 1, 3, 9]
OFV: 792.0	/ CPU: 2.972 seconds 	/ department sequence: [3, 9, 1, 7, 10, 5, 2, 4, 6, 8]
OFV: 792.0	/ CPU: 3.901 seconds 	/ department sequence: [8, 6, 2, 4, 10, 5, 7, 1, 3, 9]
OFV: 792.0	/ CPU: 2.125 seconds 	/ department sequence: [8, 6, 2, 4, 10, 5, 7, 1, 3, 9]
-- Small10-6 result
--------------------------------------------
HostNestNum = 5, P_a = 0.25
--------------------------------------------
-- 2020-06-10 16:33 result data
OFV: 792.0	/ CPU: 2.337 seconds 	/ department sequence: [9, 3, 1, 10, 7, 5, 2, 4, 6, 8]
OFV: 792.0	/ CPU: 2.955 seconds 	/ department sequence: [3, 9, 1, 7, 10, 5, 2, 4, 6, 8]
OFV: 792.0	/ CPU: 2.326 seconds 	/ department sequence: [8, 6, 2, 4, 10, 5, 7, 1, 3, 9]
OFV: 792.0	/ CPU: 3.929 seconds 	/ department sequence: [3, 9, 1, 7, 10, 5, 2, 4, 6, 8]
OFV: 792.0	/ CPU: 2.089 seconds 	/ department sequence: [6, 8, 2, 10, 4, 5, 7, 1, 9, 3]
OFV: 792.0	/ CPU: 3.213 seconds 	/ department sequence: [6, 8, 2, 10, 4, 5, 7, 1, 9, 3]
OFV: 792.0	/ CPU: 3.058 seconds 	/ department sequence: [3, 9, 1, 7, 10, 5, 2, 4, 6, 8]
OFV: 792.0	/ CPU: 2.612 seconds 	/ department sequence: [6, 8, 2, 10, 4, 5, 7, 1, 9, 3]
OFV: 792.0	/ CPU: 2.483 seconds 	/ department sequence: [6, 8, 2, 10, 4, 5, 7, 1, 9, 3]
OFV: 792.0	/ CPU: 2.868 seconds 	/ department sequence: [8, 6, 2, 4, 10, 5, 7, 1, 3, 9]
-- Small10-6 result
--------------------------------------------
HostNestNum = 5, P_a = 0.25
--------------------------------------------
-- 2020-06-10 16:34 result data
OFV: 792.0	/ CPU: 3.998 seconds 	/ department sequence: [3, 9, 1, 7, 10, 5, 2, 4, 6, 8]
OFV: 792.0	/ CPU: 5.099 seconds 	/ department sequence: [3, 9, 1, 7, 10, 5, 2, 4, 6, 8]
OFV: 792.0	/ CPU: 3.597 seconds 	/ department sequence: [8, 6, 2, 4, 10, 5, 7, 1, 3, 9]
OFV: 792.0	/ CPU: 3.807 seconds 	/ department sequence: [6, 8, 2, 10, 4, 5, 7, 1, 9, 3]
OFV: 792.0	/ CPU: 3.287 seconds 	/ department sequence: [8, 6, 2, 4, 10, 5, 7, 1, 3, 9]
OFV: 792.0	/ CPU: 3.573 seconds 	/ department sequence: [8, 6, 2, 4, 10, 5, 7, 1, 3, 9]
OFV: 792.0	/ CPU: 3.431 seconds 	/ department sequence: [8, 6, 2, 4, 10, 5, 7, 1, 3, 9]
OFV: 792.0	/ CPU: 3.588 seconds 	/ department sequence: [8, 6, 2, 4, 10, 5, 7, 1, 3, 9]
OFV: 792.0	/ CPU: 2.922 seconds 	/ department sequence: [6, 8, 2, 10, 4, 5, 7, 1, 9, 3]
OFV: 792.0	/ CPU: 3.729 seconds 	/ department sequence: [3, 9, 1, 7, 10, 5, 2, 4, 6, 8]
-- Small10-6 result
--------------------------------------------
HostNestNum = 5, P_a = 0.25
--------------------------------------------
-- 2020-06-10 16:34 result data
OFV: 792.0	/ CPU: 4.280 seconds 	/ department sequence: [8, 6, 2, 4, 10, 5, 7, 1, 3, 9]
OFV: 792.0	/ CPU: 5.139 seconds 	/ department sequence: [3, 9, 1, 7, 10, 5, 2, 4, 6, 8]
OFV: 792.0	/ CPU: 5.061 seconds 	/ department sequence: [3, 9, 1, 7, 10, 5, 2, 4, 6, 8]
OFV: 792.0	/ CPU: 4.178 seconds 	/ department sequence: [3, 9, 1, 7, 10, 5, 2, 4, 6, 8]
OFV: 792.0	/ CPU: 3.925 seconds 	/ department sequence: [6, 8, 2, 10, 4, 5, 7, 1, 9, 3]
OFV: 792.0	/ CPU: 4.094 seconds 	/ department sequence: [8, 6, 2, 4, 10, 5, 7, 1, 3, 9]
OFV: 792.0	/ CPU: 4.833 seconds 	/ department sequence: [3, 9, 1, 7, 10, 5, 2, 4, 6, 8]
OFV: 792.0	/ CPU: 3.971 seconds 	/ department sequence: [6, 8, 2, 10, 4, 5, 7, 1, 9, 3]
OFV: 792.0	/ CPU: 4.428 seconds 	/ department sequence: [8, 6, 2, 4, 10, 5, 7, 1, 3, 9]
OFV: 792.0	/ CPU: 5.167 seconds 	/ department sequence: [3, 9, 1, 7, 10, 5, 2, 4, 6, 8]
-- Small10-6 result
--------------------------------------------
HostNestNum = 5, P_a = 0.25
--------------------------------------------
-- 2020-06-10 22:01 result data
OFV: 792.0	/ CPU: 3.307 seconds 	/ department sequence: [6, 8, 2, 10, 4, 5, 7, 1, 9, 3]
OFV: 792.0	/ CPU: 2.804 seconds 	/ department sequence: [8, 6, 2, 4, 10, 5, 7, 1, 3, 9]
OFV: 792.0	/ CPU: 4.025 seconds 	/ department sequence: [9, 3, 1, 10, 7, 5, 2, 4, 6, 8]
-- Small10-6 result
--------------------------------------------
HostNestNum = 5, P_a = 0.25
--------------------------------------------
-- 2020-06-10 22:02 result data
OFV: 792.0	/ CPU: 4.114 seconds 	/ department sequence: [9, 3, 1, 10, 7, 5, 2, 4, 6, 8]
OFV: 792.0	/ CPU: 2.804 seconds 	/ department sequence: [8, 6, 2, 4, 10, 5, 7, 1, 3, 9]
OFV: 792.0	/ CPU: 3.986 seconds 	/ department sequence: [8, 6, 2, 4, 10, 5, 7, 1, 3, 9]
