P15 summary

-- 2019-01-08 11:02 result data
--------------------------------------------
HostNestNum = 10, P_a = 0.0
--------------------------------------------
Best OFV : 6305.0	CPU Time : 1.02 seconds (Processing time for the best solution)
Average OFV : 6385.400
Average CPU Time : 1.508
--------------------------------------------
HostNestNum = 10, P_a = 0.05
--------------------------------------------
Best OFV : 6305.0	CPU Time : 1.423 seconds (Processing time for the best solution)
Average OFV : 6327.900
Average CPU Time : 2.059
--------------------------------------------
HostNestNum = 10, P_a = 0.1
--------------------------------------------
Best OFV : 6305.0	CPU Time : 1.421 seconds (Processing time for the best solution)
Average OFV : 6434.600
Average CPU Time : 1.492
--------------------------------------------
HostNestNum = 10, P_a = 0.15
--------------------------------------------
Best OFV : 6305.0	CPU Time : 1.851 seconds (Processing time for the best solution)
Average OFV : 6330.400
Average CPU Time : 2.159
--------------------------------------------
HostNestNum = 10, P_a = 0.2
--------------------------------------------
Best OFV : 6305.0	CPU Time : 1.879 seconds (Processing time for the best solution)
Average OFV : 6330.400
Average CPU Time : 2.053
--------------------------------------------
HostNestNum = 10, P_a = 0.25
--------------------------------------------
Best OFV : 6305.0	CPU Time : 2.306 seconds (Processing time for the best solution)
Average OFV : 6362.800
Average CPU Time : 2.445
--------------------------------------------
HostNestNum = 10, P_a = 0.4
--------------------------------------------
Best OFV : 6305.0	CPU Time : 2.695 seconds (Processing time for the best solution)
Average OFV : 6330.400
Average CPU Time : 3.578
--------------------------------------------
HostNestNum = 10, P_a = 0.5
--------------------------------------------
Best OFV : 6305.0	CPU Time : 3.143 seconds (Processing time for the best solution)
Average OFV : 6356.400
Average CPU Time : 3.289
--------------------------------------------
HostNestNum = 15, P_a = 0.0
--------------------------------------------
Best OFV : 6305.0	CPU Time : 1.0 seconds (Processing time for the best solution)
Average OFV : 6305.000
Average CPU Time : 1.085
--------------------------------------------
HostNestNum = 15, P_a = 0.05
--------------------------------------------
Best OFV : 6305.0	CPU Time : 1.416 seconds (Processing time for the best solution)
Average OFV : 6355.800
Average CPU Time : 1.714
--------------------------------------------
HostNestNum = 15, P_a = 0.1
--------------------------------------------
Best OFV : 6305.0	CPU Time : 1.851 seconds (Processing time for the best solution)
Average OFV : 6379.300
Average CPU Time : 2.115
--------------------------------------------
HostNestNum = 15, P_a = 0.15
--------------------------------------------
Best OFV : 6305.0	CPU Time : 1.861 seconds (Processing time for the best solution)
Average OFV : 6330.400
Average CPU Time : 1.956
--------------------------------------------
HostNestNum = 15, P_a = 0.2
--------------------------------------------
Best OFV : 6305.0	CPU Time : 2.281 seconds (Processing time for the best solution)
Average OFV : 6350.800
Average CPU Time : 2.579
--------------------------------------------
HostNestNum = 15, P_a = 0.25
--------------------------------------------
Best OFV : 6305.0	CPU Time : 2.724 seconds (Processing time for the best solution)
Average OFV : 6305.000
Average CPU Time : 2.866
--------------------------------------------
HostNestNum = 15, P_a = 0.4
--------------------------------------------
Best OFV : 6305.0	CPU Time : 3.53 seconds (Processing time for the best solution)
Average OFV : 6305.000
Average CPU Time : 3.925
--------------------------------------------
HostNestNum = 15, P_a = 0.5
--------------------------------------------
Best OFV : 6305.0	CPU Time : 4.356 seconds (Processing time for the best solution)
Average OFV : 6360.000
Average CPU Time : 4.638
--------------------------------------------
HostNestNum = 20, P_a = 0.0
--------------------------------------------
Best OFV : 6305.0	CPU Time : 1.006 seconds (Processing time for the best solution)
Average OFV : 6327.900
Average CPU Time : 1.225
--------------------------------------------
HostNestNum = 20, P_a = 0.05
--------------------------------------------
Best OFV : 6305.0	CPU Time : 1.422 seconds (Processing time for the best solution)
Average OFV : 6361.600
Average CPU Time : 2.06
--------------------------------------------
HostNestNum = 20, P_a = 0.1
--------------------------------------------
Best OFV : 6305.0	CPU Time : 1.9 seconds (Processing time for the best solution)
Average OFV : 6357.000
Average CPU Time : 2.104
--------------------------------------------
HostNestNum = 20, P_a = 0.15
--------------------------------------------
Best OFV : 6305.0	CPU Time : 2.299 seconds (Processing time for the best solution)
Average OFV : 6350.800
Average CPU Time : 2.363
--------------------------------------------
HostNestNum = 20, P_a = 0.2
--------------------------------------------
Best OFV : 6305.0	CPU Time : 2.698 seconds (Processing time for the best solution)
Average OFV : 6353.900
Average CPU Time : 2.999
--------------------------------------------
HostNestNum = 20, P_a = 0.25
--------------------------------------------
Best OFV : 6305.0	CPU Time : 3.144 seconds (Processing time for the best solution)
Average OFV : 6356.400
Average CPU Time : 3.872
--------------------------------------------
HostNestNum = 20, P_a = 0.4
--------------------------------------------
Best OFV : 6305.0	CPU Time : 4.477 seconds (Processing time for the best solution)
Average OFV : 6382.400
Average CPU Time : 4.728
--------------------------------------------
HostNestNum = 20, P_a = 0.5
--------------------------------------------
Best OFV : 6305.0	CPU Time : 5.253 seconds (Processing time for the best solution)
Average OFV : 6327.900
Average CPU Time : 5.682
P15 summary

-- 2020-03-09 20:12 result data
--------------------------------------------
HostNestNum = 10, P_a = 0.25
--------------------------------------------
Best OFV : 6305.0	CPU Time : 8.753 seconds (Processing time for the best solution)
Average OFV : 6331.000
Average CPU Time : 10.568
--------------------------------------------
HostNestNum = 15, P_a = 0.25
--------------------------------------------
Best OFV : 6305.0	CPU Time : 12.707 seconds (Processing time for the best solution)
Average OFV : 6305.000
Average CPU Time : 13.425
--------------------------------------------
HostNestNum = 20, P_a = 0.25
--------------------------------------------
P15 summary

-- 2020-03-09 20:17 result data
--------------------------------------------
HostNestNum = 5, P_a = 0.0
--------------------------------------------
Best OFV : 6305.0	CPU Time : 3.986 seconds (Processing time for the best solution)
Average OFV : 6327.900
Average CPU Time : 5.846
--------------------------------------------
HostNestNum = 5, P_a = 0.25
--------------------------------------------
P15 summary

-- 2020-03-09 20:19 result data
--------------------------------------------
HostNestNum = 5, P_a = 0.0
--------------------------------------------
Best OFV : 6305.0	CPU Time : 1.13 seconds (Processing time for the best solution)
Average OFV : 6350.800
Average CPU Time : 1.668
--------------------------------------------
HostNestNum = 5, P_a = 0.25
--------------------------------------------
Best OFV : 6305.0	CPU Time : 2.029 seconds (Processing time for the best solution)
Average OFV : 6331.000
Average CPU Time : 2.813
--------------------------------------------
HostNestNum = 10, P_a = 0.0
--------------------------------------------
P15 summary

-- 2020-03-09 23:04 result data
--------------------------------------------
HostNestNum = 5, P_a = 0.0
--------------------------------------------
P15 summary

-- 2020-03-09 23:11 result data
--------------------------------------------
HostNestNum = 5, P_a = 0.0
--------------------------------------------
Best OFV : 6305.0	CPU Time : 1.339 seconds (Processing time for the best solution)
Average OFV : 6305.000
Average CPU Time : 14.882
--------------------------------------------
HostNestNum = 5, P_a = 0.25
--------------------------------------------
P15 summary

-- 2020-03-12 20:25 result data
--------------------------------------------
HostNestNum = 5, P_a = 0.2
--------------------------------------------
Best OFV : 6412.0	CPU Time : 17.33 seconds (Processing time for the best solution)
Average OFV : 6516.500
Average CPU Time : 11.794
--------------------------------------------
HostNestNum = 10, P_a = 0.2
--------------------------------------------
P15 summary

-- 2020-03-12 20:28 result data
--------------------------------------------
HostNestNum = 5, P_a = 0.0
--------------------------------------------
Best OFV : 8147.0	CPU Time : 8.962 seconds (Processing time for the best solution)
Average OFV : 9204.200
Average CPU Time : 8.329
--------------------------------------------
HostNestNum = 10, P_a = 0.0
--------------------------------------------
P15 summary

-- 2020-03-12 20:30 result data
--------------------------------------------
HostNestNum = 5, P_a = 0.0
--------------------------------------------
Best OFV : 7971.0	CPU Time : 2.009 seconds (Processing time for the best solution)
Average OFV : 8871.300
Average CPU Time : 2.191
--------------------------------------------
HostNestNum = 10, P_a = 0.0
--------------------------------------------
P15 summary

-- 2020-03-12 20:36 result data
--------------------------------------------
HostNestNum = 5, P_a = 0.0
--------------------------------------------
P15 summary

-- 2020-03-12 20:37 result data
--------------------------------------------
HostNestNum = 5, P_a = 0.0
--------------------------------------------
P15 summary

-- 2020-03-12 20:38 result data
--------------------------------------------
HostNestNum = 5, P_a = 0.0
--------------------------------------------
Best OFV : 8430.0	CPU Time : 1.26 seconds (Processing time for the best solution)
Average OFV : 9797.400
Average CPU Time : 2.153
--------------------------------------------
HostNestNum = 10, P_a = 0.0
--------------------------------------------
Best OFV : 7854.0	CPU Time : 1.974 seconds (Processing time for the best solution)
Average OFV : 8577.501
Average CPU Time : 2.609
--------------------------------------------
HostNestNum = 15, P_a = 0.0
--------------------------------------------
Best OFV : 7635.0	CPU Time : 2.553 seconds (Processing time for the best solution)
Average OFV : 8653.601
Average CPU Time : 1.919
--------------------------------------------
HostNestNum = 20, P_a = 0.0
--------------------------------------------
Best OFV : 7740.0	CPU Time : 2.6 seconds (Processing time for the best solution)
Average OFV : 8696.600
Average CPU Time : 1.953
P15 summary

-- 2020-03-13 01:36 result data
--------------------------------------------
HostNestNum = 5, P_a = 0.0
--------------------------------------------
