-- P15 result
--------------------------------------------
HostNestNum = 5, P_a = 0.25
--------------------------------------------
-- 2020-03-09 20:18 result data
-- P15 result
--------------------------------------------
HostNestNum = 5, P_a = 0.25
--------------------------------------------
-- 2020-03-09 20:20 result data
OFV: 6305.0	/ CPU: 4.808 seconds 	/ department sequence: [10, 15, 6, 5, 3, 4, 14, 12, 7, 13, 2, 8, 11, 9, 1]
OFV: 6305.0	/ CPU: 2.429 seconds 	/ department sequence: [10, 15, 6, 5, 3, 4, 14, 12, 7, 8, 11, 2, 13, 9, 1]
OFV: 6305.0	/ CPU: 3.103 seconds 	/ department sequence: [10, 15, 6, 5, 3, 4, 14, 12, 7, 13, 2, 8, 11, 9, 1]
OFV: 6305.0	/ CPU: 2.246 seconds 	/ department sequence: [10, 15, 6, 5, 3, 4, 14, 12, 7, 13, 2, 8, 11, 9, 1]
OFV: 6305.0	/ CPU: 2.029 seconds 	/ department sequence: [1, 9, 11, 8, 2, 13, 7, 12, 14, 4, 3, 5, 6, 15, 10]
OFV: 6305.0	/ CPU: 2.458 seconds 	/ department sequence: [10, 15, 6, 5, 3, 4, 14, 12, 7, 13, 2, 8, 11, 9, 1]
OFV: 6305.0	/ CPU: 2.406 seconds 	/ department sequence: [1, 9, 11, 8, 2, 13, 7, 12, 14, 4, 3, 5, 6, 15, 10]
OFV: 6305.0	/ CPU: 3.640 seconds 	/ department sequence: [10, 15, 6, 5, 3, 4, 14, 12, 7, 8, 11, 2, 13, 9, 1]
OFV: 6565.0	/ CPU: 2.245 seconds 	/ department sequence: [1, 3, 4, 2, 13, 14, 9, 11, 8, 12, 7, 5, 6, 15, 10]
OFV: 6305.0	/ CPU: 2.761 seconds 	/ department sequence: [1, 2, 13, 9, 11, 8, 7, 12, 14, 4, 3, 5, 6, 15, 10]
-- P15 result
--------------------------------------------
HostNestNum = 5, P_a = 0.25
--------------------------------------------
-- 2020-03-09 23:14 result data
