-- P15 result
--------------------------------------------
HostNestNum = 20, P_a = 0.2
--------------------------------------------
-- 2019-01-08 11:10 result data
OFV: 6305.0	/ CPU: 2.964 seconds 	/ department sequence: [10, 15, 6, 5, 3, 4, 14, 12, 7, 13, 2, 8, 11, 9, 1]
OFV: 6305.0	/ CPU: 4.511 seconds 	/ department sequence: [10, 15, 6, 5, 3, 4, 14, 12, 7, 13, 2, 8, 11, 9, 1]
OFV: 6305.0	/ CPU: 2.698 seconds 	/ department sequence: [1, 2, 13, 9, 11, 8, 7, 12, 14, 4, 3, 5, 6, 15, 10]
OFV: 6305.0	/ CPU: 2.929 seconds 	/ department sequence: [1, 9, 11, 8, 2, 13, 7, 12, 14, 4, 3, 5, 6, 15, 10]
OFV: 6565.0	/ CPU: 2.904 seconds 	/ department sequence: [10, 15, 6, 5, 7, 12, 8, 11, 9, 14, 13, 2, 4, 3, 1]
OFV: 6305.0	/ CPU: 2.741 seconds 	/ department sequence: [1, 9, 13, 2, 11, 8, 7, 12, 14, 4, 3, 5, 6, 15, 10]
OFV: 6534.0	/ CPU: 2.745 seconds 	/ department sequence: [9, 11, 8, 12, 7, 5, 13, 2, 14, 4, 3, 6, 15, 10, 1]
OFV: 6305.0	/ CPU: 2.871 seconds 	/ department sequence: [1, 9, 11, 8, 2, 13, 7, 12, 14, 4, 3, 5, 6, 15, 10]
OFV: 6305.0	/ CPU: 2.807 seconds 	/ department sequence: [10, 15, 6, 5, 3, 4, 14, 12, 7, 13, 2, 8, 11, 9, 1]
OFV: 6305.0	/ CPU: 2.823 seconds 	/ department sequence: [10, 15, 6, 5, 3, 4, 14, 12, 7, 13, 2, 8, 11, 9, 1]
-- P15 result
--------------------------------------------
HostNestNum = 20, P_a = 0.2
--------------------------------------------
-- 2020-03-17 11:16 result data
OFV: 6385.0	/ CPU: 1.959 seconds 	/ department sequence: [10, 15, 6, 5, 3, 4, 14, 12, 7, 13, 2, 8, 11, 9, 1]
OFV: 6305.0	/ CPU: 1.585 seconds 	/ department sequence: [1, 2, 13, 9, 11, 8, 7, 12, 14, 4, 3, 5, 6, 15, 10]
OFV: 6305.0	/ CPU: 1.725 seconds 	/ department sequence: [1, 2, 13, 9, 11, 8, 7, 12, 14, 4, 3, 5, 6, 15, 10]
OFV: 6305.0	/ CPU: 1.605 seconds 	/ department sequence: [1, 2, 13, 9, 11, 8, 7, 12, 14, 4, 3, 5, 6, 15, 10]
OFV: 6305.0	/ CPU: 1.708 seconds 	/ department sequence: [10, 15, 6, 5, 3, 4, 14, 12, 7, 8, 11, 9, 13, 2, 1]
OFV: 6305.0	/ CPU: 1.530 seconds 	/ department sequence: [10, 15, 6, 5, 3, 4, 14, 12, 7, 13, 2, 8, 11, 9, 1]
OFV: 6305.0	/ CPU: 1.484 seconds 	/ department sequence: [1, 9, 11, 8, 2, 13, 7, 12, 14, 4, 3, 5, 6, 15, 10]
OFV: 6307.0	/ CPU: 1.620 seconds 	/ department sequence: [1, 2, 13, 9, 11, 8, 7, 12, 14, 4, 3, 5, 6, 15, 10]
OFV: 6871.0	/ CPU: 1.456 seconds 	/ department sequence: [1, 2, 13, 4, 14, 3, 15, 6, 10, 5, 7, 12, 8, 11, 9]
OFV: 6305.0	/ CPU: 1.584 seconds 	/ department sequence: [10, 15, 6, 5, 3, 4, 14, 12, 7, 13, 2, 8, 11, 9, 1]
-- P15 result
--------------------------------------------
HostNestNum = 20, P_a = 0.2
--------------------------------------------
-- 2020-03-17 11:23 result data
OFV: 6305.0	/ CPU: 4.542 seconds 	/ department sequence: [1, 2, 13, 9, 11, 8, 7, 12, 14, 4, 3, 5, 6, 15, 10]
OFV: 6305.0	/ CPU: 4.364 seconds 	/ department sequence: [10, 15, 6, 5, 3, 4, 14, 12, 7, 8, 11, 2, 13, 9, 1]
OFV: 6305.0	/ CPU: 4.171 seconds 	/ department sequence: [10, 15, 6, 5, 3, 4, 14, 12, 7, 13, 2, 8, 11, 9, 1]
OFV: 6346.0	/ CPU: 4.211 seconds 	/ department sequence: [1, 9, 13, 2, 11, 8, 7, 12, 14, 4, 3, 5, 6, 15, 10]
OFV: 6305.0	/ CPU: 4.224 seconds 	/ department sequence: [10, 15, 6, 5, 3, 4, 14, 12, 7, 13, 2, 8, 11, 9, 1]
OFV: 6341.0	/ CPU: 4.070 seconds 	/ department sequence: [1, 9, 11, 8, 2, 13, 7, 12, 14, 4, 3, 5, 6, 15, 10]
OFV: 6336.0	/ CPU: 4.086 seconds 	/ department sequence: [1, 9, 11, 8, 2, 13, 7, 12, 14, 4, 3, 5, 6, 15, 10]
OFV: 6307.0	/ CPU: 4.167 seconds 	/ department sequence: [10, 15, 6, 5, 3, 4, 14, 12, 7, 13, 2, 8, 11, 9, 1]
OFV: 6305.0	/ CPU: 4.391 seconds 	/ department sequence: [1, 2, 13, 9, 11, 8, 7, 12, 14, 4, 3, 5, 6, 15, 10]
OFV: 6305.0	/ CPU: 4.241 seconds 	/ department sequence: [1, 9, 11, 8, 2, 13, 7, 12, 14, 4, 3, 5, 6, 15, 10]
-- P15 result
--------------------------------------------
HostNestNum = 20, P_a = 0.2
--------------------------------------------
-- 2020-03-17 11:26 result data
OFV: 6327.0	/ CPU: 4.435 seconds 	/ department sequence: [10, 15, 6, 5, 3, 4, 14, 12, 7, 8, 11, 9, 13, 2, 1]
OFV: 6305.0	/ CPU: 4.469 seconds 	/ department sequence: [10, 15, 6, 5, 3, 4, 14, 12, 7, 13, 2, 8, 11, 9, 1]
OFV: 6355.0	/ CPU: 4.392 seconds 	/ department sequence: [10, 15, 6, 5, 3, 4, 14, 12, 7, 8, 11, 2, 13, 9, 1]
-- P15 result
--------------------------------------------
HostNestNum = 20, P_a = 0.2
--------------------------------------------
-- 2020-03-17 17:40 result data
OFV: 6305.0	/ CPU: 24.430 seconds 	/ department sequence: [10, 15, 6, 5, 3, 4, 14, 12, 7, 8, 11, 2, 13, 9, 1]
OFV: 6305.0	/ CPU: 22.755 seconds 	/ department sequence: [1, 9, 11, 8, 2, 13, 7, 12, 14, 4, 3, 5, 6, 15, 10]
OFV: 6305.0	/ CPU: 23.774 seconds 	/ department sequence: [1, 9, 13, 2, 11, 8, 7, 12, 14, 4, 3, 5, 6, 15, 10]
OFV: 6305.0	/ CPU: 23.734 seconds 	/ department sequence: [1, 2, 13, 9, 11, 8, 7, 12, 14, 4, 3, 5, 6, 15, 10]
OFV: 6305.0	/ CPU: 26.367 seconds 	/ department sequence: [1, 9, 11, 8, 2, 13, 7, 12, 14, 4, 3, 5, 6, 15, 10]
OFV: 6305.0	/ CPU: 22.579 seconds 	/ department sequence: [10, 15, 6, 5, 3, 4, 14, 12, 7, 13, 2, 8, 11, 9, 1]
OFV: 6305.0	/ CPU: 23.746 seconds 	/ department sequence: [1, 9, 13, 2, 11, 8, 7, 12, 14, 4, 3, 5, 6, 15, 10]
OFV: 6305.0	/ CPU: 23.563 seconds 	/ department sequence: [1, 9, 13, 2, 11, 8, 7, 12, 14, 4, 3, 5, 6, 15, 10]
OFV: 6305.0	/ CPU: 23.395 seconds 	/ department sequence: [1, 9, 11, 8, 2, 13, 7, 12, 14, 4, 3, 5, 6, 15, 10]
OFV: 6305.0	/ CPU: 23.646 seconds 	/ department sequence: [10, 15, 6, 5, 3, 4, 14, 12, 7, 8, 11, 9, 13, 2, 1]
-- P15 result
--------------------------------------------
HostNestNum = 20, P_a = 0.2
--------------------------------------------
-- 2020-03-18 19:53 result data
OFV: 6305.0	/ CPU: 2.783 seconds 	/ department sequence: [1, 2, 13, 9, 11, 8, 7, 12, 14, 4, 3, 5, 6, 15, 10]
OFV: 6305.0	/ CPU: 2.583 seconds 	/ department sequence: [1, 9, 13, 2, 11, 8, 7, 12, 14, 4, 3, 5, 6, 15, 10]
OFV: 6307.0	/ CPU: 2.600 seconds 	/ department sequence: [1, 9, 13, 2, 11, 8, 7, 12, 14, 4, 3, 5, 6, 15, 10]
OFV: 6305.0	/ CPU: 2.457 seconds 	/ department sequence: [10, 15, 6, 5, 3, 4, 14, 12, 7, 8, 11, 2, 13, 9, 1]
OFV: 6305.0	/ CPU: 2.441 seconds 	/ department sequence: [1, 9, 11, 8, 2, 13, 7, 12, 14, 4, 3, 5, 6, 15, 10]
OFV: 6305.0	/ CPU: 2.438 seconds 	/ department sequence: [1, 9, 11, 8, 2, 13, 7, 12, 14, 4, 3, 5, 6, 15, 10]
OFV: 6305.0	/ CPU: 2.503 seconds 	/ department sequence: [1, 2, 13, 9, 11, 8, 7, 12, 14, 4, 3, 5, 6, 15, 10]
OFV: 6305.0	/ CPU: 2.643 seconds 	/ department sequence: [1, 9, 13, 2, 11, 8, 7, 12, 14, 4, 3, 5, 6, 15, 10]
OFV: 6305.0	/ CPU: 2.552 seconds 	/ department sequence: [1, 9, 13, 2, 11, 8, 7, 12, 14, 4, 3, 5, 6, 15, 10]
OFV: 6305.0	/ CPU: 2.550 seconds 	/ department sequence: [1, 9, 13, 2, 11, 8, 7, 12, 14, 4, 3, 5, 6, 15, 10]
