-- P15 result
--------------------------------------------
HostNestNum = 10, P_a = 0.25
--------------------------------------------
-- 2019-01-08 11:04 result data
OFV: 6305.0	/ CPU: 2.337 seconds 	/ department sequence: [10, 15, 6, 5, 3, 4, 14, 12, 7, 13, 2, 8, 11, 9, 1]
OFV: 6654.0	/ CPU: 2.411 seconds 	/ department sequence: [1, 10, 15, 6, 2, 13, 14, 4, 3, 5, 7, 12, 8, 11, 9]
OFV: 6305.0	/ CPU: 2.390 seconds 	/ department sequence: [10, 15, 6, 5, 3, 4, 14, 12, 7, 8, 11, 2, 13, 9, 1]
OFV: 6534.0	/ CPU: 2.321 seconds 	/ department sequence: [9, 11, 8, 12, 7, 5, 13, 14, 2, 4, 3, 6, 15, 10, 1]
OFV: 6305.0	/ CPU: 2.767 seconds 	/ department sequence: [1, 9, 13, 2, 11, 8, 7, 12, 14, 4, 3, 5, 6, 15, 10]
OFV: 6305.0	/ CPU: 2.450 seconds 	/ department sequence: [10, 15, 6, 5, 3, 4, 14, 12, 7, 8, 11, 2, 13, 9, 1]
OFV: 6305.0	/ CPU: 2.306 seconds 	/ department sequence: [1, 2, 13, 9, 11, 8, 7, 12, 14, 4, 3, 5, 6, 15, 10]
OFV: 6305.0	/ CPU: 2.547 seconds 	/ department sequence: [1, 9, 11, 8, 2, 13, 7, 12, 14, 4, 3, 5, 6, 15, 10]
OFV: 6305.0	/ CPU: 2.306 seconds 	/ department sequence: [10, 15, 6, 5, 3, 4, 14, 12, 7, 8, 11, 2, 13, 9, 1]
OFV: 6305.0	/ CPU: 2.610 seconds 	/ department sequence: [10, 15, 6, 5, 3, 4, 14, 12, 7, 13, 2, 8, 11, 9, 1]
-- P15 result
--------------------------------------------
HostNestNum = 10, P_a = 0.25
--------------------------------------------
-- 2020-03-09 20:12 result data
OFV: 6305.0	/ CPU: 10.465 seconds 	/ department sequence: [10, 15, 6, 5, 3, 4, 14, 12, 7, 8, 11, 2, 13, 9, 1]
OFV: 6305.0	/ CPU: 11.634 seconds 	/ department sequence: [10, 15, 6, 5, 3, 4, 14, 12, 7, 8, 11, 9, 13, 2, 1]
OFV: 6305.0	/ CPU: 9.177 seconds 	/ department sequence: [10, 15, 6, 5, 3, 4, 14, 12, 7, 8, 11, 2, 13, 9, 1]
OFV: 6305.0	/ CPU: 12.919 seconds 	/ department sequence: [10, 15, 6, 5, 3, 4, 14, 12, 7, 13, 2, 8, 11, 9, 1]
OFV: 6305.0	/ CPU: 9.477 seconds 	/ department sequence: [10, 15, 6, 5, 3, 4, 14, 12, 7, 13, 2, 8, 11, 9, 1]
OFV: 6305.0	/ CPU: 12.014 seconds 	/ department sequence: [10, 15, 6, 5, 3, 4, 14, 12, 7, 13, 2, 8, 11, 9, 1]
OFV: 6305.0	/ CPU: 10.340 seconds 	/ department sequence: [10, 15, 6, 5, 3, 4, 14, 12, 7, 13, 2, 8, 11, 9, 1]
OFV: 6565.0	/ CPU: 9.831 seconds 	/ department sequence: [10, 15, 6, 5, 7, 12, 8, 11, 9, 14, 13, 2, 4, 3, 1]
OFV: 6305.0	/ CPU: 11.068 seconds 	/ department sequence: [10, 15, 6, 5, 3, 4, 14, 12, 7, 13, 2, 8, 11, 9, 1]
OFV: 6305.0	/ CPU: 8.753 seconds 	/ department sequence: [1, 9, 11, 8, 2, 13, 7, 12, 14, 4, 3, 5, 6, 15, 10]
