Am12a summary

-- 2020-06-10 05:43 result data
--------------------------------------------
HostNestNum = 5, P_a = 0.0
--------------------------------------------
Best OFV : 1493.0	CPU Time : 1.238 seconds (Processing time for the best solution)
Average OFV : 1513.100
Average CPU Time : 1.537
--------------------------------------------
HostNestNum = 5, P_a = 0.0
--------------------------------------------
Best OFV : 1493.0	CPU Time : 1.221 seconds (Processing time for the best solution)
Average OFV : 1517.800
Average CPU Time : 1.55
--------------------------------------------
HostNestNum = 5, P_a = 0.0
--------------------------------------------
Best OFV : 1493.0	CPU Time : 1.322 seconds (Processing time for the best solution)
Average OFV : 1510.500
Average CPU Time : 1.472
--------------------------------------------
HostNestNum = 5, P_a = 0.0
--------------------------------------------
Best OFV : 1493.0	CPU Time : 1.403 seconds (Processing time for the best solution)
Average OFV : 1510.400
Average CPU Time : 1.461
--------------------------------------------
HostNestNum = 5, P_a = 0.0
--------------------------------------------
Best OFV : 1493.0	CPU Time : 1.3 seconds (Processing time for the best solution)
Average OFV : 1517.800
Average CPU Time : 1.562
--------------------------------------------
HostNestNum = 5, P_a = 0.0
--------------------------------------------
Best OFV : 1493.0	CPU Time : 1.298 seconds (Processing time for the best solution)
Average OFV : 1511.600
Average CPU Time : 1.48
--------------------------------------------
HostNestNum = 5, P_a = 0.0
--------------------------------------------
Best OFV : 1493.0	CPU Time : 1.167 seconds (Processing time for the best solution)
Average OFV : 1508.500
Average CPU Time : 1.365
--------------------------------------------
HostNestNum = 5, P_a = 0.25
--------------------------------------------
Best OFV : 1493.0	CPU Time : 2.108 seconds (Processing time for the best solution)
Average OFV : 1508.500
Average CPU Time : 3.048
--------------------------------------------
HostNestNum = 5, P_a = 0.25
--------------------------------------------
Best OFV : 1493.0	CPU Time : 2.946 seconds (Processing time for the best solution)
Average OFV : 1510.000
Average CPU Time : 2.988
--------------------------------------------
HostNestNum = 5, P_a = 0.25
--------------------------------------------
Best OFV : 1493.0	CPU Time : 3.683 seconds (Processing time for the best solution)
Average OFV : 1511.600
Average CPU Time : 3.973
--------------------------------------------
HostNestNum = 5, P_a = 0.25
--------------------------------------------
Best OFV : 1493.0	CPU Time : 4.338 seconds (Processing time for the best solution)
Average OFV : 1505.400
Average CPU Time : 4.642
--------------------------------------------
HostNestNum = 5, P_a = 0.25
--------------------------------------------
Best OFV : 1493.0	CPU Time : 2.103 seconds (Processing time for the best solution)
Average OFV : 1510.400
Average CPU Time : 2.916
--------------------------------------------
HostNestNum = 5, P_a = 0.25
--------------------------------------------
Best OFV : 1493.0	CPU Time : 2.406 seconds (Processing time for the best solution)
Average OFV : 1505.400
Average CPU Time : 2.929
--------------------------------------------
HostNestNum = 5, P_a = 0.25
--------------------------------------------
Best OFV : 1493.0	CPU Time : 3.426 seconds (Processing time for the best solution)
Average OFV : 1502.300
Average CPU Time : 4.049
--------------------------------------------
HostNestNum = 5, P_a = 0.25
--------------------------------------------
Best OFV : 1493.0	CPU Time : 4.686 seconds (Processing time for the best solution)
Average OFV : 1505.400
Average CPU Time : 4.859
--------------------------------------------
HostNestNum = 5, P_a = 0.25
--------------------------------------------
Best OFV : 1493.0	CPU Time : 2.251 seconds (Processing time for the best solution)
Average OFV : 1507.900
Average CPU Time : 2.831
--------------------------------------------
HostNestNum = 5, P_a = 0.25
--------------------------------------------
Best OFV : 1493.0	CPU Time : 2.158 seconds (Processing time for the best solution)
Average OFV : 1508.500
Average CPU Time : 3.046
--------------------------------------------
HostNestNum = 5, P_a = 0.25
--------------------------------------------
Best OFV : 1493.0	CPU Time : 3.195 seconds (Processing time for the best solution)
Average OFV : 1502.300
Average CPU Time : 4.229
--------------------------------------------
HostNestNum = 5, P_a = 0.25
--------------------------------------------
Best OFV : 1493.0	CPU Time : 4.461 seconds (Processing time for the best solution)
Average OFV : 1503.600
Average CPU Time : 5.443
--------------------------------------------
HostNestNum = 5, P_a = 0.25
--------------------------------------------
Best OFV : 1493.0	CPU Time : 2.259 seconds (Processing time for the best solution)
Average OFV : 1514.700
Average CPU Time : 2.71
--------------------------------------------
HostNestNum = 5, P_a = 0.25
--------------------------------------------
Best OFV : 1493.0	CPU Time : 2.296 seconds (Processing time for the best solution)
Average OFV : 1503.800
Average CPU Time : 2.994
--------------------------------------------
HostNestNum = 5, P_a = 0.25
--------------------------------------------
Best OFV : 1493.0	CPU Time : 3.667 seconds (Processing time for the best solution)
Average OFV : 1504.100
Average CPU Time : 3.953
--------------------------------------------
HostNestNum = 5, P_a = 0.25
--------------------------------------------
Best OFV : 1493.0	CPU Time : 4.484 seconds (Processing time for the best solution)
Average OFV : 1505.400
Average CPU Time : 5.699
--------------------------------------------
HostNestNum = 5, P_a = 0.25
--------------------------------------------
Best OFV : 1493.0	CPU Time : 2.35 seconds (Processing time for the best solution)
Average OFV : 1506.900
Average CPU Time : 2.765
--------------------------------------------
HostNestNum = 5, P_a = 0.25
--------------------------------------------
Best OFV : 1493.0	CPU Time : 2.435 seconds (Processing time for the best solution)
Average OFV : 1505.400
Average CPU Time : 2.843
--------------------------------------------
HostNestNum = 5, P_a = 0.25
--------------------------------------------
Best OFV : 1493.0	CPU Time : 3.275 seconds (Processing time for the best solution)
Average OFV : 1508.500
Average CPU Time : 4.023
--------------------------------------------
HostNestNum = 5, P_a = 0.25
--------------------------------------------
Best OFV : 1493.0	CPU Time : 5.296 seconds (Processing time for the best solution)
Average OFV : 1520.900
Average CPU Time : 4.897
--------------------------------------------
HostNestNum = 5, P_a = 0.25
--------------------------------------------
Best OFV : 1493.0	CPU Time : 2.661 seconds (Processing time for the best solution)
Average OFV : 1512.450
Average CPU Time : 2.592
--------------------------------------------
HostNestNum = 5, P_a = 0.25
--------------------------------------------
Best OFV : 1493.0	CPU Time : 2.364 seconds (Processing time for the best solution)
Average OFV : 1507.200
Average CPU Time : 2.861
--------------------------------------------
HostNestNum = 5, P_a = 0.25
--------------------------------------------
Best OFV : 1493.0	CPU Time : 3.447 seconds (Processing time for the best solution)
Average OFV : 1513.100
Average CPU Time : 3.694
--------------------------------------------
HostNestNum = 5, P_a = 0.25
--------------------------------------------
Best OFV : 1493.0	CPU Time : 4.768 seconds (Processing time for the best solution)
Average OFV : 1517.800
Average CPU Time : 4.885
--------------------------------------------
HostNestNum = 5, P_a = 0.25
--------------------------------------------
Best OFV : 1493.0	CPU Time : 2.251 seconds (Processing time for the best solution)
Average OFV : 1510.150
Average CPU Time : 2.602
--------------------------------------------
HostNestNum = 5, P_a = 0.25
--------------------------------------------
Best OFV : 1493.0	CPU Time : 2.31 seconds (Processing time for the best solution)
Average OFV : 1516.200
Average CPU Time : 2.633
--------------------------------------------
HostNestNum = 5, P_a = 0.25
--------------------------------------------
Best OFV : 1493.0	CPU Time : 3.342 seconds (Processing time for the best solution)
Average OFV : 1508.500
Average CPU Time : 3.802
--------------------------------------------
HostNestNum = 5, P_a = 0.25
--------------------------------------------
Best OFV : 1493.0	CPU Time : 4.372 seconds (Processing time for the best solution)
Average OFV : 1508.500
Average CPU Time : 5.066
Am12a summary

-- 2020-06-10 16:48 result data
--------------------------------------------
HostNestNum = 5, P_a = 0.0
--------------------------------------------
Best OFV : 1493.0	CPU Time : 1.419 seconds (Processing time for the best solution)
Average OFV : 1508.500
Average CPU Time : 1.911
--------------------------------------------
HostNestNum = 5, P_a = 0.25
--------------------------------------------
Best OFV : 1493.0	CPU Time : 2.479 seconds (Processing time for the best solution)
Average OFV : 1508.500
Average CPU Time : 3.219
--------------------------------------------
HostNestNum = 5, P_a = 0.25
--------------------------------------------
Best OFV : 1493.0	CPU Time : 2.326 seconds (Processing time for the best solution)
Average OFV : 1509.200
Average CPU Time : 2.801
--------------------------------------------
HostNestNum = 5, P_a = 0.25
--------------------------------------------
Best OFV : 1493.0	CPU Time : 4.16 seconds (Processing time for the best solution)
Average OFV : 1502.300
Average CPU Time : 5.39
--------------------------------------------
HostNestNum = 5, P_a = 0.25
--------------------------------------------
Best OFV : 1493.0	CPU Time : 4.581 seconds (Processing time for the best solution)
Average OFV : 1502.300
Average CPU Time : 5.202
Am12a summary

-- 2020-06-10 23:12 result data
--------------------------------------------
HostNestNum = 5, P_a = 0.0
--------------------------------------------
Best OFV : 1493.0	CPU Time : 1.708 seconds (Processing time for the best solution)
Average OFV : 1511.600
Average CPU Time : 2.067
--------------------------------------------
HostNestNum = 5, P_a = 0.25
--------------------------------------------
Best OFV : 1493.0	CPU Time : 3.009 seconds (Processing time for the best solution)
Average OFV : 1504.000
Average CPU Time : 3.308
--------------------------------------------
HostNestNum = 5, P_a = 0.25
--------------------------------------------
Best OFV : 1493.0	CPU Time : 2.378 seconds (Processing time for the best solution)
Average OFV : 1502.700
Average CPU Time : 2.928
--------------------------------------------
HostNestNum = 5, P_a = 0.25
--------------------------------------------
Best OFV : 1493.0	CPU Time : 3.687 seconds (Processing time for the best solution)
Average OFV : 1511.600
Average CPU Time : 3.931
--------------------------------------------
HostNestNum = 5, P_a = 0.25
--------------------------------------------
Best OFV : 1493.0	CPU Time : 4.962 seconds (Processing time for the best solution)
Average OFV : 1511.600
Average CPU Time : 4.843
