-- Am12a result
--------------------------------------------
HostNestNum = 5, P_a = 0.0
--------------------------------------------
-- 2020-06-10 05:43 result data
OFV: 1524.0	/ CPU: 2.391 seconds 	/ department sequence: [7, 3, 12, 11, 10, 2, 6, 5, 8, 4, 9, 1]
OFV: 1524.0	/ CPU: 1.311 seconds 	/ department sequence: [7, 3, 12, 11, 10, 2, 6, 5, 8, 4, 9, 1]
OFV: 1524.0	/ CPU: 1.392 seconds 	/ department sequence: [3, 7, 12, 11, 10, 2, 6, 5, 8, 9, 4, 1]
OFV: 1493.0	/ CPU: 1.505 seconds 	/ department sequence: [8, 9, 5, 6, 4, 10, 2, 3, 11, 12, 1, 7]
OFV: 1539.0	/ CPU: 1.115 seconds 	/ department sequence: [7, 3, 12, 11, 10, 2, 6, 5, 8, 4, 9, 1]
OFV: 1524.0	/ CPU: 1.366 seconds 	/ department sequence: [7, 3, 12, 11, 10, 2, 6, 5, 8, 4, 9, 1]
OFV: 1493.0	/ CPU: 1.990 seconds 	/ department sequence: [9, 8, 5, 6, 10, 4, 2, 11, 3, 12, 1, 7]
OFV: 1493.0	/ CPU: 1.420 seconds 	/ department sequence: [9, 8, 5, 6, 10, 4, 2, 11, 3, 12, 1, 7]
OFV: 1493.0	/ CPU: 1.238 seconds 	/ department sequence: [9, 8, 5, 6, 10, 4, 2, 11, 3, 12, 1, 7]
OFV: 1524.0	/ CPU: 1.641 seconds 	/ department sequence: [7, 3, 12, 11, 10, 2, 6, 5, 8, 4, 9, 1]
-- Am12a result
--------------------------------------------
HostNestNum = 5, P_a = 0.0
--------------------------------------------
-- 2020-06-10 05:43 result data
OFV: 1493.0	/ CPU: 1.800 seconds 	/ department sequence: [9, 8, 5, 6, 10, 4, 2, 11, 3, 12, 1, 7]
OFV: 1524.0	/ CPU: 1.395 seconds 	/ department sequence: [7, 3, 12, 11, 10, 2, 6, 5, 8, 4, 9, 1]
OFV: 1524.0	/ CPU: 1.833 seconds 	/ department sequence: [7, 3, 12, 10, 11, 2, 6, 5, 8, 4, 9, 1]
OFV: 1493.0	/ CPU: 1.221 seconds 	/ department sequence: [9, 8, 5, 6, 10, 4, 2, 11, 3, 12, 1, 7]
OFV: 1524.0	/ CPU: 1.675 seconds 	/ department sequence: [7, 3, 12, 11, 10, 2, 6, 5, 8, 4, 9, 1]
OFV: 1524.0	/ CPU: 1.335 seconds 	/ department sequence: [7, 3, 12, 11, 10, 2, 6, 5, 8, 4, 9, 1]
OFV: 1524.0	/ CPU: 1.400 seconds 	/ department sequence: [7, 3, 12, 11, 10, 2, 6, 5, 8, 4, 9, 1]
OFV: 1524.0	/ CPU: 1.490 seconds 	/ department sequence: [3, 7, 12, 11, 10, 2, 6, 5, 8, 9, 4, 1]
OFV: 1524.0	/ CPU: 1.216 seconds 	/ department sequence: [3, 7, 12, 11, 10, 2, 6, 5, 8, 9, 4, 1]
OFV: 1524.0	/ CPU: 2.133 seconds 	/ department sequence: [7, 3, 12, 11, 10, 2, 6, 5, 8, 4, 9, 1]
-- Am12a result
--------------------------------------------
HostNestNum = 5, P_a = 0.0
--------------------------------------------
-- 2020-06-10 05:44 result data
OFV: 1524.0	/ CPU: 1.342 seconds 	/ department sequence: [3, 7, 12, 11, 10, 2, 6, 5, 8, 9, 4, 1]
OFV: 1524.0	/ CPU: 1.202 seconds 	/ department sequence: [7, 3, 12, 11, 10, 2, 6, 5, 8, 4, 9, 1]
OFV: 1493.0	/ CPU: 1.471 seconds 	/ department sequence: [9, 8, 5, 6, 10, 4, 2, 11, 3, 12, 1, 7]
OFV: 1493.0	/ CPU: 2.136 seconds 	/ department sequence: [9, 8, 5, 6, 10, 4, 2, 11, 3, 12, 1, 7]
OFV: 1493.0	/ CPU: 1.659 seconds 	/ department sequence: [9, 8, 5, 6, 10, 4, 2, 11, 3, 12, 1, 7]
OFV: 1547.0	/ CPU: 1.621 seconds 	/ department sequence: [7, 3, 12, 2, 5, 4, 6, 8, 10, 11, 9, 1]
OFV: 1506.0	/ CPU: 1.331 seconds 	/ department sequence: [8, 9, 5, 6, 4, 10, 11, 2, 12, 3, 1, 7]
OFV: 1539.0	/ CPU: 1.162 seconds 	/ department sequence: [7, 3, 12, 11, 10, 2, 6, 5, 8, 4, 9, 1]
OFV: 1493.0	/ CPU: 1.322 seconds 	/ department sequence: [8, 9, 5, 6, 4, 10, 2, 3, 11, 12, 1, 7]
OFV: 1493.0	/ CPU: 1.475 seconds 	/ department sequence: [9, 8, 5, 6, 10, 4, 2, 11, 3, 12, 1, 7]
-- Am12a result
--------------------------------------------
HostNestNum = 5, P_a = 0.0
--------------------------------------------
-- 2020-06-10 05:44 result data
OFV: 1493.0	/ CPU: 1.403 seconds 	/ department sequence: [9, 8, 5, 6, 10, 4, 2, 11, 3, 12, 1, 7]
OFV: 1493.0	/ CPU: 1.506 seconds 	/ department sequence: [9, 8, 5, 6, 10, 4, 2, 11, 3, 12, 1, 7]
OFV: 1493.0	/ CPU: 1.590 seconds 	/ department sequence: [9, 8, 5, 6, 10, 4, 2, 11, 3, 12, 1, 7]
OFV: 1524.0	/ CPU: 1.357 seconds 	/ department sequence: [7, 3, 12, 10, 11, 2, 6, 5, 8, 4, 9, 1]
OFV: 1539.0	/ CPU: 1.225 seconds 	/ department sequence: [7, 3, 12, 11, 10, 2, 6, 5, 8, 4, 9, 1]
OFV: 1524.0	/ CPU: 1.443 seconds 	/ department sequence: [7, 3, 12, 11, 10, 2, 6, 5, 8, 4, 9, 1]
OFV: 1497.0	/ CPU: 1.965 seconds 	/ department sequence: [9, 8, 6, 10, 5, 11, 4, 2, 12, 3, 1, 7]
OFV: 1524.0	/ CPU: 1.271 seconds 	/ department sequence: [7, 3, 12, 11, 10, 2, 6, 5, 8, 4, 9, 1]
OFV: 1524.0	/ CPU: 1.272 seconds 	/ department sequence: [7, 3, 12, 10, 11, 2, 6, 5, 8, 4, 9, 1]
OFV: 1493.0	/ CPU: 1.580 seconds 	/ department sequence: [9, 8, 5, 6, 10, 4, 2, 11, 3, 12, 1, 7]
-- Am12a result
--------------------------------------------
HostNestNum = 5, P_a = 0.0
--------------------------------------------
-- 2020-06-10 05:44 result data
OFV: 1524.0	/ CPU: 1.325 seconds 	/ department sequence: [7, 3, 12, 10, 11, 2, 6, 5, 8, 4, 9, 1]
OFV: 1493.0	/ CPU: 1.801 seconds 	/ department sequence: [9, 8, 5, 6, 10, 4, 2, 11, 3, 12, 1, 7]
OFV: 1493.0	/ CPU: 1.300 seconds 	/ department sequence: [9, 8, 5, 6, 10, 4, 2, 11, 3, 12, 1, 7]
OFV: 1524.0	/ CPU: 1.346 seconds 	/ department sequence: [7, 3, 12, 11, 10, 2, 6, 5, 8, 4, 9, 1]
OFV: 1524.0	/ CPU: 1.695 seconds 	/ department sequence: [7, 3, 12, 11, 10, 2, 6, 5, 8, 4, 9, 1]
OFV: 1524.0	/ CPU: 1.530 seconds 	/ department sequence: [7, 3, 12, 10, 11, 2, 6, 5, 8, 4, 9, 1]
OFV: 1524.0	/ CPU: 1.602 seconds 	/ department sequence: [7, 3, 12, 11, 10, 2, 6, 5, 8, 4, 9, 1]
OFV: 1524.0	/ CPU: 1.372 seconds 	/ department sequence: [7, 3, 12, 11, 10, 2, 6, 5, 8, 4, 9, 1]
OFV: 1524.0	/ CPU: 1.336 seconds 	/ department sequence: [3, 7, 12, 11, 10, 2, 6, 5, 8, 9, 4, 1]
OFV: 1524.0	/ CPU: 2.310 seconds 	/ department sequence: [7, 3, 12, 11, 10, 2, 6, 5, 8, 4, 9, 1]
-- Am12a result
--------------------------------------------
HostNestNum = 5, P_a = 0.0
--------------------------------------------
-- 2020-06-10 05:44 result data
OFV: 1524.0	/ CPU: 1.266 seconds 	/ department sequence: [7, 3, 12, 10, 11, 2, 6, 5, 8, 4, 9, 1]
OFV: 1524.0	/ CPU: 1.784 seconds 	/ department sequence: [7, 3, 12, 11, 10, 2, 6, 5, 8, 4, 9, 1]
OFV: 1493.0	/ CPU: 1.515 seconds 	/ department sequence: [9, 8, 5, 6, 10, 4, 2, 11, 3, 12, 1, 7]
OFV: 1524.0	/ CPU: 1.928 seconds 	/ department sequence: [7, 3, 12, 11, 10, 2, 6, 5, 8, 4, 9, 1]
OFV: 1493.0	/ CPU: 1.673 seconds 	/ department sequence: [9, 8, 5, 6, 10, 4, 2, 11, 3, 12, 1, 7]
OFV: 1493.0	/ CPU: 1.298 seconds 	/ department sequence: [9, 8, 5, 6, 10, 4, 2, 11, 3, 12, 1, 7]
OFV: 1524.0	/ CPU: 1.221 seconds 	/ department sequence: [7, 3, 12, 11, 10, 2, 6, 5, 8, 4, 9, 1]
OFV: 1524.0	/ CPU: 1.606 seconds 	/ department sequence: [3, 7, 12, 11, 10, 2, 6, 5, 8, 9, 4, 1]
OFV: 1524.0	/ CPU: 1.204 seconds 	/ department sequence: [7, 3, 12, 10, 11, 2, 6, 5, 8, 4, 9, 1]
OFV: 1493.0	/ CPU: 1.302 seconds 	/ department sequence: [9, 8, 5, 6, 10, 4, 2, 11, 3, 12, 1, 7]
-- Am12a result
--------------------------------------------
HostNestNum = 5, P_a = 0.0
--------------------------------------------
-- 2020-06-10 05:45 result data
OFV: 1493.0	/ CPU: 1.167 seconds 	/ department sequence: [9, 8, 5, 6, 10, 4, 2, 11, 3, 12, 1, 7]
OFV: 1524.0	/ CPU: 1.196 seconds 	/ department sequence: [7, 3, 12, 11, 10, 2, 6, 5, 8, 4, 9, 1]
OFV: 1493.0	/ CPU: 1.262 seconds 	/ department sequence: [9, 8, 5, 6, 10, 4, 2, 11, 3, 12, 1, 7]
OFV: 1524.0	/ CPU: 1.559 seconds 	/ department sequence: [7, 3, 12, 11, 10, 2, 6, 5, 8, 4, 9, 1]
OFV: 1524.0	/ CPU: 1.163 seconds 	/ department sequence: [3, 7, 12, 11, 10, 2, 6, 5, 8, 9, 4, 1]
OFV: 1493.0	/ CPU: 1.257 seconds 	/ department sequence: [9, 8, 5, 6, 10, 4, 2, 11, 3, 12, 1, 7]
OFV: 1524.0	/ CPU: 1.462 seconds 	/ department sequence: [7, 3, 12, 10, 11, 2, 6, 5, 8, 4, 9, 1]
OFV: 1524.0	/ CPU: 1.367 seconds 	/ department sequence: [7, 3, 12, 11, 10, 2, 6, 5, 8, 4, 9, 1]
OFV: 1493.0	/ CPU: 1.807 seconds 	/ department sequence: [9, 8, 5, 6, 10, 4, 2, 11, 3, 12, 1, 7]
OFV: 1493.0	/ CPU: 1.407 seconds 	/ department sequence: [9, 8, 5, 6, 10, 4, 2, 11, 3, 12, 1, 7]
-- Am12a result
--------------------------------------------
HostNestNum = 5, P_a = 0.0
--------------------------------------------
-- 2020-06-10 16:48 result data
OFV: 1493.0	/ CPU: 3.075 seconds 	/ department sequence: [9, 8, 5, 6, 10, 4, 2, 11, 3, 12, 1, 7]
OFV: 1524.0	/ CPU: 1.852 seconds 	/ department sequence: [7, 3, 12, 11, 10, 2, 6, 5, 8, 4, 9, 1]
OFV: 1493.0	/ CPU: 2.653 seconds 	/ department sequence: [9, 8, 5, 6, 10, 4, 2, 11, 3, 12, 1, 7]
OFV: 1524.0	/ CPU: 1.384 seconds 	/ department sequence: [7, 3, 12, 11, 10, 2, 6, 5, 8, 4, 9, 1]
OFV: 1493.0	/ CPU: 1.724 seconds 	/ department sequence: [9, 8, 5, 6, 10, 4, 2, 11, 3, 12, 1, 7]
OFV: 1524.0	/ CPU: 1.877 seconds 	/ department sequence: [7, 3, 12, 11, 10, 2, 6, 5, 8, 4, 9, 1]
OFV: 1493.0	/ CPU: 1.419 seconds 	/ department sequence: [9, 8, 5, 6, 10, 4, 2, 11, 3, 12, 1, 7]
OFV: 1493.0	/ CPU: 1.489 seconds 	/ department sequence: [9, 8, 5, 6, 10, 4, 2, 11, 3, 12, 1, 7]
OFV: 1524.0	/ CPU: 1.463 seconds 	/ department sequence: [7, 3, 12, 11, 10, 2, 6, 5, 8, 4, 9, 1]
OFV: 1524.0	/ CPU: 2.177 seconds 	/ department sequence: [3, 7, 12, 10, 11, 6, 2, 8, 5, 4, 9, 1]
-- Am12a result
--------------------------------------------
HostNestNum = 5, P_a = 0.0
--------------------------------------------
-- 2020-06-10 23:12 result data
OFV: 1493.0	/ CPU: 4.316 seconds 	/ department sequence: [9, 8, 5, 6, 10, 4, 2, 11, 3, 12, 1, 7]
OFV: 1524.0	/ CPU: 1.797 seconds 	/ department sequence: [7, 3, 12, 11, 10, 2, 6, 5, 8, 4, 9, 1]
OFV: 1524.0	/ CPU: 1.934 seconds 	/ department sequence: [3, 7, 12, 10, 11, 6, 2, 8, 5, 4, 9, 1]
OFV: 1493.0	/ CPU: 2.860 seconds 	/ department sequence: [9, 8, 5, 6, 10, 4, 2, 11, 3, 12, 1, 7]
OFV: 1524.0	/ CPU: 1.631 seconds 	/ department sequence: [3, 7, 12, 11, 10, 2, 6, 5, 8, 9, 4, 1]
OFV: 1524.0	/ CPU: 1.549 seconds 	/ department sequence: [7, 3, 12, 11, 10, 2, 6, 5, 8, 4, 9, 1]
OFV: 1493.0	/ CPU: 2.014 seconds 	/ department sequence: [9, 8, 5, 6, 10, 4, 2, 11, 3, 12, 1, 7]
OFV: 1493.0	/ CPU: 1.708 seconds 	/ department sequence: [9, 8, 5, 6, 10, 4, 2, 11, 3, 12, 1, 7]
OFV: 1524.0	/ CPU: 1.306 seconds 	/ department sequence: [7, 3, 12, 11, 10, 2, 6, 5, 8, 4, 9, 1]
OFV: 1524.0	/ CPU: 1.553 seconds 	/ department sequence: [7, 3, 12, 11, 10, 2, 6, 5, 8, 4, 9, 1]
