-- HA9 result
--------------------------------------------
HostNestNum = 5, P_a = 0.0
--------------------------------------------
-- 2020-03-06 14:01 result data
OFV: 486.5	/ CPU: 8.914 seconds 	/ department sequence: [9, 1, 7, |13, 12, 11, 10, 4, 6, 5, 8, 2, 3]	cutting order: 3
OFV: 492.5	/ CPU: 9.877 seconds 	/ department sequence: [1, 6, 4, 3, 13, 11, 10, 12, 2, 8, 5, 9, 7]	cutting order: 8
OFV: 510.5	/ CPU: 4.491 seconds 	/ department sequence: [12, 11, 1, 5, 6, 4, 10, 3, 7, 2, 8, 9, 13]	cutting order: 7
OFV: 503.0	/ CPU: 3.934 seconds 	/ department sequence: [9, 2, 3, 4, 11, 12, 10, 13, 6, 5, 8, 7, 1]	cutting order: 7
OFV: 493.5	/ CPU: 5.727 seconds 	/ department sequence: [3, 4, 6, 5, 8, 2, 13, 12, 11, 7, 9, 1, 10]	cutting order: 7
OFV: 509.5	/ CPU: 4.027 seconds 	/ department sequence: [9, 2, 7, 4, 3, 12, 10, 13, 11, 6, 5, 8, 1]	cutting order: 5
OFV: 505.0	/ CPU: 4.253 seconds 	/ department sequence: [1, 8, 5, 6, 11, 13, 12, 10, 4, 3, 7, 2, 9]	cutting order: 5
OFV: 495.5	/ CPU: 3.925 seconds 	/ department sequence: [3, 4, 6, 5, 1, 13, 12, 11, 10, 7, 9, 8, 2]	cutting order: 7
OFV: 486.5	/ CPU: 3.792 seconds 	/ department sequence: [3, 2, 8, 5, 6, 4,| 12, 11, 7, 1, 9, 10, 13]	cutting order: 6
OFV: 505.0	/ CPU: 4.048 seconds 	/ department sequence: [11, 10, 13, 4, 3, 7, 2, 9, 12, 1, 8, 5, 6]	cutting order: 9
-- HA9 result
--------------------------------------------
HostNestNum = 5, P_a = 0.0
--------------------------------------------
-- 2020-03-06 14:46 result data
OFV: 493.5	/ CPU: 7.285 seconds 	/ department sequence: [3, 4, 6, 5, 8, 2, 10, 11, 7, 9, 1]	cutting order: 6
OFV: 507.5	/ CPU: 3.490 seconds 	/ department sequence: [3, 9, 2, 4, 10, 11, 7, 6, 5, 8, 1]	cutting order: 4
OFV: 497.5	/ CPU: 2.893 seconds 	/ department sequence: [3, 2, 9, 4, 10, 11, 7, 8, 6, 5, 1]	cutting order: 4
OFV: 507.5	/ CPU: 3.024 seconds 	/ department sequence: [3, 9, 2, 4, 11, 10, 7, 6, 5, 8, 1]	cutting order: 4
OFV: 495.5	/ CPU: 4.649 seconds 	/ department sequence: [9, 5, 8, 2, 7, 10, 11, 4, 6, 1, 3]	cutting order: 5
OFV: 492.5	/ CPU: 6.303 seconds 	/ department sequence: [11, 10, 7, 9, 5, 8, 2, 3, 4, 6, 1]	cutting order: 7
OFV: 532.0	/ CPU: 3.024 seconds 	/ department sequence: [11, 3, 4, 7, 9, 2, 10, 1, 5, 6, 8]	cutting order: 7
OFV: 496.0	/ CPU: 3.171 seconds 	/ department sequence: [9, 5, 8, 2, 7, 10, 4, 6, 1, 3, 11]	cutting order: 5
OFV: 509.5	/ CPU: 4.025 seconds 	/ department sequence: [1, 8, 5, 6, 10, 11, 3, 4, 7, 2, 9]	cutting order: 4
OFV: 486.5	/ CPU: 3.870 seconds 	/ department sequence: [10, 11, 7, 1, 9, 3, 2, 8, 5, 6, 4]	cutting order: 5
-- HA9 result
--------------------------------------------
HostNestNum = 5, P_a = 0.0
--------------------------------------------
-- 2020-03-08 18:29 result data
OFV: 492.5	/ CPU: 6.102 seconds 	/ department sequence: [1, 2, 8, 5, 9, 6, 4, 3, 7, 10]	upper(t) or lower(f): false
OFV: 492.5	/ CPU: 5.527 seconds 	/ department sequence: [3, 10, 7, 9, 4, 6, 1, 5, 8, 2]	upper(t) or lower(f): true
OFV: 486.5	/ CPU: 2.874 seconds 	/ department sequence: [3, 10, 7, 1, 2, 8, 5, 6, 9, 4]	upper(t) or lower(f): false
OFV: 492.5	/ CPU: 6.981 seconds 	/ department sequence: [3, 10, 7, 9, 4, 6, 1, 5, 8, 2]	upper(t) or lower(f): false
OFV: 495.5	/ CPU: 2.376 seconds 	/ department sequence: [9, 10, 4, 6, 1, 5, 8, 2, 7, 3]	upper(t) or lower(f): true
OFV: 486.5	/ CPU: 2.668 seconds 	/ department sequence: [3, 10, 7, 1, 2, 8, 5, 6, 9, 4]	upper(t) or lower(f): true
OFV: 509.5	/ CPU: 4.060 seconds 	/ department sequence: [1, 10, 3, 4, 7, 2, 8, 9, 5, 6]	upper(t) or lower(f): true
OFV: 505.5	/ CPU: 2.228 seconds 	/ department sequence: [10, 9, 6, 5, 8, 2, 7, 3, 1, 4]	upper(t) or lower(f): true
OFV: 486.5	/ CPU: 4.008 seconds 	/ department sequence: [10, 3, 7, 1, 2, 8, 5, 9, 6, 4]	upper(t) or lower(f): true
OFV: 495.5	/ CPU: 2.882 seconds 	/ department sequence: [10, 9, 4, 6, 1, 5, 8, 2, 7, 3]	upper(t) or lower(f): true
-- HA9 result
--------------------------------------------
HostNestNum = 5, P_a = 0.0
--------------------------------------------
-- 2020-03-08 18:32 result data
OFV: 492.5	/ CPU: 5.225 seconds 	/ department sequence: [3, 11, 7, 9, 4, 6, 1, 5, 8, 2, 12, 10]	upper(t) or lower(f): false
OFV: 505.5	/ CPU: 3.737 seconds 	/ department sequence: [11, 10, 12, 9, 6, 5, 8, 2, 7, 3, 1, 4]	upper(t) or lower(f): false
OFV: 486.5	/ CPU: 4.199 seconds 	/ department sequence: [3, 12, 7, 1, 2, 8, 5, 9, 6, 4, 11, 10]	upper(t) or lower(f): true
OFV: 505.5	/ CPU: 6.081 seconds 	/ department sequence: [11, 10, 9, 12, 6, 5, 8, 2, 7, 3, 1, 4]	upper(t) or lower(f): false
OFV: 492.5	/ CPU: 4.373 seconds 	/ department sequence: [2, 1, 8, 5, 9, 6, 4, 3, 7, 10, 12, 11]	upper(t) or lower(f): false
OFV: 510.5	/ CPU: 3.806 seconds 	/ department sequence: [11, 10, 12, 9, 4, 6, 3, 7, 1, 5, 8, 2]	upper(t) or lower(f): true
OFV: 492.5	/ CPU: 3.904 seconds 	/ department sequence: [12, 10, 11, 3, 7, 9, 4, 6, 1, 5, 8, 2]	upper(t) or lower(f): false
OFV: 509.5	/ CPU: 4.191 seconds 	/ department sequence: [12, 10, 1, 11, 3, 4, 7, 2, 8, 9, 5, 6]	upper(t) or lower(f): false
OFV: 492.5	/ CPU: 5.640 seconds 	/ department sequence: [3, 11, 7, 9, 4, 6, 1, 5, 8, 2, 12, 10]	upper(t) or lower(f): true
OFV: 486.5	/ CPU: 5.194 seconds 	/ department sequence: [10, 9, 11, 4, 6, 1, 5, 8, 2, 3, 7, 12]	upper(t) or lower(f): true
-- HA9 result
--------------------------------------------
HostNestNum = 5, P_a = 0.0
--------------------------------------------
-- 2020-03-08 18:39 result data
OFV: 492.5	/ CPU: 4.025 seconds 	/ department sequence: [10, 3, 7, 9, 4, 6, 1, 5, 8, 2]	upper(t) or lower(f): false
OFV: 486.5	/ CPU: 2.353 seconds 	/ department sequence: [3, 10, 7, 1, 2, 8, 5, 9, 6, 4]	upper(t) or lower(f): false
OFV: 486.5	/ CPU: 2.730 seconds 	/ department sequence: [3, 10, 7, 1, 2, 8, 5, 9, 6, 4]	upper(t) or lower(f): false
OFV: 486.5	/ CPU: 3.033 seconds 	/ department sequence: [3, 10, 7, 1, 2, 8, 5, 9, 6, 4]	upper(t) or lower(f): true
OFV: 492.5	/ CPU: 2.553 seconds 	/ department sequence: [1, 2, 8, 5, 9, 6, 4, 3, 7, 10]	upper(t) or lower(f): false
OFV: 492.5	/ CPU: 2.517 seconds 	/ department sequence: [3, 10, 7, 9, 4, 6, 1, 5, 8, 2]	upper(t) or lower(f): false
OFV: 505.5	/ CPU: 2.679 seconds 	/ department sequence: [10, 9, 6, 5, 8, 2, 7, 3, 1, 4]	upper(t) or lower(f): false
OFV: 509.5	/ CPU: 3.769 seconds 	/ department sequence: [1, 10, 3, 4, 7, 8, 2, 9, 5, 6]	upper(t) or lower(f): true
OFV: 486.5	/ CPU: 3.180 seconds 	/ department sequence: [10, 3, 7, 1, 2, 8, 5, 9, 6, 4]	upper(t) or lower(f): true
OFV: 486.5	/ CPU: 2.727 seconds 	/ department sequence: [10, 3, 7, 1, 2, 8, 5, 6, 9, 4]	upper(t) or lower(f): true
-- HA9 result
--------------------------------------------
HostNestNum = 5, P_a = 0.0
--------------------------------------------
-- 2020-03-08 19:23 result data
OFV: 492.5	/ CPU: 5.795 seconds 
department sequence: [2, 1, 8, 5, 9, 6, 4, 3, 7, 10]	upper(t) or lower(f): true	false	true	true	true	false	false	false	true	true	
OFV: 492.5	/ CPU: 3.074 seconds 
department sequence: [10, 3, 7, 9, 4, 6, 1, 5, 8, 2]	upper(t) or lower(f): true	false	true	true	false	false	false	true	true	true	
OFV: 492.5	/ CPU: 3.695 seconds 
department sequence: [2, 1, 8, 5, 9, 6, 4, 3, 7, 10]	upper(t) or lower(f): false	true	false	false	false	true	true	true	false	false	
OFV: 492.5	/ CPU: 3.010 seconds 
department sequence: [1, 2, 8, 5, 9, 6, 4, 3, 7, 10]	upper(t) or lower(f): false	true	true	true	true	false	false	false	true	true	
OFV: 486.5	/ CPU: 3.665 seconds 
department sequence: [3, 10, 7, 1, 2, 8, 5, 9, 6, 4]	upper(t) or lower(f): false	true	true	true	false	false	false	true	false	false	
OFV: 486.5	/ CPU: 2.817 seconds 
department sequence: [3, 10, 7, 1, 2, 8, 5, 6, 9, 4]	upper(t) or lower(f): false	true	true	true	false	false	false	true	false	true	
OFV: 497.5	/ CPU: 3.635 seconds 
department sequence: [10, 3, 7, 8, 2, 6, 9, 5, 1, 4]	upper(t) or lower(f): true	false	true	true	false	true	false	true	true	false	
OFV: 495.5	/ CPU: 2.741 seconds 
department sequence: [9, 10, 4, 6, 1, 5, 8, 2, 7, 3]	upper(t) or lower(f): true	false	false	false	false	true	true	true	true	false	
OFV: 510.5	/ CPU: 3.592 seconds 
department sequence: [9, 10, 4, 6, 3, 7, 1, 5, 8, 2]	upper(t) or lower(f): true	false	false	false	false	true	true	false	false	false	
OFV: 492.5	/ CPU: 4.401 seconds 
department sequence: [1, 2, 8, 5, 9, 6, 4, 3, 7, 10]	upper(t) or lower(f): true	false	false	false	false	true	true	true	false	false	
-- HA9 result
--------------------------------------------
HostNestNum = 5, P_a = 0.0
--------------------------------------------
-- 2020-06-09 19:10 result data
OFV: 486.5	/ CPU: 2.539 seconds 	/ department sequence: [7, 3, 1, 2, 8, 5, 6, 9, 4]
OFV: 486.5	/ CPU: 1.249 seconds 	/ department sequence: [9, 4, 6, 1, 5, 8, 2, 7, 3]
OFV: 486.5	/ CPU: 1.275 seconds 	/ department sequence: [3, 7, 1, 2, 8, 5, 6, 9, 4]
OFV: 492.5	/ CPU: 1.868 seconds 	/ department sequence: [7, 3, 9, 4, 6, 5, 1, 8, 2]
OFV: 486.5	/ CPU: 1.055 seconds 	/ department sequence: [4, 9, 6, 1, 5, 8, 2, 7, 3]
-- HA9 result
--------------------------------------------
HostNestNum = 5, P_a = 0.0
--------------------------------------------
-- 2020-06-09 19:53 result data
