-- HA9 result
--------------------------------------------
HostNestNum = 10, P_a = 0.0
--------------------------------------------
-- 2020-03-06 14:05 result data
OFV: 486.5	/ CPU: 9.964 seconds 	/ department sequence: [12, 10, 11, 13, 4, 6, 5, 8, 2, 3, 9, 1, 7]	cutting order: 10
OFV: 492.5	/ CPU: 6.741 seconds 	/ department sequence: [3, 4, 6, 1, 10, 11, 13, 7, 9, 5, 8, 2, 12]	cutting order: 5
OFV: 492.5	/ CPU: 6.960 seconds 	/ department sequence: [10, 1, 6, 4, 3, 11, 12, 13, 2, 8, 5, 9, 7]	cutting order: 7
OFV: 486.5	/ CPU: 9.953 seconds 	/ department sequence: [9, 5, 8, 2, 3, 10, 12, 11, 13, 4, 6, 1, 7]	cutting order: 5
OFV: 492.5	/ CPU: 6.569 seconds 	/ department sequence: [3, 4, 6, 1, 13, 10, 11, 12, 7, 9, 5, 8, 2]	cutting order: 6
OFV: 495.5	/ CPU: 6.539 seconds 	/ department sequence: [9, 5, 8, 2, 7, 13, 10, 4, 6, 1, 3, 12, 11]	cutting order: 5
OFV: 496.0	/ CPU: 6.674 seconds 	/ department sequence: [3, 2, 9, 4, 11, 13, 12, 7, 10, 8, 5, 6, 1]	cutting order: 5
OFV: 508.5	/ CPU: 6.479 seconds 	/ department sequence: [9, 5, 2, 7, 3, 10, 11, 12, 13, 4, 6, 8, 1]	cutting order: 5
OFV: 486.5	/ CPU: 6.360 seconds 	/ department sequence: [9, 5, 8, 2, 3, 13, 12, 10, 11, 4, 6, 1, 7]	cutting order: 5
OFV: 495.5	/ CPU: 6.711 seconds 	/ department sequence: [9, 5, 8, 2, 7, 11, 12, 4, 6, 1, 3, 10, 13]	cutting order: 5
-- HA9 result
--------------------------------------------
HostNestNum = 10, P_a = 0.0
--------------------------------------------
-- 2020-03-08 18:30 result data
OFV: 492.5	/ CPU: 3.965 seconds 	/ department sequence: [1, 2, 8, 5, 9, 6, 4, 3, 7, 10]	upper(t) or lower(f): true
OFV: 486.5	/ CPU: 6.908 seconds 	/ department sequence: [10, 3, 7, 1, 2, 8, 5, 9, 6, 4]	upper(t) or lower(f): false
OFV: 486.5	/ CPU: 4.670 seconds 	/ department sequence: [10, 3, 7, 1, 2, 8, 5, 9, 6, 4]	upper(t) or lower(f): true
OFV: 486.5	/ CPU: 3.745 seconds 	/ department sequence: [10, 3, 7, 1, 2, 8, 5, 9, 6, 4]	upper(t) or lower(f): false
OFV: 492.5	/ CPU: 5.896 seconds 	/ department sequence: [2, 1, 8, 5, 9, 6, 4, 3, 7, 10]	upper(t) or lower(f): true
OFV: 495.5	/ CPU: 3.947 seconds 	/ department sequence: [10, 9, 4, 6, 1, 5, 8, 2, 7, 3]	upper(t) or lower(f): true
OFV: 492.5	/ CPU: 6.698 seconds 	/ department sequence: [10, 3, 7, 9, 4, 6, 1, 5, 8, 2]	upper(t) or lower(f): true
OFV: 495.5	/ CPU: 4.316 seconds 	/ department sequence: [9, 10, 4, 6, 1, 5, 8, 2, 7, 3]	upper(t) or lower(f): false
OFV: 492.5	/ CPU: 4.634 seconds 	/ department sequence: [10, 3, 7, 9, 4, 6, 1, 5, 8, 2]	upper(t) or lower(f): true
OFV: 492.5	/ CPU: 4.782 seconds 	/ department sequence: [10, 3, 7, 9, 4, 6, 1, 5, 8, 2]	upper(t) or lower(f): false
-- HA9 result
--------------------------------------------
HostNestNum = 10, P_a = 0.0
--------------------------------------------
-- 2020-03-08 18:34 result data
OFV: 486.5	/ CPU: 5.538 seconds 	/ department sequence: [12, 9, 11, 4, 6, 1, 5, 8, 2, 3, 7, 10]	upper(t) or lower(f): true
OFV: 486.5	/ CPU: 8.888 seconds 	/ department sequence: [12, 10, 3, 11, 7, 1, 2, 8, 5, 9, 6, 4]	upper(t) or lower(f): true
OFV: 486.5	/ CPU: 7.314 seconds 	/ department sequence: [9, 11, 12, 4, 6, 5, 1, 8, 2, 3, 7, 10]	upper(t) or lower(f): false
OFV: 492.5	/ CPU: 4.891 seconds 	/ department sequence: [11, 12, 10, 3, 7, 9, 4, 6, 1, 5, 8, 2]	upper(t) or lower(f): false
OFV: 486.5	/ CPU: 8.774 seconds 	/ department sequence: [11, 9, 10, 4, 6, 5, 1, 8, 2, 3, 7, 12]	upper(t) or lower(f): true
OFV: 497.5	/ CPU: 7.019 seconds 	/ department sequence: [3, 11, 7, 8, 2, 9, 6, 5, 1, 4, 10, 12]	upper(t) or lower(f): true
OFV: 505.5	/ CPU: 5.043 seconds 	/ department sequence: [11, 9, 6, 5, 8, 2, 7, 3, 1, 4, 12, 10]	upper(t) or lower(f): true
OFV: 486.5	/ CPU: 6.327 seconds 	/ department sequence: [9, 11, 12, 4, 6, 1, 5, 8, 2, 3, 7, 10]	upper(t) or lower(f): true
OFV: 492.5	/ CPU: 5.253 seconds 	/ department sequence: [11, 12, 10, 3, 7, 9, 4, 6, 1, 5, 8, 2]	upper(t) or lower(f): true
OFV: 492.5	/ CPU: 4.954 seconds 	/ department sequence: [2, 1, 8, 5, 9, 6, 4, 3, 7, 12, 10, 11]	upper(t) or lower(f): true
-- HA9 result
--------------------------------------------
HostNestNum = 10, P_a = 0.0
--------------------------------------------
-- 2020-03-08 18:40 result data
OFV: 486.5	/ CPU: 4.396 seconds 	/ department sequence: [3, 10, 7, 1, 2, 8, 5, 6, 9, 4]	upper(t) or lower(f): true
OFV: 492.5	/ CPU: 7.114 seconds 	/ department sequence: [3, 10, 7, 9, 4, 6, 1, 5, 8, 2]	upper(t) or lower(f): false
OFV: 486.5	/ CPU: 5.486 seconds 	/ department sequence: [3, 10, 7, 1, 2, 8, 5, 6, 9, 4]	upper(t) or lower(f): true
OFV: 495.5	/ CPU: 9.972 seconds 	/ department sequence: [9, 10, 4, 6, 1, 5, 8, 2, 3, 7]	upper(t) or lower(f): true
OFV: 495.5	/ CPU: 4.394 seconds 	/ department sequence: [10, 9, 4, 6, 1, 5, 8, 2, 7, 3]	upper(t) or lower(f): false
OFV: 495.5	/ CPU: 5.184 seconds 	/ department sequence: [9, 10, 4, 6, 1, 5, 8, 2, 3, 7]	upper(t) or lower(f): true
OFV: 492.5	/ CPU: 6.798 seconds 	/ department sequence: [10, 3, 7, 9, 4, 6, 1, 5, 8, 2]	upper(t) or lower(f): true
OFV: 492.5	/ CPU: 5.434 seconds 	/ department sequence: [3, 10, 7, 9, 4, 6, 1, 5, 8, 2]	upper(t) or lower(f): true
OFV: 492.5	/ CPU: 10.072 seconds 	/ department sequence: [10, 3, 7, 9, 4, 6, 1, 5, 8, 2]	upper(t) or lower(f): true
OFV: 486.5	/ CPU: 7.707 seconds 	/ department sequence: [3, 10, 7, 1, 2, 8, 5, 9, 6, 4]	upper(t) or lower(f): false
-- HA9 result
--------------------------------------------
HostNestNum = 10, P_a = 0.0
--------------------------------------------
-- 2020-03-08 19:24 result data
OFV: 486.5	/ CPU: 6.152 seconds 
department sequence: [3, 10, 7, 1, 2, 8, 5, 9, 6, 4]	upper(t) or lower(f): false	true	true	true	false	false	false	true	false	false	
OFV: 486.5	/ CPU: 6.906 seconds 
department sequence: [3, 10, 7, 1, 2, 8, 5, 9, 6, 4]	upper(t) or lower(f): false	true	true	true	false	false	false	true	false	false	
OFV: 492.5	/ CPU: 4.159 seconds 
department sequence: [10, 3, 7, 9, 4, 6, 1, 5, 8, 2]	upper(t) or lower(f): false	true	false	false	true	true	true	false	false	false	
OFV: 495.5	/ CPU: 4.363 seconds 
department sequence: [9, 10, 4, 6, 1, 5, 8, 2, 7, 3]	upper(t) or lower(f): true	false	false	false	false	true	true	true	true	false	
OFV: 492.5	/ CPU: 5.315 seconds 
department sequence: [10, 3, 7, 9, 4, 6, 1, 5, 8, 2]	upper(t) or lower(f): false	true	false	false	true	true	true	false	false	false	
OFV: 492.5	/ CPU: 6.474 seconds 
department sequence: [10, 3, 7, 9, 4, 6, 1, 5, 8, 2]	upper(t) or lower(f): false	true	false	false	true	true	true	false	false	false	
OFV: 492.5	/ CPU: 5.551 seconds 
department sequence: [10, 3, 7, 9, 4, 6, 1, 5, 8, 2]	upper(t) or lower(f): true	false	true	true	false	false	false	true	true	true	
OFV: 486.5	/ CPU: 7.509 seconds 
department sequence: [3, 10, 7, 1, 2, 8, 5, 6, 9, 4]	upper(t) or lower(f): true	false	false	false	true	true	true	true	false	true	
OFV: 486.5	/ CPU: 8.024 seconds 
department sequence: [3, 10, 7, 1, 2, 8, 5, 9, 6, 4]	upper(t) or lower(f): true	false	false	false	true	true	true	true	false	false	
OFV: 492.5	/ CPU: 6.008 seconds 
department sequence: [10, 3, 7, 9, 4, 6, 1, 5, 8, 2]	upper(t) or lower(f): true	false	true	true	false	false	false	true	true	true	
