-- HA9 result
--------------------------------------------
HostNestNum = 5, P_a = 0.2
--------------------------------------------
-- 2020-03-23 13:21 result data
-- HA9 result
--------------------------------------------
HostNestNum = 5, P_a = 0.2
--------------------------------------------
-- 2020-03-23 13:22 result data
OFV: 486.5	/ CPU: 1.458 seconds 	/ department sequence: [15, 17, 19, 9, 18, 12, 14, 4, 6, 1, 5, 8, 2, 3, 7, 16, 10, 11, 13]
OFV: 486.5	/ CPU: 1.104 seconds 	/ department sequence: [18, 17, 14, 19, 16, 9, 10, 12, 11, 4, 6, 1, 5, 8, 2, 3, 7, 15, 13]
OFV: 486.5	/ CPU: 1.650 seconds 	/ department sequence: [13, 9, 18, 11, 14, 4, 6, 1, 5, 8, 2, 3, 7, 12, 17, 10, 16, 19, 15]
OFV: 486.5	/ CPU: 1.256 seconds 	/ department sequence: [14, 12, 11, 19, 9, 17, 16, 18, 13, 4, 6, 1, 5, 8, 2, 3, 7, 15, 10]
OFV: 486.5	/ CPU: 1.032 seconds 	/ department sequence: [3, 15, 14, 7, 1, 2, 8, 5, 9, 6, 4, 19, 16, 17, 13, 18, 12, 10, 11]
OFV: 486.5	/ CPU: 1.020 seconds 	/ department sequence: [13, 9, 14, 11, 10, 4, 6, 1, 5, 8, 2, 3, 7, 18, 16, 15, 12, 17, 19]
OFV: 486.5	/ CPU: 0.875 seconds 	/ department sequence: [12, 11, 10, 15, 16, 19, 14, 13, 3, 17, 18, 7, 1, 2, 8, 5, 9, 6, 4]
OFV: 486.5	/ CPU: 1.031 seconds 	/ department sequence: [9, 11, 14, 12, 13, 4, 6, 5, 1, 8, 2, 3, 7, 10, 15, 17, 18, 19, 16]
OFV: 486.5	/ CPU: 0.869 seconds 	/ department sequence: [17, 19, 10, 16, 3, 14, 15, 7, 1, 2, 8, 5, 9, 6, 4, 12, 11, 18, 13]
OFV: 486.5	/ CPU: 1.422 seconds 	/ department sequence: [18, 19, 17, 12, 9, 16, 10, 14, 11, 4, 6, 5, 1, 8, 2, 3, 7, 15, 13]
