-- HA7 result
--------------------------------------------
HostNestNum = 5, P_a = 0.0
--------------------------------------------
-- 2020-03-05 20:39 result data
OFV: 160.0	/ CPU: 12.022 seconds 	/ department sequence: [15, 3, 2, 1,| 17, 10, 12, 6, 4, 5, 9, 13, 8, 16, 11, 14, 7]	cutting order: 4
OFV: 160.0	/ CPU: 8.166 seconds 	/ department sequence: [8, 3, 2, 1, 13, 9, 10, 6, 4, 5, 15, 14, 17, 11, 12, 16, 7]	cutting order: 4
OFV: 160.0	/ CPU: 8.215 seconds 	/ department sequence: [3, 2, 1, 14, 15, 16, 17, 6, 4, 5, 9, 10, 13, 12, 11, 8, 7]	cutting order: 5
OFV: 160.0	/ CPU: 6.155 seconds 	/ department sequence: [10, 14, 6, 4, 5, 11, 16, 17, 12, 13, 8, 7, 3, 2, 1, 9, 15]	cutting order: 12
OFV: 160.0	/ CPU: 6.110 seconds 	/ department sequence: [3, 2, 1, 13, 10, 9, 11, 6, 4, 5, 16, 14, 8, 15, 12, 17, 7]	cutting order: 5
OFV: 159.0	/ CPU: 5.440 seconds 	/ department sequence: [12, 15, 14, 3, 2, 5, 13, 11, 7,| 8, 10, 16, 17, 9, 6, 4, 1]	cutting order: 9
OFV: 167.5	/ CPU: 5.919 seconds 	/ department sequence: [13, 3, 2, 17, 11, 10, 12, 8, 16, 14, 7, 9, 6, 4, 5, 1, 15]	cutting order: 12
OFV: 166.5	/ CPU: 4.792 seconds 	/ department sequence: [10, 5, 3, 6, 16, 13, 14, 7, 8, 9, 15, 11, 17, 12, 2, 4, 1]	cutting order: 14
OFV: 166.5	/ CPU: 7.521 seconds 	/ department sequence: [15, 2, 4, 1, 8, 16, 11, 9, 10, 12, 5, 3, 6, 14, 13, 17, 7]	cutting order: 8
OFV: 168.0	/ CPU: 8.690 seconds 	/ department sequence: [15, 11, 2, 3, 16, 10, 9, 14, 12, 13, 7, 5, 4, 6, 1, 17, 8]	cutting order: 11
-- HA7 result
--------------------------------------------
HostNestNum = 5, P_a = 0.0
--------------------------------------------
-- 2020-03-05 20:56 result data
OFV: 159.0	/ CPU: 5.207 seconds 	/ department sequence: [3, 2, 5, 11, 8, 7, 9, 10, 6, 4, 1]	cutting order: 6
OFV: 179.0	/ CPU: 2.466 seconds 	/ department sequence: [10, 11, 9, 3, 8, 1, 6, 4, 2, 5, 7]	cutting order: 6
OFV: 159.0	/ CPU: 2.825 seconds 	/ department sequence: [3, 2, 5, 8, 11, 7, 9, 10, 6, 4, 1]	cutting order: 6
OFV: 159.0	/ CPU: 5.729 seconds 	/ department sequence: [3, 2, 5, 10, 11, 7, 9, 8, 6, 4, 1]	cutting order: 6
OFV: 168.0	/ CPU: 4.486 seconds 	/ department sequence: [11, 8, 6, 4, 5, 9, 10, 7, 3, 2, 1]	cutting order: 8
OFV: 162.5	/ CPU: 3.469 seconds 	/ department sequence: [11, 6, 4, 1, 10, 9, 3, 2, 5, 8, 7]	cutting order: 6
OFV: 159.0	/ CPU: 2.916 seconds 	/ department sequence: [8, 10, 6, 4, 1, 3, 2, 5, 9, 11, 7]	cutting order: 5
OFV: 161.0	/ CPU: 2.632 seconds 	/ department sequence: [3, 2, 5, 10, 7, 11, 9, 6, 4, 1, 8]	cutting order: 5
OFV: 159.0	/ CPU: 5.476 seconds 	/ department sequence: [3, 2, 5, 8, 10, 7, 9, 11, 6, 4, 1]	cutting order: 6
OFV: 159.0	/ CPU: 2.763 seconds 	/ department sequence: [3, 2, 5, 11, 9, 7, 10, 8, 6, 4, 1]	cutting order: 6-- HA7 result
--------------------------------------------
HostNestNum = 5, P_a = 0.0
--------------------------------------------
-- 2020-03-06 13:47 result data
OFV: 159.0	/ CPU: 5.046 seconds 	/ department sequence: [3, 2, 5, 8, 11, 7, 9, 10, 6, 4, 1]	cutting order: 6
OFV: 159.0	/ CPU: 3.904 seconds 	/ department sequence: [3, 2, 5, 8, 11, 7, 9, 10, 6, 4, 1]	cutting order: 6
OFV: 159.0	/ CPU: 2.557 seconds 	/ department sequence: [3, 2, 5, 9, 10, 7, 11, 8, 6, 4, 1]	cutting order: 6
OFV: 159.0	/ CPU: 2.911 seconds 	/ department sequence: [3, 2, 5, 11, 8, 7, 10, 9, 6, 4, 1]	cutting order: 6
OFV: 159.0	/ CPU: 3.071 seconds 	/ department sequence: [8, 10, 6, 4, 1, 3, 2, 5, 11, 9, 7]	cutting order: 5
OFV: 159.0	/ CPU: 3.744 seconds 	/ department sequence: [8, 10, 6, 4, 1, 3, 2, 5, 11, 9, 7]	cutting order: 5
OFV: 159.0	/ CPU: 4.064 seconds 	/ department sequence: [3, 2, 5, 11, 9, 7, 8, 10, 6, 4, 1]	cutting order: 6
OFV: 159.0	/ CPU: 2.958 seconds 	/ department sequence: [3, 2, 5, 9, 11, 7, 10, 8, 6, 4, 1]	cutting order: 6
OFV: 159.0	/ CPU: 5.559 seconds 	/ department sequence: [3, 2, 5, 9, 8, 7, 11, 10, 6, 4, 1]	cutting order: 6
OFV: 159.0	/ CPU: 3.783 seconds 	/ department sequence: [3, 2, 5, 11, 9, 7, 8, 10, 6, 4, 1]	cutting order: 6
-- HA7 result
--------------------------------------------
HostNestNum = 5, P_a = 0.0
--------------------------------------------
-- 2020-03-07 20:53 result data
OFV: 170.5	/ CPU: 8.015 seconds 	/ department sequence: [10, 8, 11, 2, 5, 3, 4, 1, 6, 9, 7]	cutting order: 0
OFV: 159.0	/ CPU: 3.716 seconds 	/ department sequence: [10, 3, 9, 6, 4, 2, 1, 5, 11, 8, 7]	cutting order: 0
OFV: 159.0	/ CPU: 2.332 seconds 	/ department sequence: [9, 3, 11, 6, 4, 2, 1, 5, 8, 10, 7]	cutting order: 0
OFV: 166.5	/ CPU: 4.618 seconds 	/ department sequence: [8, 2, 5, 3, 4, 1, 6, 11, 10, 9, 7]	cutting order: 0
OFV: 166.5	/ CPU: 10.926 seconds 	/ department sequence: [2, 10, 5, 3, 4, 1, 6, 8, 11, 9, 7]	cutting order: 0
OFV: 159.0	/ CPU: 10.013 seconds 	/ department sequence: [3, 8, 9, 6, 4, 2, 1, 5, 10, 11, 7]	cutting order: 0
OFV: 159.0	/ CPU: 5.674 seconds 	/ department sequence: [8, 3, 10, 6, 4, 2, 1, 5, 11, 9, 7]	cutting order: 0
OFV: 159.0	/ CPU: 3.832 seconds 	/ department sequence: [8, 3, 9, 6, 4, 2, 1, 5, 11, 10, 7]	cutting order: 0
OFV: 159.0	/ CPU: 2.759 seconds 	/ department sequence: [9, 3, 11, 6, 4, 2, 1, 5, 8, 10, 7]	cutting order: 0
OFV: 159.0	/ CPU: 3.554 seconds 	/ department sequence: [10, 3, 8, 6, 4, 2, 1, 5, 9, 11, 7]	cutting order: 0
-- HA7 result
--------------------------------------------
HostNestNum = 5, P_a = 0.0
--------------------------------------------
-- 2020-03-08 18:16 result data
OFV: 159.0	/ CPU: 5.065 seconds 	/ department sequence: [9, 3, 6, 4, 2, 1, 5, 8, 7]	cutting order: 0
OFV: 159.0	/ CPU: 3.154 seconds 	/ department sequence: [9, 3, 6, 4, 2, 1, 5, 8, 7]	cutting order: 0
OFV: 159.0	/ CPU: 4.080 seconds 	/ department sequence: [3, 8, 6, 4, 2, 1, 5, 9, 7]	cutting order: 0
OFV: 159.0	/ CPU: 2.463 seconds 	/ department sequence: [3, 9, 6, 4, 2, 1, 5, 8, 7]	cutting order: 0
OFV: 159.0	/ CPU: 2.731 seconds 	/ department sequence: [9, 3, 6, 4, 2, 1, 5, 8, 7]	cutting order: 0
OFV: 159.0	/ CPU: 8.961 seconds 	/ department sequence: [3, 9, 6, 4, 2, 1, 5, 8, 7]	cutting order: 0
OFV: 159.0	/ CPU: 3.490 seconds 	/ department sequence: [8, 3, 6, 4, 2, 1, 5, 9, 7]	cutting order: 0
OFV: 159.0	/ CPU: 2.776 seconds 	/ department sequence: [9, 3, 6, 4, 2, 1, 5, 8, 7]	cutting order: 0
OFV: 159.0	/ CPU: 4.578 seconds 	/ department sequence: [8, 3, 6, 4, 2, 1, 5, 9, 7]	cutting order: 0
OFV: 159.0	/ CPU: 3.655 seconds 	/ department sequence: [3, 9, 6, 4, 2, 1, 5, 8, 7]	cutting order: 0
