-- HA7 result
--------------------------------------------
HostNestNum = 5, P_a = 0.25
--------------------------------------------
-- 2020-03-06 13:48 result data
OFV: 166.5	/ CPU: 4.392 seconds 	/ department sequence: [2, 4, 1, 11, 5, 3, 6, 9, 8, 10, 7]	cutting order: 3
OFV: 168.5	/ CPU: 4.131 seconds 	/ department sequence: [2, 4, 6, 8, 10, 11, 7, 9, 5, 3, 1]	cutting order: 7
OFV: 159.0	/ CPU: 4.437 seconds 	/ department sequence: [3, 2, 5, 10, 11, 7, 8, 9, 6, 4, 1]	cutting order: 6
OFV: 159.0	/ CPU: 4.853 seconds 	/ department sequence: [3, 2, 5, 11, 10, 7, 9, 8, 6, 4, 1]	cutting order: 6
OFV: 159.0	/ CPU: 6.829 seconds 	/ department sequence: [3, 2, 5, 9, 11, 7, 10, 8, 6, 4, 1]	cutting order: 6
OFV: 159.0	/ CPU: 5.161 seconds 	/ department sequence: [3, 2, 5, 11, 10, 7, 9, 8, 6, 4, 1]	cutting order: 6
OFV: 159.0	/ CPU: 4.623 seconds 	/ department sequence: [8, 10, 6, 4, 1, 3, 2, 5, 11, 9, 7]	cutting order: 5
OFV: 159.0	/ CPU: 6.570 seconds 	/ department sequence: [9, 10, 6, 4, 1, 3, 2, 5, 8, 11, 7]	cutting order: 5
OFV: 159.0	/ CPU: 7.964 seconds 	/ department sequence: [3, 2, 5, 8, 11, 7, 9, 10, 6, 4, 1]	cutting order: 6
OFV: 159.0	/ CPU: 4.123 seconds 	/ department sequence: [3, 2, 5, 8, 9, 7, 11, 10, 6, 4, 1]	cutting order: 6
-- HA7 result
--------------------------------------------
HostNestNum = 5, P_a = 0.25
--------------------------------------------
-- 2020-03-07 20:54 result data
OFV: 159.0	/ CPU: 6.421 seconds 	/ department sequence: [11, 3, 9, 6, 4, 2, 1, 5, 8, 10, 7]	cutting order: 0
OFV: 159.0	/ CPU: 3.894 seconds 	/ department sequence: [10, 3, 9, 6, 4, 2, 1, 5, 11, 8, 7]	cutting order: 0
OFV: 159.0	/ CPU: 8.926 seconds 	/ department sequence: [3, 9, 10, 6, 4, 2, 1, 5, 11, 8, 7]	cutting order: 0
OFV: 159.0	/ CPU: 4.398 seconds 	/ department sequence: [10, 3, 9, 6, 4, 2, 1, 5, 11, 8, 7]	cutting order: 0
OFV: 159.0	/ CPU: 4.213 seconds 	/ department sequence: [10, 3, 9, 6, 4, 2, 1, 5, 11, 8, 7]	cutting order: 0
OFV: 159.0	/ CPU: 5.253 seconds 	/ department sequence: [3, 10, 8, 6, 4, 2, 1, 5, 11, 9, 7]	cutting order: 0
OFV: 159.0	/ CPU: 4.245 seconds 	/ department sequence: [3, 11, 8, 6, 4, 2, 1, 5, 10, 9, 7]	cutting order: 0
OFV: 159.0	/ CPU: 7.566 seconds 	/ department sequence: [11, 3, 8, 6, 4, 2, 1, 5, 10, 9, 7]	cutting order: 0
OFV: 159.0	/ CPU: 5.882 seconds 	/ department sequence: [9, 3, 8, 6, 4, 2, 1, 5, 11, 10, 7]	cutting order: 0
OFV: 159.0	/ CPU: 3.642 seconds 	/ department sequence: [11, 3, 10, 6, 4, 2, 1, 5, 9, 8, 7]	cutting order: 0
-- HA7 result
--------------------------------------------
HostNestNum = 5, P_a = 0.25
--------------------------------------------
-- 2020-03-08 18:17 result data
-- HA7 result
--------------------------------------------
HostNestNum = 5, P_a = 0.25
--------------------------------------------
-- 2020-06-09 18:59 result data
OFV: 159.0	/ CPU: 1.493 seconds 	/ department sequence: [3, 6, 4, 2, 1, 5, 7]
OFV: 159.0	/ CPU: 1.564 seconds 	/ department sequence: [3, 6, 4, 2, 1, 5, 7]
OFV: 159.0	/ CPU: 1.862 seconds 	/ department sequence: [6, 3, 4, 2, 1, 5, 7]
OFV: 159.0	/ CPU: 1.501 seconds 	/ department sequence: [3, 6, 4, 2, 1, 5, 7]
OFV: 159.0	/ CPU: 1.612 seconds 	/ department sequence: [6, 3, 4, 2, 1, 5, 7]
-- HA7 result
--------------------------------------------
HostNestNum = 5, P_a = 0.25
--------------------------------------------
-- 2020-06-09 18:59 result data
OFV: 159.0	/ CPU: 1.524 seconds 	/ department sequence: [6, 3, 4, 2, 1, 5, 7]
OFV: 159.0	/ CPU: 1.845 seconds 	/ department sequence: [3, 6, 4, 2, 1, 5, 7]
OFV: 159.0	/ CPU: 1.630 seconds 	/ department sequence: [6, 3, 4, 2, 1, 5, 7]
OFV: 159.0	/ CPU: 1.448 seconds 	/ department sequence: [3, 6, 4, 2, 1, 5, 7]
OFV: 159.0	/ CPU: 1.372 seconds 	/ department sequence: [3, 6, 4, 2, 1, 5, 7]
-- HA7 result
--------------------------------------------
HostNestNum = 5, P_a = 0.25
--------------------------------------------
-- 2020-06-09 18:59 result data
OFV: 159.0	/ CPU: 2.362 seconds 	/ department sequence: [6, 3, 4, 2, 1, 5, 7]
OFV: 159.0	/ CPU: 2.231 seconds 	/ department sequence: [3, 6, 4, 2, 1, 5, 7]
OFV: 159.0	/ CPU: 2.732 seconds 	/ department sequence: [6, 3, 4, 2, 1, 5, 7]
OFV: 159.0	/ CPU: 2.524 seconds 	/ department sequence: [6, 3, 4, 2, 1, 5, 7]
OFV: 159.0	/ CPU: 2.685 seconds 	/ department sequence: [3, 6, 4, 2, 1, 5, 7]
-- HA7 result
--------------------------------------------
HostNestNum = 5, P_a = 0.25
--------------------------------------------
-- 2020-06-09 19:00 result data
OFV: 159.0	/ CPU: 3.848 seconds 	/ department sequence: [6, 3, 4, 2, 1, 5, 7]
OFV: 159.0	/ CPU: 2.926 seconds 	/ department sequence: [3, 6, 4, 2, 1, 5, 7]
OFV: 159.0	/ CPU: 3.156 seconds 	/ department sequence: [3, 6, 4, 2, 1, 5, 7]
OFV: 159.0	/ CPU: 4.062 seconds 	/ department sequence: [3, 6, 4, 2, 1, 5, 7]
OFV: 159.0	/ CPU: 3.082 seconds 	/ department sequence: [3, 6, 4, 2, 1, 5, 7]
