-- H_20 result
--------------------------------------------
HostNestNum = 150, P_a = 0.05
--------------------------------------------
-- 2019-01-06 11:22summary result data
OFV: 15927.0	/ CPU: 7.843	/ department sequence: [1, 3, 9, 13, 6, 10, 5, 7, 16, 11, 14, 12, 2, 4, 20, 8, 15, 18, 19, 17]
-- 2019-01-06 11:22summary result data
OFV: 15796.0	/ CPU: 9.53	/ department sequence: [9, 13, 3, 6, 5, 10, 18, 19, 14, 2, 16, 4, 11, 12, 8, 15, 20, 7, 17, 1]
-- 2019-01-06 11:22summary result data
OFV: 15549.0	/ CPU: 8.862	/ department sequence: [9, 3, 18, 10, 19, 14, 2, 15, 16, 4, 11, 12, 8, 20, 7, 6, 5, 13, 17, 1]
-- 2019-01-06 11:22summary result data
OFV: 15673.0	/ CPU: 8.317	/ department sequence: [1, 17, 5, 7, 16, 11, 4, 8, 12, 20, 15, 2, 14, 19, 18, 10, 6, 3, 13, 9]
-- 2019-01-06 11:22summary result data
OFV: 16076.0	/ CPU: 7.782	/ department sequence: [1, 17, 5, 19, 10, 18, 15, 2, 14, 16, 4, 11, 12, 8, 20, 7, 6, 3, 13, 9]
-- 2019-01-06 11:23summary result data
OFV: 15948.0	/ CPU: 10.101	/ department sequence: [9, 13, 3, 6, 5, 10, 18, 7, 14, 12, 2, 4, 11, 16, 20, 8, 15, 19, 17, 1]
-- 2019-01-06 11:23summary result data
OFV: 16076.0	/ CPU: 8.044	/ department sequence: [9, 13, 3, 6, 7, 20, 8, 12, 11, 4, 16, 14, 2, 15, 18, 10, 19, 5, 17, 1]
-- 2019-01-06 11:23summary result data
OFV: 15948.0	/ CPU: 8.463	/ department sequence: [1, 17, 19, 15, 8, 20, 16, 11, 4, 2, 12, 14, 7, 18, 10, 5, 6, 3, 13, 9]
-- 2019-01-06 11:23summary result data
OFV: 15854.0	/ CPU: 8.104	/ department sequence: [9, 13, 19, 16, 15, 20, 2, 14, 4, 11, 12, 8, 7, 6, 5, 10, 18, 3, 17, 1]
-- 2019-01-06 11:23summary result data
OFV: 15673.0	/ CPU: 10.24	/ department sequence: [1, 17, 5, 7, 16, 11, 4, 8, 12, 20, 15, 2, 14, 19, 18, 10, 6, 3, 13, 9]
