-- H_20 result
--------------------------------------------
HostNestNum = 50, P_a = 0.1
--------------------------------------------
-- 2019-01-06 10:39summary result data
OFV: 15673.0	/ CPU: 11.079	/ department sequence: [1, 17, 5, 7, 16, 11, 4, 8, 12, 20, 15, 2, 14, 19, 18, 10, 6, 3, 13, 9]
-- 2019-01-06 10:39summary result data
OFV: 15854.0	/ CPU: 5.288	/ department sequence: [9, 13, 19, 20, 15, 16, 2, 14, 4, 11, 12, 8, 7, 6, 5, 10, 18, 3, 17, 1]
-- 2019-01-06 10:39summary result data
OFV: 15796.0	/ CPU: 5.839	/ department sequence: [9, 13, 3, 6, 5, 10, 18, 19, 14, 2, 16, 4, 11, 12, 8, 15, 20, 7, 17, 1]
-- 2019-01-06 10:39summary result data
OFV: 15796.0	/ CPU: 9.416	/ department sequence: [1, 17, 7, 20, 15, 8, 12, 11, 4, 16, 2, 14, 19, 18, 10, 5, 6, 3, 13, 9]
-- 2019-01-06 10:39summary result data
OFV: 15795.0	/ CPU: 8.39	/ department sequence: [9, 13, 3, 6, 10, 18, 14, 16, 11, 4, 2, 12, 8, 20, 15, 7, 19, 5, 17, 1]
-- 2019-01-06 10:39summary result data
OFV: 15935.0	/ CPU: 8.678	/ department sequence: [1, 17, 3, 18, 10, 19, 15, 14, 2, 12, 8, 4, 11, 16, 20, 7, 6, 5, 13, 9]
-- 2019-01-06 10:40summary result data
OFV: 15948.0	/ CPU: 5.542	/ department sequence: [9, 13, 3, 6, 5, 10, 18, 7, 14, 12, 2, 4, 11, 16, 20, 8, 15, 19, 17, 1]
-- 2019-01-06 10:40summary result data
OFV: 15549.0	/ CPU: 5.19	/ department sequence: [9, 3, 18, 10, 19, 14, 2, 15, 16, 4, 11, 12, 8, 20, 7, 6, 5, 13, 17, 1]
-- 2019-01-06 10:40summary result data
OFV: 15963.0	/ CPU: 5.663	/ department sequence: [1, 17, 3, 18, 10, 7, 12, 14, 11, 16, 4, 2, 8, 15, 20, 19, 6, 5, 13, 9]
-- 2019-01-06 10:40summary result data
OFV: 15978.0	/ CPU: 9.15	/ department sequence: [9, 13, 5, 6, 19, 20, 7, 15, 2, 4, 12, 14, 8, 11, 16, 10, 18, 3, 17, 1]
-- H_20 result
--------------------------------------------
HostNestNum = 50, P_a = 0.1
--------------------------------------------
-- 2019-01-22 22:00 result data
OFV: 15854.0	/ CPU: 12.211 seconds 	/ department sequence: [1, 17, 3, 18, 10, 5, 6, 7, 8, 12, 11, 4, 14, 2, 20, 15, 16, 19, 13, 9]
-- H_20 result
--------------------------------------------
HostNestNum = 50, P_a = 0.1
--------------------------------------------
-- 2019-01-24 21:38 result data
OFV: 16052.0	/ CPU: 3.693 seconds 	/ department sequence: [1, 3, 9, 10, 18, 16, 14, 11, 12, 7, 2, 4, 15, 8, 20, 19, 6, 5, 13, 17]
