-- H_20 result
--------------------------------------------
HostNestNum = 15, P_a = 0.4
--------------------------------------------
-- 2019-01-06 10:27summary result data
OFV: 15673.0	/ CPU: 6.174	/ department sequence: [1, 17, 5, 7, 16, 11, 4, 8, 12, 20, 15, 2, 14, 19, 18, 10, 6, 3, 13, 9]
-- 2019-01-06 10:27summary result data
OFV: 16021.0	/ CPU: 6.436	/ department sequence: [9, 13, 3, 6, 5, 10, 18, 7, 14, 12, 2, 20, 15, 8, 4, 11, 16, 19, 17, 1]
-- 2019-01-06 10:27summary result data
OFV: 16099.0	/ CPU: 7.383	/ department sequence: [9, 13, 5, 6, 10, 19, 20, 16, 11, 4, 2, 14, 12, 8, 15, 7, 18, 3, 17, 1]
-- 2019-01-06 10:27summary result data
OFV: 15796.0	/ CPU: 6.598	/ department sequence: [9, 13, 3, 6, 5, 10, 18, 19, 14, 2, 16, 4, 11, 12, 8, 15, 20, 7, 17, 1]
-- 2019-01-06 10:28summary result data
OFV: 15927.0	/ CPU: 6.104	/ department sequence: [17, 19, 18, 15, 8, 20, 4, 2, 12, 14, 11, 16, 7, 5, 10, 6, 13, 9, 3, 1]
-- 2019-01-06 10:28summary result data
OFV: 15935.0	/ CPU: 8.753	/ department sequence: [1, 17, 3, 18, 10, 19, 15, 14, 2, 12, 8, 4, 11, 16, 20, 7, 6, 5, 13, 9]
-- 2019-01-06 10:28summary result data
OFV: 15549.0	/ CPU: 8.55	/ department sequence: [1, 17, 13, 5, 6, 7, 20, 8, 12, 11, 4, 16, 15, 2, 14, 19, 10, 18, 3, 9]
-- 2019-01-06 10:28summary result data
OFV: 15963.0	/ CPU: 12.987	/ department sequence: [1, 17, 3, 18, 10, 7, 12, 14, 11, 16, 4, 2, 8, 15, 20, 19, 6, 5, 13, 9]
-- 2019-01-06 10:28summary result data
OFV: 16093.0	/ CPU: 6.486	/ department sequence: [1, 3, 10, 18, 7, 11, 16, 14, 12, 2, 4, 15, 8, 20, 19, 6, 5, 17, 13, 9]
-- 2019-01-06 10:28summary result data
OFV: 16039.0	/ CPU: 5.898	/ department sequence: [17, 13, 5, 6, 19, 7, 20, 4, 2, 15, 8, 12, 11, 14, 16, 18, 10, 9, 3, 1]
