-- H_20 result
--------------------------------------------
HostNestNum = 10, P_a = 0.1
--------------------------------------------
-- 2019-01-06 10:19summary result data
OFV: 15549.0	/ CPU: 2.424	/ department sequence: [9, 3, 18, 10, 19, 14, 2, 15, 16, 4, 11, 12, 8, 20, 7, 6, 5, 13, 17, 1]
-- 2019-01-06 10:19summary result data
OFV: 15549.0	/ CPU: 2.302	/ department sequence: [1, 17, 13, 5, 6, 7, 20, 8, 12, 11, 4, 16, 15, 2, 14, 19, 10, 18, 3, 9]
-- 2019-01-06 10:19summary result data
OFV: 15795.0	/ CPU: 2.973	/ department sequence: [1, 17, 5, 19, 7, 15, 20, 8, 12, 2, 4, 11, 16, 14, 18, 10, 6, 3, 13, 9]
-- 2019-01-06 10:19summary result data
OFV: 15934.0	/ CPU: 2.239	/ department sequence: [17, 19, 18, 15, 4, 2, 20, 8, 12, 14, 11, 16, 7, 5, 10, 6, 13, 9, 3, 1]
-- 2019-01-06 10:19summary result data
OFV: 15549.0	/ CPU: 2.372	/ department sequence: [1, 17, 13, 5, 6, 7, 20, 8, 12, 11, 4, 16, 15, 2, 14, 19, 10, 18, 3, 9]
-- 2019-01-06 10:19summary result data
OFV: 15673.0	/ CPU: 4.077	/ department sequence: [9, 13, 3, 6, 10, 18, 19, 14, 2, 15, 20, 12, 8, 4, 11, 16, 7, 5, 17, 1]
-- 2019-01-06 10:19summary result data
OFV: 15971.0	/ CPU: 4.514	/ department sequence: [1, 3, 9, 13, 6, 10, 5, 7, 20, 12, 8, 11, 16, 14, 2, 4, 15, 18, 19, 17]
-- 2019-01-06 10:19summary result data
OFV: 16029.0	/ CPU: 2.437	/ department sequence: [9, 13, 19, 6, 20, 15, 7, 4, 2, 12, 14, 16, 11, 8, 5, 10, 18, 3, 17, 1]
-- 2019-01-06 10:19summary result data
OFV: 15816.0	/ CPU: 2.785	/ department sequence: [1, 17, 5, 19, 7, 15, 20, 4, 2, 12, 8, 11, 16, 14, 18, 10, 6, 3, 13, 9]
-- 2019-01-06 10:19summary result data
OFV: 15780.0	/ CPU: 4.194	/ department sequence: [9, 13, 3, 6, 10, 18, 19, 14, 2, 15, 16, 4, 11, 12, 8, 20, 7, 5, 17, 1]
-- H_20 result
--------------------------------------------
HostNestNum = 10, P_a = 0.1
--------------------------------------------
-- 2019-01-14 14:44 result data
OFV: 16477.0	/ CPU: 4.358 seconds 	/ department sequence: [9, 3, 18, 13, 5, 6, 10, 7, 20, 12, 14, 2, 4, 11, 8, 15, 19, 16, 17, 1]
OFV: 17282.0	/ CPU: 2.531 seconds 	/ department sequence: [1, 3, 16, 9, 17, 18, 8, 7, 14, 11, 12, 4, 2, 20, 15, 10, 6, 5, 13, 19]
OFV: 16947.0	/ CPU: 3.390 seconds 	/ department sequence: [1, 3, 9, 10, 6, 13, 16, 5, 7, 8, 12, 20, 14, 2, 18, 11, 4, 15, 19, 17]
OFV: 16772.0	/ CPU: 1.905 seconds 	/ department sequence: [1, 19, 17, 8, 15, 18, 12, 14, 2, 20, 16, 4, 11, 7, 10, 5, 6, 3, 9, 13]
OFV: 17289.0	/ CPU: 1.812 seconds 	/ department sequence: [15, 17, 18, 19, 20, 8, 4, 2, 11, 10, 7, 12, 14, 16, 5, 6, 13, 9, 3, 1]
OFV: 17162.0	/ CPU: 2.375 seconds 	/ department sequence: [9, 3, 10, 14, 17, 19, 18, 2, 15, 4, 12, 16, 8, 7, 20, 11, 6, 5, 13, 1]
OFV: 16606.0	/ CPU: 1.749 seconds 	/ department sequence: [9, 13, 3, 6, 5, 10, 18, 14, 8, 15, 2, 20, 11, 12, 4, 7, 16, 17, 19, 1]
OFV: 17340.0	/ CPU: 3.312 seconds 	/ department sequence: [1, 17, 3, 5, 10, 6, 18, 13, 7, 8, 15, 14, 20, 11, 12, 2, 4, 19, 16, 9]
OFV: 17024.0	/ CPU: 1.703 seconds 	/ department sequence: [9, 3, 10, 13, 18, 16, 6, 5, 14, 11, 8, 12, 2, 4, 19, 7, 15, 20, 17, 1]
OFV: 17431.0	/ CPU: 1.515 seconds 	/ department sequence: [9, 13, 5, 11, 6, 10, 16, 19, 4, 2, 7, 12, 20, 14, 18, 8, 15, 3, 17, 1]
-- H_20 result
--------------------------------------------
HostNestNum = 10, P_a = 0.1
--------------------------------------------
-- 2019-01-14 15:00 result data
-- H_20 result
--------------------------------------------
HostNestNum = 10, P_a = 0.1
--------------------------------------------
-- 2019-01-14 15:04 result data
OFV: 16373.0	/ CPU: 2.156 seconds 	/ department sequence: [1, 3, 9, 17, 18, 10, 5, 6, 7, 14, 12, 2, 4, 11, 16, 8, 15, 20, 19, 13]
OFV: 15971.0	/ CPU: 1.312 seconds 	/ department sequence: [1, 3, 9, 13, 6, 10, 5, 7, 20, 12, 8, 11, 16, 14, 2, 4, 15, 18, 19, 17]
OFV: 15549.0	/ CPU: 2.171 seconds 	/ department sequence: [9, 3, 18, 10, 19, 14, 2, 15, 16, 4, 11, 12, 8, 20, 7, 6, 5, 13, 17, 1]
-- H_20 result
--------------------------------------------
HostNestNum = 10, P_a = 0.1
--------------------------------------------
-- 2019-01-22 21:34 result data
OFV: 15549.0	/ CPU: 122.296 seconds 	/ department sequence: [1, 17, 13, 5, 6, 7, 20, 8, 12, 11, 4, 16, 15, 2, 14, 19, 10, 18, 3, 9]
-- H_20 result
--------------------------------------------
HostNestNum = 10, P_a = 0.1
--------------------------------------------
-- 2019-01-22 21:36 result data
OFV: 15927.0	/ CPU: 7.483 seconds 	/ department sequence: [17, 19, 18, 15, 8, 20, 4, 2, 12, 14, 11, 16, 7, 5, 10, 6, 13, 9, 3, 1]
-- H_20 result
--------------------------------------------
HostNestNum = 10, P_a = 0.1
--------------------------------------------
-- 2019-01-22 21:55 result data
OFV: 15927.0	/ CPU: 6.336 seconds 	/ department sequence: [17, 19, 18, 15, 8, 20, 4, 2, 12, 14, 11, 16, 7, 5, 10, 6, 13, 9, 3, 1]
-- H_20 result
--------------------------------------------
HostNestNum = 10, P_a = 0.1
--------------------------------------------
-- 2019-01-23 00:41 result data
OFV: 16039.0	/ CPU: 8.786 seconds 	/ department sequence: [17, 13, 5, 6, 19, 7, 20, 4, 2, 15, 8, 12, 11, 14, 16, 18, 10, 9, 3, 1]
-- H_20 result
--------------------------------------------
HostNestNum = 10, P_a = 0.1
--------------------------------------------
-- 2019-01-24 21:37 result data
OFV: 15978.0	/ CPU: 4.113 seconds 	/ department sequence: [1, 17, 3, 18, 10, 16, 11, 8, 14, 12, 4, 2, 15, 7, 20, 19, 6, 5, 13, 9]
-- H_20 result
--------------------------------------------
HostNestNum = 10, P_a = 0.1
--------------------------------------------
-- 2019-01-24 21:39 result data
OFV: 15978.0	/ CPU: 3.789 seconds 	/ department sequence: [9, 13, 5, 6, 19, 20, 7, 15, 2, 4, 12, 14, 8, 11, 16, 10, 18, 3, 17, 1]
-- H_20 result
--------------------------------------------
HostNestNum = 10, P_a = 0.1
--------------------------------------------
-- 2019-01-24 21:40 result data
OFV: 15796.0	/ CPU: 5.239 seconds 	/ department sequence: [9, 13, 3, 6, 5, 10, 18, 19, 14, 2, 16, 4, 11, 12, 8, 15, 20, 7, 17, 1]
-- H_20 result
--------------------------------------------
HostNestNum = 10, P_a = 0.1
--------------------------------------------
-- 2019-01-24 22:57 result data
-- H_20 result
--------------------------------------------
HostNestNum = 10, P_a = 0.1
--------------------------------------------
-- 2019-01-24 23:10 result data
-- H_20 result
--------------------------------------------
HostNestNum = 10, P_a = 0.1
--------------------------------------------
-- 2019-01-24 23:11 result data
-- H_20 result
--------------------------------------------
HostNestNum = 10, P_a = 0.1
--------------------------------------------
-- 2019-01-25 11:28 result data
