-- H_20 result
--------------------------------------------
HostNestNum = 250, P_a = 0.05
--------------------------------------------
-- 2019-01-06 12:05summary result data
OFV: 15549.0	/ CPU: 14.408	/ department sequence: [1, 17, 13, 5, 6, 7, 20, 8, 12, 11, 4, 16, 15, 2, 14, 19, 10, 18, 3, 9]
-- 2019-01-06 12:05summary result data
OFV: 15549.0	/ CPU: 20.572	/ department sequence: [1, 17, 13, 5, 6, 7, 20, 8, 12, 11, 4, 16, 15, 2, 14, 19, 10, 18, 3, 9]
-- 2019-01-06 12:06summary result data
OFV: 15796.0	/ CPU: 22.08	/ department sequence: [1, 17, 7, 20, 15, 8, 12, 11, 4, 16, 2, 14, 19, 18, 10, 5, 6, 3, 13, 9]
-- 2019-01-06 12:06summary result data
OFV: 15854.0	/ CPU: 23.862	/ department sequence: [1, 17, 3, 18, 10, 5, 6, 7, 8, 12, 11, 4, 14, 2, 16, 15, 20, 19, 13, 9]
-- 2019-01-06 12:06summary result data
OFV: 15726.0	/ CPU: 12.63	/ department sequence: [1, 17, 7, 16, 11, 4, 8, 12, 20, 15, 2, 14, 19, 18, 10, 5, 6, 3, 13, 9]
-- 2019-01-06 12:06summary result data
OFV: 15935.0	/ CPU: 12.719	/ department sequence: [9, 13, 5, 6, 7, 20, 16, 11, 4, 8, 12, 2, 14, 15, 19, 10, 18, 3, 17, 1]
-- 2019-01-06 12:07summary result data
OFV: 15549.0	/ CPU: 18.384	/ department sequence: [9, 3, 18, 10, 19, 14, 2, 15, 16, 4, 11, 12, 8, 20, 7, 6, 5, 13, 17, 1]
-- 2019-01-06 12:07summary result data
OFV: 15927.0	/ CPU: 12.703	/ department sequence: [17, 19, 18, 15, 8, 20, 4, 2, 12, 14, 11, 16, 7, 5, 10, 6, 13, 9, 3, 1]
-- 2019-01-06 12:07summary result data
OFV: 15726.0	/ CPU: 12.737	/ department sequence: [1, 17, 7, 16, 11, 4, 8, 12, 20, 15, 2, 14, 19, 18, 10, 5, 6, 3, 13, 9]
-- 2019-01-06 12:07summary result data
OFV: 15868.0	/ CPU: 15.078	/ department sequence: [9, 13, 19, 20, 15, 8, 16, 11, 4, 2, 14, 12, 7, 6, 5, 10, 18, 3, 17, 1]
