-- H_20 result
--------------------------------------------
HostNestNum = 100, P_a = 0.15
--------------------------------------------
-- 2019-01-06 10:56summary result data
OFV: 15795.0	/ CPU: 27.615	/ department sequence: [9, 13, 3, 6, 10, 18, 14, 16, 11, 4, 2, 12, 8, 20, 15, 7, 19, 5, 17, 1]
-- 2019-01-06 10:56summary result data
OFV: 15868.0	/ CPU: 17.941	/ department sequence: [9, 13, 19, 20, 15, 8, 16, 11, 4, 2, 14, 12, 7, 6, 5, 10, 18, 3, 17, 1]
-- 2019-01-06 10:56summary result data
OFV: 16052.0	/ CPU: 17.023	/ department sequence: [17, 13, 5, 6, 19, 20, 8, 15, 4, 2, 7, 12, 11, 14, 16, 18, 10, 9, 3, 1]
-- 2019-01-06 10:57summary result data
OFV: 15971.0	/ CPU: 13.171	/ department sequence: [17, 19, 18, 15, 4, 2, 14, 16, 11, 8, 12, 20, 7, 5, 10, 6, 13, 9, 3, 1]
-- 2019-01-06 10:57summary result data
OFV: 15549.0	/ CPU: 15.936	/ department sequence: [9, 3, 18, 10, 19, 14, 2, 15, 16, 4, 11, 12, 8, 20, 7, 6, 5, 13, 17, 1]
-- 2019-01-06 10:57summary result data
OFV: 15854.0	/ CPU: 13.407	/ department sequence: [1, 17, 3, 18, 10, 5, 6, 7, 8, 12, 11, 4, 14, 2, 16, 15, 20, 19, 13, 9]
-- 2019-01-06 10:57summary result data
OFV: 16039.0	/ CPU: 13.782	/ department sequence: [1, 3, 9, 10, 18, 16, 14, 11, 12, 8, 15, 2, 4, 20, 7, 19, 6, 5, 13, 17]
-- 2019-01-06 10:58summary result data
OFV: 15927.0	/ CPU: 17.014	/ department sequence: [1, 3, 9, 13, 6, 10, 5, 7, 16, 11, 14, 12, 2, 4, 20, 8, 15, 18, 19, 17]
-- 2019-01-06 10:58summary result data
OFV: 15935.0	/ CPU: 16.03	/ department sequence: [1, 17, 3, 18, 10, 19, 15, 14, 2, 12, 8, 4, 11, 16, 20, 7, 6, 5, 13, 9]
-- 2019-01-06 10:58summary result data
OFV: 15943.0	/ CPU: 18.295	/ department sequence: [1, 17, 5, 19, 7, 16, 11, 4, 2, 14, 12, 15, 8, 20, 18, 10, 6, 3, 13, 9]
