-- H_20 result
--------------------------------------------
HostNestNum = 20, P_a = 0.2
--------------------------------------------
-- 2019-01-06 10:32summary result data
OFV: 15854.0	/ CPU: 5.35	/ department sequence: [1, 17, 3, 18, 10, 5, 6, 7, 8, 12, 11, 4, 14, 2, 20, 15, 16, 19, 13, 9]
-- 2019-01-06 10:32summary result data
OFV: 15854.0	/ CPU: 4.809	/ department sequence: [9, 13, 19, 20, 15, 16, 2, 14, 4, 11, 12, 8, 7, 6, 5, 10, 18, 3, 17, 1]
-- 2019-01-06 10:32summary result data
OFV: 15795.0	/ CPU: 4.516	/ department sequence: [9, 13, 3, 6, 10, 18, 14, 16, 11, 4, 2, 12, 8, 20, 15, 7, 19, 5, 17, 1]
-- 2019-01-06 10:32summary result data
OFV: 15796.0	/ CPU: 4.88	/ department sequence: [9, 13, 3, 6, 5, 10, 18, 19, 14, 2, 16, 4, 11, 12, 8, 15, 20, 7, 17, 1]
-- 2019-01-06 10:32summary result data
OFV: 15549.0	/ CPU: 4.526	/ department sequence: [1, 17, 13, 5, 6, 7, 20, 8, 12, 11, 4, 16, 15, 2, 14, 19, 10, 18, 3, 9]
-- 2019-01-06 10:32summary result data
OFV: 15854.0	/ CPU: 5.516	/ department sequence: [1, 17, 3, 18, 10, 5, 6, 7, 8, 12, 11, 4, 14, 2, 20, 15, 16, 19, 13, 9]
-- 2019-01-06 10:33summary result data
OFV: 15935.0	/ CPU: 4.634	/ department sequence: [9, 13, 5, 6, 7, 20, 16, 11, 4, 8, 12, 2, 14, 15, 19, 10, 18, 3, 17, 1]
-- 2019-01-06 10:33summary result data
OFV: 15927.0	/ CPU: 4.449	/ department sequence: [1, 3, 9, 13, 6, 10, 5, 7, 16, 11, 14, 12, 2, 4, 20, 8, 15, 18, 19, 17]
-- 2019-01-06 10:33summary result data
OFV: 15549.0	/ CPU: 4.348	/ department sequence: [1, 17, 13, 5, 6, 7, 20, 8, 12, 11, 4, 16, 15, 2, 14, 19, 10, 18, 3, 9]
-- 2019-01-06 10:33summary result data
OFV: 15673.0	/ CPU: 4.358	/ department sequence: [1, 17, 5, 7, 16, 11, 4, 8, 12, 20, 15, 2, 14, 19, 18, 10, 6, 3, 13, 9]
-- H_20 result
--------------------------------------------
HostNestNum = 20, P_a = 0.2
--------------------------------------------
-- 2019-01-22 21:38 result data
OFV: 15673.0	/ CPU: 9.651 seconds 	/ department sequence: [1, 17, 5, 7, 16, 11, 4, 8, 12, 20, 15, 2, 14, 19, 18, 10, 6, 3, 13, 9]
-- H_20 result
--------------------------------------------
HostNestNum = 20, P_a = 0.2
--------------------------------------------
-- 2019-01-22 21:56 result data
OFV: 15673.0	/ CPU: 9.279 seconds 	/ department sequence: [1, 17, 5, 7, 16, 11, 4, 8, 12, 20, 15, 2, 14, 19, 18, 10, 6, 3, 13, 9]
-- H_20 result
--------------------------------------------
HostNestNum = 20, P_a = 0.2
--------------------------------------------
-- 2019-01-23 00:42 result data
-- H_20 result
--------------------------------------------
HostNestNum = 20, P_a = 0.2
--------------------------------------------
-- 2019-01-24 21:37 result data
OFV: 15971.0	/ CPU: 2.695 seconds 	/ department sequence: [17, 19, 18, 15, 4, 2, 14, 16, 11, 8, 12, 20, 7, 5, 10, 6, 13, 9, 3, 1]
-- H_20 result
--------------------------------------------
HostNestNum = 20, P_a = 0.2
--------------------------------------------
-- 2019-01-24 21:39 result data
OFV: 15673.0	/ CPU: 2.490 seconds 	/ department sequence: [1, 17, 5, 7, 16, 11, 4, 8, 12, 20, 15, 2, 14, 19, 18, 10, 6, 3, 13, 9]
-- H_20 result
--------------------------------------------
HostNestNum = 20, P_a = 0.2
--------------------------------------------
-- 2019-01-24 21:41 result data
OFV: 15726.0	/ CPU: 6.062 seconds 	/ department sequence: [1, 17, 7, 16, 11, 4, 8, 12, 20, 15, 2, 14, 19, 18, 10, 5, 6, 3, 13, 9]
-- H20 result
--------------------------------------------
HostNestNum = 20, P_a = 0.2
--------------------------------------------
-- 2020-03-17 23:09 result data
OFV: 15927.0	/ CPU: 6.671 seconds 	/ department sequence: [1, 3, 9, 13, 6, 10, 5, 7, 16, 11, 14, 12, 2, 4, 20, 8, 15, 18, 19, 17]
OFV: 16052.0	/ CPU: 6.291 seconds 	/ department sequence: [1, 3, 9, 10, 18, 16, 14, 11, 12, 7, 2, 4, 15, 8, 20, 19, 6, 5, 13, 17]
OFV: 15854.0	/ CPU: 6.496 seconds 	/ department sequence: [1, 17, 3, 18, 10, 5, 6, 7, 8, 12, 11, 4, 14, 2, 16, 15, 20, 19, 13, 9]
OFV: 16057.0	/ CPU: 6.377 seconds 	/ department sequence: [1, 17, 5, 19, 10, 18, 16, 11, 4, 2, 14, 12, 8, 15, 20, 7, 6, 3, 13, 9]
OFV: 15966.0	/ CPU: 9.250 seconds 	/ department sequence: [9, 13, 5, 6, 19, 20, 15, 8, 2, 4, 12, 14, 16, 11, 7, 10, 18, 3, 17, 1]
OFV: 15854.0	/ CPU: 9.979 seconds 	/ department sequence: [1, 17, 3, 18, 10, 5, 6, 7, 8, 12, 11, 4, 14, 2, 20, 15, 16, 19, 13, 9]
OFV: 15796.0	/ CPU: 9.409 seconds 	/ department sequence: [1, 17, 7, 20, 15, 8, 12, 11, 4, 16, 2, 14, 19, 18, 10, 5, 6, 3, 13, 9]
OFV: 15934.0	/ CPU: 7.917 seconds 	/ department sequence: [1, 3, 9, 13, 6, 10, 5, 7, 16, 11, 14, 12, 8, 20, 2, 4, 15, 18, 19, 17]
OFV: 15899.0	/ CPU: 6.830 seconds 	/ department sequence: [9, 13, 19, 20, 15, 8, 12, 14, 2, 16, 4, 11, 7, 6, 5, 10, 18, 3, 17, 1]
OFV: 15549.0	/ CPU: 8.550 seconds 	/ department sequence: [1, 17, 13, 5, 6, 7, 20, 8, 12, 11, 4, 16, 15, 2, 14, 19, 10, 18, 3, 9]
-- H20 result
--------------------------------------------
HostNestNum = 20, P_a = 0.2
--------------------------------------------
-- 2020-03-17 23:20 result data
OFV: 15854.0	/ CPU: 8.546 seconds 	/ department sequence: [9, 13, 19, 20, 15, 16, 2, 14, 4, 11, 12, 8, 7, 6, 5, 10, 18, 3, 17, 1]
OFV: 16105.0	/ CPU: 8.309 seconds 	/ department sequence: [1, 17, 5, 19, 10, 18, 15, 2, 14, 12, 8, 4, 11, 16, 20, 7, 6, 3, 13, 9]
OFV: 15927.0	/ CPU: 6.025 seconds 	/ department sequence: [1, 3, 9, 13, 6, 10, 5, 7, 16, 11, 14, 12, 2, 4, 20, 8, 15, 18, 19, 17]
OFV: 15673.0	/ CPU: 10.151 seconds 	/ department sequence: [9, 13, 3, 6, 10, 18, 19, 14, 2, 15, 20, 12, 8, 4, 11, 16, 7, 5, 17, 1]
OFV: 15966.0	/ CPU: 11.871 seconds 	/ department sequence: [1, 17, 3, 18, 10, 7, 11, 16, 14, 12, 4, 2, 8, 15, 20, 19, 6, 5, 13, 9]
OFV: 16052.0	/ CPU: 6.335 seconds 	/ department sequence: [1, 3, 9, 10, 18, 16, 14, 11, 12, 7, 2, 4, 15, 8, 20, 19, 6, 5, 13, 17]
OFV: 15975.0	/ CPU: 6.679 seconds 	/ department sequence: [9, 13, 5, 6, 19, 20, 15, 8, 16, 2, 14, 12, 4, 11, 7, 10, 18, 3, 17, 1]
OFV: 15741.0	/ CPU: 7.126 seconds 	/ department sequence: [9, 13, 3, 6, 10, 18, 19, 14, 2, 15, 12, 20, 8, 4, 11, 16, 7, 5, 17, 1]
OFV: 15873.0	/ CPU: 7.695 seconds 	/ department sequence: [9, 13, 19, 20, 15, 8, 16, 11, 4, 2, 14, 12, 7, 6, 5, 10, 18, 3, 17, 1]
OFV: 15736.0	/ CPU: 7.967 seconds 	/ department sequence: [9, 13, 3, 6, 10, 18, 19, 14, 2, 15, 20, 12, 8, 4, 11, 16, 7, 5, 17, 1]
-- H20 result
--------------------------------------------
HostNestNum = 20, P_a = 0.2
--------------------------------------------
-- 2020-03-17 23:26 result data
OFV: 15896.0	/ CPU: 6.738 seconds 	/ department sequence: [9, 13, 19, 20, 15, 8, 12, 14, 2, 16, 4, 11, 7, 6, 5, 10, 18, 3, 17, 1]
OFV: 15899.0	/ CPU: 3.907 seconds 	/ department sequence: [9, 13, 19, 20, 15, 8, 12, 14, 2, 16, 4, 11, 7, 6, 5, 10, 18, 3, 17, 1]
OFV: 15868.0	/ CPU: 4.230 seconds 	/ department sequence: [1, 17, 3, 18, 10, 5, 6, 7, 12, 14, 2, 4, 11, 16, 8, 15, 20, 19, 13, 9]
OFV: 15854.0	/ CPU: 5.000 seconds 	/ department sequence: [9, 13, 19, 20, 15, 16, 2, 14, 4, 11, 12, 8, 7, 6, 5, 10, 18, 3, 17, 1]
OFV: 15927.0	/ CPU: 6.734 seconds 	/ department sequence: [1, 3, 9, 13, 6, 10, 5, 7, 16, 11, 14, 12, 2, 4, 20, 8, 15, 18, 19, 17]
OFV: 15868.0	/ CPU: 6.601 seconds 	/ department sequence: [9, 13, 19, 20, 15, 8, 16, 11, 4, 2, 14, 12, 7, 6, 5, 10, 18, 3, 17, 1]
OFV: 15868.0	/ CPU: 6.599 seconds 	/ department sequence: [1, 17, 3, 18, 10, 5, 6, 7, 12, 14, 2, 4, 11, 16, 8, 15, 20, 19, 13, 9]
OFV: 15573.0	/ CPU: 3.736 seconds 	/ department sequence: [1, 17, 13, 5, 6, 7, 20, 8, 11, 4, 12, 16, 15, 2, 14, 19, 10, 18, 3, 9]
OFV: 15854.0	/ CPU: 4.279 seconds 	/ department sequence: [1, 17, 3, 18, 10, 5, 6, 7, 8, 12, 11, 4, 14, 2, 16, 15, 20, 19, 13, 9]
OFV: 15978.0	/ CPU: 6.057 seconds 	/ department sequence: [1, 17, 3, 18, 10, 16, 11, 8, 14, 12, 4, 2, 15, 7, 20, 19, 6, 5, 13, 9]
-- H20 result
--------------------------------------------
HostNestNum = 20, P_a = 0.2
--------------------------------------------
-- 2020-03-17 23:32 result data
OFV: 15854.0	/ CPU: 8.162 seconds 	/ department sequence: [1, 17, 3, 18, 10, 5, 6, 7, 8, 12, 11, 4, 14, 2, 16, 15, 20, 19, 13, 9]
OFV: 16001.0	/ CPU: 7.628 seconds 	/ department sequence: [1, 17, 3, 18, 10, 5, 7, 8, 12, 11, 4, 14, 2, 16, 15, 20, 6, 19, 13, 9]
OFV: 15868.0	/ CPU: 8.125 seconds 	/ department sequence: [9, 13, 19, 20, 15, 8, 16, 11, 4, 2, 14, 12, 7, 6, 5, 10, 18, 3, 17, 1]
OFV: 15868.0	/ CPU: 4.972 seconds 	/ department sequence: [9, 13, 19, 20, 15, 8, 16, 11, 4, 2, 14, 12, 7, 6, 5, 10, 18, 3, 17, 1]
OFV: 15914.0	/ CPU: 4.050 seconds 	/ department sequence: [1, 17, 3, 18, 10, 5, 6, 7, 11, 4, 12, 14, 2, 16, 8, 15, 20, 19, 13, 9]
OFV: 15549.0	/ CPU: 9.641 seconds 	/ department sequence: [9, 3, 18, 10, 19, 14, 2, 15, 16, 4, 11, 12, 8, 20, 7, 6, 5, 13, 17, 1]
OFV: 15927.0	/ CPU: 4.233 seconds 	/ department sequence: [1, 3, 9, 13, 6, 10, 5, 7, 16, 11, 14, 12, 2, 4, 20, 8, 15, 18, 19, 17]
OFV: 15927.0	/ CPU: 3.830 seconds 	/ department sequence: [1, 3, 9, 13, 6, 10, 5, 7, 16, 11, 14, 12, 2, 4, 20, 8, 15, 18, 19, 17]
OFV: 16035.0	/ CPU: 5.319 seconds 	/ department sequence: [1, 17, 19, 18, 15, 4, 2, 16, 14, 11, 12, 8, 20, 7, 10, 5, 6, 3, 13, 9]
OFV: 15581.0	/ CPU: 12.468 seconds 	/ department sequence: [9, 3, 18, 10, 19, 14, 2, 16, 4, 11, 15, 12, 8, 20, 7, 6, 5, 13, 17, 1]
-- H20 result
--------------------------------------------
HostNestNum = 20, P_a = 0.2
--------------------------------------------
-- 2020-03-17 23:38 result data
OFV: 15994.0	/ CPU: 4.887 seconds 	/ department sequence: [1, 17, 3, 18, 10, 5, 7, 11, 16, 14, 12, 2, 4, 8, 15, 20, 6, 19, 13, 9]
OFV: 15927.0	/ CPU: 6.667 seconds 	/ department sequence: [1, 3, 9, 13, 6, 10, 5, 7, 16, 11, 14, 12, 2, 4, 20, 8, 15, 18, 19, 17]
OFV: 15549.0	/ CPU: 9.500 seconds 	/ department sequence: [1, 17, 13, 5, 6, 7, 20, 8, 12, 11, 4, 16, 15, 2, 14, 19, 10, 18, 3, 9]
OFV: 15941.0	/ CPU: 6.075 seconds 	/ department sequence: [9, 13, 19, 20, 15, 8, 16, 4, 2, 14, 12, 11, 7, 6, 5, 10, 18, 3, 17, 1]
OFV: 15902.0	/ CPU: 5.990 seconds 	/ department sequence: [1, 17, 3, 18, 10, 5, 6, 7, 11, 4, 8, 12, 14, 2, 20, 15, 16, 19, 13, 9]
OFV: 15896.0	/ CPU: 9.233 seconds 	/ department sequence: [9, 13, 19, 20, 15, 8, 12, 14, 2, 16, 4, 11, 7, 6, 5, 10, 18, 3, 17, 1]
OFV: 15673.0	/ CPU: 10.537 seconds 	/ department sequence: [9, 13, 3, 6, 10, 18, 19, 14, 2, 15, 20, 12, 8, 4, 11, 16, 7, 5, 17, 1]
OFV: 15896.0	/ CPU: 9.477 seconds 	/ department sequence: [9, 13, 19, 20, 15, 8, 12, 14, 2, 16, 4, 11, 7, 6, 5, 10, 18, 3, 17, 1]
OFV: 15868.0	/ CPU: 7.032 seconds 	/ department sequence: [9, 13, 19, 20, 15, 8, 16, 11, 4, 2, 14, 12, 7, 6, 5, 10, 18, 3, 17, 1]
OFV: 15941.0	/ CPU: 4.319 seconds 	/ department sequence: [1, 17, 3, 18, 10, 5, 6, 7, 11, 12, 14, 2, 4, 16, 8, 15, 20, 19, 13, 9]
-- H20 result
--------------------------------------------
HostNestNum = 20, P_a = 0.2
--------------------------------------------
-- 2020-03-17 23:42 result data
OFV: 16034.0	/ CPU: 4.971 seconds 	/ department sequence: [1, 17, 3, 18, 10, 19, 15, 8, 12, 14, 2, 4, 11, 16, 20, 7, 6, 5, 13, 9]
OFV: 16037.0	/ CPU: 5.212 seconds 	/ department sequence: [1, 17, 3, 18, 10, 19, 15, 8, 12, 14, 2, 4, 11, 16, 20, 7, 6, 5, 13, 9]
OFV: 15928.0	/ CPU: 8.005 seconds 	/ department sequence: [1, 17, 3, 18, 10, 5, 6, 7, 12, 14, 11, 4, 2, 16, 8, 15, 20, 19, 13, 9]
OFV: 15899.0	/ CPU: 3.642 seconds 	/ department sequence: [1, 17, 3, 18, 10, 5, 6, 7, 11, 4, 16, 2, 14, 12, 8, 15, 20, 19, 13, 9]
OFV: 15902.0	/ CPU: 4.853 seconds 	/ department sequence: [1, 17, 3, 18, 10, 5, 6, 7, 11, 4, 2, 14, 12, 16, 8, 15, 20, 19, 13, 9]
OFV: 15902.0	/ CPU: 5.454 seconds 	/ department sequence: [9, 13, 19, 20, 15, 8, 16, 12, 14, 2, 4, 11, 7, 6, 5, 10, 18, 17, 3, 1]
OFV: 15923.0	/ CPU: 6.013 seconds 	/ department sequence: [9, 13, 19, 20, 15, 8, 12, 14, 2, 4, 16, 11, 7, 6, 5, 10, 18, 3, 17, 1]
OFV: 15685.0	/ CPU: 6.215 seconds 	/ department sequence: [1, 17, 5, 7, 16, 11, 4, 8, 20, 12, 15, 2, 14, 19, 18, 10, 6, 3, 13, 9]
OFV: 15927.0	/ CPU: 5.281 seconds 	/ department sequence: [1, 3, 9, 13, 6, 10, 5, 7, 16, 11, 14, 12, 2, 4, 20, 8, 15, 18, 19, 17]
OFV: 15941.0	/ CPU: 5.422 seconds 	/ department sequence: [1, 17, 3, 18, 10, 5, 6, 7, 11, 12, 14, 2, 4, 16, 8, 15, 20, 19, 13, 9]
-- H20 result
--------------------------------------------
HostNestNum = 20, P_a = 0.2
--------------------------------------------
-- 2020-03-18 17:04 result data
OFV: 15927.0	/ CPU: 18.534 seconds 	/ department sequence: [1, 3, 9, 13, 6, 10, 5, 7, 16, 11, 14, 12, 2, 4, 20, 8, 15, 18, 19, 17]
OFV: 15714.0	/ CPU: 20.648 seconds 	/ department sequence: [9, 13, 3, 6, 10, 18, 19, 14, 2, 15, 20, 12, 8, 4, 11, 16, 7, 5, 17, 1]
OFV: 15549.0	/ CPU: 28.183 seconds 	/ department sequence: [9, 3, 18, 10, 19, 14, 2, 15, 16, 4, 11, 12, 8, 20, 7, 6, 5, 13, 17, 1]
OFV: 15927.0	/ CPU: 19.331 seconds 	/ department sequence: [1, 3, 9, 13, 6, 10, 5, 7, 16, 11, 14, 12, 2, 4, 20, 8, 15, 18, 19, 17]
OFV: 15854.0	/ CPU: 34.392 seconds 	/ department sequence: [9, 13, 19, 20, 15, 16, 2, 14, 4, 11, 12, 8, 7, 6, 5, 10, 18, 3, 17, 1]
OFV: 15854.0	/ CPU: 20.696 seconds 	/ department sequence: [9, 13, 19, 20, 15, 16, 2, 14, 4, 11, 12, 8, 7, 6, 5, 10, 18, 3, 17, 1]
OFV: 15549.0	/ CPU: 20.040 seconds 	/ department sequence: [1, 17, 13, 5, 6, 7, 20, 8, 12, 11, 4, 16, 15, 2, 14, 19, 10, 18, 3, 9]
OFV: 15854.0	/ CPU: 23.831 seconds 	/ department sequence: [9, 13, 19, 16, 15, 20, 2, 14, 4, 11, 12, 8, 7, 6, 5, 10, 18, 3, 17, 1]
OFV: 15854.0	/ CPU: 21.175 seconds 	/ department sequence: [1, 17, 3, 18, 10, 5, 6, 7, 8, 12, 11, 4, 14, 2, 16, 15, 20, 19, 13, 9]
OFV: 15549.0	/ CPU: 19.396 seconds 	/ department sequence: [1, 17, 13, 5, 6, 7, 20, 8, 12, 11, 4, 16, 15, 2, 14, 19, 10, 18, 3, 9]
-- H20 result
--------------------------------------------
HostNestNum = 20, P_a = 0.2
--------------------------------------------
-- 2020-03-18 17:44 result data
OFV: 15927.0	/ CPU: 21.762 seconds 	/ department sequence: [1, 3, 9, 13, 6, 10, 5, 7, 16, 11, 14, 12, 2, 4, 20, 8, 15, 18, 19, 17]
-- H20 result
--------------------------------------------
HostNestNum = 20, P_a = 0.2
--------------------------------------------
-- 2020-03-18 20:16 result data
OFV: 15854.0	/ CPU: 10.684 seconds 	/ department sequence: [1, 17, 3, 18, 10, 5, 6, 7, 8, 12, 11, 4, 14, 2, 16, 15, 20, 19, 13, 9]
OFV: 16029.0	/ CPU: 8.953 seconds 	/ department sequence: [1, 17, 19, 18, 15, 16, 14, 2, 4, 11, 12, 8, 20, 7, 10, 5, 6, 3, 13, 9]
OFV: 15673.0	/ CPU: 9.270 seconds 	/ department sequence: [9, 13, 3, 6, 10, 18, 19, 14, 2, 15, 20, 12, 8, 4, 11, 16, 7, 5, 17, 1]
OFV: 15963.0	/ CPU: 8.733 seconds 	/ department sequence: [9, 13, 5, 6, 19, 20, 15, 8, 2, 4, 16, 11, 14, 12, 7, 10, 18, 3, 17, 1]
OFV: 15854.0	/ CPU: 7.050 seconds 	/ department sequence: [9, 13, 19, 20, 15, 16, 2, 14, 4, 11, 12, 8, 7, 6, 5, 10, 18, 3, 17, 1]
OFV: 15854.0	/ CPU: 4.720 seconds 	/ department sequence: [9, 13, 19, 20, 15, 16, 2, 14, 4, 11, 12, 8, 7, 6, 5, 10, 18, 3, 17, 1]
OFV: 15927.0	/ CPU: 4.335 seconds 	/ department sequence: [1, 3, 9, 13, 6, 10, 5, 7, 16, 11, 14, 12, 2, 4, 20, 8, 15, 18, 19, 17]
OFV: 15549.0	/ CPU: 4.465 seconds 	/ department sequence: [9, 3, 18, 10, 19, 14, 2, 15, 16, 4, 11, 12, 8, 20, 7, 6, 5, 13, 17, 1]
OFV: 15948.0	/ CPU: 5.136 seconds 	/ department sequence: [1, 17, 19, 15, 8, 20, 16, 11, 4, 2, 12, 14, 7, 18, 10, 5, 6, 3, 13, 9]
OFV: 15549.0	/ CPU: 4.972 seconds 	/ department sequence: [9, 3, 18, 10, 19, 14, 2, 15, 16, 4, 11, 12, 8, 20, 7, 6, 5, 13, 17, 1]
-- H20 result
--------------------------------------------
HostNestNum = 20, P_a = 0.2
--------------------------------------------
-- 2020-03-18 20:18 result data
OFV: 15963.0	/ CPU: 5.531 seconds 	/ department sequence: [9, 13, 5, 6, 19, 20, 15, 8, 2, 4, 16, 11, 14, 12, 7, 10, 18, 3, 17, 1]
OFV: 15549.0	/ CPU: 3.358 seconds 	/ department sequence: [1, 17, 13, 5, 6, 7, 20, 8, 12, 11, 4, 16, 15, 2, 14, 19, 10, 18, 3, 9]
OFV: 15549.0	/ CPU: 3.759 seconds 	/ department sequence: [1, 17, 13, 5, 6, 7, 20, 8, 12, 11, 4, 16, 15, 2, 14, 19, 10, 18, 3, 9]
OFV: 15854.0	/ CPU: 3.825 seconds 	/ department sequence: [1, 17, 3, 18, 10, 5, 6, 7, 8, 12, 11, 4, 14, 2, 20, 15, 16, 19, 13, 9]
OFV: 15966.0	/ CPU: 4.479 seconds 	/ department sequence: [1, 17, 3, 18, 10, 7, 11, 16, 14, 12, 4, 2, 8, 15, 20, 19, 6, 5, 13, 9]
OFV: 16091.0	/ CPU: 4.492 seconds 	/ department sequence: [9, 13, 3, 6, 7, 20, 16, 11, 4, 8, 12, 14, 2, 15, 18, 10, 19, 5, 17, 1]
OFV: 15978.0	/ CPU: 3.854 seconds 	/ department sequence: [9, 13, 5, 6, 19, 20, 7, 15, 2, 4, 12, 14, 8, 11, 16, 10, 18, 3, 17, 1]
OFV: 15549.0	/ CPU: 4.608 seconds 	/ department sequence: [9, 3, 18, 10, 19, 14, 2, 15, 16, 4, 11, 12, 8, 20, 7, 6, 5, 13, 17, 1]
OFV: 15854.0	/ CPU: 3.884 seconds 	/ department sequence: [9, 13, 19, 16, 15, 20, 2, 14, 4, 11, 12, 8, 7, 6, 5, 10, 18, 3, 17, 1]
OFV: 15549.0	/ CPU: 2.422 seconds 	/ department sequence: [1, 17, 13, 5, 6, 7, 20, 8, 12, 11, 4, 16, 15, 2, 14, 19, 10, 18, 3, 9]
-- H20 result
--------------------------------------------
HostNestNum = 20, P_a = 0.2
--------------------------------------------
-- 2020-03-18 20:30 result data
OFV: 15549.0	/ CPU: 19.418 seconds 	/ department sequence: [1, 17, 13, 5, 6, 7, 20, 8, 12, 11, 4, 16, 15, 2, 14, 19, 10, 18, 3, 9]
-- H20 result
--------------------------------------------
HostNestNum = 20, P_a = 0.2
--------------------------------------------
-- 2020-03-18 20:39 result data
-- H20 result
--------------------------------------------
HostNestNum = 20, P_a = 0.2
--------------------------------------------
-- 2020-03-18 20:39 result data
OFV: 15549.0	/ CPU: 26.526 seconds 	/ department sequence: [1, 17, 13, 5, 6, 7, 20, 8, 12, 11, 4, 16, 15, 2, 14, 19, 10, 18, 3, 9]
-- H20 result
--------------------------------------------
HostNestNum = 20, P_a = 0.2
--------------------------------------------
-- 2020-03-18 20:41 result data
OFV: 15549.0	/ CPU: 33.166 seconds 	/ department sequence: [1, 17, 13, 5, 6, 7, 20, 8, 12, 11, 4, 16, 15, 2, 14, 19, 10, 18, 3, 9]
-- H20 result
--------------------------------------------
HostNestNum = 20, P_a = 0.2
--------------------------------------------
-- 2020-03-18 20:42 result data
OFV: 15549.0	/ CPU: 25.519 seconds 	/ department sequence: [9, 3, 18, 10, 19, 14, 2, 15, 16, 4, 11, 12, 8, 20, 7, 6, 5, 13, 17, 1]
-- H20 result
--------------------------------------------
HostNestNum = 20, P_a = 0.2
--------------------------------------------
-- 2020-03-18 20:46 result data
OFV: 15549.0	/ CPU: 11.778 seconds 	/ department sequence: [9, 3, 18, 10, 19, 14, 2, 15, 16, 4, 11, 12, 8, 20, 7, 6, 5, 13, 17, 1]
-- H20 result
--------------------------------------------
HostNestNum = 20, P_a = 0.2
--------------------------------------------
-- 2020-03-18 20:46 result data
OFV: 15577.0	/ CPU: 12.096 seconds 	/ department sequence: [1, 17, 13, 5, 6, 7, 20, 8, 12, 11, 4, 15, 2, 16, 14, 19, 18, 10, 3, 9]
-- H20 result
--------------------------------------------
HostNestNum = 20, P_a = 0.2
--------------------------------------------
-- 2020-03-18 20:46 result data
OFV: 15554.0	/ CPU: 12.457 seconds 	/ department sequence: [1, 17, 13, 5, 6, 7, 20, 8, 12, 11, 4, 15, 2, 16, 14, 19, 10, 18, 3, 9]
-- H20 result
--------------------------------------------
HostNestNum = 20, P_a = 0.2
--------------------------------------------
-- 2020-03-18 20:46 result data
OFV: 15549.0	/ CPU: 12.041 seconds 	/ department sequence: [1, 17, 13, 5, 6, 7, 20, 8, 12, 11, 4, 16, 15, 2, 14, 19, 10, 18, 3, 9]
-- H20 result
--------------------------------------------
HostNestNum = 20, P_a = 0.2
--------------------------------------------
-- 2020-03-18 20:47 result data
OFV: 15572.0	/ CPU: 12.694 seconds 	/ department sequence: [9, 3, 10, 18, 19, 14, 2, 15, 16, 4, 11, 12, 8, 20, 7, 6, 5, 13, 17, 1]
-- H20 result
--------------------------------------------
HostNestNum = 20, P_a = 0.2
--------------------------------------------
-- 2020-03-18 21:34 result data
-- H20 result
--------------------------------------------
HostNestNum = 20, P_a = 0.2
--------------------------------------------
-- 2020-03-18 21:35 result data
OFV: 15549.0	/ CPU: 7.317 seconds 	/ department sequence: [9, 3, 18, 10, 19, 14, 2, 15, 16, 4, 11, 12, 8, 20, 7, 6, 5, 13, 17, 1]
-- H20 result
--------------------------------------------
HostNestNum = 20, P_a = 0.2
--------------------------------------------
-- 2020-03-18 21:35 result data
OFV: 15554.0	/ CPU: 6.818 seconds 	/ department sequence: [1, 17, 13, 5, 6, 7, 20, 8, 12, 11, 4, 15, 2, 16, 14, 19, 10, 18, 3, 9]
-- H20 result
--------------------------------------------
HostNestNum = 20, P_a = 0.2
--------------------------------------------
-- 2020-03-18 21:36 result data
OFV: 15549.0	/ CPU: 7.338 seconds 	/ department sequence: [9, 3, 18, 10, 19, 14, 2, 15, 16, 4, 11, 12, 8, 20, 7, 6, 5, 13, 17, 1]
-- H20 result
--------------------------------------------
HostNestNum = 20, P_a = 0.2
--------------------------------------------
-- 2020-03-18 21:36 result data
OFV: 15549.0	/ CPU: 6.042 seconds 	/ department sequence: [9, 3, 18, 10, 19, 14, 2, 15, 16, 4, 11, 12, 8, 20, 7, 6, 5, 13, 17, 1]
-- H20 result
--------------------------------------------
HostNestNum = 20, P_a = 0.2
--------------------------------------------
-- 2020-03-18 21:36 result data
OFV: 15549.0	/ CPU: 6.728 seconds 	/ department sequence: [1, 17, 13, 5, 6, 7, 20, 8, 12, 11, 4, 16, 15, 2, 14, 19, 10, 18, 3, 9]
-- H20 result
--------------------------------------------
HostNestNum = 20, P_a = 0.2
--------------------------------------------
-- 2020-03-18 21:38 result data
OFV: 15549.0	/ CPU: 6.739 seconds 	/ department sequence: [1, 17, 13, 5, 6, 7, 20, 8, 12, 11, 4, 16, 15, 2, 14, 19, 10, 18, 3, 9]
-- H20 result
--------------------------------------------
HostNestNum = 20, P_a = 0.2
--------------------------------------------
-- 2020-03-18 21:38 result data
OFV: 15549.0	/ CPU: 5.395 seconds 	/ department sequence: [9, 3, 18, 10, 19, 14, 2, 15, 16, 4, 11, 12, 8, 20, 7, 6, 5, 13, 17, 1]
-- H20 result
--------------------------------------------
HostNestNum = 20, P_a = 0.2
--------------------------------------------
-- 2020-03-18 21:39 result data
OFV: 15549.0	/ CPU: 6.242 seconds 	/ department sequence: [1, 17, 13, 5, 6, 7, 20, 8, 12, 11, 4, 16, 15, 2, 14, 19, 10, 18, 3, 9]
-- H20 result
--------------------------------------------
HostNestNum = 20, P_a = 0.2
--------------------------------------------
-- 2020-03-18 21:39 result data
OFV: 15549.0	/ CPU: 5.646 seconds 	/ department sequence: [9, 3, 18, 10, 19, 14, 2, 15, 16, 4, 11, 12, 8, 20, 7, 6, 5, 13, 17, 1]
-- H20 result
--------------------------------------------
HostNestNum = 20, P_a = 0.2
--------------------------------------------
-- 2020-03-18 21:39 result data
OFV: 15549.0	/ CPU: 5.457 seconds 	/ department sequence: [1, 17, 13, 5, 6, 7, 20, 8, 12, 11, 4, 16, 15, 2, 14, 19, 10, 18, 3, 9]
-- H20 result
--------------------------------------------
HostNestNum = 20, P_a = 0.2
--------------------------------------------
-- 2020-03-20 14:51 result data
OFV: 15549.0	/ CPU: 11.822 seconds 	/ department sequence: [1, 17, 13, 5, 6, 7, 20, 8, 12, 11, 4, 16, 15, 2, 14, 19, 10, 18, 3, 9]
-- H20 result
--------------------------------------------
HostNestNum = 20, P_a = 0.2
--------------------------------------------
-- 2020-03-20 14:51 result data
OFV: 15673.0	/ CPU: 7.757 seconds 	/ department sequence: [9, 13, 3, 6, 10, 18, 19, 14, 2, 15, 20, 12, 8, 4, 11, 16, 7, 5, 17, 1]
-- H20 result
--------------------------------------------
HostNestNum = 20, P_a = 0.2
--------------------------------------------
-- 2020-03-20 14:51 result data
OFV: 15673.0	/ CPU: 8.021 seconds 	/ department sequence: [9, 13, 3, 6, 10, 18, 19, 14, 2, 15, 20, 12, 8, 4, 11, 16, 7, 5, 17, 1]
-- H20 result
--------------------------------------------
HostNestNum = 20, P_a = 0.2
--------------------------------------------
-- 2020-03-20 14:52 result data
OFV: 15549.0	/ CPU: 9.724 seconds 	/ department sequence: [1, 17, 13, 5, 6, 7, 20, 8, 12, 11, 4, 16, 15, 2, 14, 19, 10, 18, 3, 9]
-- H20 result
--------------------------------------------
HostNestNum = 20, P_a = 0.2
--------------------------------------------
-- 2020-03-20 14:52 result data
OFV: 15549.0	/ CPU: 9.557 seconds 	/ department sequence: [9, 3, 18, 10, 19, 14, 2, 15, 16, 4, 11, 12, 8, 20, 7, 6, 5, 13, 17, 1]
-- H20 result
--------------------------------------------
HostNestNum = 20, P_a = 0.2
--------------------------------------------
-- 2020-03-20 14:57 result data
-- H20 result
--------------------------------------------
HostNestNum = 20, P_a = 0.2
--------------------------------------------
-- 2020-03-20 14:57 result data
OFV: 15549.0	/ CPU: 12.691 seconds 	/ department sequence: [1, 17, 13, 5, 6, 7, 20, 8, 12, 11, 4, 16, 15, 2, 14, 19, 10, 18, 3, 9]
-- H20 result
--------------------------------------------
HostNestNum = 20, P_a = 0.2
--------------------------------------------
-- 2020-03-20 14:57 result data
OFV: 15893.0	/ CPU: 10.812 seconds 	/ department sequence: [9, 13, 19, 20, 15, 2, 14, 16, 4, 11, 12, 8, 7, 6, 5, 10, 18, 3, 17, 1]
-- H20 result
--------------------------------------------
HostNestNum = 20, P_a = 0.2
--------------------------------------------
-- 2020-03-20 14:58 result data
OFV: 15578.0	/ CPU: 12.061 seconds 	/ department sequence: [1, 17, 13, 5, 6, 7, 20, 8, 11, 12, 4, 15, 2, 16, 14, 19, 10, 18, 3, 9]
-- H20 result
--------------------------------------------
HostNestNum = 20, P_a = 0.2
--------------------------------------------
-- 2020-03-20 14:58 result data
-- H20 result
--------------------------------------------
HostNestNum = 20, P_a = 0.2
--------------------------------------------
-- 2020-03-20 15:08 result data
OFV: 15549.0	/ CPU: 13.831 seconds 	/ department sequence: [1, 17, 13, 5, 6, 7, 20, 8, 12, 11, 4, 16, 15, 2, 14, 19, 10, 18, 3, 9]
-- H20 result
--------------------------------------------
HostNestNum = 20, P_a = 0.2
--------------------------------------------
-- 2020-03-20 15:09 result data
OFV: 15549.0	/ CPU: 10.170 seconds 	/ department sequence: [9, 3, 18, 10, 19, 14, 2, 15, 16, 4, 11, 12, 8, 20, 7, 6, 5, 13, 17, 1]
-- H20 result
--------------------------------------------
HostNestNum = 20, P_a = 0.2
--------------------------------------------
-- 2020-03-20 15:09 result data
OFV: 15549.0	/ CPU: 9.682 seconds 	/ department sequence: [1, 17, 13, 5, 6, 7, 20, 8, 12, 11, 4, 16, 15, 2, 14, 19, 10, 18, 3, 9]
-- H20 result
--------------------------------------------
HostNestNum = 20, P_a = 0.2
--------------------------------------------
-- 2020-03-20 15:09 result data
OFV: 15549.0	/ CPU: 9.470 seconds 	/ department sequence: [1, 17, 13, 5, 6, 7, 20, 8, 12, 11, 4, 16, 15, 2, 14, 19, 10, 18, 3, 9]
-- H20 result
--------------------------------------------
HostNestNum = 20, P_a = 0.2
--------------------------------------------
-- 2020-03-20 15:09 result data
OFV: 15549.0	/ CPU: 9.552 seconds 	/ department sequence: [9, 3, 18, 10, 19, 14, 2, 15, 16, 4, 11, 12, 8, 20, 7, 6, 5, 13, 17, 1]
-- H20 result
--------------------------------------------
HostNestNum = 20, P_a = 0.2
--------------------------------------------
-- 2020-03-21 17:17 result data
OFV: 15549.0	/ CPU: 7.025 seconds 	/ department sequence: [1, 17, 13, 5, 6, 7, 20, 8, 12, 11, 4, 16, 15, 2, 14, 19, 10, 18, 3, 9]
OFV: 15554.0	/ CPU: 5.029 seconds 	/ department sequence: [9, 3, 18, 10, 19, 14, 16, 2, 15, 4, 11, 12, 8, 20, 7, 6, 5, 13, 17, 1]
OFV: 15549.0	/ CPU: 4.101 seconds 	/ department sequence: [1, 17, 13, 5, 6, 7, 20, 8, 12, 11, 4, 16, 15, 2, 14, 19, 10, 18, 3, 9]
OFV: 15549.0	/ CPU: 11.578 seconds 	/ department sequence: [1, 17, 13, 5, 6, 7, 20, 8, 12, 11, 4, 16, 15, 2, 14, 19, 10, 18, 3, 9]
OFV: 15673.0	/ CPU: 3.813 seconds 	/ department sequence: [1, 17, 5, 7, 16, 11, 4, 8, 12, 20, 15, 2, 14, 19, 18, 10, 6, 3, 13, 9]
OFV: 15572.0	/ CPU: 2.625 seconds 	/ department sequence: [1, 17, 13, 5, 6, 7, 20, 8, 12, 11, 4, 16, 15, 2, 14, 19, 18, 10, 3, 9]
OFV: 15549.0	/ CPU: 3.510 seconds 	/ department sequence: [1, 17, 13, 5, 6, 7, 20, 8, 12, 11, 4, 16, 15, 2, 14, 19, 10, 18, 3, 9]
OFV: 15673.0	/ CPU: 2.693 seconds 	/ department sequence: [1, 17, 5, 7, 16, 11, 4, 8, 12, 20, 15, 2, 14, 19, 18, 10, 6, 3, 13, 9]
OFV: 15868.0	/ CPU: 3.086 seconds 	/ department sequence: [9, 13, 19, 20, 15, 8, 16, 11, 4, 2, 14, 12, 7, 6, 5, 10, 18, 3, 17, 1]
OFV: 15673.0	/ CPU: 3.178 seconds 	/ department sequence: [1, 17, 5, 7, 16, 11, 4, 8, 12, 20, 15, 2, 14, 19, 18, 10, 6, 3, 13, 9]
-- H20 result
--------------------------------------------
HostNestNum = 20, P_a = 0.2
--------------------------------------------
-- 2020-03-21 17:20 result data
OFV: 15549.0	/ CPU: 7.846 seconds 	/ department sequence: [9, 3, 18, 10, 19, 14, 2, 15, 16, 4, 11, 12, 8, 20, 7, 6, 5, 13, 17, 1]
OFV: 15549.0	/ CPU: 6.828 seconds 	/ department sequence: [9, 3, 18, 10, 19, 14, 2, 15, 16, 4, 11, 12, 8, 20, 7, 6, 5, 13, 17, 1]
OFV: 15549.0	/ CPU: 7.316 seconds 	/ department sequence: [9, 3, 18, 10, 19, 14, 2, 15, 16, 4, 11, 12, 8, 20, 7, 6, 5, 13, 17, 1]
OFV: 15549.0	/ CPU: 6.164 seconds 	/ department sequence: [1, 17, 13, 5, 6, 7, 20, 8, 12, 11, 4, 16, 15, 2, 14, 19, 10, 18, 3, 9]
OFV: 15549.0	/ CPU: 4.005 seconds 	/ department sequence: [1, 17, 13, 5, 6, 7, 20, 8, 12, 11, 4, 16, 15, 2, 14, 19, 10, 18, 3, 9]
OFV: 15549.0	/ CPU: 6.493 seconds 	/ department sequence: [1, 17, 13, 5, 6, 7, 20, 8, 12, 11, 4, 16, 15, 2, 14, 19, 10, 18, 3, 9]
OFV: 15549.0	/ CPU: 5.801 seconds 	/ department sequence: [1, 17, 13, 5, 6, 7, 20, 8, 12, 11, 4, 16, 15, 2, 14, 19, 10, 18, 3, 9]
OFV: 15549.0	/ CPU: 3.550 seconds 	/ department sequence: [1, 17, 13, 5, 6, 7, 20, 8, 12, 11, 4, 16, 15, 2, 14, 19, 10, 18, 3, 9]
OFV: 15549.0	/ CPU: 3.985 seconds 	/ department sequence: [9, 3, 18, 10, 19, 14, 2, 15, 16, 4, 11, 12, 8, 20, 7, 6, 5, 13, 17, 1]
OFV: 15549.0	/ CPU: 4.071 seconds 	/ department sequence: [1, 17, 13, 5, 6, 7, 20, 8, 12, 11, 4, 16, 15, 2, 14, 19, 10, 18, 3, 9]
-- H20 result
--------------------------------------------
HostNestNum = 20, P_a = 0.2
--------------------------------------------
-- 2020-03-21 21:13 result data
OFV: 15549.0	/ CPU: 10.241 seconds 	/ department sequence: [21, 24, 9, 3, 18, 10, 19, 14, 2, 15, 16, 4, 11, 12, 8, 20, 7, 6, 5, 13, 17, 1, 23, 22]
OFV: 15549.0	/ CPU: 14.616 seconds 	/ department sequence: [9, 3, 18, 10, 19, 14, 2, 15, 16, 4, 11, 12, 8, 20, 7, 6, 5, 13, 17, 1, 22, 21, 23, 24]
-- H20 result
--------------------------------------------
HostNestNum = 20, P_a = 0.2
--------------------------------------------
-- 2020-03-23 00:47 result data
-- H20 result
--------------------------------------------
HostNestNum = 20, P_a = 0.2
--------------------------------------------
-- 2020-03-23 00:59 result data
-- H20 result
--------------------------------------------
HostNestNum = 20, P_a = 0.2
--------------------------------------------
-- 2020-03-23 02:52 result data
-- H20 result
--------------------------------------------
HostNestNum = 20, P_a = 0.2
--------------------------------------------
-- 2020-03-23 02:59 result data
-- H20 result
--------------------------------------------
HostNestNum = 20, P_a = 0.2
--------------------------------------------
-- 2020-03-23 03:10 result data
OFV: 15549.0	/ CPU: 6.178 seconds 	/ department sequence: [9, 3, 18, 10, 19, 14, 2, 15, 16, 4, 11, 12, 8, 20, 7, 6, 5, 13, 17, 1]
OFV: 15549.0	/ CPU: 4.664 seconds 	/ department sequence: [1, 17, 13, 5, 6, 7, 20, 8, 12, 11, 4, 16, 15, 2, 14, 19, 10, 18, 3, 9]
OFV: 15549.0	/ CPU: 2.913 seconds 	/ department sequence: [1, 17, 13, 5, 6, 7, 20, 8, 12, 11, 4, 16, 15, 2, 14, 19, 10, 18, 3, 9]
OFV: 15549.0	/ CPU: 2.280 seconds 	/ department sequence: [9, 3, 18, 10, 19, 14, 2, 15, 16, 4, 11, 12, 8, 20, 7, 6, 5, 13, 17, 1]
OFV: 15549.0	/ CPU: 2.297 seconds 	/ department sequence: [1, 17, 13, 5, 6, 7, 20, 8, 12, 11, 4, 16, 15, 2, 14, 19, 10, 18, 3, 9]
OFV: 15549.0	/ CPU: 2.226 seconds 	/ department sequence: [1, 17, 13, 5, 6, 7, 20, 8, 12, 11, 4, 16, 15, 2, 14, 19, 10, 18, 3, 9]
OFV: 15549.0	/ CPU: 3.726 seconds 	/ department sequence: [9, 3, 18, 10, 19, 14, 2, 15, 16, 4, 11, 12, 8, 20, 7, 6, 5, 13, 17, 1]
OFV: 15549.0	/ CPU: 2.852 seconds 	/ department sequence: [1, 17, 13, 5, 6, 7, 20, 8, 12, 11, 4, 16, 15, 2, 14, 19, 10, 18, 3, 9]
OFV: 15549.0	/ CPU: 4.068 seconds 	/ department sequence: [9, 3, 18, 10, 19, 14, 2, 15, 16, 4, 11, 12, 8, 20, 7, 6, 5, 13, 17, 1]
OFV: 15549.0	/ CPU: 2.475 seconds 	/ department sequence: [1, 17, 13, 5, 6, 7, 20, 8, 12, 11, 4, 16, 15, 2, 14, 19, 10, 18, 3, 9]
-- H20 result
--------------------------------------------
HostNestNum = 20, P_a = 0.2
--------------------------------------------
-- 2020-03-26 23:38 result data
OFV: 15673.0	/ CPU: 3.130 seconds 	/ department sequence: [9, 13, 3, 6, 10, 18, 19, 14, 2, 15, 20, 12, 8, 4, 11, 16, 7, 5, 17, 1]
OFV: 15795.0	/ CPU: 1.827 seconds 	/ department sequence: [9, 13, 3, 6, 10, 18, 14, 16, 11, 4, 2, 12, 8, 20, 15, 7, 19, 5, 17, 1]
OFV: 15549.0	/ CPU: 2.382 seconds 	/ department sequence: [9, 3, 18, 10, 19, 14, 2, 15, 16, 4, 11, 12, 8, 20, 7, 6, 5, 13, 17, 1]
OFV: 15854.0	/ CPU: 1.112 seconds 	/ department sequence: [1, 17, 3, 18, 10, 5, 6, 7, 8, 12, 11, 4, 14, 2, 16, 15, 20, 19, 13, 9]
OFV: 15854.0	/ CPU: 1.029 seconds 	/ department sequence: [1, 17, 3, 18, 10, 5, 6, 7, 8, 12, 11, 4, 14, 2, 20, 15, 16, 19, 13, 9]
-- H20 result
--------------------------------------------
HostNestNum = 20, P_a = 0.2
--------------------------------------------
-- 2020-03-27 00:34 result data
OFV: 15854.0	/ CPU: 2.428 seconds 	/ department sequence: [9, 13, 19, 16, 15, 20, 2, 14, 4, 11, 12, 8, 7, 6, 5, 10, 18, 3, 17, 1]
OFV: 15549.0	/ CPU: 1.919 seconds 	/ department sequence: [9, 3, 18, 10, 19, 14, 2, 15, 16, 4, 11, 12, 8, 20, 7, 6, 5, 13, 17, 1]
OFV: 15549.0	/ CPU: 1.059 seconds 	/ department sequence: [1, 17, 13, 5, 6, 7, 20, 8, 12, 11, 4, 16, 15, 2, 14, 19, 10, 18, 3, 9]
OFV: 15549.0	/ CPU: 1.045 seconds 	/ department sequence: [1, 17, 13, 5, 6, 7, 20, 8, 12, 11, 4, 16, 15, 2, 14, 19, 10, 18, 3, 9]
OFV: 15854.0	/ CPU: 1.070 seconds 	/ department sequence: [1, 17, 3, 18, 10, 5, 6, 7, 8, 12, 11, 4, 14, 2, 20, 15, 16, 19, 13, 9]
-- H20 result
--------------------------------------------
HostNestNum = 20, P_a = 0.2
--------------------------------------------
-- 2020-03-31 11:56 result data
OFV: 15673.0	/ CPU: 2.714 seconds 	/ department sequence: [9, 13, 3, 6, 10, 18, 19, 14, 2, 15, 20, 12, 8, 4, 11, 16, 7, 5, 17, 1]
OFV: 15795.0	/ CPU: 3.440 seconds 	/ department sequence: [1, 17, 5, 19, 7, 15, 20, 8, 12, 2, 4, 11, 16, 14, 18, 10, 6, 3, 13, 9]
OFV: 15549.0	/ CPU: 2.264 seconds 	/ department sequence: [9, 3, 18, 10, 19, 14, 2, 15, 16, 4, 11, 12, 8, 20, 7, 6, 5, 13, 17, 1]
OFV: 15927.0	/ CPU: 1.368 seconds 	/ department sequence: [17, 19, 18, 15, 8, 20, 4, 2, 12, 14, 11, 16, 7, 5, 10, 6, 13, 9, 3, 1]
OFV: 15795.0	/ CPU: 1.633 seconds 	/ department sequence: [1, 17, 5, 19, 7, 15, 20, 8, 12, 2, 4, 11, 16, 14, 18, 10, 6, 3, 13, 9]
-- H20 result
--------------------------------------------
HostNestNum = 20, P_a = 0.2
--------------------------------------------
-- 2020-05-20 21:57 result data
