-- H_20 result
--------------------------------------------
HostNestNum = 10, P_a = 0.15
--------------------------------------------
-- 2019-01-06 10:19summary result data
OFV: 15673.0	/ CPU: 3.863	/ department sequence: [1, 17, 5, 7, 16, 11, 4, 8, 12, 20, 15, 2, 14, 19, 18, 10, 6, 3, 13, 9]
-- 2019-01-06 10:19summary result data
OFV: 15854.0	/ CPU: 3.014	/ department sequence: [9, 13, 19, 16, 15, 20, 2, 14, 4, 11, 12, 8, 7, 6, 5, 10, 18, 3, 17, 1]
-- 2019-01-06 10:19summary result data
OFV: 15966.0	/ CPU: 3.91	/ department sequence: [9, 13, 5, 6, 19, 20, 15, 8, 2, 4, 12, 14, 16, 11, 7, 10, 18, 3, 17, 1]
-- 2019-01-06 10:20summary result data
OFV: 15927.0	/ CPU: 5.492	/ department sequence: [1, 3, 9, 13, 6, 10, 5, 7, 16, 11, 14, 12, 2, 4, 20, 8, 15, 18, 19, 17]
-- 2019-01-06 10:20summary result data
OFV: 15927.0	/ CPU: 5.082	/ department sequence: [17, 19, 18, 15, 8, 20, 4, 2, 12, 14, 11, 16, 7, 5, 10, 6, 13, 9, 3, 1]
-- 2019-01-06 10:20summary result data
OFV: 16001.0	/ CPU: 3.557	/ department sequence: [9, 13, 3, 6, 10, 18, 20, 8, 12, 14, 11, 16, 2, 4, 15, 7, 19, 5, 17, 1]
-- 2019-01-06 10:20summary result data
OFV: 15854.0	/ CPU: 3.005	/ department sequence: [1, 17, 3, 18, 10, 5, 6, 7, 8, 12, 11, 4, 14, 2, 20, 15, 16, 19, 13, 9]
-- 2019-01-06 10:20summary result data
OFV: 15929.0	/ CPU: 2.961	/ department sequence: [1, 3, 10, 18, 19, 15, 14, 2, 16, 11, 4, 12, 8, 20, 7, 6, 5, 17, 13, 9]
-- 2019-01-06 10:20summary result data
OFV: 15948.0	/ CPU: 3.053	/ department sequence: [1, 17, 19, 15, 8, 20, 16, 11, 4, 2, 12, 14, 7, 18, 10, 5, 6, 3, 13, 9]
-- 2019-01-06 10:20summary result data
OFV: 15971.0	/ CPU: 3.101	/ department sequence: [1, 3, 9, 13, 6, 10, 5, 7, 20, 12, 8, 11, 16, 14, 2, 4, 15, 18, 19, 17]
-- H_20 result
--------------------------------------------
HostNestNum = 10, P_a = 0.15
--------------------------------------------
-- 2019-01-14 14:45 result data
OFV: 16245.0	/ CPU: 5.468 seconds 	/ department sequence: [18, 17, 19, 15, 8, 20, 4, 2, 16, 14, 12, 11, 7, 5, 6, 10, 13, 9, 3, 1]
OFV: 16822.0	/ CPU: 4.577 seconds 	/ department sequence: [1, 3, 9, 16, 18, 17, 10, 11, 12, 8, 4, 14, 2, 7, 20, 6, 15, 5, 19, 13]
OFV: 16589.0	/ CPU: 6.889 seconds 	/ department sequence: [3, 19, 15, 18, 2, 14, 10, 12, 8, 20, 4, 7, 11, 6, 16, 5, 13, 9, 17, 1]
-- H_20 result
--------------------------------------------
HostNestNum = 10, P_a = 0.15
--------------------------------------------
-- 2019-01-22 21:36 result data
-- H_20 result
--------------------------------------------
HostNestNum = 10, P_a = 0.15
--------------------------------------------
-- 2019-01-22 21:37 result data
OFV: 15796.0	/ CPU: 9.920 seconds 	/ department sequence: [1, 17, 7, 20, 15, 8, 12, 11, 4, 16, 2, 14, 19, 18, 10, 5, 6, 3, 13, 9]
-- H_20 result
--------------------------------------------
HostNestNum = 10, P_a = 0.15
--------------------------------------------
-- 2019-01-22 21:55 result data
OFV: 15549.0	/ CPU: 6.881 seconds 	/ department sequence: [9, 3, 18, 10, 19, 14, 2, 15, 16, 4, 11, 12, 8, 20, 7, 6, 5, 13, 17, 1]
-- H_20 result
--------------------------------------------
HostNestNum = 10, P_a = 0.15
--------------------------------------------
-- 2019-01-23 00:41 result data
OFV: 15549.0	/ CPU: 5.938 seconds 	/ department sequence: [9, 3, 18, 10, 19, 14, 2, 15, 16, 4, 11, 12, 8, 20, 7, 6, 5, 13, 17, 1]
-- H_20 result
--------------------------------------------
HostNestNum = 10, P_a = 0.15
--------------------------------------------
-- 2019-01-24 21:37 result data
OFV: 15549.0	/ CPU: 3.938 seconds 	/ department sequence: [1, 17, 13, 5, 6, 7, 20, 8, 12, 11, 4, 16, 15, 2, 14, 19, 10, 18, 3, 9]
-- H_20 result
--------------------------------------------
HostNestNum = 10, P_a = 0.15
--------------------------------------------
-- 2019-01-24 21:39 result data
OFV: 15796.0	/ CPU: 6.304 seconds 	/ department sequence: [9, 13, 3, 6, 5, 10, 18, 19, 14, 2, 16, 4, 11, 12, 8, 15, 20, 7, 17, 1]
-- H_20 result
--------------------------------------------
HostNestNum = 10, P_a = 0.15
--------------------------------------------
-- 2019-01-24 21:40 result data
OFV: 15935.0	/ CPU: 9.551 seconds 	/ department sequence: [1, 17, 3, 18, 10, 19, 15, 14, 2, 12, 8, 4, 11, 16, 20, 7, 6, 5, 13, 9]
