-- H_20 result
--------------------------------------------
HostNestNum = 150, P_a = 0.25
--------------------------------------------
-- 2019-01-06 11:36summary result data
OFV: 16039.0	/ CPU: 30.811	/ department sequence: [17, 13, 5, 6, 19, 7, 20, 4, 2, 15, 8, 12, 11, 14, 16, 18, 10, 9, 3, 1]
-- 2019-01-06 11:37summary result data
OFV: 15971.0	/ CPU: 38.193	/ department sequence: [1, 3, 9, 13, 6, 10, 5, 7, 20, 12, 8, 11, 16, 14, 2, 4, 15, 18, 19, 17]
-- 2019-01-06 11:37summary result data
OFV: 15963.0	/ CPU: 41.518	/ department sequence: [1, 17, 3, 18, 10, 7, 12, 14, 11, 16, 4, 2, 8, 15, 20, 19, 6, 5, 13, 9]
-- 2019-01-06 11:38summary result data
OFV: 15978.0	/ CPU: 34.717	/ department sequence: [9, 13, 5, 6, 19, 20, 7, 15, 2, 4, 12, 14, 8, 11, 16, 10, 18, 3, 17, 1]
-- 2019-01-06 11:39summary result data
OFV: 15726.0	/ CPU: 32.799	/ department sequence: [1, 17, 7, 16, 11, 4, 8, 12, 20, 15, 2, 14, 19, 18, 10, 5, 6, 3, 13, 9]
-- 2019-01-06 11:39summary result data
OFV: 15549.0	/ CPU: 55.488	/ department sequence: [9, 3, 18, 10, 19, 14, 2, 15, 16, 4, 11, 12, 8, 20, 7, 6, 5, 13, 17, 1]
-- 2019-01-06 11:40summary result data
OFV: 15796.0	/ CPU: 29.694	/ department sequence: [1, 17, 7, 20, 15, 8, 12, 11, 4, 16, 2, 14, 19, 18, 10, 5, 6, 3, 13, 9]
-- 2019-01-06 11:40summary result data
OFV: 15796.0	/ CPU: 30.683	/ department sequence: [1, 17, 7, 20, 15, 8, 12, 11, 4, 16, 2, 14, 19, 18, 10, 5, 6, 3, 13, 9]
-- 2019-01-06 11:41summary result data
OFV: 15966.0	/ CPU: 31.792	/ department sequence: [1, 17, 3, 18, 10, 7, 11, 16, 14, 12, 4, 2, 8, 15, 20, 19, 6, 5, 13, 9]
-- 2019-01-06 11:42summary result data
OFV: 16039.0	/ CPU: 31.816	/ department sequence: [1, 3, 9, 10, 18, 16, 14, 11, 12, 8, 15, 2, 4, 20, 7, 19, 6, 5, 13, 17]
