-- H_20 result
--------------------------------------------
HostNestNum = 5, P_a = 0.25
--------------------------------------------
-- 2019-01-06 10:16summary result data
OFV: 15549.0	/ CPU: 2.245	/ department sequence: [9, 3, 18, 10, 19, 14, 2, 15, 16, 4, 11, 12, 8, 20, 7, 6, 5, 13, 17, 1]
-- 2019-01-06 10:16summary result data
OFV: 15549.0	/ CPU: 2.359	/ department sequence: [1, 17, 13, 5, 6, 7, 20, 8, 12, 11, 4, 16, 15, 2, 14, 19, 10, 18, 3, 9]
-- 2019-01-06 10:16summary result data
OFV: 15965.0	/ CPU: 2.919	/ department sequence: [1, 17, 19, 15, 16, 8, 11, 4, 20, 2, 12, 14, 7, 18, 10, 5, 6, 3, 13, 9]
-- 2019-01-06 10:16summary result data
OFV: 15963.0	/ CPU: 3.43	/ department sequence: [1, 17, 3, 18, 10, 7, 12, 14, 11, 16, 4, 2, 8, 15, 20, 19, 6, 5, 13, 9]
-- 2019-01-06 10:16summary result data
OFV: 15838.0	/ CPU: 2.332	/ department sequence: [1, 17, 19, 7, 15, 20, 8, 12, 4, 2, 11, 16, 14, 18, 10, 5, 6, 3, 13, 9]
-- 2019-01-06 10:16summary result data
OFV: 15673.0	/ CPU: 2.948	/ department sequence: [9, 13, 3, 6, 10, 18, 19, 14, 2, 15, 20, 12, 8, 4, 11, 16, 7, 5, 17, 1]
-- 2019-01-06 10:16summary result data
OFV: 15796.0	/ CPU: 2.554	/ department sequence: [1, 17, 7, 20, 15, 8, 12, 11, 4, 16, 2, 14, 19, 18, 10, 5, 6, 3, 13, 9]
-- 2019-01-06 10:16summary result data
OFV: 15549.0	/ CPU: 2.449	/ department sequence: [9, 3, 18, 10, 19, 14, 2, 15, 16, 4, 11, 12, 8, 20, 7, 6, 5, 13, 17, 1]
-- 2019-01-06 10:16summary result data
OFV: 15795.0	/ CPU: 3.047	/ department sequence: [1, 17, 5, 19, 7, 15, 20, 8, 12, 2, 4, 11, 16, 14, 18, 10, 6, 3, 13, 9]
-- 2019-01-06 10:16summary result data
OFV: 15673.0	/ CPU: 2.448	/ department sequence: [9, 13, 3, 6, 10, 18, 19, 14, 2, 15, 20, 12, 8, 4, 11, 16, 7, 5, 17, 1]
