-- H_20 result
--------------------------------------------
HostNestNum = 30, P_a = 0.2
--------------------------------------------
-- 2019-01-22 21:58 result data
OFV: 15948.0	/ CPU: 13.097 seconds 	/ department sequence: [1, 17, 19, 15, 8, 20, 16, 11, 4, 2, 12, 14, 7, 18, 10, 5, 6, 3, 13, 9]
-- H_20 result
--------------------------------------------
HostNestNum = 30, P_a = 0.2
--------------------------------------------
-- 2019-01-24 21:38 result data
OFV: 15549.0	/ CPU: 2.784 seconds 	/ department sequence: [1, 17, 13, 5, 6, 7, 20, 8, 12, 11, 4, 16, 15, 2, 14, 19, 10, 18, 3, 9]
-- H_20 result
--------------------------------------------
HostNestNum = 30, P_a = 0.2
--------------------------------------------
-- 2019-01-24 21:40 result data
OFV: 15948.0	/ CPU: 3.561 seconds 	/ department sequence: [1, 17, 19, 15, 8, 20, 16, 11, 4, 2, 12, 14, 7, 18, 10, 5, 6, 3, 13, 9]
-- H_20 result
--------------------------------------------
HostNestNum = 30, P_a = 0.2
--------------------------------------------
-- 2019-01-24 21:42 result data
OFV: 15549.0	/ CPU: 7.710 seconds 	/ department sequence: [1, 17, 13, 5, 6, 7, 20, 8, 12, 11, 4, 16, 15, 2, 14, 19, 10, 18, 3, 9]
-- H20 result
--------------------------------------------
HostNestNum = 30, P_a = 0.2
--------------------------------------------
-- 2020-03-18 21:37 result data
OFV: 15549.0	/ CPU: 8.389 seconds 	/ department sequence: [1, 17, 13, 5, 6, 7, 20, 8, 12, 11, 4, 16, 15, 2, 14, 19, 10, 18, 3, 9]
-- H20 result
--------------------------------------------
HostNestNum = 30, P_a = 0.2
--------------------------------------------
-- 2020-03-18 21:37 result data
OFV: 15554.0	/ CPU: 10.032 seconds 	/ department sequence: [1, 17, 13, 5, 6, 7, 20, 8, 12, 11, 4, 15, 2, 16, 14, 19, 10, 18, 3, 9]
-- H20 result
--------------------------------------------
HostNestNum = 30, P_a = 0.2
--------------------------------------------
-- 2020-03-18 21:37 result data
OFV: 15551.0	/ CPU: 9.208 seconds 	/ department sequence: [1, 17, 13, 5, 6, 7, 20, 8, 12, 11, 4, 15, 16, 2, 14, 19, 10, 18, 3, 9]
-- H20 result
--------------------------------------------
HostNestNum = 30, P_a = 0.2
--------------------------------------------
-- 2020-03-18 21:37 result data
OFV: 15573.0	/ CPU: 9.477 seconds 	/ department sequence: [1, 17, 13, 5, 6, 7, 20, 8, 11, 4, 12, 16, 15, 2, 14, 19, 10, 18, 3, 9]
-- H20 result
--------------------------------------------
HostNestNum = 30, P_a = 0.2
--------------------------------------------
-- 2020-03-18 21:37 result data
OFV: 15549.0	/ CPU: 9.347 seconds 	/ department sequence: [1, 17, 13, 5, 6, 7, 20, 8, 12, 11, 4, 16, 15, 2, 14, 19, 10, 18, 3, 9]
-- H20 result
--------------------------------------------
HostNestNum = 30, P_a = 0.2
--------------------------------------------
-- 2020-03-18 21:39 result data
OFV: 15549.0	/ CPU: 7.404 seconds 	/ department sequence: [1, 17, 13, 5, 6, 7, 20, 8, 12, 11, 4, 16, 15, 2, 14, 19, 10, 18, 3, 9]
-- H20 result
--------------------------------------------
HostNestNum = 30, P_a = 0.2
--------------------------------------------
-- 2020-03-18 21:39 result data
OFV: 15549.0	/ CPU: 7.483 seconds 	/ department sequence: [9, 3, 18, 10, 19, 14, 2, 15, 16, 4, 11, 12, 8, 20, 7, 6, 5, 13, 17, 1]
-- H20 result
--------------------------------------------
HostNestNum = 30, P_a = 0.2
--------------------------------------------
-- 2020-03-18 21:40 result data
OFV: 15549.0	/ CPU: 7.390 seconds 	/ department sequence: [1, 17, 13, 5, 6, 7, 20, 8, 12, 11, 4, 16, 15, 2, 14, 19, 10, 18, 3, 9]
-- H20 result
--------------------------------------------
HostNestNum = 30, P_a = 0.2
--------------------------------------------
-- 2020-03-18 21:40 result data
OFV: 15549.0	/ CPU: 7.456 seconds 	/ department sequence: [1, 17, 13, 5, 6, 7, 20, 8, 12, 11, 4, 16, 15, 2, 14, 19, 10, 18, 3, 9]
-- H20 result
--------------------------------------------
HostNestNum = 30, P_a = 0.2
--------------------------------------------
-- 2020-03-18 21:40 result data
OFV: 15549.0	/ CPU: 8.233 seconds 	/ department sequence: [1, 17, 13, 5, 6, 7, 20, 8, 12, 11, 4, 16, 15, 2, 14, 19, 10, 18, 3, 9]
-- H20 result
--------------------------------------------
HostNestNum = 30, P_a = 0.2
--------------------------------------------
-- 2020-03-20 14:53 result data
OFV: 15854.0	/ CPU: 15.730 seconds 	/ department sequence: [1, 17, 3, 18, 10, 5, 6, 7, 8, 12, 11, 4, 14, 2, 20, 15, 16, 19, 13, 9]
-- H20 result
--------------------------------------------
HostNestNum = 30, P_a = 0.2
--------------------------------------------
-- 2020-03-20 14:53 result data
OFV: 15549.0	/ CPU: 13.026 seconds 	/ department sequence: [1, 17, 13, 5, 6, 7, 20, 8, 12, 11, 4, 16, 15, 2, 14, 19, 10, 18, 3, 9]
-- H20 result
--------------------------------------------
HostNestNum = 30, P_a = 0.2
--------------------------------------------
-- 2020-03-20 14:53 result data
OFV: 15673.0	/ CPU: 11.882 seconds 	/ department sequence: [9, 13, 3, 6, 10, 18, 19, 14, 2, 15, 20, 12, 8, 4, 11, 16, 7, 5, 17, 1]
-- H20 result
--------------------------------------------
HostNestNum = 30, P_a = 0.2
--------------------------------------------
-- 2020-03-20 14:53 result data
OFV: 15551.0	/ CPU: 13.424 seconds 	/ department sequence: [1, 17, 13, 5, 6, 7, 20, 8, 12, 11, 4, 15, 16, 2, 14, 19, 10, 18, 3, 9]
-- H20 result
--------------------------------------------
HostNestNum = 30, P_a = 0.2
--------------------------------------------
-- 2020-03-20 14:53 result data
OFV: 15549.0	/ CPU: 9.904 seconds 	/ department sequence: [1, 17, 13, 5, 6, 7, 20, 8, 12, 11, 4, 16, 15, 2, 14, 19, 10, 18, 3, 9]
-- H20 result
--------------------------------------------
HostNestNum = 30, P_a = 0.2
--------------------------------------------
-- 2020-03-20 15:10 result data
OFV: 15549.0	/ CPU: 6.945 seconds 	/ department sequence: [9, 3, 18, 10, 19, 14, 2, 15, 16, 4, 11, 12, 8, 20, 7, 6, 5, 13, 17, 1]
-- H20 result
--------------------------------------------
HostNestNum = 30, P_a = 0.2
--------------------------------------------
-- 2020-03-20 15:10 result data
OFV: 15549.0	/ CPU: 7.612 seconds 	/ department sequence: [1, 17, 13, 5, 6, 7, 20, 8, 12, 11, 4, 16, 15, 2, 14, 19, 10, 18, 3, 9]
-- H20 result
--------------------------------------------
HostNestNum = 30, P_a = 0.2
--------------------------------------------
-- 2020-03-20 15:10 result data
OFV: 15549.0	/ CPU: 11.281 seconds 	/ department sequence: [9, 3, 18, 10, 19, 14, 2, 15, 16, 4, 11, 12, 8, 20, 7, 6, 5, 13, 17, 1]
-- H20 result
--------------------------------------------
HostNestNum = 30, P_a = 0.2
--------------------------------------------
-- 2020-03-20 15:10 result data
OFV: 15549.0	/ CPU: 11.426 seconds 	/ department sequence: [1, 17, 13, 5, 6, 7, 20, 8, 12, 11, 4, 16, 15, 2, 14, 19, 10, 18, 3, 9]
-- H20 result
--------------------------------------------
HostNestNum = 30, P_a = 0.2
--------------------------------------------
-- 2020-03-20 15:10 result data
OFV: 15549.0	/ CPU: 12.311 seconds 	/ department sequence: [9, 3, 18, 10, 19, 14, 2, 15, 16, 4, 11, 12, 8, 20, 7, 6, 5, 13, 17, 1]
-- H20 result
--------------------------------------------
HostNestNum = 30, P_a = 0.2
--------------------------------------------
-- 2020-03-21 17:19 result data
OFV: 15549.0	/ CPU: 4.217 seconds 	/ department sequence: [9, 3, 18, 10, 19, 14, 2, 15, 16, 4, 11, 12, 8, 20, 7, 6, 5, 13, 17, 1]
OFV: 15549.0	/ CPU: 4.808 seconds 	/ department sequence: [9, 3, 18, 10, 19, 14, 2, 15, 16, 4, 11, 12, 8, 20, 7, 6, 5, 13, 17, 1]
OFV: 15549.0	/ CPU: 3.554 seconds 	/ department sequence: [1, 17, 13, 5, 6, 7, 20, 8, 12, 11, 4, 16, 15, 2, 14, 19, 10, 18, 3, 9]
OFV: 15549.0	/ CPU: 5.781 seconds 	/ department sequence: [1, 17, 13, 5, 6, 7, 20, 8, 12, 11, 4, 16, 15, 2, 14, 19, 10, 18, 3, 9]
OFV: 15549.0	/ CPU: 8.107 seconds 	/ department sequence: [1, 17, 13, 5, 6, 7, 20, 8, 12, 11, 4, 16, 15, 2, 14, 19, 10, 18, 3, 9]
OFV: 15549.0	/ CPU: 3.944 seconds 	/ department sequence: [1, 17, 13, 5, 6, 7, 20, 8, 12, 11, 4, 16, 15, 2, 14, 19, 10, 18, 3, 9]
OFV: 15549.0	/ CPU: 3.536 seconds 	/ department sequence: [9, 3, 18, 10, 19, 14, 2, 15, 16, 4, 11, 12, 8, 20, 7, 6, 5, 13, 17, 1]
OFV: 15573.0	/ CPU: 3.448 seconds 	/ department sequence: [1, 17, 13, 5, 6, 7, 20, 8, 11, 4, 12, 16, 15, 2, 14, 19, 10, 18, 3, 9]
OFV: 15549.0	/ CPU: 7.480 seconds 	/ department sequence: [9, 3, 18, 10, 19, 14, 2, 15, 16, 4, 11, 12, 8, 20, 7, 6, 5, 13, 17, 1]
OFV: 15549.0	/ CPU: 4.144 seconds 	/ department sequence: [1, 17, 13, 5, 6, 7, 20, 8, 12, 11, 4, 16, 15, 2, 14, 19, 10, 18, 3, 9]
-- H20 result
--------------------------------------------
HostNestNum = 30, P_a = 0.2
--------------------------------------------
-- 2020-03-21 17:22 result data
OFV: 15549.0	/ CPU: 5.699 seconds 	/ department sequence: [1, 17, 13, 5, 6, 7, 20, 8, 12, 11, 4, 16, 15, 2, 14, 19, 10, 18, 3, 9]
OFV: 15549.0	/ CPU: 8.361 seconds 	/ department sequence: [9, 3, 18, 10, 19, 14, 2, 15, 16, 4, 11, 12, 8, 20, 7, 6, 5, 13, 17, 1]
OFV: 15549.0	/ CPU: 6.023 seconds 	/ department sequence: [1, 17, 13, 5, 6, 7, 20, 8, 12, 11, 4, 16, 15, 2, 14, 19, 10, 18, 3, 9]
OFV: 15549.0	/ CPU: 6.897 seconds 	/ department sequence: [1, 17, 13, 5, 6, 7, 20, 8, 12, 11, 4, 16, 15, 2, 14, 19, 10, 18, 3, 9]
OFV: 15549.0	/ CPU: 6.325 seconds 	/ department sequence: [9, 3, 18, 10, 19, 14, 2, 15, 16, 4, 11, 12, 8, 20, 7, 6, 5, 13, 17, 1]
OFV: 15549.0	/ CPU: 5.295 seconds 	/ department sequence: [1, 17, 13, 5, 6, 7, 20, 8, 12, 11, 4, 16, 15, 2, 14, 19, 10, 18, 3, 9]
OFV: 15549.0	/ CPU: 8.284 seconds 	/ department sequence: [1, 17, 13, 5, 6, 7, 20, 8, 12, 11, 4, 16, 15, 2, 14, 19, 10, 18, 3, 9]
OFV: 15549.0	/ CPU: 9.098 seconds 	/ department sequence: [1, 17, 13, 5, 6, 7, 20, 8, 12, 11, 4, 16, 15, 2, 14, 19, 10, 18, 3, 9]
OFV: 15549.0	/ CPU: 5.474 seconds 	/ department sequence: [9, 3, 18, 10, 19, 14, 2, 15, 16, 4, 11, 12, 8, 20, 7, 6, 5, 13, 17, 1]
OFV: 15549.0	/ CPU: 6.652 seconds 	/ department sequence: [1, 17, 13, 5, 6, 7, 20, 8, 12, 11, 4, 16, 15, 2, 14, 19, 10, 18, 3, 9]
-- H20 result
--------------------------------------------
HostNestNum = 30, P_a = 0.2
--------------------------------------------
-- 2020-03-23 03:12 result data
OFV: 15549.0	/ CPU: 3.779 seconds 	/ department sequence: [9, 3, 18, 10, 19, 14, 2, 15, 16, 4, 11, 12, 8, 20, 7, 6, 5, 13, 17, 1]
-- H20 result
--------------------------------------------
HostNestNum = 30, P_a = 0.2
--------------------------------------------
-- 2020-03-26 23:38 result data
OFV: 15927.0	/ CPU: 1.640 seconds 	/ department sequence: [17, 19, 18, 15, 8, 20, 4, 2, 12, 14, 11, 16, 7, 5, 10, 6, 13, 9, 3, 1]
OFV: 15549.0	/ CPU: 2.575 seconds 	/ department sequence: [1, 17, 13, 5, 6, 7, 20, 8, 12, 11, 4, 16, 15, 2, 14, 19, 10, 18, 3, 9]
OFV: 15549.0	/ CPU: 2.710 seconds 	/ department sequence: [1, 17, 13, 5, 6, 7, 20, 8, 12, 11, 4, 16, 15, 2, 14, 19, 10, 18, 3, 9]
OFV: 15549.0	/ CPU: 1.888 seconds 	/ department sequence: [9, 3, 18, 10, 19, 14, 2, 15, 16, 4, 11, 12, 8, 20, 7, 6, 5, 13, 17, 1]
OFV: 15854.0	/ CPU: 1.766 seconds 	/ department sequence: [9, 13, 19, 20, 15, 16, 2, 14, 4, 11, 12, 8, 7, 6, 5, 10, 18, 3, 17, 1]
-- H20 result
--------------------------------------------
HostNestNum = 30, P_a = 0.2
--------------------------------------------
-- 2020-03-27 00:35 result data
OFV: 15549.0	/ CPU: 1.597 seconds 	/ department sequence: [1, 17, 13, 5, 6, 7, 20, 8, 12, 11, 4, 16, 15, 2, 14, 19, 10, 18, 3, 9]
OFV: 15854.0	/ CPU: 1.563 seconds 	/ department sequence: [1, 17, 3, 18, 10, 5, 6, 7, 8, 12, 11, 4, 14, 2, 16, 15, 20, 19, 13, 9]
OFV: 15795.0	/ CPU: 1.926 seconds 	/ department sequence: [9, 13, 3, 6, 10, 18, 14, 16, 11, 4, 2, 12, 8, 20, 15, 7, 19, 5, 17, 1]
OFV: 15549.0	/ CPU: 2.405 seconds 	/ department sequence: [9, 3, 18, 10, 19, 14, 2, 15, 16, 4, 11, 12, 8, 20, 7, 6, 5, 13, 17, 1]
OFV: 15795.0	/ CPU: 1.618 seconds 	/ department sequence: [1, 17, 5, 19, 7, 15, 20, 8, 12, 2, 4, 11, 16, 14, 18, 10, 6, 3, 13, 9]
-- H20 result
--------------------------------------------
HostNestNum = 30, P_a = 0.2
--------------------------------------------
-- 2020-03-31 11:56 result data
OFV: 15549.0	/ CPU: 2.508 seconds 	/ department sequence: [9, 3, 18, 10, 19, 14, 2, 15, 16, 4, 11, 12, 8, 20, 7, 6, 5, 13, 17, 1]
OFV: 15673.0	/ CPU: 1.724 seconds 	/ department sequence: [1, 17, 5, 7, 16, 11, 4, 8, 12, 20, 15, 2, 14, 19, 18, 10, 6, 3, 13, 9]
OFV: 15854.0	/ CPU: 1.619 seconds 	/ department sequence: [1, 17, 3, 18, 10, 5, 6, 7, 8, 12, 11, 4, 14, 2, 16, 15, 20, 19, 13, 9]
OFV: 15854.0	/ CPU: 1.779 seconds 	/ department sequence: [1, 17, 3, 18, 10, 5, 6, 7, 8, 12, 11, 4, 14, 2, 16, 15, 20, 19, 13, 9]
OFV: 15549.0	/ CPU: 1.675 seconds 	/ department sequence: [9, 3, 18, 10, 19, 14, 2, 15, 16, 4, 11, 12, 8, 20, 7, 6, 5, 13, 17, 1]
