-- H_20 result
--------------------------------------------
HostNestNum = 20, P_a = 0.01
--------------------------------------------
-- 2019-01-06 10:30summary result data
OFV: 15937.0	/ CPU: 1.679	/ department sequence: [9, 13, 5, 6, 7, 20, 8, 12, 11, 16, 4, 2, 14, 15, 19, 10, 18, 3, 17, 1]
-- 2019-01-06 10:30summary result data
OFV: 15971.0	/ CPU: 1.471	/ department sequence: [17, 19, 18, 15, 4, 2, 14, 16, 11, 8, 12, 20, 7, 5, 10, 6, 13, 9, 3, 1]
-- 2019-01-06 10:30summary result data
OFV: 15978.0	/ CPU: 1.846	/ department sequence: [9, 13, 5, 6, 19, 20, 7, 15, 2, 4, 12, 14, 8, 11, 16, 10, 18, 3, 17, 1]
-- 2019-01-06 10:30summary result data
OFV: 15549.0	/ CPU: 1.513	/ department sequence: [1, 17, 13, 5, 6, 7, 20, 8, 12, 11, 4, 16, 15, 2, 14, 19, 10, 18, 3, 9]
-- 2019-01-06 10:30summary result data
OFV: 15796.0	/ CPU: 1.633	/ department sequence: [1, 17, 7, 20, 15, 8, 12, 11, 4, 16, 2, 14, 19, 18, 10, 5, 6, 3, 13, 9]
-- 2019-01-06 10:30summary result data
OFV: 15854.0	/ CPU: 1.473	/ department sequence: [9, 13, 19, 16, 15, 20, 2, 14, 4, 11, 12, 8, 7, 6, 5, 10, 18, 3, 17, 1]
-- 2019-01-06 10:30summary result data
OFV: 15673.0	/ CPU: 2.076	/ department sequence: [9, 13, 3, 6, 10, 18, 19, 14, 2, 15, 20, 12, 8, 4, 11, 16, 7, 5, 17, 1]
-- 2019-01-06 10:30summary result data
OFV: 15796.0	/ CPU: 1.656	/ department sequence: [1, 17, 7, 20, 15, 8, 12, 11, 4, 16, 2, 14, 19, 18, 10, 5, 6, 3, 13, 9]
-- 2019-01-06 10:30summary result data
OFV: 15816.0	/ CPU: 2.55	/ department sequence: [9, 13, 3, 6, 10, 18, 14, 16, 11, 8, 12, 2, 4, 20, 15, 7, 19, 5, 17, 1]
-- 2019-01-06 10:30summary result data
OFV: 15927.0	/ CPU: 1.525	/ department sequence: [17, 19, 18, 15, 8, 20, 4, 2, 12, 14, 11, 16, 7, 5, 10, 6, 13, 9, 3, 1]
