-- H_20 result
--------------------------------------------
HostNestNum = 250, P_a = 0.0
--------------------------------------------
-- 2019-01-06 12:03summary result data
OFV: 16039.0	/ CPU: 3.697	/ department sequence: [1, 3, 9, 10, 18, 16, 14, 11, 12, 8, 15, 2, 4, 20, 7, 19, 6, 5, 13, 17]
-- 2019-01-06 12:04summary result data
OFV: 15673.0	/ CPU: 3.235	/ department sequence: [1, 17, 5, 7, 16, 11, 4, 8, 12, 20, 15, 2, 14, 19, 18, 10, 6, 3, 13, 9]
-- 2019-01-06 12:04summary result data
OFV: 15971.0	/ CPU: 1.69	/ department sequence: [1, 3, 9, 13, 6, 10, 5, 7, 20, 12, 8, 11, 16, 14, 2, 4, 15, 18, 19, 17]
-- 2019-01-06 12:04summary result data
OFV: 15944.0	/ CPU: 2.348	/ department sequence: [17, 19, 18, 15, 8, 20, 4, 2, 11, 12, 14, 16, 7, 5, 10, 6, 13, 9, 3, 1]
-- 2019-01-06 12:04summary result data
OFV: 16039.0	/ CPU: 2.759	/ department sequence: [1, 3, 9, 10, 18, 16, 14, 11, 12, 8, 15, 2, 4, 20, 7, 19, 6, 5, 13, 17]
-- 2019-01-06 12:04summary result data
OFV: 15966.0	/ CPU: 1.794	/ department sequence: [1, 17, 3, 18, 10, 7, 11, 16, 14, 12, 4, 2, 8, 15, 20, 19, 6, 5, 13, 9]
-- 2019-01-06 12:04summary result data
OFV: 15971.0	/ CPU: 1.688	/ department sequence: [1, 17, 3, 18, 7, 4, 11, 16, 8, 12, 14, 2, 15, 20, 19, 10, 6, 5, 13, 9]
-- 2019-01-06 12:04summary result data
OFV: 15549.0	/ CPU: 1.599	/ department sequence: [1, 17, 13, 5, 6, 7, 20, 8, 12, 11, 4, 16, 15, 2, 14, 19, 10, 18, 3, 9]
-- 2019-01-06 12:04summary result data
OFV: 15549.0	/ CPU: 1.872	/ department sequence: [9, 3, 18, 10, 19, 14, 2, 15, 16, 4, 11, 12, 8, 20, 7, 6, 5, 13, 17, 1]
-- 2019-01-06 12:04summary result data
OFV: 15549.0	/ CPU: 1.933	/ department sequence: [1, 17, 13, 5, 6, 7, 20, 8, 12, 11, 4, 16, 15, 2, 14, 19, 10, 18, 3, 9]
