-- H_20 result
--------------------------------------------
HostNestNum = 15, P_a = 0.01
--------------------------------------------
-- 2019-01-06 10:23summary result data
OFV: 15796.0	/ CPU: 1.929	/ department sequence: [1, 17, 7, 20, 15, 8, 12, 11, 4, 16, 2, 14, 19, 18, 10, 5, 6, 3, 13, 9]
-- 2019-01-06 10:23summary result data
OFV: 15795.0	/ CPU: 1.674	/ department sequence: [9, 13, 3, 6, 10, 18, 14, 16, 11, 4, 2, 12, 8, 20, 15, 7, 19, 5, 17, 1]
-- 2019-01-06 10:23summary result data
OFV: 15796.0	/ CPU: 1.704	/ department sequence: [1, 17, 7, 20, 15, 8, 12, 11, 4, 16, 2, 14, 19, 18, 10, 5, 6, 3, 13, 9]
-- 2019-01-06 10:24summary result data
OFV: 15868.0	/ CPU: 1.73	/ department sequence: [9, 13, 19, 20, 15, 8, 16, 11, 4, 2, 14, 12, 7, 6, 5, 10, 18, 3, 17, 1]
-- 2019-01-06 10:24summary result data
OFV: 15948.0	/ CPU: 2.95	/ department sequence: [9, 13, 3, 6, 5, 10, 18, 7, 14, 12, 2, 4, 11, 16, 20, 8, 15, 19, 17, 1]
-- 2019-01-06 10:24summary result data
OFV: 15934.0	/ CPU: 1.506	/ department sequence: [1, 3, 9, 13, 6, 10, 5, 7, 16, 11, 14, 12, 8, 20, 2, 4, 15, 18, 19, 17]
-- 2019-01-06 10:24summary result data
OFV: 15673.0	/ CPU: 1.471	/ department sequence: [1, 17, 5, 7, 16, 11, 4, 8, 12, 20, 15, 2, 14, 19, 18, 10, 6, 3, 13, 9]
-- 2019-01-06 10:24summary result data
OFV: 15796.0	/ CPU: 1.787	/ department sequence: [1, 17, 7, 20, 15, 8, 12, 11, 4, 16, 2, 14, 19, 18, 10, 5, 6, 3, 13, 9]
-- 2019-01-06 10:24summary result data
OFV: 15935.0	/ CPU: 1.454	/ department sequence: [1, 17, 3, 18, 10, 19, 15, 14, 2, 12, 8, 4, 11, 16, 20, 7, 6, 5, 13, 9]
-- 2019-01-06 10:24summary result data
OFV: 15673.0	/ CPU: 1.476	/ department sequence: [9, 13, 3, 6, 10, 18, 19, 14, 2, 15, 20, 12, 8, 4, 11, 16, 7, 5, 17, 1]
