-- H_20 result
--------------------------------------------
HostNestNum = 30, P_a = 0.0
--------------------------------------------
-- 2019-01-22 21:58 result data
OFV: 15549.0	/ CPU: 1.001 seconds 	/ department sequence: [9, 3, 18, 10, 19, 14, 2, 15, 16, 4, 11, 12, 8, 20, 7, 6, 5, 13, 17, 1]
-- H_20 result
--------------------------------------------
HostNestNum = 30, P_a = 0.0
--------------------------------------------
-- 2019-01-24 21:37 result data
OFV: 15971.0	/ CPU: 3.659 seconds 	/ department sequence: [17, 19, 18, 15, 4, 2, 14, 16, 11, 8, 12, 20, 7, 5, 10, 6, 13, 9, 3, 1]
-- H_20 result
--------------------------------------------
HostNestNum = 30, P_a = 0.0
--------------------------------------------
-- 2019-01-24 21:40 result data
OFV: 15854.0	/ CPU: 2.395 seconds 	/ department sequence: [1, 17, 3, 18, 10, 5, 6, 7, 8, 12, 11, 4, 14, 2, 16, 15, 20, 19, 13, 9]
-- H_20 result
--------------------------------------------
HostNestNum = 30, P_a = 0.0
--------------------------------------------
-- 2019-01-24 21:42 result data
OFV: 15927.0	/ CPU: 2.348 seconds 	/ department sequence: [1, 3, 9, 13, 6, 10, 5, 7, 16, 11, 14, 12, 2, 4, 20, 8, 15, 18, 19, 17]
-- H20 result
--------------------------------------------
HostNestNum = 30, P_a = 0.0
--------------------------------------------
-- 2020-03-18 21:36 result data
OFV: 15549.0	/ CPU: 6.432 seconds 	/ department sequence: [1, 17, 13, 5, 6, 7, 20, 8, 12, 11, 4, 16, 15, 2, 14, 19, 10, 18, 3, 9]
-- H20 result
--------------------------------------------
HostNestNum = 30, P_a = 0.0
--------------------------------------------
-- 2020-03-18 21:36 result data
OFV: 15549.0	/ CPU: 6.214 seconds 	/ department sequence: [9, 3, 18, 10, 19, 14, 2, 15, 16, 4, 11, 12, 8, 20, 7, 6, 5, 13, 17, 1]
-- H20 result
--------------------------------------------
HostNestNum = 30, P_a = 0.0
--------------------------------------------
-- 2020-03-18 21:36 result data
OFV: 15549.0	/ CPU: 7.119 seconds 	/ department sequence: [1, 17, 13, 5, 6, 7, 20, 8, 12, 11, 4, 16, 15, 2, 14, 19, 10, 18, 3, 9]
-- H20 result
--------------------------------------------
HostNestNum = 30, P_a = 0.0
--------------------------------------------
-- 2020-03-18 21:36 result data
OFV: 15549.0	/ CPU: 7.683 seconds 	/ department sequence: [1, 17, 13, 5, 6, 7, 20, 8, 12, 11, 4, 16, 15, 2, 14, 19, 10, 18, 3, 9]
-- H20 result
--------------------------------------------
HostNestNum = 30, P_a = 0.0
--------------------------------------------
-- 2020-03-18 21:36 result data
OFV: 15588.0	/ CPU: 6.615 seconds 	/ department sequence: [9, 3, 18, 10, 19, 14, 2, 15, 16, 4, 11, 12, 8, 20, 7, 5, 6, 13, 17, 1]
-- H20 result
--------------------------------------------
HostNestNum = 30, P_a = 0.0
--------------------------------------------
-- 2020-03-18 21:39 result data
OFV: 15549.0	/ CPU: 5.802 seconds 	/ department sequence: [9, 3, 18, 10, 19, 14, 2, 15, 16, 4, 11, 12, 8, 20, 7, 6, 5, 13, 17, 1]
-- H20 result
--------------------------------------------
HostNestNum = 30, P_a = 0.0
--------------------------------------------
-- 2020-03-18 21:39 result data
OFV: 15549.0	/ CPU: 6.070 seconds 	/ department sequence: [9, 3, 18, 10, 19, 14, 2, 15, 16, 4, 11, 12, 8, 20, 7, 6, 5, 13, 17, 1]
-- H20 result
--------------------------------------------
HostNestNum = 30, P_a = 0.0
--------------------------------------------
-- 2020-03-18 21:39 result data
OFV: 15549.0	/ CPU: 6.326 seconds 	/ department sequence: [1, 17, 13, 5, 6, 7, 20, 8, 12, 11, 4, 16, 15, 2, 14, 19, 10, 18, 3, 9]
-- H20 result
--------------------------------------------
HostNestNum = 30, P_a = 0.0
--------------------------------------------
-- 2020-03-18 21:39 result data
OFV: 15549.0	/ CPU: 5.590 seconds 	/ department sequence: [1, 17, 13, 5, 6, 7, 20, 8, 12, 11, 4, 16, 15, 2, 14, 19, 10, 18, 3, 9]
-- H20 result
--------------------------------------------
HostNestNum = 30, P_a = 0.0
--------------------------------------------
-- 2020-03-18 21:39 result data
OFV: 15549.0	/ CPU: 5.444 seconds 	/ department sequence: [1, 17, 13, 5, 6, 7, 20, 8, 12, 11, 4, 16, 15, 2, 14, 19, 10, 18, 3, 9]
