-- H_20 result
--------------------------------------------
HostNestNum = 15, P_a = 0.0
--------------------------------------------
-- 2019-01-06 10:23summary result data
OFV: 15948.0	/ CPU: 1.564	/ department sequence: [9, 13, 3, 6, 5, 10, 18, 7, 14, 12, 2, 4, 11, 16, 20, 8, 15, 19, 17, 1]
-- 2019-01-06 10:23summary result data
OFV: 15971.0	/ CPU: 1.54	/ department sequence: [1, 17, 3, 18, 7, 4, 11, 16, 8, 12, 14, 2, 15, 20, 19, 10, 6, 5, 13, 9]
-- 2019-01-06 10:23summary result data
OFV: 15549.0	/ CPU: 1.505	/ department sequence: [9, 3, 18, 10, 19, 14, 2, 15, 16, 4, 11, 12, 8, 20, 7, 6, 5, 13, 17, 1]
-- 2019-01-06 10:23summary result data
OFV: 15816.0	/ CPU: 1.5	/ department sequence: [1, 17, 5, 19, 7, 15, 20, 4, 2, 12, 8, 11, 16, 14, 18, 10, 6, 3, 13, 9]
-- 2019-01-06 10:23summary result data
OFV: 15927.0	/ CPU: 2.157	/ department sequence: [1, 3, 9, 13, 6, 10, 5, 7, 16, 11, 14, 12, 2, 4, 20, 8, 15, 18, 19, 17]
-- 2019-01-06 10:23summary result data
OFV: 15673.0	/ CPU: 1.969	/ department sequence: [1, 17, 5, 7, 16, 11, 4, 8, 12, 20, 15, 2, 14, 19, 18, 10, 6, 3, 13, 9]
-- 2019-01-06 10:23summary result data
OFV: 16216.0	/ CPU: 1.488	/ department sequence: [1, 17, 5, 19, 10, 18, 7, 12, 14, 2, 4, 11, 16, 15, 8, 20, 6, 3, 13, 9]
-- 2019-01-06 10:23summary result data
OFV: 15896.0	/ CPU: 1.943	/ department sequence: [9, 13, 19, 20, 15, 8, 12, 14, 2, 16, 4, 11, 7, 6, 5, 10, 18, 3, 17, 1]
-- 2019-01-06 10:23summary result data
OFV: 15854.0	/ CPU: 1.633	/ department sequence: [1, 17, 3, 18, 10, 5, 6, 7, 8, 12, 11, 4, 14, 2, 20, 15, 16, 19, 13, 9]
-- 2019-01-06 10:23summary result data
OFV: 15549.0	/ CPU: 1.595	/ department sequence: [1, 17, 13, 5, 6, 7, 20, 8, 12, 11, 4, 16, 15, 2, 14, 19, 10, 18, 3, 9]
