-- H_20 result
--------------------------------------------
HostNestNum = 10, P_a = 0.4
--------------------------------------------
-- 2019-01-06 10:21summary result data
OFV: 15795.0	/ CPU: 5.782	/ department sequence: [1, 17, 5, 19, 7, 15, 20, 8, 12, 2, 4, 11, 16, 14, 18, 10, 6, 3, 13, 9]
-- 2019-01-06 10:21summary result data
OFV: 15927.0	/ CPU: 4.435	/ department sequence: [17, 19, 18, 15, 8, 20, 4, 2, 12, 14, 11, 16, 7, 5, 10, 6, 13, 9, 3, 1]
-- 2019-01-06 10:22summary result data
OFV: 15868.0	/ CPU: 4.945	/ department sequence: [9, 13, 19, 20, 15, 8, 16, 11, 4, 2, 14, 12, 7, 6, 5, 10, 18, 3, 17, 1]
-- 2019-01-06 10:22summary result data
OFV: 15948.0	/ CPU: 4.651	/ department sequence: [9, 13, 3, 6, 5, 10, 18, 7, 14, 12, 2, 4, 11, 16, 20, 8, 15, 19, 17, 1]
-- 2019-01-06 10:22summary result data
OFV: 16001.0	/ CPU: 4.554	/ department sequence: [1, 17, 5, 19, 7, 15, 4, 2, 16, 11, 14, 12, 8, 20, 18, 10, 6, 3, 13, 9]
-- 2019-01-06 10:22summary result data
OFV: 15963.0	/ CPU: 5.935	/ department sequence: [9, 13, 5, 6, 19, 20, 15, 8, 2, 4, 16, 11, 14, 12, 7, 10, 18, 3, 17, 1]
-- 2019-01-06 10:22summary result data
OFV: 16029.0	/ CPU: 5.282	/ department sequence: [9, 13, 19, 6, 20, 15, 7, 4, 2, 12, 14, 16, 11, 8, 5, 10, 18, 3, 17, 1]
-- 2019-01-06 10:22summary result data
OFV: 16057.0	/ CPU: 4.906	/ department sequence: [1, 17, 5, 19, 10, 18, 16, 11, 4, 2, 14, 12, 8, 15, 20, 7, 6, 3, 13, 9]
-- 2019-01-06 10:22summary result data
OFV: 15966.0	/ CPU: 4.406	/ department sequence: [1, 17, 3, 18, 10, 7, 11, 16, 14, 12, 4, 2, 8, 15, 20, 19, 6, 5, 13, 9]
-- 2019-01-06 10:22summary result data
OFV: 15927.0	/ CPU: 4.554	/ department sequence: [1, 3, 9, 13, 6, 10, 5, 7, 16, 11, 14, 12, 2, 4, 20, 8, 15, 18, 19, 17]
-- H_20 result
--------------------------------------------
HostNestNum = 10, P_a = 0.4
--------------------------------------------
-- 2019-01-22 21:37 result data
OFV: 15927.0	/ CPU: 14.405 seconds 	/ department sequence: [1, 3, 9, 13, 6, 10, 5, 7, 16, 11, 14, 12, 2, 4, 20, 8, 15, 18, 19, 17]
-- H_20 result
--------------------------------------------
HostNestNum = 10, P_a = 0.4
--------------------------------------------
-- 2019-01-22 21:56 result data
OFV: 15796.0	/ CPU: 16.588 seconds 	/ department sequence: [9, 13, 3, 6, 5, 10, 18, 19, 14, 2, 16, 4, 11, 12, 8, 15, 20, 7, 17, 1]
-- H_20 result
--------------------------------------------
HostNestNum = 10, P_a = 0.4
--------------------------------------------
-- 2019-01-23 00:41 result data
OFV: 15978.0	/ CPU: 9.638 seconds 	/ department sequence: [1, 17, 3, 18, 10, 16, 11, 8, 14, 12, 4, 2, 15, 7, 20, 19, 6, 5, 13, 9]
-- H_20 result
--------------------------------------------
HostNestNum = 10, P_a = 0.4
--------------------------------------------
-- 2019-01-24 21:37 result data
OFV: 15673.0	/ CPU: 3.684 seconds 	/ department sequence: [9, 13, 3, 6, 10, 18, 19, 14, 2, 15, 20, 12, 8, 4, 11, 16, 7, 5, 17, 1]
-- H_20 result
--------------------------------------------
HostNestNum = 10, P_a = 0.4
--------------------------------------------
-- 2019-01-24 21:39 result data
OFV: 15673.0	/ CPU: 5.014 seconds 	/ department sequence: [1, 17, 5, 7, 16, 11, 4, 8, 12, 20, 15, 2, 14, 19, 18, 10, 6, 3, 13, 9]
-- H_20 result
--------------------------------------------
HostNestNum = 10, P_a = 0.4
--------------------------------------------
-- 2019-01-24 21:41 result data
OFV: 15966.0	/ CPU: 10.012 seconds 	/ department sequence: [1, 17, 3, 18, 10, 7, 11, 16, 14, 12, 4, 2, 8, 15, 20, 19, 6, 5, 13, 9]
-- H20 result
--------------------------------------------
HostNestNum = 10, P_a = 0.4
--------------------------------------------
-- 2020-03-12 14:19 result data
OFV: 15795.0	/ CPU: 18.912 seconds 	/ department sequence: [9, 13, 3, 6, 10, 18, 14, 16, 11, 4, 2, 12, 8, 20, 15, 7, 19, 5, 17, 1]
OFV: 15854.0	/ CPU: 19.370 seconds 	/ department sequence: [9, 13, 19, 20, 15, 16, 2, 14, 12, 4, 11, 8, 7, 6, 5, 18, 10, 3, 17, 1]
OFV: 15854.0	/ CPU: 19.746 seconds 	/ department sequence: [9, 13, 19, 20, 15, 16, 2, 4, 14, 11, 12, 8, 7, 5, 6, 10, 18, 3, 17, 1]
-- H20 result
--------------------------------------------
HostNestNum = 10, P_a = 0.4
--------------------------------------------
-- 2020-03-17 23:26 result data
OFV: 16029.0	/ CPU: 3.243 seconds 	/ department sequence: [1, 17, 19, 18, 15, 16, 14, 2, 4, 11, 12, 8, 20, 7, 10, 5, 6, 3, 13, 9]
OFV: 15573.0	/ CPU: 2.980 seconds 	/ department sequence: [1, 17, 13, 5, 6, 7, 20, 8, 11, 4, 12, 16, 15, 2, 14, 19, 10, 18, 3, 9]
OFV: 15854.0	/ CPU: 2.667 seconds 	/ department sequence: [9, 13, 19, 20, 15, 16, 2, 14, 4, 11, 12, 8, 7, 6, 5, 10, 18, 3, 17, 1]
OFV: 15549.0	/ CPU: 3.626 seconds 	/ department sequence: [9, 3, 18, 10, 19, 14, 2, 15, 16, 4, 11, 12, 8, 20, 7, 6, 5, 13, 17, 1]
OFV: 15581.0	/ CPU: 2.840 seconds 	/ department sequence: [1, 17, 13, 5, 6, 7, 20, 8, 12, 15, 11, 4, 16, 2, 14, 19, 10, 18, 3, 9]
OFV: 15854.0	/ CPU: 2.478 seconds 	/ department sequence: [1, 17, 3, 18, 10, 5, 6, 7, 8, 12, 11, 4, 14, 2, 16, 15, 20, 19, 13, 9]
OFV: 15868.0	/ CPU: 3.236 seconds 	/ department sequence: [1, 17, 3, 18, 10, 5, 6, 7, 12, 14, 2, 4, 11, 16, 8, 15, 20, 19, 13, 9]
OFV: 15868.0	/ CPU: 2.408 seconds 	/ department sequence: [1, 17, 3, 18, 10, 5, 6, 7, 12, 14, 2, 4, 11, 16, 8, 15, 20, 19, 13, 9]
OFV: 15902.0	/ CPU: 2.949 seconds 	/ department sequence: [9, 13, 19, 20, 15, 8, 16, 12, 14, 2, 4, 11, 7, 6, 5, 10, 18, 3, 17, 1]
OFV: 15944.0	/ CPU: 2.400 seconds 	/ department sequence: [1, 3, 9, 13, 6, 10, 5, 7, 16, 14, 12, 11, 2, 4, 20, 8, 15, 18, 19, 17]
-- H20 result
--------------------------------------------
HostNestNum = 10, P_a = 0.4
--------------------------------------------
-- 2020-03-17 23:32 result data
OFV: 15902.0	/ CPU: 2.336 seconds 	/ department sequence: [9, 13, 19, 20, 15, 8, 16, 12, 14, 2, 4, 11, 7, 6, 5, 10, 18, 3, 17, 1]
OFV: 15928.0	/ CPU: 2.397 seconds 	/ department sequence: [1, 17, 3, 18, 10, 5, 6, 7, 12, 14, 2, 11, 4, 16, 8, 15, 20, 19, 13, 9]
OFV: 15868.0	/ CPU: 2.880 seconds 	/ department sequence: [1, 17, 3, 18, 10, 5, 6, 7, 12, 14, 2, 4, 11, 16, 8, 15, 20, 19, 13, 9]
OFV: 16018.0	/ CPU: 2.701 seconds 	/ department sequence: [1, 17, 3, 18, 10, 5, 7, 11, 12, 14, 4, 2, 16, 8, 15, 20, 6, 19, 13, 9]
OFV: 15989.0	/ CPU: 3.916 seconds 	/ department sequence: [9, 13, 3, 6, 10, 19, 20, 15, 8, 2, 14, 12, 4, 11, 16, 18, 7, 5, 17, 1]
OFV: 15896.0	/ CPU: 2.376 seconds 	/ department sequence: [1, 17, 3, 18, 10, 5, 6, 7, 11, 4, 16, 2, 14, 12, 8, 15, 20, 19, 13, 9]
OFV: 16054.0	/ CPU: 2.648 seconds 	/ department sequence: [9, 13, 19, 6, 20, 15, 8, 12, 14, 4, 2, 16, 11, 7, 5, 10, 18, 3, 17, 1]
OFV: 15673.0	/ CPU: 2.778 seconds 	/ department sequence: [9, 13, 3, 6, 10, 18, 19, 14, 2, 15, 20, 12, 8, 4, 11, 16, 7, 5, 17, 1]
OFV: 15902.0	/ CPU: 2.529 seconds 	/ department sequence: [1, 17, 3, 18, 10, 5, 6, 7, 11, 4, 2, 14, 12, 16, 8, 15, 20, 19, 13, 9]
OFV: 15896.0	/ CPU: 2.314 seconds 	/ department sequence: [9, 13, 19, 20, 15, 8, 12, 14, 2, 16, 4, 11, 7, 6, 5, 10, 18, 3, 17, 1]
-- H20 result
--------------------------------------------
HostNestNum = 10, P_a = 0.4
--------------------------------------------
-- 2020-03-17 23:38 result data
OFV: 15927.0	/ CPU: 2.866 seconds 	/ department sequence: [1, 3, 9, 13, 6, 10, 5, 7, 16, 11, 14, 12, 2, 4, 20, 8, 15, 18, 19, 17]
OFV: 15819.0	/ CPU: 3.425 seconds 	/ department sequence: [1, 17, 5, 19, 7, 15, 20, 4, 2, 8, 12, 11, 16, 14, 18, 10, 6, 3, 13, 9]
OFV: 15914.0	/ CPU: 5.236 seconds 	/ department sequence: [1, 17, 3, 18, 10, 5, 6, 7, 11, 4, 12, 14, 2, 16, 8, 15, 20, 19, 13, 9]
OFV: 16365.0	/ CPU: 3.830 seconds 	/ department sequence: [9, 13, 19, 6, 20, 15, 7, 4, 12, 14, 2, 11, 16, 8, 5, 10, 18, 3, 17, 1]
OFV: 15919.0	/ CPU: 4.978 seconds 	/ department sequence: [9, 13, 3, 6, 10, 19, 20, 15, 2, 14, 12, 8, 4, 11, 16, 18, 7, 5, 17, 1]
OFV: 15944.0	/ CPU: 3.584 seconds 	/ department sequence: [9, 13, 19, 20, 15, 8, 4, 2, 12, 14, 16, 11, 7, 6, 5, 10, 18, 3, 17, 1]
OFV: 15896.0	/ CPU: 2.837 seconds 	/ department sequence: [1, 17, 3, 18, 10, 5, 6, 7, 11, 4, 16, 2, 14, 12, 8, 15, 20, 19, 13, 9]
OFV: 15838.0	/ CPU: 3.339 seconds 	/ department sequence: [1, 17, 19, 7, 15, 20, 8, 12, 4, 2, 11, 16, 14, 18, 10, 5, 6, 3, 13, 9]
OFV: 15927.0	/ CPU: 3.357 seconds 	/ department sequence: [1, 3, 9, 13, 6, 10, 5, 7, 16, 11, 14, 12, 2, 4, 20, 8, 15, 18, 19, 17]
OFV: 15972.0	/ CPU: 4.769 seconds 	/ department sequence: [9, 13, 3, 6, 10, 19, 20, 15, 2, 14, 8, 12, 4, 11, 16, 18, 7, 5, 17, 1]
-- H20 result
--------------------------------------------
HostNestNum = 10, P_a = 0.4
--------------------------------------------
-- 2020-03-17 23:42 result data
OFV: 15859.0	/ CPU: 5.545 seconds 	/ department sequence: [9, 13, 3, 6, 5, 10, 18, 14, 16, 11, 8, 12, 2, 4, 20, 15, 7, 19, 17, 1]
OFV: 16001.0	/ CPU: 3.695 seconds 	/ department sequence: [1, 17, 3, 18, 10, 5, 7, 8, 12, 11, 4, 14, 2, 16, 15, 20, 6, 19, 13, 9]
OFV: 15941.0	/ CPU: 3.504 seconds 	/ department sequence: [1, 17, 3, 18, 10, 5, 6, 7, 11, 12, 14, 2, 4, 16, 8, 15, 20, 19, 13, 9]
OFV: 15901.0	/ CPU: 3.416 seconds 	/ department sequence: [9, 13, 19, 15, 20, 8, 16, 11, 12, 14, 2, 4, 7, 6, 5, 10, 18, 3, 17, 1]
OFV: 15991.0	/ CPU: 3.519 seconds 	/ department sequence: [1, 17, 3, 18, 10, 5, 7, 11, 4, 2, 14, 12, 16, 8, 15, 20, 6, 19, 13, 9]
OFV: 16091.0	/ CPU: 3.084 seconds 	/ department sequence: [1, 17, 19, 7, 15, 20, 4, 2, 11, 14, 12, 16, 8, 18, 10, 5, 6, 3, 13, 9]
OFV: 15969.0	/ CPU: 3.799 seconds 	/ department sequence: [9, 13, 19, 20, 15, 8, 4, 2, 12, 11, 14, 16, 7, 6, 5, 10, 18, 3, 17, 1]
OFV: 15796.0	/ CPU: 6.216 seconds 	/ department sequence: [9, 13, 3, 6, 5, 10, 18, 19, 14, 2, 16, 4, 11, 12, 8, 15, 20, 7, 17, 1]
OFV: 15917.0	/ CPU: 3.007 seconds 	/ department sequence: [1, 17, 3, 18, 10, 5, 6, 7, 11, 16, 14, 12, 2, 4, 8, 15, 20, 19, 13, 9]
OFV: 15927.0	/ CPU: 3.145 seconds 	/ department sequence: [1, 3, 9, 13, 6, 10, 5, 7, 16, 11, 14, 12, 2, 4, 20, 8, 15, 18, 19, 17]
-- H20 result
--------------------------------------------
HostNestNum = 10, P_a = 0.4
--------------------------------------------
-- 2020-03-18 17:02 result data
OFV: 15896.0	/ CPU: 10.339 seconds 	/ department sequence: [1, 17, 3, 18, 10, 5, 6, 7, 11, 4, 16, 2, 14, 12, 8, 15, 20, 19, 13, 9]
OFV: 15927.0	/ CPU: 10.526 seconds 	/ department sequence: [1, 3, 9, 13, 6, 10, 5, 7, 16, 11, 14, 12, 2, 4, 20, 8, 15, 18, 19, 17]
OFV: 15896.0	/ CPU: 10.929 seconds 	/ department sequence: [9, 13, 19, 20, 15, 8, 12, 14, 2, 16, 4, 11, 7, 6, 5, 10, 18, 3, 17, 1]
OFV: 15896.0	/ CPU: 12.404 seconds 	/ department sequence: [9, 13, 19, 20, 15, 8, 12, 14, 2, 16, 4, 11, 7, 6, 5, 10, 18, 3, 17, 1]
OFV: 15927.0	/ CPU: 13.621 seconds 	/ department sequence: [1, 3, 9, 13, 6, 10, 5, 7, 16, 11, 14, 12, 2, 4, 20, 8, 15, 18, 19, 17]
OFV: 15854.0	/ CPU: 10.408 seconds 	/ department sequence: [1, 17, 3, 18, 10, 5, 6, 7, 8, 12, 11, 4, 14, 2, 16, 15, 20, 19, 13, 9]
OFV: 15796.0	/ CPU: 11.796 seconds 	/ department sequence: [1, 17, 7, 20, 15, 8, 12, 11, 4, 16, 2, 14, 19, 18, 10, 5, 6, 3, 13, 9]
OFV: 15854.0	/ CPU: 11.381 seconds 	/ department sequence: [1, 17, 3, 18, 10, 5, 6, 7, 8, 12, 11, 4, 14, 2, 20, 15, 16, 19, 13, 9]
OFV: 15573.0	/ CPU: 16.918 seconds 	/ department sequence: [1, 17, 13, 5, 6, 7, 20, 8, 11, 12, 4, 16, 15, 2, 14, 19, 10, 18, 3, 9]
OFV: 15549.0	/ CPU: 11.223 seconds 	/ department sequence: [1, 17, 13, 5, 6, 7, 20, 8, 12, 11, 4, 16, 15, 2, 14, 19, 10, 18, 3, 9]
-- H20 result
--------------------------------------------
HostNestNum = 10, P_a = 0.4
--------------------------------------------
-- 2020-03-18 17:41 result data
OFV: 15896.0	/ CPU: 11.769 seconds 	/ department sequence: [9, 13, 19, 20, 15, 8, 12, 14, 2, 16, 4, 11, 7, 6, 5, 10, 18, 3, 17, 1]
OFV: 15549.0	/ CPU: 12.469 seconds 	/ department sequence: [9, 3, 18, 10, 19, 14, 2, 15, 16, 4, 11, 12, 8, 20, 7, 6, 5, 13, 17, 1]
OFV: 15549.0	/ CPU: 15.949 seconds 	/ department sequence: [1, 17, 13, 5, 6, 7, 20, 8, 12, 11, 4, 16, 15, 2, 14, 19, 10, 18, 3, 9]
OFV: 15927.0	/ CPU: 16.686 seconds 	/ department sequence: [1, 3, 9, 13, 6, 10, 5, 7, 16, 11, 14, 12, 2, 4, 20, 8, 15, 18, 19, 17]
OFV: 15549.0	/ CPU: 15.428 seconds 	/ department sequence: [9, 3, 18, 10, 19, 14, 2, 15, 16, 4, 11, 12, 8, 20, 7, 6, 5, 13, 17, 1]
OFV: 15854.0	/ CPU: 16.324 seconds 	/ department sequence: [1, 17, 3, 18, 10, 5, 6, 7, 8, 12, 11, 4, 14, 2, 16, 15, 20, 19, 13, 9]
OFV: 15927.0	/ CPU: 10.899 seconds 	/ department sequence: [1, 3, 9, 13, 6, 10, 5, 7, 16, 11, 14, 12, 2, 4, 20, 8, 15, 18, 19, 17]
OFV: 15819.0	/ CPU: 11.253 seconds 	/ department sequence: [1, 17, 5, 19, 7, 15, 20, 4, 2, 12, 8, 11, 16, 14, 18, 10, 6, 3, 13, 9]
OFV: 15549.0	/ CPU: 13.074 seconds 	/ department sequence: [9, 3, 18, 10, 19, 14, 2, 15, 16, 4, 11, 12, 8, 20, 7, 6, 5, 13, 17, 1]
OFV: 15854.0	/ CPU: 10.713 seconds 	/ department sequence: [1, 17, 3, 18, 10, 5, 6, 7, 8, 12, 11, 4, 14, 2, 20, 15, 16, 19, 13, 9]
