-- H_20 result
--------------------------------------------
HostNestNum = 50, P_a = 0.01
--------------------------------------------
-- 2019-01-06 10:37summary result data
OFV: 15796.0	/ CPU: 2.335	/ department sequence: [9, 13, 3, 6, 5, 10, 18, 19, 14, 2, 16, 4, 11, 12, 8, 15, 20, 7, 17, 1]
-- 2019-01-06 10:37summary result data
OFV: 15971.0	/ CPU: 2.458	/ department sequence: [1, 17, 3, 18, 7, 4, 11, 16, 8, 12, 14, 2, 15, 20, 19, 10, 6, 5, 13, 9]
-- 2019-01-06 10:38summary result data
OFV: 16241.0	/ CPU: 2.318	/ department sequence: [9, 13, 17, 5, 6, 19, 10, 18, 14, 2, 4, 16, 11, 12, 8, 20, 15, 7, 3, 1]
-- 2019-01-06 10:38summary result data
OFV: 15549.0	/ CPU: 3.122	/ department sequence: [1, 17, 13, 5, 6, 7, 20, 8, 12, 11, 4, 16, 15, 2, 14, 19, 10, 18, 3, 9]
-- 2019-01-06 10:38summary result data
OFV: 16039.0	/ CPU: 2.457	/ department sequence: [17, 13, 5, 6, 19, 7, 20, 4, 2, 15, 8, 12, 11, 14, 16, 18, 10, 9, 3, 1]
-- 2019-01-06 10:38summary result data
OFV: 15971.0	/ CPU: 2.329	/ department sequence: [1, 3, 9, 13, 6, 10, 5, 7, 20, 12, 8, 11, 16, 14, 2, 4, 15, 18, 19, 17]
-- 2019-01-06 10:38summary result data
OFV: 16370.0	/ CPU: 4.655	/ department sequence: [9, 13, 17, 5, 19, 18, 16, 14, 2, 4, 11, 8, 12, 15, 20, 7, 6, 10, 3, 1]
-- 2019-01-06 10:38summary result data
OFV: 16039.0	/ CPU: 2.545	/ department sequence: [1, 3, 9, 10, 18, 16, 14, 11, 12, 8, 15, 2, 4, 20, 7, 19, 6, 5, 13, 17]
-- 2019-01-06 10:38summary result data
OFV: 15673.0	/ CPU: 3.32	/ department sequence: [1, 17, 5, 7, 16, 11, 4, 8, 12, 20, 15, 2, 14, 19, 18, 10, 6, 3, 13, 9]
-- 2019-01-06 10:38summary result data
OFV: 15796.0	/ CPU: 2.582	/ department sequence: [9, 13, 3, 6, 5, 10, 18, 19, 14, 2, 16, 4, 11, 12, 8, 15, 20, 7, 17, 1]
