-- H_20 result
--------------------------------------------
HostNestNum = 5, P_a = 0.4
--------------------------------------------
-- 2019-01-06 10:16summary result data
OFV: 16039.0	/ CPU: 4.355	/ department sequence: [17, 13, 5, 6, 19, 7, 20, 4, 2, 15, 8, 12, 11, 14, 16, 18, 10, 9, 3, 1]
-- 2019-01-06 10:16summary result data
OFV: 16091.0	/ CPU: 3.652	/ department sequence: [1, 17, 5, 19, 10, 18, 15, 2, 14, 12, 8, 4, 11, 16, 20, 7, 6, 3, 13, 9]
-- 2019-01-06 10:16summary result data
OFV: 15854.0	/ CPU: 3.072	/ department sequence: [1, 17, 3, 18, 10, 5, 6, 7, 8, 12, 11, 4, 14, 2, 20, 15, 16, 19, 13, 9]
-- 2019-01-06 10:17summary result data
OFV: 15966.0	/ CPU: 3.569	/ department sequence: [1, 17, 3, 18, 10, 7, 11, 16, 14, 12, 4, 2, 8, 15, 20, 19, 6, 5, 13, 9]
-- 2019-01-06 10:17summary result data
OFV: 15796.0	/ CPU: 3.947	/ department sequence: [1, 17, 7, 20, 15, 8, 12, 11, 4, 16, 2, 14, 19, 18, 10, 5, 6, 3, 13, 9]
-- 2019-01-06 10:17summary result data
OFV: 15549.0	/ CPU: 7.273	/ department sequence: [9, 3, 18, 10, 19, 14, 2, 15, 16, 4, 11, 12, 8, 20, 7, 6, 5, 13, 17, 1]
-- 2019-01-06 10:17summary result data
OFV: 15549.0	/ CPU: 3.498	/ department sequence: [9, 3, 18, 10, 19, 14, 2, 15, 16, 4, 11, 12, 8, 20, 7, 6, 5, 13, 17, 1]
-- 2019-01-06 10:17summary result data
OFV: 15549.0	/ CPU: 3.191	/ department sequence: [1, 17, 13, 5, 6, 7, 20, 8, 12, 11, 4, 16, 15, 2, 14, 19, 10, 18, 3, 9]
-- 2019-01-06 10:17summary result data
OFV: 15937.0	/ CPU: 3.277	/ department sequence: [1, 17, 3, 18, 10, 19, 15, 14, 2, 4, 16, 11, 12, 8, 20, 7, 6, 5, 13, 9]
-- 2019-01-06 10:17summary result data
OFV: 15549.0	/ CPU: 6.116	/ department sequence: [1, 17, 13, 5, 6, 7, 20, 8, 12, 11, 4, 16, 15, 2, 14, 19, 10, 18, 3, 9]
-- H20 result
--------------------------------------------
HostNestNum = 5, P_a = 0.4
--------------------------------------------
-- 2020-03-12 14:03 result data
OFV: 16177.0	/ CPU: 10.397 seconds 	/ department sequence: [16, 19, 17, 20, 4, 8, 2, 11, 15, 12, 14, 18, 5, 7, 10, 6, 13, 9, 3, 1]
OFV: 15979.0	/ CPU: 8.019 seconds 	/ department sequence: [9, 1, 17, 3, 18, 10, 5, 11, 8, 4, 16, 2, 15, 12, 7, 14, 20, 6, 19, 13]
OFV: 16093.0	/ CPU: 7.624 seconds 	/ department sequence: [13, 9, 17, 7, 6, 20, 19, 2, 15, 3, 5, 12, 14, 16, 11, 8, 18, 10, 4, 1]
OFV: 15854.0	/ CPU: 7.584 seconds 	/ department sequence: [14, 4, 11, 12, 8, 7, 6, 5, 10, 18, 3, 17, 1, 9, 13, 19, 20, 15, 16, 2]
-- H20 result
--------------------------------------------
HostNestNum = 5, P_a = 0.4
--------------------------------------------
-- 2020-03-12 14:17 result data
OFV: 15935.0	/ CPU: 9.121 seconds 	/ department sequence: [1, 17, 3, 18, 10, 19, 15, 14, 2, 12, 8, 4, 11, 16, 20, 7, 6, 5, 13, 9]
OFV: 16194.0	/ CPU: 8.185 seconds 	/ department sequence: [1, 3, 9, 13, 6, 7, 20, 16, 11, 8, 12, 4, 2, 14, 15, 10, 18, 5, 19, 17]
OFV: 15854.0	/ CPU: 10.427 seconds 	/ department sequence: [1, 17, 3, 18, 10, 5, 6, 7, 8, 12, 4, 11, 14, 2, 20, 15, 16, 19, 13, 9]
OFV: 16057.0	/ CPU: 12.745 seconds 	/ department sequence: [1, 17, 5, 19, 10, 18, 16, 11, 4, 2, 14, 12, 8, 15, 20, 7, 6, 3, 9, 13]
OFV: 15673.0	/ CPU: 7.662 seconds 	/ department sequence: [9, 13, 3, 6, 10, 18, 19, 14, 2, 15, 20, 12, 8, 4, 11, 16, 5, 7, 17, 1]
OFV: 15549.0	/ CPU: 1.681 seconds 	/ department sequence: [1, 17, 13, 5, 6, 7, 20, 8, 12, 11, 4, 16, 15, 2, 14, 19, 10, 18, 3, 9]
OFV: 15549.0	/ CPU: 3.495 seconds 	/ department sequence: [9, 3, 18, 10, 19, 14, 2, 15, 16, 4, 11, 12, 8, 20, 7, 6, 5, 13, 17, 1]
OFV: 15943.0	/ CPU: 6.669 seconds 	/ department sequence: [9, 13, 3, 6, 10, 18, 20, 8, 15, 14, 12, 2, 11, 16, 4, 7, 19, 5, 17, 1]
OFV: 15673.0	/ CPU: 21.833 seconds 	/ department sequence: [1, 17, 5, 16, 7, 11, 4, 8, 12, 20, 15, 2, 14, 19, 18, 6, 10, 3, 13, 9]
OFV: 15816.0	/ CPU: 7.399 seconds 	/ department sequence: [9, 13, 6, 3, 10, 18, 14, 16, 11, 8, 12, 2, 4, 20, 15, 7, 19, 5, 17, 1]
-- H20 result
--------------------------------------------
HostNestNum = 5, P_a = 0.4
--------------------------------------------
-- 2020-03-12 14:24 result data
OFV: 16039.0	/ CPU: 40.031 seconds 	/ department sequence: [17, 13, 6, 5, 19, 7, 20, 4, 2, 15, 8, 12, 11, 14, 16, 10, 18, 9, 1, 3]
-- H20 result
--------------------------------------------
HostNestNum = 5, P_a = 0.4
--------------------------------------------
-- 2020-03-12 14:26 result data
OFV: 15795.0	/ CPU: 54.339 seconds 	/ department sequence: [1, 17, 5, 19, 7, 15, 20, 8, 12, 2, 4, 11, 16, 14, 18, 10, 3, 6, 13, 9]
-- H20 result
--------------------------------------------
HostNestNum = 5, P_a = 0.4
--------------------------------------------
-- 2020-03-12 14:27 result data
OFV: 15963.0	/ CPU: 15.107 seconds 	/ department sequence: [9, 5, 13, 19, 6, 20, 15, 8, 4, 2, 16, 11, 14, 12, 7, 10, 18, 3, 17, 1]
OFV: 15549.0	/ CPU: 3.111 seconds 	/ department sequence: [9, 3, 18, 10, 19, 14, 2, 15, 16, 4, 11, 12, 8, 20, 7, 6, 5, 13, 17, 1]
OFV: 15816.0	/ CPU: 28.098 seconds 	/ department sequence: [1, 17, 5, 19, 7, 15, 20, 4, 2, 12, 8, 11, 16, 14, 18, 10, 6, 3, 13, 9]
-- H20 result
--------------------------------------------
HostNestNum = 5, P_a = 0.4
--------------------------------------------
-- 2020-03-12 14:30 result data
OFV: 15549.0	/ CPU: 0.674 seconds 	/ department sequence: [20, 1, 19, 9, 13, 11, 15, 16, 10, 3, 17, 2, 6, 7, 12, 14, 18, 4, 5, 8]
OFV: 15943.0	/ CPU: 21.654 seconds 	/ department sequence: [16, 14, 4, 5, 20, 18, 17, 11, 1, 12, 2, 15, 3, 9, 7, 8, 13, 10, 6, 19]
OFV: 16039.0	/ CPU: 10.818 seconds 	/ department sequence: [12, 1, 3, 18, 4, 16, 14, 6, 5, 17, 11, 9, 15, 7, 19, 13, 20, 8, 10, 2]
OFV: 15673.0	/ CPU: 14.899 seconds 	/ department sequence: [17, 12, 4, 18, 2, 11, 3, 14, 8, 16, 13, 19, 15, 9, 7, 5, 20, 6, 10, 1]
OFV: 15575.0	/ CPU: 10.325 seconds 	/ department sequence: [13, 20, 18, 10, 12, 19, 11, 7, 15, 2, 9, 16, 14, 3, 17, 1, 4, 6, 8, 5]
OFV: 15796.0	/ CPU: 16.238 seconds 	/ department sequence: [16, 5, 6, 19, 11, 9, 7, 14, 10, 2, 4, 17, 3, 20, 15, 8, 13, 18, 12, 1]
OFV: 15549.0	/ CPU: 0.996 seconds 	/ department sequence: [5, 15, 11, 17, 16, 19, 14, 8, 6, 7, 2, 4, 18, 12, 1, 3, 20, 13, 9, 10]
OFV: 15927.0	/ CPU: 17.952 seconds 	/ department sequence: [10, 1, 2, 19, 9, 11, 8, 17, 5, 12, 4, 7, 13, 15, 3, 20, 18, 6, 16, 14]
-- H20 result
--------------------------------------------
HostNestNum = 5, P_a = 0.4
--------------------------------------------
-- 2020-03-12 15:30 result data
-- H20 result
--------------------------------------------
HostNestNum = 5, P_a = 0.4
--------------------------------------------
-- 2020-03-12 15:34 result data
-- H20 result
--------------------------------------------
HostNestNum = 5, P_a = 0.4
--------------------------------------------
-- 2020-03-12 15:59 result data
-- H20 result
--------------------------------------------
HostNestNum = 5, P_a = 0.4
--------------------------------------------
-- 2020-03-12 16:05 result data
OFV: 16391.0	/ CPU: 54.262 seconds 	/ department sequence: [12, 5, 8, 10, 16, 18, 11, 1, 20, 9, 19, 15, 7, 14, 6, 2, 13, 4, 3, 17]
-- H20 result
--------------------------------------------
HostNestNum = 5, P_a = 0.4
--------------------------------------------
-- 2020-03-12 16:18 result data
OFV: 15978.0	/ CPU: 83.661 seconds 	/ department sequence: [15, 11, 10, 8, 1, 2, 5, 16, 4, 18, 20, 7, 13, 12, 3, 9, 17, 6, 14, 19]
OFV: 15927.0	/ CPU: 31.912 seconds 	/ department sequence: [8, 10, 11, 9, 3, 6, 17, 13, 14, 5, 12, 18, 4, 19, 20, 2, 16, 1, 15, 7]
-- H20 result
--------------------------------------------
HostNestNum = 5, P_a = 0.4
--------------------------------------------
-- 2020-03-12 16:36 result data
-- H20 result
--------------------------------------------
HostNestNum = 5, P_a = 0.4
--------------------------------------------
-- 2020-03-12 16:38 result data
-- H20 result
--------------------------------------------
HostNestNum = 5, P_a = 0.4
--------------------------------------------
-- 2020-03-12 16:42 result data
-- H20 result
--------------------------------------------
HostNestNum = 5, P_a = 0.4
--------------------------------------------
-- 2020-03-12 16:59 result data
-- H20 result
--------------------------------------------
HostNestNum = 5, P_a = 0.4
--------------------------------------------
-- 2020-03-12 17:24 result data
-- H20 result
--------------------------------------------
HostNestNum = 5, P_a = 0.4
--------------------------------------------
-- 2020-03-12 17:29 result data
-- H20 result
--------------------------------------------
HostNestNum = 5, P_a = 0.4
--------------------------------------------
-- 2020-03-12 17:33 result data
-- H20 result
--------------------------------------------
HostNestNum = 5, P_a = 0.4
--------------------------------------------
-- 2020-03-12 17:37 result data
-- H20 result
--------------------------------------------
HostNestNum = 5, P_a = 0.4
--------------------------------------------
-- 2020-03-12 17:38 result data
-- H20 result
--------------------------------------------
HostNestNum = 5, P_a = 0.4
--------------------------------------------
-- 2020-03-12 17:41 result data
-- H20 result
--------------------------------------------
HostNestNum = 5, P_a = 0.4
--------------------------------------------
-- 2020-03-12 17:46 result data
-- H20 result
--------------------------------------------
HostNestNum = 5, P_a = 0.4
--------------------------------------------
-- 2020-03-12 18:28 result data
-- H20 result
--------------------------------------------
HostNestNum = 5, P_a = 0.4
--------------------------------------------
-- 2020-03-12 18:29 result data
-- H20 result
--------------------------------------------
HostNestNum = 5, P_a = 0.4
--------------------------------------------
-- 2020-03-12 18:30 result data
OFV: 16644.0	/ CPU: 244.650 seconds 	/ department sequence: [19, 11, 2, 16, 1, 20, 14, 17, 18, 10, 13, 7, 8, 4, 3, 15, 9, 12, 5, 6]
OFV: 16821.0	/ CPU: 192.541 seconds 	/ department sequence: [4, 2, 3, 11, 15, 13, 7, 1, 12, 9, 14, 17, 19, 5, 8, 16, 6, 10, 20, 18]
-- H20 result
--------------------------------------------
HostNestNum = 5, P_a = 0.4
--------------------------------------------
-- 2020-03-12 18:41 result data
-- H20 result
--------------------------------------------
HostNestNum = 5, P_a = 0.4
--------------------------------------------
-- 2020-03-12 18:56 result data
OFV: 17348.0	/ CPU: 164.150 seconds 	/ department sequence: [13, 15, 18, 16, 3, 19, 14, 7, 11, 20, 8, 2, 12, 10, 9, 6, 4, 1, 17, 5]
-- H20 result
--------------------------------------------
HostNestNum = 5, P_a = 0.4
--------------------------------------------
-- 2020-03-12 19:01 result data
OFV: 17314.0	/ CPU: 131.638 seconds 	/ department sequence: [1, 9, 3, 5, 6, 7, 13, 10, 2, 11, 12, 8, 14, 4, 16, 15, 20, 19, 18, 17]
-- H20 result
--------------------------------------------
HostNestNum = 5, P_a = 0.4
--------------------------------------------
-- 2020-03-17 23:25 result data
OFV: 15902.0	/ CPU: 1.913 seconds 	/ department sequence: [1, 17, 3, 18, 10, 5, 6, 7, 11, 4, 2, 14, 12, 16, 8, 15, 20, 19, 13, 9]
OFV: 15573.0	/ CPU: 3.388 seconds 	/ department sequence: [9, 3, 18, 10, 19, 14, 2, 15, 16, 12, 4, 11, 8, 20, 7, 6, 5, 13, 17, 1]
OFV: 15991.0	/ CPU: 2.022 seconds 	/ department sequence: [9, 13, 19, 6, 20, 15, 8, 16, 2, 14, 12, 4, 11, 7, 5, 10, 18, 3, 17, 1]
OFV: 15956.0	/ CPU: 2.371 seconds 	/ department sequence: [1, 3, 9, 13, 6, 10, 5, 7, 12, 14, 16, 11, 2, 4, 20, 8, 15, 18, 19, 17]
OFV: 15927.0	/ CPU: 2.304 seconds 	/ department sequence: [1, 3, 9, 13, 6, 10, 5, 7, 16, 11, 14, 12, 2, 4, 20, 8, 15, 18, 19, 17]
OFV: 15673.0	/ CPU: 2.319 seconds 	/ department sequence: [1, 17, 5, 7, 16, 11, 4, 8, 12, 20, 15, 2, 14, 19, 18, 10, 6, 3, 13, 9]
OFV: 15966.0	/ CPU: 2.269 seconds 	/ department sequence: [9, 13, 3, 6, 10, 18, 20, 15, 14, 2, 12, 8, 16, 11, 4, 7, 19, 5, 17, 1]
OFV: 15854.0	/ CPU: 2.573 seconds 	/ department sequence: [1, 17, 3, 18, 10, 5, 6, 7, 8, 12, 11, 4, 14, 2, 16, 15, 20, 19, 13, 9]
OFV: 15934.0	/ CPU: 1.965 seconds 	/ department sequence: [1, 3, 9, 13, 6, 10, 5, 7, 16, 11, 14, 12, 8, 20, 2, 4, 15, 18, 19, 17]
OFV: 15838.0	/ CPU: 2.704 seconds 	/ department sequence: [1, 17, 19, 7, 15, 20, 8, 12, 4, 2, 11, 16, 14, 18, 10, 5, 6, 3, 13, 9]
-- H20 result
--------------------------------------------
HostNestNum = 5, P_a = 0.4
--------------------------------------------
-- 2020-03-17 23:30 result data
OFV: 15917.0	/ CPU: 2.514 seconds 	/ department sequence: [1, 17, 3, 18, 10, 5, 6, 7, 11, 16, 14, 12, 2, 4, 8, 15, 20, 19, 13, 9]
OFV: 16158.0	/ CPU: 2.119 seconds 	/ department sequence: [9, 13, 3, 6, 7, 20, 16, 11, 4, 14, 12, 2, 8, 15, 18, 10, 19, 5, 17, 1]
OFV: 15896.0	/ CPU: 3.604 seconds 	/ department sequence: [1, 17, 3, 18, 10, 5, 6, 7, 11, 4, 16, 2, 14, 12, 8, 15, 20, 19, 13, 9]
OFV: 15854.0	/ CPU: 4.477 seconds 	/ department sequence: [9, 13, 19, 20, 15, 16, 2, 14, 4, 11, 12, 8, 7, 6, 5, 10, 18, 3, 17, 1]
OFV: 15549.0	/ CPU: 9.275 seconds 	/ department sequence: [9, 3, 18, 10, 19, 14, 2, 15, 16, 4, 11, 12, 8, 20, 7, 6, 5, 13, 17, 1]
OFV: 15854.0	/ CPU: 4.177 seconds 	/ department sequence: [1, 17, 3, 18, 10, 5, 6, 7, 8, 12, 11, 4, 14, 2, 16, 15, 20, 19, 13, 9]
OFV: 16009.0	/ CPU: 4.930 seconds 	/ department sequence: [1, 17, 19, 7, 15, 20, 4, 2, 12, 16, 11, 8, 14, 18, 10, 5, 6, 3, 13, 9]
OFV: 15956.0	/ CPU: 2.901 seconds 	/ department sequence: [1, 3, 9, 13, 6, 10, 5, 7, 12, 14, 16, 11, 2, 4, 20, 8, 15, 18, 19, 17]
OFV: 15938.0	/ CPU: 6.264 seconds 	/ department sequence: [1, 17, 3, 18, 10, 19, 15, 14, 2, 12, 4, 8, 11, 16, 20, 7, 6, 5, 13, 9]
OFV: 16001.0	/ CPU: 3.693 seconds 	/ department sequence: [1, 17, 3, 18, 10, 5, 7, 8, 12, 11, 4, 14, 2, 16, 15, 20, 6, 19, 13, 9]
-- H20 result
--------------------------------------------
HostNestNum = 5, P_a = 0.4
--------------------------------------------
-- 2020-03-17 23:37 result data
OFV: 16021.0	/ CPU: 1.737 seconds 	/ department sequence: [1, 17, 3, 18, 10, 5, 7, 11, 12, 14, 4, 2, 16, 8, 15, 20, 6, 19, 13, 9]
OFV: 15854.0	/ CPU: 3.735 seconds 	/ department sequence: [1, 17, 3, 18, 10, 5, 6, 7, 8, 12, 11, 4, 14, 2, 16, 15, 20, 19, 13, 9]
OFV: 15994.0	/ CPU: 1.695 seconds 	/ department sequence: [9, 13, 19, 6, 20, 15, 8, 2, 4, 12, 14, 16, 11, 7, 5, 10, 18, 3, 17, 1]
OFV: 16318.0	/ CPU: 1.558 seconds 	/ department sequence: [9, 13, 3, 6, 5, 10, 18, 8, 4, 14, 16, 11, 2, 12, 20, 7, 15, 19, 17, 1]
OFV: 15979.0	/ CPU: 2.401 seconds 	/ department sequence: [9, 13, 19, 6, 20, 15, 8, 12, 14, 2, 16, 4, 11, 7, 5, 10, 18, 3, 17, 1]
OFV: 15989.0	/ CPU: 2.030 seconds 	/ department sequence: [9, 13, 3, 6, 10, 19, 20, 15, 8, 12, 14, 2, 4, 11, 16, 18, 7, 5, 17, 1]
OFV: 15897.0	/ CPU: 1.873 seconds 	/ department sequence: [9, 13, 3, 6, 5, 10, 18, 16, 11, 14, 2, 4, 12, 8, 20, 15, 7, 19, 17, 1]
OFV: 15928.0	/ CPU: 2.507 seconds 	/ department sequence: [9, 13, 19, 16, 15, 20, 2, 4, 11, 8, 12, 14, 7, 6, 5, 10, 18, 3, 17, 1]
OFV: 15896.0	/ CPU: 1.887 seconds 	/ department sequence: [9, 13, 19, 20, 15, 8, 12, 14, 2, 16, 4, 11, 7, 6, 5, 10, 18, 3, 17, 1]
OFV: 15549.0	/ CPU: 3.823 seconds 	/ department sequence: [9, 3, 18, 10, 19, 14, 2, 15, 16, 4, 11, 12, 8, 20, 7, 6, 5, 13, 17, 1]
-- H20 result
--------------------------------------------
HostNestNum = 5, P_a = 0.4
--------------------------------------------
-- 2020-03-17 23:41 result data
OFV: 15573.0	/ CPU: 6.151 seconds 	/ department sequence: [9, 3, 18, 10, 19, 14, 2, 15, 16, 12, 4, 11, 8, 20, 7, 6, 5, 13, 17, 1]
OFV: 15917.0	/ CPU: 2.917 seconds 	/ department sequence: [1, 17, 3, 18, 10, 5, 6, 7, 11, 16, 14, 12, 2, 4, 8, 15, 20, 19, 13, 9]
OFV: 15902.0	/ CPU: 2.443 seconds 	/ department sequence: [9, 13, 19, 20, 15, 8, 16, 12, 14, 2, 4, 11, 7, 6, 5, 10, 18, 3, 17, 1]
OFV: 15944.0	/ CPU: 2.046 seconds 	/ department sequence: [1, 17, 3, 18, 10, 5, 6, 7, 11, 14, 12, 4, 2, 16, 8, 15, 20, 19, 13, 9]
OFV: 15549.0	/ CPU: 3.273 seconds 	/ department sequence: [9, 3, 18, 10, 19, 14, 2, 15, 16, 4, 11, 12, 8, 20, 7, 6, 5, 13, 17, 1]
OFV: 16230.0	/ CPU: 1.129 seconds 	/ department sequence: [9, 13, 3, 6, 5, 10, 7, 20, 11, 14, 4, 2, 12, 16, 8, 15, 18, 19, 17, 1]
OFV: 16011.0	/ CPU: 1.685 seconds 	/ department sequence: [9, 13, 5, 6, 19, 20, 7, 15, 2, 12, 4, 14, 8, 11, 16, 10, 18, 3, 17, 1]
OFV: 15869.0	/ CPU: 2.066 seconds 	/ department sequence: [9, 13, 3, 6, 10, 18, 19, 20, 15, 2, 14, 12, 8, 4, 11, 16, 7, 5, 17, 1]
OFV: 15943.0	/ CPU: 1.959 seconds 	/ department sequence: [1, 17, 5, 19, 7, 16, 11, 4, 2, 14, 12, 15, 8, 20, 18, 10, 6, 3, 13, 9]
OFV: 15926.0	/ CPU: 2.346 seconds 	/ department sequence: [9, 13, 3, 6, 5, 10, 18, 14, 11, 16, 8, 12, 2, 4, 20, 15, 7, 19, 17, 1]
-- H20 result
--------------------------------------------
HostNestNum = 5, P_a = 0.4
--------------------------------------------
-- 2020-03-18 16:59 result data
OFV: 15937.0	/ CPU: 7.968 seconds 	/ department sequence: [1, 17, 3, 18, 10, 19, 15, 14, 2, 4, 16, 11, 12, 8, 20, 7, 6, 5, 13, 9]
OFV: 15896.0	/ CPU: 6.094 seconds 	/ department sequence: [9, 13, 19, 20, 15, 8, 12, 14, 2, 16, 4, 11, 7, 6, 5, 10, 18, 3, 17, 1]
OFV: 16052.0	/ CPU: 5.611 seconds 	/ department sequence: [1, 3, 9, 10, 18, 16, 14, 11, 12, 7, 2, 4, 15, 8, 20, 19, 6, 5, 13, 17]
OFV: 15854.0	/ CPU: 9.735 seconds 	/ department sequence: [9, 13, 19, 20, 15, 16, 2, 14, 4, 11, 12, 8, 7, 6, 5, 10, 18, 3, 17, 1]
OFV: 15795.0	/ CPU: 6.426 seconds 	/ department sequence: [9, 13, 3, 6, 10, 18, 14, 16, 11, 4, 2, 12, 8, 20, 15, 7, 19, 5, 17, 1]
OFV: 15956.0	/ CPU: 5.110 seconds 	/ department sequence: [1, 3, 9, 13, 6, 10, 5, 7, 12, 14, 16, 11, 2, 4, 20, 8, 15, 18, 19, 17]
OFV: 15896.0	/ CPU: 7.007 seconds 	/ department sequence: [9, 13, 19, 20, 15, 8, 12, 14, 2, 16, 4, 11, 7, 6, 5, 10, 18, 3, 17, 1]
OFV: 15673.0	/ CPU: 6.067 seconds 	/ department sequence: [9, 13, 3, 6, 10, 18, 19, 14, 2, 15, 20, 12, 8, 4, 11, 16, 7, 5, 17, 1]
OFV: 15896.0	/ CPU: 5.956 seconds 	/ department sequence: [1, 17, 3, 18, 10, 5, 6, 7, 11, 4, 16, 2, 14, 12, 8, 15, 20, 19, 13, 9]
OFV: 16072.0	/ CPU: 6.170 seconds 	/ department sequence: [17, 13, 5, 6, 19, 20, 8, 15, 7, 4, 2, 12, 11, 14, 16, 18, 10, 9, 3, 1]
-- H20 result
--------------------------------------------
HostNestNum = 5, P_a = 0.4
--------------------------------------------
-- 2020-03-18 17:34 result data
OFV: 15868.0	/ CPU: 5.327 seconds 	/ department sequence: [1, 17, 3, 18, 10, 5, 6, 7, 12, 14, 2, 4, 11, 16, 8, 15, 20, 19, 13, 9]
OFV: 15896.0	/ CPU: 5.375 seconds 	/ department sequence: [1, 17, 3, 18, 10, 5, 6, 7, 11, 4, 16, 2, 14, 12, 8, 15, 20, 19, 13, 9]
OFV: 15549.0	/ CPU: 6.924 seconds 	/ department sequence: [1, 17, 13, 5, 6, 7, 20, 8, 12, 11, 4, 16, 15, 2, 14, 19, 10, 18, 3, 9]
OFV: 15971.0	/ CPU: 5.400 seconds 	/ department sequence: [1, 3, 9, 13, 6, 10, 5, 7, 20, 12, 8, 11, 16, 14, 2, 4, 15, 18, 19, 17]
OFV: 15549.0	/ CPU: 10.349 seconds 	/ department sequence: [9, 3, 18, 10, 19, 14, 2, 15, 16, 4, 11, 12, 8, 20, 7, 6, 5, 13, 17, 1]
OFV: 15896.0	/ CPU: 8.820 seconds 	/ department sequence: [9, 13, 19, 20, 15, 8, 12, 14, 2, 16, 4, 11, 7, 6, 5, 10, 18, 3, 17, 1]
OFV: 15673.0	/ CPU: 8.238 seconds 	/ department sequence: [9, 13, 3, 6, 10, 18, 19, 14, 2, 15, 20, 12, 8, 4, 11, 16, 7, 5, 17, 1]
OFV: 15927.0	/ CPU: 5.717 seconds 	/ department sequence: [17, 19, 18, 15, 8, 20, 4, 2, 12, 14, 11, 16, 7, 5, 10, 6, 13, 9, 3, 1]
OFV: 15854.0	/ CPU: 5.936 seconds 	/ department sequence: [9, 13, 19, 20, 15, 16, 2, 14, 4, 11, 12, 8, 7, 6, 5, 10, 18, 3, 17, 1]
OFV: 15795.0	/ CPU: 5.856 seconds 	/ department sequence: [9, 13, 3, 6, 10, 18, 14, 16, 11, 4, 2, 12, 8, 20, 15, 7, 19, 5, 17, 1]
-- H20 result
--------------------------------------------
HostNestNum = 5, P_a = 0.4
--------------------------------------------
-- 2020-03-18 17:38 result data
OFV: 15573.0	/ CPU: 5.807 seconds 	/ department sequence: [9, 3, 18, 10, 19, 14, 2, 15, 16, 4, 11, 12, 8, 20, 7, 6, 5, 13, 17, 1]
OFV: 15896.0	/ CPU: 8.164 seconds 	/ department sequence: [9, 13, 19, 20, 15, 8, 12, 14, 2, 16, 4, 11, 7, 6, 5, 10, 18, 3, 17, 1]
OFV: 15549.0	/ CPU: 8.283 seconds 	/ department sequence: [9, 3, 18, 10, 19, 14, 2, 15, 16, 4, 11, 12, 8, 20, 7, 6, 5, 13, 17, 1]
OFV: 15935.0	/ CPU: 7.452 seconds 	/ department sequence: [1, 17, 3, 18, 10, 19, 15, 14, 2, 12, 8, 4, 11, 16, 20, 7, 6, 5, 13, 9]
OFV: 15927.0	/ CPU: 5.070 seconds 	/ department sequence: [1, 3, 9, 13, 6, 10, 5, 7, 16, 11, 14, 12, 2, 4, 20, 8, 15, 18, 19, 17]
OFV: 15868.0	/ CPU: 9.360 seconds 	/ department sequence: [9, 13, 19, 20, 15, 8, 16, 11, 4, 2, 14, 12, 7, 6, 5, 10, 18, 3, 17, 1]
OFV: 15854.0	/ CPU: 6.381 seconds 	/ department sequence: [1, 17, 3, 18, 10, 5, 6, 7, 8, 12, 11, 4, 14, 2, 16, 15, 20, 19, 13, 9]
OFV: 15795.0	/ CPU: 6.518 seconds 	/ department sequence: [9, 13, 3, 6, 10, 18, 14, 16, 11, 4, 2, 12, 8, 20, 15, 7, 19, 5, 17, 1]
OFV: 15854.0	/ CPU: 6.544 seconds 	/ department sequence: [9, 13, 19, 20, 15, 16, 2, 14, 4, 11, 12, 8, 7, 6, 5, 10, 18, 3, 17, 1]
OFV: 15868.0	/ CPU: 6.851 seconds 	/ department sequence: [9, 13, 19, 20, 15, 8, 16, 11, 4, 2, 14, 12, 7, 6, 5, 10, 18, 3, 17, 1]
-- H20 result
--------------------------------------------
HostNestNum = 5, P_a = 0.4
--------------------------------------------
-- 2020-03-18 18:03 result data
OFV: 15549.0	/ CPU: 32.961 seconds 	/ department sequence: [1, 17, 13, 5, 6, 7, 20, 8, 12, 11, 4, 16, 15, 2, 14, 19, 10, 18, 3, 9]
OFV: 15795.0	/ CPU: 21.724 seconds 	/ department sequence: [9, 13, 3, 6, 10, 18, 14, 16, 11, 4, 2, 12, 8, 20, 15, 7, 19, 5, 17, 1]
OFV: 15963.0	/ CPU: 29.379 seconds 	/ department sequence: [9, 13, 5, 6, 19, 20, 15, 8, 2, 4, 16, 11, 14, 12, 7, 10, 18, 3, 17, 1]
OFV: 15673.0	/ CPU: 29.187 seconds 	/ department sequence: [1, 17, 5, 7, 16, 11, 4, 8, 12, 20, 15, 2, 14, 19, 18, 10, 6, 3, 13, 9]
