-- H_20 result
--------------------------------------------
HostNestNum = 20, P_a = 0.15
--------------------------------------------
-- 2019-01-06 10:31summary result data
OFV: 15971.0	/ CPU: 3.642	/ department sequence: [17, 19, 18, 15, 4, 2, 14, 16, 11, 8, 12, 20, 7, 5, 10, 6, 13, 9, 3, 1]
-- 2019-01-06 10:31summary result data
OFV: 15816.0	/ CPU: 5.41	/ department sequence: [9, 13, 3, 6, 10, 18, 14, 16, 11, 8, 12, 2, 4, 20, 15, 7, 19, 5, 17, 1]
-- 2019-01-06 10:31summary result data
OFV: 15971.0	/ CPU: 3.971	/ department sequence: [9, 13, 5, 6, 10, 19, 20, 15, 2, 14, 12, 8, 16, 11, 4, 7, 18, 3, 17, 1]
-- 2019-01-06 10:32summary result data
OFV: 15948.0	/ CPU: 4.041	/ department sequence: [9, 13, 3, 6, 5, 10, 18, 7, 14, 12, 2, 4, 11, 16, 20, 8, 15, 19, 17, 1]
-- 2019-01-06 10:32summary result data
OFV: 15673.0	/ CPU: 3.809	/ department sequence: [9, 13, 3, 6, 10, 18, 19, 14, 2, 15, 20, 12, 8, 4, 11, 16, 7, 5, 17, 1]
-- 2019-01-06 10:32summary result data
OFV: 15549.0	/ CPU: 4.155	/ department sequence: [1, 17, 13, 5, 6, 7, 20, 8, 12, 11, 4, 16, 15, 2, 14, 19, 10, 18, 3, 9]
-- 2019-01-06 10:32summary result data
OFV: 15971.0	/ CPU: 3.88	/ department sequence: [9, 13, 5, 6, 10, 19, 20, 15, 2, 14, 12, 8, 16, 11, 4, 7, 18, 3, 17, 1]
-- 2019-01-06 10:32summary result data
OFV: 15948.0	/ CPU: 6.193	/ department sequence: [9, 13, 3, 6, 5, 10, 18, 7, 14, 12, 2, 4, 11, 16, 20, 8, 15, 19, 17, 1]
-- 2019-01-06 10:32summary result data
OFV: 15943.0	/ CPU: 3.673	/ department sequence: [1, 17, 5, 19, 7, 16, 11, 4, 2, 14, 12, 15, 8, 20, 18, 10, 6, 3, 13, 9]
-- 2019-01-06 10:32summary result data
OFV: 15963.0	/ CPU: 3.668	/ department sequence: [1, 17, 3, 18, 10, 7, 12, 14, 11, 16, 4, 2, 8, 15, 20, 19, 6, 5, 13, 9]
-- H_20 result
--------------------------------------------
HostNestNum = 20, P_a = 0.15
--------------------------------------------
-- 2019-01-22 21:38 result data
OFV: 15549.0	/ CPU: 7.710 seconds 	/ department sequence: [1, 17, 13, 5, 6, 7, 20, 8, 12, 11, 4, 16, 15, 2, 14, 19, 10, 18, 3, 9]
-- H_20 result
--------------------------------------------
HostNestNum = 20, P_a = 0.15
--------------------------------------------
-- 2019-01-22 21:56 result data
OFV: 16216.0	/ CPU: 7.510 seconds 	/ department sequence: [9, 13, 3, 6, 20, 8, 15, 16, 11, 4, 2, 14, 12, 7, 18, 10, 19, 5, 17, 1]
-- H_20 result
--------------------------------------------
HostNestNum = 20, P_a = 0.15
--------------------------------------------
-- 2019-01-23 00:42 result data
OFV: 15549.0	/ CPU: 8.010 seconds 	/ department sequence: [1, 17, 13, 5, 6, 7, 20, 8, 12, 11, 4, 16, 15, 2, 14, 19, 10, 18, 3, 9]
-- H_20 result
--------------------------------------------
HostNestNum = 20, P_a = 0.15
--------------------------------------------
-- 2019-01-24 21:37 result data
OFV: 15927.0	/ CPU: 2.432 seconds 	/ department sequence: [17, 19, 18, 15, 8, 20, 4, 2, 12, 14, 11, 16, 7, 5, 10, 6, 13, 9, 3, 1]
-- H_20 result
--------------------------------------------
HostNestNum = 20, P_a = 0.15
--------------------------------------------
-- 2019-01-24 21:39 result data
OFV: 16057.0	/ CPU: 2.455 seconds 	/ department sequence: [1, 17, 5, 19, 10, 18, 16, 11, 4, 2, 14, 12, 8, 15, 20, 7, 6, 3, 13, 9]
-- H_20 result
--------------------------------------------
HostNestNum = 20, P_a = 0.15
--------------------------------------------
-- 2019-01-24 21:41 result data
OFV: 15927.0	/ CPU: 4.546 seconds 	/ department sequence: [1, 3, 9, 13, 6, 10, 5, 7, 16, 11, 14, 12, 2, 4, 20, 8, 15, 18, 19, 17]
