-- H_20 result
--------------------------------------------
HostNestNum = 15, P_a = 0.05
--------------------------------------------
-- 2019-01-06 10:24summary result data
OFV: 15796.0	/ CPU: 2.309	/ department sequence: [9, 13, 3, 6, 5, 10, 18, 19, 14, 2, 16, 4, 11, 12, 8, 15, 20, 7, 17, 1]
-- 2019-01-06 10:24summary result data
OFV: 15673.0	/ CPU: 2.697	/ department sequence: [1, 17, 5, 7, 16, 11, 4, 8, 12, 20, 15, 2, 14, 19, 18, 10, 6, 3, 13, 9]
-- 2019-01-06 10:24summary result data
OFV: 15948.0	/ CPU: 2.557	/ department sequence: [1, 17, 19, 15, 8, 20, 16, 11, 4, 2, 12, 14, 7, 18, 10, 5, 6, 3, 13, 9]
-- 2019-01-06 10:24summary result data
OFV: 15967.0	/ CPU: 2.277	/ department sequence: [9, 13, 19, 16, 11, 4, 14, 2, 15, 20, 12, 8, 7, 6, 5, 10, 18, 3, 17, 1]
-- 2019-01-06 10:24summary result data
OFV: 15673.0	/ CPU: 2.234	/ department sequence: [1, 17, 5, 7, 16, 11, 4, 8, 12, 20, 15, 2, 14, 19, 18, 10, 6, 3, 13, 9]
-- 2019-01-06 10:24summary result data
OFV: 15795.0	/ CPU: 2.709	/ department sequence: [9, 13, 3, 6, 10, 18, 14, 16, 11, 4, 2, 12, 8, 20, 15, 7, 19, 5, 17, 1]
-- 2019-01-06 10:24summary result data
OFV: 15896.0	/ CPU: 2.403	/ department sequence: [9, 13, 19, 20, 15, 8, 12, 14, 2, 16, 4, 11, 7, 6, 5, 10, 18, 3, 17, 1]
-- 2019-01-06 10:24summary result data
OFV: 15549.0	/ CPU: 2.362	/ department sequence: [1, 17, 13, 5, 6, 7, 20, 8, 12, 11, 4, 16, 15, 2, 14, 19, 10, 18, 3, 9]
-- 2019-01-06 10:24summary result data
OFV: 15673.0	/ CPU: 2.36	/ department sequence: [1, 17, 5, 7, 16, 11, 4, 8, 12, 20, 15, 2, 14, 19, 18, 10, 6, 3, 13, 9]
-- 2019-01-06 10:24summary result data
OFV: 15971.0	/ CPU: 2.254	/ department sequence: [9, 13, 5, 6, 10, 19, 20, 15, 2, 14, 12, 8, 16, 11, 4, 7, 18, 3, 17, 1]
