-- H_20 result
--------------------------------------------
HostNestNum = 150, P_a = 0.0
--------------------------------------------
-- 2019-01-06 11:21summary result data
OFV: 15935.0	/ CPU: 1.962	/ department sequence: [1, 17, 3, 18, 10, 19, 15, 14, 2, 12, 8, 4, 11, 16, 20, 7, 6, 5, 13, 9]
-- 2019-01-06 11:21summary result data
OFV: 15896.0	/ CPU: 2.392	/ department sequence: [9, 13, 19, 20, 15, 8, 12, 14, 2, 16, 4, 11, 7, 6, 5, 10, 18, 3, 17, 1]
-- 2019-01-06 11:21summary result data
OFV: 15549.0	/ CPU: 2.049	/ department sequence: [1, 17, 13, 5, 6, 7, 20, 8, 12, 11, 4, 16, 15, 2, 14, 19, 10, 18, 3, 9]
-- 2019-01-06 11:21summary result data
OFV: 15978.0	/ CPU: 2.38	/ department sequence: [1, 17, 3, 18, 10, 16, 11, 8, 14, 12, 4, 2, 15, 7, 20, 19, 6, 5, 13, 9]
-- 2019-01-06 11:21summary result data
OFV: 15929.0	/ CPU: 1.785	/ department sequence: [1, 3, 10, 18, 19, 15, 14, 2, 16, 11, 4, 12, 8, 20, 7, 6, 5, 17, 13, 9]
-- 2019-01-06 11:21summary result data
OFV: 15796.0	/ CPU: 1.812	/ department sequence: [9, 13, 3, 6, 5, 10, 18, 19, 14, 2, 16, 4, 11, 12, 8, 15, 20, 7, 17, 1]
-- 2019-01-06 11:21summary result data
OFV: 16370.0	/ CPU: 2.005	/ department sequence: [1, 3, 10, 6, 7, 20, 15, 12, 8, 11, 4, 2, 14, 16, 18, 19, 5, 17, 13, 9]
-- 2019-01-06 11:21summary result data
OFV: 15549.0	/ CPU: 1.821	/ department sequence: [9, 3, 18, 10, 19, 14, 2, 15, 16, 4, 11, 12, 8, 20, 7, 6, 5, 13, 17, 1]
-- 2019-01-06 11:21summary result data
OFV: 15795.0	/ CPU: 1.878	/ department sequence: [1, 17, 5, 19, 7, 15, 20, 8, 12, 2, 4, 11, 16, 14, 18, 10, 6, 3, 13, 9]
-- 2019-01-06 11:21summary result data
OFV: 15978.0	/ CPU: 1.652	/ department sequence: [1, 17, 3, 18, 10, 16, 11, 8, 14, 12, 4, 2, 15, 7, 20, 19, 6, 5, 13, 9]
