-- H_20 result
--------------------------------------------
HostNestNum = 250, P_a = 0.2
--------------------------------------------
-- 2019-01-06 12:20summary result data
OFV: 15673.0	/ CPU: 41.098	/ department sequence: [9, 13, 3, 6, 10, 18, 19, 14, 2, 15, 20, 12, 8, 4, 11, 16, 7, 5, 17, 1]
-- 2019-01-06 12:21summary result data
OFV: 15796.0	/ CPU: 40.272	/ department sequence: [9, 13, 3, 6, 5, 10, 18, 19, 14, 2, 16, 4, 11, 12, 8, 15, 20, 7, 17, 1]
-- 2019-01-06 12:22summary result data
OFV: 15963.0	/ CPU: 39.48	/ department sequence: [9, 13, 5, 6, 19, 20, 15, 8, 2, 4, 16, 11, 14, 12, 7, 10, 18, 3, 17, 1]
-- 2019-01-06 12:22summary result data
OFV: 15795.0	/ CPU: 50.479	/ department sequence: [1, 17, 5, 19, 7, 15, 20, 8, 12, 2, 4, 11, 16, 14, 18, 10, 6, 3, 13, 9]
-- 2019-01-06 12:23summary result data
OFV: 15935.0	/ CPU: 44.556	/ department sequence: [9, 13, 5, 6, 7, 20, 16, 11, 4, 8, 12, 2, 14, 15, 19, 10, 18, 3, 17, 1]
-- 2019-01-06 12:24summary result data
OFV: 15549.0	/ CPU: 45.373	/ department sequence: [1, 17, 13, 5, 6, 7, 20, 8, 12, 11, 4, 16, 15, 2, 14, 19, 10, 18, 3, 9]
-- 2019-01-06 12:25summary result data
OFV: 15780.0	/ CPU: 52.544	/ department sequence: [9, 13, 3, 6, 10, 18, 19, 14, 2, 15, 16, 4, 11, 12, 8, 20, 7, 5, 17, 1]
-- 2019-01-06 12:25summary result data
OFV: 15929.0	/ CPU: 39.57	/ department sequence: [9, 13, 17, 5, 6, 7, 20, 8, 12, 4, 11, 16, 2, 14, 15, 19, 18, 10, 3, 1]
-- 2019-01-06 12:26summary result data
OFV: 15868.0	/ CPU: 57.151	/ department sequence: [1, 17, 3, 18, 10, 5, 6, 7, 12, 14, 2, 4, 11, 16, 8, 15, 20, 19, 13, 9]
-- 2019-01-06 12:27summary result data
OFV: 15796.0	/ CPU: 43.232	/ department sequence: [1, 17, 7, 20, 15, 8, 12, 11, 4, 16, 2, 14, 19, 18, 10, 5, 6, 3, 13, 9]
