-- H_20 result
--------------------------------------------
HostNestNum = 50, P_a = 0.15
--------------------------------------------
-- 2019-01-06 10:40summary result data
OFV: 15868.0	/ CPU: 8.082	/ department sequence: [9, 13, 19, 20, 15, 8, 16, 11, 4, 2, 14, 12, 7, 6, 5, 10, 18, 3, 17, 1]
-- 2019-01-06 10:40summary result data
OFV: 15971.0	/ CPU: 13.978	/ department sequence: [17, 19, 18, 15, 4, 2, 14, 16, 11, 8, 12, 20, 7, 5, 10, 6, 13, 9, 3, 1]
-- 2019-01-06 10:40summary result data
OFV: 15673.0	/ CPU: 10.507	/ department sequence: [1, 17, 5, 7, 16, 11, 4, 8, 12, 20, 15, 2, 14, 19, 18, 10, 6, 3, 13, 9]
-- 2019-01-06 10:41summary result data
OFV: 15549.0	/ CPU: 8.272	/ department sequence: [9, 3, 18, 10, 19, 14, 2, 15, 16, 4, 11, 12, 8, 20, 7, 6, 5, 13, 17, 1]
-- 2019-01-06 10:41summary result data
OFV: 15948.0	/ CPU: 10.254	/ department sequence: [9, 13, 3, 6, 5, 10, 18, 7, 14, 12, 2, 4, 11, 16, 20, 8, 15, 19, 17, 1]
-- 2019-01-06 10:41summary result data
OFV: 16179.0	/ CPU: 8.56	/ department sequence: [1, 17, 3, 18, 7, 15, 4, 2, 14, 12, 16, 11, 8, 20, 19, 10, 6, 5, 13, 9]
-- 2019-01-06 10:41summary result data
OFV: 15927.0	/ CPU: 9.292	/ department sequence: [17, 19, 18, 15, 8, 20, 4, 2, 12, 14, 11, 16, 7, 5, 10, 6, 13, 9, 3, 1]
-- 2019-01-06 10:41summary result data
OFV: 15673.0	/ CPU: 7.833	/ department sequence: [1, 17, 5, 7, 16, 11, 4, 8, 12, 20, 15, 2, 14, 19, 18, 10, 6, 3, 13, 9]
-- 2019-01-06 10:41summary result data
OFV: 15549.0	/ CPU: 8.961	/ department sequence: [9, 3, 18, 10, 19, 14, 2, 15, 16, 4, 11, 12, 8, 20, 7, 6, 5, 13, 17, 1]
-- 2019-01-06 10:41summary result data
OFV: 16052.0	/ CPU: 7.41	/ department sequence: [17, 13, 5, 6, 19, 20, 8, 15, 4, 2, 7, 12, 11, 14, 16, 18, 10, 9, 3, 1]
-- H_20 result
--------------------------------------------
HostNestNum = 50, P_a = 0.15
--------------------------------------------
-- 2019-01-22 22:00 result data
OFV: 16029.0	/ CPU: 17.358 seconds 	/ department sequence: [1, 17, 19, 18, 15, 16, 14, 2, 4, 11, 12, 8, 20, 7, 10, 5, 6, 3, 13, 9]
-- H_20 result
--------------------------------------------
HostNestNum = 50, P_a = 0.15
--------------------------------------------
-- 2019-01-24 21:38 result data
OFV: 15948.0	/ CPU: 3.941 seconds 	/ department sequence: [9, 13, 3, 6, 5, 10, 18, 7, 14, 12, 2, 4, 11, 16, 20, 8, 15, 19, 17, 1]
