-- H_20 result
--------------------------------------------
HostNestNum = 10, P_a = 0.5
--------------------------------------------
-- 2019-01-06 10:22summary result data
OFV: 15978.0	/ CPU: 6.007	/ department sequence: [1, 17, 3, 18, 10, 16, 11, 8, 14, 12, 4, 2, 15, 7, 20, 19, 6, 5, 13, 9]
-- 2019-01-06 10:22summary result data
OFV: 15549.0	/ CPU: 6.501	/ department sequence: [1, 17, 13, 5, 6, 7, 20, 8, 12, 11, 4, 16, 15, 2, 14, 19, 10, 18, 3, 9]
-- 2019-01-06 10:22summary result data
OFV: 16052.0	/ CPU: 6.841	/ department sequence: [1, 3, 9, 10, 18, 16, 14, 11, 12, 7, 2, 4, 15, 8, 20, 19, 6, 5, 13, 17]
-- 2019-01-06 10:23summary result data
OFV: 15549.0	/ CPU: 5.24	/ department sequence: [9, 3, 18, 10, 19, 14, 2, 15, 16, 4, 11, 12, 8, 20, 7, 6, 5, 13, 17, 1]
-- 2019-01-06 10:23summary result data
OFV: 15549.0	/ CPU: 5.924	/ department sequence: [9, 3, 18, 10, 19, 14, 2, 15, 16, 4, 11, 12, 8, 20, 7, 6, 5, 13, 17, 1]
-- 2019-01-06 10:23summary result data
OFV: 15796.0	/ CPU: 7.804	/ department sequence: [9, 13, 3, 6, 5, 10, 18, 19, 14, 2, 16, 4, 11, 12, 8, 15, 20, 7, 17, 1]
-- 2019-01-06 10:23summary result data
OFV: 16138.0	/ CPU: 5.334	/ department sequence: [9, 13, 5, 6, 10, 19, 20, 4, 2, 14, 16, 11, 12, 8, 15, 7, 18, 3, 17, 1]
-- 2019-01-06 10:23summary result data
OFV: 15971.0	/ CPU: 5.532	/ department sequence: [9, 13, 5, 6, 10, 19, 20, 15, 2, 14, 12, 8, 16, 11, 4, 7, 18, 3, 17, 1]
-- 2019-01-06 10:23summary result data
OFV: 16057.0	/ CPU: 5.472	/ department sequence: [1, 17, 5, 19, 10, 18, 16, 11, 4, 2, 14, 12, 8, 15, 20, 7, 6, 3, 13, 9]
-- 2019-01-06 10:23summary result data
OFV: 15927.0	/ CPU: 6.734	/ department sequence: [1, 3, 9, 13, 6, 10, 5, 7, 16, 11, 14, 12, 2, 4, 20, 8, 15, 18, 19, 17]
-- H_20 result
--------------------------------------------
HostNestNum = 10, P_a = 0.5
--------------------------------------------
-- 2019-01-22 21:37 result data
OFV: 15549.0	/ CPU: 16.617 seconds 	/ department sequence: [1, 17, 13, 5, 6, 7, 20, 8, 12, 11, 4, 16, 15, 2, 14, 19, 10, 18, 3, 9]
-- H_20 result
--------------------------------------------
HostNestNum = 10, P_a = 0.5
--------------------------------------------
-- 2019-01-22 21:56 result data
OFV: 16076.0	/ CPU: 11.148 seconds 	/ department sequence: [1, 17, 5, 19, 10, 18, 15, 2, 14, 16, 4, 11, 12, 8, 20, 7, 6, 3, 13, 9]
-- H_20 result
--------------------------------------------
HostNestNum = 10, P_a = 0.5
--------------------------------------------
-- 2019-01-23 00:41 result data
OFV: 16052.0	/ CPU: 12.716 seconds 	/ department sequence: [1, 3, 9, 10, 18, 16, 14, 11, 12, 7, 2, 4, 15, 8, 20, 19, 6, 5, 13, 17]
-- H_20 result
--------------------------------------------
HostNestNum = 10, P_a = 0.5
--------------------------------------------
-- 2019-01-24 21:37 result data
OFV: 15927.0	/ CPU: 6.755 seconds 	/ department sequence: [1, 3, 9, 13, 6, 10, 5, 7, 16, 11, 14, 12, 2, 4, 20, 8, 15, 18, 19, 17]
-- H_20 result
--------------------------------------------
HostNestNum = 10, P_a = 0.5
--------------------------------------------
-- 2019-01-24 21:39 result data
OFV: 15549.0	/ CPU: 3.172 seconds 	/ department sequence: [1, 17, 13, 5, 6, 7, 20, 8, 12, 11, 4, 16, 15, 2, 14, 19, 10, 18, 3, 9]
-- H_20 result
--------------------------------------------
HostNestNum = 10, P_a = 0.5
--------------------------------------------
-- 2019-01-24 21:41 result data
OFV: 16382.0	/ CPU: 6.432 seconds 	/ department sequence: [1, 3, 9, 16, 7, 11, 14, 12, 8, 20, 4, 2, 15, 18, 10, 19, 6, 5, 13, 17]
