-- H_20 result
--------------------------------------------
HostNestNum = 5, P_a = 0.0
--------------------------------------------
-- 2019-01-06 10:14summary result data
OFV: 16052.0	/ CPU: 1.53	/ department sequence: [17, 13, 5, 6, 19, 20, 8, 15, 4, 2, 7, 12, 11, 14, 16, 18, 10, 9, 3, 1]
-- 2019-01-06 10:14summary result data
OFV: 15796.0	/ CPU: 1.502	/ department sequence: [9, 13, 3, 6, 5, 10, 18, 19, 14, 2, 16, 4, 11, 12, 8, 15, 20, 7, 17, 1]
-- 2019-01-06 10:14summary result data
OFV: 15943.0	/ CPU: 1.453	/ department sequence: [1, 17, 5, 19, 7, 16, 11, 4, 2, 14, 12, 15, 8, 20, 18, 10, 6, 3, 13, 9]
-- 2019-01-06 10:14summary result data
OFV: 15868.0	/ CPU: 1.845	/ department sequence: [1, 17, 3, 18, 10, 5, 6, 7, 12, 14, 2, 4, 11, 16, 8, 15, 20, 19, 13, 9]
-- 2019-01-06 10:14summary result data
OFV: 15673.0	/ CPU: 2.49	/ department sequence: [1, 17, 5, 7, 16, 11, 4, 8, 12, 20, 15, 2, 14, 19, 18, 10, 6, 3, 13, 9]
-- 2019-01-06 10:14summary result data
OFV: 16052.0	/ CPU: 1.971	/ department sequence: [17, 13, 5, 6, 19, 20, 8, 15, 4, 2, 7, 12, 11, 14, 16, 18, 10, 9, 3, 1]
-- 2019-01-06 10:14summary result data
OFV: 15549.0	/ CPU: 1.428	/ department sequence: [1, 17, 13, 5, 6, 7, 20, 8, 12, 11, 4, 16, 15, 2, 14, 19, 10, 18, 3, 9]
-- 2019-01-06 10:14summary result data
OFV: 15967.0	/ CPU: 1.771	/ department sequence: [9, 13, 19, 16, 11, 4, 14, 2, 15, 20, 12, 8, 7, 6, 5, 10, 18, 3, 17, 1]
-- 2019-01-06 10:14summary result data
OFV: 15937.0	/ CPU: 1.538	/ department sequence: [9, 13, 5, 6, 7, 20, 8, 12, 11, 16, 4, 2, 14, 15, 19, 10, 18, 3, 17, 1]
-- 2019-01-06 10:14summary result data
OFV: 15978.0	/ CPU: 1.566	/ department sequence: [9, 13, 5, 6, 19, 20, 7, 15, 2, 4, 12, 14, 8, 11, 16, 10, 18, 3, 17, 1]
-- H20 result
--------------------------------------------
HostNestNum = 5, P_a = 0.0
--------------------------------------------
-- 2020-03-11 03:46 result data
OFV: 15598.0	/ CPU: 46.413 seconds 	/ department sequence: [9, 13, 3, 18, 6, 20, 10, 2, 12, 14, 4, 15, 8, 11, 16, 7, 19, 5, 17, 1]
OFV: 15572.0	/ CPU: 20.040 seconds 	/ department sequence: [9, 3, 13, 6, 5, 10, 11, 16, 4, 14, 2, 12, 8, 18, 7, 20, 15, 19, 17, 1]
OFV: 15616.0	/ CPU: 5.358 seconds 	/ department sequence: [9, 13, 3, 18, 6, 10, 5, 19, 2, 14, 15, 16, 4, 11, 20, 8, 12, 17, 7, 1]
OFV: 15551.0	/ CPU: 5.389 seconds 	/ department sequence: [13, 3, 10, 6, 18, 14, 9, 19, 2, 16, 12, 20, 4, 15, 8, 11, 5, 7, 17, 1]
OFV: 15700.0	/ CPU: 5.009 seconds 	/ department sequence: [1, 17, 13, 6, 5, 7, 20, 11, 16, 8, 15, 12, 4, 2, 14, 18, 19, 10, 3, 9]
OFV: 15704.0	/ CPU: 4.121 seconds 	/ department sequence: [1, 17, 3, 7, 18, 10, 5, 8, 6, 11, 12, 14, 4, 20, 2, 15, 19, 13, 16, 9]
OFV: 15549.0	/ CPU: 6.472 seconds 	/ department sequence: [9, 3, 19, 18, 10, 2, 14, 15, 20, 12, 11, 8, 4, 7, 13, 16, 5, 6, 1, 17]
OFV: 15574.0	/ CPU: 4.068 seconds 	/ department sequence: [1, 17, 13, 5, 7, 6, 12, 20, 8, 15, 11, 4, 2, 10, 14, 19, 16, 18, 3, 9]
OFV: 15663.0	/ CPU: 4.899 seconds 	/ department sequence: [9, 3, 6, 13, 5, 10, 18, 16, 14, 11, 19, 12, 2, 4, 7, 8, 20, 15, 17, 1]
OFV: 15616.0	/ CPU: 7.605 seconds 	/ department sequence: [1, 17, 5, 19, 7, 15, 20, 8, 4, 2, 11, 12, 18, 16, 14, 10, 9, 6, 13, 3]
-- H20 result
--------------------------------------------
HostNestNum = 5, P_a = 0.0
--------------------------------------------
-- 2020-03-11 04:07 result data
OFV: 15854.0	/ CPU: 66.390 seconds 	/ department sequence: [1, 17, 3, 18, 10, 5, 6, 7, 8, 12, 11, 4, 14, 2, 20, 15, 16, 19, 13, 9]
-- H20 result
--------------------------------------------
HostNestNum = 5, P_a = 0.0
--------------------------------------------
-- 2020-03-11 04:11 result data
OFV: 15927.0	/ CPU: 35.163 seconds 	/ department sequence: [17, 19, 18, 15, 8, 20, 4, 2, 12, 14, 11, 16, 7, 5, 10, 6, 13, 9, 3, 1]
OFV: 15549.0	/ CPU: 48.996 seconds 	/ department sequence: [9, 3, 18, 10, 19, 14, 2, 15, 16, 4, 11, 12, 8, 20, 7, 6, 5, 13, 17, 1]
-- H20 result
--------------------------------------------
HostNestNum = 5, P_a = 0.0
--------------------------------------------
-- 2020-03-11 11:51 result data
OFV: 15854.0	/ CPU: 1061.702 seconds 	/ department sequence: [1, 17, 3, 18, 10, 5, 6, 7, 8, 12, 11, 4, 14, 2, 16, 15, 20, 19, 13, 9]
-- H20 result
--------------------------------------------
HostNestNum = 5, P_a = 0.0
--------------------------------------------
-- 2020-03-11 12:10 result data
OFV: 15673.0	/ CPU: 60.066 seconds 	/ department sequence: [9, 13, 3, 6, 10, 18, 19, 14, 2, 15, 20, 12, 8, 4, 11, 16, 7, 5, 17, 1]
-- H20 result
--------------------------------------------
HostNestNum = 5, P_a = 0.0
--------------------------------------------
-- 2020-03-11 12:12 result data
OFV: 15673.0	/ CPU: 11.640 seconds 	/ department sequence: [1, 17, 5, 7, 16, 11, 4, 8, 12, 20, 15, 2, 14, 19, 18, 10, 6, 3, 13, 9]
OFV: 15796.0	/ CPU: 10.697 seconds 	/ department sequence: [1, 17, 7, 20, 15, 8, 12, 11, 4, 16, 2, 14, 19, 18, 10, 5, 6, 3, 13, 9]
OFV: 15971.0	/ CPU: 13.463 seconds 	/ department sequence: [1, 3, 9, 13, 6, 10, 5, 7, 20, 12, 8, 11, 16, 14, 2, 4, 15, 18, 19, 17]
OFV: 15966.0	/ CPU: 9.941 seconds 	/ department sequence: [1, 17, 3, 18, 10, 7, 11, 16, 14, 12, 4, 2, 8, 15, 20, 19, 6, 5, 13, 9]
OFV: 15549.0	/ CPU: 0.468 seconds 	/ department sequence: [9, 3, 18, 10, 19, 14, 2, 15, 16, 4, 11, 12, 8, 20, 7, 6, 5, 13, 17, 1]
OFV: 15854.0	/ CPU: 8.100 seconds 	/ department sequence: [1, 17, 3, 18, 10, 5, 6, 7, 8, 12, 11, 4, 14, 2, 20, 15, 16, 19, 13, 9]
OFV: 15673.0	/ CPU: 16.735 seconds 	/ department sequence: [9, 13, 3, 6, 10, 18, 19, 14, 2, 15, 20, 12, 8, 4, 11, 16, 7, 5, 17, 1]
OFV: 15935.0	/ CPU: 9.837 seconds 	/ department sequence: [1, 17, 3, 18, 10, 19, 15, 14, 2, 12, 8, 4, 11, 16, 20, 7, 6, 5, 13, 9]
OFV: 15971.0	/ CPU: 8.866 seconds 	/ department sequence: [17, 19, 18, 15, 4, 2, 14, 16, 11, 8, 12, 20, 7, 5, 10, 6, 13, 9, 3, 1]
OFV: 15838.0	/ CPU: 9.541 seconds 	/ department sequence: [9, 13, 3, 6, 5, 10, 18, 14, 16, 11, 2, 4, 12, 8, 20, 15, 7, 19, 17, 1]
-- H20 result
--------------------------------------------
HostNestNum = 5, P_a = 0.0
--------------------------------------------
-- 2020-03-11 12:41 result data
OFV: 15574.0	/ CPU: 42.495 seconds 	/ department sequence: [9, 3, 19, 10, 18, 14, 15, 2, 4, 16, 12, 11, 20, 8, 7, 6, 5, 13, 17, 1]
OFV: 15554.0	/ CPU: 131.495 seconds 	/ department sequence: [1, 17, 5, 7, 8, 18, 16, 11, 12, 20, 4, 14, 15, 2, 19, 10, 6, 13, 9, 3]
-- H20 result
--------------------------------------------
HostNestNum = 5, P_a = 0.0
--------------------------------------------
-- 2020-03-11 12:44 result data
OFV: 15576.0	/ CPU: 31.230 seconds 	/ department sequence: [13, 9, 6, 3, 5, 10, 7, 8, 20, 12, 11, 2, 4, 15, 14, 18, 16, 19, 17, 1]
OFV: 15549.0	/ CPU: 10.335 seconds 	/ department sequence: [1, 17, 13, 5, 6, 7, 20, 8, 12, 11, 4, 16, 15, 2, 14, 19, 10, 18, 3, 9]
OFV: 15578.0	/ CPU: 16.105 seconds 	/ department sequence: [1, 17, 9, 3, 10, 5, 7, 6, 18, 4, 14, 12, 16, 2, 8, 11, 15, 20, 19, 13]
OFV: 15551.0	/ CPU: 16.336 seconds 	/ department sequence: [3, 9, 18, 17, 10, 19, 16, 2, 4, 14, 11, 12, 15, 8, 20, 7, 6, 5, 13, 1]
OFV: 15549.0	/ CPU: 11.586 seconds 	/ department sequence: [1, 17, 13, 5, 6, 7, 20, 8, 12, 11, 4, 16, 15, 2, 14, 19, 10, 18, 3, 9]
OFV: 15549.0	/ CPU: 14.793 seconds 	/ department sequence: [1, 17, 13, 5, 6, 7, 20, 8, 12, 11, 4, 16, 15, 2, 14, 19, 10, 18, 3, 9]
OFV: 15575.0	/ CPU: 15.142 seconds 	/ department sequence: [1, 17, 3, 9, 18, 10, 16, 11, 14, 12, 8, 7, 2, 4, 20, 15, 6, 5, 13, 19]
OFV: 15594.0	/ CPU: 13.129 seconds 	/ department sequence: [9, 13, 3, 6, 5, 10, 18, 14, 11, 16, 2, 8, 15, 12, 4, 7, 20, 19, 17, 1]
OFV: 15574.0	/ CPU: 12.145 seconds 	/ department sequence: [1, 17, 18, 3, 7, 5, 10, 6, 8, 11, 12, 4, 2, 14, 20, 16, 15, 19, 13, 9]
OFV: 15578.0	/ CPU: 11.942 seconds 	/ department sequence: [1, 17, 7, 8, 15, 20, 4, 12, 2, 11, 14, 19, 5, 18, 16, 6, 10, 9, 13, 3]
-- H20 result
--------------------------------------------
HostNestNum = 5, P_a = 0.0
--------------------------------------------
-- 2020-03-11 14:57 result data
OFV: 15658.0	/ CPU: 18.574 seconds 	/ department sequence: [17, 13, 6, 5, 3, 18, 7, 8, 4, 11, 14, 12, 16, 2, 20, 19, 10, 15, 1, 9]
-- H20 result
--------------------------------------------
HostNestNum = 5, P_a = 0.0
--------------------------------------------
-- 2020-03-11 15:18 result data
-- H20 result
--------------------------------------------
HostNestNum = 5, P_a = 0.0
--------------------------------------------
-- 2020-03-11 15:21 result data
-- H20 result
--------------------------------------------
HostNestNum = 5, P_a = 0.0
--------------------------------------------
-- 2020-03-11 15:22 result data
OFV: 15658.0	/ CPU: 81.981 seconds 	/ department sequence: [1, 18, 3, 5, 17, 10, 8, 20, 15, 11, 7, 16, 6, 19, 12, 4, 14, 9, 2, 13]
OFV: 15707.0	/ CPU: 246.918 seconds 	/ department sequence: [13, 5, 19, 6, 14, 1, 20, 3, 7, 12, 11, 2, 16, 10, 8, 9, 4, 17, 15, 18]
OFV: 15662.0	/ CPU: 83.765 seconds 	/ department sequence: [1, 19, 2, 12, 20, 14, 15, 11, 7, 13, 4, 18, 16, 10, 8, 9, 17, 6, 5, 3]
-- H20 result
--------------------------------------------
HostNestNum = 5, P_a = 0.0
--------------------------------------------
-- 2020-03-11 15:36 result data
OFV: 15740.0	/ CPU: 122.880 seconds 	/ department sequence: [19, 18, 3, 17, 16, 12, 14, 2, 10, 9, 7, 13, 6, 1, 11, 4, 5, 15, 20, 8]
-- H20 result
--------------------------------------------
HostNestNum = 5, P_a = 0.0
--------------------------------------------
-- 2020-03-11 16:46 result data
OFV: 15879.0	/ CPU: 75.957 seconds 	/ department sequence: [3, 17, 10, 4, 19, 1, 5, 18, 14, 15, 7, 11, 9, 20, 2, 8, 16, 12, 6, 13]
-- H20 result
--------------------------------------------
HostNestNum = 5, P_a = 0.0
--------------------------------------------
-- 2020-03-11 17:01 result data
OFV: 16335.0	/ CPU: 69.467 seconds 	/ department sequence: [1, 10, 6, 18, 3, 7, 20, 15, 12, 14, 2, 8, 11, 4, 19, 5, 16, 17, 13, 9]
OFV: 15854.0	/ CPU: 75.416 seconds 	/ department sequence: [1, 17, 3, 10, 18, 5, 7, 6, 8, 4, 12, 11, 14, 16, 2, 15, 20, 19, 9, 13]
-- H20 result
--------------------------------------------
HostNestNum = 5, P_a = 0.0
--------------------------------------------
-- 2020-03-11 18:40 result data
OFV: 15795.0	/ CPU: 154.959 seconds 	/ department sequence: [9, 3, 13, 6, 10, 18, 14, 16, 11, 4, 2, 12, 8, 20, 15, 7, 19, 5, 17, 1]
OFV: 15796.0	/ CPU: 29.091 seconds 	/ department sequence: [1, 17, 7, 15, 20, 8, 12, 11, 4, 16, 2, 14, 19, 18, 10, 5, 6, 3, 13, 9]
-- H20 result
--------------------------------------------
HostNestNum = 5, P_a = 0.0
--------------------------------------------
-- 2020-03-11 18:49 result data
OFV: 17329.0	/ CPU: 38.126 seconds 	/ department sequence: [1, 19, 20, 18, 8, 9, 17, 3, 15, 16, 12, 10, 11, 14, 2, 7, 13, 4, 6, 5]
-- H20 result
--------------------------------------------
HostNestNum = 5, P_a = 0.0
--------------------------------------------
-- 2020-03-11 18:50 result data
OFV: 17482.0	/ CPU: 13.839 seconds 	/ department sequence: [13, 6, 9, 10, 3, 5, 14, 2, 18, 16, 15, 11, 20, 12, 4, 8, 7, 19, 1, 17]
-- H20 result
--------------------------------------------
HostNestNum = 5, P_a = 0.0
--------------------------------------------
-- 2020-03-11 18:52 result data
OFV: 17267.0	/ CPU: 71.532 seconds 	/ department sequence: [6, 10, 1, 5, 18, 14, 3, 15, 2, 9, 19, 4, 8, 16, 13, 17, 7, 12, 11, 20]
-- H20 result
--------------------------------------------
HostNestNum = 5, P_a = 0.0
--------------------------------------------
-- 2020-03-11 18:57 result data
OFV: 15627.0	/ CPU: 73.999 seconds 	/ department sequence: [1, 17, 13, 5, 6, 7, 20, 8, 12, 11, 4, 16, 15, 2, 14, 19, 10, 18, 3, 9]
-- H20 result
--------------------------------------------
HostNestNum = 5, P_a = 0.0
--------------------------------------------
-- 2020-03-11 19:00 result data
OFV: 15978.0	/ CPU: 84.713 seconds 	/ department sequence: [9, 13, 5, 6, 19, 20, 7, 15, 2, 4, 12, 14, 8, 11, 16, 10, 18, 3, 17, 1]
