-- H_20 result
--------------------------------------------
HostNestNum = 50, P_a = 0.25
--------------------------------------------
-- 2019-01-06 10:43summary result data
OFV: 15673.0	/ CPU: 11.229	/ department sequence: [1, 17, 5, 7, 16, 11, 4, 8, 12, 20, 15, 2, 14, 19, 18, 10, 6, 3, 13, 9]
-- 2019-01-06 10:44summary result data
OFV: 15795.0	/ CPU: 15.181	/ department sequence: [1, 17, 5, 19, 7, 15, 20, 8, 12, 2, 4, 11, 16, 14, 18, 10, 6, 3, 13, 9]
-- 2019-01-06 10:44summary result data
OFV: 15796.0	/ CPU: 11.151	/ department sequence: [1, 17, 7, 20, 15, 8, 12, 11, 4, 16, 2, 14, 19, 18, 10, 5, 6, 3, 13, 9]
-- 2019-01-06 10:44summary result data
OFV: 15854.0	/ CPU: 11.163	/ department sequence: [1, 17, 3, 18, 10, 5, 6, 7, 8, 12, 11, 4, 14, 2, 20, 15, 16, 19, 13, 9]
-- 2019-01-06 10:44summary result data
OFV: 15927.0	/ CPU: 20.57	/ department sequence: [17, 19, 18, 15, 8, 20, 4, 2, 12, 14, 11, 16, 7, 5, 10, 6, 13, 9, 3, 1]
-- 2019-01-06 10:44summary result data
OFV: 15795.0	/ CPU: 11.314	/ department sequence: [9, 13, 3, 6, 10, 18, 14, 16, 11, 4, 2, 12, 8, 20, 15, 7, 19, 5, 17, 1]
-- 2019-01-06 10:45summary result data
OFV: 15854.0	/ CPU: 15.334	/ department sequence: [1, 17, 3, 18, 10, 5, 6, 7, 8, 12, 11, 4, 14, 2, 20, 15, 16, 19, 13, 9]
-- 2019-01-06 10:45summary result data
OFV: 15854.0	/ CPU: 11.885	/ department sequence: [9, 13, 19, 20, 15, 16, 2, 14, 4, 11, 12, 8, 7, 6, 5, 10, 18, 3, 17, 1]
-- 2019-01-06 10:45summary result data
OFV: 15943.0	/ CPU: 12.768	/ department sequence: [1, 17, 5, 19, 7, 16, 11, 4, 2, 14, 12, 15, 8, 20, 18, 10, 6, 3, 13, 9]
-- 2019-01-06 10:45summary result data
OFV: 15927.0	/ CPU: 10.883	/ department sequence: [17, 19, 18, 15, 8, 20, 4, 2, 12, 14, 11, 16, 7, 5, 10, 6, 13, 9, 3, 1]
-- H_20 result
--------------------------------------------
HostNestNum = 50, P_a = 0.25
--------------------------------------------
-- 2019-01-22 22:01 result data
OFV: 15549.0	/ CPU: 28.221 seconds 	/ department sequence: [9, 3, 18, 10, 19, 14, 2, 15, 16, 4, 11, 12, 8, 20, 7, 6, 5, 13, 17, 1]
-- H_20 result
--------------------------------------------
HostNestNum = 50, P_a = 0.25
--------------------------------------------
-- 2019-01-24 21:38 result data
OFV: 16057.0	/ CPU: 2.765 seconds 	/ department sequence: [9, 13, 3, 6, 7, 20, 15, 8, 12, 14, 2, 4, 11, 16, 18, 10, 19, 5, 17, 1]
