-- H_20 result
--------------------------------------------
HostNestNum = 5, P_a = 0.15
--------------------------------------------
-- 2019-01-06 10:15summary result data
OFV: 16039.0	/ CPU: 2.253	/ department sequence: [1, 3, 9, 10, 18, 16, 14, 11, 12, 8, 15, 2, 4, 20, 7, 19, 6, 5, 13, 17]
-- 2019-01-06 10:15summary result data
OFV: 15927.0	/ CPU: 2.235	/ department sequence: [1, 3, 9, 13, 6, 10, 5, 7, 16, 11, 14, 12, 2, 4, 20, 8, 15, 18, 19, 17]
-- 2019-01-06 10:15summary result data
OFV: 15795.0	/ CPU: 2.56	/ department sequence: [1, 17, 5, 19, 7, 15, 20, 8, 12, 2, 4, 11, 16, 14, 18, 10, 6, 3, 13, 9]
-- 2019-01-06 10:15summary result data
OFV: 15966.0	/ CPU: 2.231	/ department sequence: [1, 17, 3, 18, 10, 7, 11, 16, 14, 12, 4, 2, 8, 15, 20, 19, 6, 5, 13, 9]
-- 2019-01-06 10:15summary result data
OFV: 15549.0	/ CPU: 2.349	/ department sequence: [1, 17, 13, 5, 6, 7, 20, 8, 12, 11, 4, 16, 15, 2, 14, 19, 10, 18, 3, 9]
-- 2019-01-06 10:15summary result data
OFV: 15868.0	/ CPU: 2.282	/ department sequence: [9, 13, 19, 20, 15, 8, 16, 11, 4, 2, 14, 12, 7, 6, 5, 10, 18, 3, 17, 1]
-- 2019-01-06 10:15summary result data
OFV: 15673.0	/ CPU: 2.34	/ department sequence: [9, 13, 3, 6, 10, 18, 19, 14, 2, 15, 20, 12, 8, 4, 11, 16, 7, 5, 17, 1]
-- 2019-01-06 10:15summary result data
OFV: 15896.0	/ CPU: 2.272	/ department sequence: [9, 13, 19, 20, 15, 8, 12, 14, 2, 16, 4, 11, 7, 6, 5, 10, 18, 3, 17, 1]
-- 2019-01-06 10:15summary result data
OFV: 15948.0	/ CPU: 2.34	/ department sequence: [1, 17, 19, 15, 8, 20, 16, 11, 4, 2, 12, 14, 7, 18, 10, 5, 6, 3, 13, 9]
-- 2019-01-06 10:15summary result data
OFV: 15796.0	/ CPU: 2.687	/ department sequence: [1, 17, 7, 20, 15, 8, 12, 11, 4, 16, 2, 14, 19, 18, 10, 5, 6, 3, 13, 9]
