-- H_20 result
--------------------------------------------
HostNestNum = 100, P_a = 0.25
--------------------------------------------
-- 2019-01-06 11:02summary result data
OFV: 15838.0	/ CPU: 21.311	/ department sequence: [1, 17, 19, 7, 15, 20, 8, 12, 4, 2, 11, 16, 14, 18, 10, 5, 6, 3, 13, 9]
-- 2019-01-06 11:03summary result data
OFV: 15549.0	/ CPU: 30.183	/ department sequence: [9, 3, 18, 10, 19, 14, 2, 15, 16, 4, 11, 12, 8, 20, 7, 6, 5, 13, 17, 1]
-- 2019-01-06 11:03summary result data
OFV: 16195.0	/ CPU: 22.279	/ department sequence: [1, 17, 5, 19, 10, 18, 7, 4, 2, 14, 12, 11, 16, 15, 8, 20, 6, 3, 13, 9]
-- 2019-01-06 11:03summary result data
OFV: 15838.0	/ CPU: 23.03	/ department sequence: [9, 13, 3, 6, 5, 10, 18, 14, 16, 11, 2, 4, 12, 8, 20, 15, 7, 19, 17, 1]
-- 2019-01-06 11:04summary result data
OFV: 15673.0	/ CPU: 23.059	/ department sequence: [1, 17, 5, 7, 16, 11, 4, 8, 12, 20, 15, 2, 14, 19, 18, 10, 6, 3, 13, 9]
-- 2019-01-06 11:04summary result data
OFV: 16076.0	/ CPU: 28.555	/ department sequence: [9, 13, 3, 6, 7, 20, 8, 12, 11, 4, 16, 14, 2, 15, 18, 10, 19, 5, 17, 1]
-- 2019-01-06 11:05summary result data
OFV: 15896.0	/ CPU: 25.422	/ department sequence: [9, 13, 19, 20, 15, 8, 12, 14, 2, 16, 4, 11, 7, 6, 5, 10, 18, 3, 17, 1]
-- 2019-01-06 11:05summary result data
OFV: 15549.0	/ CPU: 34.707	/ department sequence: [9, 3, 18, 10, 19, 14, 2, 15, 16, 4, 11, 12, 8, 20, 7, 6, 5, 13, 17, 1]
-- 2019-01-06 11:06summary result data
OFV: 15896.0	/ CPU: 27.399	/ department sequence: [1, 17, 3, 18, 10, 5, 6, 7, 11, 4, 16, 2, 14, 12, 8, 15, 20, 19, 13, 9]
-- 2019-01-06 11:06summary result data
OFV: 15673.0	/ CPU: 27.076	/ department sequence: [9, 13, 3, 6, 10, 18, 19, 14, 2, 15, 20, 12, 8, 4, 11, 16, 7, 5, 17, 1]
