-- H_20 result
--------------------------------------------
HostNestNum = 20, P_a = 0.1
--------------------------------------------
-- 2019-01-06 10:31summary result data
OFV: 15978.0	/ CPU: 2.939	/ department sequence: [9, 13, 5, 6, 19, 20, 7, 15, 2, 4, 12, 14, 8, 11, 16, 10, 18, 3, 17, 1]
-- 2019-01-06 10:31summary result data
OFV: 15927.0	/ CPU: 3.252	/ department sequence: [1, 3, 9, 13, 6, 10, 5, 7, 16, 11, 14, 12, 2, 4, 20, 8, 15, 18, 19, 17]
-- 2019-01-06 10:31summary result data
OFV: 15971.0	/ CPU: 3.166	/ department sequence: [17, 19, 18, 15, 4, 2, 14, 16, 11, 8, 12, 20, 7, 5, 10, 6, 13, 9, 3, 1]
-- 2019-01-06 10:31summary result data
OFV: 15971.0	/ CPU: 2.97	/ department sequence: [17, 19, 18, 15, 4, 2, 14, 16, 11, 8, 12, 20, 7, 5, 10, 6, 13, 9, 3, 1]
-- 2019-01-06 10:31summary result data
OFV: 16076.0	/ CPU: 4.659	/ department sequence: [1, 17, 5, 19, 10, 18, 15, 2, 14, 16, 4, 11, 12, 8, 20, 7, 6, 3, 13, 9]
-- 2019-01-06 10:31summary result data
OFV: 15549.0	/ CPU: 3.303	/ department sequence: [9, 3, 18, 10, 19, 14, 2, 15, 16, 4, 11, 12, 8, 20, 7, 6, 5, 13, 17, 1]
-- 2019-01-06 10:31summary result data
OFV: 15927.0	/ CPU: 3.018	/ department sequence: [17, 19, 18, 15, 8, 20, 4, 2, 12, 14, 11, 16, 7, 5, 10, 6, 13, 9, 3, 1]
-- 2019-01-06 10:31summary result data
OFV: 15929.0	/ CPU: 3.165	/ department sequence: [1, 3, 10, 18, 19, 15, 14, 2, 16, 11, 4, 12, 8, 20, 7, 6, 5, 17, 13, 9]
-- 2019-01-06 10:31summary result data
OFV: 15868.0	/ CPU: 3.055	/ department sequence: [9, 13, 19, 20, 15, 8, 16, 11, 4, 2, 14, 12, 7, 6, 5, 10, 18, 3, 17, 1]
-- 2019-01-06 10:31summary result data
OFV: 15971.0	/ CPU: 3.052	/ department sequence: [17, 19, 18, 15, 4, 2, 14, 16, 11, 8, 12, 20, 7, 5, 10, 6, 13, 9, 3, 1]
-- H_20 result
--------------------------------------------
HostNestNum = 20, P_a = 0.1
--------------------------------------------
-- 2019-01-22 21:38 result data
OFV: 15673.0	/ CPU: 5.801 seconds 	/ department sequence: [1, 17, 5, 7, 16, 11, 4, 8, 12, 20, 15, 2, 14, 19, 18, 10, 6, 3, 13, 9]
-- H_20 result
--------------------------------------------
HostNestNum = 20, P_a = 0.1
--------------------------------------------
-- 2019-01-22 21:56 result data
OFV: 15934.0	/ CPU: 6.257 seconds 	/ department sequence: [1, 3, 9, 13, 6, 10, 5, 7, 16, 11, 14, 12, 8, 20, 2, 4, 15, 18, 19, 17]
-- H_20 result
--------------------------------------------
HostNestNum = 20, P_a = 0.1
--------------------------------------------
-- 2019-01-23 00:42 result data
OFV: 16029.0	/ CPU: 5.813 seconds 	/ department sequence: [1, 17, 3, 18, 10, 5, 8, 11, 16, 14, 12, 4, 2, 7, 15, 20, 6, 19, 13, 9]
-- H_20 result
--------------------------------------------
HostNestNum = 20, P_a = 0.1
--------------------------------------------
-- 2019-01-24 21:37 result data
OFV: 15549.0	/ CPU: 2.300 seconds 	/ department sequence: [1, 17, 13, 5, 6, 7, 20, 8, 12, 11, 4, 16, 15, 2, 14, 19, 10, 18, 3, 9]
-- H_20 result
--------------------------------------------
HostNestNum = 20, P_a = 0.1
--------------------------------------------
-- 2019-01-24 21:39 result data
OFV: 15854.0	/ CPU: 2.296 seconds 	/ department sequence: [1, 17, 3, 18, 10, 5, 6, 7, 8, 12, 11, 4, 14, 2, 16, 15, 20, 19, 13, 9]
-- H_20 result
--------------------------------------------
HostNestNum = 20, P_a = 0.1
--------------------------------------------
-- 2019-01-24 21:41 result data
OFV: 15549.0	/ CPU: 4.466 seconds 	/ department sequence: [9, 3, 18, 10, 19, 14, 2, 15, 16, 4, 11, 12, 8, 20, 7, 6, 5, 13, 17, 1]
