-- H_20 result
--------------------------------------------
HostNestNum = 150, P_a = 0.1
--------------------------------------------
-- 2019-01-06 11:23summary result data
OFV: 15943.0	/ CPU: 15.242	/ department sequence: [1, 17, 5, 19, 7, 16, 11, 4, 2, 14, 12, 15, 8, 20, 18, 10, 6, 3, 13, 9]
-- 2019-01-06 11:24summary result data
OFV: 15795.0	/ CPU: 15.969	/ department sequence: [9, 13, 3, 6, 10, 18, 14, 16, 11, 4, 2, 12, 8, 20, 15, 7, 19, 5, 17, 1]
-- 2019-01-06 11:24summary result data
OFV: 15549.0	/ CPU: 16.805	/ department sequence: [9, 3, 18, 10, 19, 14, 2, 15, 16, 4, 11, 12, 8, 20, 7, 6, 5, 13, 17, 1]
-- 2019-01-06 11:24summary result data
OFV: 15795.0	/ CPU: 19.885	/ department sequence: [9, 13, 3, 6, 10, 18, 14, 16, 11, 4, 2, 12, 8, 20, 15, 7, 19, 5, 17, 1]
-- 2019-01-06 11:24summary result data
OFV: 15549.0	/ CPU: 15.791	/ department sequence: [1, 17, 13, 5, 6, 7, 20, 8, 12, 11, 4, 16, 15, 2, 14, 19, 10, 18, 3, 9]
-- 2019-01-06 11:25summary result data
OFV: 15927.0	/ CPU: 14.517	/ department sequence: [1, 3, 9, 13, 6, 10, 5, 7, 16, 11, 14, 12, 2, 4, 20, 8, 15, 18, 19, 17]
-- 2019-01-06 11:25summary result data
OFV: 15854.0	/ CPU: 24.209	/ department sequence: [1, 17, 3, 18, 10, 5, 6, 7, 8, 12, 11, 4, 14, 2, 16, 15, 20, 19, 13, 9]
-- 2019-01-06 11:25summary result data
OFV: 16076.0	/ CPU: 13.178	/ department sequence: [9, 13, 3, 6, 7, 20, 8, 12, 11, 4, 16, 14, 2, 15, 18, 10, 19, 5, 17, 1]
-- 2019-01-06 11:26summary result data
OFV: 15948.0	/ CPU: 13.053	/ department sequence: [9, 13, 3, 6, 5, 10, 18, 7, 14, 12, 2, 4, 11, 16, 20, 8, 15, 19, 17, 1]
-- 2019-01-06 11:26summary result data
OFV: 15854.0	/ CPU: 22.991	/ department sequence: [9, 13, 19, 20, 15, 16, 2, 14, 4, 11, 12, 8, 7, 6, 5, 10, 18, 3, 17, 1]
