-- H_20 result
--------------------------------------------
HostNestNum = 20, P_a = 0.5
--------------------------------------------
-- 2019-01-06 10:35summary result data
OFV: 15795.0	/ CPU: 9.154	/ department sequence: [1, 17, 5, 19, 7, 15, 20, 8, 12, 2, 4, 11, 16, 14, 18, 10, 6, 3, 13, 9]
-- 2019-01-06 10:36summary result data
OFV: 15868.0	/ CPU: 9.218	/ department sequence: [9, 13, 19, 20, 15, 8, 16, 11, 4, 2, 14, 12, 7, 6, 5, 10, 18, 3, 17, 1]
-- 2019-01-06 10:36summary result data
OFV: 15551.0	/ CPU: 12.045	/ department sequence: [1, 17, 13, 5, 6, 7, 20, 8, 12, 11, 4, 15, 16, 2, 14, 19, 10, 18, 3, 9]
-- 2019-01-06 10:36summary result data
OFV: 15795.0	/ CPU: 10.006	/ department sequence: [9, 13, 3, 6, 10, 18, 14, 16, 11, 4, 2, 12, 8, 20, 15, 7, 19, 5, 17, 1]
-- 2019-01-06 10:36summary result data
OFV: 15868.0	/ CPU: 9.288	/ department sequence: [9, 13, 19, 20, 15, 8, 16, 11, 4, 2, 14, 12, 7, 6, 5, 10, 18, 3, 17, 1]
-- 2019-01-06 10:36summary result data
OFV: 15929.0	/ CPU: 8.953	/ department sequence: [9, 13, 17, 5, 6, 7, 20, 8, 12, 4, 11, 16, 2, 14, 15, 19, 18, 10, 3, 1]
-- 2019-01-06 10:37summary result data
OFV: 15935.0	/ CPU: 20.37	/ department sequence: [1, 17, 3, 18, 10, 19, 15, 14, 2, 12, 8, 4, 11, 16, 20, 7, 6, 5, 13, 9]
-- 2019-01-06 10:37summary result data
OFV: 15971.0	/ CPU: 8.829	/ department sequence: [9, 13, 5, 6, 10, 19, 20, 15, 2, 14, 12, 8, 16, 11, 4, 7, 18, 3, 17, 1]
-- 2019-01-06 10:37summary result data
OFV: 15726.0	/ CPU: 9.367	/ department sequence: [1, 17, 7, 16, 11, 4, 8, 12, 20, 15, 2, 14, 19, 18, 10, 5, 6, 3, 13, 9]
-- 2019-01-06 10:37summary result data
OFV: 15854.0	/ CPU: 8.82	/ department sequence: [9, 13, 19, 20, 15, 16, 2, 14, 4, 11, 12, 8, 7, 6, 5, 10, 18, 3, 17, 1]
-- H_20 result
--------------------------------------------
HostNestNum = 20, P_a = 0.5
--------------------------------------------
-- 2019-01-22 21:57 result data
OFV: 15796.0	/ CPU: 28.846 seconds 	/ department sequence: [9, 13, 3, 6, 5, 10, 18, 19, 14, 2, 16, 4, 11, 12, 8, 15, 20, 7, 17, 1]
-- H_20 result
--------------------------------------------
HostNestNum = 20, P_a = 0.5
--------------------------------------------
-- 2019-01-24 21:37 result data
OFV: 16195.0	/ CPU: 6.418 seconds 	/ department sequence: [9, 13, 3, 6, 20, 8, 15, 16, 11, 12, 14, 2, 4, 7, 18, 10, 19, 5, 17, 1]
-- H_20 result
--------------------------------------------
HostNestNum = 20, P_a = 0.5
--------------------------------------------
-- 2019-01-24 21:39 result data
OFV: 15927.0	/ CPU: 3.221 seconds 	/ department sequence: [17, 19, 18, 15, 8, 20, 4, 2, 12, 14, 11, 16, 7, 5, 10, 6, 13, 9, 3, 1]
-- H_20 result
--------------------------------------------
HostNestNum = 20, P_a = 0.5
--------------------------------------------
-- 2019-01-24 21:42 result data
OFV: 15549.0	/ CPU: 13.323 seconds 	/ department sequence: [1, 17, 13, 5, 6, 7, 20, 8, 12, 11, 4, 16, 15, 2, 14, 19, 10, 18, 3, 9]
