-- H_20 result
--------------------------------------------
HostNestNum = 250, P_a = 0.25
--------------------------------------------
-- 2019-01-06 12:28summary result data
OFV: 15927.0	/ CPU: 52.887	/ department sequence: [17, 19, 18, 15, 8, 20, 4, 2, 12, 14, 11, 16, 7, 5, 10, 6, 13, 9, 3, 1]
-- 2019-01-06 12:29summary result data
OFV: 15966.0	/ CPU: 60.884	/ department sequence: [9, 13, 5, 6, 19, 20, 15, 8, 2, 4, 12, 14, 16, 11, 7, 10, 18, 3, 17, 1]
-- 2019-01-06 12:30summary result data
OFV: 15816.0	/ CPU: 56.113	/ department sequence: [9, 13, 3, 6, 10, 18, 14, 16, 11, 8, 12, 2, 4, 20, 15, 7, 19, 5, 17, 1]
-- 2019-01-06 12:31summary result data
OFV: 15673.0	/ CPU: 51.086	/ department sequence: [9, 13, 3, 6, 10, 18, 19, 14, 2, 15, 20, 12, 8, 4, 11, 16, 7, 5, 17, 1]
-- 2019-01-06 12:32summary result data
OFV: 15948.0	/ CPU: 96.297	/ department sequence: [1, 17, 19, 15, 8, 20, 16, 11, 4, 2, 12, 14, 7, 18, 10, 5, 6, 3, 13, 9]
-- 2019-01-06 12:34summary result data
OFV: 15795.0	/ CPU: 81.273	/ department sequence: [1, 17, 5, 19, 7, 15, 20, 8, 12, 2, 4, 11, 16, 14, 18, 10, 6, 3, 13, 9]
-- 2019-01-06 12:35summary result data
OFV: 15927.0	/ CPU: 55.322	/ department sequence: [17, 19, 18, 15, 8, 20, 4, 2, 12, 14, 11, 16, 7, 5, 10, 6, 13, 9, 3, 1]
-- 2019-01-06 12:36summary result data
OFV: 15673.0	/ CPU: 62.795	/ department sequence: [1, 17, 5, 7, 16, 11, 4, 8, 12, 20, 15, 2, 14, 19, 18, 10, 6, 3, 13, 9]
-- 2019-01-06 12:38summary result data
OFV: 15838.0	/ CPU: 152.523	/ department sequence: [1, 17, 19, 7, 15, 20, 8, 12, 4, 2, 11, 16, 14, 18, 10, 5, 6, 3, 13, 9]
-- 2019-01-06 12:40summary result data
OFV: 15673.0	/ CPU: 107.487	/ department sequence: [1, 17, 5, 7, 16, 11, 4, 8, 12, 20, 15, 2, 14, 19, 18, 10, 6, 3, 13, 9]
