-- H_20 result
--------------------------------------------
HostNestNum = 100, P_a = 0.2
--------------------------------------------
-- 2019-01-06 10:58summary result data
OFV: 15549.0	/ CPU: 16.897	/ department sequence: [9, 3, 18, 10, 19, 14, 2, 15, 16, 4, 11, 12, 8, 20, 7, 6, 5, 13, 17, 1]
-- 2019-01-06 10:59summary result data
OFV: 15549.0	/ CPU: 17.166	/ department sequence: [9, 3, 18, 10, 19, 14, 2, 15, 16, 4, 11, 12, 8, 20, 7, 6, 5, 13, 17, 1]
-- 2019-01-06 10:59summary result data
OFV: 15673.0	/ CPU: 29.669	/ department sequence: [1, 17, 5, 7, 16, 11, 4, 8, 12, 20, 15, 2, 14, 19, 18, 10, 6, 3, 13, 9]
-- 2019-01-06 11:00summary result data
OFV: 15549.0	/ CPU: 17.114	/ department sequence: [1, 17, 13, 5, 6, 7, 20, 8, 12, 11, 4, 16, 15, 2, 14, 19, 10, 18, 3, 9]
-- 2019-01-06 11:00summary result data
OFV: 15896.0	/ CPU: 23.659	/ department sequence: [1, 17, 3, 18, 10, 5, 6, 7, 11, 4, 16, 2, 14, 12, 8, 15, 20, 19, 13, 9]
-- 2019-01-06 11:00summary result data
OFV: 15838.0	/ CPU: 21.245	/ department sequence: [9, 13, 3, 6, 5, 10, 18, 14, 16, 11, 2, 4, 12, 8, 20, 15, 7, 19, 17, 1]
-- 2019-01-06 11:01summary result data
OFV: 15673.0	/ CPU: 29.247	/ department sequence: [1, 17, 5, 7, 16, 11, 4, 8, 12, 20, 15, 2, 14, 19, 18, 10, 6, 3, 13, 9]
-- 2019-01-06 11:01summary result data
OFV: 15673.0	/ CPU: 17.776	/ department sequence: [1, 17, 5, 7, 16, 11, 4, 8, 12, 20, 15, 2, 14, 19, 18, 10, 6, 3, 13, 9]
-- 2019-01-06 11:01summary result data
OFV: 15868.0	/ CPU: 18.463	/ department sequence: [1, 17, 3, 18, 10, 5, 6, 7, 12, 14, 2, 4, 11, 16, 8, 15, 20, 19, 13, 9]
-- 2019-01-06 11:02summary result data
OFV: 15854.0	/ CPU: 19.763	/ department sequence: [1, 17, 3, 18, 10, 5, 6, 7, 8, 12, 11, 4, 14, 2, 20, 15, 16, 19, 13, 9]
