-- H_20 result
--------------------------------------------
HostNestNum = 5, P_a = 0.01
--------------------------------------------
-- 2019-01-06 10:14summary result data
OFV: 16370.0	/ CPU: 1.681	/ department sequence: [9, 13, 17, 5, 19, 18, 16, 14, 2, 4, 11, 8, 12, 15, 20, 7, 6, 10, 3, 1]
-- 2019-01-06 10:14summary result data
OFV: 16039.0	/ CPU: 1.498	/ department sequence: [17, 13, 5, 6, 19, 7, 20, 4, 2, 15, 8, 12, 11, 14, 16, 18, 10, 9, 3, 1]
-- 2019-01-06 10:14summary result data
OFV: 15796.0	/ CPU: 1.577	/ department sequence: [9, 13, 3, 6, 5, 10, 18, 19, 14, 2, 16, 4, 11, 12, 8, 15, 20, 7, 17, 1]
-- 2019-01-06 10:14summary result data
OFV: 15948.0	/ CPU: 1.525	/ department sequence: [9, 13, 3, 6, 5, 10, 18, 7, 14, 12, 2, 4, 11, 16, 20, 8, 15, 19, 17, 1]
-- 2019-01-06 10:14summary result data
OFV: 15943.0	/ CPU: 1.852	/ department sequence: [1, 17, 5, 19, 7, 16, 11, 4, 2, 14, 12, 15, 8, 20, 18, 10, 6, 3, 13, 9]
-- 2019-01-06 10:14summary result data
OFV: 15868.0	/ CPU: 1.535	/ department sequence: [9, 13, 19, 20, 15, 8, 16, 11, 4, 2, 14, 12, 7, 6, 5, 10, 18, 3, 17, 1]
-- 2019-01-06 10:14summary result data
OFV: 15963.0	/ CPU: 1.578	/ department sequence: [1, 17, 3, 18, 10, 7, 12, 14, 11, 16, 4, 2, 8, 15, 20, 19, 6, 5, 13, 9]
-- 2019-01-06 10:14summary result data
OFV: 15854.0	/ CPU: 1.464	/ department sequence: [9, 13, 19, 16, 15, 20, 2, 14, 4, 11, 12, 8, 7, 6, 5, 10, 18, 3, 17, 1]
-- 2019-01-06 10:14summary result data
OFV: 15795.0	/ CPU: 1.452	/ department sequence: [9, 13, 3, 6, 10, 18, 14, 16, 11, 4, 2, 12, 8, 20, 15, 7, 19, 5, 17, 1]
-- 2019-01-06 10:14summary result data
OFV: 15927.0	/ CPU: 1.545	/ department sequence: [17, 19, 18, 15, 8, 20, 4, 2, 12, 14, 11, 16, 7, 5, 10, 6, 13, 9, 3, 1]
