-- H_20 result
--------------------------------------------
HostNestNum = 150, P_a = 0.5
--------------------------------------------
-- 2019-01-06 11:53summary result data
OFV: 15795.0	/ CPU: 61.078	/ department sequence: [1, 17, 5, 19, 7, 15, 20, 8, 12, 2, 4, 11, 16, 14, 18, 10, 6, 3, 13, 9]
-- 2019-01-06 11:54summary result data
OFV: 15896.0	/ CPU: 58.095	/ department sequence: [9, 13, 19, 20, 15, 8, 12, 14, 2, 16, 4, 11, 7, 6, 5, 10, 18, 3, 17, 1]
-- 2019-01-06 11:55summary result data
OFV: 15971.0	/ CPU: 63.153	/ department sequence: [17, 19, 18, 15, 4, 2, 14, 16, 11, 8, 12, 20, 7, 5, 10, 6, 13, 9, 3, 1]
-- 2019-01-06 11:56summary result data
OFV: 15549.0	/ CPU: 65.163	/ department sequence: [9, 3, 18, 10, 19, 14, 2, 15, 16, 4, 11, 12, 8, 20, 7, 6, 5, 13, 17, 1]
-- 2019-01-06 11:57summary result data
OFV: 16382.0	/ CPU: 69.657	/ department sequence: [17, 13, 5, 6, 19, 10, 18, 15, 2, 4, 20, 8, 12, 14, 11, 7, 16, 9, 3, 1]
-- 2019-01-06 11:58summary result data
OFV: 16052.0	/ CPU: 61.014	/ department sequence: [17, 13, 5, 6, 19, 20, 8, 15, 4, 2, 7, 12, 11, 14, 16, 18, 10, 9, 3, 1]
-- 2019-01-06 11:59summary result data
OFV: 15854.0	/ CPU: 55.852	/ department sequence: [1, 17, 3, 18, 10, 5, 6, 7, 8, 12, 11, 4, 14, 2, 20, 15, 16, 19, 13, 9]
-- 2019-01-06 12:00summary result data
OFV: 15796.0	/ CPU: 69.455	/ department sequence: [9, 13, 3, 6, 5, 10, 18, 19, 14, 2, 16, 4, 11, 12, 8, 15, 20, 7, 17, 1]
-- 2019-01-06 12:02summary result data
OFV: 15795.0	/ CPU: 145.791	/ department sequence: [9, 13, 3, 6, 10, 18, 14, 16, 11, 4, 2, 12, 8, 20, 15, 7, 19, 5, 17, 1]
-- 2019-01-06 12:03summary result data
OFV: 15971.0	/ CPU: 59.409	/ department sequence: [1, 17, 3, 18, 7, 4, 11, 16, 8, 12, 14, 2, 15, 20, 19, 10, 6, 5, 13, 9]
