-- H_20 result
--------------------------------------------
HostNestNum = 5, P_a = 0.0
--------------------------------------------
-- 2019-01-06 10:14summary result data
OFV: 16052.0	/ CPU: 1.53	/ department sequence: [17, 13, 5, 6, 19, 20, 8, 15, 4, 2, 7, 12, 11, 14, 16, 18, 10, 9, 3, 1]
-- 2019-01-06 10:14summary result data
OFV: 15796.0	/ CPU: 1.502	/ department sequence: [9, 13, 3, 6, 5, 10, 18, 19, 14, 2, 16, 4, 11, 12, 8, 15, 20, 7, 17, 1]
-- 2019-01-06 10:14summary result data
OFV: 15943.0	/ CPU: 1.453	/ department sequence: [1, 17, 5, 19, 7, 16, 11, 4, 2, 14, 12, 15, 8, 20, 18, 10, 6, 3, 13, 9]
-- 2019-01-06 10:14summary result data
OFV: 15868.0	/ CPU: 1.845	/ department sequence: [1, 17, 3, 18, 10, 5, 6, 7, 12, 14, 2, 4, 11, 16, 8, 15, 20, 19, 13, 9]
-- 2019-01-06 10:14summary result data
OFV: 15673.0	/ CPU: 2.49	/ department sequence: [1, 17, 5, 7, 16, 11, 4, 8, 12, 20, 15, 2, 14, 19, 18, 10, 6, 3, 13, 9]
-- 2019-01-06 10:14summary result data
OFV: 16052.0	/ CPU: 1.971	/ department sequence: [17, 13, 5, 6, 19, 20, 8, 15, 4, 2, 7, 12, 11, 14, 16, 18, 10, 9, 3, 1]
-- 2019-01-06 10:14summary result data
OFV: 15549.0	/ CPU: 1.428	/ department sequence: [1, 17, 13, 5, 6, 7, 20, 8, 12, 11, 4, 16, 15, 2, 14, 19, 10, 18, 3, 9]
-- 2019-01-06 10:14summary result data
OFV: 15967.0	/ CPU: 1.771	/ department sequence: [9, 13, 19, 16, 11, 4, 14, 2, 15, 20, 12, 8, 7, 6, 5, 10, 18, 3, 17, 1]
-- 2019-01-06 10:14summary result data
OFV: 15937.0	/ CPU: 1.538	/ department sequence: [9, 13, 5, 6, 7, 20, 8, 12, 11, 16, 4, 2, 14, 15, 19, 10, 18, 3, 17, 1]
-- 2019-01-06 10:14summary result data
OFV: 15978.0	/ CPU: 1.566	/ department sequence: [9, 13, 5, 6, 19, 20, 7, 15, 2, 4, 12, 14, 8, 11, 16, 10, 18, 3, 17, 1]
-- H20 result
--------------------------------------------
HostNestNum = 5, P_a = 0.0
--------------------------------------------
-- 2020-03-11 03:46 result data
OFV: 15598.0	/ CPU: 46.413 seconds 	/ department sequence: [9, 13, 3, 18, 6, 20, 10, 2, 12, 14, 4, 15, 8, 11, 16, 7, 19, 5, 17, 1]
OFV: 15572.0	/ CPU: 20.040 seconds 	/ department sequence: [9, 3, 13, 6, 5, 10, 11, 16, 4, 14, 2, 12, 8, 18, 7, 20, 15, 19, 17, 1]
OFV: 15616.0	/ CPU: 5.358 seconds 	/ department sequence: [9, 13, 3, 18, 6, 10, 5, 19, 2, 14, 15, 16, 4, 11, 20, 8, 12, 17, 7, 1]
OFV: 15551.0	/ CPU: 5.389 seconds 	/ department sequence: [13, 3, 10, 6, 18, 14, 9, 19, 2, 16, 12, 20, 4, 15, 8, 11, 5, 7, 17, 1]
OFV: 15700.0	/ CPU: 5.009 seconds 	/ department sequence: [1, 17, 13, 6, 5, 7, 20, 11, 16, 8, 15, 12, 4, 2, 14, 18, 19, 10, 3, 9]
OFV: 15704.0	/ CPU: 4.121 seconds 	/ department sequence: [1, 17, 3, 7, 18, 10, 5, 8, 6, 11, 12, 14, 4, 20, 2, 15, 19, 13, 16, 9]
OFV: 15549.0	/ CPU: 6.472 seconds 	/ department sequence: [9, 3, 19, 18, 10, 2, 14, 15, 20, 12, 11, 8, 4, 7, 13, 16, 5, 6, 1, 17]
OFV: 15574.0	/ CPU: 4.068 seconds 	/ department sequence: [1, 17, 13, 5, 7, 6, 12, 20, 8, 15, 11, 4, 2, 10, 14, 19, 16, 18, 3, 9]
OFV: 15663.0	/ CPU: 4.899 seconds 	/ department sequence: [9, 3, 6, 13, 5, 10, 18, 16, 14, 11, 19, 12, 2, 4, 7, 8, 20, 15, 17, 1]
OFV: 15616.0	/ CPU: 7.605 seconds 	/ department sequence: [1, 17, 5, 19, 7, 15, 20, 8, 4, 2, 11, 12, 18, 16, 14, 10, 9, 6, 13, 3]
-- H20 result
--------------------------------------------
HostNestNum = 5, P_a = 0.0
--------------------------------------------
-- 2020-03-11 04:07 result data
OFV: 15854.0	/ CPU: 66.390 seconds 	/ department sequence: [1, 17, 3, 18, 10, 5, 6, 7, 8, 12, 11, 4, 14, 2, 20, 15, 16, 19, 13, 9]
-- H20 result
--------------------------------------------
HostNestNum = 5, P_a = 0.0
--------------------------------------------
-- 2020-03-11 04:11 result data
OFV: 15927.0	/ CPU: 35.163 seconds 	/ department sequence: [17, 19, 18, 15, 8, 20, 4, 2, 12, 14, 11, 16, 7, 5, 10, 6, 13, 9, 3, 1]
OFV: 15549.0	/ CPU: 48.996 seconds 	/ department sequence: [9, 3, 18, 10, 19, 14, 2, 15, 16, 4, 11, 12, 8, 20, 7, 6, 5, 13, 17, 1]
-- H20 result
--------------------------------------------
HostNestNum = 5, P_a = 0.0
--------------------------------------------
-- 2020-03-11 04:20 result data
OFV: 15795.0	/ CPU: 40.282 seconds 	/ department sequence: [1, 17, 5, 19, 7, 15, 20, 8, 12, 2, 4, 11, 16, 14, 18, 10, 6, 3, 13, 9]
OFV: 15673.0	/ CPU: 40.688 seconds 	/ department sequence: [9, 13, 3, 6, 10, 18, 19, 14, 2, 15, 20, 12, 8, 4, 11, 16, 7, 5, 17, 1]
OFV: 15927.0	/ CPU: 24.109 seconds 	/ department sequence: [17, 19, 18, 15, 8, 20, 4, 2, 12, 14, 11, 16, 7, 5, 10, 6, 13, 9, 3, 1]
OFV: 15796.0	/ CPU: 42.191 seconds 	/ department sequence: [1, 17, 7, 20, 15, 8, 12, 11, 4, 16, 2, 14, 19, 18, 10, 5, 6, 3, 13, 9]
