-- H_20 result
--------------------------------------------
HostNestNum = 250, P_a = 0.1
--------------------------------------------
-- 2019-01-06 12:08summary result data
OFV: 15796.0	/ CPU: 24.826	/ department sequence: [9, 13, 3, 6, 5, 10, 18, 19, 14, 2, 16, 4, 11, 12, 8, 15, 20, 7, 17, 1]
-- 2019-01-06 12:08summary result data
OFV: 15966.0	/ CPU: 24.62	/ department sequence: [1, 17, 3, 18, 10, 7, 11, 16, 14, 12, 4, 2, 8, 15, 20, 19, 6, 5, 13, 9]
-- 2019-01-06 12:09summary result data
OFV: 16007.0	/ CPU: 50.989	/ department sequence: [9, 13, 5, 6, 7, 20, 15, 8, 12, 2, 4, 11, 16, 14, 19, 10, 18, 3, 17, 1]
-- 2019-01-06 12:09summary result data
OFV: 15854.0	/ CPU: 20.881	/ department sequence: [9, 13, 19, 20, 15, 16, 2, 14, 4, 11, 12, 8, 7, 6, 5, 10, 18, 3, 17, 1]
-- 2019-01-06 12:10summary result data
OFV: 15673.0	/ CPU: 21.687	/ department sequence: [9, 13, 3, 6, 10, 18, 19, 14, 2, 15, 20, 12, 8, 4, 11, 16, 7, 5, 17, 1]
-- 2019-01-06 12:10summary result data
OFV: 15796.0	/ CPU: 29.967	/ department sequence: [9, 13, 3, 6, 5, 10, 18, 19, 14, 2, 16, 4, 11, 12, 8, 15, 20, 7, 17, 1]
-- 2019-01-06 12:11summary result data
OFV: 15963.0	/ CPU: 30.168	/ department sequence: [1, 17, 3, 18, 10, 7, 12, 14, 11, 16, 4, 2, 8, 15, 20, 19, 6, 5, 13, 9]
-- 2019-01-06 12:11summary result data
OFV: 15935.0	/ CPU: 27.26	/ department sequence: [1, 17, 3, 18, 10, 19, 15, 14, 2, 12, 8, 4, 11, 16, 20, 7, 6, 5, 13, 9]
-- 2019-01-06 12:12summary result data
OFV: 15673.0	/ CPU: 25.302	/ department sequence: [9, 13, 3, 6, 10, 18, 19, 14, 2, 15, 20, 12, 8, 4, 11, 16, 7, 5, 17, 1]
-- 2019-01-06 12:12summary result data
OFV: 15971.0	/ CPU: 26.974	/ department sequence: [1, 3, 9, 13, 6, 10, 5, 7, 20, 12, 8, 11, 16, 14, 2, 4, 15, 18, 19, 17]
