-- H_20 result
--------------------------------------------
HostNestNum = 250, P_a = 0.15
--------------------------------------------
-- 2019-01-06 12:13summary result data
OFV: 15971.0	/ CPU: 31.461	/ department sequence: [1, 17, 3, 18, 7, 4, 11, 16, 8, 12, 14, 2, 15, 20, 19, 10, 6, 5, 13, 9]
-- 2019-01-06 12:13summary result data
OFV: 15971.0	/ CPU: 40.13	/ department sequence: [1, 17, 3, 18, 7, 4, 11, 16, 8, 12, 14, 2, 15, 20, 19, 10, 6, 5, 13, 9]
-- 2019-01-06 12:14summary result data
OFV: 15948.0	/ CPU: 49.42	/ department sequence: [9, 13, 3, 6, 5, 10, 18, 7, 14, 12, 2, 4, 11, 16, 20, 8, 15, 19, 17, 1]
-- 2019-01-06 12:15summary result data
OFV: 15935.0	/ CPU: 61.331	/ department sequence: [1, 17, 3, 18, 10, 19, 15, 14, 2, 12, 8, 4, 11, 16, 20, 7, 6, 5, 13, 9]
-- 2019-01-06 12:16summary result data
OFV: 15549.0	/ CPU: 48.467	/ department sequence: [1, 17, 13, 5, 6, 7, 20, 8, 12, 11, 4, 16, 15, 2, 14, 19, 10, 18, 3, 9]
-- 2019-01-06 12:16summary result data
OFV: 15673.0	/ CPU: 32.104	/ department sequence: [9, 13, 3, 6, 10, 18, 19, 14, 2, 15, 20, 12, 8, 4, 11, 16, 7, 5, 17, 1]
-- 2019-01-06 12:17summary result data
OFV: 15549.0	/ CPU: 34.753	/ department sequence: [1, 17, 13, 5, 6, 7, 20, 8, 12, 11, 4, 16, 15, 2, 14, 19, 10, 18, 3, 9]
-- 2019-01-06 12:18summary result data
OFV: 15549.0	/ CPU: 71.778	/ department sequence: [9, 3, 18, 10, 19, 14, 2, 15, 16, 4, 11, 12, 8, 20, 7, 6, 5, 13, 17, 1]
-- 2019-01-06 12:19summary result data
OFV: 15795.0	/ CPU: 39.131	/ department sequence: [1, 17, 5, 19, 7, 15, 20, 8, 12, 2, 4, 11, 16, 14, 18, 10, 6, 3, 13, 9]
-- 2019-01-06 12:20summary result data
OFV: 15796.0	/ CPU: 43.826	/ department sequence: [9, 13, 3, 6, 5, 10, 18, 19, 14, 2, 16, 4, 11, 12, 8, 15, 20, 7, 17, 1]
