-- H_20 result
--------------------------------------------
HostNestNum = 50, P_a = 0.0
--------------------------------------------
-- 2019-01-06 10:37summary result data
OFV: 15896.0	/ CPU: 1.63	/ department sequence: [9, 13, 19, 20, 15, 8, 12, 14, 2, 16, 4, 11, 7, 6, 5, 10, 18, 3, 17, 1]
-- 2019-01-06 10:37summary result data
OFV: 16076.0	/ CPU: 1.941	/ department sequence: [1, 17, 5, 19, 10, 18, 15, 2, 14, 16, 4, 11, 12, 8, 20, 7, 6, 3, 13, 9]
-- 2019-01-06 10:37summary result data
OFV: 15971.0	/ CPU: 2.164	/ department sequence: [17, 19, 18, 15, 4, 2, 14, 16, 11, 8, 12, 20, 7, 5, 10, 6, 13, 9, 3, 1]
-- 2019-01-06 10:37summary result data
OFV: 15935.0	/ CPU: 1.907	/ department sequence: [9, 13, 5, 6, 7, 20, 16, 11, 4, 8, 12, 2, 14, 15, 19, 10, 18, 3, 17, 1]
-- 2019-01-06 10:37summary result data
OFV: 15868.0	/ CPU: 1.759	/ department sequence: [9, 13, 19, 20, 15, 8, 16, 11, 4, 2, 14, 12, 7, 6, 5, 10, 18, 3, 17, 1]
-- 2019-01-06 10:37summary result data
OFV: 15896.0	/ CPU: 1.74	/ department sequence: [1, 17, 3, 18, 10, 5, 6, 7, 11, 4, 16, 2, 14, 12, 8, 15, 20, 19, 13, 9]
-- 2019-01-06 10:37summary result data
OFV: 15795.0	/ CPU: 2.615	/ department sequence: [1, 17, 5, 19, 7, 15, 20, 8, 12, 2, 4, 11, 16, 14, 18, 10, 6, 3, 13, 9]
-- 2019-01-06 10:37summary result data
OFV: 16039.0	/ CPU: 3.148	/ department sequence: [17, 13, 5, 6, 19, 7, 20, 4, 2, 15, 8, 12, 11, 14, 16, 18, 10, 9, 3, 1]
-- 2019-01-06 10:37summary result data
OFV: 15795.0	/ CPU: 2.049	/ department sequence: [9, 13, 3, 6, 10, 18, 14, 16, 11, 4, 2, 12, 8, 20, 15, 7, 19, 5, 17, 1]
-- 2019-01-06 10:37summary result data
OFV: 15549.0	/ CPU: 2.725	/ department sequence: [1, 17, 13, 5, 6, 7, 20, 8, 12, 11, 4, 16, 15, 2, 14, 19, 10, 18, 3, 9]
-- H_20 result
--------------------------------------------
HostNestNum = 50, P_a = 0.0
--------------------------------------------
-- 2019-01-22 22:00 result data
OFV: 16241.0	/ CPU: 1.076 seconds 	/ department sequence: [1, 3, 7, 15, 20, 8, 12, 11, 16, 4, 2, 14, 18, 10, 19, 6, 5, 17, 13, 9]
-- H_20 result
--------------------------------------------
HostNestNum = 50, P_a = 0.0
--------------------------------------------
-- 2019-01-24 21:38 result data
OFV: 15549.0	/ CPU: 2.180 seconds 	/ department sequence: [9, 3, 18, 10, 19, 14, 2, 15, 16, 4, 11, 12, 8, 20, 7, 6, 5, 13, 17, 1]
