-- H_20 result
--------------------------------------------
HostNestNum = 50, P_a = 0.4
--------------------------------------------
-- 2019-01-06 10:46summary result data
OFV: 15927.0	/ CPU: 17.028	/ department sequence: [17, 19, 18, 15, 8, 20, 4, 2, 12, 14, 11, 16, 7, 5, 10, 6, 13, 9, 3, 1]
-- 2019-01-06 10:46summary result data
OFV: 15673.0	/ CPU: 19.098	/ department sequence: [9, 13, 3, 6, 10, 18, 19, 14, 2, 15, 20, 12, 8, 4, 11, 16, 7, 5, 17, 1]
-- 2019-01-06 10:46summary result data
OFV: 15896.0	/ CPU: 16.966	/ department sequence: [9, 13, 19, 20, 15, 8, 12, 14, 2, 16, 4, 11, 7, 6, 5, 10, 18, 3, 17, 1]
-- 2019-01-06 10:47summary result data
OFV: 15673.0	/ CPU: 21.21	/ department sequence: [9, 13, 3, 6, 10, 18, 19, 14, 2, 15, 20, 12, 8, 4, 11, 16, 7, 5, 17, 1]
-- 2019-01-06 10:47summary result data
OFV: 15816.0	/ CPU: 15.829	/ department sequence: [9, 13, 3, 6, 10, 18, 14, 16, 11, 8, 12, 2, 4, 20, 15, 7, 19, 5, 17, 1]
-- 2019-01-06 10:47summary result data
OFV: 15673.0	/ CPU: 16.792	/ department sequence: [9, 13, 3, 6, 10, 18, 19, 14, 2, 15, 20, 12, 8, 4, 11, 16, 7, 5, 17, 1]
-- 2019-01-06 10:47summary result data
OFV: 16091.0	/ CPU: 23.104	/ department sequence: [9, 13, 3, 6, 7, 20, 16, 11, 4, 8, 12, 14, 2, 15, 18, 10, 19, 5, 17, 1]
-- 2019-01-06 10:48summary result data
OFV: 15927.0	/ CPU: 16.45	/ department sequence: [1, 3, 9, 13, 6, 10, 5, 7, 16, 11, 14, 12, 2, 4, 20, 8, 15, 18, 19, 17]
-- 2019-01-06 10:48summary result data
OFV: 15673.0	/ CPU: 19.92	/ department sequence: [9, 13, 3, 6, 10, 18, 19, 14, 2, 15, 20, 12, 8, 4, 11, 16, 7, 5, 17, 1]
-- 2019-01-06 10:48summary result data
OFV: 15838.0	/ CPU: 16.49	/ department sequence: [1, 17, 19, 7, 15, 20, 8, 12, 4, 2, 11, 16, 14, 18, 10, 5, 6, 3, 13, 9]
-- H_20 result
--------------------------------------------
HostNestNum = 50, P_a = 0.4
--------------------------------------------
-- 2019-01-22 22:01 result data
OFV: 15963.0	/ CPU: 63.812 seconds 	/ department sequence: [1, 17, 3, 18, 10, 7, 12, 14, 11, 16, 4, 2, 8, 15, 20, 19, 6, 5, 13, 9]
-- H_20 result
--------------------------------------------
HostNestNum = 50, P_a = 0.4
--------------------------------------------
-- 2019-01-24 21:38 result data
OFV: 15971.0	/ CPU: 2.975 seconds 	/ department sequence: [1, 17, 3, 18, 7, 4, 11, 16, 8, 12, 14, 2, 15, 20, 19, 10, 6, 5, 13, 9]
