-- H_20 result
--------------------------------------------
HostNestNum = 100, P_a = 0.4
--------------------------------------------
-- 2019-01-06 11:07summary result data
OFV: 15816.0	/ CPU: 34.988	/ department sequence: [9, 13, 3, 6, 10, 18, 14, 16, 11, 8, 12, 2, 4, 20, 15, 7, 19, 5, 17, 1]
-- 2019-01-06 11:07summary result data
OFV: 15927.0	/ CPU: 33.102	/ department sequence: [17, 19, 18, 15, 8, 20, 4, 2, 12, 14, 11, 16, 7, 5, 10, 6, 13, 9, 3, 1]
-- 2019-01-06 11:08summary result data
OFV: 15673.0	/ CPU: 35.975	/ department sequence: [9, 13, 3, 6, 10, 18, 19, 14, 2, 15, 20, 12, 8, 4, 11, 16, 7, 5, 17, 1]
-- 2019-01-06 11:08summary result data
OFV: 15549.0	/ CPU: 35.422	/ department sequence: [9, 3, 18, 10, 19, 14, 2, 15, 16, 4, 11, 12, 8, 20, 7, 6, 5, 13, 17, 1]
-- 2019-01-06 11:09summary result data
OFV: 16039.0	/ CPU: 37.13	/ department sequence: [17, 13, 5, 6, 19, 7, 20, 4, 2, 15, 8, 12, 11, 14, 16, 18, 10, 9, 3, 1]
-- 2019-01-06 11:10summary result data
OFV: 15549.0	/ CPU: 39.828	/ department sequence: [9, 3, 18, 10, 19, 14, 2, 15, 16, 4, 11, 12, 8, 20, 7, 6, 5, 13, 17, 1]
-- 2019-01-06 11:10summary result data
OFV: 15549.0	/ CPU: 31.077	/ department sequence: [9, 3, 18, 10, 19, 14, 2, 15, 16, 4, 11, 12, 8, 20, 7, 6, 5, 13, 17, 1]
-- 2019-01-06 11:11summary result data
OFV: 15971.0	/ CPU: 32.996	/ department sequence: [17, 19, 18, 15, 4, 2, 14, 16, 11, 8, 12, 20, 7, 5, 10, 6, 13, 9, 3, 1]
-- 2019-01-06 11:12summary result data
OFV: 15673.0	/ CPU: 62.128	/ department sequence: [1, 17, 5, 7, 16, 11, 4, 8, 12, 20, 15, 2, 14, 19, 18, 10, 6, 3, 13, 9]
-- 2019-01-06 11:12summary result data
OFV: 15838.0	/ CPU: 39.419	/ department sequence: [1, 17, 19, 7, 15, 20, 8, 12, 4, 2, 11, 16, 14, 18, 10, 5, 6, 3, 13, 9]
