-- H_20 result
--------------------------------------------
HostNestNum = 50, P_a = 0.5
--------------------------------------------
-- 2019-01-06 10:49summary result data
OFV: 15795.0	/ CPU: 19.863	/ department sequence: [1, 17, 5, 19, 7, 15, 20, 8, 12, 2, 4, 11, 16, 14, 18, 10, 6, 3, 13, 9]
-- 2019-01-06 10:49summary result data
OFV: 15935.0	/ CPU: 20.083	/ department sequence: [9, 13, 5, 6, 7, 20, 16, 11, 4, 8, 12, 2, 14, 15, 19, 10, 18, 3, 17, 1]
-- 2019-01-06 10:49summary result data
OFV: 15673.0	/ CPU: 22.187	/ department sequence: [1, 17, 5, 7, 16, 11, 4, 8, 12, 20, 15, 2, 14, 19, 18, 10, 6, 3, 13, 9]
-- 2019-01-06 10:50summary result data
OFV: 15673.0	/ CPU: 22.419	/ department sequence: [9, 13, 3, 6, 10, 18, 19, 14, 2, 15, 20, 12, 8, 4, 11, 16, 7, 5, 17, 1]
-- 2019-01-06 10:50summary result data
OFV: 16057.0	/ CPU: 24.708	/ department sequence: [1, 17, 5, 19, 10, 18, 16, 11, 4, 2, 14, 12, 8, 15, 20, 7, 6, 3, 13, 9]
-- 2019-01-06 10:51summary result data
OFV: 15943.0	/ CPU: 23.615	/ department sequence: [9, 13, 3, 6, 10, 18, 20, 8, 15, 12, 14, 2, 4, 11, 16, 7, 19, 5, 17, 1]
-- 2019-01-06 10:51summary result data
OFV: 15929.0	/ CPU: 22.155	/ department sequence: [1, 3, 10, 18, 19, 15, 14, 2, 16, 11, 4, 12, 8, 20, 7, 6, 5, 17, 13, 9]
-- 2019-01-06 10:51summary result data
OFV: 15838.0	/ CPU: 20.767	/ department sequence: [9, 13, 3, 6, 5, 10, 18, 14, 16, 11, 2, 4, 12, 8, 20, 15, 7, 19, 17, 1]
-- 2019-01-06 10:52summary result data
OFV: 15927.0	/ CPU: 19.637	/ department sequence: [17, 19, 18, 15, 8, 20, 4, 2, 12, 14, 11, 16, 7, 5, 10, 6, 13, 9, 3, 1]
-- 2019-01-06 10:52summary result data
OFV: 15549.0	/ CPU: 21.226	/ department sequence: [9, 3, 18, 10, 19, 14, 2, 15, 16, 4, 11, 12, 8, 20, 7, 6, 5, 13, 17, 1]
-- H_20 result
--------------------------------------------
HostNestNum = 50, P_a = 0.5
--------------------------------------------
-- 2019-01-22 22:02 result data
OFV: 15937.0	/ CPU: 50.858 seconds 	/ department sequence: [9, 13, 5, 6, 7, 20, 8, 12, 11, 16, 4, 2, 14, 15, 19, 10, 18, 3, 17, 1]
-- H_20 result
--------------------------------------------
HostNestNum = 50, P_a = 0.5
--------------------------------------------
-- 2019-01-24 21:38 result data
OFV: 15795.0	/ CPU: 7.673 seconds 	/ department sequence: [1, 17, 5, 19, 7, 15, 20, 8, 12, 2, 4, 11, 16, 14, 18, 10, 6, 3, 13, 9]
