-- H_20 result
--------------------------------------------
HostNestNum = 20, P_a = 0.0
--------------------------------------------
-- 2019-01-06 10:30summary result data
OFV: 15935.0	/ CPU: 1.612	/ department sequence: [1, 17, 3, 18, 10, 19, 15, 14, 2, 12, 8, 4, 11, 16, 20, 7, 6, 5, 13, 9]
-- 2019-01-06 10:30summary result data
OFV: 15673.0	/ CPU: 1.444	/ department sequence: [1, 17, 5, 7, 16, 11, 4, 8, 12, 20, 15, 2, 14, 19, 18, 10, 6, 3, 13, 9]
-- 2019-01-06 10:30summary result data
OFV: 15927.0	/ CPU: 1.619	/ department sequence: [1, 3, 9, 13, 6, 10, 5, 7, 16, 11, 14, 12, 2, 4, 20, 8, 15, 18, 19, 17]
-- 2019-01-06 10:30summary result data
OFV: 15838.0	/ CPU: 2.473	/ department sequence: [1, 17, 19, 7, 15, 20, 8, 12, 4, 2, 11, 16, 14, 18, 10, 5, 6, 3, 13, 9]
-- 2019-01-06 10:30summary result data
OFV: 15868.0	/ CPU: 1.447	/ department sequence: [1, 17, 3, 18, 10, 5, 6, 7, 12, 14, 2, 4, 11, 16, 8, 15, 20, 19, 13, 9]
-- 2019-01-06 10:30summary result data
OFV: 16370.0	/ CPU: 1.507	/ department sequence: [1, 3, 10, 6, 7, 20, 15, 12, 8, 11, 4, 2, 14, 16, 18, 19, 5, 17, 13, 9]
-- 2019-01-06 10:30summary result data
OFV: 15549.0	/ CPU: 1.534	/ department sequence: [9, 3, 18, 10, 19, 14, 2, 15, 16, 4, 11, 12, 8, 20, 7, 6, 5, 13, 17, 1]
-- 2019-01-06 10:30summary result data
OFV: 15673.0	/ CPU: 1.537	/ department sequence: [9, 13, 3, 6, 10, 18, 19, 14, 2, 15, 20, 12, 8, 4, 11, 16, 7, 5, 17, 1]
-- 2019-01-06 10:30summary result data
OFV: 15726.0	/ CPU: 1.916	/ department sequence: [1, 17, 7, 16, 11, 4, 8, 12, 20, 15, 2, 14, 19, 18, 10, 5, 6, 3, 13, 9]
-- 2019-01-06 10:30summary result data
OFV: 15896.0	/ CPU: 1.518	/ department sequence: [9, 13, 19, 20, 15, 8, 12, 14, 2, 16, 4, 11, 7, 6, 5, 10, 18, 3, 17, 1]
-- H_20 result
--------------------------------------------
HostNestNum = 20, P_a = 0.0
--------------------------------------------
-- 2019-01-22 21:37 result data
OFV: 15795.0	/ CPU: 2.313 seconds 	/ department sequence: [9, 13, 3, 6, 10, 18, 14, 16, 11, 4, 2, 12, 8, 20, 15, 7, 19, 5, 17, 1]
-- H_20 result
--------------------------------------------
HostNestNum = 20, P_a = 0.0
--------------------------------------------
-- 2019-01-22 21:56 result data
OFV: 15673.0	/ CPU: 1.117 seconds 	/ department sequence: [1, 17, 5, 7, 16, 11, 4, 8, 12, 20, 15, 2, 14, 19, 18, 10, 6, 3, 13, 9]
-- H_20 result
--------------------------------------------
HostNestNum = 20, P_a = 0.0
--------------------------------------------
-- 2019-01-23 00:42 result data
OFV: 15673.0	/ CPU: 1.056 seconds 	/ department sequence: [9, 13, 3, 6, 10, 18, 19, 14, 2, 15, 20, 12, 8, 4, 11, 16, 7, 5, 17, 1]
-- H_20 result
--------------------------------------------
HostNestNum = 20, P_a = 0.0
--------------------------------------------
-- 2019-01-24 21:37 result data
OFV: 15549.0	/ CPU: 2.233 seconds 	/ department sequence: [9, 3, 18, 10, 19, 14, 2, 15, 16, 4, 11, 12, 8, 20, 7, 6, 5, 13, 17, 1]
-- H_20 result
--------------------------------------------
HostNestNum = 20, P_a = 0.0
--------------------------------------------
-- 2019-01-24 21:39 result data
OFV: 15854.0	/ CPU: 2.871 seconds 	/ department sequence: [9, 13, 19, 20, 15, 16, 2, 14, 4, 11, 12, 8, 7, 6, 5, 10, 18, 3, 17, 1]
-- H_20 result
--------------------------------------------
HostNestNum = 20, P_a = 0.0
--------------------------------------------
-- 2019-01-24 21:41 result data
OFV: 15795.0	/ CPU: 2.404 seconds 	/ department sequence: [1, 17, 5, 19, 7, 15, 20, 8, 12, 2, 4, 11, 16, 14, 18, 10, 6, 3, 13, 9]
-- H20 result
--------------------------------------------
HostNestNum = 20, P_a = 0.0
--------------------------------------------
-- 2020-03-11 12:51 result data
OFV: 15573.0	/ CPU: 46.201 seconds 	/ department sequence: [1, 3, 5, 17, 10, 6, 7, 11, 4, 20, 16, 18, 2, 12, 8, 14, 15, 19, 13, 9]
-- H20 result
--------------------------------------------
HostNestNum = 20, P_a = 0.0
--------------------------------------------
-- 2020-03-18 20:45 result data
OFV: 15549.0	/ CPU: 19.893 seconds 	/ department sequence: [1, 17, 13, 5, 6, 7, 20, 8, 12, 11, 4, 16, 15, 2, 14, 19, 10, 18, 3, 9]
-- H20 result
--------------------------------------------
HostNestNum = 20, P_a = 0.0
--------------------------------------------
-- 2020-03-18 20:45 result data
OFV: 15549.0	/ CPU: 16.634 seconds 	/ department sequence: [1, 17, 13, 5, 6, 7, 20, 8, 12, 11, 4, 16, 15, 2, 14, 19, 10, 18, 3, 9]
-- H20 result
--------------------------------------------
HostNestNum = 20, P_a = 0.0
--------------------------------------------
-- 2020-03-18 20:45 result data
OFV: 15549.0	/ CPU: 10.536 seconds 	/ department sequence: [1, 17, 13, 5, 6, 7, 20, 8, 12, 11, 4, 16, 15, 2, 14, 19, 10, 18, 3, 9]
-- H20 result
--------------------------------------------
HostNestNum = 20, P_a = 0.0
--------------------------------------------
-- 2020-03-18 20:45 result data
OFV: 15549.0	/ CPU: 8.716 seconds 	/ department sequence: [1, 17, 13, 5, 6, 7, 20, 8, 12, 11, 4, 16, 15, 2, 14, 19, 10, 18, 3, 9]
-- H20 result
--------------------------------------------
HostNestNum = 20, P_a = 0.0
--------------------------------------------
-- 2020-03-18 20:46 result data
OFV: 15549.0	/ CPU: 8.411 seconds 	/ department sequence: [1, 17, 13, 5, 6, 7, 20, 8, 12, 11, 4, 16, 15, 2, 14, 19, 10, 18, 3, 9]
-- H20 result
--------------------------------------------
HostNestNum = 20, P_a = 0.0
--------------------------------------------
-- 2020-03-18 21:34 result data
OFV: 15602.0	/ CPU: 11.343 seconds 	/ department sequence: [9, 3, 18, 10, 19, 16, 14, 2, 15, 12, 4, 11, 8, 20, 7, 6, 5, 13, 17, 1]
-- H20 result
--------------------------------------------
HostNestNum = 20, P_a = 0.0
--------------------------------------------
-- 2020-03-18 21:34 result data
OFV: 15551.0	/ CPU: 10.104 seconds 	/ department sequence: [9, 3, 18, 10, 19, 14, 2, 16, 15, 4, 11, 12, 8, 20, 7, 6, 5, 13, 17, 1]
-- H20 result
--------------------------------------------
HostNestNum = 20, P_a = 0.0
--------------------------------------------
-- 2020-03-18 21:34 result data
OFV: 15551.0	/ CPU: 8.859 seconds 	/ department sequence: [1, 17, 13, 5, 6, 7, 20, 8, 12, 11, 4, 15, 16, 2, 14, 19, 10, 18, 3, 9]
-- H20 result
--------------------------------------------
HostNestNum = 20, P_a = 0.0
--------------------------------------------
-- 2020-03-18 21:34 result data
OFV: 15577.0	/ CPU: 9.230 seconds 	/ department sequence: [1, 17, 13, 5, 6, 7, 20, 8, 12, 11, 4, 15, 2, 16, 14, 19, 18, 10, 3, 9]
-- H20 result
--------------------------------------------
HostNestNum = 20, P_a = 0.0
--------------------------------------------
-- 2020-03-18 21:34 result data
OFV: 15573.0	/ CPU: 4.823 seconds 	/ department sequence: [1, 17, 13, 5, 6, 7, 20, 8, 11, 12, 4, 16, 15, 2, 14, 19, 10, 18, 3, 9]
-- H20 result
--------------------------------------------
HostNestNum = 20, P_a = 0.0
--------------------------------------------
-- 2020-03-18 21:35 result data
OFV: 15549.0	/ CPU: 10.718 seconds 	/ department sequence: [1, 17, 13, 5, 6, 7, 20, 8, 12, 11, 4, 16, 15, 2, 14, 19, 10, 18, 3, 9]
-- H20 result
--------------------------------------------
HostNestNum = 20, P_a = 0.0
--------------------------------------------
-- 2020-03-18 21:35 result data
OFV: 15549.0	/ CPU: 9.020 seconds 	/ department sequence: [1, 17, 13, 5, 6, 7, 20, 8, 12, 11, 4, 16, 15, 2, 14, 19, 10, 18, 3, 9]
-- H20 result
--------------------------------------------
HostNestNum = 20, P_a = 0.0
--------------------------------------------
-- 2020-03-18 21:35 result data
OFV: 15575.0	/ CPU: 7.892 seconds 	/ department sequence: [1, 17, 13, 5, 6, 7, 20, 8, 12, 4, 11, 16, 15, 2, 14, 19, 10, 18, 3, 9]
-- H20 result
--------------------------------------------
HostNestNum = 20, P_a = 0.0
--------------------------------------------
-- 2020-03-18 21:35 result data
OFV: 15588.0	/ CPU: 7.915 seconds 	/ department sequence: [1, 17, 13, 6, 5, 7, 20, 8, 12, 11, 4, 16, 15, 2, 14, 19, 10, 18, 3, 9]
-- H20 result
--------------------------------------------
HostNestNum = 20, P_a = 0.0
--------------------------------------------
-- 2020-03-18 21:35 result data
OFV: 15549.0	/ CPU: 6.432 seconds 	/ department sequence: [1, 17, 13, 5, 6, 7, 20, 8, 12, 11, 4, 16, 15, 2, 14, 19, 10, 18, 3, 9]
-- H20 result
--------------------------------------------
HostNestNum = 20, P_a = 0.0
--------------------------------------------
-- 2020-03-18 21:38 result data
OFV: 15549.0	/ CPU: 8.833 seconds 	/ department sequence: [1, 17, 13, 5, 6, 7, 20, 8, 12, 11, 4, 16, 15, 2, 14, 19, 10, 18, 3, 9]
-- H20 result
--------------------------------------------
HostNestNum = 20, P_a = 0.0
--------------------------------------------
-- 2020-03-18 21:38 result data
OFV: 15549.0	/ CPU: 7.467 seconds 	/ department sequence: [9, 3, 18, 10, 19, 14, 2, 15, 16, 4, 11, 12, 8, 20, 7, 6, 5, 13, 17, 1]
-- H20 result
--------------------------------------------
HostNestNum = 20, P_a = 0.0
--------------------------------------------
-- 2020-03-18 21:38 result data
OFV: 15549.0	/ CPU: 7.686 seconds 	/ department sequence: [1, 17, 13, 5, 6, 7, 20, 8, 12, 11, 4, 16, 15, 2, 14, 19, 10, 18, 3, 9]
-- H20 result
--------------------------------------------
HostNestNum = 20, P_a = 0.0
--------------------------------------------
-- 2020-03-18 21:38 result data
OFV: 15549.0	/ CPU: 8.632 seconds 	/ department sequence: [1, 17, 13, 5, 6, 7, 20, 8, 12, 11, 4, 16, 15, 2, 14, 19, 10, 18, 3, 9]
-- H20 result
--------------------------------------------
HostNestNum = 20, P_a = 0.0
--------------------------------------------
-- 2020-03-18 21:38 result data
OFV: 15549.0	/ CPU: 7.280 seconds 	/ department sequence: [1, 17, 13, 5, 6, 7, 20, 8, 12, 11, 4, 16, 15, 2, 14, 19, 10, 18, 3, 9]
