-- H_20 result
--------------------------------------------
HostNestNum = 30, P_a = 0.1
--------------------------------------------
-- 2019-01-22 21:58 result data
OFV: 15854.0	/ CPU: 8.937 seconds 	/ department sequence: [1, 17, 3, 18, 10, 5, 6, 7, 8, 12, 11, 4, 14, 2, 16, 15, 20, 19, 13, 9]
-- H_20 result
--------------------------------------------
HostNestNum = 30, P_a = 0.1
--------------------------------------------
-- 2019-01-24 21:37 result data
OFV: 15927.0	/ CPU: 2.902 seconds 	/ department sequence: [1, 3, 9, 13, 6, 10, 5, 7, 16, 11, 14, 12, 2, 4, 20, 8, 15, 18, 19, 17]
-- H_20 result
--------------------------------------------
HostNestNum = 30, P_a = 0.1
--------------------------------------------
-- 2019-01-24 21:40 result data
OFV: 15816.0	/ CPU: 2.427 seconds 	/ department sequence: [1, 17, 5, 19, 7, 15, 20, 4, 2, 12, 8, 11, 16, 14, 18, 10, 6, 3, 13, 9]
-- H_20 result
--------------------------------------------
HostNestNum = 30, P_a = 0.1
--------------------------------------------
-- 2019-01-24 21:42 result data
OFV: 15673.0	/ CPU: 5.751 seconds 	/ department sequence: [1, 17, 5, 7, 16, 11, 4, 8, 12, 20, 15, 2, 14, 19, 18, 10, 6, 3, 13, 9]
