-- H_20 result
--------------------------------------------
HostNestNum = 15, P_a = 0.15
--------------------------------------------
-- 2019-01-06 10:25summary result data
OFV: 16029.0	/ CPU: 3.227	/ department sequence: [1, 17, 19, 18, 15, 16, 14, 2, 4, 11, 12, 8, 20, 7, 10, 5, 6, 3, 13, 9]
-- 2019-01-06 10:25summary result data
OFV: 16057.0	/ CPU: 3.077	/ department sequence: [1, 17, 5, 19, 10, 18, 16, 11, 4, 2, 14, 12, 8, 15, 20, 7, 6, 3, 13, 9]
-- 2019-01-06 10:25summary result data
OFV: 15673.0	/ CPU: 2.973	/ department sequence: [1, 17, 5, 7, 16, 11, 4, 8, 12, 20, 15, 2, 14, 19, 18, 10, 6, 3, 13, 9]
-- 2019-01-06 10:25summary result data
OFV: 15795.0	/ CPU: 3.833	/ department sequence: [9, 13, 3, 6, 10, 18, 14, 16, 11, 4, 2, 12, 8, 20, 15, 7, 19, 5, 17, 1]
-- 2019-01-06 10:25summary result data
OFV: 15937.0	/ CPU: 4.756	/ department sequence: [1, 17, 3, 18, 10, 19, 15, 14, 2, 4, 16, 11, 12, 8, 20, 7, 6, 5, 13, 9]
-- 2019-01-06 10:25summary result data
OFV: 15549.0	/ CPU: 2.973	/ department sequence: [1, 17, 13, 5, 6, 7, 20, 8, 12, 11, 4, 16, 15, 2, 14, 19, 10, 18, 3, 9]
-- 2019-01-06 10:25summary result data
OFV: 15796.0	/ CPU: 4.33	/ department sequence: [9, 13, 3, 6, 5, 10, 18, 19, 14, 2, 16, 4, 11, 12, 8, 15, 20, 7, 17, 1]
-- 2019-01-06 10:25summary result data
OFV: 15963.0	/ CPU: 3.192	/ department sequence: [1, 17, 3, 18, 10, 7, 12, 14, 11, 16, 4, 2, 8, 15, 20, 19, 6, 5, 13, 9]
-- 2019-01-06 10:25summary result data
OFV: 15780.0	/ CPU: 3.081	/ department sequence: [9, 13, 3, 6, 10, 18, 19, 14, 2, 15, 16, 4, 11, 12, 8, 20, 7, 5, 17, 1]
-- 2019-01-06 10:25summary result data
OFV: 15796.0	/ CPU: 3.068	/ department sequence: [9, 13, 3, 6, 5, 10, 18, 19, 14, 2, 16, 4, 11, 12, 8, 15, 20, 7, 17, 1]
