-- H_20 result
--------------------------------------------
HostNestNum = 100, P_a = 0.5
--------------------------------------------
-- 2019-01-06 11:14summary result data
OFV: 16370.0	/ CPU: 90.09	/ department sequence: [1, 3, 10, 6, 7, 20, 15, 12, 8, 11, 4, 2, 14, 16, 18, 19, 5, 17, 13, 9]
-- 2019-01-06 11:15summary result data
OFV: 15726.0	/ CPU: 43.62	/ department sequence: [9, 13, 3, 6, 5, 10, 18, 19, 14, 2, 15, 20, 12, 8, 4, 11, 16, 7, 17, 1]
-- 2019-01-06 11:15summary result data
OFV: 15673.0	/ CPU: 39.388	/ department sequence: [9, 13, 3, 6, 10, 18, 19, 14, 2, 15, 20, 12, 8, 4, 11, 16, 7, 5, 17, 1]
-- 2019-01-06 11:16summary result data
OFV: 15948.0	/ CPU: 40.09	/ department sequence: [1, 17, 19, 15, 8, 20, 16, 11, 4, 2, 12, 14, 7, 18, 10, 5, 6, 3, 13, 9]
-- 2019-01-06 11:17summary result data
OFV: 15549.0	/ CPU: 41.881	/ department sequence: [1, 17, 13, 5, 6, 7, 20, 8, 12, 11, 4, 16, 15, 2, 14, 19, 10, 18, 3, 9]
-- 2019-01-06 11:17summary result data
OFV: 15963.0	/ CPU: 42.815	/ department sequence: [1, 17, 3, 18, 10, 7, 12, 14, 11, 16, 4, 2, 8, 15, 20, 19, 6, 5, 13, 9]
-- 2019-01-06 11:18summary result data
OFV: 15854.0	/ CPU: 53.707	/ department sequence: [9, 13, 19, 16, 15, 20, 2, 14, 4, 11, 12, 8, 7, 6, 5, 10, 18, 3, 17, 1]
-- 2019-01-06 11:19summary result data
OFV: 15838.0	/ CPU: 48.34	/ department sequence: [9, 13, 3, 6, 5, 10, 18, 14, 16, 11, 2, 4, 12, 8, 20, 15, 7, 19, 17, 1]
-- 2019-01-06 11:20summary result data
OFV: 15854.0	/ CPU: 49.4	/ department sequence: [9, 13, 19, 20, 15, 16, 2, 14, 4, 11, 12, 8, 7, 6, 5, 10, 18, 3, 17, 1]
-- 2019-01-06 11:21summary result data
OFV: 15549.0	/ CPU: 39.582	/ department sequence: [1, 17, 13, 5, 6, 7, 20, 8, 12, 11, 4, 16, 15, 2, 14, 19, 10, 18, 3, 9]
