-- H_20 result
--------------------------------------------
HostNestNum = 30, P_a = 0.15
--------------------------------------------
-- 2019-01-22 21:58 result data
OFV: 15971.0	/ CPU: 11.546 seconds 	/ department sequence: [17, 19, 18, 15, 4, 2, 14, 16, 11, 8, 12, 20, 7, 5, 10, 6, 13, 9, 3, 1]
-- H_20 result
--------------------------------------------
HostNestNum = 30, P_a = 0.15
--------------------------------------------
-- 2019-01-24 21:37 result data
OFV: 16052.0	/ CPU: 2.704 seconds 	/ department sequence: [17, 13, 5, 6, 19, 20, 8, 15, 4, 2, 7, 12, 11, 14, 16, 18, 10, 9, 3, 1]
-- H_20 result
--------------------------------------------
HostNestNum = 30, P_a = 0.15
--------------------------------------------
-- 2019-01-24 21:40 result data
OFV: 15854.0	/ CPU: 3.389 seconds 	/ department sequence: [9, 13, 19, 20, 15, 16, 2, 14, 4, 11, 12, 8, 7, 6, 5, 10, 18, 3, 17, 1]
-- H_20 result
--------------------------------------------
HostNestNum = 30, P_a = 0.15
--------------------------------------------
-- 2019-01-24 21:42 result data
OFV: 15927.0	/ CPU: 9.060 seconds 	/ department sequence: [17, 19, 18, 15, 8, 20, 4, 2, 12, 14, 11, 16, 7, 5, 10, 6, 13, 9, 3, 1]
