-- H_20 result
--------------------------------------------
HostNestNum = 20, P_a = 0.4
--------------------------------------------
-- 2019-01-06 10:34summary result data
OFV: 15948.0	/ CPU: 7.914	/ department sequence: [9, 13, 3, 6, 5, 10, 18, 7, 14, 12, 2, 4, 11, 16, 20, 8, 15, 19, 17, 1]
-- 2019-01-06 10:34summary result data
OFV: 15868.0	/ CPU: 7.468	/ department sequence: [1, 17, 3, 18, 10, 5, 6, 7, 12, 14, 2, 4, 11, 16, 8, 15, 20, 19, 13, 9]
-- 2019-01-06 10:34summary result data
OFV: 15896.0	/ CPU: 10.241	/ department sequence: [1, 17, 3, 18, 10, 5, 6, 7, 11, 4, 16, 2, 14, 12, 8, 15, 20, 19, 13, 9]
-- 2019-01-06 10:34summary result data
OFV: 15549.0	/ CPU: 8.063	/ department sequence: [9, 3, 18, 10, 19, 14, 2, 15, 16, 4, 11, 12, 8, 20, 7, 6, 5, 13, 17, 1]
-- 2019-01-06 10:34summary result data
OFV: 15549.0	/ CPU: 7.445	/ department sequence: [9, 3, 18, 10, 19, 14, 2, 15, 16, 4, 11, 12, 8, 20, 7, 6, 5, 13, 17, 1]
-- 2019-01-06 10:35summary result data
OFV: 15796.0	/ CPU: 7.309	/ department sequence: [9, 13, 3, 6, 5, 10, 18, 19, 14, 2, 16, 4, 11, 12, 8, 15, 20, 7, 17, 1]
-- 2019-01-06 10:35summary result data
OFV: 15549.0	/ CPU: 8.796	/ department sequence: [9, 3, 18, 10, 19, 14, 2, 15, 16, 4, 11, 12, 8, 20, 7, 6, 5, 13, 17, 1]
-- 2019-01-06 10:35summary result data
OFV: 15929.0	/ CPU: 8.032	/ department sequence: [1, 3, 10, 18, 19, 15, 14, 2, 16, 11, 4, 12, 8, 20, 7, 6, 5, 17, 13, 9]
-- 2019-01-06 10:35summary result data
OFV: 15549.0	/ CPU: 10.16	/ department sequence: [1, 17, 13, 5, 6, 7, 20, 8, 12, 11, 4, 16, 15, 2, 14, 19, 10, 18, 3, 9]
-- 2019-01-06 10:35summary result data
OFV: 15927.0	/ CPU: 14.084	/ department sequence: [1, 3, 9, 13, 6, 10, 5, 7, 16, 11, 14, 12, 2, 4, 20, 8, 15, 18, 19, 17]
-- H_20 result
--------------------------------------------
HostNestNum = 20, P_a = 0.4
--------------------------------------------
-- 2019-01-22 21:38 result data
-- H_20 result
--------------------------------------------
HostNestNum = 20, P_a = 0.4
--------------------------------------------
-- 2019-01-22 21:57 result data
OFV: 15549.0	/ CPU: 20.466 seconds 	/ department sequence: [1, 17, 13, 5, 6, 7, 20, 8, 12, 11, 4, 16, 15, 2, 14, 19, 10, 18, 3, 9]
-- H_20 result
--------------------------------------------
HostNestNum = 20, P_a = 0.4
--------------------------------------------
-- 2019-01-24 21:37 result data
OFV: 15549.0	/ CPU: 3.157 seconds 	/ department sequence: [1, 17, 13, 5, 6, 7, 20, 8, 12, 11, 4, 16, 15, 2, 14, 19, 10, 18, 3, 9]
-- H_20 result
--------------------------------------------
HostNestNum = 20, P_a = 0.4
--------------------------------------------
-- 2019-01-24 21:39 result data
OFV: 15549.0	/ CPU: 3.507 seconds 	/ department sequence: [1, 17, 13, 5, 6, 7, 20, 8, 12, 11, 4, 16, 15, 2, 14, 19, 10, 18, 3, 9]
-- H_20 result
--------------------------------------------
HostNestNum = 20, P_a = 0.4
--------------------------------------------
-- 2019-01-24 21:42 result data
OFV: 15549.0	/ CPU: 8.343 seconds 	/ department sequence: [9, 3, 18, 10, 19, 14, 2, 15, 16, 4, 11, 12, 8, 20, 7, 6, 5, 13, 17, 1]
-- H20 result
--------------------------------------------
HostNestNum = 20, P_a = 0.4
--------------------------------------------
-- 2020-03-17 23:27 result data
OFV: 15979.0	/ CPU: 5.811 seconds 	/ department sequence: [1, 17, 3, 18, 10, 5, 7, 11, 4, 16, 2, 14, 12, 8, 15, 20, 6, 19, 13, 9]
OFV: 15854.0	/ CPU: 4.506 seconds 	/ department sequence: [9, 13, 19, 20, 15, 16, 2, 14, 4, 11, 12, 8, 7, 6, 5, 10, 18, 3, 17, 1]
OFV: 15902.0	/ CPU: 4.416 seconds 	/ department sequence: [9, 13, 19, 20, 15, 8, 16, 12, 14, 2, 4, 11, 7, 6, 5, 10, 18, 3, 17, 1]
OFV: 15795.0	/ CPU: 5.461 seconds 	/ department sequence: [1, 17, 5, 19, 7, 15, 20, 8, 12, 2, 4, 11, 16, 14, 18, 10, 6, 3, 13, 9]
OFV: 15902.0	/ CPU: 5.564 seconds 	/ department sequence: [9, 13, 19, 20, 15, 8, 16, 12, 14, 2, 4, 11, 7, 6, 5, 10, 18, 3, 17, 1]
OFV: 15854.0	/ CPU: 5.584 seconds 	/ department sequence: [1, 17, 3, 18, 10, 5, 6, 7, 8, 12, 11, 4, 14, 2, 16, 15, 20, 19, 13, 9]
OFV: 15927.0	/ CPU: 3.943 seconds 	/ department sequence: [1, 3, 9, 13, 6, 10, 5, 7, 16, 11, 14, 12, 2, 4, 20, 8, 15, 18, 19, 17]
OFV: 15902.0	/ CPU: 6.777 seconds 	/ department sequence: [9, 13, 19, 20, 15, 8, 16, 12, 14, 2, 4, 11, 7, 6, 5, 10, 18, 3, 17, 1]
OFV: 15896.0	/ CPU: 4.061 seconds 	/ department sequence: [1, 17, 3, 18, 10, 5, 6, 7, 11, 4, 16, 2, 14, 12, 8, 15, 20, 19, 13, 9]
OFV: 15978.0	/ CPU: 4.830 seconds 	/ department sequence: [1, 17, 3, 18, 10, 16, 11, 8, 14, 12, 4, 2, 15, 7, 20, 19, 6, 5, 13, 9]
-- H20 result
--------------------------------------------
HostNestNum = 20, P_a = 0.4
--------------------------------------------
-- 2020-03-17 23:33 result data
OFV: 15948.0	/ CPU: 15.693 seconds 	/ department sequence: [1, 17, 19, 15, 8, 20, 16, 11, 4, 2, 12, 14, 7, 18, 10, 5, 6, 3, 13, 9]
OFV: 15854.0	/ CPU: 7.806 seconds 	/ department sequence: [1, 17, 3, 18, 10, 5, 6, 7, 8, 12, 11, 4, 14, 2, 20, 15, 16, 19, 13, 9]
OFV: 15896.0	/ CPU: 4.750 seconds 	/ department sequence: [1, 17, 3, 18, 10, 5, 6, 7, 11, 4, 16, 2, 14, 12, 8, 15, 20, 19, 13, 9]
OFV: 15979.0	/ CPU: 6.367 seconds 	/ department sequence: [9, 13, 19, 6, 20, 15, 8, 12, 14, 2, 16, 4, 11, 7, 5, 10, 18, 3, 17, 1]
OFV: 15917.0	/ CPU: 4.199 seconds 	/ department sequence: [1, 17, 3, 18, 10, 5, 6, 7, 11, 16, 14, 12, 2, 4, 8, 15, 20, 19, 13, 9]
OFV: 15710.0	/ CPU: 6.135 seconds 	/ department sequence: [1, 17, 5, 7, 16, 11, 4, 8, 12, 20, 15, 2, 14, 19, 18, 10, 6, 3, 13, 9]
-- H20 result
--------------------------------------------
HostNestNum = 20, P_a = 0.4
--------------------------------------------
-- 2020-03-17 23:39 result data
OFV: 15927.0	/ CPU: 7.941 seconds 	/ department sequence: [1, 3, 9, 13, 6, 10, 5, 7, 16, 11, 14, 12, 2, 4, 20, 8, 15, 18, 19, 17]
OFV: 15896.0	/ CPU: 11.543 seconds 	/ department sequence: [1, 17, 3, 18, 10, 5, 6, 7, 11, 4, 16, 2, 14, 12, 8, 15, 20, 19, 13, 9]
-- H20 result
--------------------------------------------
HostNestNum = 20, P_a = 0.4
--------------------------------------------
-- 2020-03-17 23:43 result data
OFV: 15902.0	/ CPU: 7.568 seconds 	/ department sequence: [9, 13, 19, 20, 15, 8, 16, 12, 14, 2, 4, 11, 7, 6, 5, 10, 18, 3, 17, 1]
-- H20 result
--------------------------------------------
HostNestNum = 20, P_a = 0.4
--------------------------------------------
-- 2020-03-18 17:08 result data
OFV: 15854.0	/ CPU: 22.681 seconds 	/ department sequence: [1, 17, 3, 18, 10, 5, 6, 7, 8, 12, 11, 4, 14, 2, 16, 15, 20, 19, 13, 9]
OFV: 15854.0	/ CPU: 22.023 seconds 	/ department sequence: [1, 17, 3, 18, 10, 5, 6, 7, 8, 12, 11, 4, 14, 2, 20, 15, 16, 19, 13, 9]
OFV: 15549.0	/ CPU: 21.479 seconds 	/ department sequence: [1, 17, 13, 5, 6, 7, 20, 8, 12, 11, 4, 16, 15, 2, 14, 19, 10, 18, 3, 9]
OFV: 15863.0	/ CPU: 21.282 seconds 	/ department sequence: [9, 13, 19, 16, 15, 20, 2, 14, 4, 11, 12, 8, 7, 6, 5, 10, 18, 3, 17, 1]
OFV: 15927.0	/ CPU: 20.979 seconds 	/ department sequence: [1, 3, 9, 13, 6, 10, 5, 7, 16, 11, 14, 12, 2, 4, 20, 8, 15, 18, 19, 17]
OFV: 15854.0	/ CPU: 24.309 seconds 	/ department sequence: [9, 13, 19, 16, 15, 20, 2, 14, 4, 11, 12, 8, 7, 6, 5, 10, 18, 3, 17, 1]
OFV: 15549.0	/ CPU: 22.375 seconds 	/ department sequence: [1, 17, 13, 5, 6, 7, 20, 8, 12, 11, 4, 16, 15, 2, 14, 19, 10, 18, 3, 9]
OFV: 15549.0	/ CPU: 29.410 seconds 	/ department sequence: [1, 17, 13, 5, 6, 7, 20, 8, 12, 11, 4, 16, 15, 2, 14, 19, 10, 18, 3, 9]
OFV: 15927.0	/ CPU: 21.266 seconds 	/ department sequence: [1, 3, 9, 13, 6, 10, 5, 7, 16, 11, 14, 12, 2, 4, 20, 8, 15, 18, 19, 17]
OFV: 15549.0	/ CPU: 23.337 seconds 	/ department sequence: [1, 17, 13, 5, 6, 7, 20, 8, 12, 11, 4, 16, 15, 2, 14, 19, 10, 18, 3, 9]
-- H20 result
--------------------------------------------
HostNestNum = 20, P_a = 0.4
--------------------------------------------
-- 2020-03-18 20:17 result data
OFV: 15927.0	/ CPU: 5.716 seconds 	/ department sequence: [1, 3, 9, 13, 6, 10, 5, 7, 16, 11, 14, 12, 2, 4, 20, 8, 15, 18, 19, 17]
OFV: 15549.0	/ CPU: 5.557 seconds 	/ department sequence: [1, 17, 13, 5, 6, 7, 20, 8, 12, 11, 4, 16, 15, 2, 14, 19, 10, 18, 3, 9]
OFV: 15549.0	/ CPU: 5.538 seconds 	/ department sequence: [9, 3, 18, 10, 19, 14, 2, 15, 16, 4, 11, 12, 8, 20, 7, 6, 5, 13, 17, 1]
OFV: 15673.0	/ CPU: 5.866 seconds 	/ department sequence: [1, 17, 5, 7, 16, 11, 4, 8, 12, 20, 15, 2, 14, 19, 18, 10, 6, 3, 13, 9]
OFV: 15780.0	/ CPU: 9.218 seconds 	/ department sequence: [9, 13, 3, 6, 10, 18, 19, 14, 2, 15, 16, 4, 11, 12, 8, 20, 7, 5, 17, 1]
OFV: 15549.0	/ CPU: 5.952 seconds 	/ department sequence: [9, 3, 18, 10, 19, 14, 2, 15, 16, 4, 11, 12, 8, 20, 7, 6, 5, 13, 17, 1]
OFV: 15673.0	/ CPU: 6.810 seconds 	/ department sequence: [9, 13, 3, 6, 10, 18, 19, 14, 2, 15, 20, 12, 8, 4, 11, 16, 7, 5, 17, 1]
OFV: 15549.0	/ CPU: 6.290 seconds 	/ department sequence: [9, 3, 18, 10, 19, 14, 2, 15, 16, 4, 11, 12, 8, 20, 7, 6, 5, 13, 17, 1]
-- H20 result
--------------------------------------------
HostNestNum = 20, P_a = 0.4
--------------------------------------------
-- 2020-03-18 20:19 result data
OFV: 15730.0	/ CPU: 2.510 seconds 	/ department sequence: [9, 13, 3, 6, 10, 18, 19, 14, 2, 15, 20, 12, 8, 4, 11, 16, 7, 5, 17, 1]
OFV: 15854.0	/ CPU: 3.007 seconds 	/ department sequence: [9, 13, 19, 16, 15, 20, 2, 14, 4, 11, 12, 8, 7, 6, 5, 10, 18, 3, 17, 1]
OFV: 15673.0	/ CPU: 5.537 seconds 	/ department sequence: [9, 13, 3, 6, 10, 18, 19, 14, 2, 15, 20, 12, 8, 4, 11, 16, 7, 5, 17, 1]
OFV: 15795.0	/ CPU: 2.945 seconds 	/ department sequence: [1, 17, 5, 19, 7, 15, 20, 8, 12, 2, 4, 11, 16, 14, 18, 10, 6, 3, 13, 9]
OFV: 15673.0	/ CPU: 2.254 seconds 	/ department sequence: [1, 17, 5, 7, 16, 11, 4, 8, 12, 20, 15, 2, 14, 19, 18, 10, 6, 3, 13, 9]
OFV: 15948.0	/ CPU: 3.415 seconds 	/ department sequence: [9, 13, 3, 6, 5, 10, 18, 7, 14, 12, 2, 4, 11, 16, 20, 8, 15, 19, 17, 1]
OFV: 16039.0	/ CPU: 2.337 seconds 	/ department sequence: [1, 3, 9, 10, 18, 16, 14, 11, 12, 8, 15, 2, 4, 20, 7, 19, 6, 5, 13, 17]
OFV: 15963.0	/ CPU: 2.859 seconds 	/ department sequence: [9, 13, 5, 6, 19, 20, 15, 8, 2, 4, 16, 11, 14, 12, 7, 10, 18, 3, 17, 1]
OFV: 15673.0	/ CPU: 2.785 seconds 	/ department sequence: [9, 13, 3, 6, 10, 18, 19, 14, 2, 15, 20, 12, 8, 4, 11, 16, 7, 5, 17, 1]
OFV: 15673.0	/ CPU: 2.206 seconds 	/ department sequence: [1, 17, 5, 7, 16, 11, 4, 8, 12, 20, 15, 2, 14, 19, 18, 10, 6, 3, 13, 9]
-- H20 result
--------------------------------------------
HostNestNum = 20, P_a = 0.4
--------------------------------------------
-- 2020-03-18 20:30 result data
OFV: 15854.0	/ CPU: 22.053 seconds 	/ department sequence: [1, 17, 3, 18, 10, 5, 6, 7, 8, 12, 11, 4, 14, 2, 20, 15, 16, 19, 13, 9]
-- H20 result
--------------------------------------------
HostNestNum = 20, P_a = 0.4
--------------------------------------------
-- 2020-03-18 20:40 result data
OFV: 15549.0	/ CPU: 23.691 seconds 	/ department sequence: [9, 3, 18, 10, 19, 14, 2, 15, 16, 4, 11, 12, 8, 20, 7, 6, 5, 13, 17, 1]
-- H20 result
--------------------------------------------
HostNestNum = 20, P_a = 0.4
--------------------------------------------
-- 2020-03-18 20:42 result data
OFV: 15549.0	/ CPU: 22.991 seconds 	/ department sequence: [9, 3, 18, 10, 19, 14, 2, 15, 16, 4, 11, 12, 8, 20, 7, 6, 5, 13, 17, 1]
-- H20 result
--------------------------------------------
HostNestNum = 20, P_a = 0.4
--------------------------------------------
-- 2020-03-18 20:43 result data
OFV: 15549.0	/ CPU: 23.106 seconds 	/ department sequence: [1, 17, 13, 5, 6, 7, 20, 8, 12, 11, 4, 16, 15, 2, 14, 19, 10, 18, 3, 9]
