-- H_20 result
--------------------------------------------
HostNestNum = 100, P_a = 0.01
--------------------------------------------
-- 2019-01-06 10:52summary result data
OFV: 15549.0	/ CPU: 2.53	/ department sequence: [9, 3, 18, 10, 19, 14, 2, 15, 16, 4, 11, 12, 8, 20, 7, 6, 5, 13, 17, 1]
-- 2019-01-06 10:52summary result data
OFV: 15549.0	/ CPU: 2.537	/ department sequence: [9, 3, 18, 10, 19, 14, 2, 15, 16, 4, 11, 12, 8, 20, 7, 6, 5, 13, 17, 1]
-- 2019-01-06 10:52summary result data
OFV: 15971.0	/ CPU: 2.344	/ department sequence: [17, 19, 18, 15, 4, 2, 14, 16, 11, 8, 12, 20, 7, 5, 10, 6, 13, 9, 3, 1]
-- 2019-01-06 10:52summary result data
OFV: 16052.0	/ CPU: 2.371	/ department sequence: [17, 13, 5, 6, 19, 20, 8, 15, 4, 2, 7, 12, 11, 14, 16, 18, 10, 9, 3, 1]
-- 2019-01-06 10:52summary result data
OFV: 15948.0	/ CPU: 4.016	/ department sequence: [1, 17, 19, 15, 8, 20, 16, 11, 4, 2, 12, 14, 7, 18, 10, 5, 6, 3, 13, 9]
-- 2019-01-06 10:53summary result data
OFV: 15854.0	/ CPU: 3.231	/ department sequence: [1, 17, 3, 18, 10, 5, 6, 7, 8, 12, 11, 4, 14, 2, 16, 15, 20, 19, 13, 9]
-- 2019-01-06 10:53summary result data
OFV: 15726.0	/ CPU: 2.693	/ department sequence: [9, 13, 3, 6, 5, 10, 18, 19, 14, 2, 15, 20, 12, 8, 4, 11, 16, 7, 17, 1]
-- 2019-01-06 10:53summary result data
OFV: 15795.0	/ CPU: 2.42	/ department sequence: [1, 17, 5, 19, 7, 15, 20, 8, 12, 2, 4, 11, 16, 14, 18, 10, 6, 3, 13, 9]
-- 2019-01-06 10:53summary result data
OFV: 15868.0	/ CPU: 2.351	/ department sequence: [9, 13, 19, 20, 15, 8, 16, 11, 4, 2, 14, 12, 7, 6, 5, 10, 18, 3, 17, 1]
-- 2019-01-06 10:53summary result data
OFV: 15948.0	/ CPU: 2.441	/ department sequence: [9, 13, 3, 6, 5, 10, 18, 7, 14, 12, 2, 4, 11, 16, 20, 8, 15, 19, 17, 1]
