-- H_20 result
--------------------------------------------
HostNestNum = 15, P_a = 0.5
--------------------------------------------
-- 2019-01-06 10:28summary result data
OFV: 15854.0	/ CPU: 9.133	/ department sequence: [9, 13, 19, 20, 15, 16, 2, 14, 4, 11, 12, 8, 7, 6, 5, 10, 18, 3, 17, 1]
-- 2019-01-06 10:29summary result data
OFV: 16052.0	/ CPU: 13.999	/ department sequence: [17, 13, 5, 6, 19, 20, 8, 15, 4, 2, 7, 12, 11, 14, 16, 18, 10, 9, 3, 1]
-- 2019-01-06 10:29summary result data
OFV: 15780.0	/ CPU: 7.188	/ department sequence: [9, 13, 3, 6, 10, 18, 19, 14, 2, 15, 16, 4, 11, 12, 8, 20, 7, 5, 17, 1]
-- 2019-01-06 10:29summary result data
OFV: 15673.0	/ CPU: 7.989	/ department sequence: [1, 17, 5, 7, 16, 11, 4, 8, 12, 20, 15, 2, 14, 19, 18, 10, 6, 3, 13, 9]
-- 2019-01-06 10:29summary result data
OFV: 15854.0	/ CPU: 7.384	/ department sequence: [1, 17, 3, 18, 10, 5, 6, 7, 8, 12, 11, 4, 14, 2, 16, 15, 20, 19, 13, 9]
-- 2019-01-06 10:29summary result data
OFV: 15549.0	/ CPU: 7.557	/ department sequence: [1, 17, 13, 5, 6, 7, 20, 8, 12, 11, 4, 16, 15, 2, 14, 19, 10, 18, 3, 9]
-- 2019-01-06 10:29summary result data
OFV: 15796.0	/ CPU: 8.804	/ department sequence: [1, 17, 7, 20, 15, 8, 12, 11, 4, 16, 2, 14, 19, 18, 10, 5, 6, 3, 13, 9]
-- 2019-01-06 10:29summary result data
OFV: 15965.0	/ CPU: 7.821	/ department sequence: [1, 17, 19, 15, 8, 16, 11, 4, 20, 2, 12, 14, 7, 18, 10, 5, 6, 3, 13, 9]
-- 2019-01-06 10:30summary result data
OFV: 16195.0	/ CPU: 8.673	/ department sequence: [1, 17, 5, 19, 10, 18, 7, 4, 2, 14, 12, 11, 16, 15, 8, 20, 6, 3, 13, 9]
-- 2019-01-06 10:30summary result data
OFV: 15927.0	/ CPU: 7.557	/ department sequence: [1, 3, 9, 13, 6, 10, 5, 7, 16, 11, 14, 12, 2, 4, 20, 8, 15, 18, 19, 17]
