-- H_20 result
--------------------------------------------
HostNestNum = 100, P_a = 0.1
--------------------------------------------
-- 2019-01-06 10:54summary result data
OFV: 15796.0	/ CPU: 12.915	/ department sequence: [9, 13, 3, 6, 5, 10, 18, 19, 14, 2, 16, 4, 11, 12, 8, 15, 20, 7, 17, 1]
-- 2019-01-06 10:54summary result data
OFV: 15927.0	/ CPU: 10.516	/ department sequence: [17, 19, 18, 15, 8, 20, 4, 2, 12, 14, 11, 16, 7, 5, 10, 6, 13, 9, 3, 1]
-- 2019-01-06 10:54summary result data
OFV: 16039.0	/ CPU: 8.914	/ department sequence: [1, 3, 9, 10, 18, 16, 14, 11, 12, 8, 15, 2, 4, 20, 7, 19, 6, 5, 13, 17]
-- 2019-01-06 10:54summary result data
OFV: 15549.0	/ CPU: 9.887	/ department sequence: [9, 3, 18, 10, 19, 14, 2, 15, 16, 4, 11, 12, 8, 20, 7, 6, 5, 13, 17, 1]
-- 2019-01-06 10:55summary result data
OFV: 15796.0	/ CPU: 10.161	/ department sequence: [9, 13, 3, 6, 5, 10, 18, 19, 14, 2, 16, 4, 11, 12, 8, 15, 20, 7, 17, 1]
-- 2019-01-06 10:55summary result data
OFV: 15948.0	/ CPU: 9.93	/ department sequence: [1, 17, 19, 15, 8, 20, 16, 11, 4, 2, 12, 14, 7, 18, 10, 5, 6, 3, 13, 9]
-- 2019-01-06 10:55summary result data
OFV: 16039.0	/ CPU: 8.984	/ department sequence: [1, 3, 9, 10, 18, 16, 14, 11, 12, 8, 15, 2, 4, 20, 7, 19, 6, 5, 13, 17]
-- 2019-01-06 10:55summary result data
OFV: 15967.0	/ CPU: 10.064	/ department sequence: [9, 13, 19, 16, 11, 4, 14, 2, 15, 20, 12, 8, 7, 6, 5, 10, 18, 3, 17, 1]
-- 2019-01-06 10:55summary result data
OFV: 15796.0	/ CPU: 9.329	/ department sequence: [9, 13, 3, 6, 5, 10, 18, 19, 14, 2, 16, 4, 11, 12, 8, 15, 20, 7, 17, 1]
-- 2019-01-06 10:55summary result data
OFV: 15971.0	/ CPU: 11.066	/ department sequence: [1, 3, 9, 13, 6, 10, 5, 7, 20, 12, 8, 11, 16, 14, 2, 4, 15, 18, 19, 17]
