-- H_20 result
--------------------------------------------
HostNestNum = 5, P_a = 0.2
--------------------------------------------
-- 2019-01-06 10:15summary result data
OFV: 15673.0	/ CPU: 2.259	/ department sequence: [9, 13, 3, 6, 10, 18, 19, 14, 2, 15, 20, 12, 8, 4, 11, 16, 7, 5, 17, 1]
-- 2019-01-06 10:15summary result data
OFV: 15971.0	/ CPU: 2.276	/ department sequence: [1, 17, 3, 18, 7, 4, 11, 16, 8, 12, 14, 2, 15, 20, 19, 10, 6, 5, 13, 9]
-- 2019-01-06 10:15summary result data
OFV: 15549.0	/ CPU: 2.431	/ department sequence: [9, 3, 18, 10, 19, 14, 2, 15, 16, 4, 11, 12, 8, 20, 7, 6, 5, 13, 17, 1]
-- 2019-01-06 10:16summary result data
OFV: 15549.0	/ CPU: 4.993	/ department sequence: [9, 3, 18, 10, 19, 14, 2, 15, 16, 4, 11, 12, 8, 20, 7, 6, 5, 13, 17, 1]
-- 2019-01-06 10:16summary result data
OFV: 15868.0	/ CPU: 2.43	/ department sequence: [1, 17, 3, 18, 10, 5, 6, 7, 12, 14, 2, 4, 11, 16, 8, 15, 20, 19, 13, 9]
-- 2019-01-06 10:16summary result data
OFV: 15971.0	/ CPU: 2.497	/ department sequence: [9, 13, 5, 6, 10, 19, 20, 15, 2, 14, 12, 8, 16, 11, 4, 7, 18, 3, 17, 1]
-- 2019-01-06 10:16summary result data
OFV: 16370.0	/ CPU: 2.227	/ department sequence: [9, 13, 17, 5, 19, 18, 16, 14, 2, 4, 11, 8, 12, 15, 20, 7, 6, 10, 3, 1]
-- 2019-01-06 10:16summary result data
OFV: 15621.0	/ CPU: 3.86	/ department sequence: [1, 17, 13, 5, 6, 7, 20, 4, 11, 8, 12, 16, 15, 2, 14, 19, 10, 18, 3, 9]
-- 2019-01-06 10:16summary result data
OFV: 16052.0	/ CPU: 2.428	/ department sequence: [1, 3, 9, 10, 18, 16, 14, 11, 12, 7, 2, 4, 15, 8, 20, 19, 6, 5, 13, 17]
-- 2019-01-06 10:16summary result data
OFV: 15726.0	/ CPU: 2.925	/ department sequence: [9, 3, 18, 10, 19, 14, 2, 15, 12, 20, 8, 4, 11, 16, 7, 6, 5, 13, 17, 1]
-- H20 result
--------------------------------------------
HostNestNum = 5, P_a = 0.2
--------------------------------------------
-- 2020-03-11 19:50 result data
OFV: 15549.0	/ CPU: 205.887 seconds 	/ department sequence: [9, 3, 18, 10, 19, 14, 2, 15, 16, 4, 11, 12, 8, 20, 7, 6, 5, 13, 17, 1]
-- H20 result
--------------------------------------------
HostNestNum = 5, P_a = 0.2
--------------------------------------------
-- 2020-03-11 19:57 result data
OFV: 15700.0	/ CPU: 47.029 seconds 	/ department sequence: [9, 13, 3, 6, 10, 18, 19, 14, 2, 15, 20, 12, 8, 4, 11, 16, 7, 5, 17, 1]
-- H20 result
--------------------------------------------
HostNestNum = 5, P_a = 0.2
--------------------------------------------
-- 2020-03-11 20:01 result data
OFV: 15937.0	/ CPU: 96.593 seconds 	/ department sequence: [9, 13, 5, 6, 7, 20, 8, 12, 11, 16, 4, 2, 14, 15, 19, 10, 18, 3, 17, 1]
-- H20 result
--------------------------------------------
HostNestNum = 5, P_a = 0.2
--------------------------------------------
-- 2020-03-11 20:04 result data
OFV: 16125.0	/ CPU: 58.792 seconds 	/ department sequence: [1, 17, 19, 18, 15, 7, 4, 2, 12, 14, 16, 11, 8, 20, 10, 5, 6, 3, 13, 9]
-- H20 result
--------------------------------------------
HostNestNum = 5, P_a = 0.2
--------------------------------------------
-- 2020-03-11 20:06 result data
OFV: 15948.0	/ CPU: 26.003 seconds 	/ department sequence: [1, 13, 12, 8, 7, 16, 11, 15, 6, 20, 14, 4, 2, 5, 3, 18, 10, 19, 17, 9]
-- H20 result
--------------------------------------------
HostNestNum = 5, P_a = 0.2
--------------------------------------------
-- 2020-03-11 20:09 result data
OFV: 16861.0	/ CPU: 39.642 seconds 	/ department sequence: [17, 9, 3, 16, 13, 12, 1, 11, 2, 14, 18, 4, 8, 15, 20, 6, 19, 10, 5, 7]
-- H20 result
--------------------------------------------
HostNestNum = 5, P_a = 0.2
--------------------------------------------
-- 2020-03-11 20:11 result data
OFV: 15549.0	/ CPU: 122.606 seconds 	/ department sequence: [1, 17, 13, 5, 6, 7, 20, 8, 12, 11, 4, 16, 15, 2, 14, 19, 10, 18, 3, 9]
OFV: 15739.0	/ CPU: 67.676 seconds 	/ department sequence: [1, 17, 5, 7, 16, 4, 11, 8, 12, 20, 15, 2, 14, 19, 18, 10, 6, 3, 13, 9]
-- H20 result
--------------------------------------------
HostNestNum = 5, P_a = 0.2
--------------------------------------------
-- 2020-03-11 21:16 result data
-- H20 result
--------------------------------------------
HostNestNum = 5, P_a = 0.2
--------------------------------------------
-- 2020-03-11 21:20 result data
-- H20 result
--------------------------------------------
HostNestNum = 5, P_a = 0.2
--------------------------------------------
-- 2020-03-11 21:26 result data
OFV: 15549.0	/ CPU: 419.186 seconds 	/ department sequence: [9, 3, 18, 10, 19, 14, 2, 15, 16, 4, 11, 12, 8, 20, 7, 6, 5, 13, 17, 1]
OFV: 15673.0	/ CPU: 100.532 seconds 	/ department sequence: [9, 13, 3, 6, 10, 18, 19, 14, 2, 15, 20, 12, 8, 4, 11, 16, 7, 5, 17, 1]
-- H20 result
--------------------------------------------
HostNestNum = 5, P_a = 0.2
--------------------------------------------
-- 2020-03-11 23:27 result data
-- H20 result
--------------------------------------------
HostNestNum = 5, P_a = 0.2
--------------------------------------------
-- 2020-03-11 23:34 result data
-- H20 result
--------------------------------------------
HostNestNum = 5, P_a = 0.2
--------------------------------------------
-- 2020-03-11 23:36 result data
-- H20 result
--------------------------------------------
HostNestNum = 5, P_a = 0.2
--------------------------------------------
-- 2020-03-11 23:38 result data
-- H20 result
--------------------------------------------
HostNestNum = 5, P_a = 0.2
--------------------------------------------
-- 2020-03-11 23:39 result data
-- H20 result
--------------------------------------------
HostNestNum = 5, P_a = 0.2
--------------------------------------------
-- 2020-03-11 23:41 result data
-- H20 result
--------------------------------------------
HostNestNum = 5, P_a = 0.2
--------------------------------------------
-- 2020-03-12 01:55 result data
-- H20 result
--------------------------------------------
HostNestNum = 5, P_a = 0.2
--------------------------------------------
-- 2020-03-12 10:59 result data
OFV: 15796.0	/ CPU: 1534.730 seconds 	/ department sequence: [6, 10, 3, 15, 2, 7, 16, 18, 17, 14, 12, 8, 20, 5, 4, 19, 13, 1, 11, 9]
-- H20 result
--------------------------------------------
HostNestNum = 5, P_a = 0.2
--------------------------------------------
-- 2020-03-12 11:29 result data
-- H20 result
--------------------------------------------
HostNestNum = 5, P_a = 0.2
--------------------------------------------
-- 2020-03-12 11:30 result data
OFV: 15549.0	/ CPU: 203.236 seconds 	/ department sequence: [1, 17, 13, 5, 6, 7, 20, 8, 12, 11, 4, 16, 15, 2, 14, 19, 10, 18, 3, 9]
-- H20 result
--------------------------------------------
HostNestNum = 5, P_a = 0.2
--------------------------------------------
-- 2020-03-12 11:37 result data
-- H20 result
--------------------------------------------
HostNestNum = 5, P_a = 0.2
--------------------------------------------
-- 2020-03-12 11:39 result data
OFV: 15673.0	/ CPU: 92.480 seconds 	/ department sequence: [15, 18, 4, 11, 8, 3, 17, 6, 7, 2, 20, 10, 16, 12, 13, 14, 19, 5, 1, 9]
-- H20 result
--------------------------------------------
HostNestNum = 5, P_a = 0.2
--------------------------------------------
-- 2020-03-12 11:42 result data
-- H20 result
--------------------------------------------
HostNestNum = 5, P_a = 0.2
--------------------------------------------
-- 2020-03-12 11:50 result data
OFV: 15795.0	/ CPU: 70.470 seconds 	/ department sequence: [18, 4, 16, 8, 3, 11, 5, 6, 2, 10, 19, 17, 7, 13, 12, 14, 9, 20, 15, 1]
-- H20 result
--------------------------------------------
HostNestNum = 5, P_a = 0.2
--------------------------------------------
-- 2020-03-12 11:55 result data
OFV: 15726.0	/ CPU: 12.318 seconds 	/ department sequence: [9, 5, 14, 19, 13, 15, 1, 20, 2, 4, 18, 17, 8, 6, 12, 3, 16, 11, 7, 10]
OFV: 15838.0	/ CPU: 10.632 seconds 	/ department sequence: [2, 13, 9, 18, 16, 10, 11, 20, 7, 8, 5, 3, 4, 1, 14, 19, 6, 17, 12, 15]
OFV: 15927.0	/ CPU: 11.426 seconds 	/ department sequence: [7, 10, 4, 12, 13, 9, 19, 11, 8, 16, 20, 6, 3, 17, 2, 1, 5, 14, 15, 18]
OFV: 15959.0	/ CPU: 11.202 seconds 	/ department sequence: [2, 10, 18, 8, 6, 12, 5, 20, 1, 11, 19, 3, 15, 4, 13, 17, 9, 14, 16, 7]
OFV: 15673.0	/ CPU: 19.794 seconds 	/ department sequence: [17, 1, 19, 8, 13, 18, 3, 5, 20, 7, 11, 12, 6, 16, 10, 15, 4, 2, 14, 9]
OFV: 15795.0	/ CPU: 8.602 seconds 	/ department sequence: [9, 8, 3, 13, 12, 17, 2, 11, 7, 10, 1, 15, 5, 20, 19, 18, 16, 14, 6, 4]
OFV: 15796.0	/ CPU: 9.185 seconds 	/ department sequence: [18, 10, 6, 9, 3, 17, 15, 5, 4, 14, 11, 13, 2, 19, 20, 7, 16, 12, 1, 8]
OFV: 15816.0	/ CPU: 10.875 seconds 	/ department sequence: [6, 13, 2, 10, 19, 4, 17, 8, 16, 18, 1, 9, 3, 14, 11, 12, 15, 20, 7, 5]
OFV: 15673.0	/ CPU: 13.099 seconds 	/ department sequence: [11, 19, 15, 5, 18, 7, 12, 2, 8, 4, 17, 20, 14, 1, 6, 3, 13, 16, 9, 10]
OFV: 15673.0	/ CPU: 8.618 seconds 	/ department sequence: [3, 15, 20, 13, 1, 8, 18, 9, 10, 4, 2, 11, 6, 16, 17, 7, 5, 19, 12, 14]
-- H20 result
--------------------------------------------
HostNestNum = 5, P_a = 0.2
--------------------------------------------
-- 2020-03-12 14:00 result data
OFV: 15796.0	/ CPU: 9.365 seconds 	/ department sequence: [9, 14, 3, 6, 5, 10, 18, 19, 15, 2, 13, 4, 11, 12, 8, 16, 20, 7, 17, 1]
-- H20 result
--------------------------------------------
HostNestNum = 5, P_a = 0.2
--------------------------------------------
-- 2020-03-12 19:04 result data
OFV: 16931.0	/ CPU: 90.463 seconds 	/ department sequence: [14, 18, 7, 16, 3, 6, 11, 4, 20, 8, 13, 1, 10, 2, 15, 9, 5, 17, 19, 12]
OFV: 17010.0	/ CPU: 36.947 seconds 	/ department sequence: [1, 3, 5, 17, 6, 16, 11, 18, 2, 10, 4, 14, 12, 7, 8, 15, 20, 19, 13, 9]
OFV: 17425.0	/ CPU: 19.026 seconds 	/ department sequence: [9, 14, 7, 1, 13, 5, 17, 18, 19, 2, 6, 11, 8, 16, 3, 4, 12, 10, 20, 15]
-- H20 result
--------------------------------------------
HostNestNum = 5, P_a = 0.2
--------------------------------------------
-- 2020-03-12 19:11 result data
-- H20 result
--------------------------------------------
HostNestNum = 5, P_a = 0.2
--------------------------------------------
-- 2020-03-12 19:26 result data
-- H20 result
--------------------------------------------
HostNestNum = 5, P_a = 0.2
--------------------------------------------
-- 2020-03-12 19:37 result data
-- H20 result
--------------------------------------------
HostNestNum = 5, P_a = 0.2
--------------------------------------------
-- 2020-03-12 19:39 result data
OFV: 17256.0	/ CPU: 334.771 seconds 	/ department sequence: [14, 16, 8, 2, 10, 7, 20, 5, 1, 12, 13, 17, 4, 3, 15, 11, 9, 6, 19, 18]
OFV: 16955.0	/ CPU: 47.990 seconds 	/ department sequence: [6, 5, 7, 8, 11, 17, 10, 18, 15, 14, 2, 12, 16, 19, 9, 13, 1, 3, 20, 4]
-- H20 result
--------------------------------------------
HostNestNum = 5, P_a = 0.2
--------------------------------------------
-- 2020-03-12 20:09 result data
-- H20 result
--------------------------------------------
HostNestNum = 5, P_a = 0.2
--------------------------------------------
-- 2020-03-12 20:19 result data
OFV: 17014.0	/ CPU: 184.523 seconds 	/ department sequence: [9, 20, 8, 7, 12, 13, 16, 18, 11, 6, 15, 10, 17, 5, 14, 4, 3, 2, 19, 1]
OFV: 16649.0	/ CPU: 114.231 seconds 	/ department sequence: [10, 18, 4, 8, 7, 9, 3, 13, 19, 20, 14, 12, 5, 11, 1, 15, 17, 6, 2, 16]
-- H20 result
--------------------------------------------
HostNestNum = 5, P_a = 0.2
--------------------------------------------
-- 2020-03-16 17:25 result data
OFV: 16142.0	/ CPU: 158.360 seconds 	/ department sequence: [2, 13, 14, 19, 1, 7, 8, 11, 10, 9, 17, 6, 15, 5, 20, 16, 12, 3, 4, 18]
-- H20 result
--------------------------------------------
HostNestNum = 5, P_a = 0.2
--------------------------------------------
-- 2020-03-16 17:33 result data
OFV: 16108.0	/ CPU: 70.013 seconds 	/ department sequence: [18, 1, 20, 12, 10, 15, 2, 7, 11, 19, 14, 4, 17, 9, 3, 8, 13, 5, 16, 6]
OFV: 16413.0	/ CPU: 311.473 seconds 	/ department sequence: [19, 8, 7, 4, 15, 6, 12, 20, 5, 9, 3, 2, 17, 18, 10, 1, 14, 16, 13, 11]
-- H20 result
--------------------------------------------
HostNestNum = 5, P_a = 0.2
--------------------------------------------
-- 2020-03-16 17:39 result data
OFV: 15549.0	/ CPU: 45.120 seconds 	/ department sequence: [1, 17, 13, 5, 6, 7, 20, 8, 12, 11, 4, 16, 15, 2, 14, 19, 10, 18, 3, 9]
-- H20 result
--------------------------------------------
HostNestNum = 5, P_a = 0.2
--------------------------------------------
-- 2020-03-16 17:40 result data
OFV: 15966.0	/ CPU: 14.172 seconds 	/ department sequence: [19, 14, 5, 17, 8, 11, 13, 20, 2, 1, 16, 9, 3, 6, 7, 10, 12, 15, 18, 4]
OFV: 15971.0	/ CPU: 9.470 seconds 	/ department sequence: [5, 6, 4, 11, 1, 16, 20, 19, 14, 7, 10, 8, 2, 3, 12, 9, 15, 18, 13, 17]
OFV: 15549.0	/ CPU: 11.661 seconds 	/ department sequence: [1, 17, 13, 5, 6, 7, 20, 8, 12, 11, 4, 16, 15, 2, 14, 19, 10, 18, 3, 9]
OFV: 15854.0	/ CPU: 8.845 seconds 	/ department sequence: [8, 14, 16, 4, 18, 5, 11, 3, 1, 6, 17, 19, 20, 9, 15, 13, 10, 7, 2, 12]
OFV: 15780.0	/ CPU: 11.487 seconds 	/ department sequence: [1, 14, 8, 11, 20, 4, 10, 13, 6, 3, 12, 17, 19, 5, 15, 18, 2, 16, 9, 7]
OFV: 15934.0	/ CPU: 8.876 seconds 	/ department sequence: [17, 14, 6, 9, 19, 11, 12, 8, 3, 4, 15, 10, 13, 20, 2, 5, 1, 16, 7, 18]
OFV: 16052.0	/ CPU: 9.190 seconds 	/ department sequence: [18, 16, 6, 4, 8, 20, 14, 2, 12, 11, 5, 15, 17, 19, 13, 3, 7, 10, 1, 9]
OFV: 15549.0	/ CPU: 3.447 seconds 	/ department sequence: [9, 3, 18, 10, 19, 14, 2, 15, 16, 4, 11, 12, 8, 20, 7, 6, 5, 13, 17, 1]
-- H20 result
--------------------------------------------
HostNestNum = 5, P_a = 0.2
--------------------------------------------
-- 2020-03-16 17:42 result data
OFV: 15963.0	/ CPU: 11.032 seconds 	/ department sequence: [8, 10, 3, 19, 15, 12, 17, 18, 7, 4, 6, 2, 9, 1, 11, 5, 14, 13, 20, 16]
OFV: 15966.0	/ CPU: 14.175 seconds 	/ department sequence: [3, 9, 15, 1, 8, 6, 20, 19, 13, 10, 11, 12, 18, 5, 17, 2, 4, 14, 16, 7]
OFV: 15854.0	/ CPU: 9.067 seconds 	/ department sequence: [10, 12, 18, 2, 6, 9, 11, 16, 14, 20, 13, 15, 7, 3, 5, 1, 8, 4, 17, 19]
OFV: 16052.0	/ CPU: 9.298 seconds 	/ department sequence: [14, 17, 5, 1, 19, 11, 9, 8, 18, 7, 2, 6, 12, 10, 3, 4, 13, 15, 16, 20]
-- H20 result
--------------------------------------------
HostNestNum = 5, P_a = 0.2
--------------------------------------------
-- 2020-03-16 17:43 result data
OFV: 15934.0	/ CPU: 64.342 seconds 	/ department sequence: [7, 16, 20, 14, 13, 12, 8, 15, 5, 19, 3, 9, 2, 6, 18, 1, 10, 17, 4, 11]
-- H20 result
--------------------------------------------
HostNestNum = 5, P_a = 0.2
--------------------------------------------
-- 2020-03-16 17:49 result data
-- H20 result
--------------------------------------------
HostNestNum = 5, P_a = 0.2
--------------------------------------------
-- 2020-03-16 17:49 result data
OFV: 15549.0	/ CPU: 468.284 seconds 	/ department sequence: [1, 17, 13, 5, 6, 7, 20, 8, 12, 11, 4, 16, 15, 2, 14, 19, 10, 18, 3, 9]
-- H20 result
--------------------------------------------
HostNestNum = 5, P_a = 0.2
--------------------------------------------
-- 2020-03-16 17:58 result data
-- H20 result
--------------------------------------------
HostNestNum = 5, P_a = 0.2
--------------------------------------------
-- 2020-03-16 17:59 result data
OFV: 16241.0	/ CPU: 83.912 seconds 	/ department sequence: [4, 18, 9, 13, 2, 17, 5, 19, 8, 14, 12, 3, 16, 11, 20, 1, 15, 7, 10, 6]
OFV: 15963.0	/ CPU: 102.793 seconds 	/ department sequence: [1, 19, 6, 10, 3, 15, 8, 12, 11, 5, 18, 20, 17, 16, 7, 2, 13, 4, 9, 14]
-- H20 result
--------------------------------------------
HostNestNum = 5, P_a = 0.2
--------------------------------------------
-- 2020-03-16 18:04 result data
OFV: 15971.0	/ CPU: 238.457 seconds 	/ department sequence: [3, 5, 13, 18, 10, 20, 14, 12, 8, 16, 2, 19, 6, 7, 9, 15, 17, 11, 1, 4]
-- H20 result
--------------------------------------------
HostNestNum = 5, P_a = 0.2
--------------------------------------------
-- 2020-03-16 18:08 result data
OFV: 16162.0	/ CPU: 663.275 seconds 	/ department sequence: [2, 1, 13, 19, 15, 10, 4, 11, 14, 8, 6, 20, 7, 17, 16, 5, 12, 3, 9, 18]
-- H20 result
--------------------------------------------
HostNestNum = 5, P_a = 0.2
--------------------------------------------
-- 2020-03-16 18:19 result data
OFV: 15673.0	/ CPU: 110.251 seconds 	/ department sequence: [1, 16, 20, 10, 19, 2, 6, 7, 9, 12, 4, 11, 5, 3, 8, 17, 15, 13, 18, 14]
-- H20 result
--------------------------------------------
HostNestNum = 5, P_a = 0.2
--------------------------------------------
-- 2020-03-16 19:36 result data
-- H20 result
--------------------------------------------
HostNestNum = 5, P_a = 0.2
--------------------------------------------
-- 2020-03-16 19:41 result data
OFV: 16030.0	/ CPU: 405.011 seconds 	/ department sequence: [18, 19, 16, 5, 4, 17, 7, 2, 9, 6, 12, 1, 15, 11, 10, 14, 20, 13, 8, 3]
-- H20 result
--------------------------------------------
HostNestNum = 5, P_a = 0.2
--------------------------------------------
-- 2020-03-16 19:49 result data
OFV: 16854.0	/ CPU: 166.821 seconds 	/ department sequence: [9, 17, 5, 19, 10, 15, 2, 14, 4, 16, 11, 12, 8, 18, 20, 7, 6, 13, 3, 1]
OFV: 16347.0	/ CPU: 40.828 seconds 	/ department sequence: [20, 8, 19, 9, 17, 1, 14, 6, 13, 11, 10, 7, 18, 2, 16, 4, 12, 15, 3, 5]
-- H20 result
--------------------------------------------
HostNestNum = 5, P_a = 0.2
--------------------------------------------
-- 2020-03-16 19:53 result data
OFV: 16039.0	/ CPU: 2433.436 seconds 	/ department sequence: [19, 7, 20, 6, 14, 10, 17, 9, 1, 15, 12, 18, 8, 11, 4, 5, 13, 3, 2, 16]
-- H20 result
--------------------------------------------
HostNestNum = 5, P_a = 0.2
--------------------------------------------
-- 2020-03-16 20:36 result data
OFV: 17741.0	/ CPU: 273.321 seconds 	/ department sequence: [13, 1, 19, 5, 10, 12, 3, 8, 17, 2, 14, 6, 11, 9, 4, 18, 16, 7, 20, 15]
-- H20 result
--------------------------------------------
HostNestNum = 5, P_a = 0.2
--------------------------------------------
-- 2020-03-16 20:44 result data
-- H20 result
--------------------------------------------
HostNestNum = 5, P_a = 0.2
--------------------------------------------
-- 2020-03-16 20:50 result data
-- H20 result
--------------------------------------------
HostNestNum = 5, P_a = 0.2
--------------------------------------------
-- 2020-03-16 20:56 result data
-- H20 result
--------------------------------------------
HostNestNum = 5, P_a = 0.2
--------------------------------------------
-- 2020-03-16 23:23 result data
-- H20 result
--------------------------------------------
HostNestNum = 5, P_a = 0.2
--------------------------------------------
-- 2020-03-16 23:27 result data
-- H20 result
--------------------------------------------
HostNestNum = 5, P_a = 0.2
--------------------------------------------
-- 2020-03-16 23:32 result data
OFV: 15992.0	/ CPU: 312.176 seconds 	/ department sequence: [1, 19, 11, 18, 2, 17, 3, 13, 14, 15, 5, 12, 8, 7, 10, 16, 4, 6, 9, 20]
-- H20 result
--------------------------------------------
HostNestNum = 5, P_a = 0.2
--------------------------------------------
-- 2020-03-16 23:38 result data
OFV: 15549.0	/ CPU: 70.173 seconds 	/ department sequence: [9, 3, 18, 10, 19, 14, 2, 15, 16, 4, 11, 12, 8, 20, 7, 6, 5, 13, 17, 1]
OFV: 15978.0	/ CPU: 107.181 seconds 	/ department sequence: [10, 12, 9, 4, 14, 18, 15, 8, 20, 3, 2, 7, 5, 16, 6, 1, 17, 11, 19, 13]
-- H20 result
--------------------------------------------
HostNestNum = 5, P_a = 0.2
--------------------------------------------
-- 2020-03-17 00:02 result data
OFV: 16004.0	/ CPU: 311.617 seconds 	/ department sequence: [11, 6, 10, 2, 19, 12, 4, 7, 16, 15, 5, 20, 3, 18, 14, 8, 1, 9, 17, 13]
OFV: 15673.0	/ CPU: 541.239 seconds 	/ department sequence: [4, 13, 9, 16, 1, 17, 14, 11, 3, 10, 20, 7, 8, 5, 6, 18, 12, 15, 2, 19]
-- H20 result
--------------------------------------------
HostNestNum = 5, P_a = 0.2
--------------------------------------------
-- 2020-03-17 00:16 result data
OFV: 15952.0	/ CPU: 39.231 seconds 	/ department sequence: [5, 12, 3, 17, 8, 19, 6, 9, 15, 20, 11, 14, 18, 10, 16, 7, 13, 2, 1, 4]
-- H20 result
--------------------------------------------
HostNestNum = 5, P_a = 0.2
--------------------------------------------
-- 2020-03-17 00:17 result data
OFV: 15927.0	/ CPU: 85.394 seconds 	/ department sequence: [8, 20, 16, 4, 3, 5, 6, 13, 15, 12, 9, 11, 19, 1, 10, 7, 2, 14, 17, 18]
-- H20 result
--------------------------------------------
HostNestNum = 5, P_a = 0.2
--------------------------------------------
-- 2020-03-17 00:18 result data
-- H20 result
--------------------------------------------
HostNestNum = 5, P_a = 0.2
--------------------------------------------
-- 2020-03-17 00:36 result data
-- H20 result
--------------------------------------------
HostNestNum = 5, P_a = 0.2
--------------------------------------------
-- 2020-03-17 00:39 result data
-- H20 result
--------------------------------------------
HostNestNum = 5, P_a = 0.2
--------------------------------------------
-- 2020-03-17 00:40 result data
-- H20 result
--------------------------------------------
HostNestNum = 5, P_a = 0.2
--------------------------------------------
-- 2020-03-17 00:42 result data
OFV: 15857.0	/ CPU: 255.280 seconds 	/ department sequence: [1, 17, 13, 16, 2, 11, 6, 4, 20, 14, 18, 3, 12, 15, 10, 5, 7, 8, 9, 19]
OFV: 15549.0	/ CPU: 0.031 seconds 	/ department sequence: [1, 17, 13, 5, 6, 7, 20, 8, 12, 11, 4, 16, 15, 2, 14, 19, 10, 18, 3, 9]
-- H20 result
--------------------------------------------
HostNestNum = 5, P_a = 0.2
--------------------------------------------
-- 2020-03-17 00:46 result data
-- H20 result
--------------------------------------------
HostNestNum = 5, P_a = 0.2
--------------------------------------------
-- 2020-03-17 00:52 result data
OFV: 15549.0	/ CPU: 698.763 seconds 	/ department sequence: [1, 17, 13, 5, 6, 7, 20, 8, 12, 11, 4, 16, 15, 2, 14, 19, 10, 18, 3, 9]
-- H20 result
--------------------------------------------
HostNestNum = 5, P_a = 0.2
--------------------------------------------
-- 2020-03-17 01:04 result data
-- H20 result
--------------------------------------------
HostNestNum = 5, P_a = 0.2
--------------------------------------------
-- 2020-03-17 01:20 result data
-- H20 result
--------------------------------------------
HostNestNum = 5, P_a = 0.2
--------------------------------------------
-- 2020-03-17 21:59 result data
OFV: 15854.0	/ CPU: 30.791 seconds 	/ department sequence: [1, 17, 3, 18, 10, 5, 6, 7, 8, 12, 11, 4, 14, 2, 16, 15, 20, 19, 13, 9]
OFV: 15927.0	/ CPU: 26.365 seconds 	/ department sequence: [1, 3, 9, 13, 6, 10, 5, 7, 16, 11, 14, 12, 2, 4, 20, 8, 15, 18, 19, 17]
OFV: 15854.0	/ CPU: 21.126 seconds 	/ department sequence: [9, 13, 19, 20, 15, 16, 2, 14, 4, 11, 12, 8, 7, 6, 5, 10, 18, 3, 17, 1]
OFV: 15854.0	/ CPU: 17.399 seconds 	/ department sequence: [9, 13, 19, 16, 15, 20, 2, 14, 4, 11, 12, 8, 7, 6, 5, 10, 18, 3, 17, 1]
OFV: 15896.0	/ CPU: 12.838 seconds 	/ department sequence: [1, 17, 3, 18, 10, 5, 6, 7, 11, 4, 16, 2, 14, 12, 8, 15, 20, 19, 13, 9]
OFV: 15673.0	/ CPU: 19.328 seconds 	/ department sequence: [9, 13, 3, 6, 10, 18, 19, 14, 2, 15, 20, 12, 8, 4, 11, 16, 7, 5, 17, 1]
-- H20 result
--------------------------------------------
HostNestNum = 5, P_a = 0.2
--------------------------------------------
-- 2020-03-17 22:05 result data
OFV: 15549.0	/ CPU: 25.647 seconds 	/ department sequence: [9, 3, 10, 18, 19, 14, 2, 15, 16, 4, 11, 12, 8, 20, 7, 6, 5, 13, 17, 1]
OFV: 15795.0	/ CPU: 20.013 seconds 	/ department sequence: [9, 13, 3, 6, 10, 18, 14, 16, 11, 4, 2, 12, 8, 20, 15, 7, 19, 5, 17, 1]
OFV: 15549.0	/ CPU: 28.455 seconds 	/ department sequence: [9, 3, 18, 10, 19, 14, 2, 15, 16, 4, 11, 12, 8, 20, 7, 6, 5, 13, 17, 1]
-- H20 result
--------------------------------------------
HostNestNum = 5, P_a = 0.2
--------------------------------------------
-- 2020-03-17 22:14 result data
OFV: 15927.0	/ CPU: 36.871 seconds 	/ department sequence: [17, 19, 18, 15, 8, 20, 4, 2, 12, 14, 11, 16, 7, 5, 10, 6, 13, 9, 3, 1]
-- H20 result
--------------------------------------------
HostNestNum = 5, P_a = 0.2
--------------------------------------------
-- 2020-03-17 22:17 result data
OFV: 15549.0	/ CPU: 27.568 seconds 	/ department sequence: [1, 17, 13, 5, 6, 7, 20, 8, 12, 11, 4, 16, 15, 2, 14, 19, 10, 18, 3, 9]
OFV: 15896.0	/ CPU: 23.028 seconds 	/ department sequence: [9, 13, 19, 20, 15, 8, 12, 14, 2, 16, 4, 11, 7, 6, 5, 10, 18, 3, 17, 1]
-- H20 result
--------------------------------------------
HostNestNum = 5, P_a = 0.2
--------------------------------------------
-- 2020-03-17 22:20 result data
OFV: 15854.0	/ CPU: 66.589 seconds 	/ department sequence: [1, 17, 3, 18, 10, 5, 6, 7, 8, 12, 11, 4, 14, 2, 20, 15, 16, 19, 13, 9]
OFV: 15549.0	/ CPU: 17.276 seconds 	/ department sequence: [1, 17, 13, 5, 6, 7, 20, 8, 12, 11, 4, 16, 15, 2, 14, 19, 10, 18, 3, 9]
OFV: 15927.0	/ CPU: 23.845 seconds 	/ department sequence: [1, 3, 9, 13, 6, 10, 5, 7, 16, 11, 14, 12, 2, 4, 20, 8, 15, 18, 19, 17]
-- H20 result
--------------------------------------------
HostNestNum = 5, P_a = 0.2
--------------------------------------------
-- 2020-03-17 22:28 result data
OFV: 15549.0	/ CPU: 51.905 seconds 	/ department sequence: [1, 17, 13, 5, 6, 7, 20, 8, 12, 11, 4, 16, 15, 2, 14, 19, 10, 18, 3, 9]
OFV: 16052.0	/ CPU: 26.194 seconds 	/ department sequence: [1, 3, 9, 10, 18, 16, 14, 11, 12, 7, 2, 4, 15, 8, 20, 19, 6, 5, 13, 17]
-- H20 result
--------------------------------------------
HostNestNum = 5, P_a = 0.2
--------------------------------------------
-- 2020-03-17 22:34 result data
OFV: 15796.0	/ CPU: 38.434 seconds 	/ department sequence: [9, 13, 3, 6, 5, 10, 18, 19, 14, 2, 16, 4, 11, 12, 8, 15, 20, 7, 17, 1]
-- H20 result
--------------------------------------------
HostNestNum = 5, P_a = 0.2
--------------------------------------------
-- 2020-03-17 22:37 result data
OFV: 15896.0	/ CPU: 69.552 seconds 	/ department sequence: [9, 13, 19, 20, 15, 8, 12, 14, 2, 16, 4, 11, 7, 6, 5, 10, 18, 3, 17, 1]
-- H20 result
--------------------------------------------
HostNestNum = 5, P_a = 0.2
--------------------------------------------
-- 2020-03-17 22:39 result data
OFV: 15896.0	/ CPU: 37.499 seconds 	/ department sequence: [9, 13, 19, 20, 15, 8, 12, 14, 2, 16, 4, 11, 7, 6, 5, 10, 18, 3, 17, 1]
OFV: 15549.0	/ CPU: 17.847 seconds 	/ department sequence: [9, 3, 18, 10, 19, 14, 2, 15, 16, 4, 11, 12, 8, 20, 7, 6, 5, 13, 17, 1]
OFV: 15816.0	/ CPU: 19.199 seconds 	/ department sequence: [1, 17, 5, 19, 7, 15, 20, 4, 2, 12, 8, 11, 16, 14, 18, 10, 6, 3, 13, 9]
OFV: 15549.0	/ CPU: 23.611 seconds 	/ department sequence: [1, 17, 13, 5, 6, 7, 20, 8, 12, 11, 4, 16, 15, 2, 14, 19, 10, 18, 3, 9]
OFV: 15901.0	/ CPU: 17.153 seconds 	/ department sequence: [1, 17, 3, 18, 10, 5, 6, 7, 4, 2, 14, 12, 11, 16, 8, 15, 20, 19, 13, 9]
OFV: 15854.0	/ CPU: 15.611 seconds 	/ department sequence: [9, 13, 19, 20, 15, 16, 2, 14, 4, 11, 12, 8, 7, 6, 5, 10, 18, 3, 17, 1]
OFV: 15896.0	/ CPU: 15.904 seconds 	/ department sequence: [1, 17, 3, 18, 10, 5, 6, 7, 11, 4, 16, 2, 14, 12, 8, 15, 20, 19, 13, 9]
-- H20 result
--------------------------------------------
HostNestNum = 5, P_a = 0.2
--------------------------------------------
-- 2020-03-17 22:45 result data
OFV: 15896.0	/ CPU: 46.717 seconds 	/ department sequence: [1, 17, 3, 18, 10, 5, 6, 7, 11, 4, 16, 2, 14, 12, 8, 15, 20, 19, 13, 9]
-- H20 result
--------------------------------------------
HostNestNum = 5, P_a = 0.2
--------------------------------------------
-- 2020-03-17 22:48 result data
OFV: 15989.0	/ CPU: 29.553 seconds 	/ department sequence: [1, 17, 5, 7, 18, 16, 11, 4, 2, 14, 12, 8, 15, 20, 19, 10, 6, 3, 13, 9]
-- H20 result
--------------------------------------------
HostNestNum = 5, P_a = 0.2
--------------------------------------------
-- 2020-03-17 22:50 result data
OFV: 15854.0	/ CPU: 102.970 seconds 	/ department sequence: [9, 13, 19, 20, 15, 16, 2, 14, 4, 11, 12, 8, 7, 6, 5, 10, 18, 3, 17, 1]
-- H20 result
--------------------------------------------
HostNestNum = 5, P_a = 0.2
--------------------------------------------
-- 2020-03-17 22:53 result data
OFV: 15927.0	/ CPU: 77.372 seconds 	/ department sequence: [20, 4, 14, 11, 16, 1, 3, 9, 13, 6, 10, 5, 7, 12, 2, 8, 15, 17, 19, 18]
-- H20 result
--------------------------------------------
HostNestNum = 5, P_a = 0.2
--------------------------------------------
-- 2020-03-17 22:59 result data
OFV: 16165.0	/ CPU: 21.530 seconds 	/ department sequence: [6, 1, 3, 10, 15, 18, 17, 8, 14, 2, 11, 4, 7, 20, 19, 5, 13, 9, 16, 12]
-- H20 result
--------------------------------------------
HostNestNum = 5, P_a = 0.2
--------------------------------------------
-- 2020-03-17 23:02 result data
OFV: 15871.0	/ CPU: 38.165 seconds 	/ department sequence: [9, 13, 19, 20, 15, 8, 16, 11, 4, 2, 14, 12, 7, 6, 5, 10, 18, 3, 17, 1]
-- H20 result
--------------------------------------------
HostNestNum = 5, P_a = 0.2
--------------------------------------------
-- 2020-03-17 23:06 result data
OFV: 15927.0	/ CPU: 76.917 seconds 	/ department sequence: [1, 3, 9, 13, 6, 10, 5, 7, 16, 11, 14, 12, 2, 4, 20, 8, 15, 18, 19, 17]
-- H20 result
--------------------------------------------
HostNestNum = 5, P_a = 0.2
--------------------------------------------
-- 2020-03-17 23:08 result data
OFV: 15979.0	/ CPU: 4.754 seconds 	/ department sequence: [1, 17, 3, 18, 10, 7, 11, 4, 12, 14, 2, 16, 8, 15, 20, 19, 6, 5, 13, 9]
OFV: 15602.0	/ CPU: 5.066 seconds 	/ department sequence: [1, 17, 13, 5, 6, 7, 20, 8, 12, 15, 11, 4, 16, 2, 14, 19, 10, 18, 3, 9]
OFV: 15934.0	/ CPU: 4.682 seconds 	/ department sequence: [17, 19, 18, 15, 4, 2, 20, 8, 12, 14, 11, 16, 7, 5, 10, 6, 13, 9, 3, 1]
OFV: 15859.0	/ CPU: 5.345 seconds 	/ department sequence: [1, 17, 19, 7, 15, 20, 4, 2, 12, 8, 11, 16, 14, 18, 10, 5, 6, 3, 13, 9]
OFV: 15994.0	/ CPU: 3.230 seconds 	/ department sequence: [9, 13, 3, 6, 10, 18, 20, 8, 15, 12, 14, 2, 4, 11, 16, 7, 19, 5, 17, 1]
OFV: 15854.0	/ CPU: 3.042 seconds 	/ department sequence: [1, 17, 3, 18, 10, 5, 6, 7, 8, 12, 11, 4, 14, 2, 16, 15, 20, 19, 13, 9]
OFV: 16244.0	/ CPU: 2.618 seconds 	/ department sequence: [1, 3, 9, 10, 18, 16, 14, 11, 12, 7, 2, 4, 15, 8, 20, 19, 6, 5, 13, 17]
OFV: 15864.0	/ CPU: 2.961 seconds 	/ department sequence: [1, 17, 3, 18, 10, 5, 6, 7, 8, 12, 11, 4, 14, 2, 20, 15, 16, 19, 13, 9]
OFV: 16096.0	/ CPU: 2.543 seconds 	/ department sequence: [9, 13, 5, 6, 19, 20, 15, 8, 2, 4, 16, 11, 14, 12, 7, 10, 18, 3, 17, 1]
OFV: 15872.0	/ CPU: 3.722 seconds 	/ department sequence: [1, 17, 19, 15, 8, 20, 7, 12, 4, 2, 11, 16, 14, 18, 10, 5, 6, 3, 13, 9]
-- H20 result
--------------------------------------------
HostNestNum = 5, P_a = 0.2
--------------------------------------------
-- 2020-03-17 23:14 result data
OFV: 16006.0	/ CPU: 5.759 seconds 	/ department sequence: [1, 17, 3, 18, 7, 4, 11, 16, 14, 12, 2, 8, 15, 20, 19, 10, 6, 5, 13, 9]
OFV: 16042.0	/ CPU: 3.151 seconds 	/ department sequence: [9, 13, 3, 6, 10, 18, 20, 7, 14, 12, 2, 4, 11, 16, 8, 15, 19, 5, 17, 1]
OFV: 15551.0	/ CPU: 5.000 seconds 	/ department sequence: [1, 17, 13, 5, 6, 7, 20, 8, 12, 11, 4, 15, 16, 2, 14, 19, 10, 18, 3, 9]
OFV: 16111.0	/ CPU: 1.476 seconds 	/ department sequence: [1, 3, 9, 10, 18, 16, 14, 11, 2, 4, 12, 8, 15, 20, 7, 19, 6, 5, 13, 17]
OFV: 16030.0	/ CPU: 1.609 seconds 	/ department sequence: [1, 17, 3, 18, 10, 5, 7, 11, 4, 2, 14, 12, 16, 8, 15, 20, 6, 19, 13, 9]
OFV: 15673.0	/ CPU: 2.836 seconds 	/ department sequence: [9, 13, 3, 6, 10, 18, 19, 14, 2, 15, 20, 12, 8, 4, 11, 16, 7, 5, 17, 1]
OFV: 15549.0	/ CPU: 2.134 seconds 	/ department sequence: [9, 3, 18, 10, 19, 14, 2, 15, 16, 4, 11, 12, 8, 20, 7, 6, 5, 13, 17, 1]
OFV: 15951.0	/ CPU: 4.176 seconds 	/ department sequence: [9, 13, 3, 6, 10, 18, 20, 8, 15, 12, 14, 2, 16, 11, 4, 7, 19, 5, 17, 1]
OFV: 16131.0	/ CPU: 1.455 seconds 	/ department sequence: [1, 17, 5, 19, 7, 15, 20, 4, 2, 8, 12, 11, 16, 14, 18, 10, 6, 3, 13, 9]
OFV: 15854.0	/ CPU: 2.493 seconds 	/ department sequence: [1, 17, 3, 18, 10, 5, 6, 7, 8, 12, 11, 4, 14, 2, 16, 15, 20, 19, 13, 9]
-- H20 result
--------------------------------------------
HostNestNum = 5, P_a = 0.2
--------------------------------------------
-- 2020-03-17 23:24 result data
OFV: 15979.0	/ CPU: 4.332 seconds 	/ department sequence: [9, 13, 19, 6, 20, 15, 8, 12, 14, 2, 16, 4, 11, 7, 5, 10, 18, 3, 17, 1]
OFV: 16039.0	/ CPU: 2.415 seconds 	/ department sequence: [1, 17, 3, 18, 10, 16, 11, 14, 4, 2, 12, 8, 15, 7, 20, 19, 6, 5, 13, 9]
OFV: 15726.0	/ CPU: 2.829 seconds 	/ department sequence: [1, 17, 7, 16, 11, 4, 8, 12, 20, 15, 2, 14, 19, 18, 5, 10, 6, 3, 13, 9]
OFV: 15896.0	/ CPU: 2.268 seconds 	/ department sequence: [9, 13, 19, 20, 15, 8, 12, 14, 2, 16, 4, 11, 7, 6, 5, 10, 18, 3, 17, 1]
OFV: 15899.0	/ CPU: 1.600 seconds 	/ department sequence: [9, 13, 19, 20, 15, 8, 12, 14, 2, 16, 4, 11, 7, 6, 5, 10, 18, 3, 17, 1]
OFV: 15934.0	/ CPU: 2.730 seconds 	/ department sequence: [1, 3, 9, 13, 6, 10, 5, 7, 16, 11, 14, 12, 8, 20, 2, 4, 15, 18, 19, 17]
OFV: 15726.0	/ CPU: 2.293 seconds 	/ department sequence: [1, 17, 7, 16, 11, 4, 8, 12, 20, 15, 2, 14, 19, 18, 10, 5, 6, 3, 13, 9]
OFV: 15971.0	/ CPU: 1.829 seconds 	/ department sequence: [1, 3, 9, 13, 6, 10, 5, 7, 20, 12, 8, 11, 16, 14, 2, 4, 15, 18, 19, 17]
OFV: 15994.0	/ CPU: 1.821 seconds 	/ department sequence: [1, 17, 3, 18, 10, 5, 7, 11, 16, 14, 12, 2, 4, 8, 15, 20, 6, 19, 13, 9]
OFV: 15795.0	/ CPU: 3.731 seconds 	/ department sequence: [9, 13, 3, 6, 10, 18, 14, 16, 11, 4, 2, 12, 8, 20, 15, 7, 19, 5, 17, 1]
-- H20 result
--------------------------------------------
HostNestNum = 5, P_a = 0.2
--------------------------------------------
-- 2020-03-17 23:29 result data
-- H20 result
--------------------------------------------
HostNestNum = 5, P_a = 0.2
--------------------------------------------
-- 2020-03-17 23:30 result data
OFV: 15869.0	/ CPU: 11.515 seconds 	/ department sequence: [9, 13, 3, 6, 10, 18, 19, 20, 15, 2, 14, 12, 8, 4, 11, 16, 7, 5, 17, 1]
OFV: 16055.0	/ CPU: 5.868 seconds 	/ department sequence: [1, 17, 19, 7, 15, 20, 4, 2, 16, 11, 14, 12, 8, 18, 10, 5, 6, 3, 13, 9]
OFV: 15902.0	/ CPU: 4.104 seconds 	/ department sequence: [9, 13, 19, 20, 15, 8, 16, 12, 14, 2, 4, 11, 7, 6, 5, 10, 18, 3, 17, 1]
OFV: 15854.0	/ CPU: 2.772 seconds 	/ department sequence: [1, 17, 3, 18, 10, 5, 6, 7, 8, 12, 11, 4, 14, 2, 20, 15, 16, 19, 13, 9]
OFV: 15673.0	/ CPU: 4.391 seconds 	/ department sequence: [9, 13, 3, 6, 10, 18, 19, 14, 2, 15, 20, 12, 8, 4, 11, 16, 7, 5, 17, 1]
OFV: 16290.0	/ CPU: 1.915 seconds 	/ department sequence: [9, 13, 3, 6, 7, 20, 8, 12, 16, 15, 14, 2, 4, 11, 18, 10, 19, 5, 17, 1]
OFV: 15854.0	/ CPU: 4.766 seconds 	/ department sequence: [9, 13, 19, 20, 15, 16, 2, 14, 4, 11, 12, 8, 7, 6, 5, 10, 18, 3, 17, 1]
OFV: 15979.0	/ CPU: 2.738 seconds 	/ department sequence: [9, 13, 19, 6, 20, 15, 8, 12, 14, 2, 16, 4, 11, 7, 5, 10, 18, 3, 17, 1]
OFV: 15902.0	/ CPU: 3.376 seconds 	/ department sequence: [9, 13, 19, 15, 20, 8, 16, 12, 14, 2, 4, 11, 7, 6, 5, 10, 18, 3, 17, 1]
OFV: 15896.0	/ CPU: 3.279 seconds 	/ department sequence: [1, 17, 3, 18, 10, 5, 6, 7, 11, 4, 16, 2, 14, 12, 8, 15, 20, 19, 13, 9]
-- H20 result
--------------------------------------------
HostNestNum = 5, P_a = 0.2
--------------------------------------------
-- 2020-03-17 23:36 result data
OFV: 15956.0	/ CPU: 5.590 seconds 	/ department sequence: [1, 3, 9, 13, 6, 10, 5, 7, 12, 14, 16, 11, 2, 4, 20, 8, 15, 18, 19, 17]
OFV: 15854.0	/ CPU: 4.863 seconds 	/ department sequence: [1, 17, 3, 18, 10, 5, 6, 7, 8, 12, 11, 4, 14, 2, 16, 15, 20, 19, 13, 9]
OFV: 16076.0	/ CPU: 1.605 seconds 	/ department sequence: [1, 17, 3, 18, 10, 19, 15, 8, 12, 14, 2, 4, 11, 16, 20, 7, 6, 5, 13, 9]
OFV: 15674.0	/ CPU: 5.478 seconds 	/ department sequence: [9, 3, 18, 10, 19, 14, 2, 15, 16, 8, 12, 11, 4, 20, 7, 6, 5, 13, 17, 1]
OFV: 16021.0	/ CPU: 1.878 seconds 	/ department sequence: [1, 17, 3, 18, 10, 5, 7, 11, 16, 12, 14, 2, 4, 8, 15, 20, 6, 19, 13, 9]
OFV: 15770.0	/ CPU: 6.257 seconds 	/ department sequence: [1, 17, 13, 5, 6, 7, 20, 16, 11, 4, 12, 8, 15, 2, 14, 19, 10, 18, 3, 9]
OFV: 15948.0	/ CPU: 5.072 seconds 	/ department sequence: [9, 13, 3, 6, 5, 10, 18, 7, 14, 12, 2, 4, 11, 16, 20, 8, 15, 19, 17, 1]
OFV: 15690.0	/ CPU: 4.876 seconds 	/ department sequence: [9, 3, 18, 10, 19, 14, 2, 15, 12, 8, 16, 4, 11, 20, 7, 6, 5, 13, 17, 1]
OFV: 15902.0	/ CPU: 3.257 seconds 	/ department sequence: [1, 17, 3, 18, 10, 5, 6, 7, 11, 4, 2, 14, 12, 16, 8, 15, 20, 19, 13, 9]
OFV: 15927.0	/ CPU: 4.988 seconds 	/ department sequence: [1, 3, 9, 13, 6, 10, 5, 7, 16, 11, 14, 12, 2, 4, 20, 8, 15, 18, 19, 17]
-- H20 result
--------------------------------------------
HostNestNum = 5, P_a = 0.2
--------------------------------------------
-- 2020-03-17 23:40 result data
OFV: 15934.0	/ CPU: 7.810 seconds 	/ department sequence: [1, 17, 13, 5, 6, 7, 20, 15, 16, 11, 8, 12, 4, 2, 14, 19, 10, 18, 3, 9]
OFV: 15896.0	/ CPU: 1.820 seconds 	/ department sequence: [1, 17, 3, 18, 10, 5, 6, 7, 11, 4, 16, 2, 14, 12, 8, 15, 20, 19, 13, 9]
OFV: 16062.0	/ CPU: 4.469 seconds 	/ department sequence: [9, 13, 5, 6, 19, 20, 7, 15, 2, 16, 14, 12, 4, 11, 8, 10, 18, 3, 17, 1]
OFV: 16053.0	/ CPU: 2.848 seconds 	/ department sequence: [9, 13, 19, 16, 11, 4, 14, 2, 12, 20, 8, 15, 7, 6, 5, 10, 18, 17, 3, 1]
OFV: 15941.0	/ CPU: 3.737 seconds 	/ department sequence: [9, 13, 19, 20, 15, 8, 16, 4, 2, 14, 12, 11, 7, 6, 5, 10, 18, 3, 17, 1]
OFV: 15896.0	/ CPU: 3.685 seconds 	/ department sequence: [1, 17, 3, 18, 10, 5, 6, 7, 11, 4, 16, 2, 14, 12, 8, 15, 20, 19, 13, 9]
OFV: 16104.0	/ CPU: 2.560 seconds 	/ department sequence: [1, 17, 3, 18, 7, 15, 8, 20, 12, 4, 14, 2, 11, 16, 19, 10, 6, 5, 13, 9]
OFV: 15549.0	/ CPU: 5.135 seconds 	/ department sequence: [1, 17, 13, 5, 6, 7, 20, 8, 12, 11, 4, 16, 15, 2, 14, 19, 10, 18, 3, 9]
OFV: 16018.0	/ CPU: 2.486 seconds 	/ department sequence: [1, 17, 3, 18, 10, 5, 7, 11, 12, 14, 4, 2, 16, 8, 15, 20, 6, 19, 13, 9]
OFV: 16053.0	/ CPU: 2.706 seconds 	/ department sequence: [9, 13, 5, 6, 10, 19, 16, 11, 14, 2, 4, 12, 20, 8, 15, 7, 18, 3, 17, 1]
-- H20 result
--------------------------------------------
HostNestNum = 5, P_a = 0.2
--------------------------------------------
-- 2020-03-17 23:44 result data
-- H20 result
--------------------------------------------
HostNestNum = 5, P_a = 0.2
--------------------------------------------
-- 2020-03-18 16:58 result data
OFV: 15927.0	/ CPU: 11.437 seconds 	/ department sequence: [1, 3, 9, 13, 6, 10, 5, 7, 16, 11, 14, 12, 2, 4, 20, 8, 15, 18, 19, 17]
OFV: 15854.0	/ CPU: 9.728 seconds 	/ department sequence: [9, 13, 19, 16, 15, 20, 2, 14, 4, 11, 12, 8, 7, 6, 5, 10, 18, 3, 17, 1]
OFV: 15549.0	/ CPU: 11.559 seconds 	/ department sequence: [9, 3, 18, 10, 19, 14, 2, 15, 16, 4, 11, 12, 8, 20, 7, 6, 5, 13, 17, 1]
OFV: 15934.0	/ CPU: 9.046 seconds 	/ department sequence: [17, 19, 18, 15, 4, 2, 20, 8, 12, 14, 11, 16, 7, 5, 10, 6, 13, 9, 3, 1]
OFV: 15549.0	/ CPU: 8.894 seconds 	/ department sequence: [1, 17, 13, 5, 6, 7, 20, 8, 12, 11, 4, 16, 15, 2, 14, 19, 10, 18, 3, 9]
OFV: 15971.0	/ CPU: 4.960 seconds 	/ department sequence: [1, 3, 9, 13, 6, 10, 5, 7, 20, 12, 8, 11, 16, 14, 2, 4, 15, 18, 19, 17]
OFV: 15673.0	/ CPU: 5.295 seconds 	/ department sequence: [1, 17, 5, 7, 16, 11, 4, 8, 12, 20, 15, 2, 14, 19, 18, 10, 6, 3, 13, 9]
OFV: 15726.0	/ CPU: 6.495 seconds 	/ department sequence: [9, 13, 3, 6, 5, 10, 18, 19, 14, 2, 15, 20, 12, 8, 4, 11, 16, 7, 17, 1]
OFV: 15673.0	/ CPU: 5.068 seconds 	/ department sequence: [9, 13, 3, 6, 10, 18, 19, 14, 2, 15, 20, 12, 8, 4, 11, 16, 7, 5, 17, 1]
OFV: 15795.0	/ CPU: 8.688 seconds 	/ department sequence: [9, 13, 3, 6, 10, 18, 14, 16, 11, 4, 2, 12, 8, 20, 15, 7, 19, 5, 17, 1]
-- H20 result
--------------------------------------------
HostNestNum = 5, P_a = 0.2
--------------------------------------------
-- 2020-03-18 17:33 result data
OFV: 15549.0	/ CPU: 13.410 seconds 	/ department sequence: [1, 17, 13, 5, 6, 7, 20, 8, 12, 11, 4, 16, 15, 2, 14, 19, 10, 18, 3, 9]
OFV: 15917.0	/ CPU: 10.237 seconds 	/ department sequence: [9, 13, 19, 20, 15, 8, 4, 2, 12, 14, 16, 11, 7, 6, 5, 10, 18, 3, 17, 1]
OFV: 15549.0	/ CPU: 12.135 seconds 	/ department sequence: [9, 3, 18, 10, 19, 14, 2, 15, 16, 4, 11, 12, 8, 20, 7, 6, 5, 13, 17, 1]
OFV: 15549.0	/ CPU: 11.231 seconds 	/ department sequence: [9, 3, 18, 10, 19, 14, 2, 15, 16, 4, 11, 12, 8, 20, 7, 6, 5, 13, 17, 1]
OFV: 15927.0	/ CPU: 5.565 seconds 	/ department sequence: [1, 3, 9, 13, 6, 10, 5, 7, 16, 11, 14, 12, 2, 4, 20, 8, 15, 18, 19, 17]
OFV: 15854.0	/ CPU: 7.654 seconds 	/ department sequence: [9, 13, 19, 16, 15, 20, 2, 14, 4, 11, 12, 8, 7, 6, 5, 10, 18, 3, 17, 1]
OFV: 15854.0	/ CPU: 5.337 seconds 	/ department sequence: [1, 17, 3, 18, 10, 5, 6, 7, 8, 12, 11, 4, 14, 2, 16, 15, 20, 19, 13, 9]
OFV: 16052.0	/ CPU: 5.760 seconds 	/ department sequence: [1, 3, 9, 10, 18, 16, 14, 11, 12, 7, 2, 4, 15, 8, 20, 19, 6, 5, 13, 17]
OFV: 15573.0	/ CPU: 5.773 seconds 	/ department sequence: [1, 17, 13, 5, 6, 7, 20, 8, 12, 11, 4, 16, 15, 2, 14, 19, 10, 18, 3, 9]
OFV: 15795.0	/ CPU: 7.820 seconds 	/ department sequence: [9, 13, 3, 6, 10, 18, 14, 16, 11, 4, 2, 12, 8, 20, 15, 7, 19, 5, 17, 1]
-- H20 result
--------------------------------------------
HostNestNum = 5, P_a = 0.2
--------------------------------------------
-- 2020-03-18 17:37 result data
OFV: 15896.0	/ CPU: 10.469 seconds 	/ department sequence: [9, 13, 19, 20, 15, 8, 12, 14, 2, 16, 4, 11, 7, 6, 5, 10, 18, 3, 17, 1]
OFV: 15854.0	/ CPU: 9.431 seconds 	/ department sequence: [1, 17, 3, 18, 10, 5, 6, 7, 8, 12, 11, 4, 14, 2, 16, 15, 20, 19, 13, 9]
OFV: 15854.0	/ CPU: 10.409 seconds 	/ department sequence: [1, 17, 3, 18, 10, 5, 6, 7, 8, 12, 11, 4, 14, 2, 20, 15, 16, 19, 13, 9]
OFV: 15927.0	/ CPU: 9.654 seconds 	/ department sequence: [1, 3, 9, 13, 6, 10, 5, 7, 16, 11, 14, 12, 2, 4, 20, 8, 15, 18, 19, 17]
OFV: 15573.0	/ CPU: 7.372 seconds 	/ department sequence: [1, 17, 13, 5, 6, 7, 20, 8, 12, 11, 4, 16, 15, 2, 14, 19, 10, 18, 3, 9]
OFV: 15673.0	/ CPU: 7.394 seconds 	/ department sequence: [9, 13, 3, 6, 10, 18, 19, 14, 2, 15, 20, 12, 8, 4, 11, 16, 7, 5, 17, 1]
OFV: 15549.0	/ CPU: 5.572 seconds 	/ department sequence: [9, 3, 18, 10, 19, 14, 2, 15, 16, 4, 11, 12, 8, 20, 7, 6, 5, 13, 17, 1]
OFV: 15948.0	/ CPU: 5.413 seconds 	/ department sequence: [9, 13, 3, 6, 5, 10, 18, 7, 14, 12, 2, 4, 11, 16, 20, 8, 15, 19, 17, 1]
OFV: 15673.0	/ CPU: 5.202 seconds 	/ department sequence: [1, 17, 5, 7, 16, 11, 4, 8, 12, 20, 15, 2, 14, 19, 18, 10, 6, 3, 13, 9]
OFV: 15854.0	/ CPU: 5.743 seconds 	/ department sequence: [1, 17, 3, 18, 10, 5, 6, 7, 8, 12, 11, 4, 14, 2, 16, 15, 20, 19, 13, 9]
-- H20 result
--------------------------------------------
HostNestNum = 5, P_a = 0.2
--------------------------------------------
-- 2020-03-18 17:48 result data
OFV: 16271.0	/ CPU: 21.081 seconds 	/ department sequence: [1, 9, 3, 5, 14, 17, 7, 16, 2, 12, 18, 4, 10, 6, 11, 20, 8, 19, 15, 13]
OFV: 16498.0	/ CPU: 13.693 seconds 	/ department sequence: [1, 14, 3, 10, 11, 16, 17, 4, 2, 5, 12, 19, 7, 18, 8, 13, 15, 6, 20, 9]
-- H20 result
--------------------------------------------
HostNestNum = 5, P_a = 0.2
--------------------------------------------
-- 2020-03-18 17:49 result data
OFV: 16517.0	/ CPU: 41.034 seconds 	/ department sequence: [1, 3, 11, 18, 8, 7, 12, 15, 2, 20, 16, 10, 4, 14, 6, 5, 17, 9, 19, 13]
-- H20 result
--------------------------------------------
HostNestNum = 5, P_a = 0.2
--------------------------------------------
-- 2020-03-18 17:50 result data
OFV: 15978.0	/ CPU: 40.497 seconds 	/ department sequence: [15, 7, 5, 13, 19, 20, 6, 2, 4, 12, 11, 14, 8, 16, 10, 18, 3, 9, 17, 1]
OFV: 15549.0	/ CPU: 14.942 seconds 	/ department sequence: [9, 13, 3, 18, 5, 10, 14, 2, 15, 19, 16, 4, 20, 11, 12, 8, 7, 6, 17, 1]
OFV: 15549.0	/ CPU: 15.488 seconds 	/ department sequence: [13, 9, 3, 18, 10, 19, 14, 2, 15, 4, 11, 16, 12, 8, 7, 6, 20, 5, 17, 1]
OFV: 15603.0	/ CPU: 14.448 seconds 	/ department sequence: [13, 3, 10, 19, 14, 18, 2, 15, 16, 11, 12, 8, 7, 20, 6, 5, 17, 1, 9, 4]
OFV: 16057.0	/ CPU: 14.855 seconds 	/ department sequence: [9, 13, 3, 6, 20, 7, 15, 8, 12, 14, 2, 11, 4, 16, 18, 10, 5, 17, 19, 1]
OFV: 15896.0	/ CPU: 11.785 seconds 	/ department sequence: [1, 17, 3, 16, 18, 10, 5, 6, 14, 4, 2, 8, 11, 12, 15, 20, 19, 13, 9, 7]
OFV: 15854.0	/ CPU: 19.593 seconds 	/ department sequence: [1, 17, 18, 3, 10, 5, 6, 7, 8, 12, 11, 4, 2, 14, 16, 20, 19, 13, 9, 15]
OFV: 15673.0	/ CPU: 19.782 seconds 	/ department sequence: [4, 19, 9, 13, 6, 10, 20, 2, 15, 18, 12, 8, 11, 14, 16, 7, 5, 17, 3, 1]
OFV: 15549.0	/ CPU: 13.572 seconds 	/ department sequence: [1, 17, 13, 5, 6, 7, 20, 8, 12, 11, 4, 16, 15, 2, 14, 3, 10, 19, 9, 18]
-- H20 result
--------------------------------------------
HostNestNum = 5, P_a = 0.2
--------------------------------------------
-- 2020-03-18 17:56 result data
OFV: 15868.0	/ CPU: 34.672 seconds 	/ department sequence: [6, 13, 19, 15, 8, 20, 16, 11, 4, 2, 14, 12, 7, 5, 10, 18, 3, 17, 9, 1]
OFV: 15816.0	/ CPU: 37.256 seconds 	/ department sequence: [1, 18, 4, 19, 17, 7, 15, 20, 2, 8, 11, 16, 12, 10, 14, 6, 13, 5, 3, 9]
OFV: 15854.0	/ CPU: 17.451 seconds 	/ department sequence: [18, 4, 9, 20, 13, 19, 15, 16, 2, 14, 11, 12, 8, 7, 6, 5, 10, 3, 17, 1]
OFV: 16052.0	/ CPU: 18.760 seconds 	/ department sequence: [3, 1, 9, 10, 16, 20, 14, 11, 7, 12, 4, 2, 15, 19, 8, 6, 5, 18, 13, 17]
OFV: 15621.0	/ CPU: 31.526 seconds 	/ department sequence: [3, 1, 17, 13, 5, 7, 6, 20, 8, 12, 4, 16, 15, 2, 14, 19, 10, 18, 9, 11]
OFV: 15854.0	/ CPU: 22.805 seconds 	/ department sequence: [1, 14, 17, 3, 18, 10, 5, 6, 7, 8, 12, 11, 4, 2, 16, 15, 20, 19, 13, 9]
-- H20 result
--------------------------------------------
HostNestNum = 5, P_a = 0.2
--------------------------------------------
-- 2020-03-18 17:59 result data
OFV: 15934.0	/ CPU: 31.267 seconds 	/ department sequence: [17, 19, 18, 15, 4, 2, 20, 8, 12, 14, 11, 16, 7, 5, 10, 6, 13, 9, 3, 1]
OFV: 15673.0	/ CPU: 17.738 seconds 	/ department sequence: [9, 13, 3, 6, 10, 18, 19, 14, 2, 15, 20, 12, 8, 4, 11, 16, 7, 5, 17, 1]
OFV: 15868.0	/ CPU: 14.120 seconds 	/ department sequence: [1, 17, 3, 18, 10, 5, 6, 7, 12, 14, 2, 4, 11, 16, 8, 15, 20, 19, 13, 9]
OFV: 15927.0	/ CPU: 27.371 seconds 	/ department sequence: [17, 19, 18, 15, 8, 20, 4, 2, 12, 14, 11, 16, 7, 5, 10, 6, 13, 9, 3, 1]
OFV: 15868.0	/ CPU: 17.830 seconds 	/ department sequence: [9, 13, 19, 20, 15, 8, 16, 11, 4, 2, 14, 12, 7, 6, 5, 10, 18, 3, 17, 1]
OFV: 15549.0	/ CPU: 32.546 seconds 	/ department sequence: [1, 17, 13, 5, 6, 7, 20, 8, 12, 11, 4, 16, 15, 2, 14, 19, 10, 18, 3, 9]
OFV: 15549.0	/ CPU: 21.750 seconds 	/ department sequence: [1, 17, 13, 5, 6, 7, 20, 8, 12, 11, 4, 16, 15, 2, 14, 19, 10, 18, 3, 9]
OFV: 15549.0	/ CPU: 16.337 seconds 	/ department sequence: [1, 17, 13, 5, 6, 7, 20, 8, 12, 11, 4, 16, 15, 2, 14, 19, 10, 18, 3, 9]
OFV: 15549.0	/ CPU: 15.709 seconds 	/ department sequence: [9, 3, 18, 10, 19, 14, 2, 15, 16, 4, 11, 12, 8, 20, 7, 6, 5, 13, 17, 1]
OFV: 15549.0	/ CPU: 19.384 seconds 	/ department sequence: [9, 3, 18, 10, 19, 14, 2, 15, 16, 4, 11, 12, 8, 20, 7, 6, 5, 13, 17, 1]
