-- H_20 result
--------------------------------------------
HostNestNum = 10, P_a = 0.0
--------------------------------------------
-- 2019-01-06 10:18summary result data
OFV: 15549.0	/ CPU: 1.955	/ department sequence: [1, 17, 13, 5, 6, 7, 20, 8, 12, 11, 4, 16, 15, 2, 14, 19, 10, 18, 3, 9]
-- 2019-01-06 10:18summary result data
OFV: 15927.0	/ CPU: 1.522	/ department sequence: [1, 3, 9, 13, 6, 10, 5, 7, 16, 11, 14, 12, 2, 4, 20, 8, 15, 18, 19, 17]
-- 2019-01-06 10:18summary result data
OFV: 15795.0	/ CPU: 1.502	/ department sequence: [9, 13, 3, 6, 10, 18, 14, 16, 11, 4, 2, 12, 8, 20, 15, 7, 19, 5, 17, 1]
-- 2019-01-06 10:18summary result data
OFV: 16370.0	/ CPU: 1.717	/ department sequence: [9, 13, 17, 5, 19, 18, 16, 14, 2, 4, 11, 8, 12, 15, 20, 7, 6, 10, 3, 1]
-- 2019-01-06 10:18summary result data
OFV: 15549.0	/ CPU: 1.485	/ department sequence: [1, 17, 13, 5, 6, 7, 20, 8, 12, 11, 4, 16, 15, 2, 14, 19, 10, 18, 3, 9]
-- 2019-01-06 10:18summary result data
OFV: 15854.0	/ CPU: 1.84	/ department sequence: [1, 17, 3, 18, 10, 5, 6, 7, 8, 12, 11, 4, 14, 2, 16, 15, 20, 19, 13, 9]
-- 2019-01-06 10:18summary result data
OFV: 15549.0	/ CPU: 1.464	/ department sequence: [9, 3, 18, 10, 19, 14, 2, 15, 16, 4, 11, 12, 8, 20, 7, 6, 5, 13, 17, 1]
-- 2019-01-06 10:18summary result data
OFV: 15549.0	/ CPU: 1.685	/ department sequence: [9, 3, 18, 10, 19, 14, 2, 15, 16, 4, 11, 12, 8, 20, 7, 6, 5, 13, 17, 1]
-- 2019-01-06 10:18summary result data
OFV: 15549.0	/ CPU: 1.435	/ department sequence: [9, 3, 18, 10, 19, 14, 2, 15, 16, 4, 11, 12, 8, 20, 7, 6, 5, 13, 17, 1]
-- 2019-01-06 10:18summary result data
OFV: 15934.0	/ CPU: 1.454	/ department sequence: [1, 3, 9, 13, 6, 10, 5, 7, 16, 11, 14, 12, 8, 20, 2, 4, 15, 18, 19, 17]
-- H_20 result
--------------------------------------------
HostNestNum = 10, P_a = 0.0
--------------------------------------------
-- 2019-01-14 14:44 result data
OFV: 16410.0	/ CPU: 3.015 seconds 	/ department sequence: [1, 17, 19, 16, 15, 4, 2, 14, 11, 7, 12, 8, 18, 20, 10, 5, 6, 3, 13, 9]
OFV: 16896.0	/ CPU: 1.484 seconds 	/ department sequence: [1, 3, 19, 10, 14, 15, 2, 12, 7, 18, 20, 4, 8, 11, 16, 6, 5, 9, 13, 17]
OFV: 16499.0	/ CPU: 2.344 seconds 	/ department sequence: [1, 17, 5, 7, 6, 20, 15, 12, 8, 10, 11, 4, 2, 16, 18, 14, 19, 3, 13, 9]
OFV: 16351.0	/ CPU: 2.624 seconds 	/ department sequence: [17, 9, 19, 15, 18, 16, 14, 2, 4, 11, 8, 12, 20, 10, 7, 5, 6, 13, 3, 1]
OFV: 17735.0	/ CPU: 0.906 seconds 	/ department sequence: [1, 3, 18, 19, 15, 7, 8, 20, 12, 2, 4, 11, 10, 6, 5, 16, 17, 14, 13, 9]
OFV: 16751.0	/ CPU: 1.828 seconds 	/ department sequence: [9, 13, 3, 6, 5, 18, 10, 20, 19, 2, 15, 4, 8, 12, 7, 14, 11, 16, 17, 1]
OFV: 17317.0	/ CPU: 1.421 seconds 	/ department sequence: [13, 18, 15, 17, 19, 4, 2, 14, 20, 8, 16, 12, 11, 7, 5, 6, 10, 9, 3, 1]
OFV: 17129.0	/ CPU: 1.781 seconds 	/ department sequence: [13, 6, 5, 19, 17, 16, 8, 11, 4, 20, 15, 2, 7, 12, 10, 14, 18, 9, 3, 1]
OFV: 17778.0	/ CPU: 1.376 seconds 	/ department sequence: [1, 3, 9, 10, 16, 11, 5, 6, 7, 8, 14, 12, 2, 4, 15, 18, 13, 17, 20, 19]
OFV: 16533.0	/ CPU: 0.891 seconds 	/ department sequence: [1, 3, 10, 18, 17, 19, 15, 16, 14, 2, 4, 11, 20, 12, 8, 7, 5, 6, 9, 13]
-- H_20 result
--------------------------------------------
HostNestNum = 10, P_a = 0.0
--------------------------------------------
-- 2019-01-14 14:50 result data
OFV: 17182.0	/ CPU: 1.812 seconds 	/ department sequence: [1, 9, 16, 13, 5, 7, 6, 10, 20, 12, 14, 11, 2, 4, 17, 8, 15, 18, 19, 3]
OFV: 17660.0	/ CPU: 1.843 seconds 	/ department sequence: [1, 3, 9, 10, 14, 15, 16, 8, 19, 12, 2, 11, 4, 7, 20, 17, 18, 6, 5, 13]
-- H_20 result
--------------------------------------------
HostNestNum = 10, P_a = 0.0
--------------------------------------------
-- 2019-01-14 14:51 result data
OFV: 17213.0	/ CPU: 1.266 seconds 	/ department sequence: [13, 9, 3, 6, 5, 19, 10, 2, 12, 4, 14, 11, 8, 7, 16, 18, 15, 20, 17, 1]
OFV: 17189.0	/ CPU: 2.171 seconds 	/ department sequence: [1, 3, 9, 14, 13, 16, 6, 5, 10, 7, 12, 8, 11, 2, 4, 15, 20, 19, 18, 17]
OFV: 17418.0	/ CPU: 0.969 seconds 	/ department sequence: [1, 15, 19, 17, 16, 8, 11, 4, 20, 7, 12, 2, 5, 6, 14, 10, 9, 13, 18, 3]
OFV: 17524.0	/ CPU: 1.218 seconds 	/ department sequence: [19, 17, 13, 5, 6, 7, 4, 2, 14, 20, 11, 18, 8, 12, 16, 15, 10, 9, 3, 1]
-- H_20 result
--------------------------------------------
HostNestNum = 10, P_a = 0.0
--------------------------------------------
-- 2019-01-14 15:00 result data
OFV: 15549.0	/ CPU: 1.281 seconds 	/ department sequence: [9, 3, 18, 10, 19, 14, 2, 15, 16, 4, 11, 12, 8, 20, 7, 6, 5, 13, 17, 1]
OFV: 15549.0	/ CPU: 1.078 seconds 	/ department sequence: [9, 3, 18, 10, 19, 14, 2, 15, 16, 4, 11, 12, 8, 20, 7, 6, 5, 13, 17, 1]
OFV: 15549.0	/ CPU: 1.984 seconds 	/ department sequence: [9, 3, 18, 10, 19, 14, 2, 15, 16, 4, 11, 12, 8, 20, 7, 6, 5, 13, 17, 1]
OFV: 15673.0	/ CPU: 1.000 seconds 	/ department sequence: [9, 13, 3, 6, 10, 18, 19, 14, 2, 15, 20, 12, 8, 4, 11, 16, 7, 5, 17, 1]
OFV: 15816.0	/ CPU: 1.078 seconds 	/ department sequence: [9, 13, 3, 6, 10, 18, 14, 16, 11, 8, 12, 2, 4, 20, 15, 7, 19, 5, 17, 1]
OFV: 15927.0	/ CPU: 1.078 seconds 	/ department sequence: [1, 3, 9, 13, 6, 10, 5, 7, 16, 11, 14, 12, 2, 4, 20, 8, 15, 18, 19, 17]
OFV: 15854.0	/ CPU: 1.062 seconds 	/ department sequence: [9, 13, 19, 20, 15, 16, 2, 14, 4, 11, 12, 8, 7, 6, 5, 10, 18, 3, 17, 1]
OFV: 15549.0	/ CPU: 1.062 seconds 	/ department sequence: [1, 17, 13, 5, 6, 7, 20, 8, 12, 11, 4, 16, 15, 2, 14, 19, 10, 18, 3, 9]
OFV: 15816.0	/ CPU: 1.094 seconds 	/ department sequence: [9, 13, 3, 6, 10, 18, 14, 16, 11, 8, 12, 2, 4, 20, 15, 7, 19, 5, 17, 1]
OFV: 15796.0	/ CPU: 1.359 seconds 	/ department sequence: [9, 13, 3, 6, 5, 10, 18, 19, 14, 2, 16, 4, 11, 12, 8, 15, 20, 7, 17, 1]
-- H_20 result
--------------------------------------------
HostNestNum = 10, P_a = 0.0
--------------------------------------------
-- 2019-01-14 15:01 result data
-- H_20 result
--------------------------------------------
HostNestNum = 10, P_a = 0.0
--------------------------------------------
-- 2019-01-14 15:04 result data
OFV: 16039.0	/ CPU: 1.234 seconds 	/ department sequence: [17, 13, 5, 6, 19, 7, 20, 4, 2, 15, 8, 12, 11, 14, 16, 18, 10, 9, 3, 1]
OFV: 16598.0	/ CPU: 2.672 seconds 	/ department sequence: [1, 17, 3, 18, 10, 5, 19, 14, 2, 4, 16, 11, 12, 8, 15, 7, 6, 13, 20, 9]
OFV: 17104.0	/ CPU: 1.906 seconds 	/ department sequence: [1, 7, 20, 15, 18, 4, 2, 14, 12, 19, 11, 16, 8, 10, 5, 6, 17, 3, 13, 9]
OFV: 15927.0	/ CPU: 1.890 seconds 	/ department sequence: [17, 19, 18, 15, 8, 20, 4, 2, 12, 14, 11, 16, 7, 5, 10, 6, 13, 9, 3, 1]
OFV: 16109.0	/ CPU: 1.203 seconds 	/ department sequence: [9, 13, 3, 17, 6, 5, 10, 18, 19, 14, 2, 4, 16, 11, 12, 8, 15, 20, 7, 1]
OFV: 16109.0	/ CPU: 1.234 seconds 	/ department sequence: [9, 13, 3, 17, 6, 5, 10, 18, 19, 14, 2, 4, 16, 11, 12, 8, 15, 20, 7, 1]
OFV: 15971.0	/ CPU: 0.812 seconds 	/ department sequence: [1, 3, 9, 13, 6, 10, 5, 7, 20, 12, 8, 11, 16, 14, 2, 4, 15, 18, 19, 17]
OFV: 15854.0	/ CPU: 0.765 seconds 	/ department sequence: [1, 17, 3, 18, 10, 5, 6, 7, 8, 12, 11, 4, 14, 2, 16, 15, 20, 19, 13, 9]
OFV: 15685.0	/ CPU: 1.016 seconds 	/ department sequence: [9, 13, 3, 6, 10, 18, 19, 14, 2, 15, 12, 20, 8, 4, 11, 16, 7, 5, 17, 1]
OFV: 15603.0	/ CPU: 1.171 seconds 	/ department sequence: [1, 17, 13, 5, 6, 7, 20, 8, 12, 11, 4, 16, 15, 2, 14, 18, 10, 19, 3, 9]
-- H_20 result
--------------------------------------------
HostNestNum = 10, P_a = 0.0
--------------------------------------------
-- 2019-01-14 15:11 result data
-- H_20 result
--------------------------------------------
HostNestNum = 10, P_a = 0.0
--------------------------------------------
-- 2019-01-14 15:16 result data
-- H_20 result
--------------------------------------------
HostNestNum = 10, P_a = 0.0
--------------------------------------------
-- 2019-01-14 15:18 result data
-- H_20 result
--------------------------------------------
HostNestNum = 10, P_a = 0.0
--------------------------------------------
-- 2019-01-14 15:19 result data
-- H_20 result
--------------------------------------------
HostNestNum = 10, P_a = 0.0
--------------------------------------------
-- 2019-01-14 15:19 result data
OFV: 16052.0	/ CPU: 1.203 seconds 	/ department sequence: [1, 3, 9, 10, 18, 16, 14, 11, 12, 7, 2, 4, 15, 8, 20, 19, 6, 5, 13, 17]
OFV: 15795.0	/ CPU: 1.046 seconds 	/ department sequence: [9, 13, 3, 6, 10, 18, 14, 16, 11, 4, 2, 12, 8, 20, 15, 7, 19, 5, 17, 1]
OFV: 15978.0	/ CPU: 1.016 seconds 	/ department sequence: [1, 17, 3, 18, 10, 16, 11, 8, 14, 12, 4, 2, 15, 7, 20, 19, 6, 5, 13, 9]
OFV: 15673.0	/ CPU: 1.078 seconds 	/ department sequence: [9, 13, 3, 6, 10, 18, 19, 14, 2, 15, 20, 12, 8, 4, 11, 16, 7, 5, 17, 1]
-- H_20 result
--------------------------------------------
HostNestNum = 10, P_a = 0.0
--------------------------------------------
-- 2019-01-22 16:04 result data
OFV: 15673.0	/ CPU: 30.995 seconds 	/ department sequence: [9, 13, 3, 6, 10, 18, 19, 14, 2, 15, 20, 12, 8, 4, 11, 16, 7, 5, 17, 1]
-- H_20 result
--------------------------------------------
HostNestNum = 10, P_a = 0.0
--------------------------------------------
-- 2019-01-22 21:31 result data
OFV: 15935.0	/ CPU: 62.928 seconds 	/ department sequence: [9, 13, 5, 6, 7, 20, 16, 11, 4, 8, 12, 2, 14, 15, 19, 10, 18, 3, 17, 1]
-- H_20 result
--------------------------------------------
HostNestNum = 10, P_a = 0.0
--------------------------------------------
-- 2019-01-22 21:33 result data
-- H_20 result
--------------------------------------------
HostNestNum = 10, P_a = 0.0
--------------------------------------------
-- 2019-01-22 21:33 result data
OFV: 15549.0	/ CPU: 36.694 seconds 	/ department sequence: [1, 17, 13, 5, 6, 7, 20, 8, 12, 11, 4, 16, 15, 2, 14, 19, 10, 18, 3, 9]
-- H_20 result
--------------------------------------------
HostNestNum = 10, P_a = 0.0
--------------------------------------------
-- 2019-01-22 21:36 result data
OFV: 15948.0	/ CPU: 4.579 seconds 	/ department sequence: [9, 13, 3, 6, 5, 10, 18, 7, 14, 12, 2, 4, 11, 16, 20, 8, 15, 19, 17, 1]
-- H_20 result
--------------------------------------------
HostNestNum = 10, P_a = 0.0
--------------------------------------------
-- 2019-01-22 21:55 result data
OFV: 15943.0	/ CPU: 2.712 seconds 	/ department sequence: [1, 17, 5, 19, 7, 16, 11, 4, 2, 14, 12, 15, 8, 20, 18, 10, 6, 3, 13, 9]
-- H_20 result
--------------------------------------------
HostNestNum = 10, P_a = 0.0
--------------------------------------------
-- 2019-01-23 00:41 result data
OFV: 15549.0	/ CPU: 2.423 seconds 	/ department sequence: [9, 3, 18, 10, 19, 14, 2, 15, 16, 4, 11, 12, 8, 20, 7, 6, 5, 13, 17, 1]
-- H_20 result
--------------------------------------------
HostNestNum = 10, P_a = 0.0
--------------------------------------------
-- 2019-01-24 21:36 result data
OFV: 15673.0	/ CPU: 4.992 seconds 	/ department sequence: [9, 13, 3, 6, 10, 18, 19, 14, 2, 15, 20, 12, 8, 4, 11, 16, 7, 5, 17, 1]
-- H_20 result
--------------------------------------------
HostNestNum = 10, P_a = 0.0
--------------------------------------------
-- 2019-01-24 21:39 result data
OFV: 16029.0	/ CPU: 4.131 seconds 	/ department sequence: [9, 13, 19, 6, 20, 15, 7, 4, 2, 12, 14, 16, 11, 8, 5, 10, 18, 3, 17, 1]
-- H_20 result
--------------------------------------------
HostNestNum = 10, P_a = 0.0
--------------------------------------------
-- 2019-01-24 21:40 result data
OFV: 15868.0	/ CPU: 3.904 seconds 	/ department sequence: [1, 17, 3, 18, 10, 5, 6, 7, 12, 14, 2, 4, 11, 16, 8, 15, 20, 19, 13, 9]
-- H_20 result
--------------------------------------------
HostNestNum = 10, P_a = 0.0
--------------------------------------------
-- 2019-01-24 22:48 result data
-- H_20 result
--------------------------------------------
HostNestNum = 10, P_a = 0.0
--------------------------------------------
-- 2019-01-24 22:48 result data
-- H_20 result
--------------------------------------------
HostNestNum = 10, P_a = 0.0
--------------------------------------------
-- 2019-01-24 22:50 result data
OFV: 15896.0	/ CPU: 149.601 seconds 	/ department sequence: [1, 17, 3, 18, 10, 5, 6, 7, 11, 4, 16, 2, 14, 12, 8, 15, 20, 19, 13, 9]
-- H_20 result
--------------------------------------------
HostNestNum = 10, P_a = 0.0
--------------------------------------------
-- 2019-01-24 22:58 result data
-- H_20 result
--------------------------------------------
HostNestNum = 10, P_a = 0.0
--------------------------------------------
-- 2019-01-24 22:58 result data
-- H_20 result
--------------------------------------------
HostNestNum = 10, P_a = 0.0
--------------------------------------------
-- 2019-01-24 23:03 result data
-- H_20 result
--------------------------------------------
HostNestNum = 10, P_a = 0.0
--------------------------------------------
-- 2019-01-24 23:04 result data
OFV: 16052.0	/ CPU: 200.408 seconds 	/ department sequence: [1, 3, 9, 10, 18, 16, 14, 11, 12, 7, 2, 4, 15, 8, 20, 19, 6, 5, 13, 17]
-- H_20 result
--------------------------------------------
HostNestNum = 10, P_a = 0.0
--------------------------------------------
-- 2019-01-24 23:10 result data
OFV: 15673.0	/ CPU: 26.169 seconds 	/ department sequence: [9, 13, 3, 6, 10, 18, 19, 14, 2, 15, 20, 12, 8, 4, 11, 16, 7, 5, 17, 1]
-- H_20 result
--------------------------------------------
HostNestNum = 10, P_a = 0.0
--------------------------------------------
-- 2019-01-25 10:13 result data
-- H_20 result
--------------------------------------------
HostNestNum = 10, P_a = 0.0
--------------------------------------------
-- 2019-01-25 10:16 result data
-- H_20 result
--------------------------------------------
HostNestNum = 10, P_a = 0.0
--------------------------------------------
-- 2019-01-25 10:24 result data
-- H_20 result
--------------------------------------------
HostNestNum = 10, P_a = 0.0
--------------------------------------------
-- 2019-01-25 10:27 result data
-- H_20 result
--------------------------------------------
HostNestNum = 10, P_a = 0.0
--------------------------------------------
-- 2019-01-25 10:30 result data
-- H_20 result
--------------------------------------------
HostNestNum = 10, P_a = 0.0
--------------------------------------------
-- 2019-01-25 10:37 result data
-- H_20 result
--------------------------------------------
HostNestNum = 10, P_a = 0.0
--------------------------------------------
-- 2019-01-25 10:42 result data
-- H_20 result
--------------------------------------------
HostNestNum = 10, P_a = 0.0
--------------------------------------------
-- 2019-01-25 10:49 result data
-- H_20 result
--------------------------------------------
HostNestNum = 10, P_a = 0.0
--------------------------------------------
-- 2019-01-25 10:51 result data
-- H_20 result
--------------------------------------------
HostNestNum = 10, P_a = 0.0
--------------------------------------------
-- 2019-01-25 10:57 result data
-- H_20 result
--------------------------------------------
HostNestNum = 10, P_a = 0.0
--------------------------------------------
-- 2019-01-25 11:00 result data
-- H_20 result
--------------------------------------------
HostNestNum = 10, P_a = 0.0
--------------------------------------------
-- 2019-01-25 11:03 result data
-- H_20 result
--------------------------------------------
HostNestNum = 10, P_a = 0.0
--------------------------------------------
-- 2019-01-25 11:06 result data
-- H_20 result
--------------------------------------------
HostNestNum = 10, P_a = 0.0
--------------------------------------------
-- 2019-01-25 11:10 result data
-- H_20 result
--------------------------------------------
HostNestNum = 10, P_a = 0.0
--------------------------------------------
-- 2019-01-25 11:18 result data
-- H_20 result
--------------------------------------------
HostNestNum = 10, P_a = 0.0
--------------------------------------------
-- 2019-01-25 11:27 result data
OFV: 15919.0	/ CPU: 58.887 seconds 	/ department sequence: [9, 13, 3, 6, 10, 19, 20, 15, 2, 14, 12, 8, 4, 11, 16, 18, 7, 5, 17, 1]
-- H_20 result
--------------------------------------------
HostNestNum = 10, P_a = 0.0
--------------------------------------------
-- 2019-01-25 11:31 result data
-- H_20 result
--------------------------------------------
HostNestNum = 10, P_a = 0.0
--------------------------------------------
-- 2019-01-25 11:31 result data
-- H_20 result
--------------------------------------------
HostNestNum = 10, P_a = 0.0
--------------------------------------------
-- 2019-01-25 11:32 result data
-- H_20 result
--------------------------------------------
HostNestNum = 10, P_a = 0.0
--------------------------------------------
-- 2019-01-25 11:35 result data
-- H20 result
--------------------------------------------
HostNestNum = 10, P_a = 0.0
--------------------------------------------
-- 2020-03-11 03:48 result data
OFV: 15588.0	/ CPU: 27.305 seconds 	/ department sequence: [13, 9, 3, 18, 10, 6, 19, 14, 15, 20, 12, 16, 2, 4, 11, 8, 7, 17, 5, 1]
OFV: 15659.0	/ CPU: 13.115 seconds 	/ department sequence: [9, 13, 19, 20, 15, 2, 4, 11, 16, 14, 12, 8, 7, 10, 3, 6, 18, 5, 17, 1]
-- H20 result
--------------------------------------------
HostNestNum = 10, P_a = 0.0
--------------------------------------------
-- 2020-03-11 12:13 result data
OFV: 15927.0	/ CPU: 18.032 seconds 	/ department sequence: [1, 3, 9, 13, 6, 10, 5, 7, 16, 11, 14, 12, 2, 4, 20, 8, 15, 18, 19, 17]
OFV: 15935.0	/ CPU: 16.212 seconds 	/ department sequence: [1, 17, 3, 18, 10, 19, 15, 14, 2, 12, 8, 4, 11, 16, 20, 7, 6, 5, 13, 9]
OFV: 15795.0	/ CPU: 21.748 seconds 	/ department sequence: [9, 13, 3, 6, 10, 18, 14, 16, 11, 4, 2, 12, 8, 20, 15, 7, 19, 5, 17, 1]
OFV: 15935.0	/ CPU: 23.313 seconds 	/ department sequence: [9, 13, 5, 6, 7, 20, 16, 11, 4, 8, 12, 2, 14, 15, 19, 10, 18, 3, 17, 1]
OFV: 15549.0	/ CPU: 1.741 seconds 	/ department sequence: [1, 17, 13, 5, 6, 7, 20, 8, 12, 11, 4, 15, 16, 2, 14, 19, 10, 18, 3, 9]
OFV: 15978.0	/ CPU: 18.395 seconds 	/ department sequence: [9, 13, 5, 6, 19, 20, 7, 15, 2, 4, 12, 14, 8, 11, 16, 10, 18, 3, 17, 1]
OFV: 15948.0	/ CPU: 28.291 seconds 	/ department sequence: [9, 13, 3, 6, 5, 10, 18, 7, 14, 12, 2, 4, 11, 16, 20, 8, 15, 19, 17, 1]
OFV: 15673.0	/ CPU: 18.116 seconds 	/ department sequence: [1, 17, 5, 7, 16, 11, 4, 8, 12, 20, 15, 2, 14, 19, 18, 10, 6, 3, 13, 9]
-- H20 result
--------------------------------------------
HostNestNum = 10, P_a = 0.0
--------------------------------------------
-- 2020-03-11 12:47 result data
OFV: 15574.0	/ CPU: 30.233 seconds 	/ department sequence: [9, 3, 18, 10, 14, 19, 16, 2, 12, 15, 11, 8, 20, 4, 7, 6, 13, 5, 17, 1]
OFV: 15549.0	/ CPU: 18.744 seconds 	/ department sequence: [1, 17, 13, 5, 6, 7, 20, 8, 12, 11, 4, 16, 15, 2, 14, 19, 10, 18, 3, 9]
OFV: 15549.0	/ CPU: 1.310 seconds 	/ department sequence: [1, 17, 13, 5, 6, 7, 20, 8, 12, 11, 4, 16, 15, 2, 14, 19, 10, 18, 3, 9]
OFV: 15554.0	/ CPU: 36.735 seconds 	/ department sequence: [1, 7, 17, 16, 11, 8, 12, 4, 15, 2, 20, 14, 18, 10, 5, 19, 6, 13, 3, 9]
OFV: 15578.0	/ CPU: 18.961 seconds 	/ department sequence: [1, 17, 5, 3, 7, 18, 10, 6, 8, 4, 11, 12, 2, 14, 16, 15, 20, 19, 13, 9]
OFV: 15549.0	/ CPU: 4.800 seconds 	/ department sequence: [1, 17, 13, 5, 6, 20, 7, 11, 8, 4, 16, 12, 15, 2, 14, 19, 10, 18, 3, 9]
OFV: 15578.0	/ CPU: 20.023 seconds 	/ department sequence: [1, 17, 5, 7, 16, 11, 4, 20, 8, 15, 12, 19, 2, 14, 18, 6, 10, 3, 13, 9]
OFV: 15574.0	/ CPU: 20.445 seconds 	/ department sequence: [9, 3, 18, 19, 15, 2, 14, 10, 16, 11, 4, 8, 12, 7, 20, 6, 5, 13, 17, 1]
OFV: 15572.0	/ CPU: 53.653 seconds 	/ department sequence: [1, 17, 6, 13, 7, 8, 5, 11, 4, 2, 20, 14, 16, 12, 15, 19, 18, 10, 3, 9]
OFV: 15551.0	/ CPU: 52.573 seconds 	/ department sequence: [3, 9, 18, 19, 14, 10, 2, 4, 11, 16, 12, 8, 15, 20, 7, 17, 6, 5, 13, 1]
