-- H_20 result
--------------------------------------------
HostNestNum = 150, P_a = 0.4
--------------------------------------------
-- 2019-01-06 11:42summary result data
OFV: 15796.0	/ CPU: 51.601	/ department sequence: [1, 17, 7, 20, 15, 8, 12, 11, 4, 16, 2, 14, 19, 18, 10, 5, 6, 3, 13, 9]
-- 2019-01-06 11:44summary result data
OFV: 15927.0	/ CPU: 114.354	/ department sequence: [17, 19, 18, 15, 8, 20, 4, 2, 12, 14, 11, 16, 7, 5, 10, 6, 13, 9, 3, 1]
-- 2019-01-06 11:45summary result data
OFV: 15673.0	/ CPU: 66.342	/ department sequence: [9, 13, 3, 6, 10, 18, 19, 14, 2, 15, 20, 12, 8, 4, 11, 16, 7, 5, 17, 1]
-- 2019-01-06 11:46summary result data
OFV: 15795.0	/ CPU: 48.157	/ department sequence: [9, 13, 3, 6, 10, 18, 14, 16, 11, 4, 2, 12, 8, 20, 15, 7, 19, 5, 17, 1]
-- 2019-01-06 11:47summary result data
OFV: 15868.0	/ CPU: 58.701	/ department sequence: [1, 17, 3, 18, 10, 5, 6, 7, 12, 14, 2, 4, 11, 16, 8, 15, 20, 19, 13, 9]
-- 2019-01-06 11:48summary result data
OFV: 15838.0	/ CPU: 51.439	/ department sequence: [9, 13, 3, 6, 5, 10, 18, 14, 16, 11, 2, 4, 12, 8, 20, 15, 7, 19, 17, 1]
-- 2019-01-06 11:49summary result data
OFV: 15795.0	/ CPU: 56.539	/ department sequence: [1, 17, 5, 19, 7, 15, 20, 8, 12, 2, 4, 11, 16, 14, 18, 10, 6, 3, 13, 9]
-- 2019-01-06 11:50summary result data
OFV: 15948.0	/ CPU: 48.255	/ department sequence: [1, 17, 19, 15, 8, 20, 16, 11, 4, 2, 12, 14, 7, 18, 10, 5, 6, 3, 13, 9]
-- 2019-01-06 11:51summary result data
OFV: 15935.0	/ CPU: 59.315	/ department sequence: [9, 13, 5, 6, 7, 20, 16, 11, 4, 8, 12, 2, 14, 15, 19, 10, 18, 3, 17, 1]
-- 2019-01-06 11:52summary result data
OFV: 15896.0	/ CPU: 50.242	/ department sequence: [1, 17, 3, 18, 10, 5, 6, 7, 11, 4, 16, 2, 14, 12, 8, 15, 20, 19, 13, 9]
