-- H_20 result
--------------------------------------------
HostNestNum = 100, P_a = 0.05
--------------------------------------------
-- 2019-01-06 10:53summary result data
OFV: 15927.0	/ CPU: 6.167	/ department sequence: [1, 3, 9, 13, 6, 10, 5, 7, 16, 11, 14, 12, 2, 4, 20, 8, 15, 18, 19, 17]
-- 2019-01-06 10:53summary result data
OFV: 15978.0	/ CPU: 5.547	/ department sequence: [9, 13, 5, 6, 19, 20, 7, 15, 2, 4, 12, 14, 8, 11, 16, 10, 18, 3, 17, 1]
-- 2019-01-06 10:53summary result data
OFV: 15549.0	/ CPU: 5.366	/ department sequence: [1, 17, 13, 5, 6, 7, 20, 8, 12, 11, 4, 16, 15, 2, 14, 19, 10, 18, 3, 9]
-- 2019-01-06 10:53summary result data
OFV: 15935.0	/ CPU: 5.448	/ department sequence: [9, 13, 5, 6, 7, 20, 16, 11, 4, 8, 12, 2, 14, 15, 19, 10, 18, 3, 17, 1]
-- 2019-01-06 10:53summary result data
OFV: 15868.0	/ CPU: 5.738	/ department sequence: [9, 13, 19, 20, 15, 8, 16, 11, 4, 2, 14, 12, 7, 6, 5, 10, 18, 3, 17, 1]
-- 2019-01-06 10:53summary result data
OFV: 15948.0	/ CPU: 5.997	/ department sequence: [1, 17, 19, 15, 8, 20, 16, 11, 4, 2, 12, 14, 7, 18, 10, 5, 6, 3, 13, 9]
-- 2019-01-06 10:53summary result data
OFV: 15927.0	/ CPU: 5.824	/ department sequence: [17, 19, 18, 15, 8, 20, 4, 2, 12, 14, 11, 16, 7, 5, 10, 6, 13, 9, 3, 1]
-- 2019-01-06 10:53summary result data
OFV: 15838.0	/ CPU: 6.228	/ department sequence: [9, 13, 3, 6, 5, 10, 18, 14, 16, 11, 2, 4, 12, 8, 20, 15, 7, 19, 17, 1]
-- 2019-01-06 10:54summary result data
OFV: 15854.0	/ CPU: 6.415	/ department sequence: [9, 13, 19, 16, 15, 20, 2, 14, 4, 11, 12, 8, 7, 6, 5, 10, 18, 3, 17, 1]
-- 2019-01-06 10:54summary result data
OFV: 15971.0	/ CPU: 5.816	/ department sequence: [1, 3, 9, 13, 6, 10, 5, 7, 20, 12, 8, 11, 16, 14, 2, 4, 15, 18, 19, 17]
