-- H_20 result
--------------------------------------------
HostNestNum = 5, P_a = 0.5
--------------------------------------------
-- 2019-01-06 10:17summary result data
OFV: 15549.0	/ CPU: 4.524	/ department sequence: [1, 17, 13, 5, 6, 7, 20, 8, 12, 11, 4, 16, 15, 2, 14, 19, 10, 18, 3, 9]
-- 2019-01-06 10:17summary result data
OFV: 15929.0	/ CPU: 4.742	/ department sequence: [1, 3, 10, 18, 19, 15, 14, 2, 16, 11, 4, 12, 8, 20, 7, 6, 5, 17, 13, 9]
-- 2019-01-06 10:17summary result data
OFV: 15967.0	/ CPU: 4.351	/ department sequence: [1, 17, 3, 18, 10, 5, 6, 7, 8, 12, 20, 15, 2, 14, 4, 11, 16, 19, 13, 9]
-- 2019-01-06 10:17summary result data
OFV: 15854.0	/ CPU: 4.749	/ department sequence: [1, 17, 3, 18, 10, 5, 6, 7, 8, 12, 11, 4, 14, 2, 20, 15, 16, 19, 13, 9]
-- 2019-01-06 10:17summary result data
OFV: 15673.0	/ CPU: 7.778	/ department sequence: [9, 13, 3, 6, 10, 18, 19, 14, 2, 15, 20, 12, 8, 4, 11, 16, 7, 5, 17, 1]
-- 2019-01-06 10:17summary result data
OFV: 15948.0	/ CPU: 4.104	/ department sequence: [9, 13, 3, 6, 5, 10, 18, 7, 14, 12, 2, 4, 11, 16, 20, 8, 15, 19, 17, 1]
-- 2019-01-06 10:18summary result data
OFV: 15549.0	/ CPU: 4.369	/ department sequence: [9, 3, 18, 10, 19, 14, 2, 15, 16, 4, 11, 12, 8, 20, 7, 6, 5, 13, 17, 1]
-- 2019-01-06 10:18summary result data
OFV: 15549.0	/ CPU: 5.445	/ department sequence: [1, 17, 13, 5, 6, 7, 20, 8, 12, 11, 4, 16, 15, 2, 14, 19, 10, 18, 3, 9]
-- 2019-01-06 10:18summary result data
OFV: 16052.0	/ CPU: 4.265	/ department sequence: [1, 3, 9, 10, 18, 16, 14, 11, 12, 7, 2, 4, 15, 8, 20, 19, 6, 5, 13, 17]
-- 2019-01-06 10:18summary result data
OFV: 16194.0	/ CPU: 3.893	/ department sequence: [17, 19, 5, 18, 10, 15, 2, 14, 4, 12, 8, 11, 16, 20, 7, 6, 13, 9, 3, 1]
