-- H_20 result
--------------------------------------------
HostNestNum = 30, P_a = 0.25
--------------------------------------------
-- 2019-01-22 21:58 result data
OFV: 15935.0	/ CPU: 27.796 seconds 	/ department sequence: [9, 13, 5, 6, 7, 20, 16, 11, 4, 8, 12, 2, 14, 15, 19, 10, 18, 3, 17, 1]
-- H_20 result
--------------------------------------------
HostNestNum = 30, P_a = 0.25
--------------------------------------------
-- 2019-01-24 21:38 result data
OFV: 15927.0	/ CPU: 2.997 seconds 	/ department sequence: [1, 3, 9, 13, 6, 10, 5, 7, 16, 11, 14, 12, 2, 4, 20, 8, 15, 18, 19, 17]
-- H_20 result
--------------------------------------------
HostNestNum = 30, P_a = 0.25
--------------------------------------------
-- 2019-01-24 21:40 result data
OFV: 15927.0	/ CPU: 2.647 seconds 	/ department sequence: [1, 3, 9, 13, 6, 10, 5, 7, 16, 11, 14, 12, 2, 4, 20, 8, 15, 18, 19, 17]
-- H_20 result
--------------------------------------------
HostNestNum = 30, P_a = 0.25
--------------------------------------------
-- 2019-01-24 21:42 result data
-- H20 result
--------------------------------------------
HostNestNum = 30, P_a = 0.25
--------------------------------------------
-- 2020-03-20 14:54 result data
OFV: 15549.0	/ CPU: 10.943 seconds 	/ department sequence: [1, 17, 13, 5, 6, 7, 20, 8, 12, 11, 4, 16, 15, 2, 14, 19, 10, 18, 3, 9]
-- H20 result
--------------------------------------------
HostNestNum = 30, P_a = 0.25
--------------------------------------------
-- 2020-03-20 14:54 result data
OFV: 15549.0	/ CPU: 13.192 seconds 	/ department sequence: [1, 17, 13, 5, 6, 7, 20, 8, 12, 11, 4, 16, 15, 2, 14, 19, 10, 18, 3, 9]
-- H20 result
--------------------------------------------
HostNestNum = 30, P_a = 0.25
--------------------------------------------
-- 2020-03-20 14:54 result data
OFV: 15549.0	/ CPU: 10.857 seconds 	/ department sequence: [1, 17, 13, 5, 6, 7, 20, 8, 12, 11, 4, 16, 15, 2, 14, 19, 10, 18, 3, 9]
-- H20 result
--------------------------------------------
HostNestNum = 30, P_a = 0.25
--------------------------------------------
-- 2020-03-20 14:54 result data
OFV: 15795.0	/ CPU: 11.161 seconds 	/ department sequence: [9, 13, 3, 6, 10, 18, 14, 16, 11, 4, 2, 12, 8, 20, 15, 7, 19, 5, 17, 1]
-- H20 result
--------------------------------------------
HostNestNum = 30, P_a = 0.25
--------------------------------------------
-- 2020-03-20 14:54 result data
OFV: 15549.0	/ CPU: 10.627 seconds 	/ department sequence: [1, 17, 13, 5, 6, 7, 20, 8, 12, 11, 4, 16, 15, 2, 14, 19, 10, 18, 3, 9]
-- H20 result
--------------------------------------------
HostNestNum = 30, P_a = 0.25
--------------------------------------------
-- 2020-03-20 15:11 result data
OFV: 15549.0	/ CPU: 13.495 seconds 	/ department sequence: [1, 17, 13, 5, 6, 7, 20, 8, 12, 11, 4, 16, 15, 2, 14, 19, 10, 18, 3, 9]
-- H20 result
--------------------------------------------
HostNestNum = 30, P_a = 0.25
--------------------------------------------
-- 2020-03-20 15:11 result data
OFV: 15549.0	/ CPU: 10.381 seconds 	/ department sequence: [1, 17, 13, 5, 6, 7, 20, 8, 12, 11, 4, 16, 15, 2, 14, 19, 10, 18, 3, 9]
-- H20 result
--------------------------------------------
HostNestNum = 30, P_a = 0.25
--------------------------------------------
-- 2020-03-20 15:11 result data
OFV: 15549.0	/ CPU: 9.364 seconds 	/ department sequence: [1, 17, 13, 5, 6, 7, 20, 8, 12, 11, 4, 16, 15, 2, 14, 19, 10, 18, 3, 9]
-- H20 result
--------------------------------------------
HostNestNum = 30, P_a = 0.25
--------------------------------------------
-- 2020-03-20 15:11 result data
OFV: 15549.0	/ CPU: 7.963 seconds 	/ department sequence: [9, 3, 18, 10, 19, 14, 2, 15, 16, 4, 11, 12, 8, 20, 7, 6, 5, 13, 17, 1]
-- H20 result
--------------------------------------------
HostNestNum = 30, P_a = 0.25
--------------------------------------------
-- 2020-03-20 15:11 result data
OFV: 15549.0	/ CPU: 6.502 seconds 	/ department sequence: [1, 17, 13, 5, 6, 7, 20, 8, 12, 11, 4, 16, 15, 2, 14, 19, 10, 18, 3, 9]
-- H20 result
--------------------------------------------
HostNestNum = 30, P_a = 0.25
--------------------------------------------
-- 2020-03-21 17:19 result data
-- H20 result
--------------------------------------------
HostNestNum = 30, P_a = 0.25
--------------------------------------------
-- 2020-03-21 17:23 result data
OFV: 15549.0	/ CPU: 6.358 seconds 	/ department sequence: [1, 17, 13, 5, 6, 7, 20, 8, 12, 11, 4, 16, 15, 2, 14, 19, 10, 18, 3, 9]
OFV: 15549.0	/ CPU: 7.058 seconds 	/ department sequence: [1, 17, 13, 5, 6, 7, 20, 8, 12, 11, 4, 16, 15, 2, 14, 19, 10, 18, 3, 9]
OFV: 15549.0	/ CPU: 6.218 seconds 	/ department sequence: [9, 3, 18, 10, 19, 14, 2, 15, 16, 4, 11, 12, 8, 20, 7, 6, 5, 13, 17, 1]
OFV: 15549.0	/ CPU: 6.957 seconds 	/ department sequence: [9, 3, 18, 10, 19, 14, 2, 15, 16, 4, 11, 12, 8, 20, 7, 6, 5, 13, 17, 1]
OFV: 15549.0	/ CPU: 7.887 seconds 	/ department sequence: [1, 17, 13, 5, 6, 7, 20, 8, 12, 11, 4, 16, 15, 2, 14, 19, 10, 18, 3, 9]
OFV: 15549.0	/ CPU: 9.518 seconds 	/ department sequence: [1, 17, 13, 5, 6, 7, 20, 8, 12, 11, 4, 16, 15, 2, 14, 19, 10, 18, 3, 9]
OFV: 15549.0	/ CPU: 7.057 seconds 	/ department sequence: [1, 17, 13, 5, 6, 7, 20, 8, 12, 11, 4, 16, 15, 2, 14, 19, 10, 18, 3, 9]
OFV: 15549.0	/ CPU: 6.398 seconds 	/ department sequence: [9, 3, 18, 10, 19, 14, 2, 15, 16, 4, 11, 12, 8, 20, 7, 6, 5, 13, 17, 1]
OFV: 15549.0	/ CPU: 6.701 seconds 	/ department sequence: [9, 3, 18, 10, 19, 14, 2, 15, 16, 4, 11, 12, 8, 20, 7, 6, 5, 13, 17, 1]
OFV: 15549.0	/ CPU: 6.108 seconds 	/ department sequence: [1, 17, 13, 5, 6, 7, 20, 8, 12, 11, 4, 16, 15, 2, 14, 19, 10, 18, 3, 9]
-- H20 result
--------------------------------------------
HostNestNum = 30, P_a = 0.25
--------------------------------------------
-- 2020-03-26 23:38 result data
OFV: 15549.0	/ CPU: 1.681 seconds 	/ department sequence: [9, 3, 18, 10, 19, 14, 2, 15, 16, 4, 11, 12, 8, 20, 7, 6, 5, 13, 17, 1]
OFV: 15549.0	/ CPU: 3.756 seconds 	/ department sequence: [9, 3, 18, 10, 19, 14, 2, 15, 16, 4, 11, 12, 8, 20, 7, 6, 5, 13, 17, 1]
OFV: 15549.0	/ CPU: 1.761 seconds 	/ department sequence: [9, 3, 18, 10, 19, 14, 2, 15, 16, 4, 11, 12, 8, 20, 7, 6, 5, 13, 17, 1]
OFV: 15927.0	/ CPU: 1.752 seconds 	/ department sequence: [17, 19, 18, 15, 8, 20, 4, 2, 12, 14, 11, 16, 7, 5, 10, 6, 13, 9, 3, 1]
OFV: 15549.0	/ CPU: 2.051 seconds 	/ department sequence: [1, 17, 13, 5, 6, 7, 20, 8, 12, 11, 4, 16, 15, 2, 14, 19, 10, 18, 3, 9]
-- H20 result
--------------------------------------------
HostNestNum = 30, P_a = 0.25
--------------------------------------------
-- 2020-03-27 00:35 result data
OFV: 15854.0	/ CPU: 3.213 seconds 	/ department sequence: [1, 17, 3, 18, 10, 5, 6, 7, 8, 12, 11, 4, 14, 2, 16, 15, 20, 19, 13, 9]
OFV: 15549.0	/ CPU: 1.841 seconds 	/ department sequence: [9, 3, 18, 10, 19, 14, 2, 15, 16, 4, 11, 12, 8, 20, 7, 6, 5, 13, 17, 1]
OFV: 15927.0	/ CPU: 1.605 seconds 	/ department sequence: [17, 19, 18, 15, 8, 20, 4, 2, 12, 14, 11, 16, 7, 5, 10, 6, 13, 9, 3, 1]
OFV: 15549.0	/ CPU: 1.568 seconds 	/ department sequence: [9, 3, 18, 10, 19, 14, 2, 15, 16, 4, 11, 12, 8, 20, 7, 6, 5, 13, 17, 1]
OFV: 15549.0	/ CPU: 1.659 seconds 	/ department sequence: [1, 17, 13, 5, 6, 7, 20, 8, 12, 11, 4, 16, 15, 2, 14, 19, 10, 18, 3, 9]
-- H20 result
--------------------------------------------
HostNestNum = 30, P_a = 0.25
--------------------------------------------
-- 2020-03-31 11:56 result data
OFV: 15854.0	/ CPU: 2.384 seconds 	/ department sequence: [9, 13, 19, 20, 15, 16, 2, 14, 4, 11, 12, 8, 7, 6, 5, 10, 18, 3, 17, 1]
OFV: 15927.0	/ CPU: 1.768 seconds 	/ department sequence: [1, 3, 9, 13, 6, 10, 5, 7, 16, 11, 14, 12, 2, 4, 20, 8, 15, 18, 19, 17]
OFV: 15549.0	/ CPU: 1.803 seconds 	/ department sequence: [9, 3, 18, 10, 19, 14, 2, 15, 16, 4, 11, 12, 8, 20, 7, 6, 5, 13, 17, 1]
OFV: 15795.0	/ CPU: 2.061 seconds 	/ department sequence: [1, 17, 5, 19, 7, 15, 20, 8, 12, 2, 4, 11, 16, 14, 18, 10, 6, 3, 13, 9]
OFV: 15927.0	/ CPU: 1.720 seconds 	/ department sequence: [17, 19, 18, 15, 8, 20, 4, 2, 12, 14, 11, 16, 7, 5, 10, 6, 13, 9, 3, 1]
