-- H_20 result
--------------------------------------------
HostNestNum = 100, P_a = 0.0
--------------------------------------------
-- 2019-01-06 10:52summary result data
OFV: 15868.0	/ CPU: 1.961	/ department sequence: [9, 13, 19, 20, 15, 8, 16, 11, 4, 2, 14, 12, 7, 6, 5, 10, 18, 3, 17, 1]
-- 2019-01-06 10:52summary result data
OFV: 15549.0	/ CPU: 1.571	/ department sequence: [9, 3, 18, 10, 19, 14, 2, 15, 16, 4, 11, 12, 8, 20, 7, 6, 5, 13, 17, 1]
-- 2019-01-06 10:52summary result data
OFV: 15549.0	/ CPU: 1.664	/ department sequence: [9, 3, 18, 10, 19, 14, 2, 15, 16, 4, 11, 12, 8, 20, 7, 6, 5, 13, 17, 1]
-- 2019-01-06 10:52summary result data
OFV: 15796.0	/ CPU: 1.845	/ department sequence: [1, 17, 7, 20, 15, 8, 12, 11, 4, 16, 2, 14, 19, 18, 10, 5, 6, 3, 13, 9]
-- 2019-01-06 10:52summary result data
OFV: 16052.0	/ CPU: 1.812	/ department sequence: [1, 3, 9, 10, 18, 16, 14, 11, 12, 7, 2, 4, 15, 8, 20, 19, 6, 5, 13, 17]
-- 2019-01-06 10:52summary result data
OFV: 15796.0	/ CPU: 1.548	/ department sequence: [9, 13, 3, 6, 5, 10, 18, 19, 14, 2, 16, 4, 11, 12, 8, 15, 20, 7, 17, 1]
-- 2019-01-06 10:52summary result data
OFV: 15943.0	/ CPU: 2.774	/ department sequence: [1, 17, 5, 19, 7, 16, 11, 4, 2, 14, 12, 15, 8, 20, 18, 10, 6, 3, 13, 9]
-- 2019-01-06 10:52summary result data
OFV: 15935.0	/ CPU: 1.684	/ department sequence: [9, 13, 5, 6, 7, 20, 16, 11, 4, 8, 12, 2, 14, 15, 19, 10, 18, 3, 17, 1]
-- 2019-01-06 10:52summary result data
OFV: 16039.0	/ CPU: 1.575	/ department sequence: [1, 3, 9, 10, 18, 16, 14, 11, 12, 8, 15, 2, 4, 20, 7, 19, 6, 5, 13, 17]
-- 2019-01-06 10:52summary result data
OFV: 15795.0	/ CPU: 1.619	/ department sequence: [9, 13, 3, 6, 10, 18, 14, 16, 11, 4, 2, 12, 8, 20, 15, 7, 19, 5, 17, 1]
