-- H_20 result
--------------------------------------------
HostNestNum = 15, P_a = 0.1
--------------------------------------------
-- 2019-01-06 10:24summary result data
OFV: 15971.0	/ CPU: 3.486	/ department sequence: [1, 3, 9, 13, 6, 10, 5, 7, 20, 12, 8, 11, 16, 14, 2, 4, 15, 18, 19, 17]
-- 2019-01-06 10:24summary result data
OFV: 16057.0	/ CPU: 3.007	/ department sequence: [1, 17, 5, 19, 10, 18, 16, 11, 4, 2, 14, 12, 8, 15, 20, 7, 6, 3, 13, 9]
-- 2019-01-06 10:24summary result data
OFV: 15943.0	/ CPU: 3.133	/ department sequence: [1, 17, 5, 19, 7, 16, 11, 4, 2, 14, 12, 15, 8, 20, 18, 10, 6, 3, 13, 9]
-- 2019-01-06 10:24summary result data
OFV: 15816.0	/ CPU: 3.376	/ department sequence: [9, 13, 3, 6, 10, 18, 14, 16, 11, 8, 12, 2, 4, 20, 15, 7, 19, 5, 17, 1]
-- 2019-01-06 10:24summary result data
OFV: 15971.0	/ CPU: 3.084	/ department sequence: [17, 19, 18, 15, 4, 2, 14, 16, 11, 8, 12, 20, 7, 5, 10, 6, 13, 9, 3, 1]
-- 2019-01-06 10:24summary result data
OFV: 15978.0	/ CPU: 3.59	/ department sequence: [9, 13, 5, 6, 19, 20, 7, 15, 2, 4, 12, 14, 8, 11, 16, 10, 18, 3, 17, 1]
-- 2019-01-06 10:24summary result data
OFV: 16057.0	/ CPU: 3.004	/ department sequence: [9, 13, 3, 6, 7, 20, 15, 8, 12, 14, 2, 4, 11, 16, 18, 10, 19, 5, 17, 1]
-- 2019-01-06 10:25summary result data
OFV: 15673.0	/ CPU: 3.503	/ department sequence: [9, 13, 3, 6, 10, 18, 19, 14, 2, 15, 20, 12, 8, 4, 11, 16, 7, 5, 17, 1]
-- 2019-01-06 10:25summary result data
OFV: 15927.0	/ CPU: 3.162	/ department sequence: [17, 19, 18, 15, 8, 20, 4, 2, 12, 14, 11, 16, 7, 5, 10, 6, 13, 9, 3, 1]
-- 2019-01-06 10:25summary result data
OFV: 15978.0	/ CPU: 4.826	/ department sequence: [9, 13, 5, 6, 19, 20, 7, 15, 2, 4, 12, 14, 8, 11, 16, 10, 18, 3, 17, 1]
