-- H_20 result
--------------------------------------------
HostNestNum = 50, P_a = 0.05
--------------------------------------------
-- 2019-01-06 10:38summary result data
OFV: 16052.0	/ CPU: 3.826	/ department sequence: [1, 3, 9, 10, 18, 16, 14, 11, 12, 7, 2, 4, 15, 8, 20, 19, 6, 5, 13, 17]
-- 2019-01-06 10:38summary result data
OFV: 15927.0	/ CPU: 4.289	/ department sequence: [17, 19, 18, 15, 8, 20, 4, 2, 12, 14, 11, 16, 7, 5, 10, 6, 13, 9, 3, 1]
-- 2019-01-06 10:38summary result data
OFV: 15816.0	/ CPU: 5.176	/ department sequence: [9, 13, 3, 6, 10, 18, 14, 16, 11, 8, 12, 2, 4, 20, 15, 7, 19, 5, 17, 1]
-- 2019-01-06 10:38summary result data
OFV: 16076.0	/ CPU: 4.319	/ department sequence: [9, 13, 3, 6, 7, 20, 8, 12, 11, 4, 16, 14, 2, 15, 18, 10, 19, 5, 17, 1]
-- 2019-01-06 10:38summary result data
OFV: 15963.0	/ CPU: 5.688	/ department sequence: [9, 13, 5, 6, 19, 20, 15, 8, 2, 4, 16, 11, 14, 12, 7, 10, 18, 3, 17, 1]
-- 2019-01-06 10:38summary result data
OFV: 15549.0	/ CPU: 3.895	/ department sequence: [1, 17, 13, 5, 6, 7, 20, 8, 12, 11, 4, 16, 15, 2, 14, 19, 10, 18, 3, 9]
-- 2019-01-06 10:38summary result data
OFV: 15795.0	/ CPU: 4.529	/ department sequence: [1, 17, 5, 19, 7, 15, 20, 8, 12, 2, 4, 11, 16, 14, 18, 10, 6, 3, 13, 9]
-- 2019-01-06 10:38summary result data
OFV: 16007.0	/ CPU: 4.669	/ department sequence: [9, 13, 5, 6, 7, 20, 15, 8, 12, 2, 4, 11, 16, 14, 19, 10, 18, 3, 17, 1]
-- 2019-01-06 10:39summary result data
OFV: 16057.0	/ CPU: 5.383	/ department sequence: [1, 17, 5, 19, 10, 18, 16, 11, 4, 2, 14, 12, 8, 15, 20, 7, 6, 3, 13, 9]
-- 2019-01-06 10:39summary result data
OFV: 15978.0	/ CPU: 6.339	/ department sequence: [1, 17, 3, 18, 10, 16, 11, 8, 14, 12, 4, 2, 15, 7, 20, 19, 6, 5, 13, 9]
