-- H_20 result
--------------------------------------------
HostNestNum = 10, P_a = 0.25
--------------------------------------------
-- 2019-01-06 10:21summary result data
OFV: 15796.0	/ CPU: 3.965	/ department sequence: [1, 17, 7, 20, 15, 8, 12, 11, 4, 16, 2, 14, 19, 18, 10, 5, 6, 3, 13, 9]
-- 2019-01-06 10:21summary result data
OFV: 15927.0	/ CPU: 3.709	/ department sequence: [1, 3, 9, 13, 6, 10, 5, 7, 16, 11, 14, 12, 2, 4, 20, 8, 15, 18, 19, 17]
-- 2019-01-06 10:21summary result data
OFV: 15927.0	/ CPU: 4.17	/ department sequence: [1, 3, 9, 13, 6, 10, 5, 7, 16, 11, 14, 12, 2, 4, 20, 8, 15, 18, 19, 17]
-- 2019-01-06 10:21summary result data
OFV: 15673.0	/ CPU: 4.884	/ department sequence: [1, 17, 5, 7, 16, 11, 4, 8, 12, 20, 15, 2, 14, 19, 18, 10, 6, 3, 13, 9]
-- 2019-01-06 10:21summary result data
OFV: 15927.0	/ CPU: 4.121	/ department sequence: [17, 19, 18, 15, 8, 20, 4, 2, 12, 14, 11, 16, 7, 5, 10, 6, 13, 9, 3, 1]
-- 2019-01-06 10:21summary result data
OFV: 16370.0	/ CPU: 4.917	/ department sequence: [1, 3, 10, 6, 7, 20, 15, 12, 8, 11, 4, 2, 14, 16, 18, 19, 5, 17, 13, 9]
-- 2019-01-06 10:21summary result data
OFV: 15549.0	/ CPU: 4.128	/ department sequence: [1, 17, 13, 5, 6, 7, 20, 8, 12, 11, 4, 16, 15, 2, 14, 19, 10, 18, 3, 9]
-- 2019-01-06 10:21summary result data
OFV: 15673.0	/ CPU: 4.301	/ department sequence: [1, 17, 5, 7, 16, 11, 4, 8, 12, 20, 15, 2, 14, 19, 18, 10, 6, 3, 13, 9]
-- 2019-01-06 10:21summary result data
OFV: 15673.0	/ CPU: 3.901	/ department sequence: [9, 13, 3, 6, 10, 18, 19, 14, 2, 15, 20, 12, 8, 4, 11, 16, 7, 5, 17, 1]
-- 2019-01-06 10:21summary result data
OFV: 15854.0	/ CPU: 3.644	/ department sequence: [1, 17, 3, 18, 10, 5, 6, 7, 8, 12, 11, 4, 14, 2, 16, 15, 20, 19, 13, 9]
-- H_20 result
--------------------------------------------
HostNestNum = 10, P_a = 0.25
--------------------------------------------
-- 2019-01-22 21:37 result data
OFV: 15549.0	/ CPU: 10.615 seconds 	/ department sequence: [1, 17, 13, 5, 6, 7, 20, 8, 12, 11, 4, 16, 15, 2, 14, 19, 10, 18, 3, 9]
-- H_20 result
--------------------------------------------
HostNestNum = 10, P_a = 0.25
--------------------------------------------
-- 2019-01-22 21:56 result data
OFV: 15896.0	/ CPU: 8.078 seconds 	/ department sequence: [1, 17, 3, 18, 10, 5, 6, 7, 11, 4, 16, 2, 14, 12, 8, 15, 20, 19, 13, 9]
-- H_20 result
--------------------------------------------
HostNestNum = 10, P_a = 0.25
--------------------------------------------
-- 2019-01-23 00:41 result data
OFV: 15673.0	/ CPU: 8.202 seconds 	/ department sequence: [9, 13, 3, 6, 10, 18, 19, 14, 2, 15, 20, 12, 8, 4, 11, 16, 7, 5, 17, 1]
-- H_20 result
--------------------------------------------
HostNestNum = 10, P_a = 0.25
--------------------------------------------
-- 2019-01-24 21:37 result data
OFV: 15937.0	/ CPU: 4.609 seconds 	/ department sequence: [1, 17, 3, 18, 10, 19, 15, 14, 2, 4, 16, 11, 12, 8, 20, 7, 6, 5, 13, 9]
-- H_20 result
--------------------------------------------
HostNestNum = 10, P_a = 0.25
--------------------------------------------
-- 2019-01-24 21:39 result data
OFV: 15927.0	/ CPU: 2.617 seconds 	/ department sequence: [1, 3, 9, 13, 6, 10, 5, 7, 16, 11, 14, 12, 2, 4, 20, 8, 15, 18, 19, 17]
-- H_20 result
--------------------------------------------
HostNestNum = 10, P_a = 0.25
--------------------------------------------
-- 2019-01-24 21:41 result data
OFV: 15967.0	/ CPU: 9.295 seconds 	/ department sequence: [1, 17, 3, 18, 10, 5, 6, 7, 8, 12, 20, 15, 2, 14, 4, 11, 16, 19, 13, 9]
