-- H_20 result
--------------------------------------------
HostNestNum = 50, P_a = 0.2
--------------------------------------------
-- 2019-01-06 10:42summary result data
OFV: 15937.0	/ CPU: 9.591	/ department sequence: [9, 13, 5, 6, 7, 20, 8, 12, 11, 16, 4, 2, 14, 15, 19, 10, 18, 3, 17, 1]
-- 2019-01-06 10:42summary result data
OFV: 15549.0	/ CPU: 9.208	/ department sequence: [1, 17, 13, 5, 6, 7, 20, 8, 12, 11, 4, 16, 15, 2, 14, 19, 10, 18, 3, 9]
-- 2019-01-06 10:42summary result data
OFV: 16218.0	/ CPU: 9.75	/ department sequence: [9, 13, 17, 5, 6, 19, 20, 8, 4, 11, 16, 2, 14, 12, 15, 7, 18, 10, 3, 1]
-- 2019-01-06 10:42summary result data
OFV: 15549.0	/ CPU: 9.494	/ department sequence: [9, 3, 18, 10, 19, 14, 2, 15, 16, 4, 11, 12, 8, 20, 7, 6, 5, 13, 17, 1]
-- 2019-01-06 10:42summary result data
OFV: 15673.0	/ CPU: 9.433	/ department sequence: [1, 17, 5, 7, 16, 11, 4, 8, 12, 20, 15, 2, 14, 19, 18, 10, 6, 3, 13, 9]
-- 2019-01-06 10:42summary result data
OFV: 15963.0	/ CPU: 9.083	/ department sequence: [1, 17, 3, 18, 10, 7, 12, 14, 11, 16, 4, 2, 8, 15, 20, 19, 6, 5, 13, 9]
-- 2019-01-06 10:43summary result data
OFV: 15971.0	/ CPU: 9.075	/ department sequence: [1, 3, 9, 13, 6, 10, 5, 7, 20, 12, 8, 11, 16, 14, 2, 4, 15, 18, 19, 17]
-- 2019-01-06 10:43summary result data
OFV: 15673.0	/ CPU: 10.555	/ department sequence: [9, 13, 3, 6, 10, 18, 19, 14, 2, 15, 20, 12, 8, 4, 11, 16, 7, 5, 17, 1]
-- 2019-01-06 10:43summary result data
OFV: 15935.0	/ CPU: 11.541	/ department sequence: [1, 17, 3, 18, 10, 19, 15, 14, 2, 12, 8, 4, 11, 16, 20, 7, 6, 5, 13, 9]
-- 2019-01-06 10:43summary result data
OFV: 15549.0	/ CPU: 9.854	/ department sequence: [9, 3, 18, 10, 19, 14, 2, 15, 16, 4, 11, 12, 8, 20, 7, 6, 5, 13, 17, 1]
-- H_20 result
--------------------------------------------
HostNestNum = 50, P_a = 0.2
--------------------------------------------
-- 2019-01-22 22:00 result data
OFV: 15549.0	/ CPU: 21.148 seconds 	/ department sequence: [9, 3, 18, 10, 19, 14, 2, 15, 16, 4, 11, 12, 8, 20, 7, 6, 5, 13, 17, 1]
-- H_20 result
--------------------------------------------
HostNestNum = 50, P_a = 0.2
--------------------------------------------
-- 2019-01-24 21:38 result data
OFV: 15935.0	/ CPU: 3.431 seconds 	/ department sequence: [9, 13, 5, 6, 7, 20, 16, 11, 4, 8, 12, 2, 14, 15, 19, 10, 18, 3, 17, 1]
