-- H_20 result
--------------------------------------------
HostNestNum = 150, P_a = 0.2
--------------------------------------------
-- 2019-01-06 11:30summary result data
OFV: 15673.0	/ CPU: 35.377	/ department sequence: [1, 17, 5, 7, 16, 11, 4, 8, 12, 20, 15, 2, 14, 19, 18, 10, 6, 3, 13, 9]
-- 2019-01-06 11:31summary result data
OFV: 15795.0	/ CPU: 42.127	/ department sequence: [1, 17, 5, 19, 7, 15, 20, 8, 12, 2, 4, 11, 16, 14, 18, 10, 6, 3, 13, 9]
-- 2019-01-06 11:32summary result data
OFV: 15673.0	/ CPU: 37.206	/ department sequence: [1, 17, 5, 7, 16, 11, 4, 8, 12, 20, 15, 2, 14, 19, 18, 10, 6, 3, 13, 9]
-- 2019-01-06 11:32summary result data
OFV: 15549.0	/ CPU: 24.621	/ department sequence: [9, 3, 18, 10, 19, 14, 2, 15, 16, 4, 11, 12, 8, 20, 7, 6, 5, 13, 17, 1]
-- 2019-01-06 11:33summary result data
OFV: 15549.0	/ CPU: 24.73	/ department sequence: [1, 17, 13, 5, 6, 7, 20, 8, 12, 11, 4, 16, 15, 2, 14, 19, 10, 18, 3, 9]
-- 2019-01-06 11:33summary result data
OFV: 15927.0	/ CPU: 27.889	/ department sequence: [17, 19, 18, 15, 8, 20, 4, 2, 12, 14, 11, 16, 7, 5, 10, 6, 13, 9, 3, 1]
-- 2019-01-06 11:34summary result data
OFV: 15673.0	/ CPU: 31.745	/ department sequence: [1, 17, 5, 7, 16, 11, 4, 8, 12, 20, 15, 2, 14, 19, 18, 10, 6, 3, 13, 9]
-- 2019-01-06 11:34summary result data
OFV: 15549.0	/ CPU: 31.723	/ department sequence: [1, 17, 13, 5, 6, 7, 20, 8, 12, 11, 4, 16, 15, 2, 14, 19, 10, 18, 3, 9]
-- 2019-01-06 11:35summary result data
OFV: 15795.0	/ CPU: 25.095	/ department sequence: [9, 13, 3, 6, 10, 18, 14, 16, 11, 4, 2, 12, 8, 20, 15, 7, 19, 5, 17, 1]
-- 2019-01-06 11:36summary result data
OFV: 16057.0	/ CPU: 62.545	/ department sequence: [1, 17, 5, 19, 10, 18, 16, 11, 4, 2, 14, 12, 8, 15, 20, 7, 6, 3, 13, 9]
