-- H_20 result
--------------------------------------------
HostNestNum = 20, P_a = 0.05
--------------------------------------------
-- 2019-01-06 10:30summary result data
OFV: 15927.0	/ CPU: 2.256	/ department sequence: [17, 19, 18, 15, 8, 20, 4, 2, 12, 14, 11, 16, 7, 5, 10, 6, 13, 9, 3, 1]
-- 2019-01-06 10:30summary result data
OFV: 15673.0	/ CPU: 2.387	/ department sequence: [9, 13, 3, 6, 10, 18, 19, 14, 2, 15, 20, 12, 8, 4, 11, 16, 7, 5, 17, 1]
-- 2019-01-06 10:30summary result data
OFV: 15854.0	/ CPU: 2.943	/ department sequence: [9, 13, 19, 16, 15, 20, 2, 14, 4, 11, 12, 8, 7, 6, 5, 10, 18, 3, 17, 1]
-- 2019-01-06 10:30summary result data
OFV: 16057.0	/ CPU: 2.27	/ department sequence: [9, 13, 3, 6, 7, 20, 15, 8, 12, 14, 2, 4, 11, 16, 18, 10, 19, 5, 17, 1]
-- 2019-01-06 10:30summary result data
OFV: 15796.0	/ CPU: 2.289	/ department sequence: [9, 13, 3, 6, 5, 10, 18, 19, 14, 2, 16, 4, 11, 12, 8, 15, 20, 7, 17, 1]
-- 2019-01-06 10:31summary result data
OFV: 15963.0	/ CPU: 4.544	/ department sequence: [9, 13, 5, 6, 19, 20, 15, 8, 2, 4, 16, 11, 14, 12, 7, 10, 18, 3, 17, 1]
-- 2019-01-06 10:31summary result data
OFV: 15795.0	/ CPU: 2.32	/ department sequence: [1, 17, 5, 19, 7, 15, 20, 8, 12, 2, 4, 11, 16, 14, 18, 10, 6, 3, 13, 9]
-- 2019-01-06 10:31summary result data
OFV: 15549.0	/ CPU: 2.252	/ department sequence: [1, 17, 13, 5, 6, 7, 20, 8, 12, 11, 4, 16, 15, 2, 14, 19, 10, 18, 3, 9]
-- 2019-01-06 10:31summary result data
OFV: 15854.0	/ CPU: 2.38	/ department sequence: [9, 13, 19, 20, 15, 16, 2, 14, 4, 11, 12, 8, 7, 6, 5, 10, 18, 3, 17, 1]
-- 2019-01-06 10:31summary result data
OFV: 15549.0	/ CPU: 4.251	/ department sequence: [9, 3, 18, 10, 19, 14, 2, 15, 16, 4, 11, 12, 8, 20, 7, 6, 5, 13, 17, 1]
