-- H_20 result
--------------------------------------------
HostNestNum = 20, P_a = 0.25
--------------------------------------------
-- 2019-01-06 10:33summary result data
OFV: 15854.0	/ CPU: 6.118	/ department sequence: [1, 17, 3, 18, 10, 5, 6, 7, 8, 12, 11, 4, 14, 2, 20, 15, 16, 19, 13, 9]
-- 2019-01-06 10:33summary result data
OFV: 15549.0	/ CPU: 6.616	/ department sequence: [1, 17, 13, 5, 6, 7, 20, 8, 12, 11, 4, 16, 15, 2, 14, 19, 10, 18, 3, 9]
-- 2019-01-06 10:33summary result data
OFV: 16370.0	/ CPU: 5.704	/ department sequence: [1, 3, 10, 6, 7, 20, 15, 12, 8, 11, 4, 2, 14, 16, 18, 19, 5, 17, 13, 9]
-- 2019-01-06 10:33summary result data
OFV: 15795.0	/ CPU: 8.014	/ department sequence: [9, 13, 3, 6, 10, 18, 14, 16, 11, 4, 2, 12, 8, 20, 15, 7, 19, 5, 17, 1]
-- 2019-01-06 10:33summary result data
OFV: 15971.0	/ CPU: 5.881	/ department sequence: [1, 17, 3, 18, 7, 4, 11, 16, 8, 12, 14, 2, 15, 20, 19, 10, 6, 5, 13, 9]
-- 2019-01-06 10:33summary result data
OFV: 15927.0	/ CPU: 5.437	/ department sequence: [17, 19, 18, 15, 8, 20, 4, 2, 12, 14, 11, 16, 7, 5, 10, 6, 13, 9, 3, 1]
-- 2019-01-06 10:33summary result data
OFV: 16039.0	/ CPU: 5.255	/ department sequence: [17, 13, 5, 6, 19, 7, 20, 4, 2, 15, 8, 12, 11, 14, 16, 18, 10, 9, 3, 1]
-- 2019-01-06 10:34summary result data
OFV: 15948.0	/ CPU: 5.981	/ department sequence: [1, 17, 19, 15, 8, 20, 16, 11, 4, 2, 12, 14, 7, 18, 10, 5, 6, 3, 13, 9]
-- 2019-01-06 10:34summary result data
OFV: 15549.0	/ CPU: 5.703	/ department sequence: [1, 17, 13, 5, 6, 7, 20, 8, 12, 11, 4, 16, 15, 2, 14, 19, 10, 18, 3, 9]
-- 2019-01-06 10:34summary result data
OFV: 15963.0	/ CPU: 5.174	/ department sequence: [1, 17, 3, 18, 10, 7, 12, 14, 11, 16, 4, 2, 8, 15, 20, 19, 6, 5, 13, 9]
-- H_20 result
--------------------------------------------
HostNestNum = 20, P_a = 0.25
--------------------------------------------
-- 2019-01-22 21:38 result data
OFV: 16052.0	/ CPU: 14.875 seconds 	/ department sequence: [1, 3, 9, 10, 18, 16, 14, 11, 12, 7, 2, 4, 15, 8, 20, 19, 6, 5, 13, 17]
-- H_20 result
--------------------------------------------
HostNestNum = 20, P_a = 0.25
--------------------------------------------
-- 2019-01-22 21:57 result data
OFV: 15935.0	/ CPU: 21.989 seconds 	/ department sequence: [1, 17, 3, 18, 10, 19, 15, 14, 2, 12, 8, 4, 11, 16, 20, 7, 6, 5, 13, 9]
-- H_20 result
--------------------------------------------
HostNestNum = 20, P_a = 0.25
--------------------------------------------
-- 2019-01-24 21:37 result data
OFV: 15854.0	/ CPU: 4.016 seconds 	/ department sequence: [9, 13, 19, 16, 15, 20, 2, 14, 4, 11, 12, 8, 7, 6, 5, 10, 18, 3, 17, 1]
-- H_20 result
--------------------------------------------
HostNestNum = 20, P_a = 0.25
--------------------------------------------
-- 2019-01-24 21:39 result data
OFV: 15795.0	/ CPU: 2.629 seconds 	/ department sequence: [9, 13, 3, 6, 10, 18, 14, 16, 11, 4, 2, 12, 8, 20, 15, 7, 19, 5, 17, 1]
-- H_20 result
--------------------------------------------
HostNestNum = 20, P_a = 0.25
--------------------------------------------
-- 2019-01-24 21:41 result data
OFV: 15854.0	/ CPU: 6.445 seconds 	/ department sequence: [9, 13, 19, 20, 15, 16, 2, 14, 4, 11, 12, 8, 7, 6, 5, 10, 18, 3, 17, 1]
-- H20 result
--------------------------------------------
HostNestNum = 20, P_a = 0.25
--------------------------------------------
-- 2020-03-20 14:52 result data
OFV: 15673.0	/ CPU: 8.386 seconds 	/ department sequence: [1, 17, 5, 7, 16, 11, 4, 8, 12, 20, 15, 2, 14, 19, 18, 10, 6, 3, 13, 9]
-- H20 result
--------------------------------------------
HostNestNum = 20, P_a = 0.25
--------------------------------------------
-- 2020-03-20 14:52 result data
OFV: 15673.0	/ CPU: 9.256 seconds 	/ department sequence: [9, 13, 3, 6, 10, 18, 19, 14, 2, 15, 20, 12, 8, 4, 11, 16, 7, 5, 17, 1]
-- H20 result
--------------------------------------------
HostNestNum = 20, P_a = 0.25
--------------------------------------------
-- 2020-03-20 14:52 result data
OFV: 15549.0	/ CPU: 1.571 seconds 	/ department sequence: [1, 17, 13, 5, 6, 7, 20, 8, 12, 11, 4, 16, 15, 2, 14, 19, 10, 18, 3, 9]
-- H20 result
--------------------------------------------
HostNestNum = 20, P_a = 0.25
--------------------------------------------
-- 2020-03-20 14:52 result data
OFV: 15549.0	/ CPU: 9.341 seconds 	/ department sequence: [1, 17, 13, 5, 6, 7, 20, 8, 12, 11, 4, 16, 15, 2, 14, 19, 10, 18, 3, 9]
-- H20 result
--------------------------------------------
HostNestNum = 20, P_a = 0.25
--------------------------------------------
-- 2020-03-20 14:52 result data
OFV: 15549.0	/ CPU: 11.819 seconds 	/ department sequence: [1, 17, 13, 5, 6, 7, 20, 8, 12, 11, 4, 16, 15, 2, 14, 19, 10, 18, 3, 9]
-- H20 result
--------------------------------------------
HostNestNum = 20, P_a = 0.25
--------------------------------------------
-- 2020-03-20 15:09 result data
OFV: 15549.0	/ CPU: 9.603 seconds 	/ department sequence: [1, 17, 13, 5, 6, 7, 20, 8, 12, 11, 4, 16, 15, 2, 14, 19, 10, 18, 3, 9]
-- H20 result
--------------------------------------------
HostNestNum = 20, P_a = 0.25
--------------------------------------------
-- 2020-03-20 15:09 result data
OFV: 15549.0	/ CPU: 7.216 seconds 	/ department sequence: [9, 3, 18, 10, 19, 14, 2, 15, 16, 4, 11, 12, 8, 20, 7, 6, 5, 13, 17, 1]
-- H20 result
--------------------------------------------
HostNestNum = 20, P_a = 0.25
--------------------------------------------
-- 2020-03-20 15:10 result data
OFV: 15549.0	/ CPU: 4.594 seconds 	/ department sequence: [9, 3, 18, 10, 19, 14, 2, 15, 16, 4, 11, 12, 8, 20, 7, 6, 5, 13, 17, 1]
-- H20 result
--------------------------------------------
HostNestNum = 20, P_a = 0.25
--------------------------------------------
-- 2020-03-20 15:10 result data
OFV: 15549.0	/ CPU: 4.498 seconds 	/ department sequence: [1, 17, 13, 5, 6, 7, 20, 8, 12, 11, 4, 16, 15, 2, 14, 19, 10, 18, 3, 9]
-- H20 result
--------------------------------------------
HostNestNum = 20, P_a = 0.25
--------------------------------------------
-- 2020-03-20 15:10 result data
OFV: 15549.0	/ CPU: 5.012 seconds 	/ department sequence: [1, 17, 13, 5, 6, 7, 20, 8, 12, 11, 4, 16, 15, 2, 14, 19, 10, 18, 3, 9]
-- H20 result
--------------------------------------------
HostNestNum = 20, P_a = 0.25
--------------------------------------------
-- 2020-03-21 17:18 result data
OFV: 15549.0	/ CPU: 2.702 seconds 	/ department sequence: [9, 3, 18, 10, 19, 14, 2, 15, 16, 4, 11, 12, 8, 20, 7, 6, 5, 13, 17, 1]
OFV: 15549.0	/ CPU: 4.539 seconds 	/ department sequence: [1, 17, 13, 5, 6, 7, 20, 8, 12, 11, 4, 16, 15, 2, 14, 19, 10, 18, 3, 9]
OFV: 15549.0	/ CPU: 5.143 seconds 	/ department sequence: [1, 17, 13, 5, 6, 7, 20, 8, 12, 11, 4, 16, 15, 2, 14, 19, 10, 18, 3, 9]
OFV: 15549.0	/ CPU: 3.050 seconds 	/ department sequence: [1, 17, 13, 5, 6, 7, 20, 8, 12, 11, 4, 16, 15, 2, 14, 19, 10, 18, 3, 9]
OFV: 15549.0	/ CPU: 4.219 seconds 	/ department sequence: [1, 17, 13, 5, 6, 7, 20, 8, 12, 11, 4, 16, 15, 2, 14, 19, 10, 18, 3, 9]
OFV: 15549.0	/ CPU: 4.194 seconds 	/ department sequence: [1, 17, 13, 5, 6, 7, 20, 8, 12, 11, 4, 16, 15, 2, 14, 19, 10, 18, 3, 9]
OFV: 15673.0	/ CPU: 2.356 seconds 	/ department sequence: [1, 17, 5, 7, 16, 11, 4, 8, 12, 20, 15, 2, 14, 19, 18, 10, 6, 3, 13, 9]
OFV: 15549.0	/ CPU: 2.766 seconds 	/ department sequence: [1, 17, 13, 5, 6, 7, 20, 8, 12, 11, 4, 16, 15, 2, 14, 19, 10, 18, 3, 9]
OFV: 15549.0	/ CPU: 3.703 seconds 	/ department sequence: [1, 17, 13, 5, 6, 7, 20, 8, 12, 11, 4, 16, 15, 2, 14, 19, 10, 18, 3, 9]
OFV: 15549.0	/ CPU: 2.579 seconds 	/ department sequence: [1, 17, 13, 5, 6, 7, 20, 8, 12, 11, 4, 16, 15, 2, 14, 19, 10, 18, 3, 9]
-- H20 result
--------------------------------------------
HostNestNum = 20, P_a = 0.25
--------------------------------------------
-- 2020-03-21 17:21 result data
OFV: 15549.0	/ CPU: 5.626 seconds 	/ department sequence: [1, 17, 13, 5, 6, 7, 20, 8, 12, 11, 4, 16, 15, 2, 14, 19, 10, 18, 3, 9]
OFV: 15549.0	/ CPU: 6.140 seconds 	/ department sequence: [1, 17, 13, 5, 6, 7, 20, 8, 12, 11, 4, 16, 15, 2, 14, 19, 10, 18, 3, 9]
OFV: 15549.0	/ CPU: 5.228 seconds 	/ department sequence: [1, 17, 13, 5, 6, 7, 20, 8, 12, 11, 4, 16, 15, 2, 14, 19, 10, 18, 3, 9]
OFV: 15549.0	/ CPU: 4.994 seconds 	/ department sequence: [1, 17, 13, 5, 6, 7, 20, 8, 12, 11, 4, 16, 15, 2, 14, 19, 10, 18, 3, 9]
OFV: 15549.0	/ CPU: 7.127 seconds 	/ department sequence: [9, 3, 18, 10, 19, 14, 2, 15, 16, 4, 11, 12, 8, 20, 7, 6, 5, 13, 17, 1]
OFV: 15549.0	/ CPU: 6.479 seconds 	/ department sequence: [1, 17, 13, 5, 6, 7, 20, 8, 12, 11, 4, 16, 15, 2, 14, 19, 10, 18, 3, 9]
OFV: 15549.0	/ CPU: 4.727 seconds 	/ department sequence: [1, 17, 13, 5, 6, 7, 20, 8, 12, 11, 4, 16, 15, 2, 14, 19, 10, 18, 3, 9]
OFV: 15549.0	/ CPU: 5.778 seconds 	/ department sequence: [1, 17, 13, 5, 6, 7, 20, 8, 12, 11, 4, 16, 15, 2, 14, 19, 10, 18, 3, 9]
OFV: 15549.0	/ CPU: 3.920 seconds 	/ department sequence: [1, 17, 13, 5, 6, 7, 20, 8, 12, 11, 4, 16, 15, 2, 14, 19, 10, 18, 3, 9]
OFV: 15549.0	/ CPU: 5.088 seconds 	/ department sequence: [9, 3, 18, 10, 19, 14, 2, 15, 16, 4, 11, 12, 8, 20, 7, 6, 5, 13, 17, 1]
-- H20 result
--------------------------------------------
HostNestNum = 20, P_a = 0.25
--------------------------------------------
-- 2020-03-23 03:11 result data
OFV: 15549.0	/ CPU: 2.398 seconds 	/ department sequence: [1, 17, 13, 5, 6, 7, 20, 8, 12, 11, 4, 16, 15, 2, 14, 19, 10, 18, 3, 9]
OFV: 15549.0	/ CPU: 2.957 seconds 	/ department sequence: [9, 3, 18, 10, 19, 14, 2, 15, 16, 4, 11, 12, 8, 20, 7, 6, 5, 13, 17, 1]
OFV: 15549.0	/ CPU: 2.717 seconds 	/ department sequence: [1, 17, 13, 5, 6, 7, 20, 8, 12, 11, 4, 16, 15, 2, 14, 19, 10, 18, 3, 9]
OFV: 15549.0	/ CPU: 2.982 seconds 	/ department sequence: [1, 17, 13, 5, 6, 7, 20, 8, 12, 11, 4, 16, 15, 2, 14, 19, 10, 18, 3, 9]
OFV: 15549.0	/ CPU: 2.411 seconds 	/ department sequence: [1, 17, 13, 5, 6, 7, 20, 8, 12, 11, 4, 16, 15, 2, 14, 19, 10, 18, 3, 9]
OFV: 15549.0	/ CPU: 2.966 seconds 	/ department sequence: [9, 3, 18, 10, 19, 14, 2, 15, 16, 4, 11, 12, 8, 20, 7, 6, 5, 13, 17, 1]
OFV: 15549.0	/ CPU: 2.622 seconds 	/ department sequence: [9, 3, 18, 10, 19, 14, 2, 15, 16, 4, 11, 12, 8, 20, 7, 6, 5, 13, 17, 1]
OFV: 15549.0	/ CPU: 2.368 seconds 	/ department sequence: [9, 3, 18, 10, 19, 14, 2, 15, 16, 4, 11, 12, 8, 20, 7, 6, 5, 13, 17, 1]
OFV: 15549.0	/ CPU: 3.608 seconds 	/ department sequence: [9, 3, 18, 10, 19, 14, 2, 15, 16, 4, 11, 12, 8, 20, 7, 6, 5, 13, 17, 1]
OFV: 15549.0	/ CPU: 2.808 seconds 	/ department sequence: [1, 17, 13, 5, 6, 7, 20, 8, 12, 11, 4, 16, 15, 2, 14, 19, 10, 18, 3, 9]
-- H20 result
--------------------------------------------
HostNestNum = 20, P_a = 0.25
--------------------------------------------
-- 2020-03-26 23:38 result data
OFV: 15549.0	/ CPU: 1.136 seconds 	/ department sequence: [9, 3, 18, 10, 19, 14, 2, 15, 16, 4, 11, 12, 8, 20, 7, 6, 5, 13, 17, 1]
OFV: 15549.0	/ CPU: 1.094 seconds 	/ department sequence: [1, 17, 13, 5, 6, 7, 20, 8, 12, 11, 4, 16, 15, 2, 14, 19, 10, 18, 3, 9]
OFV: 15927.0	/ CPU: 1.075 seconds 	/ department sequence: [1, 3, 9, 13, 6, 10, 5, 7, 16, 11, 14, 12, 2, 4, 20, 8, 15, 18, 19, 17]
OFV: 15854.0	/ CPU: 1.996 seconds 	/ department sequence: [1, 17, 3, 18, 10, 5, 6, 7, 8, 12, 11, 4, 14, 2, 20, 15, 16, 19, 13, 9]
OFV: 15673.0	/ CPU: 2.109 seconds 	/ department sequence: [1, 17, 5, 7, 16, 11, 4, 8, 12, 20, 15, 2, 14, 19, 18, 10, 6, 3, 13, 9]
-- H20 result
--------------------------------------------
HostNestNum = 20, P_a = 0.25
--------------------------------------------
-- 2020-03-27 00:34 result data
OFV: 15854.0	/ CPU: 1.845 seconds 	/ department sequence: [1, 17, 3, 18, 10, 5, 6, 7, 8, 12, 11, 4, 14, 2, 20, 15, 16, 19, 13, 9]
OFV: 15673.0	/ CPU: 1.065 seconds 	/ department sequence: [1, 17, 5, 7, 16, 11, 4, 8, 12, 20, 15, 2, 14, 19, 18, 10, 6, 3, 13, 9]
OFV: 15549.0	/ CPU: 1.106 seconds 	/ department sequence: [1, 17, 13, 5, 6, 7, 20, 8, 12, 11, 4, 16, 15, 2, 14, 19, 10, 18, 3, 9]
OFV: 15549.0	/ CPU: 1.466 seconds 	/ department sequence: [9, 3, 18, 10, 19, 14, 2, 15, 16, 4, 11, 12, 8, 20, 7, 6, 5, 13, 17, 1]
OFV: 15549.0	/ CPU: 1.068 seconds 	/ department sequence: [9, 3, 18, 10, 19, 14, 2, 15, 16, 4, 11, 12, 8, 20, 7, 6, 5, 13, 17, 1]
-- H20 result
--------------------------------------------
HostNestNum = 20, P_a = 0.25
--------------------------------------------
-- 2020-03-31 11:56 result data
OFV: 15673.0	/ CPU: 1.363 seconds 	/ department sequence: [1, 17, 5, 7, 16, 11, 4, 8, 12, 20, 15, 2, 14, 19, 18, 10, 6, 3, 13, 9]
OFV: 15854.0	/ CPU: 2.497 seconds 	/ department sequence: [9, 13, 19, 20, 15, 16, 2, 14, 4, 11, 12, 8, 7, 6, 5, 10, 18, 3, 17, 1]
OFV: 15549.0	/ CPU: 2.189 seconds 	/ department sequence: [1, 17, 13, 5, 6, 7, 20, 8, 12, 11, 4, 16, 15, 2, 14, 19, 10, 18, 3, 9]
OFV: 15549.0	/ CPU: 1.506 seconds 	/ department sequence: [9, 3, 18, 10, 19, 14, 2, 15, 16, 4, 11, 12, 8, 20, 7, 6, 5, 13, 17, 1]
OFV: 15549.0	/ CPU: 2.387 seconds 	/ department sequence: [1, 17, 13, 5, 6, 7, 20, 8, 12, 11, 4, 16, 15, 2, 14, 19, 10, 18, 3, 9]
