The single-row facility layout problem(SRFLP) with Cuckoo Search Algorithm(CS)

Summary of computational results with the fixed_alpha parameter set

================================================================================
Problem	Nest Number	Pa		Best OFV	CPU Time(second)
The single-row facility layout problem(SRFLP) with Cuckoo Search Algorithm(CS)

Summary of computational results with the fixed_alpha parameter set

================================================================================
Problem	Nest Number	Pa		Best OFV	CPU Time(second)
The single-row facility layout problem(SRFLP) with Cuckoo Search Algorithm(CS)

Summary of computational results with the fixed_alpha parameter set

================================================================================
Problem	Nest Number	Pa		Best OFV	CPU Time(second)
The single-row facility layout problem(SRFLP) with Cuckoo Search Algorithm(CS)

Summary of computational results with the fixed_alpha parameter set

================================================================================
Problem	Nest Number	Pa		Best OFV	CPU Time(second)
The single-row facility layout problem(SRFLP) with Cuckoo Search Algorithm(CS)

Summary of computational results with the fixed_alpha parameter set

================================================================================
Problem	Nest Number	Pa		Best OFV	CPU Time(second)
The single-row facility layout problem(SRFLP) with Cuckoo Search Algorithm(CS)

Summary of computational results with the fixed_alpha parameter set

================================================================================
Problem	Nest Number	Pa		Best OFV	CPU Time(second)
The single-row facility layout problem(SRFLP) with Cuckoo Search Algorithm(CS)

Summary of computational results with the fixed_alpha parameter set

================================================================================
Problem	Nest Number	Pa		Best OFV	CPU Time(second)
The single-row facility layout problem(SRFLP) with Cuckoo Search Algorithm(CS)

Summary of computational results with the fixed_alpha parameter set

================================================================================
Problem	Nest Number	Pa		Best OFV	CPU Time(second)
The single-row facility layout problem(SRFLP) with Cuckoo Search Algorithm(CS)

Summary of computational results with the fixed_alpha parameter set

================================================================================
Problem	Nest Number	Pa		Best OFV	CPU Time(second)
-- 2020-03-24 21:39 result data
N30		15			0.2		115268.0		6.644
The single-row facility layout problem(SRFLP) with Cuckoo Search Algorithm(CS)

Summary of computational results with the fixed_alpha parameter set

================================================================================
Problem	Nest Number	Pa		Best OFV	CPU Time(second)
The single-row facility layout problem(SRFLP) with Cuckoo Search Algorithm(CS)

Summary of computational results with the fixed_alpha parameter set

================================================================================
Problem	Nest Number	Pa		Best OFV	CPU Time(second)
-- 2020-03-24 21:47 result data
N30		15			0.2		115268.0		6.883
The single-row facility layout problem(SRFLP) with Cuckoo Search Algorithm(CS)

Summary of computational results with the fixed_alpha parameter set

================================================================================
Problem	Nest Number	Pa		Best OFV	CPU Time(second)
-- 2020-03-26 23:19 result data
N30		15			0.2		115268.0		2.768
The single-row facility layout problem(SRFLP) with Cuckoo Search Algorithm(CS)

Summary of computational results with the fixed_alpha parameter set

================================================================================
Problem	Nest Number	Pa		Best OFV	CPU Time(second)
-- 2020-03-26 23:22 result data
N30		15			0.2		115268.0		3.091
The single-row facility layout problem(SRFLP) with Cuckoo Search Algorithm(CS)

Summary of computational results with the fixed_alpha parameter set

================================================================================
Problem	Nest Number	Pa		Best OFV	CPU Time(second)
-- 2020-03-26 23:28 result data
N30		15			0.25		115268.0		3.697
The single-row facility layout problem(SRFLP) with Cuckoo Search Algorithm(CS)

Summary of computational results with the fixed_alpha parameter set

================================================================================
Problem	Nest Number	Pa		Best OFV	CPU Time(second)
-- 2020-03-26 23:35 result data
N30		10			0.25		115268.0		2.089
