-- HK15 result
--------------------------------------------
HostNestNum = 5, P_a = 0.25
--------------------------------------------
-- 2020-06-11 04:07 result data
OFV: 16570.0	/ CPU: 6.522 seconds 	/ department sequence: [10, 6, 15, 3, 4, 14, 1, 2, 13, 5, 9, 8, 12, 7, 11]
-- HK15 result
--------------------------------------------
HostNestNum = 5, P_a = 0.25
--------------------------------------------
-- 2020-06-11 04:08 result data
OFV: 16570.0	/ CPU: 3.986 seconds 	/ department sequence: [6, 10, 15, 3, 4, 1, 14, 2, 5, 13, 9, 8, 12, 7, 11]
OFV: 16570.0	/ CPU: 6.767 seconds 	/ department sequence: [7, 11, 9, 12, 8, 13, 5, 1, 2, 14, 3, 4, 15, 6, 10]
OFV: 16570.0	/ CPU: 4.605 seconds 	/ department sequence: [7, 11, 9, 12, 8, 13, 5, 1, 2, 14, 3, 4, 15, 6, 10]
OFV: 16570.0	/ CPU: 6.292 seconds 	/ department sequence: [6, 10, 15, 3, 4, 1, 14, 2, 5, 13, 9, 8, 12, 7, 11]
OFV: 16570.0	/ CPU: 5.418 seconds 	/ department sequence: [6, 10, 15, 3, 4, 1, 14, 2, 5, 13, 9, 8, 12, 7, 11]
OFV: 16600.0	/ CPU: 8.265 seconds 	/ department sequence: [7, 11, 9, 12, 8, 5, 14, 13, 1, 2, 3, 4, 15, 6, 10]
OFV: 16570.0	/ CPU: 5.513 seconds 	/ department sequence: [10, 6, 15, 3, 4, 14, 1, 2, 13, 5, 9, 8, 12, 7, 11]
OFV: 16700.0	/ CPU: 4.137 seconds 	/ department sequence: [11, 7, 9, 12, 8, 1, 5, 2, 13, 14, 4, 3, 15, 6, 10]
OFV: 16600.0	/ CPU: 3.349 seconds 	/ department sequence: [7, 11, 9, 12, 8, 5, 2, 13, 1, 14, 3, 4, 15, 6, 10]
OFV: 16620.0	/ CPU: 2.831 seconds 	/ department sequence: [6, 10, 15, 3, 4, 14, 1, 13, 2, 9, 5, 8, 12, 7, 11]
-- HK15 result
--------------------------------------------
HostNestNum = 5, P_a = 0.25
--------------------------------------------
-- 2020-06-11 04:08 result data
OFV: 16600.0	/ CPU: 3.460 seconds 	/ department sequence: [11, 7, 9, 12, 8, 2, 5, 13, 1, 14, 4, 3, 15, 6, 10]
OFV: 16600.0	/ CPU: 2.578 seconds 	/ department sequence: [6, 10, 15, 3, 4, 5, 14, 1, 2, 13, 9, 8, 12, 7, 11]
OFV: 16570.0	/ CPU: 3.936 seconds 	/ department sequence: [10, 6, 15, 3, 4, 14, 1, 2, 13, 5, 9, 8, 12, 7, 11]
OFV: 16620.0	/ CPU: 5.206 seconds 	/ department sequence: [11, 7, 9, 12, 8, 5, 13, 2, 14, 1, 3, 4, 6, 15, 10]
OFV: 16570.0	/ CPU: 4.001 seconds 	/ department sequence: [10, 6, 15, 3, 4, 14, 1, 2, 13, 5, 9, 8, 12, 7, 11]
OFV: 16570.0	/ CPU: 6.409 seconds 	/ department sequence: [7, 11, 9, 12, 8, 13, 5, 1, 2, 14, 3, 4, 15, 6, 10]
OFV: 16570.0	/ CPU: 3.710 seconds 	/ department sequence: [10, 6, 15, 3, 4, 14, 1, 2, 13, 5, 9, 8, 12, 7, 11]
OFV: 16690.0	/ CPU: 5.579 seconds 	/ department sequence: [11, 7, 9, 12, 5, 14, 8, 13, 1, 2, 4, 3, 15, 6, 10]
OFV: 16570.0	/ CPU: 6.570 seconds 	/ department sequence: [6, 10, 15, 3, 4, 1, 14, 2, 5, 13, 9, 8, 12, 7, 11]
OFV: 16570.0	/ CPU: 3.385 seconds 	/ department sequence: [10, 6, 15, 3, 4, 14, 1, 2, 13, 5, 9, 8, 12, 7, 11]
-- HK15 result
--------------------------------------------
HostNestNum = 5, P_a = 0.25
--------------------------------------------
-- 2020-06-11 04:09 result data
OFV: 16570.0	/ CPU: 4.664 seconds 	/ department sequence: [6, 10, 15, 3, 4, 1, 14, 2, 5, 13, 9, 8, 12, 7, 11]
OFV: 16570.0	/ CPU: 4.726 seconds 	/ department sequence: [10, 6, 15, 3, 4, 14, 1, 2, 13, 5, 9, 8, 12, 7, 11]
OFV: 16570.0	/ CPU: 6.011 seconds 	/ department sequence: [7, 11, 9, 12, 8, 13, 5, 1, 2, 14, 3, 4, 15, 6, 10]
OFV: 16570.0	/ CPU: 7.252 seconds 	/ department sequence: [6, 10, 15, 3, 4, 1, 14, 2, 5, 13, 9, 8, 12, 7, 11]
OFV: 16570.0	/ CPU: 8.419 seconds 	/ department sequence: [7, 11, 9, 12, 8, 13, 5, 1, 2, 14, 3, 4, 15, 6, 10]
OFV: 16600.0	/ CPU: 8.403 seconds 	/ department sequence: [7, 11, 9, 12, 8, 5, 14, 13, 1, 2, 3, 4, 15, 6, 10]
OFV: 16600.0	/ CPU: 5.828 seconds 	/ department sequence: [7, 11, 9, 12, 8, 5, 2, 13, 1, 14, 3, 4, 15, 6, 10]
OFV: 16570.0	/ CPU: 9.587 seconds 	/ department sequence: [10, 6, 15, 3, 4, 14, 1, 2, 13, 5, 9, 8, 12, 7, 11]
OFV: 16570.0	/ CPU: 8.236 seconds 	/ department sequence: [10, 6, 15, 3, 4, 14, 1, 2, 13, 5, 9, 8, 12, 7, 11]
OFV: 16570.0	/ CPU: 8.408 seconds 	/ department sequence: [10, 6, 15, 3, 4, 14, 1, 2, 13, 5, 9, 8, 12, 7, 11]
-- HK15 result
--------------------------------------------
HostNestNum = 5, P_a = 0.25
--------------------------------------------
-- 2020-06-11 04:10 result data
OFV: 16570.0	/ CPU: 7.149 seconds 	/ department sequence: [6, 10, 15, 3, 4, 1, 14, 2, 5, 13, 9, 8, 12, 7, 11]
OFV: 16570.0	/ CPU: 5.884 seconds 	/ department sequence: [6, 10, 15, 3, 4, 1, 14, 2, 5, 13, 9, 8, 12, 7, 11]
OFV: 16570.0	/ CPU: 7.236 seconds 	/ department sequence: [6, 10, 15, 3, 4, 1, 14, 2, 5, 13, 9, 8, 12, 7, 11]
OFV: 16570.0	/ CPU: 5.819 seconds 	/ department sequence: [6, 10, 15, 3, 4, 1, 14, 2, 5, 13, 9, 8, 12, 7, 11]
OFV: 16600.0	/ CPU: 6.115 seconds 	/ department sequence: [7, 11, 9, 12, 8, 13, 1, 2, 5, 14, 3, 4, 15, 6, 10]
OFV: 16570.0	/ CPU: 7.626 seconds 	/ department sequence: [7, 11, 9, 12, 8, 13, 5, 1, 2, 14, 3, 4, 15, 6, 10]
OFV: 16570.0	/ CPU: 8.288 seconds 	/ department sequence: [10, 6, 15, 3, 4, 14, 1, 2, 13, 5, 9, 8, 12, 7, 11]
OFV: 16570.0	/ CPU: 12.678 seconds 	/ department sequence: [7, 11, 9, 12, 8, 13, 5, 1, 2, 14, 3, 4, 15, 6, 10]
OFV: 16570.0	/ CPU: 12.239 seconds 	/ department sequence: [7, 11, 9, 12, 8, 13, 5, 1, 2, 14, 3, 4, 15, 6, 10]
OFV: 16570.0	/ CPU: 9.937 seconds 	/ department sequence: [10, 6, 15, 3, 4, 14, 1, 2, 13, 5, 9, 8, 12, 7, 11]
