-- HA11 result
--------------------------------------------
HostNestNum = 10, P_a = 0.0
--------------------------------------------
-- 2020-03-06 15:39 result data
OFV: 638.5	/ CPU: 12.773 seconds 	/ department sequence: [1, 6, 5, 3, 14, 7, 13, 15, 11, 4, 2, 10, 8, 9, 12]	cutting order: 6
OFV: 696.5	/ CPU: 28.190 seconds 	/ department sequence: [11, 7, 13, 8, 2, 3, 1, 15, 14, 12, 5, 6, 10, 4, 9]	cutting order: 10
OFV: 696.5	/ CPU: 12.528 seconds 	/ department sequence: [14, 11, 7, 15, 8, 2, 3, 1, 12, 13, 5, 6, 10, 4, 9]	cutting order: 9
OFV: 660.5	/ CPU: 10.329 seconds 	/ department sequence: [15, 12, 14, 13, 2, 6, 5, 7, 11, 8, 3, 4, 1, 10, 9]	cutting order: 11
OFV: 719.5	/ CPU: 9.004 seconds 	/ department sequence: [11, 7, 8, 10, 2, 1, 12, 13, 14, 15, 5, 6, 9, 3, 4]	cutting order: 10
OFV: 615.5	/ CPU: 14.549 seconds 	/ department sequence: [11, 7, 6, 2, 10, 8, 3, 14, 12, 13, 5, 4, 1, 9, 15]	cutting order: 7
OFV: 697.5	/ CPU: 10.258 seconds 	/ department sequence: [13, 14, 12, 15, 3, 1, 5, 2, 6, 7, 11, 9, 8, 10, 4]	cutting order: 10
OFV: 696.5	/ CPU: 9.672 seconds 	/ department sequence: [11, 7, 4, 8, 2, 3, 1, 15, 12, 14, 13, 6, 5, 10, 9]	cutting order: 7
OFV: 615.5	/ CPU: 15.401 seconds 	/ department sequence: [11, 7, 6, 2, 10, 8, 3, 12, 15, 14, 5, 4, 1, 9, 13]	cutting order: 7
OFV: 707.0	/ CPU: 12.090 seconds 	/ department sequence: [1, 6, 5, 8, 7, 11, 14, 12, 13, 15, 3, 4, 2, 10, 9]	cutting order: 6
-- HA11 result
--------------------------------------------
HostNestNum = 10, P_a = 0.0
--------------------------------------------
-- 2020-03-08 21:52 result data
OFV: 876.5	/ CPU: 39.528 seconds 
department sequence: [12, 17, 20, 14, 11, 6, 7, 5, 2, 4, 10, 8, 1, 3, 9, 19, 13, 16, 18, 15, 21]	upper(t) or lower(f): false	true	true	false	true	false	true	false	true	false	true	false	false	true	true	false	false	false	false	true	false	
OFV: 840.0	/ CPU: 21.561 seconds 
department sequence: [16, 1, 18, 20, 14, 19, 15, 12, 21, 17, 2, 7, 6, 5, 4, 11, 10, 8, 9, 3, 13]	upper(t) or lower(f): false	true	false	false	false	false	false	false	false	false	false	false	false	true	false	true	true	false	false	true	true	
OFV: 876.5	/ CPU: 25.478 seconds 
department sequence: [17, 20, 16, 12, 11, 6, 7, 5, 2, 4, 10, 8, 1, 3, 9, 21, 13, 19, 15, 14, 18]	upper(t) or lower(f): true	false	true	false	true	false	true	false	true	false	true	false	false	true	true	false	false	false	false	true	false	
