-- Am11e result
--------------------------------------------
HostNestNum = 5, P_a = 0.25
--------------------------------------------
-- 2020-06-10 05:15 result data
OFV: 578.0	/ CPU: 2.581 seconds 	/ department sequence: [4, 8, 10, 3, 1, 6, 7, 9, 5, 2, 11]
OFV: 578.0	/ CPU: 3.106 seconds 	/ department sequence: [4, 8, 10, 3, 1, 6, 7, 9, 5, 2, 11]
OFV: 578.0	/ CPU: 2.470 seconds 	/ department sequence: [8, 4, 10, 3, 1, 6, 7, 9, 5, 2, 11]
OFV: 614.0	/ CPU: 1.907 seconds 	/ department sequence: [2, 5, 6, 1, 3, 9, 7, 10, 4, 8, 11]
OFV: 578.0	/ CPU: 3.889 seconds 	/ department sequence: [4, 8, 10, 3, 1, 6, 7, 9, 5, 2, 11]
OFV: 578.5	/ CPU: 4.840 seconds 	/ department sequence: [11, 2, 9, 5, 6, 1, 7, 10, 3, 8, 4]
OFV: 578.0	/ CPU: 2.841 seconds 	/ department sequence: [8, 4, 10, 3, 1, 6, 7, 9, 5, 2, 11]
OFV: 578.0	/ CPU: 3.073 seconds 	/ department sequence: [8, 4, 10, 3, 1, 6, 7, 9, 5, 2, 11]
OFV: 578.0	/ CPU: 4.207 seconds 	/ department sequence: [8, 4, 10, 3, 1, 6, 7, 9, 5, 2, 11]
OFV: 578.0	/ CPU: 3.106 seconds 	/ department sequence: [4, 8, 10, 3, 1, 6, 7, 9, 5, 2, 11]
-- Am11e result
--------------------------------------------
HostNestNum = 5, P_a = 0.25
--------------------------------------------
-- 2020-06-10 05:16 result data
OFV: 578.0	/ CPU: 2.260 seconds 	/ department sequence: [8, 4, 10, 3, 1, 6, 7, 9, 5, 2, 11]
OFV: 614.0	/ CPU: 2.033 seconds 	/ department sequence: [2, 5, 6, 1, 3, 9, 7, 10, 4, 8, 11]
OFV: 578.0	/ CPU: 2.228 seconds 	/ department sequence: [8, 4, 10, 3, 1, 6, 7, 9, 5, 2, 11]
OFV: 578.0	/ CPU: 2.311 seconds 	/ department sequence: [8, 4, 10, 3, 1, 6, 7, 9, 5, 2, 11]
OFV: 614.0	/ CPU: 1.853 seconds 	/ department sequence: [2, 5, 6, 1, 3, 9, 7, 10, 4, 8, 11]
OFV: 578.0	/ CPU: 2.572 seconds 	/ department sequence: [8, 4, 10, 3, 1, 6, 7, 9, 5, 2, 11]
OFV: 578.0	/ CPU: 2.302 seconds 	/ department sequence: [4, 8, 10, 3, 1, 6, 7, 9, 5, 2, 11]
OFV: 578.0	/ CPU: 2.291 seconds 	/ department sequence: [8, 4, 10, 3, 1, 6, 7, 9, 5, 2, 11]
OFV: 578.0	/ CPU: 2.436 seconds 	/ department sequence: [8, 4, 10, 3, 1, 6, 7, 9, 5, 2, 11]
OFV: 578.0	/ CPU: 2.717 seconds 	/ department sequence: [4, 8, 10, 3, 1, 6, 7, 9, 5, 2, 11]
-- Am11e result
--------------------------------------------
HostNestNum = 5, P_a = 0.25
--------------------------------------------
-- 2020-06-10 05:16 result data
OFV: 614.0	/ CPU: 2.688 seconds 	/ department sequence: [2, 5, 6, 1, 3, 9, 7, 10, 4, 8, 11]
OFV: 578.0	/ CPU: 3.722 seconds 	/ department sequence: [8, 4, 10, 3, 1, 6, 7, 9, 5, 2, 11]
OFV: 578.0	/ CPU: 5.456 seconds 	/ department sequence: [4, 8, 10, 3, 1, 6, 7, 9, 5, 2, 11]
OFV: 579.0	/ CPU: 5.761 seconds 	/ department sequence: [11, 2, 7, 5, 6, 1, 9, 10, 3, 4, 8]
OFV: 578.0	/ CPU: 3.844 seconds 	/ department sequence: [4, 8, 10, 3, 1, 6, 7, 9, 5, 2, 11]
OFV: 578.0	/ CPU: 4.833 seconds 	/ department sequence: [4, 8, 10, 3, 1, 6, 7, 9, 5, 2, 11]
OFV: 578.0	/ CPU: 3.732 seconds 	/ department sequence: [4, 8, 10, 3, 1, 6, 7, 9, 5, 2, 11]
OFV: 578.0	/ CPU: 3.994 seconds 	/ department sequence: [4, 8, 10, 3, 1, 6, 7, 9, 5, 2, 11]
OFV: 578.0	/ CPU: 6.534 seconds 	/ department sequence: [4, 8, 10, 3, 1, 6, 7, 9, 5, 2, 11]
OFV: 614.0	/ CPU: 2.976 seconds 	/ department sequence: [5, 2, 6, 1, 3, 9, 7, 10, 4, 8, 11]
-- Am11e result
--------------------------------------------
HostNestNum = 5, P_a = 0.25
--------------------------------------------
-- 2020-06-10 05:17 result data
OFV: 578.0	/ CPU: 5.169 seconds 	/ department sequence: [8, 4, 10, 3, 1, 6, 7, 9, 5, 2, 11]
OFV: 578.0	/ CPU: 4.407 seconds 	/ department sequence: [4, 8, 10, 3, 1, 6, 7, 9, 5, 2, 11]
OFV: 578.0	/ CPU: 4.957 seconds 	/ department sequence: [4, 8, 10, 3, 1, 6, 7, 9, 5, 2, 11]
OFV: 578.0	/ CPU: 4.599 seconds 	/ department sequence: [4, 8, 10, 3, 1, 6, 7, 9, 5, 2, 11]
OFV: 578.0	/ CPU: 4.383 seconds 	/ department sequence: [4, 8, 10, 3, 1, 6, 7, 9, 5, 2, 11]
OFV: 578.0	/ CPU: 4.612 seconds 	/ department sequence: [4, 8, 10, 3, 1, 6, 7, 9, 5, 2, 11]
OFV: 578.0	/ CPU: 4.318 seconds 	/ department sequence: [4, 8, 10, 3, 1, 6, 7, 9, 5, 2, 11]
OFV: 578.0	/ CPU: 4.942 seconds 	/ department sequence: [4, 8, 10, 3, 1, 6, 7, 9, 5, 2, 11]
OFV: 578.0	/ CPU: 4.489 seconds 	/ department sequence: [8, 4, 10, 3, 1, 6, 7, 9, 5, 2, 11]
OFV: 578.0	/ CPU: 4.451 seconds 	/ department sequence: [4, 8, 10, 3, 1, 6, 7, 9, 5, 2, 11]
-- Am11e result
--------------------------------------------
HostNestNum = 5, P_a = 0.25
--------------------------------------------
-- 2020-06-10 05:18 result data
OFV: 614.0	/ CPU: 1.894 seconds 	/ department sequence: [2, 5, 6, 1, 3, 9, 7, 10, 4, 8, 11]
OFV: 578.0	/ CPU: 3.101 seconds 	/ department sequence: [4, 8, 10, 3, 1, 6, 7, 9, 5, 2, 11]
OFV: 578.0	/ CPU: 2.954 seconds 	/ department sequence: [4, 8, 10, 3, 1, 6, 7, 9, 5, 2, 11]
OFV: 578.5	/ CPU: 5.950 seconds 	/ department sequence: [11, 2, 9, 5, 6, 1, 7, 10, 3, 8, 4]
OFV: 578.0	/ CPU: 2.327 seconds 	/ department sequence: [4, 8, 10, 3, 1, 6, 7, 9, 5, 2, 11]
OFV: 578.0	/ CPU: 3.182 seconds 	/ department sequence: [4, 8, 10, 3, 1, 6, 7, 9, 5, 2, 11]
OFV: 578.0	/ CPU: 2.617 seconds 	/ department sequence: [8, 4, 10, 3, 1, 6, 7, 9, 5, 2, 11]
OFV: 579.0	/ CPU: 3.400 seconds 	/ department sequence: [11, 2, 7, 5, 6, 1, 9, 10, 3, 4, 8]
OFV: 578.0	/ CPU: 2.061 seconds 	/ department sequence: [8, 4, 10, 3, 1, 6, 7, 9, 5, 2, 11]
OFV: 578.0	/ CPU: 2.488 seconds 	/ department sequence: [4, 8, 10, 3, 1, 6, 7, 9, 5, 2, 11]
-- Am11e result
--------------------------------------------
HostNestNum = 5, P_a = 0.25
--------------------------------------------
-- 2020-06-10 05:18 result data
OFV: 578.0	/ CPU: 2.687 seconds 	/ department sequence: [8, 4, 10, 3, 1, 6, 7, 9, 5, 2, 11]
OFV: 578.0	/ CPU: 2.213 seconds 	/ department sequence: [8, 4, 10, 3, 1, 6, 7, 9, 5, 2, 11]
OFV: 578.5	/ CPU: 3.633 seconds 	/ department sequence: [11, 2, 9, 5, 6, 1, 7, 10, 3, 8, 4]
OFV: 578.0	/ CPU: 3.036 seconds 	/ department sequence: [8, 4, 10, 3, 1, 6, 7, 9, 5, 2, 11]
OFV: 614.0	/ CPU: 1.913 seconds 	/ department sequence: [5, 2, 6, 1, 3, 9, 7, 10, 4, 8, 11]
OFV: 578.0	/ CPU: 2.808 seconds 	/ department sequence: [4, 8, 10, 3, 1, 6, 7, 9, 5, 2, 11]
OFV: 597.0	/ CPU: 2.918 seconds 	/ department sequence: [11, 2, 5, 9, 7, 6, 1, 3, 10, 4, 8]
OFV: 578.0	/ CPU: 2.571 seconds 	/ department sequence: [8, 4, 10, 3, 1, 6, 7, 9, 5, 2, 11]
OFV: 580.0	/ CPU: 3.278 seconds 	/ department sequence: [4, 8, 10, 3, 1, 6, 2, 5, 9, 7, 11]
OFV: 578.0	/ CPU: 2.724 seconds 	/ department sequence: [4, 8, 10, 3, 1, 6, 7, 9, 5, 2, 11]
-- Am11e result
--------------------------------------------
HostNestNum = 5, P_a = 0.25
--------------------------------------------
-- 2020-06-10 05:19 result data
OFV: 614.0	/ CPU: 2.761 seconds 	/ department sequence: [5, 2, 6, 1, 3, 9, 7, 10, 4, 8, 11]
OFV: 578.0	/ CPU: 3.936 seconds 	/ department sequence: [4, 8, 10, 3, 1, 6, 7, 9, 5, 2, 11]
OFV: 578.0	/ CPU: 4.778 seconds 	/ department sequence: [4, 8, 10, 3, 1, 6, 7, 9, 5, 2, 11]
OFV: 578.0	/ CPU: 3.800 seconds 	/ department sequence: [4, 8, 10, 3, 1, 6, 7, 9, 5, 2, 11]
OFV: 578.0	/ CPU: 5.024 seconds 	/ department sequence: [8, 4, 10, 3, 1, 6, 7, 9, 5, 2, 11]
OFV: 578.0	/ CPU: 3.916 seconds 	/ department sequence: [8, 4, 10, 3, 1, 6, 7, 9, 5, 2, 11]
OFV: 578.0	/ CPU: 3.241 seconds 	/ department sequence: [8, 4, 10, 3, 1, 6, 7, 9, 5, 2, 11]
OFV: 597.0	/ CPU: 3.517 seconds 	/ department sequence: [2, 11, 5, 9, 7, 1, 6, 3, 10, 4, 8]
OFV: 578.0	/ CPU: 4.012 seconds 	/ department sequence: [8, 4, 10, 3, 1, 6, 7, 9, 5, 2, 11]
OFV: 578.0	/ CPU: 3.498 seconds 	/ department sequence: [8, 4, 10, 3, 1, 6, 7, 9, 5, 2, 11]
-- Am11e result
--------------------------------------------
HostNestNum = 5, P_a = 0.25
--------------------------------------------
-- 2020-06-10 05:19 result data
OFV: 578.0	/ CPU: 5.333 seconds 	/ department sequence: [4, 8, 10, 3, 1, 6, 7, 9, 5, 2, 11]
OFV: 578.0	/ CPU: 4.154 seconds 	/ department sequence: [8, 4, 10, 3, 1, 6, 7, 9, 5, 2, 11]
OFV: 578.0	/ CPU: 6.257 seconds 	/ department sequence: [11, 2, 9, 5, 3, 7, 6, 4, 1, 10, 8]
OFV: 578.0	/ CPU: 4.540 seconds 	/ department sequence: [4, 8, 10, 3, 1, 6, 7, 9, 5, 2, 11]
OFV: 578.0	/ CPU: 6.643 seconds 	/ department sequence: [4, 8, 10, 3, 1, 6, 7, 9, 5, 2, 11]
OFV: 578.0	/ CPU: 4.281 seconds 	/ department sequence: [8, 4, 10, 3, 1, 6, 7, 9, 5, 2, 11]
OFV: 578.0	/ CPU: 5.154 seconds 	/ department sequence: [4, 8, 10, 3, 1, 6, 7, 9, 5, 2, 11]
OFV: 578.5	/ CPU: 9.825 seconds 	/ department sequence: [11, 2, 9, 5, 6, 1, 7, 10, 3, 8, 4]
OFV: 587.5	/ CPU: 6.108 seconds 	/ department sequence: [11, 9, 2, 7, 6, 1, 5, 10, 3, 8, 4]
OFV: 578.0	/ CPU: 4.511 seconds 	/ department sequence: [4, 8, 10, 3, 1, 6, 7, 9, 5, 2, 11]
-- Am11e result
--------------------------------------------
HostNestNum = 5, P_a = 0.25
--------------------------------------------
-- 2020-06-10 05:20 result data
OFV: 578.0	/ CPU: 4.419 seconds 	/ department sequence: [8, 4, 10, 3, 1, 6, 7, 9, 5, 2, 11]
OFV: 578.0	/ CPU: 2.550 seconds 	/ department sequence: [4, 8, 10, 3, 1, 6, 7, 9, 5, 2, 11]
OFV: 614.0	/ CPU: 1.983 seconds 	/ department sequence: [2, 5, 6, 1, 3, 9, 7, 10, 4, 8, 11]
OFV: 584.5	/ CPU: 3.230 seconds 	/ department sequence: [11, 9, 5, 7, 6, 1, 2, 10, 3, 4, 8]
OFV: 578.0	/ CPU: 2.956 seconds 	/ department sequence: [8, 4, 10, 3, 1, 6, 7, 9, 5, 2, 11]
OFV: 578.0	/ CPU: 2.623 seconds 	/ department sequence: [4, 8, 10, 3, 1, 6, 7, 9, 5, 2, 11]
OFV: 578.0	/ CPU: 2.385 seconds 	/ department sequence: [4, 8, 10, 3, 1, 6, 7, 9, 5, 2, 11]
OFV: 578.0	/ CPU: 2.390 seconds 	/ department sequence: [8, 4, 10, 3, 1, 6, 7, 9, 5, 2, 11]
OFV: 578.0	/ CPU: 2.326 seconds 	/ department sequence: [8, 4, 10, 3, 1, 6, 7, 9, 5, 2, 11]
OFV: 578.0	/ CPU: 2.433 seconds 	/ department sequence: [8, 4, 10, 3, 1, 6, 7, 9, 5, 2, 11]
-- Am11e result
--------------------------------------------
HostNestNum = 5, P_a = 0.25
--------------------------------------------
-- 2020-06-10 05:21 result data
OFV: 578.5	/ CPU: 2.745 seconds 	/ department sequence: [11, 2, 9, 5, 6, 1, 7, 10, 3, 8, 4]
OFV: 578.0	/ CPU: 3.194 seconds 	/ department sequence: [4, 8, 10, 3, 1, 6, 7, 9, 5, 2, 11]
OFV: 578.0	/ CPU: 2.447 seconds 	/ department sequence: [4, 8, 10, 3, 1, 6, 7, 9, 5, 2, 11]
OFV: 578.0	/ CPU: 2.952 seconds 	/ department sequence: [4, 8, 10, 3, 1, 6, 7, 9, 5, 2, 11]
OFV: 578.0	/ CPU: 4.617 seconds 	/ department sequence: [8, 4, 10, 3, 1, 6, 7, 9, 5, 2, 11]
OFV: 578.0	/ CPU: 2.129 seconds 	/ department sequence: [4, 8, 10, 3, 1, 6, 7, 9, 5, 2, 11]
OFV: 578.0	/ CPU: 2.509 seconds 	/ department sequence: [8, 4, 10, 3, 1, 6, 7, 9, 5, 2, 11]
OFV: 578.0	/ CPU: 2.286 seconds 	/ department sequence: [4, 8, 10, 3, 1, 6, 7, 9, 5, 2, 11]
OFV: 578.0	/ CPU: 2.214 seconds 	/ department sequence: [4, 8, 10, 3, 1, 6, 7, 9, 5, 2, 11]
OFV: 584.5	/ CPU: 5.268 seconds 	/ department sequence: [11, 9, 5, 7, 6, 1, 2, 10, 3, 4, 8]
-- Am11e result
--------------------------------------------
HostNestNum = 5, P_a = 0.25
--------------------------------------------
-- 2020-06-10 05:21 result data
OFV: 578.0	/ CPU: 7.330 seconds 	/ department sequence: [8, 4, 10, 3, 1, 6, 7, 9, 5, 2, 11]
OFV: 597.0	/ CPU: 5.965 seconds 	/ department sequence: [2, 11, 5, 9, 7, 1, 6, 3, 10, 4, 8]
OFV: 578.0	/ CPU: 3.987 seconds 	/ department sequence: [8, 4, 10, 3, 1, 6, 7, 9, 5, 2, 11]
OFV: 578.0	/ CPU: 3.412 seconds 	/ department sequence: [4, 8, 10, 3, 1, 6, 7, 9, 5, 2, 11]
OFV: 578.0	/ CPU: 3.844 seconds 	/ department sequence: [8, 4, 10, 3, 1, 6, 7, 9, 5, 2, 11]
OFV: 578.5	/ CPU: 4.340 seconds 	/ department sequence: [11, 2, 9, 5, 6, 1, 7, 10, 3, 8, 4]
OFV: 578.0	/ CPU: 3.787 seconds 	/ department sequence: [4, 8, 10, 3, 1, 6, 7, 9, 5, 2, 11]
OFV: 578.0	/ CPU: 3.068 seconds 	/ department sequence: [4, 8, 10, 3, 1, 6, 7, 9, 5, 2, 11]
OFV: 578.0	/ CPU: 3.717 seconds 	/ department sequence: [4, 8, 10, 3, 1, 6, 7, 9, 5, 2, 11]
OFV: 578.0	/ CPU: 3.080 seconds 	/ department sequence: [8, 4, 10, 3, 1, 6, 7, 9, 5, 2, 11]
-- Am11e result
--------------------------------------------
HostNestNum = 5, P_a = 0.25
--------------------------------------------
-- 2020-06-10 05:22 result data
OFV: 578.5	/ CPU: 6.625 seconds 	/ department sequence: [11, 2, 9, 5, 6, 1, 7, 10, 3, 8, 4]
OFV: 578.0	/ CPU: 4.406 seconds 	/ department sequence: [4, 8, 10, 3, 1, 6, 7, 9, 5, 2, 11]
OFV: 578.0	/ CPU: 4.617 seconds 	/ department sequence: [4, 8, 10, 3, 1, 6, 7, 9, 5, 2, 11]
OFV: 578.0	/ CPU: 4.377 seconds 	/ department sequence: [4, 8, 10, 3, 1, 6, 7, 9, 5, 2, 11]
OFV: 578.0	/ CPU: 7.975 seconds 	/ department sequence: [4, 8, 10, 3, 1, 6, 7, 9, 5, 2, 11]
OFV: 578.0	/ CPU: 8.629 seconds 	/ department sequence: [4, 8, 10, 3, 1, 6, 7, 9, 5, 2, 11]
OFV: 578.0	/ CPU: 4.484 seconds 	/ department sequence: [8, 4, 10, 3, 1, 6, 7, 9, 5, 2, 11]
OFV: 578.0	/ CPU: 6.344 seconds 	/ department sequence: [4, 8, 10, 3, 1, 6, 7, 9, 5, 2, 11]
OFV: 578.0	/ CPU: 5.526 seconds 	/ department sequence: [4, 8, 10, 3, 1, 6, 7, 9, 5, 2, 11]
OFV: 578.0	/ CPU: 4.807 seconds 	/ department sequence: [4, 8, 10, 3, 1, 6, 7, 9, 5, 2, 11]
-- Am11e result
--------------------------------------------
HostNestNum = 5, P_a = 0.25
--------------------------------------------
-- 2020-06-10 05:23 result data
OFV: 597.0	/ CPU: 3.088 seconds 	/ department sequence: [2, 11, 5, 9, 7, 1, 6, 3, 10, 4, 8]
OFV: 578.0	/ CPU: 3.165 seconds 	/ department sequence: [4, 8, 10, 3, 1, 6, 7, 9, 5, 2, 11]
OFV: 578.0	/ CPU: 2.508 seconds 	/ department sequence: [4, 8, 10, 3, 1, 6, 7, 9, 5, 2, 11]
OFV: 578.0	/ CPU: 3.076 seconds 	/ department sequence: [4, 8, 10, 3, 1, 6, 7, 9, 5, 2, 11]
OFV: 578.0	/ CPU: 2.968 seconds 	/ department sequence: [4, 8, 10, 3, 1, 6, 7, 9, 5, 2, 11]
OFV: 596.0	/ CPU: 3.676 seconds 	/ department sequence: [2, 11, 9, 5, 6, 3, 7, 1, 8, 10, 4]
OFV: 578.0	/ CPU: 2.595 seconds 	/ department sequence: [8, 4, 10, 3, 1, 6, 7, 9, 5, 2, 11]
OFV: 578.0	/ CPU: 2.323 seconds 	/ department sequence: [4, 8, 10, 3, 1, 6, 7, 9, 5, 2, 11]
OFV: 578.0	/ CPU: 2.578 seconds 	/ department sequence: [4, 8, 10, 3, 1, 6, 7, 9, 5, 2, 11]
OFV: 578.0	/ CPU: 2.064 seconds 	/ department sequence: [4, 8, 10, 3, 1, 6, 7, 9, 5, 2, 11]
-- Am11e result
--------------------------------------------
HostNestNum = 5, P_a = 0.25
--------------------------------------------
-- 2020-06-10 05:23 result data
OFV: 578.0	/ CPU: 2.187 seconds 	/ department sequence: [4, 8, 10, 3, 1, 6, 7, 9, 5, 2, 11]
OFV: 578.0	/ CPU: 2.984 seconds 	/ department sequence: [4, 8, 10, 3, 1, 6, 7, 9, 5, 2, 11]
OFV: 578.0	/ CPU: 2.852 seconds 	/ department sequence: [4, 8, 10, 3, 1, 6, 7, 9, 5, 2, 11]
OFV: 578.0	/ CPU: 2.555 seconds 	/ department sequence: [8, 4, 10, 3, 1, 6, 7, 9, 5, 2, 11]
OFV: 614.0	/ CPU: 1.879 seconds 	/ department sequence: [2, 5, 6, 1, 3, 9, 7, 10, 4, 8, 11]
OFV: 578.0	/ CPU: 2.632 seconds 	/ department sequence: [4, 8, 10, 3, 1, 6, 7, 9, 5, 2, 11]
OFV: 578.0	/ CPU: 2.673 seconds 	/ department sequence: [8, 4, 10, 3, 1, 6, 7, 9, 5, 2, 11]
OFV: 578.0	/ CPU: 2.993 seconds 	/ department sequence: [4, 8, 10, 3, 1, 6, 7, 9, 5, 2, 11]
OFV: 578.0	/ CPU: 5.680 seconds 	/ department sequence: [4, 8, 10, 3, 1, 6, 7, 9, 5, 2, 11]
OFV: 614.0	/ CPU: 1.916 seconds 	/ department sequence: [2, 5, 6, 1, 3, 9, 7, 10, 4, 8, 11]
-- Am11e result
--------------------------------------------
HostNestNum = 5, P_a = 0.25
--------------------------------------------
-- 2020-06-10 05:24 result data
OFV: 578.5	/ CPU: 6.771 seconds 	/ department sequence: [11, 2, 9, 5, 6, 1, 7, 10, 3, 8, 4]
OFV: 578.0	/ CPU: 3.544 seconds 	/ department sequence: [4, 8, 10, 3, 1, 6, 7, 9, 5, 2, 11]
OFV: 578.0	/ CPU: 4.477 seconds 	/ department sequence: [4, 8, 10, 3, 1, 6, 7, 9, 5, 2, 11]
OFV: 578.5	/ CPU: 6.325 seconds 	/ department sequence: [11, 2, 9, 5, 6, 1, 7, 10, 3, 8, 4]
OFV: 587.5	/ CPU: 5.880 seconds 	/ department sequence: [11, 9, 2, 7, 6, 1, 5, 10, 3, 8, 4]
OFV: 578.0	/ CPU: 4.815 seconds 	/ department sequence: [8, 4, 10, 3, 1, 6, 7, 9, 5, 2, 11]
OFV: 578.0	/ CPU: 3.486 seconds 	/ department sequence: [4, 8, 10, 3, 1, 6, 7, 9, 5, 2, 11]
OFV: 578.0	/ CPU: 3.626 seconds 	/ department sequence: [4, 8, 10, 3, 1, 6, 7, 9, 5, 2, 11]
OFV: 578.0	/ CPU: 3.344 seconds 	/ department sequence: [8, 4, 10, 3, 1, 6, 7, 9, 5, 2, 11]
OFV: 578.0	/ CPU: 4.580 seconds 	/ department sequence: [4, 8, 10, 3, 1, 6, 7, 9, 5, 2, 11]
-- Am11e result
--------------------------------------------
HostNestNum = 5, P_a = 0.25
--------------------------------------------
-- 2020-06-10 05:25 result data
OFV: 578.0	/ CPU: 4.503 seconds 	/ department sequence: [8, 4, 10, 3, 1, 6, 7, 9, 5, 2, 11]
OFV: 578.0	/ CPU: 4.205 seconds 	/ department sequence: [8, 4, 10, 3, 1, 6, 7, 9, 5, 2, 11]
OFV: 578.0	/ CPU: 5.140 seconds 	/ department sequence: [8, 4, 10, 3, 1, 6, 7, 9, 5, 2, 11]
OFV: 578.0	/ CPU: 4.616 seconds 	/ department sequence: [4, 8, 10, 3, 1, 6, 7, 9, 5, 2, 11]
OFV: 578.0	/ CPU: 4.743 seconds 	/ department sequence: [8, 4, 10, 3, 1, 6, 7, 9, 5, 2, 11]
OFV: 614.0	/ CPU: 3.882 seconds 	/ department sequence: [2, 5, 6, 1, 3, 9, 7, 10, 4, 8, 11]
OFV: 578.0	/ CPU: 5.284 seconds 	/ department sequence: [8, 4, 10, 3, 1, 6, 7, 9, 5, 2, 11]
OFV: 578.0	/ CPU: 5.325 seconds 	/ department sequence: [8, 4, 10, 3, 1, 6, 7, 9, 5, 2, 11]
OFV: 578.0	/ CPU: 4.218 seconds 	/ department sequence: [4, 8, 10, 3, 1, 6, 7, 9, 5, 2, 11]
OFV: 597.0	/ CPU: 5.334 seconds 	/ department sequence: [2, 11, 5, 9, 7, 1, 6, 3, 10, 4, 8]
-- Am11e result
--------------------------------------------
HostNestNum = 5, P_a = 0.25
--------------------------------------------
-- 2020-06-10 05:26 result data
OFV: 597.0	/ CPU: 3.635 seconds 	/ department sequence: [11, 2, 5, 9, 7, 6, 1, 3, 10, 4, 8]
OFV: 578.0	/ CPU: 3.995 seconds 	/ department sequence: [8, 4, 10, 3, 1, 6, 7, 9, 5, 2, 11]
OFV: 578.0	/ CPU: 2.501 seconds 	/ department sequence: [8, 4, 10, 3, 1, 6, 7, 9, 5, 2, 11]
OFV: 578.0	/ CPU: 4.282 seconds 	/ department sequence: [8, 4, 10, 3, 1, 6, 7, 9, 5, 2, 11]
OFV: 578.0	/ CPU: 3.093 seconds 	/ department sequence: [8, 4, 10, 3, 1, 6, 7, 9, 5, 2, 11]
OFV: 578.5	/ CPU: 2.344 seconds 	/ department sequence: [11, 2, 9, 5, 6, 1, 7, 10, 3, 8, 4]
OFV: 578.0	/ CPU: 3.164 seconds 	/ department sequence: [4, 8, 10, 3, 1, 6, 7, 9, 5, 2, 11]
OFV: 615.0	/ CPU: 1.856 seconds 	/ department sequence: [2, 5, 6, 1, 3, 9, 7, 10, 4, 8, 11]
OFV: 615.0	/ CPU: 1.727 seconds 	/ department sequence: [2, 5, 6, 1, 3, 9, 7, 10, 4, 8, 11]
OFV: 578.0	/ CPU: 2.259 seconds 	/ department sequence: [8, 4, 10, 3, 1, 6, 7, 9, 5, 2, 11]
-- Am11e result
--------------------------------------------
HostNestNum = 5, P_a = 0.25
--------------------------------------------
-- 2020-06-10 05:26 result data
OFV: 597.0	/ CPU: 3.150 seconds 	/ department sequence: [11, 7, 5, 2, 9, 1, 6, 10, 3, 8, 4]
OFV: 578.0	/ CPU: 2.838 seconds 	/ department sequence: [4, 8, 10, 3, 1, 6, 7, 9, 5, 2, 11]
OFV: 578.0	/ CPU: 2.509 seconds 	/ department sequence: [8, 4, 10, 3, 1, 6, 7, 9, 5, 2, 11]
OFV: 578.0	/ CPU: 2.546 seconds 	/ department sequence: [4, 8, 10, 3, 1, 6, 7, 9, 5, 2, 11]
OFV: 578.0	/ CPU: 2.634 seconds 	/ department sequence: [4, 8, 10, 3, 1, 6, 7, 9, 5, 2, 11]
OFV: 578.0	/ CPU: 1.937 seconds 	/ department sequence: [8, 4, 10, 3, 1, 6, 7, 9, 5, 2, 11]
OFV: 578.0	/ CPU: 2.533 seconds 	/ department sequence: [4, 8, 10, 3, 1, 6, 7, 9, 5, 2, 11]
OFV: 578.0	/ CPU: 2.127 seconds 	/ department sequence: [4, 8, 10, 3, 1, 6, 7, 9, 5, 2, 11]
OFV: 614.0	/ CPU: 1.881 seconds 	/ department sequence: [2, 5, 6, 1, 3, 9, 7, 10, 4, 8, 11]
OFV: 578.0	/ CPU: 3.630 seconds 	/ department sequence: [8, 4, 10, 3, 1, 6, 7, 9, 5, 2, 11]
-- Am11e result
--------------------------------------------
HostNestNum = 5, P_a = 0.25
--------------------------------------------
-- 2020-06-10 05:26 result data
OFV: 579.0	/ CPU: 5.860 seconds 	/ department sequence: [11, 2, 7, 5, 6, 1, 9, 10, 3, 4, 8]
OFV: 578.5	/ CPU: 5.167 seconds 	/ department sequence: [11, 2, 9, 5, 6, 1, 7, 10, 3, 8, 4]
OFV: 578.0	/ CPU: 3.579 seconds 	/ department sequence: [4, 8, 10, 3, 1, 6, 7, 9, 5, 2, 11]
OFV: 578.0	/ CPU: 7.903 seconds 	/ department sequence: [4, 8, 10, 3, 1, 6, 7, 9, 5, 2, 11]
OFV: 578.0	/ CPU: 5.688 seconds 	/ department sequence: [8, 4, 10, 3, 1, 6, 7, 9, 5, 2, 11]
OFV: 578.0	/ CPU: 4.089 seconds 	/ department sequence: [4, 8, 10, 3, 1, 6, 7, 9, 5, 2, 11]
OFV: 578.0	/ CPU: 5.838 seconds 	/ department sequence: [8, 4, 10, 3, 1, 6, 7, 9, 5, 2, 11]
OFV: 578.0	/ CPU: 3.604 seconds 	/ department sequence: [4, 8, 10, 3, 1, 6, 7, 9, 5, 2, 11]
OFV: 578.0	/ CPU: 6.361 seconds 	/ department sequence: [4, 8, 10, 3, 1, 6, 7, 9, 5, 2, 11]
OFV: 578.0	/ CPU: 3.859 seconds 	/ department sequence: [8, 4, 10, 3, 1, 6, 7, 9, 5, 2, 11]
-- Am11e result
--------------------------------------------
HostNestNum = 5, P_a = 0.25
--------------------------------------------
-- 2020-06-10 05:27 result data
OFV: 578.5	/ CPU: 8.377 seconds 	/ department sequence: [11, 2, 9, 5, 6, 1, 7, 10, 3, 8, 4]
OFV: 578.0	/ CPU: 4.265 seconds 	/ department sequence: [4, 8, 10, 3, 1, 6, 7, 9, 5, 2, 11]
OFV: 578.5	/ CPU: 4.259 seconds 	/ department sequence: [11, 2, 9, 5, 6, 1, 7, 10, 3, 8, 4]
OFV: 578.0	/ CPU: 5.052 seconds 	/ department sequence: [8, 4, 10, 3, 1, 6, 7, 9, 5, 2, 11]
OFV: 578.0	/ CPU: 7.957 seconds 	/ department sequence: [4, 8, 10, 3, 1, 6, 7, 9, 5, 2, 11]
OFV: 578.0	/ CPU: 5.092 seconds 	/ department sequence: [8, 4, 10, 3, 1, 6, 7, 9, 5, 2, 11]
OFV: 578.0	/ CPU: 4.274 seconds 	/ department sequence: [4, 8, 10, 3, 1, 6, 7, 9, 5, 2, 11]
OFV: 578.0	/ CPU: 5.088 seconds 	/ department sequence: [4, 8, 10, 3, 1, 6, 7, 9, 5, 2, 11]
OFV: 578.5	/ CPU: 11.033 seconds 	/ department sequence: [11, 2, 9, 5, 6, 1, 7, 10, 3, 8, 4]
OFV: 578.0	/ CPU: 4.223 seconds 	/ department sequence: [4, 8, 10, 3, 1, 6, 7, 9, 5, 2, 11]
-- Am11e result
--------------------------------------------
HostNestNum = 5, P_a = 0.25
--------------------------------------------
-- 2020-06-10 16:44 result data
OFV: 578.0	/ CPU: 3.558 seconds 	/ department sequence: [8, 4, 10, 3, 1, 6, 7, 9, 5, 2, 11]
OFV: 578.0	/ CPU: 2.334 seconds 	/ department sequence: [8, 4, 10, 3, 1, 6, 7, 9, 5, 2, 11]
OFV: 614.0	/ CPU: 1.847 seconds 	/ department sequence: [2, 5, 6, 1, 3, 9, 7, 10, 4, 8, 11]
OFV: 578.0	/ CPU: 2.224 seconds 	/ department sequence: [8, 4, 10, 3, 1, 6, 7, 9, 5, 2, 11]
OFV: 597.0	/ CPU: 3.265 seconds 	/ department sequence: [2, 11, 5, 9, 7, 1, 6, 3, 10, 4, 8]
OFV: 614.0	/ CPU: 2.469 seconds 	/ department sequence: [2, 5, 6, 1, 3, 9, 7, 10, 4, 8, 11]
OFV: 614.0	/ CPU: 1.929 seconds 	/ department sequence: [2, 5, 6, 1, 3, 9, 7, 10, 4, 8, 11]
OFV: 578.0	/ CPU: 3.005 seconds 	/ department sequence: [8, 4, 10, 3, 1, 6, 7, 9, 5, 2, 11]
OFV: 597.0	/ CPU: 2.427 seconds 	/ department sequence: [11, 2, 5, 9, 7, 6, 1, 3, 10, 4, 8]
OFV: 578.0	/ CPU: 2.232 seconds 	/ department sequence: [4, 8, 10, 3, 1, 6, 7, 9, 5, 2, 11]
-- Am11e result
--------------------------------------------
HostNestNum = 5, P_a = 0.25
--------------------------------------------
-- 2020-06-10 16:44 result data
OFV: 578.0	/ CPU: 2.685 seconds 	/ department sequence: [4, 8, 10, 3, 1, 6, 7, 9, 5, 2, 11]
OFV: 578.0	/ CPU: 5.430 seconds 	/ department sequence: [4, 8, 10, 3, 1, 6, 7, 9, 5, 2, 11]
OFV: 578.0	/ CPU: 2.819 seconds 	/ department sequence: [4, 8, 10, 3, 1, 6, 7, 9, 5, 2, 11]
OFV: 614.0	/ CPU: 1.930 seconds 	/ department sequence: [5, 2, 6, 1, 3, 9, 7, 10, 4, 8, 11]
OFV: 578.0	/ CPU: 2.184 seconds 	/ department sequence: [4, 8, 10, 3, 1, 6, 7, 9, 5, 2, 11]
OFV: 596.0	/ CPU: 3.407 seconds 	/ department sequence: [11, 2, 9, 5, 6, 3, 7, 1, 10, 8, 4]
OFV: 578.5	/ CPU: 2.889 seconds 	/ department sequence: [11, 2, 9, 5, 6, 1, 7, 10, 3, 8, 4]
OFV: 580.0	/ CPU: 2.262 seconds 	/ department sequence: [4, 8, 10, 3, 1, 6, 2, 5, 9, 7, 11]
OFV: 580.0	/ CPU: 3.516 seconds 	/ department sequence: [8, 4, 10, 3, 1, 6, 2, 5, 7, 9, 11]
OFV: 578.0	/ CPU: 2.956 seconds 	/ department sequence: [4, 8, 10, 3, 1, 6, 7, 9, 5, 2, 11]
-- Am11e result
--------------------------------------------
HostNestNum = 5, P_a = 0.25
--------------------------------------------
-- 2020-06-10 16:45 result data
OFV: 578.5	/ CPU: 5.417 seconds 	/ department sequence: [11, 2, 9, 5, 6, 1, 7, 10, 3, 8, 4]
OFV: 597.0	/ CPU: 3.571 seconds 	/ department sequence: [11, 2, 5, 9, 7, 6, 1, 3, 10, 4, 8]
OFV: 587.5	/ CPU: 6.357 seconds 	/ department sequence: [11, 9, 2, 7, 6, 1, 5, 10, 3, 8, 4]
OFV: 578.0	/ CPU: 3.983 seconds 	/ department sequence: [4, 8, 10, 3, 1, 6, 7, 9, 5, 2, 11]
OFV: 578.0	/ CPU: 4.258 seconds 	/ department sequence: [4, 8, 10, 3, 1, 6, 7, 9, 5, 2, 11]
OFV: 578.0	/ CPU: 3.390 seconds 	/ department sequence: [4, 8, 10, 3, 1, 6, 7, 9, 5, 2, 11]
OFV: 578.0	/ CPU: 3.911 seconds 	/ department sequence: [8, 4, 10, 3, 1, 6, 7, 9, 5, 2, 11]
OFV: 614.0	/ CPU: 2.605 seconds 	/ department sequence: [2, 5, 6, 1, 3, 9, 7, 10, 4, 8, 11]
OFV: 578.0	/ CPU: 3.530 seconds 	/ department sequence: [4, 8, 10, 3, 1, 6, 7, 9, 5, 2, 11]
OFV: 578.0	/ CPU: 3.419 seconds 	/ department sequence: [8, 4, 10, 3, 1, 6, 7, 9, 5, 2, 11]
-- Am11e result
--------------------------------------------
HostNestNum = 5, P_a = 0.25
--------------------------------------------
-- 2020-06-10 16:45 result data
OFV: 578.0	/ CPU: 7.400 seconds 	/ department sequence: [4, 8, 10, 3, 1, 6, 7, 9, 5, 2, 11]
OFV: 578.0	/ CPU: 5.175 seconds 	/ department sequence: [8, 4, 10, 3, 1, 6, 7, 9, 5, 2, 11]
OFV: 578.0	/ CPU: 4.593 seconds 	/ department sequence: [8, 4, 10, 3, 1, 6, 7, 9, 5, 2, 11]
OFV: 578.0	/ CPU: 4.898 seconds 	/ department sequence: [8, 4, 10, 3, 1, 6, 7, 9, 5, 2, 11]
OFV: 578.0	/ CPU: 5.390 seconds 	/ department sequence: [8, 4, 10, 3, 1, 6, 7, 9, 5, 2, 11]
OFV: 578.0	/ CPU: 4.654 seconds 	/ department sequence: [4, 8, 10, 3, 1, 6, 7, 9, 5, 2, 11]
OFV: 578.0	/ CPU: 4.580 seconds 	/ department sequence: [4, 8, 10, 3, 1, 6, 7, 9, 5, 2, 11]
OFV: 578.0	/ CPU: 4.787 seconds 	/ department sequence: [4, 8, 10, 3, 1, 6, 7, 9, 5, 2, 11]
OFV: 578.0	/ CPU: 9.793 seconds 	/ department sequence: [4, 8, 10, 3, 1, 6, 7, 9, 5, 2, 11]
OFV: 597.0	/ CPU: 5.058 seconds 	/ department sequence: [11, 2, 5, 9, 7, 6, 1, 3, 10, 4, 8]
-- Am11e result
--------------------------------------------
HostNestNum = 5, P_a = 0.25
--------------------------------------------
-- 2020-06-10 23:24 result data
OFV: 578.0	/ CPU: 2.626 seconds 	/ department sequence: [8, 4, 10, 3, 1, 6, 7, 9, 5, 2, 11]
OFV: 597.0	/ CPU: 2.755 seconds 	/ department sequence: [11, 2, 5, 9, 7, 6, 1, 3, 10, 4, 8]
OFV: 597.0	/ CPU: 3.071 seconds 	/ department sequence: [11, 2, 5, 9, 7, 6, 1, 3, 10, 4, 8]
OFV: 579.0	/ CPU: 6.194 seconds 	/ department sequence: [11, 2, 7, 5, 6, 1, 9, 10, 3, 4, 8]
OFV: 578.0	/ CPU: 2.772 seconds 	/ department sequence: [8, 4, 10, 3, 1, 6, 7, 9, 5, 2, 11]
OFV: 578.0	/ CPU: 3.478 seconds 	/ department sequence: [4, 8, 10, 3, 1, 6, 7, 9, 5, 2, 11]
OFV: 578.0	/ CPU: 3.718 seconds 	/ department sequence: [8, 4, 10, 3, 1, 6, 7, 9, 5, 2, 11]
OFV: 578.0	/ CPU: 3.040 seconds 	/ department sequence: [4, 8, 10, 3, 1, 6, 7, 9, 5, 2, 11]
OFV: 578.0	/ CPU: 2.832 seconds 	/ department sequence: [8, 4, 10, 3, 1, 6, 7, 9, 5, 2, 11]
OFV: 579.0	/ CPU: 3.430 seconds 	/ department sequence: [11, 2, 7, 5, 6, 1, 9, 10, 3, 4, 8]
-- Am11e result
--------------------------------------------
HostNestNum = 5, P_a = 0.25
--------------------------------------------
-- 2020-06-10 23:24 result data
OFV: 597.0	/ CPU: 3.806 seconds 	/ department sequence: [11, 2, 5, 9, 7, 6, 1, 3, 10, 4, 8]
OFV: 578.0	/ CPU: 5.842 seconds 	/ department sequence: [8, 4, 10, 3, 1, 6, 7, 9, 5, 2, 11]
OFV: 578.0	/ CPU: 2.597 seconds 	/ department sequence: [4, 8, 10, 3, 1, 6, 7, 9, 5, 2, 11]
OFV: 578.0	/ CPU: 2.716 seconds 	/ department sequence: [4, 8, 10, 3, 1, 6, 7, 9, 5, 2, 11]
OFV: 578.5	/ CPU: 3.643 seconds 	/ department sequence: [11, 2, 9, 5, 6, 1, 7, 10, 3, 8, 4]
OFV: 578.5	/ CPU: 5.236 seconds 	/ department sequence: [11, 2, 9, 5, 6, 1, 7, 10, 3, 8, 4]
OFV: 578.0	/ CPU: 3.466 seconds 	/ department sequence: [4, 8, 10, 3, 1, 6, 7, 9, 5, 2, 11]
OFV: 578.0	/ CPU: 2.856 seconds 	/ department sequence: [4, 8, 10, 3, 1, 6, 7, 9, 5, 2, 11]
OFV: 597.0	/ CPU: 4.157 seconds 	/ department sequence: [11, 2, 5, 9, 7, 6, 1, 3, 10, 4, 8]
OFV: 578.0	/ CPU: 4.318 seconds 	/ department sequence: [11, 2, 9, 5, 3, 7, 6, 4, 1, 10, 8]
-- Am11e result
--------------------------------------------
HostNestNum = 5, P_a = 0.25
--------------------------------------------
-- 2020-06-10 23:25 result data
OFV: 578.0	/ CPU: 4.868 seconds 	/ department sequence: [4, 8, 10, 3, 1, 6, 7, 9, 5, 2, 11]
OFV: 597.0	/ CPU: 6.348 seconds 	/ department sequence: [2, 11, 5, 9, 7, 1, 6, 3, 10, 4, 8]
OFV: 578.0	/ CPU: 4.974 seconds 	/ department sequence: [8, 4, 10, 3, 1, 6, 7, 9, 5, 2, 11]
OFV: 584.5	/ CPU: 9.505 seconds 	/ department sequence: [11, 9, 5, 7, 6, 1, 2, 10, 3, 4, 8]
OFV: 578.0	/ CPU: 7.112 seconds 	/ department sequence: [4, 8, 10, 3, 1, 6, 7, 9, 5, 2, 11]
OFV: 578.0	/ CPU: 4.845 seconds 	/ department sequence: [4, 8, 10, 3, 1, 6, 7, 9, 5, 2, 11]
OFV: 578.0	/ CPU: 4.901 seconds 	/ department sequence: [8, 4, 10, 3, 1, 6, 7, 9, 5, 2, 11]
OFV: 578.0	/ CPU: 5.101 seconds 	/ department sequence: [8, 4, 10, 3, 1, 6, 7, 9, 5, 2, 11]
OFV: 578.0	/ CPU: 5.140 seconds 	/ department sequence: [8, 4, 10, 3, 1, 6, 7, 9, 5, 2, 11]
OFV: 578.0	/ CPU: 4.520 seconds 	/ department sequence: [4, 8, 10, 3, 1, 6, 7, 9, 5, 2, 11]
-- Am11e result
--------------------------------------------
HostNestNum = 5, P_a = 0.25
--------------------------------------------
-- 2020-06-10 23:26 result data
OFV: 596.0	/ CPU: 16.374 seconds 	/ department sequence: [11, 2, 9, 5, 6, 3, 7, 1, 10, 8, 4]
OFV: 578.0	/ CPU: 6.002 seconds 	/ department sequence: [4, 8, 10, 3, 1, 6, 7, 9, 5, 2, 11]
OFV: 578.0	/ CPU: 12.016 seconds 	/ department sequence: [11, 2, 9, 5, 3, 7, 6, 4, 1, 10, 8]
OFV: 578.0	/ CPU: 5.710 seconds 	/ department sequence: [4, 8, 10, 3, 1, 6, 7, 9, 5, 2, 11]
OFV: 578.0	/ CPU: 6.133 seconds 	/ department sequence: [8, 4, 10, 3, 1, 6, 7, 9, 5, 2, 11]
OFV: 578.0	/ CPU: 10.094 seconds 	/ department sequence: [4, 8, 10, 3, 1, 6, 7, 9, 5, 2, 11]
OFV: 578.5	/ CPU: 9.012 seconds 	/ department sequence: [11, 2, 9, 5, 6, 1, 7, 10, 3, 8, 4]
OFV: 578.0	/ CPU: 6.351 seconds 	/ department sequence: [8, 4, 10, 3, 1, 6, 7, 9, 5, 2, 11]
OFV: 578.0	/ CPU: 8.024 seconds 	/ department sequence: [4, 8, 10, 3, 1, 6, 7, 9, 5, 2, 11]
OFV: 578.0	/ CPU: 12.260 seconds 	/ department sequence: [4, 8, 10, 3, 1, 6, 7, 9, 5, 2, 11]
