-- Small10-7 result
--------------------------------------------
HostNestNum = 5, P_a = 0.0
--------------------------------------------
-- 2020-06-10 16:35 result data
OFV: 607.5	/ CPU: 1.481 seconds 	/ department sequence: [8, 6, 2, 4, 10, 5, 7, 1, 3, 9]
OFV: 607.5	/ CPU: 1.354 seconds 	/ department sequence: [9, 3, 1, 7, 10, 5, 2, 4, 6, 8]
OFV: 607.5	/ CPU: 1.710 seconds 	/ department sequence: [8, 6, 2, 4, 10, 5, 7, 1, 3, 9]
OFV: 607.5	/ CPU: 1.761 seconds 	/ department sequence: [8, 6, 2, 4, 10, 5, 7, 1, 3, 9]
OFV: 607.5	/ CPU: 1.676 seconds 	/ department sequence: [8, 6, 2, 4, 10, 5, 7, 1, 3, 9]
OFV: 607.5	/ CPU: 2.133 seconds 	/ department sequence: [3, 9, 1, 7, 10, 5, 2, 4, 6, 8]
OFV: 640.5	/ CPU: 1.370 seconds 	/ department sequence: [10, 7, 8, 5, 2, 6, 4, 1, 3, 9]
OFV: 607.5	/ CPU: 1.414 seconds 	/ department sequence: [9, 3, 1, 7, 10, 5, 2, 4, 6, 8]
OFV: 607.5	/ CPU: 1.440 seconds 	/ department sequence: [8, 6, 2, 4, 10, 5, 7, 1, 3, 9]
OFV: 607.5	/ CPU: 1.193 seconds 	/ department sequence: [8, 6, 2, 4, 10, 5, 7, 1, 3, 9]
-- Small10-7 result
--------------------------------------------
HostNestNum = 5, P_a = 0.0
--------------------------------------------
-- 2020-06-10 22:03 result data
OFV: 607.5	/ CPU: 3.460 seconds 	/ department sequence: [3, 9, 1, 7, 10, 5, 2, 4, 6, 8]
OFV: 640.5	/ CPU: 2.110 seconds 	/ department sequence: [7, 10, 8, 5, 2, 6, 4, 1, 3, 9]
OFV: 607.5	/ CPU: 2.164 seconds 	/ department sequence: [3, 9, 1, 7, 10, 5, 2, 4, 6, 8]
OFV: 640.5	/ CPU: 1.782 seconds 	/ department sequence: [7, 10, 8, 5, 2, 6, 4, 1, 3, 9]
OFV: 607.5	/ CPU: 1.719 seconds 	/ department sequence: [3, 9, 1, 7, 10, 5, 2, 4, 6, 8]
OFV: 607.5	/ CPU: 2.004 seconds 	/ department sequence: [9, 3, 1, 7, 10, 5, 2, 4, 6, 8]
OFV: 607.5	/ CPU: 3.013 seconds 	/ department sequence: [8, 6, 2, 4, 10, 5, 7, 1, 3, 9]
OFV: 607.5	/ CPU: 1.524 seconds 	/ department sequence: [9, 3, 1, 7, 10, 5, 2, 4, 6, 8]
OFV: 607.5	/ CPU: 2.822 seconds 	/ department sequence: [3, 9, 1, 7, 10, 5, 2, 4, 6, 8]
OFV: 607.5	/ CPU: 2.615 seconds 	/ department sequence: [6, 8, 2, 4, 10, 5, 1, 7, 9, 3]
