-- Small10-7 result
--------------------------------------------
HostNestNum = 5, P_a = 0.25
--------------------------------------------
-- 2020-06-10 16:35 result data
OFV: 607.5	/ CPU: 2.648 seconds 	/ department sequence: [8, 6, 2, 4, 10, 5, 7, 1, 3, 9]
OFV: 607.5	/ CPU: 2.895 seconds 	/ department sequence: [8, 6, 2, 4, 10, 5, 7, 1, 3, 9]
OFV: 607.5	/ CPU: 2.773 seconds 	/ department sequence: [9, 3, 1, 7, 10, 5, 2, 4, 6, 8]
OFV: 607.5	/ CPU: 2.309 seconds 	/ department sequence: [6, 8, 2, 4, 10, 5, 1, 7, 9, 3]
OFV: 607.5	/ CPU: 2.148 seconds 	/ department sequence: [8, 6, 2, 4, 10, 5, 7, 1, 3, 9]
OFV: 607.5	/ CPU: 3.062 seconds 	/ department sequence: [6, 8, 2, 4, 10, 5, 1, 7, 9, 3]
OFV: 607.5	/ CPU: 2.596 seconds 	/ department sequence: [8, 6, 2, 4, 10, 5, 7, 1, 3, 9]
OFV: 607.5	/ CPU: 2.736 seconds 	/ department sequence: [8, 6, 2, 4, 10, 5, 7, 1, 3, 9]
OFV: 607.5	/ CPU: 2.752 seconds 	/ department sequence: [8, 6, 2, 4, 10, 5, 7, 1, 3, 9]
OFV: 607.5	/ CPU: 2.379 seconds 	/ department sequence: [8, 6, 2, 4, 10, 5, 7, 1, 3, 9]
-- Small10-7 result
--------------------------------------------
HostNestNum = 5, P_a = 0.25
--------------------------------------------
-- 2020-06-10 16:36 result data
OFV: 607.5	/ CPU: 2.662 seconds 	/ department sequence: [8, 6, 2, 4, 10, 5, 7, 1, 3, 9]
OFV: 607.5	/ CPU: 2.291 seconds 	/ department sequence: [3, 9, 1, 7, 10, 5, 2, 4, 6, 8]
OFV: 607.5	/ CPU: 2.683 seconds 	/ department sequence: [8, 6, 2, 4, 10, 5, 7, 1, 3, 9]
OFV: 607.5	/ CPU: 2.590 seconds 	/ department sequence: [3, 9, 1, 7, 10, 5, 2, 4, 6, 8]
OFV: 607.5	/ CPU: 2.066 seconds 	/ department sequence: [8, 6, 2, 4, 10, 5, 7, 1, 3, 9]
OFV: 607.5	/ CPU: 2.393 seconds 	/ department sequence: [3, 9, 1, 7, 10, 5, 2, 4, 6, 8]
OFV: 607.5	/ CPU: 3.031 seconds 	/ department sequence: [9, 3, 1, 7, 10, 5, 2, 4, 6, 8]
OFV: 607.5	/ CPU: 2.840 seconds 	/ department sequence: [8, 6, 2, 4, 10, 5, 7, 1, 3, 9]
OFV: 607.5	/ CPU: 3.431 seconds 	/ department sequence: [8, 6, 2, 4, 10, 5, 7, 1, 3, 9]
OFV: 607.5	/ CPU: 2.419 seconds 	/ department sequence: [8, 6, 2, 4, 10, 5, 7, 1, 3, 9]
-- Small10-7 result
--------------------------------------------
HostNestNum = 5, P_a = 0.25
--------------------------------------------
-- 2020-06-10 16:36 result data
OFV: 607.5	/ CPU: 3.594 seconds 	/ department sequence: [8, 6, 2, 4, 10, 5, 7, 1, 3, 9]
OFV: 607.5	/ CPU: 3.591 seconds 	/ department sequence: [3, 9, 1, 7, 10, 5, 2, 4, 6, 8]
OFV: 607.5	/ CPU: 3.589 seconds 	/ department sequence: [3, 9, 1, 7, 10, 5, 2, 4, 6, 8]
OFV: 607.5	/ CPU: 3.432 seconds 	/ department sequence: [9, 3, 1, 7, 10, 5, 2, 4, 6, 8]
OFV: 607.5	/ CPU: 3.103 seconds 	/ department sequence: [9, 3, 1, 7, 10, 5, 2, 4, 6, 8]
OFV: 607.5	/ CPU: 4.117 seconds 	/ department sequence: [3, 9, 1, 7, 10, 5, 2, 4, 6, 8]
OFV: 607.5	/ CPU: 3.558 seconds 	/ department sequence: [8, 6, 2, 4, 10, 5, 7, 1, 3, 9]
OFV: 607.5	/ CPU: 3.454 seconds 	/ department sequence: [8, 6, 2, 4, 10, 5, 7, 1, 3, 9]
OFV: 607.5	/ CPU: 3.142 seconds 	/ department sequence: [9, 3, 1, 7, 10, 5, 2, 4, 6, 8]
OFV: 607.5	/ CPU: 3.548 seconds 	/ department sequence: [8, 6, 2, 4, 10, 5, 7, 1, 3, 9]
-- Small10-7 result
--------------------------------------------
HostNestNum = 5, P_a = 0.25
--------------------------------------------
-- 2020-06-10 16:37 result data
OFV: 607.5	/ CPU: 4.738 seconds 	/ department sequence: [8, 6, 2, 4, 10, 5, 7, 1, 3, 9]
OFV: 607.5	/ CPU: 4.969 seconds 	/ department sequence: [6, 8, 2, 4, 10, 5, 1, 7, 9, 3]
OFV: 607.5	/ CPU: 4.447 seconds 	/ department sequence: [8, 6, 2, 4, 10, 5, 7, 1, 3, 9]
OFV: 607.5	/ CPU: 5.119 seconds 	/ department sequence: [9, 3, 1, 7, 10, 5, 2, 4, 6, 8]
OFV: 607.5	/ CPU: 4.658 seconds 	/ department sequence: [9, 3, 1, 7, 10, 5, 2, 4, 6, 8]
OFV: 607.5	/ CPU: 4.448 seconds 	/ department sequence: [9, 3, 1, 7, 10, 5, 2, 4, 6, 8]
OFV: 607.5	/ CPU: 4.609 seconds 	/ department sequence: [8, 6, 2, 4, 10, 5, 7, 1, 3, 9]
OFV: 607.5	/ CPU: 4.394 seconds 	/ department sequence: [3, 9, 1, 7, 10, 5, 2, 4, 6, 8]
OFV: 607.5	/ CPU: 4.890 seconds 	/ department sequence: [8, 6, 2, 4, 10, 5, 7, 1, 3, 9]
OFV: 607.5	/ CPU: 4.859 seconds 	/ department sequence: [6, 8, 2, 4, 10, 5, 1, 7, 9, 3]
-- Small10-7 result
--------------------------------------------
HostNestNum = 5, P_a = 0.25
--------------------------------------------
-- 2020-06-10 22:04 result data
OFV: 607.5	/ CPU: 3.394 seconds 	/ department sequence: [9, 3, 1, 7, 10, 5, 2, 4, 6, 8]
OFV: 607.5	/ CPU: 4.341 seconds 	/ department sequence: [8, 6, 2, 4, 10, 5, 7, 1, 3, 9]
OFV: 607.5	/ CPU: 3.608 seconds 	/ department sequence: [8, 6, 2, 4, 10, 5, 7, 1, 3, 9]
OFV: 607.5	/ CPU: 3.475 seconds 	/ department sequence: [8, 6, 2, 4, 10, 5, 7, 1, 3, 9]
OFV: 607.5	/ CPU: 3.238 seconds 	/ department sequence: [8, 6, 2, 4, 10, 5, 7, 1, 3, 9]
OFV: 607.5	/ CPU: 2.796 seconds 	/ department sequence: [3, 9, 1, 7, 10, 5, 2, 4, 6, 8]
OFV: 607.5	/ CPU: 3.244 seconds 	/ department sequence: [8, 6, 2, 4, 10, 5, 7, 1, 3, 9]
OFV: 607.5	/ CPU: 2.722 seconds 	/ department sequence: [8, 6, 2, 4, 10, 5, 7, 1, 3, 9]
OFV: 607.5	/ CPU: 2.477 seconds 	/ department sequence: [9, 3, 1, 7, 10, 5, 2, 4, 6, 8]
OFV: 607.5	/ CPU: 2.753 seconds 	/ department sequence: [8, 6, 2, 4, 10, 5, 7, 1, 3, 9]
-- Small10-7 result
--------------------------------------------
HostNestNum = 5, P_a = 0.25
--------------------------------------------
-- 2020-06-10 22:04 result data
OFV: 607.5	/ CPU: 2.929 seconds 	/ department sequence: [9, 3, 1, 7, 10, 5, 2, 4, 6, 8]
OFV: 607.5	/ CPU: 3.229 seconds 	/ department sequence: [8, 6, 2, 4, 10, 5, 7, 1, 3, 9]
OFV: 607.5	/ CPU: 3.047 seconds 	/ department sequence: [9, 3, 1, 7, 10, 5, 2, 4, 6, 8]
OFV: 607.5	/ CPU: 3.439 seconds 	/ department sequence: [6, 8, 2, 4, 10, 5, 1, 7, 9, 3]
OFV: 607.5	/ CPU: 2.940 seconds 	/ department sequence: [9, 3, 1, 7, 10, 5, 2, 4, 6, 8]
OFV: 607.5	/ CPU: 4.047 seconds 	/ department sequence: [8, 6, 2, 4, 10, 5, 7, 1, 3, 9]
