-- Small09-8 result
--------------------------------------------
HostNestNum = 5, P_a = 0.0
--------------------------------------------
-- 2020-06-10 14:37 result data
OFV: 4154.0	/ CPU: 1.163 seconds 	/ department sequence: [9, 2, 4, 6, 3, 1, 8, 5, 7]
OFV: 4154.0	/ CPU: 1.289 seconds 	/ department sequence: [2, 9, 4, 6, 3, 1, 8, 5, 7]
OFV: 4154.0	/ CPU: 1.427 seconds 	/ department sequence: [2, 9, 4, 6, 3, 1, 8, 5, 7]
OFV: 4154.5	/ CPU: 1.125 seconds 	/ department sequence: [2, 9, 4, 6, 3, 1, 8, 5, 7]
OFV: 4154.5	/ CPU: 1.285 seconds 	/ department sequence: [9, 2, 4, 6, 3, 1, 8, 5, 7]
OFV: 4154.0	/ CPU: 1.257 seconds 	/ department sequence: [7, 5, 8, 1, 3, 6, 4, 2, 9]
OFV: 4154.0	/ CPU: 1.225 seconds 	/ department sequence: [2, 9, 4, 6, 3, 1, 8, 5, 7]
OFV: 4154.0	/ CPU: 1.186 seconds 	/ department sequence: [2, 9, 4, 6, 3, 1, 8, 5, 7]
OFV: 4154.0	/ CPU: 1.223 seconds 	/ department sequence: [2, 9, 4, 6, 3, 1, 8, 5, 7]
OFV: 4154.0	/ CPU: 1.606 seconds 	/ department sequence: [2, 9, 4, 6, 3, 1, 8, 5, 7]
-- Small09-8 result
--------------------------------------------
HostNestNum = 5, P_a = 0.0
--------------------------------------------
-- 2020-06-10 21:52 result data
OFV: 4154.0	/ CPU: 2.273 seconds 	/ department sequence: [2, 9, 4, 6, 3, 1, 8, 5, 7]
OFV: 4154.0	/ CPU: 1.246 seconds 	/ department sequence: [2, 9, 4, 6, 3, 1, 8, 5, 7]
OFV: 4154.0	/ CPU: 1.285 seconds 	/ department sequence: [2, 9, 4, 6, 3, 1, 8, 5, 7]
OFV: 4154.0	/ CPU: 1.171 seconds 	/ department sequence: [2, 9, 4, 6, 3, 1, 8, 5, 7]
OFV: 4154.0	/ CPU: 1.237 seconds 	/ department sequence: [2, 9, 4, 6, 3, 1, 8, 5, 7]
OFV: 4154.0	/ CPU: 1.201 seconds 	/ department sequence: [2, 9, 4, 6, 3, 1, 8, 5, 7]
OFV: 4154.0	/ CPU: 1.124 seconds 	/ department sequence: [2, 9, 4, 6, 3, 1, 8, 5, 7]
OFV: 4154.0	/ CPU: 1.264 seconds 	/ department sequence: [9, 2, 4, 6, 3, 1, 8, 5, 7]
OFV: 4154.0	/ CPU: 1.254 seconds 	/ department sequence: [9, 2, 4, 6, 3, 1, 8, 5, 7]
OFV: 4154.0	/ CPU: 1.163 seconds 	/ department sequence: [2, 9, 4, 6, 3, 1, 8, 5, 7]
