-- Small09-8 result
--------------------------------------------
HostNestNum = 5, P_a = 0.25
--------------------------------------------
-- 2020-06-10 14:38 result data
OFV: 4154.0	/ CPU: 2.159 seconds 	/ department sequence: [7, 5, 8, 1, 3, 6, 4, 2, 9]
OFV: 4154.0	/ CPU: 2.479 seconds 	/ department sequence: [2, 9, 4, 6, 3, 1, 8, 5, 7]
OFV: 4154.5	/ CPU: 2.006 seconds 	/ department sequence: [2, 9, 4, 6, 3, 1, 8, 5, 7]
OFV: 4154.0	/ CPU: 1.927 seconds 	/ department sequence: [9, 2, 4, 6, 3, 1, 8, 5, 7]
OFV: 4154.0	/ CPU: 1.935 seconds 	/ department sequence: [2, 9, 4, 6, 3, 1, 8, 5, 7]
OFV: 4154.0	/ CPU: 1.829 seconds 	/ department sequence: [2, 9, 4, 6, 3, 1, 8, 5, 7]
OFV: 4154.0	/ CPU: 1.842 seconds 	/ department sequence: [9, 2, 4, 6, 3, 1, 8, 5, 7]
OFV: 4154.0	/ CPU: 3.375 seconds 	/ department sequence: [2, 9, 4, 6, 3, 1, 8, 5, 7]
OFV: 4154.0	/ CPU: 2.240 seconds 	/ department sequence: [2, 9, 4, 6, 3, 1, 8, 5, 7]
OFV: 4154.0	/ CPU: 2.583 seconds 	/ department sequence: [9, 2, 4, 6, 3, 1, 8, 5, 7]
-- Small09-8 result
--------------------------------------------
HostNestNum = 5, P_a = 0.25
--------------------------------------------
-- 2020-06-10 14:38 result data
OFV: 4154.5	/ CPU: 2.212 seconds 	/ department sequence: [2, 9, 4, 6, 3, 1, 8, 5, 7]
OFV: 4154.0	/ CPU: 3.060 seconds 	/ department sequence: [5, 7, 8, 1, 3, 6, 4, 2, 9]
OFV: 4154.0	/ CPU: 2.402 seconds 	/ department sequence: [9, 2, 4, 6, 3, 1, 8, 5, 7]
OFV: 4154.0	/ CPU: 2.079 seconds 	/ department sequence: [2, 9, 4, 6, 3, 1, 8, 5, 7]
OFV: 4154.0	/ CPU: 1.942 seconds 	/ department sequence: [2, 9, 4, 6, 3, 1, 8, 5, 7]
OFV: 4154.0	/ CPU: 2.148 seconds 	/ department sequence: [2, 9, 4, 6, 3, 1, 8, 5, 7]
OFV: 4154.0	/ CPU: 1.938 seconds 	/ department sequence: [5, 7, 8, 1, 3, 6, 4, 2, 9]
OFV: 4154.0	/ CPU: 2.042 seconds 	/ department sequence: [7, 5, 8, 1, 3, 6, 4, 2, 9]
OFV: 4154.0	/ CPU: 2.249 seconds 	/ department sequence: [2, 9, 4, 6, 3, 1, 8, 5, 7]
OFV: 4154.0	/ CPU: 1.987 seconds 	/ department sequence: [9, 2, 4, 6, 3, 1, 8, 5, 7]
-- Small09-8 result
--------------------------------------------
HostNestNum = 5, P_a = 0.25
--------------------------------------------
-- 2020-06-10 14:38 result data
OFV: 4154.0	/ CPU: 2.982 seconds 	/ department sequence: [2, 9, 4, 6, 3, 1, 8, 5, 7]
OFV: 4154.0	/ CPU: 3.365 seconds 	/ department sequence: [5, 7, 8, 1, 3, 6, 4, 2, 9]
OFV: 4154.0	/ CPU: 5.929 seconds 	/ department sequence: [2, 9, 4, 6, 3, 1, 8, 5, 7]
OFV: 4154.0	/ CPU: 3.365 seconds 	/ department sequence: [5, 7, 8, 1, 3, 6, 4, 2, 9]
OFV: 4154.0	/ CPU: 3.954 seconds 	/ department sequence: [2, 9, 4, 6, 3, 1, 8, 5, 7]
OFV: 4154.0	/ CPU: 4.023 seconds 	/ department sequence: [2, 9, 4, 6, 3, 1, 8, 5, 7]
OFV: 4154.0	/ CPU: 4.063 seconds 	/ department sequence: [9, 2, 4, 6, 3, 1, 8, 5, 7]
OFV: 4154.0	/ CPU: 4.110 seconds 	/ department sequence: [2, 9, 4, 6, 3, 1, 8, 5, 7]
OFV: 4154.0	/ CPU: 3.842 seconds 	/ department sequence: [5, 7, 8, 1, 3, 6, 4, 2, 9]
OFV: 4154.0	/ CPU: 3.625 seconds 	/ department sequence: [2, 9, 4, 6, 3, 1, 8, 5, 7]
-- Small09-8 result
--------------------------------------------
HostNestNum = 5, P_a = 0.25
--------------------------------------------
-- 2020-06-10 14:39 result data
OFV: 4154.0	/ CPU: 5.020 seconds 	/ department sequence: [2, 9, 4, 6, 3, 1, 8, 5, 7]
OFV: 4154.0	/ CPU: 4.678 seconds 	/ department sequence: [2, 9, 4, 6, 3, 1, 8, 5, 7]
OFV: 4154.0	/ CPU: 4.581 seconds 	/ department sequence: [5, 7, 8, 1, 3, 6, 4, 2, 9]
OFV: 4154.0	/ CPU: 4.081 seconds 	/ department sequence: [9, 2, 4, 6, 3, 1, 8, 5, 7]
OFV: 4154.0	/ CPU: 4.270 seconds 	/ department sequence: [2, 9, 4, 6, 3, 1, 8, 5, 7]
OFV: 4154.0	/ CPU: 7.740 seconds 	/ department sequence: [7, 5, 8, 1, 3, 6, 4, 2, 9]
OFV: 4154.0	/ CPU: 5.726 seconds 	/ department sequence: [2, 9, 4, 6, 3, 1, 8, 5, 7]
OFV: 4154.0	/ CPU: 5.900 seconds 	/ department sequence: [2, 9, 4, 6, 3, 1, 8, 5, 7]
OFV: 4154.0	/ CPU: 5.364 seconds 	/ department sequence: [2, 9, 4, 6, 3, 1, 8, 5, 7]
OFV: 4154.0	/ CPU: 6.017 seconds 	/ department sequence: [9, 2, 4, 6, 3, 1, 8, 5, 7]
-- Small09-8 result
--------------------------------------------
HostNestNum = 5, P_a = 0.25
--------------------------------------------
-- 2020-06-10 21:53 result data
OFV: 4154.0	/ CPU: 1.876 seconds 	/ department sequence: [2, 9, 4, 6, 3, 1, 8, 5, 7]
OFV: 4154.0	/ CPU: 2.003 seconds 	/ department sequence: [9, 2, 4, 6, 3, 1, 8, 5, 7]
OFV: 4154.0	/ CPU: 2.186 seconds 	/ department sequence: [2, 9, 4, 6, 3, 1, 8, 5, 7]
OFV: 4154.0	/ CPU: 1.811 seconds 	/ department sequence: [9, 2, 4, 6, 3, 1, 8, 5, 7]
OFV: 4154.0	/ CPU: 2.006 seconds 	/ department sequence: [2, 9, 4, 6, 3, 1, 8, 5, 7]
OFV: 4154.0	/ CPU: 3.530 seconds 	/ department sequence: [5, 7, 8, 1, 3, 6, 4, 2, 9]
OFV: 4154.0	/ CPU: 2.326 seconds 	/ department sequence: [2, 9, 4, 6, 3, 1, 8, 5, 7]
OFV: 4154.0	/ CPU: 2.303 seconds 	/ department sequence: [5, 7, 8, 1, 3, 6, 4, 2, 9]
OFV: 4154.0	/ CPU: 2.429 seconds 	/ department sequence: [2, 9, 4, 6, 3, 1, 8, 5, 7]
OFV: 4154.0	/ CPU: 2.277 seconds 	/ department sequence: [2, 9, 4, 6, 3, 1, 8, 5, 7]
-- Small09-8 result
--------------------------------------------
HostNestNum = 5, P_a = 0.25
--------------------------------------------
-- 2020-06-10 21:53 result data
OFV: 4154.0	/ CPU: 2.396 seconds 	/ department sequence: [9, 2, 4, 6, 3, 1, 8, 5, 7]
OFV: 4154.0	/ CPU: 2.352 seconds 	/ department sequence: [5, 7, 8, 1, 3, 6, 4, 2, 9]
OFV: 4154.0	/ CPU: 2.329 seconds 	/ department sequence: [7, 5, 8, 1, 3, 6, 4, 2, 9]
OFV: 4154.0	/ CPU: 2.730 seconds 	/ department sequence: [2, 9, 4, 6, 3, 1, 8, 5, 7]
OFV: 4154.0	/ CPU: 2.650 seconds 	/ department sequence: [5, 7, 8, 1, 3, 6, 4, 2, 9]
OFV: 4154.0	/ CPU: 2.595 seconds 	/ department sequence: [5, 7, 8, 1, 3, 6, 4, 2, 9]
OFV: 4154.0	/ CPU: 2.539 seconds 	/ department sequence: [2, 9, 4, 6, 3, 1, 8, 5, 7]
OFV: 4154.0	/ CPU: 2.524 seconds 	/ department sequence: [9, 2, 4, 6, 3, 1, 8, 5, 7]
OFV: 4154.0	/ CPU: 2.806 seconds 	/ department sequence: [5, 7, 8, 1, 3, 6, 4, 2, 9]
OFV: 4154.0	/ CPU: 2.503 seconds 	/ department sequence: [9, 2, 4, 6, 3, 1, 8, 5, 7]
-- Small09-8 result
--------------------------------------------
HostNestNum = 5, P_a = 0.25
--------------------------------------------
-- 2020-06-10 21:53 result data
OFV: 4154.0	/ CPU: 3.728 seconds 	/ department sequence: [9, 2, 4, 6, 3, 1, 8, 5, 7]
OFV: 4154.0	/ CPU: 3.814 seconds 	/ department sequence: [2, 9, 4, 6, 3, 1, 8, 5, 7]
OFV: 4154.0	/ CPU: 4.584 seconds 	/ department sequence: [2, 9, 4, 6, 3, 1, 8, 5, 7]
