-- AnKeVa60-1 result
--------------------------------------------
HostNestNum = 10, P_a = 0.0
--------------------------------------------
-- 2019-01-11 17:20 result data
OFV: 1760434.0	/ CPU: 63.344 seconds 	/ department sequence: [27, 24, 11, 18, 56, 3, 37, 43, 54, 25, 21, 51, 7, 12, 15, 6, 5, 17, 16, 32, 57, 29, 55, 8, 31, 35, 36, 23, 4, 2, 14, 44, 26, 46, 41, 28, 47, 38, 50, 22, 42, 13, 10, 33, 9, 19, 20, 48, 53, 52, 60, 49, 39, 59, 34, 30, 40, 58, 45, 1]
OFV: 1813989.0	/ CPU: 17.574 seconds 	/ department sequence: [40, 30, 54, 55, 27, 34, 59, 24, 20, 19, 48, 18, 15, 56, 49, 46, 58, 51, 38, 33, 17, 6, 21, 32, 9, 23, 35, 42, 7, 2, 8, 4, 45, 13, 12, 28, 14, 29, 16, 31, 44, 36, 26, 22, 5, 52, 60, 57, 37, 41, 25, 47, 50, 43, 3, 11, 10, 39, 53, 1]
OFV: 1847444.0	/ CPU: 37.319 seconds 	/ department sequence: [1, 18, 15, 19, 11, 10, 60, 3, 38, 42, 48, 49, 53, 24, 6, 47, 21, 5, 9, 22, 26, 7, 12, 32, 57, 2, 14, 17, 8, 4, 13, 50, 29, 46, 16, 43, 28, 25, 33, 31, 59, 51, 55, 37, 58, 23, 20, 45, 35, 44, 36, 30, 52, 56, 54, 39, 40, 41, 34, 27]
OFV: 1841371.0	/ CPU: 18.933 seconds 	/ department sequence: [56, 50, 11, 60, 41, 58, 18, 27, 34, 48, 15, 3, 37, 44, 19, 28, 17, 10, 9, 30, 5, 7, 6, 14, 12, 16, 13, 35, 8, 21, 29, 26, 23, 2, 49, 36, 33, 4, 55, 22, 31, 32, 47, 40, 24, 38, 45, 43, 53, 46, 52, 42, 57, 25, 20, 59, 39, 54, 51, 1]
OFV: 1940447.0	/ CPU: 22.730 seconds 	/ department sequence: [54, 37, 48, 57, 56, 24, 44, 7, 33, 19, 30, 9, 45, 6, 26, 23, 31, 39, 13, 12, 60, 43, 52, 17, 40, 51, 4, 16, 14, 8, 2, 25, 49, 5, 42, 47, 55, 35, 53, 29, 41, 50, 36, 20, 27, 46, 22, 28, 38, 58, 32, 3, 15, 10, 59, 18, 11, 34, 21, 1]
OFV: 1770675.0	/ CPU: 61.563 seconds 	/ department sequence: [48, 51, 37, 30, 27, 29, 18, 28, 3, 57, 24, 10, 7, 6, 5, 41, 23, 59, 32, 19, 44, 17, 13, 36, 42, 26, 16, 12, 9, 4, 2, 40, 46, 33, 8, 14, 45, 54, 22, 25, 31, 53, 58, 35, 50, 38, 49, 52, 34, 47, 21, 56, 43, 60, 55, 11, 15, 20, 39, 1]
OFV: 1789957.0	/ CPU: 29.837 seconds 	/ department sequence: [48, 18, 25, 56, 60, 27, 20, 11, 19, 3, 6, 12, 23, 17, 34, 28, 51, 44, 29, 40, 41, 55, 36, 45, 43, 5, 4, 50, 7, 31, 26, 8, 32, 46, 13, 16, 14, 2, 38, 37, 33, 47, 54, 22, 42, 57, 9, 21, 59, 58, 10, 35, 52, 24, 15, 49, 53, 39, 30, 1]
OFV: 1908123.0	/ CPU: 25.213 seconds 	/ department sequence: [39, 11, 27, 52, 28, 18, 30, 59, 10, 36, 19, 21, 32, 49, 34, 22, 25, 31, 47, 58, 29, 43, 5, 6, 44, 7, 8, 9, 17, 2, 46, 4, 13, 40, 60, 26, 48, 41, 16, 14, 42, 35, 37, 55, 12, 56, 15, 45, 23, 33, 51, 38, 20, 54, 53, 57, 3, 24, 50, 1]
OFV: 1906507.0	/ CPU: 28.962 seconds 	/ department sequence: [1, 56, 51, 39, 36, 23, 57, 20, 46, 15, 10, 18, 19, 49, 26, 58, 52, 25, 37, 32, 16, 59, 14, 53, 7, 12, 31, 8, 4, 2, 45, 33, 48, 38, 21, 17, 9, 13, 47, 42, 29, 54, 22, 41, 5, 6, 60, 44, 43, 55, 35, 3, 34, 50, 27, 11, 30, 24, 28, 40]
OFV: 1803279.0	/ CPU: 23.931 seconds 	/ department sequence: [48, 60, 39, 53, 24, 30, 34, 18, 11, 15, 10, 56, 19, 41, 7, 6, 14, 12, 22, 23, 25, 47, 16, 33, 35, 52, 32, 54, 28, 44, 13, 26, 2, 4, 9, 49, 8, 42, 5, 59, 29, 36, 55, 45, 17, 38, 57, 50, 51, 20, 31, 21, 40, 46, 37, 3, 27, 43, 58, 1]
-- AnKeVa60-1 result
--------------------------------------------
HostNestNum = 10, P_a = 0.0
--------------------------------------------
-- 2019-01-31 20:29 result data
OFV: 1487364.0	/ CPU: 40.716 seconds 	/ department sequence: [27, 11, 34, 48, 18, 28, 55, 24, 15, 21, 59, 3, 40, 25, 54, 6, 46, 51, 7, 12, 9, 16, 5, 36, 44, 13, 32, 35, 42, 33, 4, 8, 26, 17, 2, 14, 49, 22, 29, 41, 47, 23, 38, 57, 45, 31, 43, 53, 50, 37, 10, 52, 19, 58, 30, 60, 20, 39, 56, 1]
OFV: 1538622.0	/ CPU: 27.106 seconds 	/ department sequence: [11, 48, 56, 39, 24, 21, 15, 59, 3, 10, 43, 57, 45, 47, 31, 38, 44, 12, 29, 36, 35, 4, 8, 14, 32, 17, 26, 33, 2, 16, 42, 13, 22, 49, 41, 7, 5, 54, 23, 6, 50, 9, 46, 51, 37, 25, 40, 53, 52, 19, 30, 58, 60, 55, 20, 34, 28, 18, 27, 1]
OFV: 1487705.0	/ CPU: 24.866 seconds 	/ department sequence: [34, 48, 11, 27, 28, 56, 24, 15, 55, 21, 3, 40, 25, 51, 6, 46, 54, 7, 12, 9, 36, 47, 44, 16, 13, 35, 4, 41, 42, 32, 22, 26, 8, 2, 14, 33, 17, 49, 5, 29, 38, 57, 23, 45, 31, 37, 50, 43, 53, 10, 59, 52, 58, 30, 19, 60, 20, 39, 18, 1]
OFV: 1546294.0	/ CPU: 28.270 seconds 	/ department sequence: [1, 11, 39, 20, 60, 15, 21, 19, 52, 59, 25, 53, 40, 46, 43, 6, 45, 54, 12, 38, 44, 29, 41, 36, 4, 22, 16, 13, 26, 14, 32, 17, 8, 2, 33, 42, 50, 35, 49, 47, 23, 5, 7, 31, 9, 57, 51, 37, 10, 3, 30, 58, 55, 24, 56, 18, 34, 28, 27, 48]
OFV: 1495910.0	/ CPU: 39.354 seconds 	/ department sequence: [11, 27, 48, 18, 56, 21, 24, 55, 59, 40, 3, 25, 37, 51, 6, 7, 54, 12, 38, 44, 47, 35, 4, 16, 26, 8, 13, 33, 2, 32, 17, 36, 29, 14, 22, 42, 49, 9, 23, 41, 5, 57, 45, 31, 43, 46, 53, 10, 50, 52, 15, 30, 19, 58, 60, 20, 28, 39, 34, 1]
OFV: 1487940.0	/ CPU: 27.802 seconds 	/ department sequence: [11, 27, 28, 34, 48, 56, 24, 21, 15, 59, 3, 40, 25, 6, 54, 46, 51, 12, 7, 47, 44, 36, 16, 35, 32, 13, 26, 2, 22, 8, 50, 4, 17, 42, 14, 33, 41, 49, 9, 57, 29, 23, 38, 45, 5, 31, 43, 37, 53, 10, 52, 19, 58, 30, 60, 55, 20, 39, 18, 1]
OFV: 1498002.0	/ CPU: 74.784 seconds 	/ department sequence: [1, 34, 27, 39, 20, 28, 60, 30, 58, 19, 15, 52, 10, 46, 50, 37, 43, 31, 23, 45, 29, 9, 41, 5, 38, 49, 42, 14, 22, 36, 26, 2, 17, 33, 8, 32, 13, 4, 16, 35, 44, 47, 57, 12, 51, 54, 7, 6, 53, 25, 40, 3, 59, 21, 55, 24, 56, 18, 48, 11]
OFV: 1487886.0	/ CPU: 41.725 seconds 	/ department sequence: [27, 11, 48, 34, 28, 18, 24, 21, 55, 15, 59, 3, 40, 25, 54, 6, 46, 12, 57, 7, 36, 9, 23, 35, 29, 16, 13, 4, 32, 17, 42, 26, 8, 33, 2, 41, 14, 49, 22, 44, 47, 38, 5, 31, 51, 45, 37, 50, 43, 53, 10, 52, 30, 19, 58, 60, 20, 39, 56, 1]
OFV: 1484512.0	/ CPU: 45.149 seconds 	/ department sequence: [1, 56, 39, 20, 60, 30, 58, 19, 52, 10, 59, 50, 53, 37, 43, 31, 45, 23, 57, 5, 38, 29, 49, 33, 42, 41, 22, 2, 8, 14, 26, 17, 32, 4, 16, 13, 44, 35, 36, 47, 9, 7, 12, 46, 51, 6, 54, 25, 40, 3, 21, 15, 24, 55, 28, 18, 27, 48, 34, 11]
OFV: 1490307.0	/ CPU: 51.880 seconds 	/ department sequence: [1, 34, 18, 39, 20, 55, 60, 58, 30, 19, 52, 50, 10, 37, 43, 46, 31, 45, 23, 9, 38, 47, 12, 41, 35, 42, 22, 14, 26, 32, 33, 2, 17, 4, 8, 13, 16, 49, 29, 36, 44, 5, 57, 7, 51, 6, 54, 53, 25, 40, 3, 59, 15, 21, 24, 28, 56, 48, 11, 27]
-- AnKeVa60-1 result
--------------------------------------------
HostNestNum = 10, P_a = 0.0
--------------------------------------------
-- 2019-02-12 22:57 result data
OFV: 1483156.0	/ CPU: 670.636 seconds 	/ department sequence: [1, 56, 39, 20, 60, 58, 30, 19, 52, 10, 50, 53, 37, 43, 51, 45, 31, 23, 5, 38, 47, 29, 41, 22, 49, 14, 2, 17, 33, 8, 26, 32, 4, 35, 13, 42, 16, 36, 44, 9, 57, 7, 12, 46, 6, 54, 25, 40, 3, 59, 15, 21, 55, 24, 18, 28, 48, 34, 27, 11]
-- AnKeVa60-1 result
--------------------------------------------
HostNestNum = 10, P_a = 0.0
--------------------------------------------
-- 2019-02-13 16:24 result data
-- AnKeVa60-1 result
--------------------------------------------
HostNestNum = 10, P_a = 0.0
--------------------------------------------
-- 2019-02-13 16:36 result data
OFV: 1486080.0	/ CPU: 241.384 seconds 	/ department sequence: [48, 27, 34, 11, 18, 28, 24, 21, 15, 59, 40, 3, 25, 46, 54, 6, 51, 12, 7, 47, 36, 44, 29, 13, 16, 35, 4, 32, 17, 8, 26, 42, 2, 14, 33, 22, 41, 49, 9, 38, 5, 57, 23, 45, 31, 37, 50, 43, 53, 10, 52, 19, 30, 60, 58, 55, 20, 39, 56, 1]
