-- AnKeVa60-1 result
--------------------------------------------
HostNestNum = 45, P_a = 0.25
--------------------------------------------
-- 2019-02-13 22:52 result data
OFV: 1497195.0	/ CPU: 3358.708 seconds 	/ department sequence: [27, 11, 48, 56, 39, 24, 21, 3, 40, 25, 37, 51, 6, 43, 54, 7, 45, 12, 44, 38, 36, 16, 49, 4, 13, 26, 8, 32, 17, 2, 14, 33, 35, 22, 42, 41, 47, 9, 29, 5, 57, 23, 31, 50, 46, 53, 10, 59, 52, 30, 19, 58, 15, 60, 55, 20, 28, 18, 34, 1]
-- AnKeVa60-1 result
--------------------------------------------
HostNestNum = 45, P_a = 0.25
--------------------------------------------
-- 2019-02-19 09:27 result data
OFV: 1483485.0	/ CPU: 2162.066 seconds 	/ department sequence: [1, 34, 39, 20, 55, 60, 58, 30, 19, 59, 52, 10, 53, 50, 37, 43, 45, 31, 23, 57, 5, 29, 41, 49, 44, 14, 22, 42, 2, 17, 8, 33, 26, 32, 4, 13, 35, 16, 38, 36, 47, 9, 12, 7, 54, 46, 6, 51, 25, 40, 3, 21, 15, 24, 56, 18, 28, 48, 27, 11]
OFV: 1485567.0	/ CPU: 3123.995 seconds 	/ department sequence: [27, 34, 48, 11, 28, 18, 24, 55, 21, 15, 59, 3, 40, 25, 54, 6, 46, 51, 12, 7, 5, 44, 36, 16, 13, 29, 35, 4, 32, 8, 42, 17, 26, 2, 33, 22, 14, 41, 49, 9, 47, 38, 23, 57, 45, 31, 43, 37, 53, 50, 10, 52, 58, 19, 30, 60, 20, 39, 56, 1]
OFV: 1487961.0	/ CPU: 3623.446 seconds 	/ department sequence: [27, 11, 48, 18, 28, 24, 55, 15, 21, 59, 3, 40, 25, 37, 6, 54, 12, 7, 57, 9, 36, 44, 16, 29, 35, 4, 13, 32, 8, 26, 42, 17, 33, 2, 14, 49, 22, 47, 41, 38, 5, 23, 31, 45, 51, 46, 43, 53, 50, 10, 52, 19, 58, 60, 30, 20, 56, 39, 34, 1]
OFV: 1481613.0	/ CPU: 1697.727 seconds 	/ department sequence: [1, 56, 39, 20, 60, 30, 58, 19, 52, 59, 10, 50, 53, 37, 43, 31, 45, 23, 5, 38, 29, 44, 41, 49, 22, 14, 42, 2, 17, 33, 8, 26, 32, 4, 35, 13, 16, 36, 47, 9, 57, 12, 7, 46, 51, 54, 6, 25, 40, 3, 15, 21, 55, 24, 18, 28, 27, 48, 34, 11]
OFV: 1478927.0	/ CPU: 1897.848 seconds 	/ department sequence: [48, 27, 11, 28, 56, 24, 15, 21, 3, 40, 25, 51, 6, 54, 46, 7, 57, 12, 47, 36, 44, 13, 35, 16, 4, 26, 32, 8, 17, 2, 33, 42, 14, 41, 22, 49, 29, 38, 9, 5, 23, 31, 45, 43, 50, 37, 53, 10, 59, 52, 19, 30, 58, 60, 55, 20, 39, 18, 34, 1]
OFV: 1479515.0	/ CPU: 2399.702 seconds 	/ department sequence: [1, 34, 18, 39, 20, 55, 60, 58, 30, 19, 59, 52, 10, 53, 50, 46, 43, 31, 45, 23, 5, 29, 38, 9, 49, 22, 41, 42, 14, 17, 2, 33, 8, 32, 26, 4, 13, 35, 16, 44, 36, 47, 12, 57, 7, 54, 6, 51, 37, 25, 40, 3, 21, 15, 24, 28, 56, 48, 27, 11]
OFV: 1484668.0	/ CPU: 1216.366 seconds 	/ department sequence: [1, 34, 18, 39, 20, 60, 30, 19, 58, 59, 52, 10, 50, 53, 46, 45, 31, 23, 57, 5, 29, 9, 47, 49, 41, 22, 14, 42, 17, 2, 32, 8, 26, 33, 4, 35, 13, 16, 36, 38, 44, 12, 43, 7, 54, 6, 51, 37, 25, 40, 3, 21, 55, 15, 24, 28, 56, 48, 27, 11]
OFV: 1481867.0	/ CPU: 2396.319 seconds 	/ department sequence: [1, 56, 39, 20, 60, 30, 58, 19, 52, 59, 10, 53, 50, 37, 43, 45, 31, 23, 38, 5, 29, 47, 41, 22, 49, 14, 2, 26, 17, 8, 32, 33, 42, 4, 35, 13, 16, 36, 44, 9, 57, 7, 12, 51, 46, 54, 6, 25, 40, 3, 15, 21, 55, 24, 28, 18, 11, 48, 34, 27]
OFV: 1479475.0	/ CPU: 2754.989 seconds 	/ department sequence: [1, 34, 18, 39, 20, 60, 58, 30, 19, 52, 59, 10, 50, 53, 46, 43, 45, 31, 23, 5, 38, 29, 47, 41, 22, 49, 42, 14, 2, 17, 33, 26, 8, 32, 35, 13, 4, 16, 36, 44, 9, 57, 12, 54, 7, 6, 51, 37, 25, 40, 3, 55, 21, 15, 24, 28, 56, 48, 11, 27]
OFV: 1478050.0	/ CPU: 3061.854 seconds 	/ department sequence: [27, 11, 48, 28, 56, 24, 15, 21, 3, 40, 25, 6, 51, 46, 54, 7, 57, 12, 47, 9, 36, 44, 16, 13, 35, 4, 33, 32, 8, 26, 17, 2, 42, 14, 22, 49, 41, 29, 38, 5, 23, 45, 31, 43, 50, 37, 53, 10, 59, 52, 19, 30, 60, 58, 55, 20, 39, 18, 34, 1]
-- AnKeVa60-1 result
--------------------------------------------
HostNestNum = 45, P_a = 0.25
--------------------------------------------
-- 2020-03-24 23:29 result data
OFV: 1484608.0	/ CPU: 145.242 seconds 	/ department sequence: [27, 48, 34, 11, 18, 28, 24, 55, 21, 15, 3, 40, 25, 6, 54, 51, 46, 7, 12, 9, 47, 36, 5, 16, 35, 13, 4, 32, 26, 33, 8, 2, 17, 22, 14, 42, 41, 44, 49, 38, 29, 57, 23, 31, 45, 43, 37, 50, 53, 10, 59, 52, 19, 58, 30, 60, 20, 39, 56, 1]
OFV: 1479271.0	/ CPU: 146.443 seconds 	/ department sequence: [27, 11, 48, 56, 28, 24, 15, 21, 3, 40, 25, 37, 51, 6, 46, 54, 7, 57, 12, 9, 36, 44, 16, 13, 35, 4, 32, 8, 33, 26, 17, 2, 14, 42, 22, 49, 41, 47, 29, 38, 5, 23, 31, 45, 43, 50, 53, 10, 52, 59, 19, 30, 58, 60, 55, 20, 39, 18, 34, 1]
OFV: 1478228.0	/ CPU: 338.137 seconds 	/ department sequence: [1, 34, 18, 39, 20, 55, 60, 58, 30, 19, 59, 52, 10, 53, 50, 37, 43, 31, 45, 23, 5, 29, 38, 41, 49, 44, 22, 14, 42, 2, 17, 8, 26, 32, 33, 4, 35, 13, 16, 36, 9, 47, 12, 57, 7, 54, 46, 51, 6, 25, 40, 3, 21, 15, 24, 28, 56, 48, 11, 27]
OFV: 1477840.0	/ CPU: 169.111 seconds 	/ department sequence: [1, 34, 18, 39, 20, 55, 60, 58, 30, 19, 59, 52, 10, 53, 50, 37, 43, 31, 45, 23, 5, 38, 29, 9, 41, 49, 22, 14, 42, 17, 2, 26, 8, 33, 32, 4, 35, 13, 16, 44, 36, 47, 12, 57, 7, 54, 46, 6, 51, 25, 40, 3, 21, 15, 24, 28, 56, 48, 11, 27]
OFV: 1479261.0	/ CPU: 154.552 seconds 	/ department sequence: [27, 11, 48, 56, 28, 24, 15, 21, 3, 40, 25, 37, 51, 6, 54, 7, 12, 57, 47, 36, 44, 16, 35, 13, 4, 32, 26, 8, 33, 2, 17, 14, 42, 22, 41, 49, 9, 29, 38, 5, 23, 31, 45, 43, 46, 50, 53, 10, 52, 59, 19, 30, 58, 60, 55, 20, 39, 18, 34, 1]
OFV: 1482277.0	/ CPU: 156.838 seconds 	/ department sequence: [27, 11, 48, 56, 28, 24, 15, 21, 3, 40, 25, 37, 51, 6, 54, 7, 43, 12, 47, 36, 44, 16, 35, 13, 4, 33, 32, 8, 26, 2, 17, 22, 14, 42, 41, 49, 9, 38, 29, 5, 57, 45, 23, 31, 46, 50, 53, 10, 52, 59, 19, 30, 58, 60, 55, 20, 39, 18, 34, 1]
OFV: 1480136.0	/ CPU: 148.141 seconds 	/ department sequence: [27, 11, 48, 28, 56, 24, 15, 21, 3, 40, 25, 6, 51, 46, 54, 7, 57, 12, 47, 36, 5, 16, 13, 35, 4, 33, 32, 26, 8, 2, 17, 14, 22, 42, 41, 49, 44, 9, 29, 38, 23, 45, 31, 43, 37, 50, 53, 10, 52, 59, 19, 30, 58, 60, 55, 20, 39, 18, 34, 1]
OFV: 1479234.0	/ CPU: 154.778 seconds 	/ department sequence: [27, 11, 48, 56, 28, 24, 15, 55, 21, 3, 40, 25, 37, 51, 6, 54, 7, 12, 57, 9, 44, 36, 16, 13, 35, 4, 32, 8, 26, 33, 17, 2, 14, 42, 49, 22, 41, 47, 38, 29, 5, 23, 31, 45, 43, 46, 50, 53, 10, 59, 52, 19, 30, 58, 60, 20, 39, 18, 34, 1]
OFV: 1477834.0	/ CPU: 322.841 seconds 	/ department sequence: [27, 11, 48, 56, 28, 24, 15, 21, 3, 40, 25, 51, 6, 46, 54, 7, 57, 12, 47, 9, 36, 44, 16, 13, 35, 4, 32, 33, 8, 26, 2, 17, 14, 42, 22, 49, 41, 29, 38, 5, 23, 45, 31, 43, 37, 50, 53, 10, 52, 59, 19, 30, 58, 60, 55, 20, 39, 18, 34, 1]
OFV: 1482047.0	/ CPU: 162.009 seconds 	/ department sequence: [1, 34, 18, 39, 20, 55, 60, 58, 30, 19, 59, 52, 10, 53, 50, 46, 31, 45, 23, 57, 5, 29, 38, 49, 41, 22, 42, 14, 2, 17, 26, 8, 33, 32, 4, 13, 35, 16, 44, 9, 36, 47, 12, 43, 7, 54, 6, 51, 37, 25, 40, 3, 21, 15, 24, 28, 56, 48, 11, 27]
-- AnKeVa60-1 result
--------------------------------------------
HostNestNum = 45, P_a = 0.25
--------------------------------------------
-- 2020-03-26 20:24 result data
OFV: 1477921.0	/ CPU: 75.365 seconds 	/ department sequence: [1, 34, 18, 39, 20, 55, 60, 58, 30, 19, 52, 59, 10, 53, 50, 37, 43, 31, 45, 23, 5, 38, 29, 9, 41, 49, 14, 22, 42, 17, 2, 8, 26, 33, 32, 4, 35, 13, 16, 44, 36, 47, 12, 57, 7, 54, 46, 51, 6, 25, 40, 3, 21, 15, 24, 28, 56, 48, 11, 27]
