-- AnKeVa60-1 result
--------------------------------------------
HostNestNum = 60, P_a = 0.25
--------------------------------------------
-- 2019-01-12 01:46 result data
OFV: 1800020.0	/ CPU: 693.946 seconds 	/ department sequence: [56, 11, 60, 25, 20, 10, 28, 22, 45, 34, 40, 51, 55, 42, 41, 37, 29, 30, 44, 59, 52, 19, 16, 9, 49, 12, 14, 13, 31, 32, 4, 2, 8, 47, 57, 43, 33, 17, 54, 26, 5, 6, 53, 7, 23, 46, 58, 35, 36, 3, 39, 21, 24, 27, 48, 38, 18, 50, 15, 1]
OFV: 1725417.0	/ CPU: 538.046 seconds 	/ department sequence: [48, 53, 20, 21, 15, 40, 29, 18, 11, 60, 30, 24, 52, 31, 51, 37, 32, 57, 9, 8, 12, 44, 36, 41, 35, 23, 49, 47, 46, 54, 42, 14, 2, 38, 33, 26, 22, 13, 16, 17, 4, 5, 45, 7, 6, 25, 56, 19, 10, 50, 28, 43, 3, 27, 39, 34, 58, 59, 55, 1]
OFV: 1853931.0	/ CPU: 705.443 seconds 	/ department sequence: [34, 54, 48, 59, 46, 21, 15, 56, 58, 11, 43, 36, 30, 18, 20, 16, 41, 37, 26, 24, 47, 53, 40, 9, 28, 6, 7, 12, 2, 14, 8, 17, 32, 57, 13, 52, 22, 42, 4, 51, 5, 29, 44, 49, 35, 33, 55, 45, 50, 31, 23, 19, 27, 38, 3, 10, 25, 60, 39, 1]
OFV: 1821495.0	/ CPU: 295.540 seconds 	/ department sequence: [1, 58, 23, 19, 55, 40, 60, 46, 20, 30, 21, 45, 31, 27, 51, 59, 28, 25, 37, 33, 22, 57, 7, 8, 4, 14, 12, 36, 16, 2, 41, 49, 9, 52, 29, 26, 13, 35, 44, 47, 50, 32, 42, 5, 10, 17, 6, 43, 39, 54, 3, 18, 11, 56, 38, 48, 34, 15, 24, 53]
OFV: 1792775.0	/ CPU: 681.684 seconds 	/ department sequence: [1, 11, 27, 28, 30, 52, 19, 20, 18, 15, 10, 29, 60, 58, 47, 42, 9, 23, 37, 14, 22, 13, 41, 16, 43, 55, 12, 7, 17, 8, 33, 59, 44, 2, 57, 46, 36, 25, 49, 35, 38, 32, 4, 6, 5, 34, 39, 31, 26, 51, 45, 54, 53, 3, 21, 24, 48, 50, 56, 40]
OFV: 1811649.0	/ CPU: 1442.958 seconds 	/ department sequence: [1, 50, 29, 20, 59, 30, 39, 15, 28, 57, 55, 48, 46, 49, 54, 58, 10, 9, 5, 36, 42, 35, 51, 43, 13, 60, 17, 47, 23, 12, 2, 8, 14, 16, 4, 7, 22, 6, 25, 38, 26, 44, 31, 37, 21, 32, 41, 45, 3, 56, 19, 27, 33, 52, 24, 34, 40, 11, 18, 53]
OFV: 1823089.0	/ CPU: 710.255 seconds 	/ department sequence: [40, 1, 46, 39, 20, 10, 24, 3, 6, 54, 35, 53, 45, 57, 7, 21, 23, 42, 47, 9, 38, 36, 44, 37, 49, 13, 2, 8, 52, 50, 32, 26, 14, 4, 31, 5, 51, 16, 12, 55, 15, 43, 17, 27, 33, 48, 41, 28, 22, 25, 29, 30, 60, 11, 19, 59, 18, 58, 34, 56]
OFV: 1798057.0	/ CPU: 604.779 seconds 	/ department sequence: [1, 11, 46, 27, 50, 30, 21, 20, 15, 18, 34, 58, 19, 51, 24, 41, 57, 26, 29, 32, 42, 9, 22, 47, 10, 25, 49, 52, 40, 17, 2, 36, 4, 16, 33, 54, 8, 12, 38, 13, 55, 14, 23, 7, 6, 5, 31, 45, 43, 56, 53, 44, 35, 3, 28, 39, 37, 59, 48, 60]
OFV: 1791075.0	/ CPU: 595.125 seconds 	/ department sequence: [48, 11, 34, 21, 46, 42, 60, 20, 28, 27, 15, 3, 6, 12, 22, 26, 47, 40, 59, 51, 53, 54, 17, 50, 25, 57, 41, 49, 44, 33, 2, 36, 38, 32, 16, 8, 4, 5, 7, 10, 13, 31, 29, 18, 23, 9, 14, 19, 45, 24, 58, 37, 43, 39, 35, 55, 30, 56, 52, 1]
OFV: 1791124.0	/ CPU: 339.889 seconds 	/ department sequence: [58, 54, 11, 18, 51, 34, 55, 41, 40, 36, 39, 28, 24, 15, 37, 25, 59, 33, 21, 35, 57, 31, 32, 47, 43, 49, 22, 12, 9, 13, 14, 8, 4, 2, 17, 26, 44, 23, 42, 16, 7, 5, 19, 6, 29, 38, 53, 3, 27, 48, 50, 45, 30, 10, 60, 20, 52, 46, 56, 1]
-- AnKeVa60-1 result
--------------------------------------------
HostNestNum = 60, P_a = 0.25
--------------------------------------------
-- 2019-02-13 11:45 result data
OFV: 1481637.0	/ CPU: 8931.753 seconds 	/ department sequence: [1, 56, 39, 20, 60, 30, 19, 58, 52, 59, 10, 53, 50, 37, 43, 45, 31, 23, 38, 5, 9, 29, 49, 41, 22, 42, 14, 17, 2, 26, 8, 33, 32, 4, 35, 13, 16, 44, 36, 47, 57, 7, 12, 51, 54, 46, 6, 25, 40, 3, 15, 55, 21, 24, 28, 18, 48, 11, 34, 27]
-- AnKeVa60-1 result
--------------------------------------------
HostNestNum = 60, P_a = 0.25
--------------------------------------------
-- 2020-03-26 20:27 result data
OFV: 1479234.0	/ CPU: 97.531 seconds 	/ department sequence: [27, 11, 48, 56, 28, 24, 15, 55, 21, 3, 40, 25, 37, 51, 6, 54, 7, 12, 57, 9, 44, 36, 16, 13, 35, 4, 32, 8, 26, 33, 17, 2, 14, 42, 49, 22, 41, 47, 38, 29, 5, 23, 31, 45, 43, 46, 50, 53, 10, 59, 52, 19, 30, 58, 60, 20, 39, 18, 34, 1]
