-- AnKeVa60-1 result
--------------------------------------------
HostNestNum = 45, P_a = 0.35
--------------------------------------------
-- 2019-02-13 23:47 result data
OFV: 1485027.0	/ CPU: 4123.749 seconds 	/ department sequence: [1, 34, 18, 39, 20, 60, 30, 58, 19, 52, 10, 53, 50, 46, 43, 51, 45, 31, 23, 5, 38, 47, 41, 29, 22, 49, 14, 42, 2, 33, 17, 26, 8, 32, 4, 35, 13, 16, 36, 44, 9, 57, 12, 7, 54, 6, 37, 25, 40, 3, 59, 55, 21, 15, 24, 28, 56, 48, 27, 11]
-- AnKeVa60-1 result
--------------------------------------------
HostNestNum = 45, P_a = 0.35
--------------------------------------------
-- 2019-02-19 16:12 result data
OFV: 1480028.0	/ CPU: 1884.475 seconds 	/ department sequence: [1, 34, 18, 39, 20, 60, 58, 30, 19, 52, 59, 10, 53, 50, 46, 43, 45, 31, 23, 5, 38, 29, 9, 49, 41, 22, 42, 17, 14, 33, 2, 26, 32, 8, 4, 13, 35, 36, 16, 44, 47, 57, 12, 7, 54, 6, 51, 37, 25, 40, 3, 21, 55, 15, 24, 56, 28, 11, 48, 27]
OFV: 1484582.0	/ CPU: 2214.913 seconds 	/ department sequence: [27, 48, 11, 18, 28, 24, 55, 15, 21, 3, 40, 25, 37, 6, 51, 54, 46, 7, 12, 57, 36, 44, 16, 13, 42, 35, 4, 32, 26, 33, 8, 2, 17, 14, 22, 49, 29, 41, 9, 47, 38, 5, 23, 31, 45, 43, 53, 50, 10, 59, 52, 19, 58, 30, 60, 20, 39, 56, 34, 1]
OFV: 1479418.0	/ CPU: 2758.824 seconds 	/ department sequence: [1, 34, 18, 39, 20, 60, 58, 30, 19, 52, 59, 10, 53, 46, 50, 43, 45, 31, 23, 5, 29, 38, 47, 41, 22, 49, 42, 14, 17, 2, 33, 26, 8, 32, 4, 35, 13, 16, 36, 44, 9, 12, 57, 7, 54, 6, 51, 37, 25, 40, 3, 21, 55, 15, 24, 56, 28, 48, 27, 11]
OFV: 1479618.0	/ CPU: 4485.124 seconds 	/ department sequence: [27, 11, 48, 56, 28, 24, 15, 55, 21, 3, 40, 25, 37, 51, 6, 7, 54, 12, 57, 44, 9, 36, 16, 13, 4, 35, 33, 32, 8, 26, 17, 14, 2, 42, 49, 22, 41, 47, 38, 5, 23, 29, 31, 45, 43, 50, 46, 53, 10, 59, 52, 19, 30, 58, 60, 20, 39, 18, 34, 1]
OFV: 1528720.0	/ CPU: 2881.339 seconds 	/ department sequence: [11, 48, 34, 28, 18, 20, 60, 15, 21, 19, 59, 10, 25, 46, 53, 6, 12, 54, 57, 7, 9, 5, 36, 44, 42, 13, 16, 33, 22, 26, 32, 17, 8, 2, 41, 14, 4, 35, 49, 29, 38, 47, 23, 50, 31, 45, 51, 43, 37, 40, 3, 52, 58, 30, 55, 24, 39, 56, 27, 1]
OFV: 1479799.0	/ CPU: 1817.745 seconds 	/ department sequence: [1, 34, 18, 39, 20, 55, 58, 60, 30, 19, 59, 52, 10, 53, 50, 43, 31, 45, 23, 5, 29, 38, 47, 41, 49, 22, 42, 14, 2, 17, 26, 32, 33, 8, 4, 35, 16, 13, 36, 44, 12, 9, 57, 7, 54, 46, 6, 51, 37, 25, 40, 3, 21, 15, 24, 28, 56, 48, 27, 11]
OFV: 1479630.0	/ CPU: 4319.973 seconds 	/ department sequence: [1, 34, 18, 39, 20, 55, 60, 58, 30, 19, 59, 52, 10, 53, 50, 43, 46, 45, 31, 23, 5, 38, 29, 9, 49, 41, 42, 22, 17, 14, 2, 8, 26, 33, 32, 4, 13, 35, 44, 16, 36, 47, 57, 12, 7, 54, 6, 37, 51, 25, 40, 3, 21, 15, 24, 28, 56, 48, 11, 27]
OFV: 1522775.0	/ CPU: 3153.394 seconds 	/ department sequence: [27, 11, 56, 39, 24, 55, 30, 3, 52, 40, 37, 53, 43, 57, 7, 31, 50, 5, 47, 35, 49, 41, 33, 14, 26, 8, 2, 17, 13, 32, 4, 22, 16, 44, 42, 36, 29, 38, 9, 23, 45, 12, 6, 54, 51, 46, 25, 10, 59, 19, 21, 58, 15, 60, 20, 28, 18, 48, 34, 1]
OFV: 1478499.0	/ CPU: 4219.463 seconds 	/ department sequence: [27, 11, 48, 28, 56, 24, 15, 21, 3, 40, 25, 6, 51, 46, 54, 7, 12, 57, 47, 9, 36, 16, 35, 13, 4, 32, 26, 8, 33, 17, 2, 42, 22, 14, 44, 49, 29, 41, 38, 5, 45, 23, 31, 43, 37, 53, 50, 10, 59, 52, 19, 30, 60, 58, 55, 20, 39, 18, 34, 1]
OFV: 1481593.0	/ CPU: 2693.498 seconds 	/ department sequence: [1, 56, 39, 20, 60, 58, 30, 19, 52, 59, 10, 53, 43, 50, 37, 45, 31, 23, 5, 38, 29, 9, 49, 41, 14, 22, 42, 2, 17, 33, 26, 32, 8, 4, 35, 13, 44, 16, 36, 47, 57, 12, 7, 51, 46, 54, 6, 25, 40, 3, 15, 21, 55, 24, 18, 28, 11, 48, 34, 27]
