-- AnKeVa60-1 result
--------------------------------------------
HostNestNum = 30, P_a = 0.0
--------------------------------------------
-- 2019-01-11 14:34 result data
OFV: 1821548.0	/ CPU: 62.519 seconds 	/ department sequence: [39, 59, 52, 37, 21, 51, 48, 29, 19, 56, 44, 20, 23, 32, 15, 27, 45, 57, 7, 6, 53, 5, 9, 14, 12, 13, 41, 4, 16, 8, 26, 2, 40, 36, 22, 35, 49, 31, 17, 33, 50, 38, 55, 58, 47, 34, 43, 54, 42, 28, 46, 10, 3, 60, 11, 24, 25, 18, 30, 1]
OFV: 1898274.0	/ CPU: 52.728 seconds 	/ department sequence: [1, 46, 48, 18, 19, 40, 30, 3, 43, 38, 23, 22, 34, 51, 59, 47, 42, 12, 6, 35, 45, 25, 52, 8, 54, 9, 31, 32, 33, 26, 17, 2, 16, 14, 7, 13, 4, 53, 5, 60, 39, 15, 37, 49, 57, 36, 10, 21, 11, 20, 55, 50, 56, 58, 24, 28, 41, 29, 44, 27]
OFV: 1852678.0	/ CPU: 30.846 seconds 	/ department sequence: [18, 28, 43, 30, 60, 39, 34, 50, 15, 11, 19, 59, 48, 24, 36, 46, 21, 17, 16, 45, 44, 35, 49, 32, 37, 26, 4, 54, 2, 31, 42, 22, 25, 38, 9, 40, 29, 8, 14, 13, 23, 47, 6, 12, 7, 5, 27, 58, 10, 51, 3, 20, 55, 57, 56, 33, 41, 52, 53, 1]
OFV: 1874898.0	/ CPU: 93.553 seconds 	/ department sequence: [11, 59, 50, 36, 55, 48, 53, 43, 27, 41, 15, 31, 60, 58, 10, 9, 52, 44, 5, 32, 34, 7, 45, 6, 4, 14, 13, 17, 29, 12, 8, 57, 2, 42, 35, 16, 22, 37, 54, 56, 47, 46, 26, 23, 24, 33, 49, 38, 30, 21, 25, 40, 28, 51, 3, 20, 39, 19, 18, 1]
OFV: 1728745.0	/ CPU: 70.207 seconds 	/ department sequence: [1, 27, 15, 53, 21, 20, 12, 25, 24, 28, 44, 31, 59, 46, 58, 7, 5, 29, 38, 51, 22, 16, 43, 41, 19, 17, 42, 8, 57, 2, 4, 32, 37, 14, 33, 35, 40, 36, 45, 26, 54, 52, 49, 13, 23, 47, 30, 6, 9, 10, 3, 18, 55, 11, 34, 50, 60, 39, 48, 56]
OFV: 1839061.0	/ CPU: 80.602 seconds 	/ department sequence: [18, 28, 56, 11, 27, 3, 21, 44, 58, 37, 19, 55, 38, 53, 45, 6, 12, 5, 7, 42, 41, 34, 32, 9, 49, 52, 16, 4, 2, 8, 13, 36, 54, 47, 25, 26, 40, 60, 51, 57, 17, 48, 14, 29, 22, 46, 43, 31, 50, 15, 33, 59, 35, 10, 39, 24, 30, 23, 20, 1]
OFV: 1756077.0	/ CPU: 78.711 seconds 	/ department sequence: [1, 11, 15, 20, 34, 10, 19, 52, 24, 3, 37, 51, 54, 28, 31, 55, 45, 46, 23, 49, 47, 50, 29, 25, 33, 35, 41, 26, 17, 16, 14, 2, 36, 32, 9, 8, 13, 4, 44, 22, 5, 7, 6, 21, 18, 12, 27, 58, 57, 59, 48, 60, 40, 42, 38, 53, 43, 30, 39, 56]
OFV: 1801353.0	/ CPU: 43.943 seconds 	/ department sequence: [1, 36, 55, 39, 50, 37, 19, 48, 30, 29, 20, 42, 38, 41, 27, 59, 46, 15, 43, 45, 23, 16, 21, 6, 5, 35, 9, 4, 17, 8, 26, 2, 14, 22, 57, 12, 7, 40, 49, 33, 47, 32, 31, 44, 13, 58, 10, 51, 53, 25, 3, 24, 54, 60, 34, 18, 28, 11, 56, 52]
OFV: 1872254.0	/ CPU: 26.674 seconds 	/ department sequence: [56, 15, 48, 27, 34, 29, 54, 39, 31, 60, 18, 23, 21, 40, 20, 55, 43, 45, 42, 32, 57, 26, 44, 36, 17, 50, 7, 6, 49, 59, 4, 8, 2, 9, 35, 46, 53, 16, 13, 5, 19, 52, 58, 24, 22, 12, 14, 25, 37, 47, 41, 38, 51, 33, 3, 28, 10, 30, 11, 1]
OFV: 1849069.0	/ CPU: 22.738 seconds 	/ department sequence: [20, 39, 56, 15, 19, 11, 55, 44, 50, 25, 28, 37, 60, 57, 21, 54, 58, 46, 59, 43, 45, 52, 33, 9, 32, 31, 23, 7, 8, 17, 2, 4, 26, 51, 16, 13, 6, 40, 42, 14, 12, 34, 5, 49, 38, 29, 27, 22, 48, 36, 53, 47, 24, 10, 41, 35, 3, 30, 18, 1]
-- AnKeVa60-1 result
--------------------------------------------
HostNestNum = 30, P_a = 0.0
--------------------------------------------
-- 2019-01-11 20:41 result data
OFV: 1778954.0	/ CPU: 37.382 seconds 	/ department sequence: [1, 45, 18, 11, 19, 39, 3, 10, 54, 59, 60, 29, 41, 49, 37, 17, 24, 14, 16, 53, 42, 38, 35, 43, 52, 4, 12, 51, 13, 31, 2, 46, 23, 22, 8, 32, 26, 5, 25, 44, 9, 7, 6, 50, 47, 30, 33, 34, 57, 36, 15, 40, 28, 20, 56, 55, 21, 58, 48, 27]
OFV: 1807873.0	/ CPU: 33.461 seconds 	/ department sequence: [55, 20, 40, 27, 18, 15, 11, 37, 24, 3, 29, 41, 12, 35, 54, 46, 33, 52, 36, 31, 23, 42, 45, 43, 53, 38, 57, 17, 7, 8, 2, 4, 22, 44, 32, 56, 51, 14, 16, 58, 13, 49, 21, 26, 5, 28, 10, 6, 50, 9, 25, 19, 34, 30, 59, 60, 39, 47, 48, 1]
OFV: 1795387.0	/ CPU: 66.547 seconds 	/ department sequence: [33, 48, 34, 3, 47, 60, 24, 50, 15, 53, 35, 43, 37, 56, 46, 38, 59, 36, 52, 54, 6, 4, 32, 7, 16, 2, 14, 8, 44, 12, 22, 26, 41, 45, 25, 23, 17, 42, 40, 9, 13, 29, 57, 5, 31, 55, 51, 58, 19, 30, 49, 39, 10, 20, 28, 21, 18, 11, 27, 1]
OFV: 1872811.0	/ CPU: 43.834 seconds 	/ department sequence: [1, 59, 34, 46, 51, 11, 28, 58, 19, 21, 30, 10, 31, 35, 45, 25, 52, 49, 23, 48, 44, 12, 26, 33, 47, 60, 32, 42, 36, 2, 8, 40, 43, 41, 13, 22, 14, 4, 17, 5, 29, 9, 57, 7, 6, 24, 50, 39, 54, 55, 16, 3, 27, 15, 37, 20, 18, 56, 53, 38]
OFV: 1773900.0	/ CPU: 30.212 seconds 	/ department sequence: [1, 19, 34, 39, 11, 21, 27, 48, 53, 3, 10, 38, 18, 5, 29, 6, 9, 7, 14, 32, 42, 49, 22, 50, 51, 41, 44, 26, 28, 47, 46, 58, 13, 2, 4, 35, 23, 16, 12, 8, 36, 17, 30, 57, 31, 40, 45, 25, 33, 54, 37, 24, 20, 15, 56, 43, 60, 52, 55, 59]
OFV: 1879046.0	/ CPU: 22.995 seconds 	/ department sequence: [1, 50, 53, 58, 60, 47, 48, 55, 34, 39, 45, 51, 30, 10, 20, 15, 26, 23, 32, 44, 31, 42, 25, 12, 22, 33, 21, 19, 29, 16, 2, 4, 14, 9, 35, 13, 8, 7, 17, 38, 6, 5, 36, 46, 40, 57, 41, 3, 24, 28, 27, 43, 54, 59, 56, 52, 49, 11, 37, 18]
OFV: 1784241.0	/ CPU: 35.242 seconds 	/ department sequence: [1, 11, 27, 48, 21, 58, 20, 59, 46, 40, 15, 44, 18, 50, 53, 60, 19, 13, 14, 54, 23, 49, 38, 47, 42, 45, 52, 33, 2, 17, 8, 12, 28, 31, 16, 4, 29, 37, 35, 32, 26, 30, 22, 43, 51, 9, 41, 7, 5, 6, 55, 10, 25, 24, 57, 39, 36, 3, 34, 56]
OFV: 1825335.0	/ CPU: 50.379 seconds 	/ department sequence: [58, 34, 18, 20, 46, 11, 27, 52, 25, 50, 60, 56, 53, 45, 40, 10, 15, 12, 23, 35, 22, 7, 19, 13, 37, 32, 8, 29, 26, 59, 43, 31, 38, 2, 4, 49, 9, 33, 28, 14, 55, 47, 57, 44, 17, 42, 6, 16, 5, 51, 54, 39, 41, 21, 30, 36, 3, 24, 48, 1]
OFV: 1748604.0	/ CPU: 50.128 seconds 	/ department sequence: [1, 58, 59, 34, 20, 18, 10, 48, 53, 15, 23, 57, 44, 37, 38, 39, 60, 9, 46, 49, 33, 43, 32, 14, 26, 13, 45, 47, 29, 36, 2, 16, 12, 22, 19, 8, 17, 41, 4, 35, 7, 5, 52, 50, 6, 25, 40, 54, 31, 3, 56, 51, 55, 30, 42, 28, 21, 24, 11, 27]
OFV: 1893170.0	/ CPU: 29.571 seconds 	/ department sequence: [25, 21, 27, 57, 20, 18, 34, 48, 11, 50, 19, 40, 38, 36, 52, 33, 53, 31, 54, 6, 37, 17, 16, 26, 8, 49, 60, 56, 58, 14, 2, 42, 4, 13, 29, 7, 51, 30, 35, 41, 32, 22, 12, 5, 9, 10, 43, 44, 24, 23, 47, 3, 55, 39, 59, 15, 46, 28, 45, 1]
-- AnKeVa60-1 result
--------------------------------------------
HostNestNum = 30, P_a = 0.0
--------------------------------------------
-- 2019-02-13 02:09 result data
OFV: 1478237.0	/ CPU: 1893.651 seconds 	/ department sequence: [1, 34, 18, 39, 20, 55, 58, 60, 30, 19, 59, 52, 10, 50, 53, 37, 43, 45, 31, 23, 5, 38, 29, 41, 49, 9, 14, 22, 42, 17, 2, 26, 33, 8, 32, 4, 35, 16, 13, 44, 36, 47, 12, 57, 7, 54, 46, 51, 6, 25, 40, 3, 21, 15, 24, 56, 28, 48, 27, 11]
-- AnKeVa60-1 result
--------------------------------------------
HostNestNum = 30, P_a = 0.0
--------------------------------------------
-- 2019-02-13 18:21 result data
OFV: 1478972.0	/ CPU: 2557.747 seconds 	/ department sequence: [1, 18, 39, 20, 55, 60, 58, 19, 30, 59, 52, 10, 53, 50, 37, 43, 31, 23, 45, 5, 38, 41, 29, 49, 9, 22, 14, 42, 17, 2, 26, 4, 8, 33, 32, 35, 13, 44, 16, 36, 47, 57, 12, 7, 46, 51, 54, 6, 25, 40, 3, 21, 15, 24, 56, 28, 11, 34, 27, 48]
