-- AnKeVa60-1 result
--------------------------------------------
HostNestNum = 15, P_a = 0.1
--------------------------------------------
-- 2019-01-11 18:51 result data
OFV: 1876554.0	/ CPU: 52.691 seconds 	/ department sequence: [59, 25, 28, 29, 60, 27, 37, 43, 39, 50, 9, 20, 21, 3, 33, 24, 46, 6, 5, 35, 16, 12, 30, 13, 23, 41, 44, 7, 49, 4, 8, 2, 53, 17, 14, 57, 55, 42, 54, 31, 32, 22, 52, 26, 47, 34, 48, 45, 36, 51, 10, 56, 19, 15, 11, 58, 38, 18, 40, 1]
OFV: 1792096.0	/ CPU: 153.448 seconds 	/ department sequence: [59, 39, 60, 18, 56, 20, 25, 27, 34, 31, 57, 29, 52, 58, 16, 22, 15, 17, 30, 43, 33, 42, 49, 54, 41, 5, 26, 14, 36, 2, 13, 45, 4, 8, 40, 51, 7, 35, 55, 28, 32, 38, 47, 12, 6, 21, 44, 53, 9, 37, 50, 19, 46, 3, 24, 23, 48, 10, 11, 1]
OFV: 1840780.0	/ CPU: 70.921 seconds 	/ department sequence: [1, 34, 11, 18, 20, 10, 59, 40, 19, 15, 44, 55, 35, 53, 41, 43, 33, 54, 28, 60, 32, 36, 45, 30, 26, 4, 13, 14, 49, 50, 8, 2, 46, 52, 39, 16, 22, 42, 37, 29, 17, 25, 5, 31, 57, 58, 38, 9, 6, 7, 12, 27, 23, 21, 56, 24, 51, 47, 3, 48]
OFV: 1833046.0	/ CPU: 127.392 seconds 	/ department sequence: [39, 59, 55, 44, 21, 24, 20, 45, 49, 52, 18, 23, 48, 60, 57, 40, 37, 22, 41, 29, 35, 28, 43, 17, 31, 53, 4, 8, 2, 7, 38, 14, 34, 26, 32, 50, 13, 5, 9, 36, 54, 6, 30, 33, 25, 47, 16, 10, 12, 58, 42, 51, 19, 46, 3, 11, 15, 27, 56, 1]
OFV: 1745661.0	/ CPU: 140.436 seconds 	/ department sequence: [1, 11, 29, 15, 55, 46, 40, 27, 36, 21, 20, 30, 58, 54, 45, 60, 25, 31, 52, 41, 49, 42, 50, 35, 44, 26, 22, 14, 23, 38, 4, 8, 2, 24, 17, 32, 47, 12, 16, 57, 7, 13, 5, 28, 43, 9, 33, 6, 10, 53, 51, 3, 56, 37, 48, 59, 19, 18, 39, 34]
OFV: 1884791.0	/ CPU: 51.956 seconds 	/ department sequence: [53, 59, 34, 11, 29, 15, 39, 24, 21, 18, 3, 38, 44, 40, 50, 12, 45, 6, 32, 23, 55, 20, 57, 54, 28, 43, 47, 36, 16, 26, 42, 25, 13, 7, 8, 2, 33, 4, 14, 58, 35, 5, 22, 30, 49, 9, 56, 17, 31, 10, 37, 60, 52, 48, 41, 27, 19, 51, 46, 1]
OFV: 1838306.0	/ CPU: 88.355 seconds 	/ department sequence: [40, 53, 35, 34, 24, 23, 51, 59, 37, 48, 30, 60, 39, 55, 57, 50, 27, 22, 45, 44, 49, 32, 38, 4, 41, 29, 14, 42, 2, 16, 8, 7, 58, 36, 31, 13, 54, 47, 26, 17, 52, 12, 46, 33, 9, 5, 6, 10, 3, 20, 25, 43, 19, 21, 28, 18, 15, 11, 56, 1]
OFV: 1769412.0	/ CPU: 115.692 seconds 	/ department sequence: [1, 24, 55, 48, 19, 15, 20, 34, 51, 50, 12, 30, 21, 31, 27, 33, 37, 13, 25, 14, 35, 57, 36, 45, 32, 42, 17, 47, 52, 46, 43, 26, 49, 2, 54, 16, 41, 4, 44, 8, 9, 38, 22, 5, 6, 7, 53, 3, 39, 10, 59, 58, 60, 29, 18, 56, 40, 28, 11, 23]
OFV: 1842621.0	/ CPU: 56.721 seconds 	/ department sequence: [1, 50, 48, 55, 3, 38, 58, 46, 7, 28, 51, 9, 19, 18, 5, 17, 6, 52, 10, 14, 23, 57, 25, 31, 4, 13, 29, 22, 16, 26, 32, 8, 2, 36, 35, 47, 30, 43, 44, 33, 56, 45, 49, 54, 37, 42, 21, 41, 27, 34, 53, 60, 20, 12, 11, 24, 15, 40, 59, 39]
OFV: 1725348.0	/ CPU: 167.398 seconds 	/ department sequence: [1, 39, 30, 19, 27, 56, 55, 3, 33, 51, 24, 35, 23, 25, 10, 53, 12, 5, 42, 17, 41, 36, 31, 14, 4, 16, 32, 9, 54, 2, 49, 38, 22, 47, 29, 26, 13, 8, 7, 6, 28, 57, 44, 40, 45, 43, 15, 60, 21, 37, 18, 50, 59, 48, 46, 34, 52, 58, 20, 11]
-- AnKeVa60-1 result
--------------------------------------------
HostNestNum = 15, P_a = 0.1
--------------------------------------------
-- 2019-02-13 00:53 result data
OFV: 1485713.0	/ CPU: 985.822 seconds 	/ department sequence: [27, 11, 48, 56, 28, 24, 15, 21, 55, 59, 3, 40, 25, 37, 6, 54, 7, 57, 12, 44, 9, 36, 16, 35, 13, 4, 8, 29, 32, 26, 17, 33, 2, 42, 22, 14, 49, 41, 47, 38, 23, 5, 31, 51, 45, 43, 46, 50, 53, 10, 52, 19, 30, 58, 60, 20, 39, 18, 34, 1]
-- AnKeVa60-1 result
--------------------------------------------
HostNestNum = 15, P_a = 0.1
--------------------------------------------
-- 2019-02-13 17:28 result data
OFV: 1483754.0	/ CPU: 718.052 seconds 	/ department sequence: [11, 27, 34, 48, 18, 28, 24, 55, 21, 15, 59, 3, 40, 25, 6, 54, 46, 51, 12, 7, 47, 36, 44, 16, 13, 35, 4, 42, 32, 17, 8, 26, 33, 2, 14, 22, 49, 41, 9, 29, 38, 5, 57, 23, 45, 31, 37, 43, 53, 50, 10, 52, 19, 30, 58, 60, 20, 39, 56, 1]
