-- AnKeVa60-1 result
--------------------------------------------
HostNestNum = 15, P_a = 0.0
--------------------------------------------
-- 2019-01-11 14:13 result data
OFV: 1813323.0	/ CPU: 49.186 seconds 	/ department sequence: [1, 40, 58, 54, 20, 27, 55, 15, 48, 3, 43, 34, 44, 37, 53, 33, 47, 60, 49, 22, 28, 38, 7, 6, 42, 46, 51, 41, 50, 9, 2, 26, 4, 23, 8, 17, 14, 13, 29, 56, 35, 32, 16, 30, 36, 57, 12, 5, 19, 25, 45, 24, 31, 10, 52, 18, 39, 11, 59, 21]
OFV: 1754733.0	/ CPU: 96.203 seconds 	/ department sequence: [1, 18, 20, 19, 27, 60, 55, 36, 50, 47, 30, 37, 58, 25, 31, 41, 10, 5, 22, 9, 51, 16, 45, 28, 54, 32, 33, 14, 49, 2, 8, 17, 26, 46, 7, 12, 13, 42, 35, 4, 6, 44, 56, 39, 57, 29, 38, 40, 43, 23, 21, 15, 53, 3, 34, 24, 11, 48, 52, 59]
OFV: 1843694.0	/ CPU: 38.580 seconds 	/ department sequence: [24, 50, 55, 18, 39, 15, 59, 40, 10, 53, 21, 56, 35, 28, 47, 49, 33, 51, 48, 38, 14, 13, 52, 9, 37, 7, 19, 8, 43, 26, 2, 4, 22, 44, 54, 41, 23, 17, 36, 29, 57, 60, 32, 5, 6, 46, 45, 12, 16, 3, 58, 30, 34, 31, 25, 11, 20, 42, 27, 1]
OFV: 1894395.0	/ CPU: 107.822 seconds 	/ department sequence: [1, 34, 11, 20, 21, 18, 10, 57, 43, 33, 45, 47, 29, 51, 39, 24, 52, 41, 60, 40, 5, 16, 26, 19, 32, 35, 49, 23, 4, 2, 9, 8, 50, 7, 56, 42, 14, 17, 30, 22, 28, 46, 36, 31, 38, 13, 6, 58, 12, 59, 48, 37, 25, 54, 55, 27, 44, 53, 15, 3]
OFV: 1854332.0	/ CPU: 69.356 seconds 	/ department sequence: [1, 45, 39, 59, 3, 41, 42, 54, 58, 37, 34, 19, 31, 56, 50, 10, 6, 5, 44, 51, 33, 17, 43, 29, 7, 8, 9, 12, 26, 14, 2, 16, 13, 4, 35, 47, 38, 55, 49, 57, 30, 28, 22, 36, 40, 20, 46, 53, 25, 32, 15, 27, 18, 24, 23, 21, 52, 11, 60, 48]
OFV: 1799772.0	/ CPU: 48.523 seconds 	/ department sequence: [1, 56, 52, 55, 53, 10, 59, 50, 30, 34, 39, 42, 37, 28, 54, 33, 38, 20, 46, 49, 36, 35, 22, 43, 12, 31, 21, 14, 29, 2, 26, 8, 17, 4, 9, 23, 58, 32, 41, 5, 19, 60, 44, 7, 25, 13, 6, 57, 16, 51, 47, 3, 15, 24, 11, 18, 27, 40, 48, 45]
OFV: 1832927.0	/ CPU: 33.266 seconds 	/ department sequence: [48, 40, 27, 25, 19, 60, 58, 56, 24, 31, 54, 28, 57, 35, 37, 41, 20, 44, 23, 45, 38, 17, 5, 13, 8, 9, 50, 30, 47, 43, 2, 34, 16, 4, 53, 14, 12, 32, 26, 51, 36, 29, 33, 7, 22, 55, 42, 52, 46, 6, 59, 10, 49, 3, 11, 15, 21, 39, 18, 1]
OFV: 1920293.0	/ CPU: 34.122 seconds 	/ department sequence: [1, 55, 10, 11, 35, 27, 50, 18, 3, 44, 52, 47, 57, 41, 31, 5, 42, 38, 14, 37, 7, 45, 8, 6, 4, 2, 16, 9, 26, 34, 22, 51, 40, 21, 36, 48, 33, 32, 13, 17, 53, 12, 24, 28, 29, 23, 46, 43, 15, 19, 25, 60, 49, 30, 39, 58, 56, 59, 20, 54]
-- AnKeVa60-1 result
--------------------------------------------
HostNestNum = 15, P_a = 0.0
--------------------------------------------
-- 2019-01-11 18:47 result data
OFV: 1792614.0	/ CPU: 22.511 seconds 	/ department sequence: [11, 54, 56, 60, 57, 51, 30, 20, 27, 19, 21, 18, 12, 15, 10, 23, 7, 6, 5, 31, 36, 25, 41, 26, 8, 16, 46, 13, 4, 14, 9, 2, 44, 33, 47, 32, 35, 29, 22, 17, 38, 45, 3, 24, 43, 37, 49, 52, 48, 40, 53, 50, 55, 59, 42, 58, 28, 39, 34, 1]
OFV: 1855219.0	/ CPU: 21.791 seconds 	/ department sequence: [1, 27, 34, 52, 56, 24, 19, 23, 39, 3, 41, 42, 29, 40, 54, 48, 32, 15, 7, 28, 6, 9, 13, 20, 49, 26, 14, 47, 22, 43, 44, 37, 36, 16, 2, 4, 31, 17, 21, 12, 35, 50, 8, 45, 5, 46, 33, 60, 38, 30, 57, 59, 58, 55, 25, 10, 51, 11, 18, 53]
OFV: 1880508.0	/ CPU: 31.915 seconds 	/ department sequence: [1, 56, 3, 43, 57, 44, 50, 58, 25, 52, 19, 30, 38, 24, 27, 5, 45, 16, 17, 26, 60, 36, 59, 4, 32, 23, 12, 2, 14, 13, 8, 22, 35, 7, 6, 33, 9, 51, 46, 47, 54, 37, 48, 42, 21, 49, 53, 10, 41, 11, 29, 40, 18, 20, 34, 31, 28, 15, 55, 39]
OFV: 1896677.0	/ CPU: 22.416 seconds 	/ department sequence: [18, 28, 15, 55, 43, 33, 29, 36, 58, 27, 24, 39, 53, 56, 49, 23, 41, 57, 26, 30, 45, 19, 5, 38, 7, 35, 10, 2, 8, 17, 13, 14, 4, 12, 6, 9, 51, 60, 47, 59, 16, 32, 50, 22, 46, 52, 31, 40, 54, 42, 25, 3, 48, 20, 44, 21, 34, 37, 11, 1]
OFV: 1801363.0	/ CPU: 16.200 seconds 	/ department sequence: [11, 48, 34, 46, 57, 23, 59, 52, 51, 56, 60, 47, 44, 37, 45, 33, 40, 32, 39, 6, 31, 7, 4, 26, 35, 28, 12, 42, 2, 22, 8, 9, 16, 17, 13, 10, 54, 5, 36, 38, 41, 14, 18, 29, 25, 43, 49, 3, 53, 55, 20, 19, 30, 24, 27, 15, 21, 58, 50, 1]
OFV: 1919296.0	/ CPU: 40.272 seconds 	/ department sequence: [1, 27, 36, 30, 15, 53, 20, 51, 48, 52, 39, 29, 50, 58, 33, 40, 44, 10, 38, 41, 19, 13, 57, 55, 60, 35, 32, 47, 56, 25, 49, 2, 17, 16, 14, 4, 43, 8, 42, 28, 26, 5, 59, 22, 12, 46, 9, 31, 7, 45, 6, 3, 34, 18, 37, 21, 54, 24, 11, 23]
OFV: 1903385.0	/ CPU: 14.309 seconds 	/ department sequence: [1, 55, 11, 18, 30, 24, 3, 25, 54, 10, 40, 15, 19, 26, 34, 22, 50, 13, 43, 5, 16, 12, 6, 7, 35, 28, 17, 52, 21, 9, 4, 2, 14, 31, 51, 8, 23, 29, 56, 41, 37, 49, 32, 53, 36, 59, 47, 45, 58, 44, 57, 38, 39, 33, 46, 60, 20, 48, 42, 27]
OFV: 1890151.0	/ CPU: 32.914 seconds 	/ department sequence: [40, 43, 37, 11, 58, 18, 15, 24, 36, 38, 46, 48, 28, 55, 10, 6, 51, 7, 5, 23, 41, 22, 47, 25, 9, 17, 12, 16, 35, 13, 19, 8, 2, 4, 56, 31, 49, 14, 32, 20, 42, 52, 26, 53, 59, 33, 29, 44, 45, 57, 3, 21, 50, 39, 30, 34, 60, 27, 54, 1]
OFV: 1807140.0	/ CPU: 16.199 seconds 	/ department sequence: [1, 11, 18, 15, 27, 20, 48, 3, 38, 41, 19, 6, 58, 50, 5, 44, 49, 30, 34, 17, 16, 35, 36, 33, 45, 52, 4, 26, 8, 32, 2, 12, 14, 13, 51, 53, 23, 7, 9, 29, 25, 46, 28, 42, 31, 47, 24, 57, 54, 22, 43, 21, 10, 60, 56, 37, 55, 40, 59, 39]
OFV: 1867893.0	/ CPU: 32.414 seconds 	/ department sequence: [1, 21, 18, 56, 11, 55, 15, 40, 34, 24, 19, 48, 3, 10, 6, 32, 43, 33, 42, 9, 41, 25, 16, 30, 38, 7, 22, 28, 29, 13, 46, 5, 4, 2, 8, 31, 14, 26, 17, 44, 12, 20, 23, 27, 47, 51, 45, 36, 50, 49, 37, 39, 35, 58, 52, 57, 59, 54, 60, 53]
-- AnKeVa60-1 result
--------------------------------------------
HostNestNum = 15, P_a = 0.0
--------------------------------------------
-- 2019-02-13 00:31 result data
OFV: 1478409.0	/ CPU: 1293.393 seconds 	/ department sequence: [27, 11, 48, 28, 56, 24, 15, 21, 3, 40, 25, 51, 6, 54, 46, 7, 57, 12, 47, 36, 44, 16, 13, 35, 4, 33, 32, 8, 26, 17, 2, 14, 42, 22, 49, 41, 9, 29, 5, 38, 23, 45, 50, 31, 53, 43, 37, 10, 59, 52, 19, 30, 58, 60, 55, 20, 39, 18, 34, 1]
-- AnKeVa60-1 result
--------------------------------------------
HostNestNum = 15, P_a = 0.0
--------------------------------------------
-- 2019-02-13 17:18 result data
OFV: 1478790.0	/ CPU: 601.914 seconds 	/ department sequence: [11, 27, 48, 56, 28, 24, 15, 21, 3, 40, 25, 51, 6, 46, 54, 7, 12, 57, 47, 36, 16, 44, 13, 35, 26, 32, 17, 33, 8, 2, 4, 14, 22, 42, 49, 9, 41, 38, 29, 5, 23, 45, 31, 43, 50, 37, 53, 10, 59, 52, 19, 30, 58, 60, 55, 20, 39, 18, 34, 1]
