-- AnKeVa60-1 result
--------------------------------------------
HostNestNum = 30, P_a = 0.2
--------------------------------------------
-- 2019-01-11 21:12 result data
OFV: 1821003.0	/ CPU: 168.258 seconds 	/ department sequence: [1, 11, 27, 21, 30, 28, 20, 19, 12, 10, 60, 39, 15, 3, 9, 55, 5, 17, 42, 6, 38, 37, 26, 16, 32, 41, 22, 54, 29, 7, 2, 8, 4, 46, 14, 13, 36, 43, 23, 25, 51, 58, 50, 48, 33, 35, 57, 59, 34, 52, 49, 45, 31, 53, 40, 47, 24, 56, 44, 18]
OFV: 1747983.0	/ CPU: 482.699 seconds 	/ department sequence: [1, 30, 21, 56, 31, 43, 40, 55, 29, 58, 34, 48, 51, 23, 46, 41, 57, 59, 49, 5, 17, 42, 16, 52, 35, 26, 54, 4, 2, 8, 9, 38, 32, 47, 14, 36, 13, 6, 7, 45, 24, 22, 44, 10, 53, 37, 33, 19, 50, 3, 28, 18, 12, 60, 15, 25, 20, 11, 39, 27]
OFV: 1804112.0	/ CPU: 277.779 seconds 	/ department sequence: [1, 39, 27, 34, 18, 29, 24, 46, 30, 60, 32, 40, 57, 52, 42, 37, 33, 51, 58, 55, 49, 41, 36, 13, 43, 17, 47, 45, 14, 38, 25, 2, 4, 16, 8, 59, 54, 35, 26, 19, 12, 22, 9, 5, 7, 6, 28, 10, 21, 53, 15, 31, 50, 44, 3, 20, 23, 48, 11, 56]
OFV: 1819291.0	/ CPU: 160.228 seconds 	/ department sequence: [27, 55, 11, 56, 49, 39, 48, 44, 21, 54, 60, 42, 47, 19, 30, 37, 36, 35, 25, 28, 12, 13, 58, 46, 17, 43, 23, 26, 33, 16, 2, 32, 14, 4, 8, 59, 50, 22, 7, 6, 45, 57, 53, 5, 51, 41, 10, 9, 38, 31, 29, 3, 34, 40, 20, 24, 15, 52, 18, 1]
OFV: 1758295.0	/ CPU: 246.941 seconds 	/ department sequence: [1, 27, 28, 11, 20, 40, 58, 53, 15, 10, 19, 50, 31, 38, 36, 55, 9, 30, 29, 46, 12, 13, 41, 52, 5, 47, 4, 2, 8, 16, 17, 23, 25, 26, 24, 14, 35, 49, 57, 33, 22, 42, 45, 60, 32, 7, 6, 18, 44, 59, 21, 54, 43, 37, 3, 34, 56, 51, 48, 39]
OFV: 1825760.0	/ CPU: 406.327 seconds 	/ department sequence: [1, 3, 53, 46, 55, 56, 25, 9, 45, 52, 37, 5, 6, 29, 59, 38, 47, 49, 33, 51, 41, 50, 42, 54, 26, 8, 2, 4, 31, 35, 23, 19, 14, 16, 32, 13, 22, 27, 36, 17, 18, 30, 44, 7, 12, 15, 10, 57, 39, 34, 43, 60, 28, 58, 24, 40, 48, 11, 21, 20]
OFV: 1871452.0	/ CPU: 208.263 seconds 	/ department sequence: [56, 27, 11, 18, 38, 55, 48, 13, 46, 36, 40, 54, 35, 59, 50, 30, 29, 25, 33, 7, 6, 16, 39, 4, 43, 17, 8, 21, 12, 44, 2, 41, 22, 26, 47, 23, 53, 31, 24, 32, 9, 42, 57, 14, 5, 15, 3, 20, 49, 10, 19, 58, 51, 28, 34, 60, 52, 45, 37, 1]
OFV: 1803209.0	/ CPU: 289.120 seconds 	/ department sequence: [1, 52, 27, 11, 10, 59, 28, 3, 46, 51, 60, 24, 5, 6, 42, 9, 7, 16, 12, 47, 4, 8, 26, 38, 17, 34, 14, 13, 35, 32, 2, 57, 33, 36, 41, 43, 44, 45, 22, 29, 21, 58, 49, 31, 15, 23, 20, 30, 50, 55, 25, 37, 19, 54, 56, 53, 18, 40, 39, 48]
OFV: 1764731.0	/ CPU: 259.626 seconds 	/ department sequence: [39, 48, 34, 38, 56, 11, 18, 55, 21, 59, 51, 40, 23, 52, 31, 44, 58, 26, 46, 13, 10, 41, 22, 33, 60, 4, 14, 50, 35, 32, 29, 42, 2, 43, 49, 8, 53, 17, 12, 7, 9, 6, 36, 16, 5, 15, 19, 57, 47, 3, 30, 20, 45, 25, 37, 28, 54, 27, 24, 1]
OFV: 1850473.0	/ CPU: 227.478 seconds 	/ department sequence: [1, 39, 45, 58, 34, 57, 60, 29, 20, 38, 15, 10, 48, 25, 42, 55, 30, 33, 47, 14, 7, 17, 51, 26, 22, 19, 9, 12, 43, 23, 8, 41, 2, 4, 35, 13, 16, 52, 21, 49, 32, 5, 6, 37, 56, 31, 18, 36, 54, 28, 44, 53, 40, 24, 46, 50, 59, 3, 27, 11]
-- AnKeVa60-1 result
--------------------------------------------
HostNestNum = 30, P_a = 0.2
--------------------------------------------
-- 2019-02-13 03:39 result data
OFV: 1480994.0	/ CPU: 3707.381 seconds 	/ department sequence: [1, 34, 18, 39, 20, 55, 60, 58, 30, 19, 59, 52, 10, 53, 50, 43, 45, 31, 23, 5, 57, 29, 38, 49, 41, 22, 42, 14, 2, 17, 33, 8, 32, 26, 4, 35, 13, 16, 44, 36, 47, 9, 12, 7, 54, 46, 6, 51, 37, 25, 40, 3, 21, 15, 24, 56, 28, 48, 11, 27]
-- AnKeVa60-1 result
--------------------------------------------
HostNestNum = 30, P_a = 0.2
--------------------------------------------
-- 2019-02-13 19:37 result data
OFV: 1496209.0	/ CPU: 1318.901 seconds 	/ department sequence: [27, 11, 48, 18, 56, 24, 55, 21, 59, 3, 40, 25, 37, 43, 6, 54, 7, 12, 45, 38, 44, 36, 13, 16, 29, 35, 4, 26, 32, 8, 2, 33, 17, 42, 14, 49, 22, 9, 47, 41, 5, 23, 31, 57, 51, 46, 50, 53, 10, 52, 15, 19, 30, 58, 60, 28, 20, 39, 34, 1]
-- AnKeVa60-1 result
--------------------------------------------
HostNestNum = 30, P_a = 0.2
--------------------------------------------
-- 2020-03-24 22:26 result data
OFV: 1482307.0	/ CPU: 105.529 seconds 	/ department sequence: [1, 34, 18, 39, 20, 55, 60, 58, 30, 19, 59, 52, 10, 53, 50, 31, 45, 23, 57, 5, 38, 29, 47, 41, 49, 22, 14, 42, 2, 17, 26, 8, 32, 33, 4, 35, 13, 16, 44, 36, 9, 12, 43, 7, 54, 46, 6, 51, 37, 25, 40, 3, 21, 15, 24, 28, 56, 48, 11, 27]
OFV: 1479242.0	/ CPU: 102.493 seconds 	/ department sequence: [27, 11, 48, 56, 28, 24, 15, 55, 21, 3, 40, 25, 37, 51, 6, 54, 7, 12, 57, 9, 44, 36, 16, 13, 35, 4, 32, 8, 26, 17, 2, 33, 14, 42, 22, 49, 41, 47, 38, 29, 5, 23, 31, 45, 43, 46, 50, 53, 10, 59, 52, 19, 30, 58, 60, 20, 39, 18, 34, 1]
OFV: 1484973.0	/ CPU: 90.944 seconds 	/ department sequence: [27, 48, 34, 11, 28, 56, 24, 15, 21, 59, 3, 40, 25, 6, 54, 46, 51, 7, 12, 45, 44, 38, 36, 16, 29, 13, 4, 42, 33, 32, 26, 8, 2, 17, 35, 14, 22, 49, 41, 47, 9, 5, 57, 23, 31, 43, 37, 53, 50, 10, 52, 19, 30, 58, 60, 55, 20, 39, 18, 1]
OFV: 1477852.0	/ CPU: 86.435 seconds 	/ department sequence: [27, 11, 48, 56, 28, 24, 15, 21, 3, 40, 25, 51, 6, 46, 54, 7, 57, 12, 47, 36, 44, 16, 13, 35, 4, 32, 33, 8, 26, 2, 17, 42, 14, 22, 49, 9, 41, 29, 38, 5, 23, 45, 31, 43, 37, 50, 53, 10, 52, 59, 19, 30, 58, 60, 55, 20, 39, 18, 34, 1]
OFV: 1479245.0	/ CPU: 89.176 seconds 	/ department sequence: [1, 34, 18, 39, 20, 60, 58, 30, 19, 52, 59, 10, 53, 50, 46, 43, 45, 31, 23, 5, 29, 38, 47, 41, 22, 49, 42, 14, 17, 2, 33, 26, 8, 32, 4, 35, 13, 16, 36, 44, 9, 57, 12, 7, 54, 6, 51, 37, 25, 40, 3, 21, 55, 15, 24, 28, 56, 48, 11, 27]
OFV: 1481019.0	/ CPU: 117.698 seconds 	/ department sequence: [27, 11, 48, 56, 28, 24, 15, 55, 21, 3, 40, 25, 37, 51, 6, 54, 7, 12, 57, 44, 36, 5, 16, 13, 35, 4, 32, 8, 26, 2, 17, 14, 33, 42, 22, 41, 49, 9, 47, 38, 29, 23, 31, 45, 43, 46, 50, 53, 10, 59, 52, 19, 30, 58, 60, 20, 39, 18, 34, 1]
OFV: 1480697.0	/ CPU: 93.088 seconds 	/ department sequence: [1, 34, 18, 39, 20, 55, 60, 58, 30, 19, 59, 52, 10, 53, 50, 46, 43, 45, 31, 23, 5, 38, 29, 9, 44, 41, 42, 22, 4, 14, 2, 17, 8, 26, 32, 33, 49, 13, 35, 16, 36, 47, 57, 12, 7, 54, 6, 51, 37, 25, 40, 3, 21, 15, 24, 28, 56, 48, 11, 27]
OFV: 1477867.0	/ CPU: 92.489 seconds 	/ department sequence: [27, 11, 48, 56, 28, 24, 15, 21, 3, 40, 25, 51, 6, 54, 46, 7, 57, 12, 47, 36, 44, 16, 13, 35, 4, 32, 33, 8, 26, 2, 17, 14, 42, 22, 49, 9, 41, 29, 38, 5, 23, 45, 31, 43, 37, 50, 53, 10, 52, 59, 19, 30, 58, 60, 55, 20, 39, 18, 34, 1]
OFV: 1479757.0	/ CPU: 104.054 seconds 	/ department sequence: [27, 11, 48, 28, 56, 24, 15, 21, 3, 40, 25, 6, 51, 46, 54, 7, 57, 12, 5, 36, 44, 16, 13, 35, 4, 33, 32, 8, 26, 17, 2, 42, 14, 22, 49, 9, 41, 47, 38, 29, 23, 45, 31, 43, 37, 50, 53, 10, 52, 59, 19, 30, 58, 60, 55, 20, 39, 18, 34, 1]
OFV: 1480949.0	/ CPU: 83.750 seconds 	/ department sequence: [27, 11, 34, 48, 28, 56, 24, 15, 21, 3, 40, 25, 51, 6, 54, 46, 7, 12, 9, 47, 36, 44, 16, 35, 13, 4, 33, 32, 26, 8, 17, 2, 42, 14, 22, 41, 49, 38, 29, 57, 5, 45, 23, 31, 43, 37, 50, 53, 10, 59, 52, 30, 19, 58, 60, 55, 20, 39, 18, 1]
-- AnKeVa60-1 result
--------------------------------------------
HostNestNum = 30, P_a = 0.2
--------------------------------------------
-- 2020-03-25 03:37 result data
-- AnKeVa60-1 result
--------------------------------------------
HostNestNum = 30, P_a = 0.2
--------------------------------------------
-- 2020-03-25 13:57 result data
-- AnKeVa60-1 result
--------------------------------------------
HostNestNum = 30, P_a = 0.2
--------------------------------------------
-- 2020-03-25 13:59 result data
OFV: 1481973.0	/ CPU: 167.152 seconds 	/ department sequence: [11, 27, 48, 56, 28, 24, 15, 21, 3, 40, 25, 51, 6, 46, 54, 7, 12, 47, 9, 36, 44, 16, 35, 13, 29, 4, 33, 32, 8, 26, 17, 2, 22, 14, 42, 49, 41, 38, 5, 57, 23, 45, 31, 43, 37, 50, 53, 10, 52, 59, 19, 30, 58, 60, 55, 20, 39, 18, 34, 1]
OFV: 1481408.0	/ CPU: 106.486 seconds 	/ department sequence: [27, 11, 48, 56, 28, 24, 15, 55, 21, 3, 40, 25, 6, 51, 54, 7, 12, 57, 5, 9, 44, 36, 16, 13, 35, 4, 32, 26, 8, 17, 2, 33, 14, 42, 22, 49, 41, 47, 38, 29, 23, 45, 31, 43, 37, 46, 50, 53, 10, 59, 52, 19, 30, 58, 60, 20, 39, 18, 34, 1]
OFV: 1477846.0	/ CPU: 2227.683 seconds 	/ department sequence: [27, 11, 48, 28, 56, 24, 15, 21, 3, 40, 25, 51, 6, 46, 54, 7, 57, 12, 47, 9, 36, 16, 44, 13, 35, 4, 32, 33, 8, 26, 2, 17, 14, 42, 22, 49, 41, 29, 38, 5, 23, 45, 31, 43, 37, 50, 53, 10, 52, 59, 19, 30, 58, 60, 55, 20, 39, 18, 34, 1]
-- AnKeVa60-1 result
--------------------------------------------
HostNestNum = 30, P_a = 0.2
--------------------------------------------
-- 2020-03-25 18:47 result data
OFV: 1479776.0	/ CPU: 342.827 seconds 	/ department sequence: [27, 11, 48, 56, 28, 24, 15, 55, 21, 3, 40, 25, 37, 51, 6, 54, 7, 12, 57, 44, 36, 16, 35, 13, 4, 26, 32, 8, 33, 2, 17, 42, 14, 22, 49, 41, 9, 47, 38, 29, 5, 23, 31, 45, 43, 46, 50, 53, 10, 59, 52, 19, 30, 58, 60, 20, 39, 18, 34, 1]
OFV: 1479776.0	/ CPU: 181.599 seconds 	/ department sequence: [1, 34, 18, 39, 20, 60, 58, 30, 19, 52, 59, 10, 53, 50, 46, 43, 45, 31, 23, 5, 29, 38, 47, 9, 41, 49, 22, 14, 42, 17, 2, 33, 8, 32, 26, 4, 13, 35, 16, 36, 44, 57, 12, 7, 54, 6, 51, 37, 25, 40, 3, 21, 55, 15, 24, 28, 56, 48, 11, 27]
OFV: 1483976.0	/ CPU: 375.383 seconds 	/ department sequence: [1, 56, 39, 20, 60, 30, 58, 19, 52, 59, 10, 53, 50, 37, 43, 31, 45, 23, 57, 29, 38, 47, 41, 49, 14, 22, 42, 33, 2, 17, 8, 26, 32, 4, 35, 13, 16, 44, 36, 5, 9, 12, 7, 46, 51, 54, 6, 25, 40, 3, 15, 21, 55, 24, 18, 28, 11, 34, 48, 27]
-- AnKeVa60-1 result
--------------------------------------------
HostNestNum = 30, P_a = 0.2
--------------------------------------------
-- 2020-03-25 21:26 result data
-- AnKeVa60-1 result
--------------------------------------------
HostNestNum = 30, P_a = 0.2
--------------------------------------------
-- 2020-03-25 21:27 result data
OFV: 1477847.0	/ CPU: 374.579 seconds 	/ department sequence: [27, 11, 48, 56, 28, 24, 15, 21, 3, 40, 25, 51, 6, 46, 54, 7, 57, 12, 47, 36, 44, 16, 13, 35, 4, 33, 32, 8, 26, 2, 17, 42, 14, 22, 49, 41, 9, 29, 38, 5, 23, 45, 31, 43, 37, 50, 53, 10, 52, 59, 19, 30, 58, 60, 55, 20, 39, 18, 34, 1]
-- AnKeVa60-1 result
--------------------------------------------
HostNestNum = 30, P_a = 0.2
--------------------------------------------
-- 2020-03-26 14:41 result data
OFV: 1481375.0	/ CPU: 167.612 seconds 	/ department sequence: [27, 11, 34, 48, 28, 56, 24, 15, 21, 59, 3, 40, 25, 6, 54, 46, 51, 7, 12, 47, 9, 36, 44, 16, 13, 35, 4, 32, 33, 8, 26, 17, 2, 42, 14, 22, 49, 41, 29, 38, 5, 57, 23, 45, 31, 43, 37, 50, 53, 10, 52, 19, 30, 58, 60, 55, 20, 39, 18, 1]
OFV: 1481382.0	/ CPU: 138.245 seconds 	/ department sequence: [27, 48, 34, 11, 28, 18, 24, 55, 21, 15, 3, 40, 25, 6, 54, 51, 46, 7, 12, 57, 47, 9, 36, 16, 13, 35, 4, 32, 33, 8, 26, 17, 2, 42, 14, 22, 44, 41, 49, 29, 38, 5, 23, 31, 45, 43, 37, 50, 53, 10, 59, 52, 19, 58, 30, 60, 20, 39, 56, 1]
OFV: 1479231.0	/ CPU: 86.264 seconds 	/ department sequence: [27, 11, 48, 56, 28, 24, 15, 55, 21, 3, 40, 25, 37, 51, 6, 54, 7, 12, 57, 9, 44, 36, 16, 13, 35, 4, 32, 8, 26, 17, 2, 33, 14, 42, 49, 22, 41, 47, 38, 29, 5, 23, 31, 45, 43, 46, 50, 53, 10, 59, 52, 19, 30, 58, 60, 20, 39, 18, 34, 1]
OFV: 1477920.0	/ CPU: 79.926 seconds 	/ department sequence: [1, 34, 18, 39, 20, 55, 60, 58, 30, 19, 59, 52, 10, 53, 50, 37, 43, 31, 45, 23, 5, 29, 38, 41, 49, 22, 14, 42, 17, 2, 26, 8, 33, 32, 4, 35, 13, 44, 16, 36, 9, 47, 57, 12, 7, 54, 46, 51, 6, 25, 40, 3, 21, 15, 24, 56, 28, 48, 11, 27]
-- AnKeVa60-1 result
--------------------------------------------
HostNestNum = 30, P_a = 0.2
--------------------------------------------
-- 2020-03-26 15:03 result data
OFV: 1481702.0	/ CPU: 123.324 seconds 	/ department sequence: [1, 56, 39, 20, 60, 30, 58, 19, 52, 59, 10, 53, 50, 37, 43, 45, 31, 23, 5, 38, 29, 41, 47, 22, 49, 14, 2, 17, 26, 8, 33, 32, 4, 35, 42, 13, 16, 36, 44, 9, 57, 12, 7, 46, 51, 54, 6, 25, 40, 3, 15, 21, 55, 24, 18, 28, 11, 34, 48, 27]
-- AnKeVa60-1 result
--------------------------------------------
HostNestNum = 30, P_a = 0.2
--------------------------------------------
-- 2020-03-26 15:06 result data
OFV: 1482026.0	/ CPU: 75.962 seconds 	/ department sequence: [1, 34, 39, 20, 60, 30, 19, 58, 52, 59, 10, 53, 50, 37, 43, 46, 45, 31, 23, 29, 38, 5, 41, 44, 22, 49, 14, 42, 33, 2, 17, 8, 26, 32, 4, 13, 35, 16, 36, 9, 47, 57, 12, 7, 54, 6, 51, 25, 40, 3, 21, 55, 15, 24, 28, 56, 18, 48, 11, 27]
-- AnKeVa60-1 result
--------------------------------------------
HostNestNum = 30, P_a = 0.2
--------------------------------------------
-- 2020-03-26 15:09 result data
OFV: 1479515.0	/ CPU: 113.616 seconds 	/ department sequence: [1, 34, 18, 39, 20, 55, 60, 58, 30, 19, 59, 52, 10, 53, 50, 37, 43, 31, 45, 23, 38, 29, 47, 41, 49, 22, 42, 14, 33, 2, 17, 26, 8, 32, 4, 35, 13, 16, 44, 36, 5, 9, 12, 57, 7, 54, 46, 6, 51, 25, 40, 3, 21, 15, 24, 28, 56, 48, 11, 27]
-- AnKeVa60-1 result
--------------------------------------------
HostNestNum = 30, P_a = 0.2
--------------------------------------------
-- 2020-03-26 18:10 result data
OFV: 1477840.0	/ CPU: 110.680 seconds 	/ department sequence: [1, 34, 18, 39, 20, 55, 60, 58, 30, 19, 59, 52, 10, 53, 50, 37, 43, 31, 45, 23, 5, 38, 29, 9, 41, 49, 22, 14, 42, 17, 2, 26, 8, 33, 32, 4, 35, 13, 16, 44, 36, 47, 12, 57, 7, 54, 46, 51, 6, 25, 40, 3, 21, 15, 24, 28, 56, 48, 11, 27]
OFV: 1479234.0	/ CPU: 97.288 seconds 	/ department sequence: [27, 11, 48, 56, 28, 24, 15, 55, 21, 3, 40, 25, 37, 51, 6, 54, 7, 12, 57, 9, 44, 36, 16, 13, 35, 4, 32, 8, 26, 33, 17, 2, 14, 42, 49, 22, 41, 47, 38, 29, 5, 23, 31, 45, 43, 46, 50, 53, 10, 59, 52, 19, 30, 58, 60, 20, 39, 18, 34, 1]
OFV: 1479515.0	/ CPU: 137.973 seconds 	/ department sequence: [27, 11, 48, 56, 28, 24, 15, 21, 3, 40, 25, 6, 51, 46, 54, 7, 57, 12, 9, 5, 36, 44, 16, 13, 35, 4, 32, 8, 26, 17, 2, 33, 14, 42, 22, 49, 41, 47, 29, 38, 23, 45, 31, 43, 37, 50, 53, 10, 52, 59, 19, 30, 58, 60, 55, 20, 39, 18, 34, 1]
OFV: 1478190.0	/ CPU: 93.104 seconds 	/ department sequence: [27, 11, 48, 28, 56, 24, 15, 21, 3, 40, 25, 51, 6, 46, 54, 7, 57, 12, 47, 9, 36, 16, 35, 13, 4, 33, 32, 26, 8, 17, 2, 42, 14, 22, 44, 49, 41, 29, 38, 5, 23, 45, 31, 43, 37, 50, 53, 10, 52, 59, 19, 30, 58, 60, 55, 20, 39, 18, 34, 1]
-- AnKeVa60-1 result
--------------------------------------------
HostNestNum = 30, P_a = 0.2
--------------------------------------------
-- 2020-03-26 19:04 result data
OFV: 1479231.0	/ CPU: 88.624 seconds 	/ department sequence: [1, 34, 18, 39, 20, 60, 58, 30, 19, 52, 59, 10, 53, 50, 46, 43, 45, 31, 23, 5, 29, 38, 47, 41, 22, 49, 42, 14, 33, 2, 17, 26, 8, 32, 4, 35, 13, 16, 36, 44, 9, 57, 12, 7, 54, 6, 51, 37, 25, 40, 3, 21, 55, 15, 24, 28, 56, 48, 11, 27]
-- AnKeVa60-1 result
--------------------------------------------
HostNestNum = 30, P_a = 0.2
--------------------------------------------
-- 2020-03-26 20:19 result data
OFV: 1478447.0	/ CPU: 69.921 seconds 	/ department sequence: [1, 34, 18, 39, 20, 55, 60, 58, 30, 19, 59, 52, 10, 53, 50, 37, 43, 31, 45, 23, 5, 38, 29, 41, 49, 22, 4, 14, 2, 26, 17, 8, 32, 33, 42, 35, 13, 16, 44, 36, 9, 47, 12, 57, 7, 54, 46, 6, 51, 25, 40, 3, 21, 15, 24, 56, 28, 48, 11, 27]
