-- AnKeVa60-1 result
--------------------------------------------
HostNestNum = 30, P_a = 0.1
--------------------------------------------
-- 2019-01-11 15:12 result data
OFV: 1783719.0	/ CPU: 178.016 seconds 	/ department sequence: [39, 60, 20, 15, 18, 43, 34, 56, 3, 9, 6, 47, 25, 54, 31, 13, 44, 33, 40, 24, 29, 59, 36, 38, 46, 26, 32, 35, 16, 8, 17, 2, 4, 14, 7, 12, 5, 30, 53, 42, 45, 50, 51, 23, 37, 21, 49, 22, 55, 28, 52, 41, 10, 57, 48, 19, 11, 27, 58, 1]
OFV: 1766350.0	/ CPU: 116.995 seconds 	/ department sequence: [1, 29, 55, 56, 28, 48, 52, 25, 20, 37, 39, 30, 47, 51, 7, 54, 22, 16, 6, 42, 50, 38, 19, 17, 26, 58, 36, 32, 23, 43, 2, 33, 8, 4, 12, 31, 41, 45, 46, 57, 13, 35, 44, 14, 9, 40, 10, 49, 5, 3, 11, 24, 21, 27, 59, 34, 60, 18, 53, 15]
OFV: 1811858.0	/ CPU: 189.917 seconds 	/ department sequence: [1, 53, 48, 30, 3, 45, 56, 46, 21, 12, 37, 54, 57, 52, 20, 27, 17, 19, 6, 42, 44, 26, 41, 13, 38, 36, 40, 25, 32, 14, 2, 49, 22, 16, 50, 8, 4, 23, 9, 31, 43, 5, 7, 29, 51, 55, 47, 28, 24, 35, 33, 58, 15, 39, 60, 59, 34, 10, 11, 18]
OFV: 1798954.0	/ CPU: 184.167 seconds 	/ department sequence: [1, 20, 29, 46, 39, 21, 34, 50, 19, 30, 11, 10, 3, 6, 5, 36, 33, 42, 38, 51, 35, 59, 32, 47, 17, 12, 4, 22, 2, 49, 44, 14, 28, 26, 41, 13, 9, 16, 7, 8, 31, 40, 56, 23, 54, 43, 52, 58, 24, 45, 53, 37, 18, 15, 48, 55, 25, 57, 27, 60]
OFV: 1772023.0	/ CPU: 279.970 seconds 	/ department sequence: [24, 34, 30, 51, 23, 21, 19, 31, 56, 50, 27, 43, 39, 20, 15, 46, 47, 53, 38, 22, 5, 13, 16, 49, 54, 35, 29, 26, 32, 17, 2, 12, 14, 4, 8, 9, 7, 6, 59, 44, 41, 42, 36, 40, 33, 55, 45, 37, 57, 25, 10, 3, 28, 58, 60, 52, 11, 18, 48, 1]
OFV: 1738178.0	/ CPU: 117.511 seconds 	/ department sequence: [1, 59, 58, 39, 18, 52, 34, 31, 21, 48, 49, 57, 44, 43, 12, 9, 32, 30, 5, 10, 8, 50, 4, 51, 26, 23, 22, 14, 2, 7, 16, 17, 45, 13, 29, 35, 53, 42, 36, 47, 37, 38, 40, 41, 33, 46, 25, 6, 3, 27, 54, 11, 28, 20, 19, 56, 60, 15, 24, 55]
OFV: 1840164.0	/ CPU: 350.194 seconds 	/ department sequence: [1, 25, 55, 60, 20, 18, 19, 11, 10, 58, 42, 40, 41, 39, 49, 36, 56, 51, 16, 37, 38, 23, 30, 35, 13, 17, 26, 44, 33, 28, 29, 32, 2, 45, 4, 57, 22, 12, 46, 8, 50, 54, 7, 14, 5, 9, 6, 52, 34, 21, 31, 47, 3, 15, 27, 59, 48, 24, 53, 43]
OFV: 1804762.0	/ CPU: 194.407 seconds 	/ department sequence: [1, 18, 39, 59, 53, 10, 34, 20, 3, 41, 49, 38, 54, 6, 5, 32, 21, 16, 35, 42, 45, 52, 12, 14, 4, 2, 8, 17, 9, 43, 7, 13, 22, 47, 23, 57, 26, 33, 29, 30, 60, 36, 55, 25, 50, 46, 28, 58, 31, 40, 24, 19, 15, 44, 11, 51, 56, 37, 48, 27]
--------------------------------------------
HostNestNum = 30, P_a = 0.1
--------------------------------------------
-- 2019-01-11 15:39 result data
OFV: 1877827.0	/ CPU: 106.544 seconds 	/ department sequence: [1, 53, 11, 18, 52, 44, 20, 27, 46, 38, 23, 39, 57, 22, 40, 19, 14, 58, 24, 41, 49, 50, 51, 47, 42, 43, 60, 37, 28, 32, 2, 26, 8, 17, 36, 4, 5, 31, 35, 10, 9, 7, 13, 6, 30, 12, 45, 16, 21, 25, 34, 54, 33, 3, 15, 48, 56, 29, 55, 59]
OFV: 1774329.0	/ CPU: 212.735 seconds 	/ department sequence: [1, 52, 58, 27, 55, 45, 34, 46, 39, 44, 23, 15, 18, 42, 40, 28, 21, 54, 60, 43, 47, 31, 53, 32, 51, 17, 49, 33, 35, 38, 26, 8, 14, 2, 4, 12, 13, 41, 16, 6, 25, 37, 7, 36, 9, 5, 24, 29, 50, 22, 59, 57, 3, 56, 48, 20, 10, 19, 30, 11]
OFV: 1809416.0	/ CPU: 113.011 seconds 	/ department sequence: [11, 50, 30, 18, 20, 54, 60, 38, 45, 37, 48, 51, 34, 39, 5, 31, 29, 6, 7, 9, 17, 35, 14, 47, 26, 25, 21, 46, 24, 8, 2, 4, 13, 33, 23, 16, 12, 49, 57, 32, 22, 43, 58, 42, 40, 36, 44, 3, 19, 28, 52, 55, 10, 41, 15, 53, 59, 27, 56, 1]
OFV: 1856733.0	/ CPU: 265.884 seconds 	/ department sequence: [55, 24, 46, 30, 59, 60, 32, 15, 18, 39, 23, 10, 51, 35, 20, 58, 47, 57, 37, 28, 25, 36, 22, 19, 29, 41, 14, 4, 2, 8, 16, 50, 13, 33, 42, 48, 17, 9, 52, 43, 44, 26, 49, 12, 45, 6, 5, 7, 53, 40, 38, 31, 3, 34, 21, 27, 56, 11, 54, 1]
OFV: 1770575.0	/ CPU: 137.253 seconds 	/ department sequence: [1, 19, 18, 55, 42, 51, 48, 39, 3, 23, 40, 5, 7, 10, 9, 24, 57, 22, 36, 35, 41, 32, 21, 16, 12, 4, 31, 43, 8, 44, 26, 17, 14, 13, 2, 33, 47, 6, 38, 37, 25, 54, 29, 49, 46, 59, 15, 20, 45, 52, 60, 34, 28, 30, 11, 58, 53, 27, 56, 50]
--------------------------------------------
HostNestNum = 30, P_a = 0.1
--------------------------------------------
-- 2019-01-11 16:03 result data
OFV: 1833724.0	/ CPU: 164.597 seconds 	/ department sequence: [1, 45, 20, 18, 11, 23, 34, 3, 10, 5, 33, 35, 38, 40, 51, 52, 54, 14, 12, 13, 49, 44, 50, 42, 29, 36, 57, 55, 47, 2, 9, 8, 16, 17, 4, 46, 6, 7, 21, 19, 26, 37, 31, 25, 22, 32, 28, 60, 58, 41, 53, 48, 56, 43, 59, 30, 24, 27, 15, 39]
OFV: 1839679.0	/ CPU: 149.626 seconds 	/ department sequence: [18, 39, 15, 49, 10, 20, 45, 51, 46, 56, 31, 25, 17, 60, 5, 22, 13, 54, 24, 29, 35, 44, 36, 16, 59, 43, 26, 42, 2, 41, 4, 47, 8, 14, 32, 30, 33, 23, 53, 50, 58, 6, 12, 7, 9, 38, 3, 48, 34, 57, 37, 28, 11, 40, 19, 21, 55, 52, 27, 1]
OFV: 1824765.0	/ CPU: 119.814 seconds 	/ department sequence: [1, 37, 28, 42, 20, 18, 21, 23, 50, 55, 30, 22, 54, 43, 48, 33, 59, 58, 52, 49, 41, 51, 29, 16, 57, 12, 44, 32, 35, 25, 38, 8, 2, 17, 13, 4, 14, 36, 5, 47, 7, 9, 45, 6, 10, 40, 39, 26, 60, 19, 46, 53, 31, 3, 24, 15, 11, 34, 56, 27]
OFV: 1773170.0	/ CPU: 131.337 seconds 	/ department sequence: [1, 19, 34, 40, 48, 38, 58, 55, 59, 10, 46, 25, 30, 49, 15, 26, 41, 47, 22, 37, 45, 31, 44, 28, 29, 35, 8, 2, 9, 54, 13, 33, 4, 42, 36, 16, 43, 14, 17, 12, 7, 5, 6, 56, 57, 23, 53, 52, 32, 3, 39, 50, 51, 24, 60, 21, 27, 20, 18, 11]
OFV: 1874628.0	/ CPU: 111.004 seconds 	/ department sequence: [59, 20, 10, 15, 11, 18, 60, 39, 38, 50, 49, 47, 34, 22, 35, 36, 44, 14, 13, 56, 31, 45, 5, 55, 7, 9, 4, 2, 8, 40, 23, 6, 51, 21, 26, 43, 25, 42, 16, 17, 12, 32, 48, 29, 33, 41, 37, 53, 54, 58, 57, 46, 3, 19, 52, 24, 28, 30, 27, 1]
OFV: 1747408.0	/ CPU: 97.616 seconds 	/ department sequence: [37, 11, 39, 21, 31, 56, 40, 27, 20, 38, 15, 3, 54, 6, 25, 51, 46, 7, 36, 33, 49, 12, 32, 29, 24, 16, 13, 8, 17, 26, 2, 14, 4, 5, 23, 60, 35, 50, 22, 41, 45, 47, 42, 57, 44, 59, 52, 55, 30, 9, 10, 19, 58, 34, 43, 53, 18, 28, 48, 1]
OFV: 1793133.0	/ CPU: 167.394 seconds 	/ department sequence: [48, 21, 18, 27, 20, 11, 15, 3, 10, 23, 50, 34, 36, 58, 19, 44, 6, 9, 5, 7, 42, 12, 13, 51, 32, 29, 14, 22, 26, 16, 8, 45, 17, 2, 4, 49, 59, 46, 38, 40, 47, 41, 24, 52, 56, 31, 33, 57, 37, 53, 54, 30, 35, 28, 25, 43, 60, 39, 55, 1]
OFV: 1704836.0	/ CPU: 330.301 seconds 	/ department sequence: [56, 27, 48, 18, 55, 20, 28, 34, 58, 15, 21, 30, 50, 19, 10, 9, 60, 23, 40, 43, 36, 22, 32, 26, 44, 42, 45, 49, 46, 41, 54, 8, 33, 2, 7, 6, 13, 47, 14, 4, 35, 37, 59, 57, 17, 12, 16, 53, 31, 5, 51, 25, 39, 38, 52, 29, 3, 11, 24, 1]
--------------------------------------------
HostNestNum = 30, P_a = 0.1
--------------------------------------------
-- 2019-01-11 16:24 result data
OFV: 1758394.0	/ CPU: 259.198 seconds 	/ department sequence: [1, 11, 18, 30, 24, 19, 20, 34, 3, 51, 40, 43, 60, 53, 12, 10, 36, 42, 33, 16, 6, 54, 32, 45, 47, 38, 44, 26, 4, 2, 49, 8, 21, 14, 41, 17, 13, 22, 7, 5, 35, 9, 28, 31, 48, 59, 57, 46, 52, 15, 39, 25, 58, 27, 37, 56, 23, 50, 29, 55]
OFV: 1808121.0	/ CPU: 65.025 seconds 	/ department sequence: [59, 56, 53, 48, 52, 39, 40, 24, 55, 29, 57, 35, 37, 50, 46, 42, 34, 58, 41, 51, 17, 22, 60, 43, 36, 45, 44, 23, 54, 2, 8, 7, 9, 32, 4, 28, 31, 16, 14, 47, 33, 20, 26, 12, 25, 13, 49, 6, 5, 15, 19, 38, 30, 10, 3, 21, 18, 27, 11, 1]
OFV: 1817054.0	/ CPU: 80.975 seconds 	/ department sequence: [1, 52, 58, 27, 46, 19, 11, 39, 34, 18, 3, 49, 10, 30, 5, 9, 47, 50, 32, 36, 51, 14, 21, 37, 35, 33, 26, 22, 43, 2, 7, 42, 4, 6, 8, 38, 17, 13, 12, 54, 53, 41, 16, 29, 23, 40, 20, 60, 28, 57, 56, 25, 44, 45, 59, 48, 31, 55, 24, 15]
OFV: 1765717.0	/ CPU: 323.427 seconds 	/ department sequence: [28, 59, 55, 24, 11, 18, 20, 58, 3, 40, 47, 10, 25, 50, 15, 30, 9, 12, 6, 7, 5, 31, 36, 29, 26, 52, 22, 17, 16, 42, 23, 14, 43, 32, 8, 2, 45, 33, 4, 35, 57, 44, 46, 49, 41, 19, 13, 39, 38, 51, 48, 21, 54, 56, 60, 53, 34, 27, 37, 1]
OFV: 1798750.0	/ CPU: 150.673 seconds 	/ department sequence: [11, 18, 50, 53, 60, 46, 48, 20, 59, 3, 16, 30, 58, 25, 29, 35, 28, 12, 37, 54, 6, 38, 5, 9, 7, 22, 31, 17, 4, 8, 2, 49, 47, 57, 36, 32, 14, 33, 13, 43, 40, 51, 42, 10, 55, 41, 21, 26, 44, 15, 24, 34, 27, 23, 19, 52, 39, 45, 56, 1]
OFV: 1850632.0	/ CPU: 174.791 seconds 	/ department sequence: [1, 34, 40, 43, 27, 10, 57, 58, 21, 24, 44, 46, 29, 42, 48, 41, 26, 30, 47, 36, 60, 23, 59, 54, 52, 53, 33, 50, 35, 25, 31, 2, 38, 49, 12, 8, 22, 16, 13, 32, 17, 4, 9, 14, 5, 7, 6, 19, 51, 15, 45, 3, 20, 55, 11, 39, 18, 56, 28, 37]
OFV: 1850890.0	/ CPU: 272.642 seconds 	/ department sequence: [1, 24, 34, 44, 19, 20, 51, 45, 52, 31, 30, 53, 50, 5, 38, 54, 13, 58, 9, 16, 39, 42, 43, 26, 22, 55, 2, 32, 8, 14, 25, 4, 12, 29, 33, 17, 6, 7, 59, 40, 49, 36, 47, 21, 46, 35, 60, 37, 23, 3, 18, 41, 10, 15, 48, 11, 27, 56, 57, 28]
OFV: 1785411.0	/ CPU: 219.703 seconds 	/ department sequence: [60, 39, 59, 56, 58, 41, 27, 34, 20, 23, 30, 28, 52, 29, 21, 38, 48, 51, 13, 12, 25, 18, 16, 6, 7, 40, 4, 8, 22, 26, 47, 44, 14, 2, 46, 45, 42, 50, 57, 36, 35, 33, 49, 31, 17, 32, 5, 9, 37, 10, 55, 19, 53, 24, 15, 54, 43, 3, 11, 1]
OFV: 1819339.0	/ CPU: 180.287 seconds 	/ department sequence: [37, 24, 48, 28, 11, 18, 3, 7, 6, 17, 59, 10, 9, 42, 12, 44, 32, 16, 51, 21, 45, 5, 14, 33, 31, 4, 36, 34, 50, 49, 2, 13, 40, 26, 41, 8, 22, 57, 38, 25, 30, 60, 47, 35, 55, 53, 58, 54, 43, 29, 19, 46, 23, 20, 15, 39, 56, 52, 27, 1]
OFV: 1789427.0	/ CPU: 100.551 seconds 	/ department sequence: [27, 25, 56, 37, 24, 18, 34, 11, 59, 58, 3, 19, 57, 6, 9, 5, 32, 17, 8, 7, 38, 48, 29, 16, 13, 12, 4, 45, 49, 2, 35, 36, 44, 46, 22, 14, 52, 51, 42, 26, 33, 47, 50, 40, 28, 55, 23, 31, 10, 54, 39, 21, 53, 15, 41, 30, 43, 20, 60, 1]
-- AnKeVa60-1 result
--------------------------------------------
HostNestNum = 30, P_a = 0.1
--------------------------------------------
-- 2019-01-11 20:48 result data
OFV: 1795050.0	/ CPU: 113.208 seconds 	/ department sequence: [1, 11, 15, 3, 54, 50, 46, 37, 28, 45, 21, 24, 30, 20, 6, 9, 10, 36, 23, 5, 44, 59, 22, 40, 51, 32, 42, 13, 38, 12, 41, 2, 17, 35, 14, 16, 4, 8, 26, 19, 47, 25, 52, 31, 57, 53, 49, 43, 29, 7, 27, 60, 34, 48, 39, 58, 18, 33, 56, 55]
OFV: 1862561.0	/ CPU: 163.899 seconds 	/ department sequence: [1, 55, 11, 60, 59, 18, 10, 19, 20, 50, 29, 49, 32, 30, 33, 58, 40, 39, 25, 22, 57, 46, 54, 17, 47, 23, 28, 35, 41, 53, 2, 34, 14, 16, 8, 26, 45, 4, 9, 42, 13, 5, 38, 7, 12, 52, 6, 37, 51, 21, 31, 36, 3, 24, 15, 56, 48, 43, 27, 44]
OFV: 1837453.0	/ CPU: 64.875 seconds 	/ department sequence: [1, 46, 23, 59, 52, 11, 34, 30, 39, 40, 15, 25, 54, 56, 58, 22, 49, 50, 10, 51, 7, 32, 8, 37, 53, 14, 12, 43, 9, 47, 2, 26, 33, 57, 35, 38, 16, 13, 17, 4, 5, 6, 42, 60, 36, 31, 28, 19, 20, 29, 21, 44, 45, 3, 18, 48, 41, 27, 24, 55]
OFV: 1785547.0	/ CPU: 100.679 seconds 	/ department sequence: [20, 34, 18, 11, 52, 36, 21, 27, 15, 3, 37, 9, 55, 16, 7, 51, 38, 45, 6, 5, 32, 23, 12, 22, 4, 13, 8, 17, 29, 35, 26, 2, 60, 33, 57, 49, 28, 46, 25, 31, 41, 42, 14, 10, 58, 53, 44, 48, 54, 47, 24, 39, 43, 50, 59, 19, 56, 40, 30, 1]
OFV: 1755102.0	/ CPU: 161.274 seconds 	/ department sequence: [1, 59, 43, 56, 58, 48, 3, 45, 57, 55, 52, 23, 50, 35, 30, 28, 49, 53, 44, 25, 47, 33, 29, 31, 42, 22, 19, 2, 32, 14, 26, 17, 16, 8, 13, 4, 12, 40, 7, 6, 5, 41, 9, 34, 36, 46, 54, 37, 24, 51, 60, 10, 20, 38, 21, 15, 27, 39, 18, 11]
OFV: 1787665.0	/ CPU: 144.638 seconds 	/ department sequence: [39, 11, 18, 30, 48, 27, 3, 50, 51, 47, 25, 45, 43, 54, 44, 40, 17, 42, 37, 55, 6, 9, 53, 49, 41, 7, 4, 2, 8, 14, 16, 12, 29, 26, 32, 60, 38, 23, 34, 24, 35, 33, 22, 46, 57, 36, 5, 59, 52, 10, 13, 31, 28, 15, 19, 20, 21, 58, 56, 1]
OFV: 1839508.0	/ CPU: 162.462 seconds 	/ department sequence: [1, 46, 39, 3, 45, 44, 56, 58, 24, 43, 36, 27, 51, 32, 37, 10, 30, 41, 19, 33, 49, 35, 53, 26, 16, 17, 52, 2, 23, 47, 40, 14, 22, 4, 31, 57, 13, 50, 8, 29, 5, 25, 7, 28, 38, 6, 34, 9, 12, 15, 48, 42, 60, 21, 59, 54, 20, 11, 18, 55]
OFV: 1777012.0	/ CPU: 188.643 seconds 	/ department sequence: [1, 40, 11, 15, 47, 27, 60, 24, 28, 19, 30, 3, 46, 36, 38, 45, 35, 58, 32, 49, 53, 42, 50, 22, 31, 44, 2, 14, 8, 17, 16, 12, 9, 13, 21, 33, 25, 26, 4, 6, 5, 23, 7, 41, 29, 10, 51, 57, 56, 18, 20, 34, 55, 43, 54, 37, 52, 48, 39, 59]
OFV: 1842237.0	/ CPU: 246.036 seconds 	/ department sequence: [1, 18, 52, 24, 44, 53, 39, 54, 28, 30, 55, 60, 50, 32, 25, 19, 49, 33, 57, 51, 58, 5, 22, 38, 42, 8, 43, 48, 2, 4, 41, 40, 31, 26, 16, 35, 29, 13, 17, 14, 59, 36, 12, 7, 6, 9, 10, 34, 46, 45, 23, 47, 3, 20, 37, 27, 11, 15, 56, 21]
OFV: 1823611.0	/ CPU: 96.649 seconds 	/ department sequence: [1, 57, 39, 48, 3, 54, 27, 25, 50, 46, 53, 21, 30, 40, 34, 12, 6, 15, 5, 13, 7, 26, 31, 36, 47, 4, 32, 2, 17, 28, 16, 14, 52, 33, 42, 38, 58, 35, 23, 9, 8, 19, 45, 51, 24, 22, 49, 44, 20, 55, 43, 37, 41, 29, 59, 10, 11, 18, 56, 60]
-- AnKeVa60-1 result
--------------------------------------------
HostNestNum = 30, P_a = 0.1
--------------------------------------------
-- 2019-02-13 02:41 result data
OFV: 1478317.0	/ CPU: 3526.471 seconds 	/ department sequence: [11, 27, 48, 28, 56, 24, 15, 21, 3, 40, 25, 6, 51, 46, 7, 54, 57, 12, 47, 36, 44, 16, 13, 35, 33, 4, 32, 26, 8, 2, 14, 17, 42, 22, 49, 41, 29, 9, 38, 5, 23, 45, 31, 43, 37, 53, 50, 10, 59, 52, 19, 30, 58, 60, 55, 20, 39, 18, 34, 1]
-- AnKeVa60-1 result
--------------------------------------------
HostNestNum = 30, P_a = 0.1
--------------------------------------------
-- 2019-02-13 19:03 result data
OFV: 1482578.0	/ CPU: 2001.437 seconds 	/ department sequence: [1, 34, 18, 39, 20, 55, 60, 58, 30, 19, 59, 52, 10, 53, 50, 46, 43, 45, 31, 23, 5, 9, 41, 47, 49, 22, 42, 33, 14, 2, 17, 32, 8, 26, 4, 35, 29, 13, 16, 38, 44, 36, 57, 12, 7, 54, 6, 51, 37, 25, 40, 3, 21, 15, 24, 28, 56, 48, 11, 27]
