-- AnKeVa60-1 result
--------------------------------------------
HostNestNum = 60, P_a = 0.0
--------------------------------------------
-- 2019-01-11 23:52 result data
OFV: 1842726.0	/ CPU: 32.414 seconds 	/ department sequence: [46, 24, 60, 34, 11, 18, 37, 39, 30, 59, 3, 6, 44, 5, 35, 57, 29, 13, 50, 16, 58, 38, 7, 12, 4, 8, 26, 2, 9, 47, 32, 14, 17, 36, 54, 33, 10, 25, 19, 41, 53, 22, 49, 56, 40, 31, 55, 20, 45, 52, 43, 48, 28, 51, 27, 21, 15, 42, 23, 1]
OFV: 1807402.0	/ CPU: 23.151 seconds 	/ department sequence: [11, 20, 59, 24, 27, 30, 48, 15, 21, 56, 18, 3, 49, 57, 16, 33, 55, 34, 32, 38, 13, 6, 22, 52, 8, 29, 17, 35, 40, 42, 2, 44, 4, 50, 14, 26, 47, 54, 58, 53, 31, 9, 36, 23, 7, 5, 41, 10, 12, 19, 60, 28, 45, 51, 25, 43, 39, 46, 37, 1]
OFV: 1757668.0	/ CPU: 52.441 seconds 	/ department sequence: [1, 39, 56, 28, 3, 43, 29, 37, 46, 20, 52, 35, 41, 30, 6, 10, 5, 32, 9, 4, 7, 8, 17, 42, 26, 13, 49, 2, 33, 22, 60, 14, 36, 19, 16, 50, 38, 51, 45, 31, 54, 57, 44, 25, 12, 40, 23, 24, 47, 21, 58, 18, 27, 34, 53, 15, 55, 48, 11, 59]
OFV: 1853654.0	/ CPU: 20.105 seconds 	/ department sequence: [1, 51, 56, 57, 40, 55, 10, 58, 23, 38, 22, 19, 39, 52, 60, 35, 50, 8, 7, 28, 37, 5, 25, 4, 26, 13, 18, 2, 17, 32, 12, 49, 42, 33, 16, 43, 45, 47, 31, 41, 9, 14, 6, 29, 48, 54, 24, 53, 44, 34, 30, 46, 36, 3, 20, 21, 15, 59, 27, 11]
OFV: 1875871.0	/ CPU: 32.446 seconds 	/ department sequence: [24, 60, 33, 20, 15, 18, 25, 30, 56, 57, 28, 51, 6, 7, 5, 22, 38, 43, 12, 40, 49, 41, 58, 36, 29, 14, 23, 32, 54, 46, 8, 2, 9, 13, 42, 4, 59, 39, 44, 31, 27, 17, 26, 16, 37, 35, 47, 48, 45, 53, 21, 52, 50, 3, 19, 34, 10, 11, 55, 1]
OFV: 1832159.0	/ CPU: 28.931 seconds 	/ department sequence: [24, 20, 53, 39, 11, 27, 60, 59, 15, 3, 40, 50, 43, 32, 22, 25, 12, 30, 37, 44, 26, 19, 23, 8, 13, 42, 54, 28, 17, 51, 16, 2, 4, 33, 14, 29, 47, 35, 45, 38, 36, 6, 5, 7, 41, 21, 10, 9, 18, 34, 46, 48, 49, 31, 56, 57, 55, 52, 58, 1]
OFV: 1733255.0	/ CPU: 20.027 seconds 	/ department sequence: [1, 19, 15, 18, 50, 39, 48, 56, 11, 3, 53, 43, 10, 6, 5, 12, 17, 31, 7, 42, 14, 51, 32, 33, 58, 41, 16, 23, 36, 25, 40, 26, 22, 29, 8, 2, 4, 49, 13, 9, 38, 45, 47, 35, 57, 52, 59, 46, 60, 54, 34, 37, 44, 55, 21, 24, 28, 20, 27, 30]
OFV: 1834967.0	/ CPU: 19.229 seconds 	/ department sequence: [1, 40, 52, 27, 47, 58, 48, 59, 30, 39, 24, 31, 45, 12, 23, 60, 54, 41, 6, 5, 46, 9, 14, 17, 25, 13, 35, 4, 2, 8, 26, 7, 22, 50, 16, 28, 32, 37, 55, 38, 49, 43, 57, 33, 34, 36, 42, 44, 19, 29, 3, 15, 21, 20, 18, 51, 53, 10, 11, 56]
OFV: 1859725.0	/ CPU: 31.868 seconds 	/ department sequence: [34, 45, 56, 58, 41, 48, 28, 11, 39, 43, 59, 57, 40, 33, 26, 23, 47, 52, 38, 60, 54, 13, 46, 51, 9, 12, 4, 22, 32, 35, 17, 2, 27, 29, 8, 16, 6, 44, 14, 49, 7, 5, 37, 53, 42, 36, 19, 25, 3, 20, 24, 21, 18, 10, 30, 15, 55, 31, 50, 1]
OFV: 1881730.0	/ CPU: 25.385 seconds 	/ department sequence: [30, 11, 28, 39, 18, 27, 3, 40, 33, 54, 43, 19, 20, 57, 50, 6, 5, 17, 9, 12, 55, 37, 41, 35, 16, 14, 51, 13, 52, 8, 7, 2, 4, 47, 44, 59, 26, 23, 29, 46, 53, 32, 38, 48, 42, 45, 24, 10, 21, 22, 25, 36, 49, 58, 31, 34, 15, 56, 60, 1]
-- AnKeVa60-1 result
--------------------------------------------
HostNestNum = 60, P_a = 0.0
--------------------------------------------
-- 2019-02-13 06:42 result data
OFV: 1480257.0	/ CPU: 4566.216 seconds 	/ department sequence: [11, 27, 48, 28, 56, 24, 15, 55, 21, 3, 40, 25, 6, 51, 7, 54, 12, 57, 47, 9, 44, 36, 16, 13, 35, 4, 33, 32, 26, 8, 2, 14, 17, 42, 22, 49, 41, 5, 29, 38, 23, 45, 31, 43, 37, 46, 50, 53, 10, 59, 52, 19, 30, 58, 60, 20, 39, 18, 34, 1]
