-- AnKeVa60-1 result
--------------------------------------------
HostNestNum = 15, P_a = 0.2
--------------------------------------------
-- 2019-01-11 19:08 result data
OFV: 1772310.0	/ CPU: 188.737 seconds 	/ department sequence: [1, 48, 20, 31, 41, 40, 37, 45, 19, 51, 58, 50, 52, 24, 23, 22, 60, 54, 43, 18, 5, 16, 49, 21, 13, 38, 53, 9, 17, 2, 4, 33, 32, 26, 35, 7, 14, 8, 12, 6, 44, 29, 46, 25, 55, 59, 42, 57, 36, 47, 10, 3, 15, 30, 28, 39, 27, 11, 56, 34]
OFV: 1865102.0	/ CPU: 136.234 seconds 	/ department sequence: [40, 34, 59, 51, 55, 52, 48, 54, 27, 3, 43, 46, 11, 24, 7, 9, 5, 17, 6, 47, 4, 33, 8, 50, 22, 26, 16, 2, 44, 58, 12, 14, 35, 45, 56, 36, 23, 28, 32, 13, 57, 37, 25, 53, 31, 15, 49, 38, 41, 10, 30, 39, 29, 18, 60, 20, 19, 21, 42, 1]
OFV: 1849612.0	/ CPU: 210.060 seconds 	/ department sequence: [1, 48, 39, 58, 21, 47, 23, 25, 45, 56, 16, 18, 33, 53, 38, 52, 51, 35, 24, 59, 57, 14, 13, 40, 44, 4, 26, 2, 22, 28, 46, 41, 17, 19, 54, 42, 49, 29, 36, 9, 8, 5, 6, 7, 10, 60, 12, 50, 31, 43, 32, 3, 55, 30, 15, 20, 34, 37, 27, 11]
OFV: 1819957.0	/ CPU: 71.967 seconds 	/ department sequence: [20, 50, 15, 11, 34, 39, 48, 60, 25, 37, 55, 38, 22, 46, 16, 57, 24, 30, 21, 14, 44, 17, 49, 33, 7, 6, 41, 2, 8, 42, 4, 9, 13, 12, 45, 47, 32, 27, 40, 36, 29, 26, 59, 23, 52, 54, 35, 5, 51, 31, 3, 28, 43, 56, 53, 58, 19, 10, 18, 1]
OFV: 1833337.0	/ CPU: 121.425 seconds 	/ department sequence: [48, 51, 56, 11, 3, 43, 37, 31, 30, 10, 7, 6, 5, 14, 22, 26, 17, 24, 13, 55, 12, 33, 9, 4, 2, 8, 53, 49, 25, 29, 38, 32, 59, 47, 23, 54, 42, 35, 36, 40, 60, 52, 16, 44, 58, 57, 39, 45, 46, 34, 21, 50, 19, 20, 18, 15, 28, 27, 41, 1]
OFV: 1756131.0	/ CPU: 324.751 seconds 	/ department sequence: [27, 54, 15, 11, 24, 59, 21, 18, 45, 39, 60, 35, 19, 6, 7, 16, 25, 52, 40, 57, 46, 22, 13, 37, 26, 36, 9, 17, 14, 12, 8, 2, 49, 42, 41, 32, 4, 5, 50, 47, 30, 31, 38, 51, 23, 44, 28, 58, 43, 10, 33, 53, 3, 34, 29, 20, 48, 55, 56, 1]
OFV: 1837416.0	/ CPU: 140.912 seconds 	/ department sequence: [1, 60, 55, 11, 15, 18, 43, 48, 19, 27, 40, 21, 10, 45, 28, 35, 52, 34, 14, 50, 37, 38, 58, 42, 33, 16, 41, 53, 57, 49, 59, 4, 32, 2, 13, 22, 26, 7, 8, 9, 5, 24, 29, 46, 47, 12, 6, 25, 54, 30, 17, 31, 36, 20, 23, 44, 3, 39, 51, 56]
OFV: 1704632.0	/ CPU: 124.584 seconds 	/ department sequence: [1, 60, 27, 40, 30, 11, 46, 20, 19, 28, 21, 3, 35, 25, 53, 37, 6, 58, 12, 5, 23, 13, 17, 38, 8, 16, 4, 33, 29, 2, 54, 50, 44, 32, 52, 49, 22, 14, 26, 31, 36, 51, 47, 57, 39, 42, 9, 7, 10, 59, 43, 41, 55, 45, 48, 24, 34, 15, 18, 56]
OFV: 1789394.0	/ CPU: 214.497 seconds 	/ department sequence: [18, 11, 15, 27, 39, 60, 19, 21, 44, 30, 25, 23, 56, 35, 36, 55, 49, 33, 17, 12, 51, 59, 42, 14, 47, 41, 4, 53, 2, 38, 26, 22, 31, 8, 13, 58, 16, 10, 32, 7, 50, 5, 6, 9, 54, 43, 29, 52, 48, 24, 37, 46, 40, 57, 28, 3, 20, 45, 34, 1]
OFV: 1850837.0	/ CPU: 113.723 seconds 	/ department sequence: [1, 39, 52, 34, 49, 50, 27, 18, 46, 38, 36, 60, 43, 37, 56, 33, 48, 41, 40, 9, 30, 44, 26, 35, 17, 42, 51, 23, 58, 54, 31, 32, 14, 13, 2, 4, 16, 8, 5, 6, 12, 7, 21, 45, 57, 22, 47, 53, 3, 55, 25, 28, 10, 11, 19, 15, 29, 20, 24, 59]
-- AnKeVa60-1 result
--------------------------------------------
HostNestNum = 15, P_a = 0.2
--------------------------------------------
-- 2019-02-13 01:09 result data
OFV: 1479682.0	/ CPU: 1016.847 seconds 	/ department sequence: [1, 34, 18, 39, 20, 60, 58, 30, 19, 52, 59, 10, 53, 50, 46, 43, 31, 23, 45, 5, 29, 38, 47, 41, 22, 49, 14, 42, 2, 17, 8, 26, 32, 33, 35, 4, 16, 13, 36, 44, 9, 57, 12, 7, 54, 6, 51, 37, 25, 40, 3, 21, 55, 15, 24, 56, 28, 48, 27, 11]
-- AnKeVa60-1 result
--------------------------------------------
HostNestNum = 15, P_a = 0.2
--------------------------------------------
-- 2019-02-13 17:40 result data
OFV: 1480334.0	/ CPU: 971.838 seconds 	/ department sequence: [1, 34, 18, 39, 20, 60, 58, 30, 19, 52, 59, 10, 50, 53, 46, 37, 43, 31, 45, 23, 5, 29, 38, 41, 49, 22, 42, 17, 14, 33, 2, 8, 26, 32, 4, 35, 13, 36, 16, 44, 9, 47, 12, 57, 7, 54, 51, 6, 25, 40, 3, 21, 55, 15, 24, 56, 28, 48, 11, 27]
-- AnKeVa60-1 result
--------------------------------------------
HostNestNum = 15, P_a = 0.2
--------------------------------------------
-- 2020-03-24 22:08 result data
OFV: 1481103.0	/ CPU: 56.498 seconds 	/ department sequence: [27, 11, 48, 28, 56, 24, 15, 21, 3, 40, 25, 6, 51, 54, 46, 7, 57, 12, 47, 9, 36, 45, 16, 35, 13, 4, 32, 33, 26, 8, 2, 17, 29, 14, 42, 22, 44, 49, 41, 38, 5, 23, 31, 43, 37, 50, 53, 10, 52, 59, 19, 30, 58, 60, 55, 20, 39, 18, 34, 1]
OFV: 1479320.0	/ CPU: 54.680 seconds 	/ department sequence: [1, 34, 18, 39, 20, 55, 60, 58, 30, 19, 52, 59, 10, 53, 43, 50, 45, 31, 23, 5, 38, 29, 47, 41, 49, 22, 14, 42, 2, 17, 26, 33, 8, 32, 4, 35, 13, 16, 44, 36, 9, 12, 57, 7, 46, 54, 6, 51, 37, 25, 40, 3, 21, 15, 24, 28, 56, 48, 11, 27]
OFV: 1486025.0	/ CPU: 76.567 seconds 	/ department sequence: [1, 34, 18, 39, 20, 60, 58, 30, 19, 52, 59, 10, 53, 50, 46, 37, 43, 31, 5, 38, 9, 44, 49, 41, 42, 22, 14, 17, 2, 8, 26, 33, 32, 13, 4, 29, 35, 23, 16, 36, 45, 47, 57, 12, 7, 54, 51, 6, 25, 40, 3, 21, 55, 15, 24, 56, 28, 48, 11, 27]
OFV: 1484250.0	/ CPU: 48.598 seconds 	/ department sequence: [1, 56, 39, 20, 60, 30, 58, 19, 52, 59, 10, 53, 50, 43, 45, 31, 57, 5, 23, 38, 47, 49, 41, 14, 22, 42, 2, 33, 17, 26, 8, 32, 4, 13, 35, 29, 16, 44, 36, 9, 7, 12, 46, 54, 6, 51, 37, 25, 40, 3, 15, 21, 55, 24, 18, 28, 48, 34, 11, 27]
OFV: 1482029.0	/ CPU: 45.434 seconds 	/ department sequence: [27, 11, 48, 56, 28, 24, 15, 21, 3, 40, 25, 37, 51, 6, 54, 7, 43, 12, 47, 9, 36, 44, 16, 35, 13, 4, 32, 8, 26, 33, 17, 2, 14, 42, 22, 41, 49, 38, 29, 5, 57, 23, 45, 31, 46, 50, 53, 10, 52, 59, 19, 30, 58, 60, 55, 20, 39, 18, 34, 1]
OFV: 1482893.0	/ CPU: 56.412 seconds 	/ department sequence: [27, 48, 34, 11, 28, 18, 24, 55, 21, 15, 3, 40, 25, 6, 54, 51, 46, 7, 12, 57, 9, 5, 36, 16, 13, 44, 35, 4, 32, 8, 26, 17, 2, 33, 42, 14, 22, 49, 41, 47, 29, 38, 23, 31, 45, 43, 37, 50, 53, 10, 59, 52, 19, 58, 30, 60, 20, 39, 56, 1]
OFV: 1483654.0	/ CPU: 56.286 seconds 	/ department sequence: [27, 48, 34, 11, 28, 56, 24, 15, 21, 59, 3, 40, 25, 6, 54, 46, 51, 7, 12, 45, 9, 44, 36, 16, 42, 13, 35, 4, 32, 33, 8, 26, 17, 2, 14, 22, 49, 29, 41, 47, 38, 5, 57, 23, 31, 43, 37, 50, 53, 10, 52, 30, 19, 58, 60, 55, 20, 39, 18, 1]
OFV: 1479666.0	/ CPU: 60.654 seconds 	/ department sequence: [1, 34, 18, 39, 20, 55, 60, 58, 30, 19, 59, 52, 10, 53, 50, 46, 43, 45, 31, 23, 5, 38, 29, 41, 49, 22, 42, 14, 33, 17, 2, 26, 8, 32, 4, 13, 35, 16, 44, 36, 9, 47, 57, 12, 7, 54, 6, 51, 37, 25, 40, 3, 21, 15, 24, 28, 56, 48, 11, 27]
OFV: 1481945.0	/ CPU: 58.703 seconds 	/ department sequence: [1, 34, 18, 39, 20, 55, 60, 58, 30, 19, 59, 52, 10, 53, 50, 43, 45, 31, 23, 5, 57, 29, 38, 47, 41, 49, 14, 22, 42, 2, 17, 8, 26, 32, 33, 4, 13, 35, 16, 44, 36, 9, 12, 7, 54, 46, 6, 51, 37, 25, 40, 3, 21, 15, 24, 28, 56, 48, 11, 27]
OFV: 1487815.0	/ CPU: 55.856 seconds 	/ department sequence: [27, 11, 48, 56, 28, 24, 15, 55, 21, 59, 3, 40, 25, 6, 54, 7, 12, 57, 44, 9, 38, 36, 29, 16, 13, 4, 26, 32, 33, 8, 2, 17, 42, 35, 14, 22, 49, 41, 47, 5, 23, 31, 45, 51, 46, 43, 37, 53, 50, 10, 52, 19, 30, 58, 60, 20, 39, 18, 34, 1]
-- AnKeVa60-1 result
--------------------------------------------
HostNestNum = 15, P_a = 0.2
--------------------------------------------
-- 2020-03-26 15:12 result data
OFV: 1483189.0	/ CPU: 115.453 seconds 	/ department sequence: [27, 48, 34, 11, 28, 18, 24, 55, 21, 15, 59, 3, 40, 25, 54, 6, 46, 12, 7, 57, 9, 44, 36, 29, 16, 13, 35, 42, 4, 32, 33, 8, 26, 17, 2, 22, 14, 49, 41, 47, 38, 5, 23, 31, 45, 51, 43, 37, 53, 50, 10, 52, 19, 30, 58, 60, 20, 39, 56, 1]
-- AnKeVa60-1 result
--------------------------------------------
HostNestNum = 15, P_a = 0.2
--------------------------------------------
-- 2020-03-26 15:15 result data
OFV: 1479515.0	/ CPU: 73.183 seconds 	/ department sequence: [1, 34, 18, 39, 20, 55, 60, 58, 30, 19, 59, 52, 10, 53, 50, 37, 43, 31, 45, 23, 38, 29, 47, 41, 49, 22, 42, 14, 33, 2, 17, 26, 8, 32, 4, 35, 13, 16, 44, 36, 5, 9, 12, 57, 7, 54, 46, 6, 51, 25, 40, 3, 21, 15, 24, 28, 56, 48, 11, 27]
-- AnKeVa60-1 result
--------------------------------------------
HostNestNum = 15, P_a = 0.2
--------------------------------------------
-- 2020-03-26 17:57 result data
OFV: 1481067.0	/ CPU: 46.168 seconds 	/ department sequence: [1, 18, 39, 20, 55, 60, 58, 19, 30, 52, 10, 53, 50, 37, 43, 31, 45, 23, 5, 38, 9, 29, 47, 41, 49, 22, 14, 2, 17, 26, 8, 33, 32, 42, 4, 35, 13, 16, 36, 44, 57, 12, 7, 51, 46, 54, 6, 25, 40, 3, 59, 21, 15, 24, 56, 28, 48, 34, 11, 27]
OFV: 1483003.0	/ CPU: 43.061 seconds 	/ department sequence: [27, 48, 34, 11, 28, 18, 24, 55, 21, 15, 59, 3, 40, 25, 54, 6, 46, 12, 7, 57, 9, 44, 36, 16, 42, 13, 35, 4, 32, 33, 8, 26, 17, 2, 29, 22, 14, 49, 41, 47, 38, 5, 23, 31, 45, 51, 43, 37, 53, 50, 10, 52, 19, 58, 30, 60, 20, 39, 56, 1]
OFV: 1480075.0	/ CPU: 33.869 seconds 	/ department sequence: [27, 11, 48, 56, 28, 24, 15, 55, 21, 3, 40, 25, 6, 51, 54, 7, 12, 57, 47, 44, 36, 16, 13, 35, 4, 32, 26, 8, 33, 2, 17, 42, 14, 22, 49, 41, 9, 5, 38, 29, 23, 45, 31, 43, 37, 46, 50, 53, 10, 59, 52, 19, 30, 58, 60, 20, 39, 18, 34, 1]
OFV: 1483011.0	/ CPU: 33.111 seconds 	/ department sequence: [27, 48, 34, 11, 28, 18, 24, 55, 21, 15, 59, 3, 40, 25, 54, 6, 46, 12, 7, 57, 9, 44, 36, 16, 42, 13, 35, 4, 32, 33, 8, 26, 17, 2, 14, 49, 22, 29, 41, 47, 38, 5, 23, 31, 45, 51, 43, 37, 53, 50, 10, 52, 19, 58, 30, 60, 20, 39, 56, 1]
OFV: 1478555.0	/ CPU: 41.717 seconds 	/ department sequence: [1, 18, 39, 20, 55, 60, 58, 19, 30, 52, 59, 10, 53, 50, 37, 43, 31, 45, 23, 5, 38, 29, 49, 41, 22, 42, 14, 17, 2, 26, 8, 33, 32, 4, 35, 13, 44, 16, 36, 9, 47, 57, 12, 7, 46, 54, 6, 51, 25, 40, 3, 21, 15, 24, 56, 28, 11, 34, 48, 27]
OFV: 1479250.0	/ CPU: 52.149 seconds 	/ department sequence: [1, 34, 18, 39, 20, 60, 58, 30, 19, 52, 59, 10, 53, 50, 46, 43, 45, 31, 23, 5, 29, 38, 47, 41, 22, 49, 14, 42, 33, 2, 17, 26, 8, 32, 4, 35, 13, 16, 36, 44, 9, 57, 12, 7, 54, 6, 51, 37, 25, 40, 3, 21, 55, 15, 24, 56, 28, 48, 11, 27]
OFV: 1479276.0	/ CPU: 35.890 seconds 	/ department sequence: [1, 34, 18, 39, 20, 55, 60, 58, 30, 19, 59, 52, 10, 53, 50, 43, 45, 31, 23, 5, 38, 29, 47, 41, 49, 22, 42, 14, 2, 17, 26, 33, 8, 32, 4, 35, 13, 16, 44, 36, 9, 57, 12, 7, 54, 46, 6, 51, 37, 25, 40, 3, 21, 15, 24, 28, 56, 48, 11, 27]
OFV: 1479666.0	/ CPU: 36.416 seconds 	/ department sequence: [1, 34, 18, 39, 20, 60, 58, 30, 19, 52, 59, 10, 53, 50, 46, 43, 45, 31, 23, 5, 29, 38, 44, 49, 41, 22, 42, 14, 17, 2, 33, 8, 26, 32, 4, 13, 35, 16, 36, 47, 9, 57, 12, 7, 54, 6, 51, 37, 25, 40, 3, 21, 55, 15, 24, 28, 56, 48, 11, 27]
OFV: 1486587.0	/ CPU: 34.545 seconds 	/ department sequence: [1, 56, 39, 20, 60, 30, 58, 19, 52, 10, 50, 53, 37, 43, 51, 45, 31, 23, 5, 57, 47, 41, 49, 14, 22, 33, 2, 17, 8, 26, 32, 42, 4, 35, 13, 16, 29, 38, 36, 44, 9, 7, 12, 46, 6, 54, 25, 40, 3, 59, 15, 21, 55, 24, 18, 28, 11, 34, 48, 27]
OFV: 1482694.0	/ CPU: 33.910 seconds 	/ department sequence: [27, 11, 48, 56, 28, 24, 15, 55, 21, 3, 40, 25, 37, 51, 6, 54, 7, 43, 12, 47, 36, 44, 16, 13, 35, 4, 33, 32, 8, 26, 2, 17, 22, 14, 42, 41, 49, 9, 38, 29, 5, 57, 23, 31, 45, 46, 50, 53, 10, 59, 52, 19, 30, 58, 60, 20, 39, 18, 34, 1]
-- AnKeVa60-1 result
--------------------------------------------
HostNestNum = 15, P_a = 0.2
--------------------------------------------
-- 2020-03-26 18:32 result data
-- AnKeVa60-1 result
--------------------------------------------
HostNestNum = 15, P_a = 0.2
--------------------------------------------
-- 2020-03-26 18:40 result data
OFV: 1478564.0	/ CPU: 198.834 seconds 	/ department sequence: [1, 18, 39, 20, 55, 60, 58, 19, 30, 52, 59, 10, 53, 50, 37, 43, 31, 23, 45, 5, 38, 29, 49, 41, 22, 42, 14, 17, 2, 26, 8, 33, 32, 4, 35, 13, 44, 16, 36, 9, 47, 57, 12, 7, 46, 54, 6, 51, 25, 40, 3, 21, 15, 24, 56, 28, 48, 34, 11, 27]
-- AnKeVa60-1 result
--------------------------------------------
HostNestNum = 15, P_a = 0.2
--------------------------------------------
-- 2020-03-26 18:58 result data
OFV: 1482976.0	/ CPU: 67.878 seconds 	/ department sequence: [27, 48, 34, 11, 28, 18, 24, 55, 21, 15, 59, 3, 40, 25, 54, 6, 46, 12, 7, 57, 9, 44, 36, 16, 42, 13, 35, 4, 32, 33, 8, 26, 17, 2, 49, 14, 22, 29, 41, 47, 38, 5, 23, 31, 45, 51, 43, 37, 53, 50, 10, 52, 19, 58, 30, 60, 20, 39, 56, 1]
OFV: 1479231.0	/ CPU: 79.254 seconds 	/ department sequence: [1, 34, 18, 39, 20, 60, 58, 30, 19, 52, 59, 10, 53, 50, 46, 43, 45, 31, 23, 5, 29, 38, 47, 41, 22, 49, 42, 14, 33, 2, 17, 26, 8, 32, 4, 35, 13, 16, 36, 44, 9, 57, 12, 7, 54, 6, 51, 37, 25, 40, 3, 21, 55, 15, 24, 28, 56, 48, 11, 27]
-- AnKeVa60-1 result
--------------------------------------------
HostNestNum = 15, P_a = 0.2
--------------------------------------------
-- 2020-03-26 19:01 result data
OFV: 1477834.0	/ CPU: 85.303 seconds 	/ department sequence: [1, 34, 18, 39, 20, 55, 60, 58, 30, 19, 59, 52, 10, 53, 50, 37, 43, 31, 45, 23, 5, 38, 29, 41, 49, 22, 42, 14, 17, 2, 26, 8, 33, 32, 4, 35, 13, 44, 16, 36, 9, 47, 12, 57, 7, 54, 46, 6, 51, 25, 40, 3, 21, 15, 24, 28, 56, 48, 11, 27]
-- AnKeVa60-1 result
--------------------------------------------
HostNestNum = 15, P_a = 0.2
--------------------------------------------
-- 2020-03-26 19:11 result data
-- AnKeVa60-1 result
--------------------------------------------
HostNestNum = 15, P_a = 0.2
--------------------------------------------
-- 2020-03-26 20:03 result data
OFV: 1482065.0	/ CPU: 49.067 seconds 	/ department sequence: [27, 48, 34, 11, 28, 18, 24, 55, 21, 15, 3, 40, 25, 6, 54, 51, 46, 7, 12, 9, 47, 36, 44, 16, 13, 35, 4, 32, 33, 8, 26, 17, 2, 42, 22, 14, 41, 49, 38, 29, 5, 57, 23, 31, 45, 43, 37, 50, 53, 10, 59, 52, 19, 58, 30, 60, 20, 39, 56, 1]
-- AnKeVa60-1 result
--------------------------------------------
HostNestNum = 15, P_a = 0.2
--------------------------------------------
-- 2020-03-26 20:09 result data
OFV: 1477840.0	/ CPU: 196.762 seconds 	/ department sequence: [27, 11, 48, 56, 28, 24, 15, 21, 3, 40, 25, 51, 6, 46, 54, 7, 57, 12, 47, 36, 44, 16, 13, 35, 4, 32, 33, 8, 26, 2, 17, 42, 14, 22, 49, 41, 9, 29, 38, 5, 23, 45, 31, 43, 37, 50, 53, 10, 52, 59, 19, 30, 58, 60, 55, 20, 39, 18, 34, 1]
-- AnKeVa60-1 result
--------------------------------------------
HostNestNum = 15, P_a = 0.2
--------------------------------------------
-- 2020-03-26 20:17 result data
OFV: 1477840.0	/ CPU: 57.750 seconds 	/ department sequence: [1, 34, 18, 39, 20, 55, 60, 58, 30, 19, 59, 52, 10, 53, 50, 37, 43, 31, 45, 23, 5, 38, 29, 9, 41, 49, 22, 14, 42, 17, 2, 26, 8, 33, 32, 4, 35, 13, 16, 44, 36, 47, 12, 57, 7, 54, 46, 51, 6, 25, 40, 3, 21, 15, 24, 28, 56, 48, 11, 27]
-- AnKeVa60-1 result
--------------------------------------------
HostNestNum = 15, P_a = 0.2
--------------------------------------------
-- 2020-03-26 20:29 result data
OFV: 1479776.0	/ CPU: 33.971 seconds 	/ department sequence: [1, 34, 18, 39, 20, 60, 58, 30, 19, 52, 59, 10, 53, 50, 46, 43, 45, 31, 23, 5, 29, 38, 47, 9, 41, 49, 22, 14, 42, 17, 2, 33, 8, 32, 26, 4, 13, 35, 16, 36, 44, 57, 12, 7, 54, 6, 51, 37, 25, 40, 3, 21, 55, 15, 24, 28, 56, 48, 11, 27]
OFV: 1477834.0	/ CPU: 85.186 seconds 	/ department sequence: [27, 11, 48, 56, 28, 24, 15, 21, 3, 40, 25, 6, 51, 46, 54, 7, 57, 12, 47, 9, 36, 44, 16, 13, 35, 4, 32, 33, 8, 26, 2, 17, 14, 42, 22, 49, 41, 29, 38, 5, 23, 45, 31, 43, 37, 50, 53, 10, 52, 59, 19, 30, 58, 60, 55, 20, 39, 18, 34, 1]
OFV: 1486582.0	/ CPU: 41.204 seconds 	/ department sequence: [27, 48, 34, 11, 28, 18, 24, 55, 21, 15, 59, 3, 40, 25, 54, 6, 46, 12, 7, 9, 44, 36, 38, 16, 29, 13, 42, 35, 4, 32, 33, 8, 26, 17, 2, 22, 14, 49, 41, 47, 57, 5, 23, 31, 45, 51, 43, 37, 53, 50, 10, 52, 19, 58, 30, 60, 20, 39, 56, 1]
OFV: 1486351.0	/ CPU: 32.675 seconds 	/ department sequence: [1, 34, 18, 39, 20, 60, 30, 19, 58, 52, 10, 50, 53, 46, 51, 45, 31, 23, 5, 38, 47, 9, 41, 49, 22, 14, 42, 33, 2, 17, 32, 8, 26, 4, 35, 13, 16, 29, 36, 44, 57, 12, 7, 43, 54, 6, 37, 25, 40, 3, 59, 21, 55, 15, 24, 28, 56, 48, 11, 27]
OFV: 1483788.0	/ CPU: 48.139 seconds 	/ department sequence: [27, 11, 34, 48, 28, 18, 24, 55, 21, 15, 59, 3, 40, 25, 54, 6, 46, 51, 12, 7, 47, 9, 36, 44, 16, 13, 42, 4, 32, 33, 26, 8, 2, 17, 35, 14, 22, 49, 41, 29, 38, 5, 23, 57, 45, 31, 43, 37, 53, 50, 10, 52, 19, 58, 30, 60, 20, 39, 56, 1]
-- AnKeVa60-1 result
--------------------------------------------
HostNestNum = 15, P_a = 0.2
--------------------------------------------
-- 2020-03-26 20:37 result data
OFV: 1479812.0	/ CPU: 54.498 seconds 	/ department sequence: [1, 34, 18, 39, 20, 60, 58, 30, 19, 52, 59, 10, 53, 50, 46, 43, 45, 31, 23, 5, 29, 38, 47, 9, 41, 49, 22, 14, 42, 17, 2, 26, 8, 33, 32, 4, 13, 35, 16, 36, 44, 57, 12, 7, 54, 6, 51, 37, 25, 40, 3, 21, 55, 15, 24, 56, 28, 48, 11, 27]
OFV: 1477834.0	/ CPU: 68.068 seconds 	/ department sequence: [1, 34, 18, 39, 20, 55, 60, 58, 30, 19, 59, 52, 10, 53, 50, 37, 43, 31, 45, 23, 5, 38, 29, 41, 49, 22, 42, 14, 17, 2, 26, 8, 33, 32, 4, 35, 13, 44, 16, 36, 9, 47, 12, 57, 7, 54, 46, 6, 51, 25, 40, 3, 21, 15, 24, 28, 56, 48, 11, 27]
OFV: 1477834.0	/ CPU: 50.454 seconds 	/ department sequence: [27, 11, 48, 56, 28, 24, 15, 21, 3, 40, 25, 6, 51, 46, 54, 7, 57, 12, 47, 9, 36, 44, 16, 13, 35, 4, 32, 33, 8, 26, 2, 17, 14, 42, 22, 49, 41, 29, 38, 5, 23, 45, 31, 43, 37, 50, 53, 10, 52, 59, 19, 30, 58, 60, 55, 20, 39, 18, 34, 1]
OFV: 1478190.0	/ CPU: 31.388 seconds 	/ department sequence: [27, 11, 48, 28, 56, 24, 15, 21, 3, 40, 25, 51, 6, 46, 54, 7, 57, 12, 47, 9, 36, 16, 35, 13, 4, 33, 32, 26, 8, 17, 2, 42, 14, 22, 44, 49, 41, 29, 38, 5, 23, 45, 31, 43, 37, 50, 53, 10, 52, 59, 19, 30, 58, 60, 55, 20, 39, 18, 34, 1]
OFV: 1479271.0	/ CPU: 38.239 seconds 	/ department sequence: [1, 34, 18, 39, 20, 55, 60, 58, 30, 19, 59, 52, 10, 53, 50, 43, 45, 31, 23, 5, 38, 29, 47, 41, 49, 22, 42, 14, 2, 17, 26, 33, 8, 32, 4, 35, 13, 16, 44, 36, 9, 12, 57, 7, 54, 46, 6, 51, 37, 25, 40, 3, 21, 15, 24, 28, 56, 48, 11, 27]
-- AnKeVa60-1 result
--------------------------------------------
HostNestNum = 15, P_a = 0.2
--------------------------------------------
-- 2020-05-25 23:51 result data
-- AnKeVa60-1 result
--------------------------------------------
HostNestNum = 15, P_a = 0.2
--------------------------------------------
-- 2020-05-26 20:08 result data
-- AnKeVa60-1 result
--------------------------------------------
HostNestNum = 15, P_a = 0.2
--------------------------------------------
-- 2020-05-26 21:45 result data
-- AnKeVa60-1 result
--------------------------------------------
HostNestNum = 15, P_a = 0.2
--------------------------------------------
-- 2020-05-26 21:49 result data
-- AnKeVa60-1 result
--------------------------------------------
HostNestNum = 15, P_a = 0.2
--------------------------------------------
-- 2020-05-26 21:51 result data
-- AnKeVa60-1 result
--------------------------------------------
HostNestNum = 15, P_a = 0.2
--------------------------------------------
-- 2020-05-26 21:53 result data
-- AnKeVa60-1 result
--------------------------------------------
HostNestNum = 15, P_a = 0.2
--------------------------------------------
-- 2020-05-26 21:55 result data
