-- AnKeVa60-1 result
--------------------------------------------
HostNestNum = 10, P_a = 0.25
--------------------------------------------
-- 2019-01-11 17:53 result data
OFV: 1747799.0	/ CPU: 181.754 seconds 	/ department sequence: [1, 20, 11, 21, 55, 58, 34, 3, 53, 38, 47, 37, 44, 51, 49, 46, 26, 40, 25, 31, 57, 22, 17, 2, 4, 8, 42, 29, 52, 9, 45, 16, 32, 23, 33, 13, 28, 35, 5, 7, 14, 43, 6, 15, 12, 19, 50, 10, 54, 41, 27, 36, 24, 30, 48, 56, 59, 18, 60, 39]
OFV: 1787810.0	/ CPU: 188.643 seconds 	/ department sequence: [1, 48, 19, 60, 34, 51, 30, 35, 20, 45, 39, 3, 41, 38, 5, 6, 7, 10, 29, 31, 26, 23, 42, 4, 14, 13, 32, 36, 44, 49, 2, 50, 46, 54, 52, 17, 58, 9, 8, 16, 22, 37, 33, 40, 47, 59, 53, 15, 25, 12, 18, 24, 21, 43, 55, 27, 11, 28, 56, 57]
OFV: 1843462.0	/ CPU: 111.006 seconds 	/ department sequence: [1, 39, 3, 10, 47, 21, 59, 32, 57, 60, 50, 44, 31, 55, 45, 19, 58, 40, 38, 5, 25, 53, 2, 14, 8, 4, 13, 28, 16, 36, 35, 42, 52, 26, 46, 33, 23, 41, 43, 49, 7, 51, 6, 9, 30, 20, 17, 18, 54, 22, 29, 12, 37, 15, 56, 27, 11, 34, 48, 24]
OFV: 1867818.0	/ CPU: 161.384 seconds 	/ department sequence: [48, 24, 52, 53, 37, 33, 57, 15, 39, 18, 28, 19, 27, 47, 13, 51, 25, 40, 60, 38, 43, 36, 29, 49, 4, 12, 44, 17, 26, 22, 8, 2, 30, 14, 23, 31, 16, 32, 50, 35, 41, 45, 54, 42, 5, 9, 6, 7, 3, 21, 34, 11, 20, 10, 56, 55, 59, 46, 58, 1]
OFV: 1813124.0	/ CPU: 118.378 seconds 	/ department sequence: [1, 50, 34, 30, 15, 24, 20, 25, 9, 10, 43, 40, 41, 60, 39, 46, 13, 33, 28, 19, 12, 27, 49, 52, 42, 14, 57, 53, 44, 23, 35, 47, 2, 54, 22, 29, 8, 7, 32, 26, 4, 17, 21, 51, 36, 45, 16, 6, 5, 31, 3, 56, 48, 58, 38, 37, 11, 18, 55, 59]
OFV: 1756207.0	/ CPU: 126.986 seconds 	/ department sequence: [56, 18, 11, 20, 48, 25, 60, 30, 42, 46, 3, 6, 47, 51, 40, 22, 37, 26, 54, 33, 43, 31, 8, 49, 23, 57, 44, 2, 16, 4, 13, 53, 41, 35, 36, 58, 17, 14, 5, 12, 10, 7, 38, 9, 52, 50, 34, 29, 55, 39, 32, 45, 19, 24, 27, 15, 28, 21, 59, 1]
OFV: 1818323.0	/ CPU: 182.067 seconds 	/ department sequence: [1, 56, 15, 53, 34, 27, 58, 20, 23, 39, 18, 37, 48, 41, 31, 45, 38, 25, 29, 14, 49, 52, 50, 43, 44, 36, 26, 22, 4, 8, 2, 17, 46, 55, 35, 42, 30, 16, 13, 57, 32, 5, 6, 7, 19, 9, 12, 47, 51, 21, 54, 60, 11, 10, 24, 33, 40, 3, 59, 28]
OFV: 1796818.0	/ CPU: 109.786 seconds 	/ department sequence: [1, 55, 34, 27, 28, 37, 30, 25, 43, 20, 10, 19, 21, 50, 29, 12, 59, 18, 38, 44, 52, 15, 9, 53, 16, 35, 13, 46, 14, 22, 42, 54, 32, 26, 2, 23, 17, 8, 4, 33, 7, 6, 5, 24, 31, 45, 60, 47, 49, 57, 51, 3, 39, 11, 40, 41, 58, 36, 56, 48]
OFV: 1800899.0	/ CPU: 193.299 seconds 	/ department sequence: [1, 11, 18, 55, 50, 10, 36, 20, 53, 19, 41, 35, 58, 15, 52, 59, 28, 5, 31, 16, 17, 25, 42, 29, 9, 43, 47, 4, 14, 12, 2, 8, 13, 6, 7, 46, 33, 49, 37, 26, 32, 38, 56, 23, 44, 22, 30, 60, 54, 45, 57, 3, 34, 51, 48, 21, 24, 27, 39, 40]
OFV: 1769142.0	/ CPU: 303.397 seconds 	/ department sequence: [39, 48, 34, 37, 11, 56, 21, 27, 3, 25, 26, 12, 42, 35, 54, 24, 52, 58, 46, 41, 43, 6, 9, 29, 7, 57, 33, 32, 28, 22, 45, 36, 53, 8, 16, 14, 13, 2, 4, 5, 31, 47, 17, 44, 40, 30, 49, 51, 15, 19, 60, 59, 38, 23, 10, 18, 20, 55, 50, 1]
-- AnKeVa60-1 result
--------------------------------------------
HostNestNum = 10, P_a = 0.25
--------------------------------------------
-- 2019-01-31 21:03 result data
OFV: 1481625.0	/ CPU: 126.428 seconds 	/ department sequence: [48, 34, 11, 27, 28, 56, 24, 21, 15, 59, 3, 40, 25, 54, 6, 46, 51, 7, 12, 57, 36, 44, 16, 13, 35, 42, 4, 33, 8, 32, 26, 17, 2, 49, 22, 14, 41, 47, 9, 29, 5, 38, 23, 45, 31, 43, 37, 53, 50, 10, 52, 30, 19, 58, 60, 55, 20, 39, 18, 1]
OFV: 1484999.0	/ CPU: 138.392 seconds 	/ department sequence: [1, 34, 18, 39, 20, 55, 58, 60, 30, 19, 59, 52, 10, 53, 46, 50, 31, 57, 29, 5, 23, 38, 49, 22, 41, 33, 14, 42, 17, 2, 8, 32, 26, 4, 35, 16, 13, 44, 9, 36, 47, 45, 12, 43, 7, 6, 54, 51, 37, 25, 40, 3, 21, 15, 24, 56, 28, 11, 48, 27]
OFV: 1486371.0	/ CPU: 124.645 seconds 	/ department sequence: [11, 27, 48, 56, 28, 24, 15, 55, 21, 59, 40, 3, 25, 37, 6, 54, 51, 7, 12, 44, 36, 16, 38, 13, 4, 35, 33, 32, 8, 26, 17, 14, 2, 42, 22, 49, 29, 41, 47, 9, 5, 23, 57, 45, 31, 43, 46, 53, 50, 10, 52, 19, 58, 60, 30, 20, 39, 18, 34, 1]
OFV: 1496459.0	/ CPU: 115.930 seconds 	/ department sequence: [1, 18, 39, 20, 24, 58, 60, 30, 19, 52, 10, 53, 46, 50, 31, 57, 5, 29, 45, 47, 23, 9, 22, 35, 4, 17, 2, 14, 41, 8, 26, 32, 42, 33, 49, 16, 13, 36, 44, 38, 7, 12, 43, 6, 54, 51, 37, 25, 40, 3, 59, 55, 21, 15, 56, 28, 48, 11, 34, 27]
OFV: 1493583.0	/ CPU: 91.675 seconds 	/ department sequence: [11, 48, 34, 27, 18, 28, 56, 55, 15, 21, 3, 25, 40, 6, 51, 54, 46, 7, 12, 9, 36, 47, 16, 23, 5, 35, 4, 8, 13, 32, 26, 33, 14, 17, 2, 22, 42, 41, 49, 44, 29, 38, 57, 31, 45, 53, 50, 43, 37, 10, 59, 52, 19, 58, 60, 30, 24, 20, 39, 1]
OFV: 1489361.0	/ CPU: 153.791 seconds 	/ department sequence: [1, 34, 18, 39, 20, 55, 60, 58, 30, 19, 59, 52, 10, 53, 50, 31, 23, 57, 5, 12, 29, 47, 41, 49, 35, 22, 17, 32, 42, 14, 2, 8, 26, 33, 4, 13, 38, 16, 44, 36, 9, 45, 43, 7, 46, 54, 6, 51, 37, 25, 40, 3, 15, 21, 24, 48, 56, 28, 27, 11]
OFV: 1491266.0	/ CPU: 100.635 seconds 	/ department sequence: [1, 56, 39, 20, 24, 60, 30, 58, 19, 52, 10, 50, 37, 53, 43, 45, 31, 57, 5, 23, 41, 47, 49, 22, 33, 26, 4, 2, 32, 8, 14, 17, 35, 42, 9, 13, 44, 29, 16, 36, 38, 7, 12, 51, 46, 6, 54, 25, 3, 40, 59, 21, 55, 15, 18, 48, 28, 27, 34, 11]
OFV: 1484383.0	/ CPU: 119.831 seconds 	/ department sequence: [1, 34, 18, 39, 20, 55, 60, 58, 30, 19, 52, 59, 10, 53, 50, 37, 43, 31, 23, 45, 12, 5, 29, 9, 41, 49, 22, 36, 33, 2, 8, 14, 42, 26, 32, 17, 4, 13, 16, 35, 44, 38, 47, 57, 7, 46, 54, 51, 6, 25, 40, 3, 21, 15, 24, 56, 28, 27, 48, 11]
OFV: 1493118.0	/ CPU: 92.091 seconds 	/ department sequence: [48, 27, 34, 11, 28, 18, 55, 15, 21, 59, 3, 40, 25, 46, 6, 51, 54, 7, 12, 43, 44, 36, 42, 16, 38, 13, 35, 4, 33, 8, 29, 2, 17, 26, 14, 41, 32, 22, 49, 47, 9, 5, 23, 57, 31, 45, 37, 50, 53, 10, 52, 30, 60, 19, 58, 24, 20, 56, 39, 1]
-- AnKeVa60-1 result
--------------------------------------------
HostNestNum = 10, P_a = 0.25
--------------------------------------------
-- 2019-02-12 23:39 result data
OFV: 1492436.0	/ CPU: 1003.361 seconds 	/ department sequence: [1, 18, 39, 20, 60, 58, 30, 19, 15, 52, 10, 50, 53, 46, 43, 31, 57, 5, 23, 47, 41, 9, 29, 35, 42, 22, 14, 33, 2, 17, 32, 8, 26, 4, 49, 13, 36, 16, 38, 44, 45, 12, 7, 54, 51, 6, 37, 25, 40, 3, 59, 55, 21, 24, 56, 28, 11, 34, 48, 27]
-- AnKeVa60-1 result
--------------------------------------------
HostNestNum = 10, P_a = 0.25
--------------------------------------------
-- 2019-02-13 17:06 result data
OFV: 1487457.0	/ CPU: 397.970 seconds 	/ department sequence: [1, 34, 18, 39, 20, 55, 60, 58, 30, 19, 52, 59, 10, 50, 53, 46, 31, 23, 57, 45, 29, 38, 47, 41, 42, 35, 14, 22, 33, 17, 32, 2, 8, 26, 4, 49, 13, 44, 36, 16, 9, 5, 43, 7, 12, 54, 6, 51, 37, 25, 40, 3, 21, 15, 24, 28, 56, 48, 11, 27]
-- AnKeVa60-1 result
--------------------------------------------
HostNestNum = 10, P_a = 0.25
--------------------------------------------
-- 2019-02-18 15:37 result data
OFV: 1480039.0	/ CPU: 941.045 seconds 	/ department sequence: [1, 34, 18, 39, 20, 55, 60, 58, 30, 19, 59, 52, 10, 50, 53, 37, 43, 31, 45, 23, 38, 29, 47, 41, 9, 49, 22, 14, 17, 2, 26, 8, 33, 42, 32, 4, 35, 16, 13, 44, 36, 5, 12, 57, 7, 46, 54, 6, 51, 25, 40, 3, 21, 15, 24, 56, 28, 48, 27, 11]
OFV: 1483703.0	/ CPU: 541.583 seconds 	/ department sequence: [1, 34, 18, 39, 20, 55, 58, 60, 30, 19, 52, 59, 10, 37, 43, 50, 45, 46, 31, 23, 29, 38, 9, 44, 42, 41, 49, 22, 14, 17, 2, 33, 26, 8, 32, 4, 35, 16, 13, 5, 36, 47, 57, 12, 7, 53, 54, 51, 6, 25, 40, 3, 21, 15, 24, 56, 28, 48, 27, 11]
OFV: 1539455.0	/ CPU: 682.543 seconds 	/ department sequence: [11, 48, 18, 20, 24, 55, 60, 19, 59, 3, 10, 37, 53, 43, 57, 5, 7, 23, 38, 29, 44, 49, 22, 33, 2, 8, 17, 14, 26, 4, 32, 16, 13, 42, 41, 35, 36, 47, 31, 9, 45, 50, 12, 6, 54, 46, 40, 51, 25, 52, 21, 30, 58, 15, 56, 28, 39, 27, 34, 1]
OFV: 1478772.0	/ CPU: 327.872 seconds 	/ department sequence: [1, 34, 18, 39, 20, 55, 60, 58, 30, 19, 59, 52, 10, 53, 50, 37, 43, 31, 23, 45, 38, 5, 49, 41, 42, 14, 29, 22, 2, 17, 8, 33, 26, 32, 4, 13, 35, 44, 16, 9, 36, 47, 12, 57, 7, 46, 54, 51, 6, 25, 40, 3, 21, 15, 24, 56, 28, 48, 11, 27]
OFV: 1491639.0	/ CPU: 659.458 seconds 	/ department sequence: [1, 18, 39, 20, 24, 60, 30, 19, 58, 52, 10, 50, 53, 37, 31, 45, 57, 23, 29, 38, 5, 47, 22, 41, 14, 35, 42, 2, 26, 8, 17, 32, 33, 49, 4, 9, 16, 13, 36, 44, 43, 12, 7, 46, 51, 54, 6, 25, 40, 3, 59, 21, 55, 15, 56, 28, 27, 34, 48, 11]
OFV: 1480343.0	/ CPU: 392.696 seconds 	/ department sequence: [1, 34, 18, 39, 20, 55, 60, 58, 19, 30, 59, 52, 10, 53, 50, 37, 43, 31, 45, 23, 38, 47, 29, 9, 49, 41, 22, 42, 14, 17, 2, 8, 26, 32, 33, 4, 35, 16, 13, 36, 5, 44, 57, 12, 7, 54, 46, 51, 6, 25, 40, 3, 21, 15, 24, 28, 56, 48, 11, 27]
OFV: 1487353.0	/ CPU: 409.226 seconds 	/ department sequence: [1, 34, 18, 39, 20, 55, 60, 58, 30, 19, 52, 10, 50, 53, 37, 43, 46, 45, 31, 23, 57, 5, 9, 29, 41, 42, 22, 35, 14, 17, 8, 2, 33, 32, 26, 4, 49, 16, 13, 44, 36, 38, 47, 7, 12, 51, 54, 6, 25, 3, 40, 59, 21, 15, 24, 28, 56, 48, 11, 27]
OFV: 1482616.0	/ CPU: 782.859 seconds 	/ department sequence: [11, 27, 48, 28, 56, 24, 15, 21, 55, 3, 40, 25, 51, 6, 54, 7, 12, 57, 47, 5, 36, 16, 13, 35, 4, 26, 33, 32, 8, 2, 17, 14, 41, 42, 22, 49, 44, 29, 9, 38, 45, 23, 31, 43, 37, 46, 50, 53, 10, 59, 52, 19, 58, 30, 60, 20, 39, 18, 34, 1]
OFV: 1482342.0	/ CPU: 663.690 seconds 	/ department sequence: [27, 11, 34, 48, 18, 28, 24, 55, 15, 21, 3, 40, 25, 6, 54, 51, 46, 7, 12, 57, 47, 36, 9, 16, 44, 13, 35, 32, 4, 33, 8, 26, 17, 2, 42, 14, 41, 22, 29, 49, 38, 5, 23, 45, 31, 43, 37, 53, 50, 10, 59, 52, 19, 58, 30, 60, 20, 39, 56, 1]
OFV: 1478782.0	/ CPU: 591.792 seconds 	/ department sequence: [1, 34, 18, 39, 20, 55, 60, 58, 30, 19, 59, 52, 10, 53, 50, 37, 43, 31, 23, 45, 29, 38, 5, 41, 49, 22, 42, 14, 33, 26, 17, 2, 8, 13, 4, 32, 35, 44, 16, 9, 36, 47, 12, 57, 7, 54, 51, 46, 6, 25, 40, 3, 21, 15, 24, 28, 56, 48, 11, 27]
-- AnKeVa60-1 result
--------------------------------------------
HostNestNum = 10, P_a = 0.25
--------------------------------------------
-- 2020-03-24 22:01 result data
OFV: 1480034.0	/ CPU: 44.026 seconds 	/ department sequence: [1, 34, 18, 39, 20, 60, 30, 58, 19, 52, 59, 10, 53, 50, 46, 37, 43, 31, 45, 23, 29, 38, 5, 41, 49, 22, 42, 14, 33, 2, 17, 8, 26, 32, 4, 35, 13, 16, 36, 44, 9, 47, 57, 12, 7, 54, 51, 6, 25, 40, 3, 21, 55, 15, 24, 28, 56, 48, 11, 27]
OFV: 1484418.0	/ CPU: 41.757 seconds 	/ department sequence: [1, 56, 39, 20, 60, 30, 58, 19, 52, 10, 50, 53, 37, 43, 51, 45, 31, 23, 5, 38, 29, 49, 41, 22, 42, 14, 17, 2, 33, 26, 8, 4, 32, 35, 13, 16, 44, 36, 47, 9, 57, 7, 12, 46, 6, 54, 25, 40, 3, 59, 15, 21, 55, 24, 18, 28, 48, 34, 11, 27]
OFV: 1485242.0	/ CPU: 37.842 seconds 	/ department sequence: [1, 34, 18, 39, 20, 60, 58, 30, 19, 52, 59, 10, 53, 50, 46, 45, 31, 23, 57, 29, 38, 47, 49, 41, 22, 42, 14, 35, 17, 2, 33, 8, 32, 26, 4, 13, 16, 5, 36, 44, 9, 43, 12, 7, 54, 6, 51, 37, 25, 40, 3, 21, 55, 15, 24, 28, 56, 48, 11, 27]
OFV: 1483339.0	/ CPU: 35.413 seconds 	/ department sequence: [1, 34, 18, 39, 20, 60, 58, 30, 19, 52, 59, 10, 53, 50, 46, 43, 45, 31, 23, 29, 38, 47, 9, 12, 49, 41, 22, 42, 14, 33, 17, 2, 8, 32, 26, 4, 35, 13, 16, 44, 36, 5, 57, 7, 54, 6, 51, 37, 25, 40, 3, 21, 55, 15, 24, 28, 56, 48, 11, 27]
OFV: 1482659.0	/ CPU: 35.615 seconds 	/ department sequence: [1, 56, 39, 20, 60, 30, 58, 19, 52, 59, 10, 53, 50, 37, 43, 31, 45, 23, 38, 29, 47, 9, 41, 49, 14, 22, 42, 33, 2, 17, 26, 8, 32, 4, 35, 13, 16, 44, 36, 5, 57, 7, 12, 46, 51, 54, 6, 25, 40, 3, 15, 21, 55, 24, 18, 28, 48, 34, 11, 27]
OFV: 1483580.0	/ CPU: 35.473 seconds 	/ department sequence: [27, 11, 48, 28, 56, 24, 15, 21, 3, 40, 25, 6, 51, 46, 54, 7, 57, 12, 9, 5, 35, 16, 13, 49, 4, 26, 32, 17, 8, 2, 33, 36, 42, 14, 22, 44, 41, 47, 29, 38, 23, 45, 31, 43, 37, 50, 53, 10, 59, 52, 19, 30, 58, 60, 55, 20, 39, 18, 34, 1]
OFV: 1482031.0	/ CPU: 56.844 seconds 	/ department sequence: [27, 11, 48, 56, 28, 24, 15, 21, 3, 40, 25, 37, 51, 6, 46, 54, 7, 57, 12, 9, 36, 23, 16, 35, 13, 4, 32, 33, 8, 26, 17, 2, 14, 42, 22, 49, 41, 44, 47, 29, 38, 5, 31, 45, 43, 50, 53, 10, 52, 59, 19, 30, 58, 60, 55, 20, 39, 18, 34, 1]
OFV: 1483010.0	/ CPU: 46.120 seconds 	/ department sequence: [1, 56, 39, 20, 60, 30, 58, 19, 52, 10, 50, 53, 43, 37, 51, 45, 31, 23, 5, 38, 47, 41, 29, 22, 14, 49, 2, 17, 26, 8, 33, 32, 4, 35, 13, 42, 16, 36, 44, 9, 57, 7, 12, 46, 6, 54, 25, 40, 3, 59, 15, 21, 55, 24, 28, 18, 11, 34, 48, 27]
OFV: 1479285.0	/ CPU: 46.605 seconds 	/ department sequence: [27, 11, 48, 56, 28, 24, 15, 55, 21, 3, 40, 25, 37, 51, 6, 54, 7, 12, 57, 9, 44, 36, 16, 13, 35, 4, 32, 33, 8, 26, 17, 14, 2, 42, 49, 22, 41, 47, 38, 29, 5, 23, 31, 45, 43, 46, 50, 53, 10, 59, 52, 19, 30, 58, 60, 20, 39, 18, 34, 1]
OFV: 1483230.0	/ CPU: 36.562 seconds 	/ department sequence: [1, 56, 39, 20, 60, 30, 58, 19, 52, 59, 10, 53, 50, 37, 43, 45, 31, 23, 38, 29, 47, 41, 49, 22, 14, 4, 2, 26, 17, 8, 33, 32, 42, 35, 44, 13, 16, 36, 5, 9, 57, 12, 7, 46, 51, 54, 6, 25, 40, 3, 15, 21, 55, 24, 18, 28, 48, 34, 11, 27]
