-- AnKeVa60-1 result
--------------------------------------------
HostNestNum = 15, P_a = 0.35
--------------------------------------------
-- 2019-01-11 19:59 result data
OFV: 1738483.0	/ CPU: 454.831 seconds 	/ department sequence: [39, 18, 56, 55, 34, 58, 19, 37, 11, 60, 21, 10, 12, 6, 47, 17, 27, 9, 32, 51, 13, 54, 36, 38, 52, 42, 35, 44, 43, 22, 41, 16, 29, 8, 14, 2, 7, 26, 33, 4, 5, 31, 23, 59, 25, 40, 45, 57, 46, 49, 53, 30, 50, 3, 48, 20, 24, 28, 15, 1]
OFV: 1761009.0	/ CPU: 361.868 seconds 	/ department sequence: [1, 39, 30, 20, 34, 25, 18, 59, 60, 40, 53, 15, 46, 19, 21, 41, 31, 33, 48, 13, 8, 32, 47, 38, 49, 42, 44, 24, 2, 26, 4, 29, 22, 58, 36, 17, 54, 16, 35, 52, 23, 14, 6, 7, 5, 12, 37, 51, 57, 9, 10, 45, 3, 27, 11, 50, 55, 56, 43, 28]
OFV: 1870068.0	/ CPU: 100.492 seconds 	/ department sequence: [27, 43, 55, 15, 18, 25, 20, 59, 56, 11, 39, 32, 13, 48, 3, 10, 6, 49, 57, 7, 5, 46, 12, 36, 17, 23, 26, 44, 4, 2, 47, 35, 8, 14, 9, 31, 42, 30, 45, 22, 54, 41, 16, 28, 58, 19, 51, 52, 33, 50, 34, 24, 40, 29, 38, 60, 37, 21, 53, 1]
OFV: 1773898.0	/ CPU: 138.390 seconds 	/ department sequence: [1, 45, 27, 28, 39, 34, 18, 3, 43, 55, 47, 29, 36, 19, 33, 12, 10, 7, 6, 5, 41, 51, 9, 50, 4, 8, 22, 35, 15, 32, 16, 13, 26, 14, 2, 23, 58, 42, 25, 31, 46, 54, 17, 38, 30, 49, 57, 40, 44, 48, 60, 52, 37, 53, 20, 24, 56, 21, 59, 11]
OFV: 1852965.0	/ CPU: 291.572 seconds 	/ department sequence: [1, 11, 58, 57, 18, 15, 10, 20, 3, 12, 21, 29, 9, 6, 5, 44, 47, 7, 8, 14, 19, 32, 33, 16, 13, 42, 17, 36, 2, 22, 4, 38, 35, 37, 53, 46, 59, 23, 30, 52, 55, 49, 26, 31, 40, 54, 51, 41, 48, 34, 39, 45, 56, 50, 28, 25, 43, 24, 60, 27]
OFV: 1833601.0	/ CPU: 154.120 seconds 	/ department sequence: [1, 27, 58, 50, 24, 59, 37, 45, 18, 19, 22, 10, 12, 21, 32, 20, 51, 57, 7, 5, 8, 53, 9, 17, 40, 49, 41, 34, 14, 13, 29, 2, 33, 23, 47, 16, 36, 4, 44, 38, 26, 46, 35, 60, 42, 6, 55, 15, 31, 25, 3, 39, 43, 52, 56, 54, 28, 48, 30, 11]
OFV: 1901614.0	/ CPU: 96.789 seconds 	/ department sequence: [1, 21, 27, 40, 18, 48, 3, 47, 52, 26, 29, 15, 19, 33, 10, 6, 7, 9, 22, 30, 36, 60, 14, 53, 13, 44, 57, 8, 12, 16, 43, 32, 2, 4, 42, 28, 55, 17, 50, 25, 58, 49, 5, 41, 35, 37, 56, 46, 24, 45, 59, 38, 31, 54, 51, 39, 23, 20, 34, 11]
OFV: 1748582.0	/ CPU: 265.828 seconds 	/ department sequence: [1, 39, 25, 45, 21, 60, 27, 48, 47, 30, 59, 38, 35, 54, 23, 55, 6, 13, 32, 22, 31, 43, 41, 40, 4, 36, 7, 44, 29, 2, 42, 8, 37, 12, 16, 9, 14, 17, 46, 49, 52, 26, 50, 33, 57, 5, 3, 19, 51, 56, 53, 58, 10, 11, 15, 34, 28, 20, 18, 24]
OFV: 1799504.0	/ CPU: 541.607 seconds 	/ department sequence: [30, 39, 20, 11, 28, 3, 57, 9, 23, 51, 42, 44, 53, 54, 38, 56, 7, 6, 5, 17, 35, 4, 26, 8, 41, 16, 13, 2, 37, 25, 14, 29, 40, 36, 46, 55, 43, 33, 32, 58, 60, 12, 31, 47, 50, 52, 49, 22, 10, 24, 34, 45, 27, 19, 48, 59, 15, 21, 18, 1]
OFV: 1855154.0	/ CPU: 157.619 seconds 	/ department sequence: [18, 59, 11, 10, 46, 30, 23, 20, 15, 28, 19, 57, 16, 51, 22, 29, 48, 17, 33, 50, 42, 44, 12, 27, 38, 53, 5, 36, 4, 2, 35, 34, 26, 13, 37, 32, 8, 9, 49, 6, 7, 52, 54, 14, 60, 47, 40, 31, 25, 43, 45, 41, 3, 58, 24, 39, 56, 55, 21, 1]
-- AnKeVa60-1 result
--------------------------------------------
HostNestNum = 15, P_a = 0.35
--------------------------------------------
-- 2019-02-13 01:47 result data
OFV: 1484206.0	/ CPU: 1296.501 seconds 	/ department sequence: [27, 34, 48, 11, 18, 28, 24, 55, 15, 21, 59, 3, 40, 25, 54, 6, 46, 51, 12, 7, 44, 9, 36, 16, 42, 13, 4, 35, 32, 33, 8, 17, 26, 2, 49, 14, 22, 29, 41, 47, 38, 23, 5, 57, 45, 31, 43, 37, 50, 53, 10, 52, 58, 19, 30, 60, 20, 39, 56, 1]
-- AnKeVa60-1 result
--------------------------------------------
HostNestNum = 15, P_a = 0.35
--------------------------------------------
-- 2019-02-13 18:05 result data
OFV: 1491943.0	/ CPU: 937.989 seconds 	/ department sequence: [1, 18, 39, 20, 60, 58, 15, 19, 30, 52, 10, 53, 50, 46, 43, 31, 45, 57, 5, 23, 29, 41, 47, 49, 22, 14, 35, 2, 17, 32, 8, 33, 26, 13, 42, 4, 36, 16, 38, 9, 44, 12, 7, 54, 6, 51, 37, 25, 40, 3, 59, 21, 55, 24, 56, 48, 28, 34, 11, 27]
-- AnKeVa60-1 result
--------------------------------------------
HostNestNum = 15, P_a = 0.35
--------------------------------------------
-- 2019-02-18 21:19 result data
OFV: 1482043.0	/ CPU: 1270.745 seconds 	/ department sequence: [27, 48, 34, 11, 28, 56, 24, 21, 15, 59, 3, 40, 25, 6, 54, 46, 51, 7, 12, 47, 44, 36, 16, 13, 35, 4, 32, 26, 33, 8, 17, 2, 42, 14, 22, 41, 49, 29, 9, 38, 5, 57, 45, 31, 23, 50, 43, 37, 53, 10, 52, 30, 19, 58, 60, 55, 20, 39, 18, 1]
OFV: 1482426.0	/ CPU: 660.308 seconds 	/ department sequence: [11, 27, 48, 56, 28, 24, 15, 21, 55, 3, 40, 25, 51, 6, 54, 7, 12, 57, 5, 44, 36, 16, 13, 35, 4, 32, 42, 33, 26, 8, 14, 2, 17, 22, 49, 41, 9, 47, 29, 23, 38, 31, 45, 43, 37, 46, 50, 53, 10, 59, 52, 19, 30, 58, 60, 20, 39, 18, 34, 1]
OFV: 1484440.0	/ CPU: 1007.080 seconds 	/ department sequence: [1, 18, 39, 20, 55, 60, 58, 19, 30, 52, 10, 50, 53, 37, 43, 31, 45, 23, 57, 5, 9, 47, 41, 49, 14, 22, 42, 33, 26, 2, 8, 17, 32, 4, 35, 13, 29, 16, 38, 36, 44, 12, 7, 51, 46, 6, 54, 25, 40, 3, 59, 21, 15, 24, 56, 28, 48, 34, 11, 27]
OFV: 1478721.0	/ CPU: 863.685 seconds 	/ department sequence: [27, 11, 48, 28, 56, 24, 15, 21, 3, 40, 25, 6, 51, 54, 46, 7, 57, 12, 9, 47, 36, 13, 16, 35, 4, 33, 32, 8, 26, 17, 2, 14, 42, 44, 22, 49, 41, 5, 38, 23, 29, 45, 31, 43, 50, 37, 53, 10, 52, 59, 19, 30, 60, 58, 55, 20, 39, 18, 34, 1]
OFV: 1485146.0	/ CPU: 555.850 seconds 	/ department sequence: [1, 18, 39, 20, 55, 60, 58, 30, 19, 52, 10, 53, 50, 37, 43, 31, 57, 5, 23, 9, 47, 49, 41, 14, 22, 26, 2, 8, 17, 33, 32, 42, 35, 4, 13, 29, 36, 16, 38, 44, 45, 7, 12, 51, 54, 46, 6, 25, 40, 3, 59, 21, 15, 24, 56, 28, 48, 11, 34, 27]
OFV: 1487616.0	/ CPU: 1072.082 seconds 	/ department sequence: [1, 18, 39, 20, 24, 60, 30, 58, 19, 52, 10, 50, 53, 37, 43, 31, 45, 23, 5, 38, 29, 9, 41, 49, 22, 42, 36, 14, 33, 2, 8, 17, 32, 26, 4, 16, 13, 35, 44, 47, 57, 7, 12, 46, 51, 54, 6, 25, 40, 3, 59, 21, 15, 55, 56, 28, 11, 34, 48, 27]
OFV: 1479619.0	/ CPU: 828.350 seconds 	/ department sequence: [1, 34, 18, 39, 20, 55, 58, 60, 30, 19, 59, 52, 10, 53, 43, 50, 45, 31, 23, 5, 38, 29, 47, 41, 22, 49, 14, 42, 33, 2, 17, 26, 8, 32, 4, 35, 13, 16, 44, 36, 9, 12, 57, 7, 54, 46, 51, 6, 37, 25, 40, 3, 21, 15, 24, 56, 28, 48, 27, 11]
OFV: 1483763.0	/ CPU: 895.419 seconds 	/ department sequence: [1, 56, 39, 20, 60, 30, 58, 19, 52, 10, 50, 53, 37, 43, 51, 45, 31, 23, 5, 38, 47, 41, 49, 22, 14, 2, 17, 8, 26, 32, 33, 4, 35, 13, 16, 42, 29, 36, 9, 44, 57, 7, 54, 12, 6, 46, 25, 40, 3, 59, 15, 21, 55, 24, 28, 18, 27, 48, 34, 11]
OFV: 1520370.0	/ CPU: 578.108 seconds 	/ department sequence: [1, 48, 34, 27, 28, 20, 60, 15, 58, 19, 30, 21, 59, 10, 25, 46, 54, 6, 12, 31, 45, 23, 50, 9, 47, 41, 42, 36, 22, 16, 33, 13, 26, 32, 2, 14, 17, 8, 4, 35, 29, 49, 38, 44, 5, 7, 57, 51, 43, 53, 37, 40, 52, 3, 55, 24, 39, 56, 18, 11]
OFV: 1479673.0	/ CPU: 857.019 seconds 	/ department sequence: [11, 27, 48, 56, 28, 24, 15, 21, 3, 40, 25, 37, 51, 6, 46, 7, 54, 12, 57, 36, 9, 44, 16, 13, 35, 4, 8, 32, 26, 33, 17, 2, 42, 14, 22, 49, 41, 47, 38, 29, 23, 5, 31, 45, 50, 43, 53, 10, 59, 52, 19, 30, 60, 58, 55, 20, 39, 18, 34, 1]
