-- AnKeVa60-1 result
--------------------------------------------
HostNestNum = 30, P_a = 0.35
--------------------------------------------
-- 2019-01-11 22:45 result data
OFV: 1822289.0	/ CPU: 338.358 seconds 	/ department sequence: [55, 37, 11, 59, 24, 52, 19, 51, 39, 43, 27, 56, 3, 53, 45, 7, 6, 5, 15, 4, 41, 16, 13, 2, 14, 49, 32, 50, 8, 12, 47, 22, 9, 17, 26, 54, 33, 42, 35, 36, 34, 31, 44, 57, 30, 48, 29, 10, 60, 21, 38, 20, 25, 23, 58, 40, 46, 28, 18, 1]
OFV: 1826650.0	/ CPU: 550.808 seconds 	/ department sequence: [43, 48, 55, 18, 30, 27, 52, 34, 20, 56, 58, 13, 10, 46, 49, 19, 39, 38, 51, 53, 50, 35, 41, 57, 5, 22, 4, 2, 33, 16, 32, 31, 26, 25, 17, 21, 44, 14, 47, 8, 9, 29, 12, 23, 7, 59, 45, 54, 6, 3, 15, 11, 36, 37, 24, 60, 40, 28, 42, 1]
OFV: 1771935.0	/ CPU: 842.146 seconds 	/ department sequence: [43, 39, 55, 25, 60, 56, 53, 30, 20, 46, 57, 47, 50, 44, 31, 24, 9, 14, 54, 32, 22, 42, 17, 59, 37, 2, 8, 26, 4, 23, 33, 29, 35, 52, 45, 49, 6, 16, 51, 41, 13, 5, 21, 15, 36, 19, 7, 12, 58, 10, 18, 28, 38, 40, 3, 34, 27, 48, 11, 1]
OFV: 1818623.0	/ CPU: 368.647 seconds 	/ department sequence: [48, 3, 44, 59, 57, 53, 24, 31, 12, 51, 37, 52, 23, 5, 45, 40, 6, 36, 7, 4, 8, 14, 33, 16, 13, 55, 34, 2, 46, 29, 38, 47, 35, 50, 43, 32, 41, 49, 26, 42, 54, 17, 15, 9, 28, 22, 30, 25, 20, 39, 10, 19, 18, 58, 11, 60, 27, 21, 1, 56]
OFV: 1761134.0	/ CPU: 279.872 seconds 	/ department sequence: [1, 25, 59, 23, 39, 21, 20, 3, 50, 47, 34, 45, 53, 40, 31, 35, 44, 54, 42, 6, 7, 5, 14, 9, 8, 12, 41, 17, 13, 2, 4, 49, 26, 22, 37, 57, 51, 19, 32, 33, 46, 43, 38, 36, 16, 55, 58, 52, 15, 29, 56, 60, 27, 24, 48, 30, 10, 11, 18, 28]
OFV: 1777748.0	/ CPU: 479.903 seconds 	/ department sequence: [1, 19, 18, 15, 48, 10, 30, 20, 46, 3, 38, 40, 49, 36, 37, 14, 50, 26, 52, 16, 12, 23, 45, 22, 29, 41, 57, 31, 35, 4, 2, 53, 17, 8, 5, 9, 13, 7, 25, 47, 44, 33, 6, 28, 27, 42, 24, 60, 32, 21, 54, 51, 11, 59, 43, 55, 39, 34, 58, 56]
OFV: 1760920.0	/ CPU: 272.093 seconds 	/ department sequence: [1, 60, 55, 53, 39, 59, 23, 22, 41, 34, 30, 56, 43, 57, 51, 49, 14, 47, 52, 31, 54, 32, 17, 16, 58, 45, 46, 2, 4, 42, 29, 36, 33, 35, 26, 8, 5, 7, 12, 19, 38, 37, 50, 6, 13, 44, 9, 3, 24, 20, 21, 25, 10, 18, 27, 15, 11, 28, 40, 48]
OFV: 1805158.0	/ CPU: 188.893 seconds 	/ department sequence: [11, 21, 18, 39, 27, 24, 3, 33, 44, 55, 14, 53, 40, 30, 23, 41, 35, 20, 49, 42, 9, 6, 50, 5, 8, 54, 4, 2, 45, 43, 46, 51, 22, 28, 26, 25, 58, 36, 31, 32, 17, 16, 38, 37, 29, 13, 19, 12, 47, 7, 59, 10, 57, 15, 34, 56, 60, 52, 48, 1]
OFV: 1842913.0	/ CPU: 396.407 seconds 	/ department sequence: [56, 27, 60, 11, 25, 19, 18, 22, 10, 53, 15, 48, 55, 3, 5, 6, 17, 57, 23, 33, 41, 54, 13, 26, 14, 12, 50, 31, 16, 40, 46, 2, 7, 8, 4, 9, 28, 51, 32, 43, 37, 45, 35, 29, 47, 49, 30, 58, 21, 36, 42, 34, 20, 39, 38, 52, 44, 59, 24, 1]
OFV: 1829346.0	/ CPU: 332.578 seconds 	/ department sequence: [1, 45, 43, 27, 25, 55, 48, 60, 30, 28, 3, 59, 33, 16, 5, 47, 42, 26, 6, 9, 7, 4, 35, 49, 36, 38, 2, 8, 44, 31, 29, 22, 51, 32, 17, 14, 40, 23, 12, 18, 54, 10, 13, 37, 46, 21, 34, 24, 53, 58, 39, 50, 19, 57, 41, 56, 52, 11, 15, 20]
-- AnKeVa60-1 result
--------------------------------------------
HostNestNum = 30, P_a = 0.35
--------------------------------------------
-- 2019-02-13 05:36 result data
OFV: 1478045.0	/ CPU: 3931.174 seconds 	/ department sequence: [27, 11, 48, 28, 56, 24, 15, 21, 3, 40, 25, 6, 51, 46, 54, 7, 12, 57, 47, 36, 44, 16, 13, 35, 4, 33, 32, 8, 26, 2, 17, 22, 14, 42, 49, 9, 29, 41, 5, 38, 45, 23, 31, 43, 37, 50, 53, 10, 52, 59, 19, 30, 58, 60, 55, 20, 39, 18, 34, 1]
-- AnKeVa60-1 result
--------------------------------------------
HostNestNum = 30, P_a = 0.35
--------------------------------------------
-- 2019-02-13 20:36 result data
OFV: 1480653.0	/ CPU: 1644.753 seconds 	/ department sequence: [1, 34, 18, 39, 20, 55, 60, 58, 30, 19, 52, 59, 10, 53, 50, 46, 43, 45, 31, 23, 5, 38, 29, 9, 44, 42, 41, 22, 14, 17, 2, 26, 33, 8, 32, 4, 49, 13, 35, 16, 36, 47, 57, 12, 7, 54, 6, 51, 37, 25, 40, 3, 21, 15, 24, 28, 56, 11, 48, 27]
-- AnKeVa60-1 result
--------------------------------------------
HostNestNum = 30, P_a = 0.35
--------------------------------------------
-- 2019-02-19 03:35 result data
OFV: 1478680.0	/ CPU: 2469.404 seconds 	/ department sequence: [27, 34, 48, 11, 28, 56, 24, 21, 15, 3, 40, 25, 6, 51, 54, 46, 7, 57, 12, 47, 36, 44, 16, 13, 35, 33, 32, 4, 8, 26, 2, 17, 42, 14, 41, 22, 49, 9, 38, 29, 5, 23, 45, 31, 43, 37, 50, 53, 10, 59, 52, 30, 19, 60, 58, 55, 20, 39, 18, 1]
OFV: 1479734.0	/ CPU: 1823.618 seconds 	/ department sequence: [27, 11, 28, 48, 56, 24, 15, 21, 55, 3, 40, 25, 37, 6, 51, 54, 7, 12, 57, 44, 9, 36, 16, 35, 13, 4, 33, 32, 8, 26, 17, 2, 14, 42, 49, 22, 29, 41, 47, 38, 5, 23, 31, 45, 43, 46, 50, 53, 10, 59, 52, 19, 30, 58, 60, 20, 39, 18, 34, 1]
OFV: 1479842.0	/ CPU: 4311.120 seconds 	/ department sequence: [1, 34, 18, 39, 20, 60, 58, 30, 19, 52, 59, 10, 50, 53, 46, 43, 45, 31, 23, 5, 29, 38, 9, 49, 41, 42, 22, 14, 33, 17, 8, 2, 26, 32, 4, 35, 13, 44, 16, 36, 47, 57, 12, 7, 54, 51, 6, 37, 25, 40, 3, 21, 55, 15, 24, 28, 56, 48, 11, 27]
OFV: 1483865.0	/ CPU: 1602.484 seconds 	/ department sequence: [27, 48, 11, 28, 56, 24, 21, 15, 3, 40, 25, 37, 51, 6, 54, 46, 7, 12, 36, 44, 38, 16, 13, 35, 4, 42, 32, 8, 33, 26, 17, 2, 22, 49, 14, 9, 41, 47, 57, 29, 23, 5, 31, 45, 50, 43, 53, 10, 52, 59, 19, 30, 58, 60, 55, 20, 39, 18, 34, 1]
OFV: 1490969.0	/ CPU: 1071.092 seconds 	/ department sequence: [11, 48, 18, 56, 24, 55, 21, 59, 3, 40, 25, 37, 51, 6, 7, 54, 12, 57, 44, 38, 36, 13, 16, 4, 35, 32, 8, 26, 17, 2, 33, 14, 42, 49, 22, 29, 9, 47, 23, 41, 5, 31, 45, 43, 50, 46, 53, 52, 10, 30, 19, 15, 58, 60, 20, 28, 39, 27, 34, 1]
OFV: 1479615.0	/ CPU: 1764.896 seconds 	/ department sequence: [11, 48, 27, 56, 28, 24, 15, 21, 55, 3, 40, 25, 37, 51, 6, 54, 7, 12, 57, 9, 44, 36, 16, 4, 13, 35, 32, 26, 8, 33, 2, 17, 14, 42, 22, 49, 41, 47, 29, 38, 5, 23, 31, 45, 43, 50, 46, 53, 10, 59, 52, 19, 30, 58, 60, 20, 39, 18, 34, 1]
OFV: 1483651.0	/ CPU: 1191.595 seconds 	/ department sequence: [1, 56, 39, 20, 60, 30, 19, 58, 52, 50, 10, 53, 37, 43, 51, 45, 31, 23, 5, 38, 47, 41, 49, 14, 22, 29, 33, 2, 17, 26, 32, 8, 4, 35, 42, 13, 9, 16, 36, 44, 57, 7, 12, 46, 54, 6, 25, 40, 3, 59, 15, 21, 55, 24, 28, 18, 11, 48, 34, 27]
OFV: 1478420.0	/ CPU: 1483.213 seconds 	/ department sequence: [11, 27, 48, 28, 56, 24, 15, 21, 3, 40, 25, 6, 51, 46, 7, 54, 12, 57, 9, 47, 36, 44, 16, 35, 13, 4, 32, 33, 8, 26, 17, 2, 42, 14, 22, 49, 29, 41, 38, 5, 23, 45, 31, 37, 43, 50, 53, 10, 59, 52, 19, 30, 58, 60, 55, 20, 39, 18, 34, 1]
OFV: 1482520.0	/ CPU: 1698.571 seconds 	/ department sequence: [27, 48, 11, 56, 28, 24, 15, 55, 21, 3, 40, 25, 6, 51, 54, 7, 57, 12, 5, 44, 36, 16, 13, 35, 4, 49, 33, 8, 32, 2, 26, 14, 17, 42, 22, 41, 9, 47, 38, 23, 29, 45, 31, 37, 43, 46, 50, 53, 10, 59, 52, 19, 58, 30, 60, 20, 39, 18, 34, 1]
OFV: 1514231.0	/ CPU: 3704.893 seconds 	/ department sequence: [11, 18, 56, 39, 24, 55, 30, 59, 52, 10, 37, 43, 57, 50, 31, 45, 23, 5, 38, 44, 49, 35, 17, 14, 8, 2, 26, 33, 4, 32, 22, 41, 42, 16, 13, 29, 36, 9, 47, 7, 12, 6, 54, 51, 53, 46, 40, 25, 3, 19, 21, 58, 60, 15, 20, 28, 27, 48, 34, 1]
