-- AnKeVa60-1 result
--------------------------------------------
HostNestNum = 60, P_a = 0.2
--------------------------------------------
-- 2019-01-12 00:30 result data
OFV: 1815492.0	/ CPU: 328.407 seconds 	/ department sequence: [1, 56, 39, 37, 58, 28, 10, 20, 57, 41, 30, 42, 14, 44, 21, 53, 52, 31, 47, 33, 17, 19, 25, 45, 26, 35, 2, 8, 49, 4, 16, 5, 38, 60, 54, 9, 7, 6, 13, 34, 32, 22, 55, 46, 51, 50, 24, 23, 36, 59, 12, 18, 29, 43, 3, 15, 40, 11, 48, 27]
OFV: 1771133.0	/ CPU: 413.013 seconds 	/ department sequence: [15, 43, 18, 28, 59, 55, 34, 48, 20, 46, 56, 3, 25, 6, 26, 17, 40, 44, 12, 7, 19, 5, 8, 16, 13, 36, 58, 4, 2, 33, 54, 41, 31, 47, 50, 57, 22, 29, 51, 23, 32, 38, 45, 49, 14, 9, 53, 52, 30, 35, 42, 60, 27, 37, 24, 21, 10, 39, 11, 1]
OFV: 1766313.0	/ CPU: 211.278 seconds 	/ department sequence: [1, 25, 27, 11, 15, 3, 46, 10, 44, 21, 43, 59, 50, 19, 13, 39, 53, 38, 6, 28, 7, 5, 36, 4, 42, 8, 16, 14, 29, 57, 22, 47, 32, 2, 51, 12, 35, 37, 9, 26, 17, 30, 54, 33, 41, 40, 52, 49, 55, 58, 45, 31, 23, 48, 60, 20, 24, 18, 34, 56]
OFV: 1822578.0	/ CPU: 198.922 seconds 	/ department sequence: [21, 55, 34, 27, 51, 41, 59, 31, 39, 48, 56, 60, 46, 50, 42, 43, 36, 58, 47, 53, 54, 20, 19, 57, 14, 13, 17, 16, 23, 4, 22, 2, 52, 12, 8, 26, 35, 25, 32, 40, 33, 49, 38, 45, 5, 6, 7, 44, 9, 29, 10, 3, 11, 37, 30, 28, 15, 24, 1, 18]
OFV: 1755724.0	/ CPU: 726.032 seconds 	/ department sequence: [48, 39, 20, 21, 50, 37, 52, 19, 24, 3, 51, 49, 41, 47, 57, 56, 25, 5, 6, 46, 22, 7, 33, 32, 29, 31, 2, 8, 16, 9, 14, 4, 26, 12, 40, 23, 13, 10, 53, 58, 17, 35, 45, 59, 36, 44, 30, 28, 42, 38, 54, 27, 43, 60, 18, 55, 15, 11, 34, 1]
OFV: 1819733.0	/ CPU: 529.219 seconds 	/ department sequence: [1, 28, 56, 27, 11, 58, 57, 15, 19, 30, 34, 3, 10, 9, 14, 55, 47, 13, 38, 54, 31, 53, 24, 23, 17, 43, 35, 12, 8, 32, 26, 2, 4, 25, 41, 49, 46, 29, 33, 22, 44, 37, 50, 7, 16, 6, 51, 5, 52, 40, 18, 21, 45, 20, 48, 59, 42, 39, 60, 36]
OFV: 1845072.0	/ CPU: 260.283 seconds 	/ department sequence: [20, 18, 39, 21, 34, 59, 60, 29, 11, 15, 49, 12, 44, 51, 25, 43, 38, 56, 58, 28, 50, 40, 52, 5, 7, 8, 6, 4, 13, 33, 14, 16, 36, 2, 17, 57, 35, 48, 41, 23, 26, 22, 24, 47, 19, 32, 42, 31, 54, 10, 9, 45, 55, 46, 3, 30, 27, 53, 37, 1]
OFV: 1798446.0	/ CPU: 921.720 seconds 	/ department sequence: [1, 18, 11, 15, 50, 24, 27, 38, 49, 21, 29, 19, 59, 52, 30, 53, 22, 28, 47, 23, 57, 16, 33, 43, 12, 13, 37, 41, 8, 46, 42, 2, 9, 17, 45, 40, 14, 35, 32, 26, 4, 5, 6, 7, 10, 54, 44, 20, 25, 31, 34, 48, 36, 51, 3, 39, 55, 56, 58, 60]
OFV: 1778953.0	/ CPU: 311.974 seconds 	/ department sequence: [1, 50, 56, 46, 58, 52, 21, 48, 27, 60, 24, 59, 3, 38, 47, 53, 25, 12, 15, 54, 7, 9, 6, 26, 40, 4, 22, 14, 57, 32, 2, 23, 16, 42, 17, 8, 5, 37, 13, 49, 10, 44, 19, 31, 43, 35, 33, 41, 51, 28, 30, 55, 36, 45, 39, 34, 29, 18, 11, 20]
OFV: 1738725.0	/ CPU: 706.677 seconds 	/ department sequence: [39, 48, 34, 20, 25, 60, 37, 56, 24, 42, 12, 28, 36, 52, 23, 49, 59, 44, 53, 58, 43, 6, 7, 22, 9, 4, 16, 2, 8, 17, 33, 14, 13, 29, 38, 35, 50, 54, 46, 45, 32, 41, 47, 51, 40, 5, 30, 26, 57, 10, 31, 11, 3, 18, 15, 27, 55, 21, 19, 1]
-- AnKeVa60-1 result
--------------------------------------------
HostNestNum = 60, P_a = 0.2
--------------------------------------------
-- 2019-02-13 10:58 result data
OFV: 1484512.0	/ CPU: 2833.178 seconds 	/ department sequence: [48, 34, 27, 11, 18, 28, 24, 55, 21, 15, 59, 3, 40, 25, 54, 6, 46, 51, 7, 12, 44, 9, 36, 29, 16, 13, 4, 35, 42, 32, 17, 8, 26, 33, 2, 22, 14, 49, 47, 41, 38, 23, 5, 57, 45, 31, 43, 37, 53, 50, 10, 52, 58, 19, 30, 60, 20, 39, 56, 1]
-- AnKeVa60-1 result
--------------------------------------------
HostNestNum = 60, P_a = 0.2
--------------------------------------------
-- 2020-03-26 20:25 result data
OFV: 1477857.0	/ CPU: 117.063 seconds 	/ department sequence: [27, 11, 48, 56, 28, 24, 15, 21, 3, 40, 25, 6, 51, 46, 54, 7, 57, 12, 47, 9, 36, 44, 16, 13, 35, 4, 32, 33, 8, 26, 2, 17, 14, 42, 22, 49, 41, 29, 38, 5, 23, 45, 31, 43, 37, 50, 53, 10, 59, 52, 19, 30, 58, 60, 55, 20, 39, 18, 34, 1]
