-- AnKeVa60-1 result
--------------------------------------------
HostNestNum = 10, P_a = 0.35
--------------------------------------------
-- 2019-01-11 18:21 result data
OFV: 1791574.0	/ CPU: 107.599 seconds 	/ department sequence: [52, 18, 11, 34, 3, 37, 25, 46, 28, 24, 50, 40, 53, 51, 38, 59, 43, 7, 5, 4, 9, 22, 30, 8, 14, 26, 12, 17, 2, 35, 49, 58, 36, 16, 42, 47, 32, 44, 54, 6, 15, 19, 13, 21, 48, 10, 41, 29, 57, 31, 23, 33, 55, 56, 45, 27, 20, 39, 60, 1]
OFV: 1816546.0	/ CPU: 259.611 seconds 	/ department sequence: [1, 11, 34, 15, 24, 48, 3, 57, 33, 31, 52, 36, 60, 23, 21, 46, 26, 53, 56, 35, 54, 32, 5, 4, 8, 17, 50, 2, 16, 9, 58, 22, 12, 42, 14, 44, 13, 6, 51, 40, 29, 7, 10, 45, 47, 38, 49, 37, 55, 20, 41, 27, 28, 59, 19, 39, 43, 18, 30, 25]
OFV: 1797966.0	/ CPU: 98.367 seconds 	/ department sequence: [48, 18, 11, 53, 56, 52, 46, 25, 27, 20, 34, 15, 10, 3, 6, 5, 33, 29, 49, 55, 32, 38, 47, 22, 58, 41, 42, 43, 36, 51, 57, 26, 13, 2, 4, 12, 8, 44, 16, 9, 14, 31, 28, 7, 45, 37, 50, 35, 54, 21, 23, 40, 60, 17, 30, 19, 39, 59, 24, 1]
OFV: 1905444.0	/ CPU: 70.343 seconds 	/ department sequence: [1, 52, 18, 29, 15, 10, 11, 30, 3, 34, 47, 35, 22, 33, 48, 39, 51, 42, 38, 31, 23, 12, 13, 44, 14, 8, 49, 59, 4, 2, 5, 36, 26, 7, 6, 57, 16, 25, 50, 60, 17, 54, 9, 40, 43, 53, 27, 28, 46, 32, 41, 21, 37, 56, 45, 58, 55, 19, 20, 24]
OFV: 1837906.0	/ CPU: 207.639 seconds 	/ department sequence: [53, 56, 55, 37, 43, 27, 24, 60, 42, 57, 48, 19, 44, 47, 38, 40, 25, 59, 9, 6, 7, 22, 33, 5, 4, 2, 8, 13, 12, 54, 36, 14, 31, 45, 16, 26, 52, 41, 23, 29, 20, 51, 17, 10, 58, 49, 35, 30, 32, 50, 3, 39, 46, 15, 11, 34, 28, 18, 21, 1]
OFV: 1795404.0	/ CPU: 167.742 seconds 	/ department sequence: [23, 20, 60, 55, 11, 52, 18, 39, 48, 19, 3, 25, 10, 51, 44, 13, 5, 7, 6, 53, 17, 36, 26, 32, 9, 14, 59, 22, 28, 4, 2, 45, 16, 38, 58, 8, 50, 47, 49, 35, 43, 46, 37, 57, 42, 33, 31, 21, 15, 30, 54, 24, 12, 29, 56, 34, 40, 41, 27, 1]
OFV: 1858920.0	/ CPU: 172.772 seconds 	/ department sequence: [1, 56, 52, 28, 60, 42, 53, 20, 15, 14, 10, 58, 40, 19, 35, 51, 17, 30, 12, 44, 41, 29, 32, 50, 45, 31, 38, 33, 59, 25, 4, 8, 2, 47, 9, 13, 27, 22, 16, 26, 7, 49, 23, 5, 6, 36, 39, 54, 3, 48, 55, 57, 11, 46, 21, 24, 37, 18, 43, 34]
OFV: 1791850.0	/ CPU: 193.079 seconds 	/ department sequence: [1, 34, 57, 30, 21, 20, 18, 45, 24, 55, 53, 39, 3, 10, 49, 43, 5, 35, 42, 46, 16, 32, 37, 33, 50, 36, 9, 13, 58, 2, 22, 8, 4, 17, 51, 54, 23, 26, 38, 47, 31, 29, 25, 14, 15, 7, 12, 6, 41, 60, 11, 48, 40, 52, 28, 44, 27, 19, 59, 56]
OFV: 1875392.0	/ CPU: 198.860 seconds 	/ department sequence: [1, 30, 27, 54, 15, 34, 42, 20, 46, 21, 28, 35, 48, 55, 16, 24, 47, 23, 43, 12, 9, 41, 22, 29, 19, 52, 17, 59, 56, 14, 44, 49, 2, 53, 8, 6, 26, 58, 13, 4, 38, 33, 51, 37, 36, 5, 31, 32, 25, 7, 60, 50, 57, 10, 40, 45, 3, 11, 39, 18]
OFV: 1842567.0	/ CPU: 98.633 seconds 	/ department sequence: [1, 11, 3, 46, 21, 10, 60, 33, 22, 18, 15, 55, 40, 41, 38, 23, 14, 20, 5, 8, 13, 6, 36, 59, 7, 31, 4, 2, 17, 47, 16, 49, 26, 57, 32, 35, 42, 44, 53, 29, 51, 28, 45, 58, 37, 52, 24, 9, 56, 25, 34, 12, 19, 54, 30, 50, 27, 39, 43, 48]
-- AnKeVa60-1 result
--------------------------------------------
HostNestNum = 10, P_a = 0.35
--------------------------------------------
-- 2019-02-12 23:56 result data
OFV: 1478142.0	/ CPU: 2130.831 seconds 	/ department sequence: [27, 48, 11, 28, 56, 24, 15, 21, 3, 40, 25, 51, 6, 54, 46, 7, 57, 12, 47, 36, 44, 16, 13, 35, 4, 32, 8, 33, 26, 2, 17, 42, 14, 22, 49, 41, 9, 5, 38, 29, 23, 45, 31, 50, 37, 43, 53, 10, 52, 59, 19, 30, 58, 60, 55, 20, 39, 18, 34, 1]
-- AnKeVa60-1 result
--------------------------------------------
HostNestNum = 10, P_a = 0.35
--------------------------------------------
-- 2019-02-13 17:12 result data
OFV: 1492302.0	/ CPU: 345.795 seconds 	/ department sequence: [1, 27, 34, 28, 39, 20, 60, 58, 15, 19, 30, 52, 10, 53, 50, 46, 45, 31, 5, 9, 23, 47, 29, 41, 38, 22, 49, 14, 35, 17, 26, 2, 32, 8, 33, 4, 42, 13, 16, 36, 44, 57, 12, 7, 43, 54, 6, 51, 37, 25, 40, 3, 59, 21, 55, 24, 56, 18, 48, 11]
-- AnKeVa60-1 result
--------------------------------------------
HostNestNum = 10, P_a = 0.35
--------------------------------------------
-- 2019-02-18 17:16 result data
OFV: 1481388.0	/ CPU: 294.063 seconds 	/ department sequence: [1, 34, 18, 39, 20, 60, 30, 58, 19, 52, 59, 10, 53, 46, 43, 45, 31, 50, 29, 38, 23, 5, 44, 49, 41, 22, 17, 42, 14, 2, 4, 8, 26, 32, 33, 13, 35, 16, 36, 47, 9, 12, 57, 7, 54, 6, 51, 37, 25, 40, 3, 21, 15, 55, 24, 28, 56, 11, 48, 27]
OFV: 1480496.0	/ CPU: 980.117 seconds 	/ department sequence: [1, 34, 18, 39, 20, 60, 58, 30, 19, 59, 52, 10, 53, 50, 46, 43, 45, 31, 23, 5, 29, 38, 9, 47, 41, 22, 42, 14, 17, 26, 2, 8, 32, 33, 4, 49, 13, 35, 16, 36, 44, 57, 12, 7, 54, 51, 6, 37, 25, 40, 3, 21, 55, 15, 24, 56, 28, 27, 48, 11]
OFV: 1478077.0	/ CPU: 559.193 seconds 	/ department sequence: [27, 11, 48, 56, 28, 24, 15, 21, 3, 40, 25, 51, 6, 54, 46, 7, 57, 12, 47, 36, 44, 16, 13, 35, 4, 26, 32, 33, 8, 2, 17, 14, 42, 22, 49, 41, 9, 5, 38, 29, 23, 45, 31, 50, 43, 37, 53, 10, 52, 59, 19, 30, 58, 60, 55, 20, 39, 18, 34, 1]
OFV: 1484588.0	/ CPU: 585.841 seconds 	/ department sequence: [1, 34, 18, 39, 20, 60, 30, 19, 58, 52, 59, 10, 53, 46, 50, 43, 31, 45, 29, 5, 57, 23, 9, 49, 41, 42, 22, 14, 2, 17, 33, 26, 32, 8, 4, 35, 16, 13, 38, 47, 36, 44, 12, 7, 51, 54, 37, 6, 25, 40, 3, 21, 55, 15, 24, 28, 56, 11, 48, 27]
OFV: 1478781.0	/ CPU: 642.189 seconds 	/ department sequence: [1, 34, 18, 39, 20, 55, 60, 58, 30, 19, 59, 10, 52, 53, 50, 37, 43, 31, 23, 45, 5, 38, 29, 9, 41, 49, 22, 14, 2, 8, 17, 26, 33, 42, 4, 32, 13, 35, 16, 44, 36, 47, 12, 57, 7, 46, 54, 51, 6, 25, 40, 3, 21, 15, 24, 28, 56, 11, 27, 48]
OFV: 1481619.0	/ CPU: 773.827 seconds 	/ department sequence: [1, 18, 39, 20, 55, 60, 58, 19, 30, 52, 10, 53, 37, 43, 50, 31, 23, 45, 5, 9, 38, 29, 47, 41, 49, 14, 22, 2, 17, 26, 33, 8, 32, 4, 42, 35, 16, 13, 44, 36, 57, 12, 7, 51, 46, 54, 6, 25, 40, 3, 59, 21, 15, 24, 56, 28, 27, 48, 34, 11]
OFV: 1484961.0	/ CPU: 480.092 seconds 	/ department sequence: [11, 48, 34, 27, 18, 28, 24, 55, 21, 15, 59, 3, 40, 25, 54, 46, 6, 12, 57, 7, 47, 9, 36, 16, 35, 42, 33, 32, 13, 4, 26, 8, 2, 17, 22, 14, 44, 29, 41, 49, 38, 5, 23, 45, 31, 51, 37, 50, 43, 53, 10, 52, 19, 30, 58, 60, 20, 39, 56, 1]
OFV: 1478624.0	/ CPU: 720.509 seconds 	/ department sequence: [27, 48, 11, 28, 56, 24, 15, 21, 3, 40, 25, 51, 6, 54, 46, 7, 57, 12, 47, 36, 44, 35, 16, 13, 4, 32, 26, 8, 17, 2, 33, 22, 14, 42, 41, 49, 9, 38, 29, 5, 45, 23, 31, 43, 37, 53, 50, 10, 52, 59, 19, 58, 30, 60, 55, 20, 39, 18, 34, 1]
OFV: 1480423.0	/ CPU: 1111.551 seconds 	/ department sequence: [11, 48, 27, 56, 28, 24, 15, 21, 3, 40, 25, 37, 51, 6, 46, 7, 54, 57, 12, 9, 47, 36, 16, 35, 4, 13, 26, 8, 32, 33, 17, 2, 42, 14, 22, 41, 49, 44, 29, 38, 5, 45, 23, 31, 50, 43, 53, 10, 59, 52, 19, 30, 58, 60, 55, 20, 39, 18, 34, 1]
OFV: 1501811.0	/ CPU: 654.739 seconds 	/ department sequence: [1, 27, 34, 28, 39, 20, 60, 15, 58, 30, 19, 52, 10, 25, 50, 46, 51, 45, 31, 23, 5, 29, 41, 47, 12, 9, 22, 42, 36, 17, 14, 26, 8, 32, 2, 13, 33, 16, 4, 35, 49, 44, 38, 57, 54, 7, 6, 43, 53, 37, 40, 3, 59, 21, 55, 24, 56, 18, 48, 11]
