-- AnKeVa60-1 result
--------------------------------------------
HostNestNum = 10, P_a = 0.2
--------------------------------------------
-- 2019-01-11 17:37 result data
OFV: 1840661.0	/ CPU: 115.676 seconds 	/ department sequence: [1, 48, 38, 60, 34, 11, 19, 18, 21, 45, 10, 56, 40, 41, 55, 6, 7, 5, 17, 16, 8, 58, 29, 31, 13, 9, 59, 49, 25, 42, 2, 4, 14, 35, 12, 23, 36, 33, 26, 24, 43, 28, 51, 32, 37, 53, 47, 57, 44, 22, 52, 50, 3, 30, 20, 54, 39, 15, 46, 27]
OFV: 1800311.0	/ CPU: 135.952 seconds 	/ department sequence: [11, 25, 27, 19, 56, 41, 18, 24, 23, 40, 39, 10, 36, 37, 49, 59, 58, 12, 22, 50, 42, 45, 44, 16, 21, 33, 32, 54, 4, 2, 29, 51, 26, 31, 14, 57, 17, 8, 9, 5, 7, 13, 47, 35, 6, 3, 48, 34, 38, 15, 28, 52, 20, 53, 46, 43, 30, 60, 55, 1]
OFV: 1758422.0	/ CPU: 85.339 seconds 	/ department sequence: [41, 59, 27, 56, 30, 11, 24, 10, 57, 53, 52, 55, 3, 23, 7, 5, 6, 8, 9, 42, 33, 31, 26, 32, 14, 29, 4, 2, 13, 17, 12, 16, 47, 19, 44, 45, 35, 22, 49, 37, 51, 43, 60, 28, 40, 38, 46, 50, 25, 18, 20, 15, 36, 34, 54, 58, 48, 21, 39, 1]
OFV: 1802031.0	/ CPU: 78.701 seconds 	/ department sequence: [1, 18, 60, 20, 39, 41, 59, 45, 46, 34, 36, 42, 52, 47, 28, 21, 10, 6, 5, 26, 17, 58, 35, 16, 25, 13, 29, 43, 57, 32, 33, 2, 51, 12, 22, 4, 40, 9, 7, 8, 38, 23, 19, 31, 50, 53, 14, 49, 27, 55, 24, 54, 37, 44, 3, 30, 11, 15, 56, 48]
OFV: 1859403.0	/ CPU: 118.565 seconds 	/ department sequence: [34, 40, 11, 36, 21, 15, 31, 18, 20, 45, 27, 42, 24, 38, 51, 33, 55, 39, 25, 49, 57, 46, 17, 16, 54, 26, 23, 12, 14, 13, 4, 32, 8, 2, 6, 7, 5, 10, 9, 22, 58, 50, 19, 43, 44, 41, 47, 37, 30, 35, 3, 59, 28, 48, 29, 53, 56, 60, 52, 1]
OFV: 1862527.0	/ CPU: 155.714 seconds 	/ department sequence: [48, 18, 42, 30, 24, 27, 11, 31, 15, 58, 28, 38, 32, 56, 34, 54, 23, 6, 35, 7, 49, 13, 16, 12, 40, 9, 57, 37, 55, 51, 14, 41, 33, 8, 2, 4, 19, 17, 26, 5, 50, 44, 22, 43, 45, 29, 36, 20, 59, 25, 47, 10, 3, 39, 46, 53, 52, 21, 60, 1]
OFV: 1823953.0	/ CPU: 59.658 seconds 	/ department sequence: [1, 30, 39, 19, 48, 59, 55, 50, 25, 21, 15, 46, 51, 38, 35, 40, 22, 54, 58, 45, 34, 60, 26, 14, 12, 37, 42, 49, 57, 33, 2, 43, 4, 9, 36, 17, 8, 6, 28, 7, 44, 41, 16, 5, 13, 10, 24, 23, 32, 56, 47, 53, 29, 27, 52, 31, 3, 11, 20, 18]
OFV: 1845338.0	/ CPU: 52.050 seconds 	/ department sequence: [18, 27, 25, 15, 34, 55, 11, 3, 7, 32, 6, 52, 35, 29, 51, 12, 13, 16, 41, 40, 47, 28, 36, 23, 33, 49, 54, 37, 45, 56, 42, 26, 60, 4, 2, 46, 31, 17, 53, 14, 8, 58, 5, 43, 9, 21, 38, 57, 10, 22, 20, 30, 48, 44, 50, 39, 59, 24, 19, 1]
OFV: 1853641.0	/ CPU: 120.535 seconds 	/ department sequence: [1, 39, 10, 53, 11, 3, 44, 51, 58, 48, 6, 60, 9, 5, 17, 30, 14, 21, 46, 26, 19, 7, 4, 22, 13, 8, 45, 50, 2, 42, 55, 33, 35, 25, 29, 41, 16, 47, 57, 49, 38, 32, 36, 12, 37, 43, 40, 54, 24, 27, 23, 18, 59, 15, 28, 34, 31, 20, 52, 56]
OFV: 1808043.0	/ CPU: 39.272 seconds 	/ department sequence: [11, 27, 58, 20, 39, 34, 40, 46, 44, 35, 56, 52, 43, 37, 59, 41, 49, 42, 54, 45, 50, 47, 48, 6, 32, 33, 28, 16, 21, 12, 22, 23, 2, 38, 9, 8, 17, 14, 53, 13, 26, 4, 29, 5, 7, 24, 31, 51, 55, 36, 57, 3, 30, 15, 10, 25, 19, 18, 60, 1]
-- AnKeVa60-1 result
--------------------------------------------
HostNestNum = 10, P_a = 0.2
--------------------------------------------
-- 2019-01-31 20:44 result data
OFV: 1526577.0	/ CPU: 38.071 seconds 	/ department sequence: [48, 34, 27, 28, 18, 55, 15, 60, 58, 21, 59, 30, 25, 51, 46, 54, 12, 7, 6, 31, 47, 9, 44, 42, 16, 35, 32, 17, 13, 26, 4, 22, 2, 8, 33, 41, 14, 23, 36, 29, 49, 38, 5, 45, 57, 50, 43, 40, 37, 53, 10, 3, 52, 19, 24, 20, 39, 56, 11, 1]
OFV: 1505183.0	/ CPU: 70.145 seconds 	/ department sequence: [1, 27, 11, 28, 21, 24, 55, 15, 3, 40, 25, 53, 54, 6, 46, 57, 12, 7, 38, 47, 9, 13, 36, 16, 35, 42, 26, 32, 14, 33, 8, 4, 17, 2, 22, 29, 41, 49, 44, 5, 31, 45, 23, 51, 50, 43, 37, 10, 52, 59, 30, 19, 58, 60, 20, 39, 18, 56, 34, 48]
OFV: 1485099.0	/ CPU: 249.111 seconds 	/ department sequence: [27, 11, 48, 28, 56, 24, 15, 21, 3, 40, 25, 46, 51, 6, 54, 7, 12, 45, 44, 9, 36, 47, 35, 16, 26, 8, 32, 4, 13, 17, 2, 42, 14, 33, 22, 38, 49, 41, 5, 57, 29, 23, 31, 50, 37, 43, 53, 10, 59, 52, 19, 30, 58, 60, 55, 20, 39, 18, 34, 1]
OFV: 1498961.0	/ CPU: 156.996 seconds 	/ department sequence: [48, 11, 27, 56, 24, 21, 55, 59, 3, 40, 25, 37, 6, 54, 7, 51, 12, 43, 44, 45, 38, 47, 4, 16, 33, 13, 26, 32, 14, 8, 2, 17, 35, 42, 36, 22, 49, 29, 41, 9, 23, 57, 5, 31, 53, 46, 10, 50, 52, 15, 58, 19, 30, 60, 20, 28, 39, 18, 34, 1]
OFV: 1533082.0	/ CPU: 64.157 seconds 	/ department sequence: [1, 27, 11, 18, 28, 20, 55, 15, 21, 60, 58, 19, 10, 40, 25, 46, 51, 23, 5, 31, 47, 9, 38, 36, 22, 42, 4, 41, 16, 2, 32, 13, 14, 17, 8, 33, 26, 49, 35, 29, 7, 44, 12, 6, 54, 50, 57, 45, 43, 53, 37, 52, 3, 30, 59, 24, 39, 56, 34, 48]
OFV: 1506890.0	/ CPU: 173.411 seconds 	/ department sequence: [1, 27, 34, 28, 18, 20, 60, 58, 15, 19, 30, 52, 10, 53, 46, 50, 31, 23, 5, 57, 29, 12, 54, 35, 41, 42, 22, 36, 4, 14, 2, 33, 17, 32, 8, 13, 26, 16, 49, 9, 47, 38, 44, 45, 7, 43, 6, 51, 37, 25, 40, 3, 59, 21, 55, 24, 39, 56, 48, 11]
OFV: 1486619.0	/ CPU: 41.556 seconds 	/ department sequence: [1, 18, 39, 20, 55, 60, 58, 30, 19, 52, 10, 59, 53, 50, 37, 31, 23, 57, 5, 38, 29, 41, 49, 44, 42, 2, 8, 14, 13, 22, 4, 32, 26, 17, 33, 35, 16, 9, 36, 47, 45, 12, 43, 7, 54, 51, 46, 6, 40, 25, 3, 21, 15, 24, 56, 28, 34, 27, 48, 11]
OFV: 1520911.0	/ CPU: 113.532 seconds 	/ department sequence: [1, 11, 27, 28, 20, 21, 15, 60, 19, 30, 3, 25, 40, 53, 46, 12, 54, 6, 50, 45, 38, 23, 47, 35, 42, 16, 41, 13, 22, 4, 2, 26, 32, 33, 14, 8, 17, 36, 49, 29, 44, 9, 5, 7, 31, 57, 51, 43, 37, 10, 52, 58, 59, 24, 55, 39, 56, 18, 48, 34]
OFV: 1485332.0	/ CPU: 160.988 seconds 	/ department sequence: [1, 34, 18, 39, 20, 60, 30, 19, 58, 59, 52, 10, 53, 46, 50, 37, 43, 31, 45, 5, 29, 9, 44, 41, 49, 42, 22, 14, 17, 8, 2, 33, 32, 26, 4, 35, 16, 13, 23, 36, 38, 47, 57, 12, 7, 54, 6, 51, 25, 3, 40, 21, 15, 55, 24, 56, 48, 28, 11, 27]
OFV: 1484360.0	/ CPU: 58.219 seconds 	/ department sequence: [1, 18, 34, 39, 20, 55, 60, 58, 19, 30, 59, 52, 10, 50, 53, 45, 31, 57, 5, 23, 29, 38, 44, 49, 22, 42, 41, 2, 17, 32, 14, 8, 33, 26, 4, 13, 35, 16, 36, 47, 9, 43, 12, 54, 7, 46, 6, 51, 37, 25, 40, 3, 15, 21, 24, 28, 56, 48, 27, 11]
-- AnKeVa60-1 result
--------------------------------------------
HostNestNum = 10, P_a = 0.2
--------------------------------------------
-- 2019-02-12 23:21 result data
OFV: 1483395.0	/ CPU: 1046.869 seconds 	/ department sequence: [1, 56, 39, 20, 60, 30, 19, 58, 52, 10, 50, 53, 37, 43, 51, 45, 31, 23, 5, 38, 47, 41, 49, 14, 22, 2, 17, 26, 32, 8, 33, 4, 35, 13, 42, 16, 36, 44, 29, 9, 57, 7, 12, 46, 6, 54, 25, 40, 3, 59, 15, 21, 55, 24, 18, 28, 48, 34, 11, 27]
-- AnKeVa60-1 result
--------------------------------------------
HostNestNum = 10, P_a = 0.2
--------------------------------------------
-- 2019-02-13 16:59 result data
OFV: 1485726.0	/ CPU: 417.868 seconds 	/ department sequence: [27, 34, 48, 11, 28, 18, 24, 21, 55, 15, 59, 3, 40, 25, 54, 6, 46, 51, 7, 12, 44, 38, 36, 16, 13, 4, 35, 32, 8, 26, 17, 33, 2, 42, 14, 49, 29, 22, 41, 47, 23, 9, 5, 57, 45, 31, 43, 37, 50, 53, 10, 52, 19, 58, 30, 60, 20, 39, 56, 1]
-- AnKeVa60-1 result
--------------------------------------------
HostNestNum = 10, P_a = 0.2
--------------------------------------------
-- 2020-03-24 21:55 result data
OFV: 1483052.0	/ CPU: 33.845 seconds 	/ department sequence: [1, 34, 18, 39, 20, 55, 60, 58, 30, 19, 59, 52, 10, 53, 50, 46, 43, 45, 31, 23, 5, 9, 44, 49, 41, 42, 35, 14, 17, 33, 8, 2, 26, 32, 22, 4, 13, 29, 16, 38, 36, 47, 57, 12, 7, 54, 6, 51, 37, 25, 40, 3, 21, 15, 24, 28, 56, 48, 11, 27]
OFV: 1481263.0	/ CPU: 42.294 seconds 	/ department sequence: [27, 11, 48, 56, 28, 24, 15, 21, 3, 40, 25, 6, 51, 54, 7, 12, 57, 47, 36, 5, 44, 16, 13, 35, 4, 32, 26, 8, 2, 17, 33, 14, 22, 42, 41, 49, 9, 38, 29, 23, 45, 31, 46, 43, 37, 50, 53, 10, 52, 59, 19, 30, 58, 60, 55, 20, 39, 18, 34, 1]
OFV: 1481897.0	/ CPU: 34.490 seconds 	/ department sequence: [27, 11, 48, 56, 28, 24, 15, 21, 3, 40, 25, 51, 6, 54, 7, 12, 57, 47, 9, 5, 36, 44, 16, 13, 35, 4, 32, 8, 26, 33, 2, 17, 14, 22, 42, 49, 41, 38, 29, 45, 23, 31, 46, 43, 37, 50, 53, 10, 52, 59, 19, 30, 58, 60, 55, 20, 39, 18, 34, 1]
OFV: 1486176.0	/ CPU: 25.004 seconds 	/ department sequence: [27, 34, 48, 11, 28, 18, 24, 55, 21, 15, 59, 3, 40, 25, 54, 6, 46, 51, 12, 7, 45, 44, 36, 16, 42, 13, 35, 4, 32, 33, 8, 26, 17, 2, 29, 22, 14, 49, 9, 41, 47, 38, 23, 5, 57, 31, 43, 37, 53, 50, 10, 52, 19, 58, 30, 60, 20, 39, 56, 1]
OFV: 1483530.0	/ CPU: 41.311 seconds 	/ department sequence: [1, 34, 18, 39, 20, 60, 58, 30, 19, 52, 59, 10, 53, 50, 46, 43, 45, 31, 23, 47, 29, 9, 44, 41, 49, 22, 42, 14, 33, 2, 17, 8, 26, 32, 4, 35, 13, 16, 38, 36, 5, 57, 12, 7, 54, 6, 51, 37, 25, 40, 3, 21, 55, 15, 24, 28, 56, 48, 11, 27]
OFV: 1493519.0	/ CPU: 59.466 seconds 	/ department sequence: [1, 27, 34, 28, 39, 20, 60, 58, 15, 19, 30, 52, 10, 53, 50, 46, 43, 45, 31, 23, 41, 47, 9, 44, 49, 22, 42, 14, 35, 33, 2, 17, 8, 32, 26, 4, 13, 16, 29, 36, 5, 38, 57, 12, 7, 54, 6, 51, 37, 25, 40, 3, 59, 21, 55, 24, 56, 18, 48, 11]
OFV: 1494333.0	/ CPU: 35.563 seconds 	/ department sequence: [1, 27, 39, 20, 60, 15, 58, 19, 30, 52, 10, 53, 50, 46, 37, 43, 31, 45, 23, 29, 41, 5, 38, 9, 44, 22, 42, 14, 35, 17, 2, 8, 32, 26, 33, 4, 13, 49, 16, 36, 47, 57, 12, 7, 54, 6, 51, 25, 40, 3, 59, 21, 55, 24, 56, 28, 18, 34, 48, 11]
OFV: 1492719.0	/ CPU: 36.680 seconds 	/ department sequence: [11, 48, 34, 18, 56, 24, 55, 21, 59, 3, 40, 25, 37, 51, 6, 54, 43, 7, 12, 45, 38, 44, 36, 16, 13, 4, 26, 32, 8, 17, 2, 33, 42, 14, 35, 22, 49, 29, 9, 41, 47, 23, 5, 31, 57, 46, 50, 53, 10, 52, 30, 19, 58, 15, 60, 20, 28, 39, 27, 1]
OFV: 1484934.0	/ CPU: 43.525 seconds 	/ department sequence: [1, 34, 18, 39, 20, 60, 30, 58, 19, 52, 59, 10, 53, 50, 46, 43, 31, 57, 5, 29, 38, 47, 41, 49, 22, 42, 14, 33, 2, 17, 8, 32, 26, 13, 4, 35, 23, 16, 36, 44, 45, 9, 12, 7, 54, 6, 51, 37, 25, 40, 3, 21, 55, 15, 24, 28, 56, 48, 11, 27]
OFV: 1483497.0	/ CPU: 43.011 seconds 	/ department sequence: [27, 11, 48, 56, 28, 24, 15, 21, 3, 40, 25, 37, 51, 6, 54, 46, 7, 57, 12, 36, 23, 16, 29, 35, 13, 4, 33, 8, 32, 26, 17, 2, 42, 14, 22, 41, 49, 44, 9, 47, 38, 5, 31, 45, 43, 50, 53, 10, 52, 59, 19, 30, 58, 60, 55, 20, 39, 18, 34, 1]
-- AnKeVa60-1 result
--------------------------------------------
HostNestNum = 10, P_a = 0.2
--------------------------------------------
-- 2020-05-26 21:55 result data
-- AnKeVa60-1 result
--------------------------------------------
HostNestNum = 10, P_a = 0.2
--------------------------------------------
-- 2020-05-26 21:59 result data
-- AnKeVa60-1 result
--------------------------------------------
HostNestNum = 10, P_a = 0.2
--------------------------------------------
-- 2020-05-26 22:00 result data
-- AnKeVa60-1 result
--------------------------------------------
HostNestNum = 10, P_a = 0.2
--------------------------------------------
-- 2020-05-26 22:05 result data
-- AnKeVa60-1 result
--------------------------------------------
HostNestNum = 10, P_a = 0.2
--------------------------------------------
-- 2020-05-26 22:32 result data
OFV: 765616.0	/ CPU: 3168.325 seconds 	/ department sequence: [1, 34, 18, 39, 20, 55, 30, 21, 10, 58, 19, 46, 52, 43, 53, 51, 5, 45, 44, 31, 49, 50, 36, 16, 2, 22, 41, 26, 9, 4, 32, 33, 47, 8, 14, 13, 17, 42, 35, 23, 7, 38, 29, 12, 57, 6, 37, 54, 25, 3, 40, 60, 59, 15, 24, 28, 56, 48, 11, 27]
-- AnKeVa60-1 result
--------------------------------------------
HostNestNum = 10, P_a = 0.2
--------------------------------------------
-- 2020-06-02 21:30 result data
-- AnKeVa60-1 result
--------------------------------------------
HostNestNum = 10, P_a = 0.2
--------------------------------------------
-- 2020-06-02 22:08 result data
-- AnKeVa60-1 result
--------------------------------------------
HostNestNum = 10, P_a = 0.2
--------------------------------------------
-- 2020-06-02 22:59 result data
-- AnKeVa60-1 result
--------------------------------------------
HostNestNum = 10, P_a = 0.2
--------------------------------------------
-- 2020-06-02 23:00 result data
-- AnKeVa60-1 result
--------------------------------------------
HostNestNum = 10, P_a = 0.2
--------------------------------------------
-- 2020-06-02 23:06 result data
-- AnKeVa60-1 result
--------------------------------------------
HostNestNum = 10, P_a = 0.2
--------------------------------------------
-- 2020-06-02 23:17 result data
-- AnKeVa60-1 result
--------------------------------------------
HostNestNum = 10, P_a = 0.2
--------------------------------------------
-- 2020-06-02 23:21 result data
-- AnKeVa60-1 result
--------------------------------------------
HostNestNum = 10, P_a = 0.2
--------------------------------------------
-- 2020-06-02 23:22 result data
-- AnKeVa60-1 result
--------------------------------------------
HostNestNum = 10, P_a = 0.2
--------------------------------------------
-- 2020-06-02 23:24 result data
-- AnKeVa60-1 result
--------------------------------------------
HostNestNum = 10, P_a = 0.2
--------------------------------------------
-- 2020-06-02 23:25 result data
-- AnKeVa60-1 result
--------------------------------------------
HostNestNum = 10, P_a = 0.2
--------------------------------------------
-- 2020-06-02 23:25 result data
-- AnKeVa60-1 result
--------------------------------------------
HostNestNum = 10, P_a = 0.2
--------------------------------------------
-- 2020-06-02 23:26 result data
-- AnKeVa60-1 result
--------------------------------------------
HostNestNum = 10, P_a = 0.2
--------------------------------------------
-- 2020-06-02 23:26 result data
-- AnKeVa60-1 result
--------------------------------------------
HostNestNum = 10, P_a = 0.2
--------------------------------------------
-- 2020-06-02 23:26 result data
-- AnKeVa60-1 result
--------------------------------------------
HostNestNum = 10, P_a = 0.2
--------------------------------------------
-- 2020-06-02 23:32 result data
-- AnKeVa60-1 result
--------------------------------------------
HostNestNum = 10, P_a = 0.2
--------------------------------------------
-- 2020-06-02 23:32 result data
-- AnKeVa60-1 result
--------------------------------------------
HostNestNum = 10, P_a = 0.2
--------------------------------------------
-- 2020-06-03 21:52 result data
-- AnKeVa60-1 result
--------------------------------------------
HostNestNum = 10, P_a = 0.2
--------------------------------------------
-- 2020-06-03 21:52 result data
