-- AnKeVa60-1 result
--------------------------------------------
HostNestNum = 30, P_a = 0.25
--------------------------------------------
-- 2019-01-11 21:57 result data
OFV: 1729805.0	/ CPU: 189.690 seconds 	/ department sequence: [1, 56, 30, 18, 15, 39, 19, 20, 31, 60, 51, 38, 32, 25, 45, 58, 26, 55, 22, 40, 44, 54, 43, 35, 53, 23, 33, 2, 4, 36, 8, 14, 13, 49, 46, 52, 41, 16, 17, 42, 29, 12, 50, 47, 9, 57, 5, 28, 6, 7, 24, 37, 3, 27, 11, 59, 10, 21, 48, 34]
OFV: 1832419.0	/ CPU: 320.503 seconds 	/ department sequence: [20, 11, 30, 15, 32, 60, 59, 18, 47, 48, 27, 40, 13, 55, 23, 24, 57, 50, 56, 51, 36, 22, 29, 53, 14, 16, 58, 26, 49, 9, 8, 4, 2, 25, 42, 5, 17, 41, 35, 45, 33, 31, 54, 38, 37, 7, 12, 10, 44, 6, 46, 19, 3, 21, 39, 52, 34, 28, 43, 1]
OFV: 1749225.0	/ CPU: 343.731 seconds 	/ department sequence: [34, 59, 28, 24, 11, 15, 3, 25, 10, 54, 43, 51, 6, 7, 12, 21, 23, 9, 29, 5, 17, 14, 32, 44, 30, 4, 41, 13, 16, 8, 35, 26, 2, 40, 38, 49, 36, 37, 53, 47, 46, 22, 20, 57, 31, 48, 42, 50, 56, 33, 52, 58, 45, 18, 39, 19, 60, 55, 27, 1]
OFV: 1810561.0	/ CPU: 308.052 seconds 	/ department sequence: [58, 34, 55, 48, 35, 23, 54, 27, 42, 25, 40, 30, 18, 50, 45, 12, 44, 53, 37, 59, 57, 28, 7, 9, 6, 8, 5, 13, 4, 29, 22, 36, 16, 2, 31, 47, 17, 19, 49, 32, 14, 41, 46, 43, 60, 26, 33, 51, 21, 24, 38, 10, 3, 15, 11, 52, 56, 20, 39, 1]
OFV: 1791091.0	/ CPU: 215.200 seconds 	/ department sequence: [56, 43, 40, 34, 22, 48, 24, 37, 50, 45, 33, 51, 30, 31, 41, 38, 55, 19, 10, 9, 7, 14, 44, 32, 29, 59, 17, 4, 2, 8, 54, 26, 52, 47, 46, 57, 35, 42, 16, 36, 49, 13, 5, 21, 12, 6, 15, 23, 58, 25, 3, 11, 60, 18, 28, 27, 20, 53, 39, 1]
OFV: 1826415.0	/ CPU: 466.484 seconds 	/ department sequence: [1, 40, 48, 27, 21, 20, 15, 24, 10, 60, 3, 7, 29, 6, 42, 36, 56, 50, 38, 5, 31, 52, 26, 47, 22, 4, 16, 2, 8, 14, 34, 19, 17, 45, 37, 32, 58, 57, 33, 13, 44, 23, 49, 41, 35, 43, 53, 59, 55, 12, 46, 9, 18, 28, 25, 39, 51, 30, 54, 11]
OFV: 1787583.0	/ CPU: 300.195 seconds 	/ department sequence: [20, 27, 11, 24, 15, 19, 56, 18, 54, 57, 60, 53, 26, 58, 22, 48, 47, 49, 55, 33, 45, 36, 50, 8, 16, 9, 12, 52, 32, 2, 38, 29, 13, 23, 14, 17, 4, 35, 46, 7, 44, 6, 5, 28, 42, 40, 31, 41, 10, 3, 34, 30, 25, 51, 43, 39, 37, 21, 59, 1]
OFV: 1797334.0	/ CPU: 323.267 seconds 	/ department sequence: [1, 11, 15, 58, 46, 39, 27, 20, 3, 37, 55, 7, 6, 26, 38, 5, 42, 33, 59, 35, 50, 49, 32, 54, 25, 41, 17, 13, 31, 2, 29, 21, 4, 14, 8, 12, 19, 16, 9, 44, 57, 52, 53, 51, 22, 47, 36, 56, 43, 34, 23, 30, 45, 60, 24, 28, 40, 10, 18, 48]
OFV: 1814961.0	/ CPU: 226.447 seconds 	/ department sequence: [39, 27, 59, 34, 28, 40, 20, 3, 10, 43, 36, 24, 56, 54, 60, 58, 41, 26, 44, 49, 16, 32, 45, 50, 12, 53, 17, 13, 47, 9, 2, 14, 8, 4, 52, 22, 25, 7, 5, 6, 30, 42, 23, 19, 35, 57, 31, 33, 48, 46, 21, 29, 37, 51, 55, 38, 18, 11, 15, 1]
OFV: 1816950.0	/ CPU: 146.028 seconds 	/ department sequence: [1, 40, 47, 24, 20, 56, 43, 34, 18, 3, 10, 31, 57, 49, 59, 50, 5, 6, 7, 33, 52, 13, 9, 42, 8, 17, 2, 32, 4, 22, 35, 53, 12, 16, 14, 41, 58, 26, 36, 46, 23, 29, 38, 51, 39, 55, 44, 27, 45, 54, 30, 60, 15, 28, 21, 25, 19, 11, 48, 37]
-- AnKeVa60-1 result
--------------------------------------------
HostNestNum = 30, P_a = 0.25
--------------------------------------------
-- 2019-02-13 04:41 result data
OFV: 1483737.0	/ CPU: 3311.652 seconds 	/ department sequence: [27, 48, 34, 11, 18, 28, 55, 24, 15, 21, 59, 3, 40, 25, 54, 6, 46, 51, 12, 7, 47, 36, 44, 16, 42, 13, 35, 4, 32, 33, 8, 26, 17, 2, 22, 14, 49, 41, 29, 9, 38, 5, 23, 57, 31, 45, 37, 43, 50, 53, 10, 52, 19, 58, 30, 60, 20, 39, 56, 1]
-- AnKeVa60-1 result
--------------------------------------------
HostNestNum = 30, P_a = 0.25
--------------------------------------------
-- 2019-02-13 19:59 result data
OFV: 1481706.0	/ CPU: 2276.073 seconds 	/ department sequence: [11, 48, 27, 56, 28, 24, 15, 55, 21, 3, 40, 25, 6, 51, 54, 7, 12, 57, 9, 5, 44, 36, 16, 13, 35, 4, 32, 26, 17, 8, 2, 33, 14, 42, 22, 49, 41, 47, 38, 23, 29, 45, 31, 43, 37, 46, 50, 53, 10, 59, 52, 19, 30, 58, 60, 20, 39, 18, 34, 1]
-- AnKeVa60-1 result
--------------------------------------------
HostNestNum = 30, P_a = 0.25
--------------------------------------------
-- 2019-02-18 23:42 result data
OFV: 1479764.0	/ CPU: 1254.061 seconds 	/ department sequence: [1, 34, 18, 39, 20, 60, 58, 30, 19, 52, 59, 10, 50, 53, 46, 43, 45, 31, 23, 5, 38, 29, 47, 41, 22, 49, 17, 2, 14, 42, 33, 32, 8, 26, 4, 35, 13, 16, 36, 44, 9, 57, 12, 7, 54, 6, 51, 37, 25, 40, 3, 21, 15, 55, 24, 56, 28, 48, 27, 11]
OFV: 1479519.0	/ CPU: 1195.692 seconds 	/ department sequence: [1, 34, 18, 39, 20, 60, 58, 30, 19, 52, 59, 10, 53, 50, 46, 43, 45, 31, 23, 5, 29, 38, 47, 41, 22, 49, 42, 2, 14, 33, 17, 26, 8, 32, 4, 13, 35, 36, 16, 9, 44, 57, 12, 7, 54, 51, 6, 37, 25, 40, 3, 21, 55, 15, 24, 56, 28, 48, 11, 27]
OFV: 1478077.0	/ CPU: 858.021 seconds 	/ department sequence: [27, 11, 48, 28, 56, 24, 15, 21, 3, 40, 25, 6, 51, 46, 54, 7, 12, 57, 47, 9, 36, 44, 16, 13, 35, 4, 32, 8, 26, 2, 33, 17, 14, 42, 22, 49, 41, 29, 5, 38, 23, 45, 31, 43, 50, 37, 53, 10, 52, 59, 19, 30, 58, 60, 55, 20, 39, 18, 34, 1]
OFV: 1479843.0	/ CPU: 1038.592 seconds 	/ department sequence: [1, 18, 39, 20, 55, 60, 58, 30, 19, 52, 59, 10, 53, 50, 37, 43, 31, 45, 23, 5, 38, 29, 47, 41, 22, 49, 14, 2, 26, 8, 17, 32, 33, 42, 4, 35, 13, 16, 9, 36, 44, 57, 12, 7, 46, 54, 51, 6, 25, 40, 3, 21, 15, 24, 56, 28, 48, 34, 11, 27]
OFV: 1481010.0	/ CPU: 1216.123 seconds 	/ department sequence: [27, 11, 48, 28, 56, 24, 15, 21, 55, 3, 40, 25, 6, 51, 54, 7, 12, 57, 47, 44, 16, 36, 35, 4, 33, 32, 13, 26, 8, 2, 17, 22, 14, 42, 41, 29, 49, 9, 38, 5, 23, 45, 31, 43, 37, 46, 50, 53, 10, 59, 52, 19, 58, 30, 60, 20, 39, 18, 34, 1]
OFV: 1484196.0	/ CPU: 1519.208 seconds 	/ department sequence: [1, 56, 39, 20, 60, 30, 19, 58, 52, 59, 10, 50, 53, 43, 45, 31, 57, 5, 29, 23, 38, 47, 41, 49, 14, 22, 2, 17, 8, 26, 32, 33, 4, 13, 42, 35, 16, 44, 36, 9, 7, 12, 46, 54, 51, 6, 37, 25, 40, 3, 15, 21, 24, 55, 18, 48, 34, 28, 27, 11]
OFV: 1480038.0	/ CPU: 2468.314 seconds 	/ department sequence: [1, 34, 18, 39, 20, 55, 60, 58, 30, 19, 52, 59, 10, 53, 37, 50, 43, 31, 45, 23, 29, 38, 47, 9, 41, 49, 22, 14, 42, 33, 17, 2, 8, 32, 26, 4, 35, 13, 16, 36, 44, 5, 12, 57, 7, 54, 46, 51, 6, 25, 40, 3, 21, 15, 24, 28, 56, 11, 48, 27]
OFV: 1481946.0	/ CPU: 1615.584 seconds 	/ department sequence: [1, 56, 39, 20, 60, 30, 58, 19, 52, 59, 10, 50, 53, 37, 43, 31, 45, 23, 5, 38, 29, 47, 41, 22, 49, 14, 2, 26, 17, 33, 8, 32, 4, 35, 42, 13, 16, 36, 9, 44, 57, 7, 12, 51, 46, 6, 54, 25, 40, 3, 15, 21, 55, 24, 18, 28, 11, 34, 48, 27]
OFV: 1483562.0	/ CPU: 1552.898 seconds 	/ department sequence: [1, 56, 39, 20, 60, 30, 58, 19, 52, 10, 50, 53, 43, 37, 31, 45, 57, 5, 38, 23, 9, 49, 29, 41, 22, 14, 17, 2, 26, 8, 32, 33, 4, 42, 35, 13, 16, 36, 44, 47, 7, 12, 51, 46, 6, 54, 25, 40, 3, 59, 15, 21, 55, 24, 18, 28, 11, 48, 34, 27]
OFV: 1486549.0	/ CPU: 1257.648 seconds 	/ department sequence: [1, 18, 39, 20, 24, 58, 60, 30, 19, 52, 10, 50, 53, 37, 43, 31, 45, 23, 5, 38, 29, 47, 41, 22, 49, 26, 14, 17, 2, 33, 42, 8, 32, 35, 4, 13, 16, 36, 9, 44, 57, 12, 7, 51, 46, 54, 6, 25, 40, 3, 59, 21, 55, 15, 28, 56, 11, 27, 48, 34]
-- AnKeVa60-1 result
--------------------------------------------
HostNestNum = 30, P_a = 0.25
--------------------------------------------
-- 2020-03-24 22:43 result data
OFV: 1481353.0	/ CPU: 162.854 seconds 	/ department sequence: [27, 48, 34, 11, 28, 56, 24, 15, 21, 59, 3, 40, 25, 6, 54, 46, 51, 7, 12, 47, 9, 36, 44, 16, 13, 35, 4, 32, 33, 8, 26, 17, 2, 42, 14, 22, 49, 41, 29, 38, 5, 57, 23, 45, 31, 43, 37, 50, 53, 10, 52, 30, 19, 58, 60, 55, 20, 39, 18, 1]
OFV: 1484353.0	/ CPU: 114.189 seconds 	/ department sequence: [27, 11, 48, 56, 28, 24, 15, 21, 3, 40, 25, 37, 51, 6, 54, 7, 43, 12, 45, 47, 9, 36, 16, 35, 4, 13, 26, 32, 8, 33, 17, 2, 22, 14, 42, 41, 49, 44, 38, 29, 5, 57, 23, 31, 46, 50, 53, 10, 52, 59, 19, 30, 58, 60, 55, 20, 39, 18, 34, 1]
OFV: 1482947.0	/ CPU: 92.163 seconds 	/ department sequence: [27, 11, 48, 56, 28, 24, 15, 55, 21, 3, 40, 25, 37, 51, 6, 54, 7, 12, 57, 9, 5, 36, 16, 23, 13, 35, 4, 32, 26, 8, 17, 2, 14, 33, 22, 42, 41, 49, 44, 47, 29, 38, 31, 45, 43, 46, 50, 53, 10, 59, 52, 19, 30, 58, 60, 20, 39, 18, 34, 1]
OFV: 1478364.0	/ CPU: 125.636 seconds 	/ department sequence: [1, 18, 39, 20, 55, 60, 58, 19, 30, 52, 59, 10, 53, 50, 37, 43, 31, 23, 45, 5, 29, 38, 9, 49, 41, 22, 14, 42, 17, 2, 26, 8, 33, 32, 4, 35, 13, 16, 44, 36, 47, 57, 12, 7, 46, 54, 6, 51, 25, 40, 3, 21, 15, 24, 56, 28, 11, 34, 48, 27]
OFV: 1480962.0	/ CPU: 183.049 seconds 	/ department sequence: [27, 11, 34, 48, 28, 56, 24, 15, 21, 3, 40, 25, 51, 6, 54, 46, 7, 12, 9, 47, 36, 44, 16, 35, 13, 4, 33, 32, 26, 8, 17, 2, 42, 22, 14, 41, 49, 38, 29, 57, 5, 45, 23, 31, 43, 37, 50, 53, 10, 52, 59, 30, 19, 58, 60, 55, 20, 39, 18, 1]
OFV: 1479726.0	/ CPU: 118.146 seconds 	/ department sequence: [27, 11, 48, 56, 28, 24, 15, 21, 3, 40, 25, 6, 51, 46, 54, 7, 57, 12, 5, 36, 44, 16, 13, 35, 4, 33, 32, 8, 26, 2, 17, 42, 14, 22, 49, 9, 41, 47, 29, 38, 23, 45, 31, 43, 37, 50, 53, 10, 52, 59, 19, 30, 58, 60, 55, 20, 39, 18, 34, 1]
OFV: 1481520.0	/ CPU: 112.665 seconds 	/ department sequence: [27, 11, 48, 56, 28, 24, 15, 21, 3, 40, 25, 6, 51, 54, 7, 12, 57, 47, 9, 5, 36, 16, 35, 13, 4, 32, 26, 8, 17, 2, 33, 14, 22, 42, 49, 41, 44, 38, 29, 23, 45, 31, 46, 43, 37, 50, 53, 10, 52, 59, 19, 30, 58, 60, 55, 20, 39, 18, 34, 1]
OFV: 1481427.0	/ CPU: 102.390 seconds 	/ department sequence: [27, 11, 48, 56, 28, 24, 15, 55, 21, 3, 40, 25, 37, 51, 6, 54, 7, 12, 9, 47, 36, 44, 16, 35, 13, 4, 32, 26, 8, 33, 2, 17, 14, 22, 42, 41, 49, 38, 29, 57, 5, 23, 31, 45, 43, 46, 50, 53, 10, 59, 52, 19, 58, 30, 60, 20, 39, 18, 34, 1]
OFV: 1481722.0	/ CPU: 112.308 seconds 	/ department sequence: [1, 56, 39, 20, 60, 58, 30, 19, 52, 59, 10, 53, 50, 37, 43, 45, 31, 23, 5, 38, 29, 47, 41, 49, 22, 14, 2, 17, 26, 8, 33, 32, 4, 35, 42, 13, 16, 36, 44, 9, 57, 12, 7, 46, 51, 54, 6, 25, 40, 3, 15, 21, 55, 24, 28, 18, 11, 34, 48, 27]
OFV: 1479280.0	/ CPU: 94.281 seconds 	/ department sequence: [1, 34, 18, 39, 20, 55, 60, 58, 30, 19, 59, 52, 10, 53, 50, 43, 45, 31, 23, 5, 38, 29, 47, 41, 49, 22, 42, 14, 2, 17, 33, 26, 8, 32, 4, 35, 13, 16, 44, 36, 9, 12, 57, 7, 54, 46, 6, 51, 37, 25, 40, 3, 21, 15, 24, 28, 56, 48, 11, 27]
-- AnKeVa60-1 result
--------------------------------------------
HostNestNum = 30, P_a = 0.25
--------------------------------------------
-- 2020-03-26 19:06 result data
OFV: 1479234.0	/ CPU: 72.983 seconds 	/ department sequence: [1, 34, 18, 39, 20, 60, 58, 30, 19, 52, 59, 10, 53, 50, 46, 43, 45, 31, 23, 5, 29, 38, 47, 41, 22, 49, 42, 14, 2, 17, 33, 26, 8, 32, 4, 35, 13, 16, 36, 44, 9, 57, 12, 7, 54, 6, 51, 37, 25, 40, 3, 21, 55, 15, 24, 28, 56, 48, 11, 27]
-- AnKeVa60-1 result
--------------------------------------------
HostNestNum = 30, P_a = 0.25
--------------------------------------------
-- 2020-03-26 20:20 result data
OFV: 1477997.0	/ CPU: 65.663 seconds 	/ department sequence: [27, 11, 48, 56, 28, 24, 15, 21, 3, 40, 25, 6, 51, 46, 54, 7, 57, 12, 9, 47, 36, 44, 16, 13, 35, 4, 32, 33, 8, 26, 17, 2, 14, 42, 22, 49, 41, 29, 38, 5, 23, 31, 45, 43, 37, 50, 53, 10, 52, 59, 19, 30, 58, 60, 55, 20, 39, 18, 34, 1]
