-- AnKeVa60-1 result
--------------------------------------------
HostNestNum = 15, P_a = 0.25
--------------------------------------------
-- 2019-01-11 12:57 result data
-- AnKeVa60-1 result
--------------------------------------------
HostNestNum = 15, P_a = 0.25
--------------------------------------------
-- 2019-01-11 19:36 result data
OFV: 1834378.0	/ CPU: 213.918 seconds 	/ department sequence: [1, 52, 48, 56, 60, 59, 55, 58, 49, 10, 20, 50, 42, 30, 31, 46, 15, 53, 16, 43, 13, 22, 29, 17, 27, 28, 41, 44, 9, 38, 26, 2, 8, 4, 5, 7, 21, 51, 57, 14, 36, 19, 33, 23, 6, 47, 12, 25, 32, 45, 54, 40, 35, 3, 24, 39, 34, 18, 11, 37]
OFV: 1796176.0	/ CPU: 139.061 seconds 	/ department sequence: [1, 18, 46, 19, 20, 27, 28, 25, 15, 21, 3, 54, 36, 34, 40, 50, 39, 51, 49, 52, 32, 37, 47, 31, 17, 8, 14, 13, 9, 30, 35, 16, 2, 45, 38, 33, 26, 4, 12, 6, 7, 42, 5, 29, 55, 43, 23, 44, 53, 59, 60, 22, 41, 57, 56, 10, 11, 24, 58, 48]
OFV: 1847184.0	/ CPU: 118.581 seconds 	/ department sequence: [39, 11, 27, 60, 21, 52, 32, 53, 15, 46, 18, 44, 56, 34, 45, 42, 59, 43, 12, 57, 17, 31, 40, 51, 4, 6, 8, 41, 13, 58, 26, 2, 50, 28, 25, 35, 54, 36, 22, 29, 37, 49, 16, 33, 14, 23, 5, 7, 9, 55, 47, 3, 30, 19, 48, 24, 10, 38, 20, 1]
OFV: 1815548.0	/ CPU: 147.841 seconds 	/ department sequence: [1, 60, 19, 34, 11, 27, 3, 10, 59, 40, 46, 47, 31, 30, 50, 45, 21, 49, 39, 14, 38, 17, 33, 36, 12, 2, 4, 8, 26, 16, 35, 5, 13, 9, 6, 7, 51, 22, 41, 57, 54, 55, 32, 58, 48, 37, 28, 52, 42, 53, 44, 43, 18, 24, 15, 20, 25, 23, 29, 56]
OFV: 1858896.0	/ CPU: 114.770 seconds 	/ department sequence: [1, 34, 3, 53, 16, 20, 56, 54, 45, 25, 30, 10, 51, 44, 19, 35, 38, 5, 49, 6, 29, 47, 4, 13, 50, 2, 17, 8, 24, 26, 23, 43, 31, 32, 14, 9, 7, 59, 36, 27, 39, 57, 22, 41, 37, 33, 52, 42, 21, 60, 28, 12, 46, 40, 15, 48, 11, 58, 55, 18]
OFV: 1847619.0	/ CPU: 109.614 seconds 	/ department sequence: [1, 58, 11, 19, 43, 21, 48, 40, 46, 60, 30, 15, 53, 39, 31, 57, 27, 52, 56, 59, 38, 7, 9, 26, 42, 54, 47, 32, 29, 28, 33, 14, 41, 2, 16, 4, 8, 23, 22, 50, 12, 17, 49, 6, 45, 44, 10, 13, 37, 5, 18, 36, 35, 3, 55, 25, 24, 34, 20, 51]
OFV: 1761105.0	/ CPU: 143.545 seconds 	/ department sequence: [1, 48, 55, 58, 28, 60, 30, 59, 27, 19, 46, 52, 50, 40, 56, 13, 9, 37, 7, 5, 6, 53, 16, 42, 49, 17, 23, 44, 2, 51, 26, 36, 31, 29, 45, 35, 41, 8, 4, 32, 47, 54, 34, 14, 57, 22, 38, 33, 21, 20, 10, 43, 3, 39, 12, 11, 15, 18, 25, 24]
OFV: 1843225.0	/ CPU: 184.160 seconds 	/ department sequence: [11, 27, 3, 37, 51, 55, 46, 29, 21, 48, 47, 19, 60, 42, 22, 53, 52, 35, 23, 50, 44, 5, 16, 9, 58, 8, 38, 36, 4, 2, 33, 7, 14, 24, 26, 43, 40, 31, 32, 57, 49, 45, 17, 10, 6, 34, 13, 59, 25, 28, 56, 12, 30, 41, 54, 39, 18, 15, 20, 1]
OFV: 1754477.0	/ CPU: 101.429 seconds 	/ department sequence: [1, 48, 59, 27, 37, 39, 38, 34, 30, 54, 42, 24, 3, 6, 7, 16, 12, 10, 45, 9, 5, 33, 29, 49, 32, 23, 44, 4, 58, 36, 2, 14, 8, 57, 13, 41, 17, 31, 26, 50, 35, 46, 47, 25, 22, 55, 52, 21, 60, 43, 53, 15, 20, 19, 11, 18, 51, 56, 40, 28]
OFV: 1839782.0	/ CPU: 109.240 seconds 	/ department sequence: [1, 28, 19, 53, 37, 27, 21, 57, 15, 11, 50, 56, 3, 22, 48, 26, 58, 55, 6, 33, 9, 7, 40, 38, 42, 47, 54, 45, 41, 4, 2, 13, 17, 32, 29, 46, 23, 25, 44, 49, 36, 14, 16, 12, 8, 24, 30, 35, 31, 5, 10, 43, 39, 52, 51, 34, 60, 59, 18, 20]
-- AnKeVa60-1 result
--------------------------------------------
HostNestNum = 15, P_a = 0.25
--------------------------------------------
-- 2019-02-13 01:26 result data
OFV: 1488083.0	/ CPU: 1282.043 seconds 	/ department sequence: [1, 39, 56, 20, 60, 30, 58, 19, 52, 10, 53, 50, 43, 51, 45, 31, 23, 5, 57, 47, 38, 49, 22, 41, 14, 2, 17, 8, 33, 26, 32, 4, 42, 13, 35, 29, 16, 36, 44, 9, 7, 12, 46, 54, 6, 37, 25, 40, 3, 59, 15, 21, 55, 24, 28, 18, 48, 34, 27, 11]
-- AnKeVa60-1 result
--------------------------------------------
HostNestNum = 15, P_a = 0.25
--------------------------------------------
-- 2019-02-13 17:56 result data
OFV: 1481405.0	/ CPU: 515.017 seconds 	/ department sequence: [27, 11, 48, 28, 56, 24, 15, 21, 3, 40, 25, 37, 51, 6, 46, 54, 7, 9, 12, 36, 47, 44, 16, 35, 13, 4, 32, 8, 33, 26, 14, 17, 2, 42, 22, 41, 49, 38, 57, 29, 5, 23, 31, 45, 50, 43, 53, 10, 52, 59, 19, 30, 58, 60, 55, 20, 39, 18, 34, 1]
-- AnKeVa60-1 result
--------------------------------------------
HostNestNum = 15, P_a = 0.25
--------------------------------------------
-- 2019-02-18 19:10 result data
OFV: 1478482.0	/ CPU: 561.942 seconds 	/ department sequence: [1, 34, 18, 39, 20, 55, 58, 60, 30, 19, 59, 52, 10, 53, 50, 43, 37, 31, 45, 23, 5, 38, 29, 9, 41, 49, 22, 17, 14, 26, 2, 8, 42, 33, 32, 4, 35, 13, 16, 36, 44, 47, 57, 12, 7, 46, 54, 51, 6, 25, 40, 3, 21, 15, 24, 56, 28, 48, 11, 27]
OFV: 1484016.0	/ CPU: 759.199 seconds 	/ department sequence: [1, 56, 39, 20, 60, 30, 58, 19, 52, 10, 50, 53, 43, 37, 31, 45, 57, 5, 23, 38, 29, 41, 49, 22, 14, 33, 2, 42, 26, 17, 32, 8, 4, 35, 16, 13, 44, 36, 9, 47, 7, 12, 51, 46, 54, 6, 25, 40, 3, 59, 15, 55, 21, 24, 28, 18, 48, 34, 27, 11]
OFV: 1491343.0	/ CPU: 335.592 seconds 	/ department sequence: [1, 18, 39, 20, 24, 60, 58, 30, 19, 52, 10, 50, 53, 45, 31, 23, 5, 57, 38, 47, 9, 29, 41, 49, 14, 22, 42, 2, 33, 17, 26, 32, 8, 4, 35, 13, 16, 36, 44, 43, 12, 7, 46, 54, 51, 6, 37, 25, 40, 3, 59, 21, 55, 15, 56, 28, 11, 34, 27, 48]
OFV: 1482122.0	/ CPU: 569.717 seconds 	/ department sequence: [1, 56, 39, 20, 60, 58, 30, 19, 52, 59, 10, 53, 43, 37, 50, 45, 31, 23, 5, 38, 47, 41, 29, 22, 49, 14, 2, 17, 26, 8, 33, 42, 4, 32, 35, 13, 16, 44, 36, 9, 57, 7, 12, 51, 46, 54, 6, 25, 40, 3, 15, 21, 55, 24, 18, 28, 48, 34, 11, 27]
OFV: 1481549.0	/ CPU: 679.258 seconds 	/ department sequence: [1, 34, 18, 39, 20, 60, 58, 30, 19, 52, 59, 10, 50, 46, 53, 43, 45, 31, 23, 29, 5, 38, 47, 35, 41, 22, 14, 17, 42, 2, 26, 33, 8, 32, 4, 49, 13, 16, 44, 9, 36, 57, 7, 54, 12, 51, 6, 37, 25, 40, 3, 21, 55, 15, 24, 28, 56, 11, 48, 27]
OFV: 1480479.0	/ CPU: 1487.634 seconds 	/ department sequence: [27, 11, 48, 28, 56, 24, 15, 55, 21, 3, 40, 25, 37, 51, 6, 54, 12, 7, 57, 9, 47, 36, 16, 13, 35, 4, 32, 8, 26, 14, 33, 17, 2, 22, 42, 49, 41, 44, 29, 38, 5, 23, 45, 31, 50, 43, 46, 53, 10, 59, 52, 19, 58, 30, 60, 20, 39, 18, 34, 1]
OFV: 1484023.0	/ CPU: 328.460 seconds 	/ department sequence: [27, 11, 34, 48, 18, 28, 24, 21, 55, 15, 59, 3, 40, 25, 54, 6, 46, 7, 51, 12, 47, 44, 36, 16, 13, 35, 32, 4, 26, 17, 33, 8, 2, 42, 14, 22, 49, 9, 29, 41, 38, 5, 23, 57, 45, 31, 37, 43, 50, 53, 10, 52, 19, 30, 58, 60, 20, 39, 56, 1]
OFV: 1485906.0	/ CPU: 1391.457 seconds 	/ department sequence: [11, 27, 34, 48, 28, 18, 24, 55, 15, 21, 3, 40, 25, 37, 51, 54, 6, 12, 7, 47, 36, 9, 44, 16, 13, 35, 4, 26, 8, 32, 17, 2, 33, 42, 14, 22, 41, 49, 38, 5, 29, 23, 57, 31, 45, 46, 43, 50, 53, 10, 59, 52, 58, 19, 30, 60, 20, 39, 56, 1]
OFV: 1480747.0	/ CPU: 790.601 seconds 	/ department sequence: [11, 48, 27, 56, 28, 24, 15, 55, 21, 3, 40, 25, 37, 51, 6, 7, 54, 12, 57, 47, 36, 16, 35, 13, 4, 26, 8, 32, 33, 17, 2, 22, 41, 42, 14, 49, 44, 9, 38, 5, 29, 23, 31, 45, 43, 46, 53, 50, 10, 59, 52, 58, 19, 30, 60, 20, 39, 18, 34, 1]
OFV: 1523173.0	/ CPU: 827.504 seconds 	/ department sequence: [48, 18, 56, 39, 24, 55, 59, 3, 52, 40, 37, 53, 43, 51, 7, 45, 31, 47, 23, 44, 49, 22, 4, 26, 8, 2, 14, 32, 33, 17, 16, 29, 13, 35, 41, 42, 36, 38, 5, 9, 57, 12, 54, 6, 50, 46, 25, 10, 30, 19, 58, 60, 15, 21, 20, 28, 34, 11, 27, 1]
-- AnKeVa60-1 result
--------------------------------------------
HostNestNum = 15, P_a = 0.25
--------------------------------------------
-- 2020-03-24 22:18 result data
OFV: 1481353.0	/ CPU: 75.688 seconds 	/ department sequence: [27, 48, 34, 11, 28, 56, 24, 15, 21, 59, 3, 40, 25, 6, 54, 46, 51, 7, 12, 47, 9, 36, 44, 16, 13, 35, 4, 32, 33, 8, 26, 17, 2, 42, 14, 22, 49, 41, 29, 38, 5, 57, 23, 45, 31, 43, 37, 50, 53, 10, 52, 30, 19, 58, 60, 55, 20, 39, 18, 1]
OFV: 1484109.0	/ CPU: 58.571 seconds 	/ department sequence: [1, 56, 39, 20, 60, 30, 58, 19, 52, 10, 50, 53, 37, 43, 51, 45, 31, 23, 5, 38, 29, 49, 41, 44, 22, 14, 17, 2, 8, 26, 33, 32, 4, 42, 13, 35, 16, 36, 47, 9, 57, 7, 12, 46, 6, 54, 25, 40, 3, 59, 15, 21, 55, 24, 28, 18, 11, 34, 48, 27]
OFV: 1484127.0	/ CPU: 56.057 seconds 	/ department sequence: [27, 11, 48, 56, 28, 24, 15, 21, 59, 3, 40, 25, 6, 46, 54, 51, 7, 12, 44, 9, 5, 36, 16, 13, 35, 4, 32, 26, 8, 17, 33, 2, 42, 14, 22, 49, 41, 47, 29, 38, 57, 23, 45, 31, 43, 37, 50, 53, 10, 52, 19, 30, 58, 60, 55, 20, 39, 18, 34, 1]
OFV: 1482549.0	/ CPU: 50.718 seconds 	/ department sequence: [27, 11, 48, 56, 28, 24, 15, 21, 3, 40, 25, 51, 6, 54, 7, 12, 57, 47, 36, 5, 38, 16, 13, 35, 4, 32, 26, 8, 2, 17, 33, 14, 22, 42, 41, 49, 44, 29, 9, 23, 45, 31, 46, 43, 37, 50, 53, 10, 52, 59, 19, 30, 58, 60, 55, 20, 39, 18, 34, 1]
OFV: 1482171.0	/ CPU: 48.671 seconds 	/ department sequence: [27, 11, 48, 56, 28, 24, 15, 55, 21, 3, 40, 25, 37, 51, 6, 54, 7, 12, 57, 9, 23, 36, 16, 35, 4, 13, 32, 33, 26, 8, 17, 2, 14, 42, 22, 49, 41, 44, 47, 29, 38, 5, 31, 45, 43, 46, 50, 53, 10, 59, 52, 19, 30, 58, 60, 20, 39, 18, 34, 1]
OFV: 1485961.0	/ CPU: 43.281 seconds 	/ department sequence: [11, 48, 34, 27, 28, 18, 24, 55, 21, 15, 59, 3, 40, 25, 54, 6, 46, 12, 7, 57, 9, 36, 5, 16, 13, 35, 42, 4, 32, 26, 8, 33, 2, 17, 44, 14, 22, 49, 41, 29, 38, 47, 23, 31, 45, 51, 43, 37, 53, 50, 10, 52, 19, 58, 30, 60, 20, 39, 56, 1]
OFV: 1485055.0	/ CPU: 43.832 seconds 	/ department sequence: [27, 48, 34, 11, 28, 56, 24, 15, 21, 59, 3, 40, 25, 6, 54, 46, 51, 7, 12, 43, 45, 44, 36, 16, 42, 13, 35, 4, 33, 32, 8, 26, 17, 2, 22, 29, 14, 49, 41, 47, 9, 38, 5, 57, 23, 31, 37, 53, 50, 10, 52, 30, 19, 58, 60, 55, 20, 39, 18, 1]
OFV: 1480374.0	/ CPU: 50.623 seconds 	/ department sequence: [1, 34, 18, 39, 20, 55, 60, 58, 30, 19, 59, 52, 10, 53, 50, 37, 43, 31, 45, 23, 38, 47, 9, 41, 49, 42, 14, 22, 17, 2, 26, 8, 33, 32, 4, 29, 35, 16, 13, 44, 36, 5, 12, 57, 7, 54, 46, 6, 51, 25, 40, 3, 21, 15, 24, 28, 56, 48, 11, 27]
OFV: 1479277.0	/ CPU: 44.711 seconds 	/ department sequence: [27, 11, 48, 56, 28, 24, 15, 55, 21, 3, 40, 25, 37, 51, 6, 54, 7, 12, 57, 9, 44, 36, 16, 13, 35, 4, 32, 33, 8, 26, 2, 17, 42, 14, 22, 49, 41, 47, 38, 29, 5, 23, 31, 45, 43, 46, 50, 53, 10, 59, 52, 19, 30, 58, 60, 20, 39, 18, 34, 1]
OFV: 1478178.0	/ CPU: 43.536 seconds 	/ department sequence: [27, 11, 48, 56, 28, 24, 15, 21, 3, 40, 25, 6, 51, 46, 54, 7, 57, 12, 47, 9, 36, 16, 35, 13, 4, 33, 32, 26, 8, 17, 2, 42, 14, 22, 44, 49, 41, 29, 38, 5, 23, 45, 31, 43, 37, 50, 53, 10, 52, 59, 19, 30, 58, 60, 55, 20, 39, 18, 34, 1]
-- AnKeVa60-1 result
--------------------------------------------
HostNestNum = 15, P_a = 0.25
--------------------------------------------
-- 2020-03-26 18:03 result data
OFV: 1484713.0	/ CPU: 33.481 seconds 	/ department sequence: [27, 48, 34, 11, 28, 18, 24, 55, 21, 15, 59, 3, 40, 25, 6, 54, 46, 12, 51, 7, 9, 44, 36, 16, 13, 42, 4, 35, 33, 8, 26, 32, 17, 2, 49, 14, 22, 29, 47, 41, 23, 38, 5, 57, 45, 31, 43, 37, 50, 53, 10, 52, 58, 19, 30, 60, 20, 39, 56, 1]
OFV: 1485798.0	/ CPU: 48.061 seconds 	/ department sequence: [27, 48, 34, 11, 28, 18, 55, 15, 21, 59, 3, 40, 25, 46, 6, 54, 51, 12, 7, 57, 47, 36, 44, 16, 13, 42, 35, 32, 33, 8, 26, 17, 2, 4, 14, 22, 49, 41, 29, 9, 38, 5, 23, 31, 45, 43, 37, 50, 53, 10, 52, 19, 58, 60, 30, 24, 20, 39, 56, 1]
OFV: 1479638.0	/ CPU: 33.608 seconds 	/ department sequence: [27, 11, 48, 56, 28, 24, 15, 21, 3, 40, 25, 51, 6, 46, 54, 7, 57, 12, 9, 5, 36, 44, 16, 13, 35, 4, 32, 33, 8, 17, 2, 26, 42, 14, 22, 49, 41, 47, 29, 38, 23, 45, 31, 43, 37, 50, 53, 10, 52, 59, 19, 30, 58, 60, 55, 20, 39, 18, 34, 1]
OFV: 1479666.0	/ CPU: 35.782 seconds 	/ department sequence: [27, 11, 48, 56, 28, 24, 15, 55, 21, 3, 40, 25, 37, 51, 6, 54, 7, 12, 57, 9, 47, 36, 16, 35, 13, 4, 32, 26, 8, 33, 2, 17, 14, 42, 22, 41, 49, 44, 38, 29, 5, 23, 31, 45, 43, 46, 50, 53, 10, 59, 52, 19, 30, 58, 60, 20, 39, 18, 34, 1]
OFV: 1484290.0	/ CPU: 34.901 seconds 	/ department sequence: [27, 48, 34, 11, 28, 18, 24, 55, 21, 15, 3, 40, 25, 6, 54, 51, 46, 7, 12, 9, 47, 36, 38, 16, 13, 35, 4, 32, 33, 26, 8, 17, 2, 42, 22, 14, 44, 41, 49, 29, 5, 57, 23, 31, 45, 43, 37, 50, 53, 10, 59, 52, 19, 58, 30, 60, 20, 39, 56, 1]
OFV: 1479549.0	/ CPU: 39.458 seconds 	/ department sequence: [27, 48, 34, 11, 28, 56, 24, 15, 21, 3, 40, 25, 51, 6, 54, 46, 7, 12, 57, 9, 44, 36, 16, 13, 35, 4, 42, 32, 33, 17, 8, 26, 2, 14, 22, 49, 41, 47, 29, 38, 5, 45, 23, 31, 43, 37, 50, 53, 10, 59, 52, 30, 19, 58, 60, 55, 20, 39, 18, 1]
OFV: 1477840.0	/ CPU: 36.597 seconds 	/ department sequence: [1, 34, 18, 39, 20, 55, 60, 58, 30, 19, 59, 52, 10, 53, 50, 37, 43, 31, 45, 23, 5, 38, 29, 9, 41, 49, 22, 14, 42, 17, 2, 26, 8, 33, 32, 4, 35, 13, 16, 44, 36, 47, 12, 57, 7, 54, 46, 51, 6, 25, 40, 3, 21, 15, 24, 28, 56, 48, 11, 27]
OFV: 1479234.0	/ CPU: 41.660 seconds 	/ department sequence: [1, 34, 18, 39, 20, 60, 58, 30, 19, 52, 59, 10, 53, 50, 46, 43, 45, 31, 23, 5, 29, 38, 47, 41, 22, 49, 42, 14, 2, 17, 33, 26, 8, 32, 4, 35, 13, 16, 36, 44, 9, 57, 12, 7, 54, 6, 51, 37, 25, 40, 3, 21, 55, 15, 24, 28, 56, 48, 11, 27]
OFV: 1480853.0	/ CPU: 36.557 seconds 	/ department sequence: [1, 34, 18, 39, 20, 60, 58, 30, 19, 52, 59, 10, 53, 50, 37, 43, 31, 45, 23, 5, 29, 38, 41, 47, 49, 22, 14, 42, 2, 17, 26, 8, 33, 32, 4, 35, 13, 16, 36, 44, 9, 12, 57, 7, 46, 54, 51, 6, 25, 40, 3, 21, 55, 15, 24, 28, 56, 48, 11, 27]
OFV: 1479662.0	/ CPU: 33.818 seconds 	/ department sequence: [27, 34, 48, 11, 28, 56, 24, 15, 21, 3, 40, 25, 51, 6, 54, 46, 7, 12, 57, 9, 44, 36, 16, 13, 35, 42, 4, 32, 33, 8, 26, 17, 2, 14, 22, 49, 41, 47, 29, 38, 5, 23, 45, 31, 43, 50, 37, 53, 10, 52, 59, 30, 19, 58, 60, 55, 20, 39, 18, 1]
-- AnKeVa60-1 result
--------------------------------------------
HostNestNum = 15, P_a = 0.25
--------------------------------------------
-- 2020-03-26 19:03 result data
OFV: 1479234.0	/ CPU: 54.719 seconds 	/ department sequence: [1, 34, 18, 39, 20, 60, 58, 30, 19, 52, 59, 10, 53, 50, 46, 43, 45, 31, 23, 5, 29, 38, 47, 41, 22, 49, 42, 14, 2, 17, 33, 26, 8, 32, 4, 35, 13, 16, 36, 44, 9, 57, 12, 7, 54, 6, 51, 37, 25, 40, 3, 21, 55, 15, 24, 28, 56, 48, 11, 27]
-- AnKeVa60-1 result
--------------------------------------------
HostNestNum = 15, P_a = 0.25
--------------------------------------------
-- 2020-03-26 20:09 result data
-- AnKeVa60-1 result
--------------------------------------------
HostNestNum = 15, P_a = 0.25
--------------------------------------------
-- 2020-03-26 20:17 result data
-- AnKeVa60-1 result
--------------------------------------------
HostNestNum = 15, P_a = 0.25
--------------------------------------------
-- 2020-03-26 20:18 result data
OFV: 1477834.0	/ CPU: 31.076 seconds 	/ department sequence: [1, 34, 18, 39, 20, 55, 60, 58, 30, 19, 59, 52, 10, 53, 50, 37, 43, 31, 45, 23, 5, 38, 29, 41, 49, 22, 42, 14, 17, 2, 26, 8, 33, 32, 4, 35, 13, 44, 16, 36, 9, 47, 12, 57, 7, 54, 46, 6, 51, 25, 40, 3, 21, 15, 24, 28, 56, 48, 11, 27]
-- AnKeVa60-1 result
--------------------------------------------
HostNestNum = 15, P_a = 0.25
--------------------------------------------
-- 2020-03-26 20:33 result data
OFV: 1478202.0	/ CPU: 25.503 seconds 	/ department sequence: [1, 34, 18, 39, 20, 55, 60, 58, 30, 19, 59, 52, 10, 53, 50, 37, 43, 31, 45, 23, 5, 38, 29, 41, 49, 44, 22, 14, 42, 2, 17, 8, 26, 32, 33, 4, 35, 13, 16, 36, 9, 47, 12, 57, 7, 54, 46, 51, 6, 25, 40, 3, 21, 15, 24, 28, 56, 48, 11, 27]
OFV: 1477834.0	/ CPU: 34.836 seconds 	/ department sequence: [27, 11, 48, 56, 28, 24, 15, 21, 3, 40, 25, 6, 51, 46, 54, 7, 57, 12, 47, 9, 36, 44, 16, 13, 35, 4, 32, 33, 8, 26, 2, 17, 14, 42, 22, 49, 41, 29, 38, 5, 23, 45, 31, 43, 37, 50, 53, 10, 52, 59, 19, 30, 58, 60, 55, 20, 39, 18, 34, 1]
OFV: 1477840.0	/ CPU: 49.629 seconds 	/ department sequence: [27, 11, 48, 56, 28, 24, 15, 21, 3, 40, 25, 51, 6, 46, 54, 7, 57, 12, 47, 36, 44, 16, 13, 35, 4, 32, 33, 8, 26, 2, 17, 42, 14, 22, 49, 41, 9, 29, 38, 5, 23, 45, 31, 43, 37, 50, 53, 10, 52, 59, 19, 30, 58, 60, 55, 20, 39, 18, 34, 1]
OFV: 1477863.0	/ CPU: 56.314 seconds 	/ department sequence: [1, 34, 18, 39, 20, 55, 60, 58, 30, 19, 52, 59, 10, 53, 50, 37, 43, 31, 45, 23, 5, 38, 29, 9, 41, 49, 22, 14, 42, 17, 2, 26, 8, 33, 32, 4, 35, 13, 16, 44, 36, 47, 12, 57, 7, 54, 46, 51, 6, 25, 40, 3, 21, 15, 24, 28, 56, 48, 11, 27]
-- AnKeVa60-1 result
--------------------------------------------
HostNestNum = 15, P_a = 0.25
--------------------------------------------
-- 2020-03-26 20:41 result data
