-- AnKeVa60-1 result
--------------------------------------------
HostNestNum = 10, P_a = 0.1
--------------------------------------------
-- 2019-01-11 17:25 result data
OFV: 1812346.0	/ CPU: 92.400 seconds 	/ department sequence: [1, 56, 37, 52, 59, 43, 21, 15, 34, 60, 39, 48, 49, 54, 50, 14, 10, 29, 35, 6, 36, 12, 17, 45, 46, 41, 57, 26, 32, 42, 30, 2, 16, 4, 33, 31, 23, 44, 9, 27, 8, 13, 22, 5, 7, 55, 53, 40, 58, 47, 51, 25, 38, 3, 28, 19, 20, 18, 24, 11]
OFV: 1881096.0	/ CPU: 50.645 seconds 	/ department sequence: [28, 53, 58, 39, 44, 56, 40, 34, 48, 41, 21, 27, 51, 42, 43, 20, 30, 19, 29, 36, 45, 31, 35, 37, 22, 55, 57, 13, 33, 24, 32, 23, 50, 46, 49, 16, 52, 8, 2, 4, 9, 14, 17, 12, 26, 7, 6, 38, 5, 15, 47, 60, 54, 25, 3, 18, 10, 11, 59, 1]
OFV: 1828451.0	/ CPU: 73.404 seconds 	/ department sequence: [11, 10, 60, 47, 56, 34, 48, 3, 50, 45, 36, 40, 57, 12, 55, 29, 18, 6, 5, 17, 31, 7, 22, 9, 8, 13, 16, 30, 2, 33, 44, 26, 4, 43, 38, 32, 19, 14, 25, 23, 52, 54, 51, 49, 42, 46, 35, 24, 53, 37, 58, 59, 21, 27, 28, 15, 20, 39, 41, 1]
OFV: 1833863.0	/ CPU: 25.807 seconds 	/ department sequence: [56, 27, 41, 53, 60, 55, 34, 20, 39, 57, 48, 30, 24, 15, 23, 9, 19, 29, 45, 26, 14, 51, 12, 58, 46, 44, 59, 17, 13, 7, 8, 47, 32, 2, 22, 4, 16, 36, 31, 37, 54, 49, 35, 43, 33, 5, 6, 3, 18, 28, 42, 21, 38, 52, 50, 10, 11, 25, 40, 1]
OFV: 1835940.0	/ CPU: 75.419 seconds 	/ department sequence: [1, 3, 25, 47, 38, 52, 54, 44, 56, 24, 21, 6, 57, 33, 40, 36, 16, 7, 12, 23, 13, 43, 53, 4, 35, 2, 14, 9, 8, 22, 41, 32, 50, 15, 51, 49, 26, 17, 45, 29, 5, 10, 31, 55, 59, 39, 28, 48, 42, 60, 46, 34, 20, 18, 11, 37, 30, 19, 27, 58]
OFV: 1812928.0	/ CPU: 35.305 seconds 	/ department sequence: [56, 48, 15, 40, 52, 36, 39, 20, 51, 58, 55, 25, 60, 49, 27, 6, 7, 26, 37, 4, 32, 35, 13, 50, 12, 23, 47, 41, 38, 59, 14, 2, 22, 17, 16, 21, 44, 31, 46, 33, 8, 54, 9, 5, 45, 19, 42, 43, 29, 57, 3, 34, 11, 10, 18, 24, 28, 30, 53, 1]
OFV: 1761007.0	/ CPU: 95.212 seconds 	/ department sequence: [11, 51, 50, 40, 56, 34, 53, 22, 21, 59, 55, 30, 44, 60, 31, 49, 38, 25, 26, 17, 54, 23, 47, 37, 2, 33, 8, 14, 16, 4, 41, 35, 32, 9, 43, 13, 57, 36, 5, 7, 10, 12, 58, 6, 29, 46, 45, 3, 18, 24, 48, 19, 15, 52, 42, 39, 27, 28, 20, 1]
OFV: 1851421.0	/ CPU: 79.513 seconds 	/ department sequence: [1, 38, 20, 55, 45, 30, 23, 24, 60, 36, 48, 43, 18, 21, 58, 51, 9, 5, 6, 29, 49, 26, 13, 33, 59, 17, 25, 31, 42, 16, 4, 2, 22, 52, 44, 8, 7, 37, 28, 14, 47, 46, 53, 40, 32, 12, 41, 10, 57, 50, 15, 35, 19, 3, 56, 39, 34, 27, 54, 11]
OFV: 1777328.0	/ CPU: 90.150 seconds 	/ department sequence: [1, 48, 18, 34, 22, 27, 57, 52, 55, 28, 3, 40, 37, 60, 5, 38, 17, 42, 47, 53, 6, 7, 16, 13, 35, 4, 26, 2, 8, 14, 49, 31, 36, 29, 51, 54, 9, 58, 12, 25, 33, 24, 23, 32, 15, 41, 50, 44, 45, 10, 43, 30, 59, 21, 19, 39, 20, 11, 56, 46]
OFV: 1824988.0	/ CPU: 55.659 seconds 	/ department sequence: [1, 48, 15, 11, 3, 47, 53, 59, 43, 36, 24, 57, 10, 7, 55, 29, 12, 52, 28, 42, 22, 46, 35, 26, 40, 41, 49, 27, 4, 8, 2, 17, 16, 31, 9, 32, 14, 33, 13, 6, 38, 23, 5, 19, 58, 50, 37, 56, 54, 45, 60, 44, 25, 21, 18, 34, 30, 20, 51, 39]
-- AnKeVa60-1 result
--------------------------------------------
HostNestNum = 10, P_a = 0.1
--------------------------------------------
-- 2019-01-31 20:36 result data
OFV: 1549811.0	/ CPU: 32.066 seconds 	/ department sequence: [1, 48, 34, 11, 18, 55, 24, 21, 30, 19, 3, 52, 10, 43, 12, 57, 23, 9, 54, 47, 7, 44, 35, 49, 26, 32, 2, 33, 8, 4, 16, 14, 13, 17, 41, 42, 22, 36, 29, 38, 31, 5, 50, 45, 6, 37, 51, 46, 53, 40, 25, 59, 58, 60, 15, 28, 20, 39, 56, 27]
OFV: 1490057.0	/ CPU: 41.621 seconds 	/ department sequence: [1, 34, 18, 39, 20, 55, 30, 59, 60, 19, 58, 52, 50, 10, 37, 43, 23, 31, 38, 5, 45, 9, 49, 4, 42, 14, 22, 33, 41, 17, 2, 8, 13, 32, 26, 29, 44, 35, 12, 16, 36, 47, 57, 46, 53, 7, 54, 51, 6, 40, 25, 3, 21, 15, 24, 56, 48, 28, 11, 27]
OFV: 1479509.0	/ CPU: 114.887 seconds 	/ department sequence: [1, 18, 39, 20, 55, 60, 58, 19, 30, 59, 52, 10, 37, 50, 53, 43, 45, 23, 31, 5, 9, 38, 29, 49, 41, 22, 42, 14, 17, 2, 8, 26, 33, 4, 13, 32, 35, 44, 16, 36, 47, 12, 57, 7, 46, 54, 51, 6, 25, 40, 3, 15, 21, 24, 56, 48, 28, 11, 34, 27]
OFV: 1503150.0	/ CPU: 42.448 seconds 	/ department sequence: [1, 39, 56, 20, 24, 30, 19, 52, 10, 53, 43, 37, 50, 45, 31, 57, 5, 23, 9, 44, 29, 35, 22, 4, 26, 14, 17, 2, 8, 32, 33, 41, 13, 49, 16, 42, 38, 36, 47, 51, 7, 54, 6, 12, 46, 40, 25, 3, 59, 21, 58, 60, 15, 55, 18, 48, 28, 34, 27, 11]
OFV: 1528994.0	/ CPU: 33.874 seconds 	/ department sequence: [34, 48, 11, 18, 56, 24, 55, 21, 59, 10, 37, 43, 51, 57, 7, 12, 6, 23, 31, 9, 44, 49, 8, 33, 4, 32, 17, 16, 26, 22, 14, 2, 13, 42, 36, 35, 54, 29, 41, 47, 45, 38, 5, 40, 25, 46, 50, 53, 3, 52, 30, 19, 58, 60, 15, 20, 39, 28, 27, 1]
OFV: 1483575.0	/ CPU: 32.895 seconds 	/ department sequence: [1, 34, 18, 39, 20, 60, 30, 58, 19, 52, 10, 59, 46, 53, 50, 37, 45, 43, 31, 29, 38, 23, 47, 41, 22, 49, 2, 14, 33, 42, 8, 26, 17, 32, 4, 35, 9, 36, 16, 13, 44, 5, 12, 57, 7, 54, 51, 6, 25, 40, 3, 21, 55, 15, 24, 56, 28, 11, 48, 27]
OFV: 1491833.0	/ CPU: 47.879 seconds 	/ department sequence: [48, 27, 34, 11, 28, 18, 55, 24, 21, 15, 59, 3, 40, 25, 46, 6, 54, 12, 7, 43, 45, 44, 36, 38, 29, 16, 42, 13, 4, 35, 26, 8, 33, 32, 17, 2, 41, 14, 22, 49, 47, 9, 57, 5, 23, 31, 51, 50, 53, 37, 10, 52, 19, 58, 30, 60, 20, 56, 39, 1]
OFV: 1506568.0	/ CPU: 31.569 seconds 	/ department sequence: [11, 27, 28, 48, 56, 39, 21, 24, 59, 3, 40, 25, 53, 6, 51, 54, 43, 7, 44, 47, 36, 49, 16, 41, 8, 4, 32, 13, 33, 26, 2, 17, 42, 14, 22, 35, 29, 45, 12, 38, 5, 57, 9, 23, 31, 46, 50, 37, 10, 52, 19, 15, 30, 58, 60, 55, 20, 34, 18, 1]
OFV: 1488349.0	/ CPU: 73.198 seconds 	/ department sequence: [1, 39, 56, 20, 60, 58, 30, 19, 59, 52, 10, 53, 37, 50, 43, 31, 23, 45, 51, 5, 38, 49, 41, 17, 42, 14, 4, 33, 2, 8, 26, 13, 32, 22, 35, 16, 47, 29, 36, 44, 9, 57, 12, 7, 46, 6, 54, 25, 40, 3, 15, 21, 55, 24, 18, 27, 28, 34, 48, 11]
OFV: 1498675.0	/ CPU: 36.025 seconds 	/ department sequence: [1, 18, 39, 20, 60, 55, 19, 58, 30, 15, 52, 10, 53, 43, 31, 57, 50, 5, 23, 38, 36, 22, 49, 41, 42, 29, 14, 13, 4, 32, 2, 8, 33, 17, 35, 26, 16, 47, 44, 45, 9, 7, 12, 46, 51, 54, 6, 37, 25, 40, 3, 59, 21, 24, 28, 56, 48, 27, 11, 34]
-- AnKeVa60-1 result
--------------------------------------------
HostNestNum = 10, P_a = 0.1
--------------------------------------------
-- 2019-02-12 23:09 result data
OFV: 1516696.0	/ CPU: 765.650 seconds 	/ department sequence: [1, 34, 48, 27, 28, 20, 15, 60, 58, 30, 19, 21, 3, 25, 46, 40, 51, 54, 6, 12, 47, 23, 9, 36, 41, 42, 50, 16, 35, 13, 4, 32, 22, 26, 14, 2, 8, 17, 33, 49, 44, 38, 29, 7, 5, 31, 45, 57, 43, 53, 37, 10, 52, 59, 55, 24, 39, 56, 18, 11]
-- AnKeVa60-1 result
--------------------------------------------
HostNestNum = 10, P_a = 0.1
--------------------------------------------
-- 2019-02-13 16:40 result data
OFV: 1484599.0	/ CPU: 1121.764 seconds 	/ department sequence: [27, 11, 34, 48, 18, 28, 24, 55, 15, 21, 59, 3, 40, 25, 54, 6, 46, 51, 7, 12, 44, 36, 9, 16, 13, 42, 4, 35, 33, 32, 17, 26, 8, 2, 49, 29, 22, 14, 41, 47, 38, 5, 23, 57, 31, 45, 37, 43, 53, 50, 10, 52, 19, 30, 58, 60, 20, 39, 56, 1]
