-- AnKeVa60-1 result
--------------------------------------------
HostNestNum = 45, P_a = 0.2
--------------------------------------------
-- 2019-02-13 22:11 result data
OFV: 1482549.0	/ CPU: 2459.607 seconds 	/ department sequence: [1, 56, 39, 20, 60, 30, 58, 19, 52, 59, 10, 53, 50, 43, 37, 45, 31, 57, 23, 29, 5, 38, 49, 41, 14, 22, 33, 2, 17, 8, 26, 32, 4, 42, 35, 13, 16, 44, 36, 47, 9, 12, 7, 51, 46, 54, 6, 25, 40, 3, 15, 21, 55, 24, 28, 18, 11, 48, 34, 27]
-- AnKeVa60-1 result
--------------------------------------------
HostNestNum = 45, P_a = 0.2
--------------------------------------------
-- 2020-03-24 23:03 result data
OFV: 1479807.0	/ CPU: 131.841 seconds 	/ department sequence: [27, 11, 48, 56, 28, 24, 15, 55, 21, 3, 40, 25, 37, 51, 6, 54, 7, 12, 57, 44, 36, 16, 35, 13, 4, 42, 33, 32, 8, 26, 2, 17, 14, 22, 49, 41, 47, 9, 38, 29, 5, 23, 31, 45, 43, 46, 50, 53, 10, 59, 52, 19, 30, 58, 60, 20, 39, 18, 34, 1]
OFV: 1482386.0	/ CPU: 124.767 seconds 	/ department sequence: [1, 34, 18, 39, 20, 55, 60, 58, 30, 19, 59, 52, 10, 53, 50, 31, 23, 45, 57, 5, 38, 29, 47, 41, 49, 22, 14, 42, 2, 17, 26, 33, 8, 32, 4, 35, 13, 16, 44, 36, 9, 12, 43, 7, 54, 46, 6, 51, 37, 25, 40, 3, 21, 15, 24, 56, 28, 48, 11, 27]
OFV: 1477840.0	/ CPU: 196.025 seconds 	/ department sequence: [1, 34, 18, 39, 20, 55, 60, 58, 30, 19, 59, 52, 10, 53, 50, 37, 43, 31, 45, 23, 5, 38, 29, 9, 41, 49, 22, 14, 42, 17, 2, 26, 8, 33, 32, 4, 35, 13, 16, 44, 36, 47, 12, 57, 7, 54, 46, 6, 51, 25, 40, 3, 21, 15, 24, 28, 56, 48, 11, 27]
OFV: 1480522.0	/ CPU: 153.192 seconds 	/ department sequence: [1, 34, 18, 39, 20, 55, 60, 58, 30, 19, 59, 52, 10, 53, 50, 46, 43, 45, 31, 23, 5, 38, 29, 9, 44, 41, 42, 22, 14, 17, 2, 8, 26, 33, 32, 4, 49, 13, 35, 16, 36, 47, 57, 12, 7, 54, 6, 51, 37, 25, 40, 3, 21, 15, 24, 28, 56, 48, 11, 27]
OFV: 1479666.0	/ CPU: 133.224 seconds 	/ department sequence: [27, 11, 48, 56, 28, 24, 15, 55, 21, 3, 40, 25, 37, 51, 6, 54, 7, 12, 57, 9, 47, 36, 16, 35, 13, 4, 32, 26, 8, 33, 2, 17, 14, 42, 22, 41, 49, 44, 38, 29, 5, 23, 31, 45, 43, 46, 50, 53, 10, 59, 52, 19, 30, 58, 60, 20, 39, 18, 34, 1]
OFV: 1477840.0	/ CPU: 153.128 seconds 	/ department sequence: [1, 34, 18, 39, 20, 55, 60, 58, 30, 19, 59, 52, 10, 53, 50, 37, 43, 31, 45, 23, 5, 38, 29, 9, 41, 49, 22, 14, 42, 17, 2, 26, 8, 33, 32, 4, 35, 13, 16, 44, 36, 47, 12, 57, 7, 54, 46, 6, 51, 25, 40, 3, 21, 15, 24, 28, 56, 48, 11, 27]
OFV: 1479971.0	/ CPU: 134.442 seconds 	/ department sequence: [1, 34, 18, 39, 20, 60, 58, 30, 19, 52, 59, 10, 53, 50, 46, 37, 43, 31, 45, 23, 29, 38, 5, 41, 49, 22, 42, 14, 17, 2, 26, 8, 33, 32, 4, 35, 13, 16, 36, 44, 9, 47, 57, 12, 7, 54, 51, 6, 25, 40, 3, 21, 55, 15, 24, 56, 28, 48, 11, 27]
OFV: 1481303.0	/ CPU: 127.968 seconds 	/ department sequence: [1, 56, 39, 20, 60, 30, 58, 19, 52, 59, 10, 53, 50, 37, 43, 45, 31, 23, 5, 38, 29, 9, 49, 41, 22, 14, 42, 17, 2, 26, 8, 33, 32, 4, 35, 13, 16, 44, 36, 47, 57, 12, 7, 46, 51, 54, 6, 25, 40, 3, 15, 21, 55, 24, 18, 28, 11, 34, 48, 27]
OFV: 1478388.0	/ CPU: 192.738 seconds 	/ department sequence: [1, 34, 18, 39, 20, 55, 60, 58, 30, 19, 59, 52, 10, 53, 50, 37, 43, 31, 45, 23, 5, 38, 41, 29, 49, 44, 22, 14, 2, 17, 8, 26, 42, 33, 32, 4, 13, 35, 16, 36, 9, 47, 12, 57, 7, 46, 54, 51, 6, 25, 40, 3, 21, 15, 24, 28, 56, 48, 11, 27]
OFV: 1479776.0	/ CPU: 216.984 seconds 	/ department sequence: [27, 11, 48, 56, 28, 24, 15, 55, 21, 3, 40, 25, 37, 51, 6, 54, 7, 12, 57, 44, 36, 16, 35, 13, 4, 26, 32, 8, 33, 2, 17, 42, 14, 22, 49, 41, 9, 47, 38, 29, 5, 23, 31, 45, 43, 46, 50, 53, 10, 59, 52, 19, 30, 58, 60, 20, 39, 18, 34, 1]
-- AnKeVa60-1 result
--------------------------------------------
HostNestNum = 45, P_a = 0.2
--------------------------------------------
-- 2020-03-26 19:11 result data
-- AnKeVa60-1 result
--------------------------------------------
HostNestNum = 45, P_a = 0.2
--------------------------------------------
-- 2020-03-26 20:21 result data
OFV: 1478178.0	/ CPU: 153.755 seconds 	/ department sequence: [1, 34, 18, 39, 20, 55, 60, 58, 30, 19, 59, 52, 10, 53, 50, 37, 43, 31, 45, 23, 5, 38, 29, 41, 49, 44, 22, 14, 42, 2, 17, 8, 26, 32, 33, 4, 13, 35, 16, 36, 9, 47, 12, 57, 7, 54, 46, 6, 51, 25, 40, 3, 21, 15, 24, 28, 56, 48, 11, 27]
