-- Small10-8 result
--------------------------------------------
HostNestNum = 5, P_a = 0.0
--------------------------------------------
-- 2020-06-10 16:38 result data
OFV: 529.0	/ CPU: 2.197 seconds 	/ department sequence: [3, 9, 1, 7, 10, 5, 6, 4, 8, 2]
OFV: 533.5	/ CPU: 1.226 seconds 	/ department sequence: [9, 1, 3, 7, 10, 5, 4, 6, 8, 2]
OFV: 529.0	/ CPU: 1.274 seconds 	/ department sequence: [3, 9, 1, 7, 10, 5, 6, 4, 8, 2]
OFV: 529.0	/ CPU: 1.692 seconds 	/ department sequence: [8, 2, 6, 4, 10, 5, 7, 1, 3, 9]
OFV: 529.0	/ CPU: 1.243 seconds 	/ department sequence: [3, 9, 1, 7, 10, 5, 6, 4, 8, 2]
OFV: 529.0	/ CPU: 1.786 seconds 	/ department sequence: [3, 9, 1, 7, 10, 5, 6, 4, 8, 2]
OFV: 529.0	/ CPU: 1.317 seconds 	/ department sequence: [8, 2, 6, 4, 10, 5, 7, 1, 3, 9]
OFV: 533.5	/ CPU: 1.561 seconds 	/ department sequence: [1, 9, 3, 7, 10, 5, 4, 6, 8, 2]
OFV: 529.0	/ CPU: 1.132 seconds 	/ department sequence: [3, 9, 1, 7, 10, 5, 6, 4, 8, 2]
OFV: 529.0	/ CPU: 1.326 seconds 	/ department sequence: [8, 2, 6, 4, 10, 5, 7, 1, 3, 9]
-- Small10-8 result
--------------------------------------------
HostNestNum = 5, P_a = 0.0
--------------------------------------------
-- 2020-06-10 22:05 result data
OFV: 529.0	/ CPU: 4.023 seconds 	/ department sequence: [8, 2, 6, 4, 10, 5, 7, 1, 3, 9]
-- Small10-8 result
--------------------------------------------
HostNestNum = 5, P_a = 0.0
--------------------------------------------
-- 2020-06-10 22:05 result data
OFV: 529.0	/ CPU: 3.710 seconds 	/ department sequence: [8, 2, 6, 4, 10, 5, 7, 1, 3, 9]
OFV: 529.0	/ CPU: 2.008 seconds 	/ department sequence: [8, 2, 6, 4, 10, 5, 7, 1, 3, 9]
OFV: 529.0	/ CPU: 2.383 seconds 	/ department sequence: [8, 2, 6, 4, 10, 5, 7, 1, 3, 9]
OFV: 529.0	/ CPU: 1.905 seconds 	/ department sequence: [8, 2, 6, 4, 10, 5, 7, 1, 3, 9]
OFV: 529.0	/ CPU: 2.209 seconds 	/ department sequence: [2, 8, 6, 4, 10, 5, 1, 7, 9, 3]
OFV: 529.0	/ CPU: 1.852 seconds 	/ department sequence: [8, 2, 6, 4, 10, 5, 7, 1, 3, 9]
OFV: 529.0	/ CPU: 1.759 seconds 	/ department sequence: [9, 3, 1, 7, 10, 5, 6, 4, 2, 8]
OFV: 529.0	/ CPU: 2.432 seconds 	/ department sequence: [3, 9, 1, 7, 10, 5, 6, 4, 8, 2]
OFV: 529.0	/ CPU: 2.323 seconds 	/ department sequence: [3, 9, 1, 7, 10, 5, 6, 4, 8, 2]
OFV: 529.0	/ CPU: 1.887 seconds 	/ department sequence: [3, 9, 1, 7, 10, 5, 6, 4, 8, 2]
