The single-row facility layout problem(SRFLP) with Cuckoo Search Algorithm(CS)

Summary of computational results with the fixed_alpha parameter set

================================================================================
Problem	Nest Number	Pa		Best OFV	CPU Time(second)
The single-row facility layout problem(SRFLP) with Cuckoo Search Algorithm(CS)

Summary of computational results with the fixed_alpha parameter set

================================================================================
Problem	Nest Number	Pa		Best OFV	CPU Time(second)
The single-row facility layout problem(SRFLP) with Cuckoo Search Algorithm(CS)

Summary of computational results with the fixed_alpha parameter set

================================================================================
Problem	Nest Number	Pa		Best OFV	CPU Time(second)
-- 2020-06-10 17:37 result data
Am15		5			0.25		5563.5		2.624
-- 2020-06-10 17:37 result data
Am15		5			0.0		3655.5		1.301
-- 2020-06-10 17:37 result data
Am15		5			0.0		3832.5		1.852
-- 2020-06-10 17:37 result data
Am15		5			0.0		906.5		1.114
-- 2020-06-10 17:37 result data
Am15		5			0.0		578.0		1.146
-- 2020-06-10 17:37 result data
Am15		5			0.0		825.5		1.157
-- 2020-06-10 17:37 result data
Am15		5			0.0		1493.0		1.419
-- 2020-06-10 17:37 result data
Am15		5			0.0		1606.5		1.431
-- 2020-06-10 17:37 result data
Am15		5			0.0		2012.5		1.589
-- 2020-06-10 17:37 result data
Am15		5			0.0		1107.0		1.231
-- 2020-06-10 17:37 result data
Am15		5			0.0		1066.0		1.115
-- 2020-06-10 17:37 result data
Am15		5			0.0		997.5		1.199
-- 2020-06-10 17:37 result data
Am15		5			0.0		2456.5		1.942
-- 2020-06-10 17:37 result data
Am15		5			0.0		2864.0		1.195
-- 2020-06-10 17:37 result data
Am15		5			0.0		4136.0		2.033
-- 2020-06-10 17:37 result data
Am15		5			0.0		6164.5		1.122
-- 2020-06-10 17:37 result data
Am15		5			0.0		6187.0		1.322
-- 2020-06-10 17:37 result data
Am15		5			0.0		7699.5		1.163
-- 2020-06-10 17:37 result data
Am15		5			0.0		2738.5		1.332
-- 2020-06-10 17:37 result data
Am15		5			0.0		2904.0		1.774
-- 2020-06-10 17:37 result data
Am15		5			0.0		2736.0		1.398
-- 2020-06-10 17:37 result data
Am15		5			0.0		3195.0		1.37
The single-row facility layout problem(SRFLP) with Cuckoo Search Algorithm(CS)

Summary of computational results with the fixed_alpha parameter set

================================================================================
Problem	Nest Number	Pa		Best OFV	CPU Time(second)
The single-row facility layout problem(SRFLP) with Cuckoo Search Algorithm(CS)

Summary of computational results with the fixed_alpha parameter set

================================================================================
Problem	Nest Number	Pa		Best OFV	CPU Time(second)
-- 2020-06-10 23:15 result data
Am12a		5			0.0		1493.0		1.708
The single-row facility layout problem(SRFLP) with Cuckoo Search Algorithm(CS)

Summary of computational results with the fixed_alpha parameter set

================================================================================
Problem	Nest Number	Pa		Best OFV	CPU Time(second)
The single-row facility layout problem(SRFLP) with Cuckoo Search Algorithm(CS)

Summary of computational results with the fixed_alpha parameter set

================================================================================
Problem	Nest Number	Pa		Best OFV	CPU Time(second)
-- 2020-06-11 01:16 result data
Am12b		5			0.0		1606.5		1.526
The single-row facility layout problem(SRFLP) with Cuckoo Search Algorithm(CS)

Summary of computational results with the fixed_alpha parameter set

================================================================================
Problem	Nest Number	Pa		Best OFV	CPU Time(second)
-- 2020-06-11 01:24 result data
Am12c		5			0.0		2012.5		2.106
The single-row facility layout problem(SRFLP) with Cuckoo Search Algorithm(CS)

Summary of computational results with the fixed_alpha parameter set

================================================================================
Problem	Nest Number	Pa		Best OFV	CPU Time(second)
The single-row facility layout problem(SRFLP) with Cuckoo Search Algorithm(CS)

Summary of computational results with the fixed_alpha parameter set

================================================================================
Problem	Nest Number	Pa		Best OFV	CPU Time(second)
The single-row facility layout problem(SRFLP) with Cuckoo Search Algorithm(CS)

Summary of computational results with the fixed_alpha parameter set

================================================================================
Problem	Nest Number	Pa		Best OFV	CPU Time(second)
The single-row facility layout problem(SRFLP) with Cuckoo Search Algorithm(CS)

Summary of computational results with the fixed_alpha parameter set

================================================================================
Problem	Nest Number	Pa		Best OFV	CPU Time(second)
-- 2020-06-11 01:51 result data
Am13f		5			0.0		7699.5		1.249
The single-row facility layout problem(SRFLP) with Cuckoo Search Algorithm(CS)

Summary of computational results with the fixed_alpha parameter set

================================================================================
Problem	Nest Number	Pa		Best OFV	CPU Time(second)
The single-row facility layout problem(SRFLP) with Cuckoo Search Algorithm(CS)

Summary of computational results with the fixed_alpha parameter set

================================================================================
Problem	Nest Number	Pa		Best OFV	CPU Time(second)
The single-row facility layout problem(SRFLP) with Cuckoo Search Algorithm(CS)

Summary of computational results with the fixed_alpha parameter set

================================================================================
Problem	Nest Number	Pa		Best OFV	CPU Time(second)
The single-row facility layout problem(SRFLP) with Cuckoo Search Algorithm(CS)

Summary of computational results with the fixed_alpha parameter set

================================================================================
Problem	Nest Number	Pa		Best OFV	CPU Time(second)
The single-row facility layout problem(SRFLP) with Cuckoo Search Algorithm(CS)

Summary of computational results with the fixed_alpha parameter set

================================================================================
Problem	Nest Number	Pa		Best OFV	CPU Time(second)
The single-row facility layout problem(SRFLP) with Cuckoo Search Algorithm(CS)

Summary of computational results with the fixed_alpha parameter set

================================================================================
Problem	Nest Number	Pa		Best OFV	CPU Time(second)
