-- HA14 result
--------------------------------------------
HostNestNum = 5, P_a = 0.25
--------------------------------------------
-- 2020-06-10 02:09 result data
OFV: 1833.5	/ CPU: 6.596 seconds 	/ department sequence: [13, 1, 10, 8, 4, 7, 3, 6, 12, 5, 11, 2, 14, 9]
OFV: 1833.5	/ CPU: 7.125 seconds 	/ department sequence: [1, 13, 10, 8, 7, 4, 3, 6, 12, 5, 11, 2, 14, 9]
OFV: 1833.5	/ CPU: 9.372 seconds 	/ department sequence: [14, 9, 2, 12, 11, 5, 3, 6, 4, 7, 8, 10, 1, 13]
OFV: 1833.5	/ CPU: 10.877 seconds 	/ department sequence: [14, 9, 2, 12, 11, 5, 3, 6, 4, 7, 8, 10, 1, 13]
OFV: 1835.5	/ CPU: 5.856 seconds 	/ department sequence: [9, 14, 12, 2, 11, 6, 5, 4, 3, 10, 7, 8, 13, 1]
OFV: 1833.5	/ CPU: 5.568 seconds 	/ department sequence: [13, 1, 10, 8, 4, 7, 3, 6, 12, 5, 11, 2, 14, 9]
OFV: 1881.0	/ CPU: 7.811 seconds 	/ department sequence: [9, 13, 1, 8, 6, 5, 3, 4, 11, 7, 10, 12, 2, 14]
OFV: 1833.5	/ CPU: 5.491 seconds 	/ department sequence: [13, 1, 10, 8, 4, 7, 3, 6, 12, 5, 11, 2, 14, 9]
OFV: 1833.5	/ CPU: 5.919 seconds 	/ department sequence: [14, 9, 2, 12, 11, 5, 3, 6, 4, 7, 8, 10, 1, 13]
OFV: 1833.5	/ CPU: 6.238 seconds 	/ department sequence: [13, 1, 10, 8, 4, 7, 3, 6, 12, 5, 11, 2, 14, 9]
-- HA14 result
--------------------------------------------
HostNestNum = 5, P_a = 0.25
--------------------------------------------
-- 2020-06-10 02:10 result data
OFV: 1865.0	/ CPU: 9.110 seconds 	/ department sequence: [1, 9, 13, 8, 6, 4, 3, 11, 5, 12, 7, 10, 2, 14]
OFV: 1833.5	/ CPU: 6.260 seconds 	/ department sequence: [14, 9, 2, 12, 11, 5, 3, 6, 4, 7, 8, 10, 1, 13]
OFV: 1833.5	/ CPU: 5.656 seconds 	/ department sequence: [1, 13, 10, 8, 7, 4, 3, 6, 12, 5, 11, 2, 14, 9]
OFV: 1833.5	/ CPU: 7.247 seconds 	/ department sequence: [1, 13, 10, 8, 7, 4, 3, 6, 12, 5, 11, 2, 14, 9]
OFV: 1833.5	/ CPU: 6.551 seconds 	/ department sequence: [13, 1, 10, 8, 4, 7, 3, 6, 12, 5, 11, 2, 14, 9]
OFV: 1841.0	/ CPU: 6.566 seconds 	/ department sequence: [14, 1, 2, 6, 12, 11, 5, 3, 4, 10, 7, 8, 13, 9]
OFV: 1833.5	/ CPU: 5.583 seconds 	/ department sequence: [1, 13, 10, 8, 7, 4, 3, 6, 12, 5, 11, 2, 14, 9]
OFV: 1833.5	/ CPU: 6.581 seconds 	/ department sequence: [1, 13, 10, 8, 7, 4, 3, 6, 12, 5, 11, 2, 14, 9]
OFV: 1833.5	/ CPU: 7.132 seconds 	/ department sequence: [13, 1, 10, 8, 4, 7, 3, 6, 12, 5, 11, 2, 14, 9]
OFV: 1833.5	/ CPU: 7.511 seconds 	/ department sequence: [1, 13, 10, 8, 7, 4, 3, 6, 12, 5, 11, 2, 14, 9]
-- HA14 result
--------------------------------------------
HostNestNum = 5, P_a = 0.25
--------------------------------------------
-- 2020-06-10 02:11 result data
OFV: 1861.0	/ CPU: 8.174 seconds 	/ department sequence: [14, 2, 12, 10, 11, 7, 4, 6, 3, 5, 8, 13, 1, 9]
OFV: 1835.5	/ CPU: 8.267 seconds 	/ department sequence: [9, 14, 12, 2, 11, 6, 5, 4, 3, 10, 7, 8, 13, 1]
OFV: 1861.0	/ CPU: 9.409 seconds 	/ department sequence: [14, 2, 12, 10, 11, 7, 4, 5, 3, 6, 8, 13, 1, 9]
OFV: 1833.5	/ CPU: 15.092 seconds 	/ department sequence: [1, 13, 10, 8, 7, 4, 3, 6, 12, 5, 11, 2, 14, 9]
OFV: 1835.5	/ CPU: 9.665 seconds 	/ department sequence: [9, 14, 12, 2, 11, 6, 5, 4, 3, 10, 7, 8, 13, 1]
OFV: 1835.5	/ CPU: 8.120 seconds 	/ department sequence: [9, 14, 12, 2, 11, 6, 5, 4, 3, 10, 7, 8, 13, 1]
OFV: 1833.5	/ CPU: 8.066 seconds 	/ department sequence: [1, 13, 10, 8, 7, 4, 3, 6, 12, 5, 11, 2, 14, 9]
OFV: 1833.5	/ CPU: 8.960 seconds 	/ department sequence: [13, 1, 10, 8, 4, 7, 3, 6, 12, 5, 11, 2, 14, 9]
OFV: 1835.5	/ CPU: 9.657 seconds 	/ department sequence: [9, 14, 12, 2, 11, 6, 5, 4, 3, 10, 7, 8, 13, 1]
OFV: 1833.5	/ CPU: 7.596 seconds 	/ department sequence: [1, 13, 10, 8, 7, 4, 3, 6, 12, 5, 11, 2, 14, 9]
-- HA14 result
--------------------------------------------
HostNestNum = 5, P_a = 0.25
--------------------------------------------
-- 2020-06-10 02:13 result data
OFV: 1841.0	/ CPU: 10.419 seconds 	/ department sequence: [14, 1, 2, 6, 12, 11, 5, 3, 4, 7, 10, 8, 9, 13]
OFV: 1833.5	/ CPU: 10.863 seconds 	/ department sequence: [14, 9, 2, 12, 11, 5, 3, 6, 4, 7, 8, 10, 1, 13]
OFV: 1833.5	/ CPU: 8.012 seconds 	/ department sequence: [14, 9, 2, 12, 11, 5, 3, 6, 4, 7, 8, 10, 1, 13]
OFV: 1833.5	/ CPU: 7.969 seconds 	/ department sequence: [14, 9, 2, 12, 11, 5, 3, 6, 4, 7, 8, 10, 1, 13]
OFV: 1833.5	/ CPU: 12.523 seconds 	/ department sequence: [14, 9, 2, 12, 11, 5, 3, 6, 4, 7, 8, 10, 1, 13]
OFV: 1833.5	/ CPU: 9.707 seconds 	/ department sequence: [14, 9, 2, 12, 11, 5, 3, 6, 4, 7, 8, 10, 1, 13]
OFV: 1833.5	/ CPU: 7.841 seconds 	/ department sequence: [1, 13, 10, 8, 7, 4, 3, 6, 12, 5, 11, 2, 14, 9]
OFV: 1833.5	/ CPU: 7.840 seconds 	/ department sequence: [1, 13, 10, 8, 7, 4, 3, 6, 12, 5, 11, 2, 14, 9]
OFV: 1833.5	/ CPU: 8.668 seconds 	/ department sequence: [13, 1, 10, 8, 4, 7, 3, 6, 12, 5, 11, 2, 14, 9]
OFV: 1833.5	/ CPU: 7.814 seconds 	/ department sequence: [1, 13, 10, 8, 7, 4, 3, 6, 12, 5, 11, 2, 14, 9]
-- HA14 result
--------------------------------------------
HostNestNum = 5, P_a = 0.25
--------------------------------------------
-- 2020-06-10 22:50 result data
OFV: 1833.5	/ CPU: 3.804 seconds 	/ department sequence: [1, 13, 10, 8, 7, 4, 3, 6, 12, 5, 11, 2, 14, 9]
OFV: 1835.5	/ CPU: 7.188 seconds 	/ department sequence: [14, 9, 12, 2, 11, 5, 6, 3, 4, 10, 7, 8, 13, 1]
OFV: 1833.5	/ CPU: 7.127 seconds 	/ department sequence: [14, 9, 2, 12, 11, 5, 3, 6, 4, 7, 8, 10, 1, 13]
OFV: 1833.5	/ CPU: 4.805 seconds 	/ department sequence: [13, 1, 10, 8, 4, 7, 3, 6, 12, 5, 11, 2, 14, 9]
OFV: 1833.5	/ CPU: 4.043 seconds 	/ department sequence: [13, 1, 10, 8, 4, 7, 3, 6, 12, 5, 11, 2, 14, 9]
OFV: 1841.0	/ CPU: 5.746 seconds 	/ department sequence: [9, 13, 8, 10, 7, 3, 4, 5, 12, 11, 6, 1, 2, 14]
OFV: 1833.5	/ CPU: 2.548 seconds 	/ department sequence: [1, 13, 10, 8, 7, 4, 3, 6, 12, 5, 11, 2, 14, 9]
OFV: 1833.5	/ CPU: 3.115 seconds 	/ department sequence: [1, 13, 10, 8, 7, 4, 3, 6, 12, 5, 11, 2, 14, 9]
OFV: 1833.5	/ CPU: 6.198 seconds 	/ department sequence: [1, 13, 10, 8, 7, 4, 3, 6, 12, 5, 11, 2, 14, 9]
OFV: 1833.5	/ CPU: 3.066 seconds 	/ department sequence: [1, 13, 10, 8, 7, 4, 3, 6, 12, 5, 11, 2, 14, 9]
-- HA14 result
--------------------------------------------
HostNestNum = 5, P_a = 0.25
--------------------------------------------
-- 2020-06-10 22:51 result data
OFV: 1833.5	/ CPU: 3.862 seconds 	/ department sequence: [1, 13, 10, 8, 7, 4, 3, 6, 12, 5, 11, 2, 14, 9]
OFV: 1833.5	/ CPU: 3.978 seconds 	/ department sequence: [1, 13, 10, 8, 7, 4, 3, 6, 12, 5, 11, 2, 14, 9]
OFV: 1833.5	/ CPU: 2.738 seconds 	/ department sequence: [1, 13, 10, 8, 7, 4, 3, 6, 12, 5, 11, 2, 14, 9]
OFV: 1833.5	/ CPU: 2.731 seconds 	/ department sequence: [13, 1, 10, 8, 4, 7, 3, 6, 12, 5, 11, 2, 14, 9]
OFV: 1833.5	/ CPU: 3.912 seconds 	/ department sequence: [14, 9, 2, 12, 11, 5, 3, 6, 4, 7, 8, 10, 1, 13]
OFV: 1833.5	/ CPU: 2.709 seconds 	/ department sequence: [1, 13, 10, 8, 7, 4, 3, 6, 12, 5, 11, 2, 14, 9]
OFV: 1833.5	/ CPU: 4.032 seconds 	/ department sequence: [1, 13, 10, 8, 7, 4, 3, 6, 12, 5, 11, 2, 14, 9]
OFV: 1835.5	/ CPU: 4.595 seconds 	/ department sequence: [14, 9, 12, 2, 11, 5, 6, 3, 4, 10, 7, 8, 13, 1]
OFV: 1833.5	/ CPU: 2.485 seconds 	/ department sequence: [1, 13, 10, 8, 7, 4, 3, 6, 12, 5, 11, 2, 14, 9]
OFV: 1885.0	/ CPU: 3.060 seconds 	/ department sequence: [13, 1, 9, 8, 6, 3, 5, 7, 4, 10, 11, 12, 14, 2]
-- HA14 result
--------------------------------------------
HostNestNum = 5, P_a = 0.25
--------------------------------------------
-- 2020-06-10 22:52 result data
OFV: 1833.5	/ CPU: 6.098 seconds 	/ department sequence: [1, 13, 10, 8, 7, 4, 3, 6, 12, 5, 11, 2, 14, 9]
OFV: 1833.5	/ CPU: 5.241 seconds 	/ department sequence: [1, 13, 10, 8, 7, 4, 3, 6, 12, 5, 11, 2, 14, 9]
OFV: 1833.5	/ CPU: 7.639 seconds 	/ department sequence: [14, 9, 2, 12, 11, 5, 3, 6, 4, 7, 8, 10, 1, 13]
OFV: 1833.5	/ CPU: 4.845 seconds 	/ department sequence: [1, 13, 10, 8, 7, 4, 3, 6, 12, 5, 11, 2, 14, 9]
OFV: 1833.5	/ CPU: 5.157 seconds 	/ department sequence: [1, 13, 10, 8, 7, 4, 3, 6, 12, 5, 11, 2, 14, 9]
OFV: 1833.5	/ CPU: 4.850 seconds 	/ department sequence: [1, 13, 10, 8, 7, 4, 3, 6, 12, 5, 11, 2, 14, 9]
OFV: 1835.5	/ CPU: 7.447 seconds 	/ department sequence: [9, 14, 12, 2, 11, 6, 5, 4, 3, 10, 7, 8, 13, 1]
OFV: 1833.5	/ CPU: 4.066 seconds 	/ department sequence: [1, 13, 10, 8, 7, 4, 3, 6, 12, 5, 11, 2, 14, 9]
OFV: 1833.5	/ CPU: 7.646 seconds 	/ department sequence: [13, 1, 10, 8, 4, 7, 3, 6, 12, 5, 11, 2, 14, 9]
OFV: 1835.5	/ CPU: 4.857 seconds 	/ department sequence: [9, 14, 12, 2, 11, 6, 5, 4, 3, 10, 7, 8, 13, 1]
-- HA14 result
--------------------------------------------
HostNestNum = 5, P_a = 0.25
--------------------------------------------
-- 2020-06-10 22:53 result data
OFV: 1833.5	/ CPU: 6.828 seconds 	/ department sequence: [1, 13, 10, 8, 7, 4, 3, 6, 12, 5, 11, 2, 14, 9]
OFV: 1833.5	/ CPU: 11.158 seconds 	/ department sequence: [13, 1, 10, 8, 4, 7, 3, 6, 12, 5, 11, 2, 14, 9]
OFV: 1833.5	/ CPU: 6.308 seconds 	/ department sequence: [13, 1, 10, 8, 4, 7, 3, 6, 12, 5, 11, 2, 14, 9]
OFV: 1841.0	/ CPU: 4.966 seconds 	/ department sequence: [13, 9, 8, 10, 7, 3, 4, 12, 5, 11, 6, 1, 2, 14]
OFV: 1833.5	/ CPU: 4.777 seconds 	/ department sequence: [1, 13, 10, 8, 7, 4, 3, 6, 12, 5, 11, 2, 14, 9]
OFV: 1833.5	/ CPU: 6.306 seconds 	/ department sequence: [1, 13, 10, 8, 7, 4, 3, 6, 12, 5, 11, 2, 14, 9]
OFV: 1833.5	/ CPU: 5.590 seconds 	/ department sequence: [1, 13, 10, 8, 7, 4, 3, 6, 12, 5, 11, 2, 14, 9]
OFV: 1833.5	/ CPU: 8.254 seconds 	/ department sequence: [1, 13, 10, 8, 7, 4, 3, 6, 12, 5, 11, 2, 14, 9]
OFV: 1833.5	/ CPU: 5.162 seconds 	/ department sequence: [1, 13, 10, 8, 7, 4, 3, 6, 12, 5, 11, 2, 14, 9]
OFV: 1833.5	/ CPU: 5.428 seconds 	/ department sequence: [13, 1, 10, 8, 4, 7, 3, 6, 12, 5, 11, 2, 14, 9]
