-- Small09-10 result
--------------------------------------------
HostNestNum = 5, P_a = 0.25
--------------------------------------------
-- 2020-06-10 14:43 result data
OFV: 1073.5	/ CPU: 2.050 seconds 	/ department sequence: [6, 3, 4, 5, 9, 1, 2, 7, 8]
OFV: 1073.5	/ CPU: 2.316 seconds 	/ department sequence: [3, 5, 6, 4, 9, 1, 2, 7, 8]
OFV: 1073.5	/ CPU: 2.205 seconds 	/ department sequence: [5, 3, 4, 6, 9, 1, 2, 7, 8]
OFV: 1073.5	/ CPU: 1.999 seconds 	/ department sequence: [5, 3, 4, 6, 9, 1, 2, 7, 8]
OFV: 1073.5	/ CPU: 2.649 seconds 	/ department sequence: [3, 5, 6, 4, 9, 1, 2, 7, 8]
OFV: 1073.5	/ CPU: 2.271 seconds 	/ department sequence: [3, 6, 5, 4, 9, 1, 2, 7, 8]
OFV: 1073.5	/ CPU: 2.127 seconds 	/ department sequence: [6, 3, 4, 5, 9, 1, 2, 7, 8]
OFV: 1073.5	/ CPU: 2.262 seconds 	/ department sequence: [3, 6, 5, 4, 9, 1, 2, 7, 8]
OFV: 1073.5	/ CPU: 2.420 seconds 	/ department sequence: [8, 7, 2, 9, 1, 4, 6, 5, 3]
OFV: 1073.5	/ CPU: 2.134 seconds 	/ department sequence: [7, 8, 2, 9, 1, 4, 6, 5, 3]
-- Small09-10 result
--------------------------------------------
HostNestNum = 5, P_a = 0.25
--------------------------------------------
-- 2020-06-10 14:43 result data
OFV: 1073.5	/ CPU: 2.162 seconds 	/ department sequence: [6, 3, 4, 5, 9, 1, 2, 7, 8]
OFV: 1073.5	/ CPU: 2.283 seconds 	/ department sequence: [3, 6, 5, 4, 9, 1, 2, 7, 8]
OFV: 1073.5	/ CPU: 2.593 seconds 	/ department sequence: [8, 7, 2, 9, 1, 4, 5, 6, 3]
OFV: 1073.5	/ CPU: 2.135 seconds 	/ department sequence: [3, 6, 5, 4, 9, 1, 2, 7, 8]
OFV: 1073.5	/ CPU: 2.485 seconds 	/ department sequence: [7, 8, 2, 9, 1, 4, 5, 6, 3]
OFV: 1073.5	/ CPU: 2.145 seconds 	/ department sequence: [3, 6, 5, 4, 9, 1, 2, 7, 8]
OFV: 1073.5	/ CPU: 2.399 seconds 	/ department sequence: [8, 7, 2, 9, 1, 4, 5, 6, 3]
OFV: 1073.5	/ CPU: 2.165 seconds 	/ department sequence: [5, 3, 4, 6, 9, 1, 2, 7, 8]
OFV: 1073.5	/ CPU: 2.275 seconds 	/ department sequence: [3, 5, 6, 4, 9, 1, 2, 7, 8]
OFV: 1073.5	/ CPU: 2.107 seconds 	/ department sequence: [6, 3, 4, 5, 9, 1, 2, 7, 8]
-- Small09-10 result
--------------------------------------------
HostNestNum = 5, P_a = 0.25
--------------------------------------------
-- 2020-06-10 14:43 result data
OFV: 1073.5	/ CPU: 3.063 seconds 	/ department sequence: [6, 3, 4, 5, 9, 1, 2, 7, 8]
OFV: 1073.5	/ CPU: 3.519 seconds 	/ department sequence: [3, 6, 5, 4, 9, 1, 2, 7, 8]
OFV: 1073.5	/ CPU: 3.082 seconds 	/ department sequence: [5, 3, 4, 6, 9, 1, 2, 7, 8]
OFV: 1073.5	/ CPU: 3.095 seconds 	/ department sequence: [6, 3, 4, 5, 9, 1, 2, 7, 8]
OFV: 1073.5	/ CPU: 3.442 seconds 	/ department sequence: [3, 6, 5, 4, 9, 1, 2, 7, 8]
OFV: 1073.5	/ CPU: 3.189 seconds 	/ department sequence: [3, 6, 5, 4, 9, 1, 2, 7, 8]
OFV: 1073.5	/ CPU: 3.415 seconds 	/ department sequence: [3, 5, 6, 4, 9, 1, 2, 7, 8]
OFV: 1073.5	/ CPU: 3.350 seconds 	/ department sequence: [3, 5, 6, 4, 9, 1, 2, 7, 8]
OFV: 1073.5	/ CPU: 3.534 seconds 	/ department sequence: [3, 5, 6, 4, 9, 1, 2, 7, 8]
OFV: 1073.5	/ CPU: 3.287 seconds 	/ department sequence: [3, 5, 6, 4, 9, 1, 2, 7, 8]
-- Small09-10 result
--------------------------------------------
HostNestNum = 5, P_a = 0.25
--------------------------------------------
-- 2020-06-10 14:44 result data
OFV: 1073.5	/ CPU: 4.391 seconds 	/ department sequence: [3, 6, 5, 4, 9, 1, 2, 7, 8]
OFV: 1073.5	/ CPU: 4.360 seconds 	/ department sequence: [3, 5, 6, 4, 9, 1, 2, 7, 8]
OFV: 1073.5	/ CPU: 4.165 seconds 	/ department sequence: [3, 5, 6, 4, 9, 1, 2, 7, 8]
OFV: 1073.5	/ CPU: 4.100 seconds 	/ department sequence: [7, 8, 2, 9, 1, 4, 6, 5, 3]
OFV: 1073.5	/ CPU: 4.059 seconds 	/ department sequence: [3, 5, 6, 4, 9, 1, 2, 7, 8]
OFV: 1073.5	/ CPU: 4.225 seconds 	/ department sequence: [6, 3, 4, 5, 9, 1, 2, 7, 8]
OFV: 1073.5	/ CPU: 4.612 seconds 	/ department sequence: [8, 7, 2, 9, 1, 4, 5, 6, 3]
OFV: 1073.5	/ CPU: 4.075 seconds 	/ department sequence: [5, 3, 4, 6, 9, 1, 2, 7, 8]
OFV: 1073.5	/ CPU: 4.455 seconds 	/ department sequence: [3, 5, 6, 4, 9, 1, 2, 7, 8]
OFV: 1073.5	/ CPU: 4.224 seconds 	/ department sequence: [6, 3, 4, 5, 9, 1, 2, 7, 8]
