-- HA5 result
--------------------------------------------
HostNestNum = 5, P_a = 0.0
--------------------------------------------
-- 2020-03-05 19:55 result data
OFV: 52.5	/ CPU: 4.787 seconds 	/ department sequence: [1, 7, 11, 6, 13, 10, 14, 12, 15, 9,| 4, 3, 5, 2, 8]	cutting order: 10
OFV: 52.5	/ CPU: 3.683 seconds 	/ department sequence: [10, 15, 6, 13, 1, 14, 11, 7, 9,| 2, 5, 3, 4, 12, 8]	cutting order: 9
OFV: 52.5	/ CPU: 3.622 seconds 	/ department sequence: [1, 9, 8, 6, 14, 15, 12, 10, 7, 13, 4, 3, 5, 2, 11]	cutting order: 10
OFV: 52.5	/ CPU: 3.707 seconds 	/ department sequence: [2, 5, 3, 4, 8, |14, 11, 7, 15, 1, 9, 6, 12, 10, 13]	cutting order: 5
OFV: 52.5	/ CPU: 3.900 seconds 	/ department sequence: [14, 1, 12, 10, 13, 9, 8, 11, 15, 6, 4, 3, 5, 2, 7]	cutting order: 9
OFV: 52.5	/ CPU: 3.535 seconds 	/ department sequence: [7, 2, 5, 3, 4, 13, 8, 14, 11, 6, 9, 10, 15, 1, 12]	cutting order: 8
OFV: 52.5	/ CPU: 3.963 seconds 	/ department sequence: [10, 9, 14, 7, 1, 6, 11, 15, 8, 13, 4, 3, 5, 2, 12]	cutting order: 6
OFV: 52.5	/ CPU: 3.707 seconds 	/ department sequence: [7, 1, 15, 8, 13, 6, 12, 10, 9, 11, 4, 3, 5, 2, 14]	cutting order: 9
OFV: 52.5	/ CPU: 3.476 seconds 	/ department sequence: [9, 11, 4, 3, 5, 2, 10, 8, 12, 14, 7, 1, 15, 13, 6]	cutting order: 9
OFV: 52.5	/ CPU: 3.804 seconds 	/ department sequence: [10, 11, 1,| 7, 9, 4, 3, 5, 2, 15, 8, 13, 12, 6, 14]	cutting order: 3
-- HA5 result
--------------------------------------------
HostNestNum = 5, P_a = 0.0
--------------------------------------------
-- 2020-03-06 13:21 result data
OFV: 52.5	/ CPU: 1.649 seconds 	/ department sequence: [1, 4, 3, 5, 2]	cutting order: 1
OFV: 52.5	/ CPU: 1.462 seconds 	/ department sequence: [4, 3, 5, 2, 1]	cutting order: 4
OFV: 52.5	/ CPU: 1.305 seconds 	/ department sequence: [4, 3, 5, 2, 1]	cutting order: 4
OFV: 52.5	/ CPU: 1.209 seconds 	/ department sequence: [4, 3, 5, 2, 1]	cutting order: 4
OFV: 52.5	/ CPU: 1.339 seconds 	/ department sequence: [4, 3, 5, 2, 1]	cutting order: 4
OFV: 52.5	/ CPU: 1.335 seconds 	/ department sequence: [4, 3, 5, 2, 1]	cutting order: 4
OFV: 52.5	/ CPU: 1.234 seconds 	/ department sequence: [4, 3, 5, 2, 1]	cutting order: 4
OFV: 52.5	/ CPU: 1.213 seconds 	/ department sequence: [4, 3, 5, 2, 1]	cutting order: 4
OFV: 52.5	/ CPU: 1.092 seconds 	/ department sequence: [4, 3, 5, 2, 1]	cutting order: 4
OFV: 52.5	/ CPU: 1.067 seconds 	/ department sequence: [1, 4, 3, 5, 2]	cutting order: 1
-- HA5 result
--------------------------------------------
HostNestNum = 5, P_a = 0.0
--------------------------------------------
-- 2020-03-07 20:32 result data
-- HA5 result
--------------------------------------------
HostNestNum = 5, P_a = 0.0
--------------------------------------------
-- 2020-03-07 20:33 result data
-- HA5 result
--------------------------------------------
HostNestNum = 5, P_a = 0.0
--------------------------------------------
-- 2020-03-07 20:42 result data
-- HA5 result
--------------------------------------------
HostNestNum = 5, P_a = 0.0
--------------------------------------------
-- 2020-03-07 20:45 result data
OFV: 52.5	/ CPU: 4.041 seconds 	/ department sequence: [1, 4, 3, 5, 2]	cutting order: 0
OFV: 52.5	/ CPU: 1.672 seconds 	/ department sequence: [1, 4, 3, 5, 2]	cutting order: 0
OFV: 52.5	/ CPU: 1.510 seconds 	/ department sequence: [1, 4, 3, 5, 2]	cutting order: 0
OFV: 52.5	/ CPU: 1.700 seconds 	/ department sequence: [4, 1, 3, 5, 2]	cutting order: 0
OFV: 52.5	/ CPU: 12.162 seconds 	/ department sequence: [4, 1, 3, 5, 2]	cutting order: 0
OFV: 52.5	/ CPU: 10.415 seconds 	/ department sequence: [4, 1, 3, 5, 2]	cutting order: 0
OFV: 52.5	/ CPU: 4.561 seconds 	/ department sequence: [4, 1, 3, 5, 2]	cutting order: 0
OFV: 52.5	/ CPU: 7.301 seconds 	/ department sequence: [4, 1, 3, 5, 2]	cutting order: 0
OFV: 52.5	/ CPU: 9.332 seconds 	/ department sequence: [1, 4, 3, 5, 2]	cutting order: 0
OFV: 52.5	/ CPU: 2.956 seconds 	/ department sequence: [4, 1, 3, 5, 2]	cutting order: 0
-- HA5 result
--------------------------------------------
HostNestNum = 5, P_a = 0.0
--------------------------------------------
-- 2020-06-09 16:56 result data
OFV: 52.5	/ CPU: 3.104 seconds 	/ department sequence: [1, 4, 3, 5, 2]
OFV: 52.5	/ CPU: 4.987 seconds 	/ department sequence: [1, 2, 5, 3, 4]
OFV: 52.5	/ CPU: 4.334 seconds 	/ department sequence: [1, 2, 5, 3, 4]
OFV: 52.5	/ CPU: 4.315 seconds 	/ department sequence: [1, 2, 5, 3, 4]
OFV: 52.5	/ CPU: 4.586 seconds 	/ department sequence: [1, 2, 5, 3, 4]
-- HA5 result
--------------------------------------------
HostNestNum = 5, P_a = 0.0
--------------------------------------------
-- 2020-06-09 17:17 result data
-- HA5 result
--------------------------------------------
HostNestNum = 5, P_a = 0.0
--------------------------------------------
-- 2020-06-09 17:19 result data
OFV: 52.5	/ CPU: 1.219 seconds 	/ department sequence: [1, 4, 3, 5, 2]
OFV: 52.5	/ CPU: 2.400 seconds 	/ department sequence: [2, 1, 5, 3, 4]
OFV: 52.5	/ CPU: 2.845 seconds 	/ department sequence: [1, 2, 5, 3, 4]
OFV: 52.5	/ CPU: 2.193 seconds 	/ department sequence: [2, 1, 5, 3, 4]
OFV: 52.5	/ CPU: 2.131 seconds 	/ department sequence: [1, 2, 5, 3, 4]
-- HA5 result
--------------------------------------------
HostNestNum = 5, P_a = 0.0
--------------------------------------------
-- 2020-06-09 17:19 result data
OFV: 52.5	/ CPU: 0.699 seconds 	/ department sequence: [1, 4, 3, 5, 2]
OFV: 52.5	/ CPU: 2.980 seconds 	/ department sequence: [1, 2, 5, 3, 4]
OFV: 52.5	/ CPU: 2.457 seconds 	/ department sequence: [2, 1, 5, 3, 4]
OFV: 52.5	/ CPU: 2.329 seconds 	/ department sequence: [1, 2, 5, 3, 4]
OFV: 52.5	/ CPU: 2.216 seconds 	/ department sequence: [4, 1, 3, 5, 2]
-- HA5 result
--------------------------------------------
HostNestNum = 5, P_a = 0.0
--------------------------------------------
-- 2020-06-09 17:19 result data
OFV: 52.5	/ CPU: 1.301 seconds 	/ department sequence: [4, 1, 3, 5, 2]
OFV: 52.5	/ CPU: 4.085 seconds 	/ department sequence: [1, 2, 5, 3, 4]
OFV: 52.5	/ CPU: 4.298 seconds 	/ department sequence: [2, 1, 5, 3, 4]
OFV: 52.5	/ CPU: 4.360 seconds 	/ department sequence: [1, 2, 5, 3, 4]
OFV: 52.5	/ CPU: 4.071 seconds 	/ department sequence: [1, 2, 5, 3, 4]
-- HA5 result
--------------------------------------------
HostNestNum = 5, P_a = 0.0
--------------------------------------------
-- 2020-06-09 17:19 result data
OFV: 52.5	/ CPU: 2.064 seconds 	/ department sequence: [4, 1, 3, 5, 2]
OFV: 52.5	/ CPU: 5.891 seconds 	/ department sequence: [1, 2, 5, 3, 4]
OFV: 52.5	/ CPU: 4.983 seconds 	/ department sequence: [1, 2, 5, 3, 4]
OFV: 52.5	/ CPU: 6.495 seconds 	/ department sequence: [1, 2, 5, 3, 4]
OFV: 52.5	/ CPU: 4.735 seconds 	/ department sequence: [1, 4, 3, 5, 2]
-- HA5 result
--------------------------------------------
HostNestNum = 5, P_a = 0.0
--------------------------------------------
-- 2020-06-09 18:30 result data
OFV: 52.5	/ CPU: 1.060 seconds 	/ department sequence: [1, 4, 3, 5, 2]
OFV: 52.5	/ CPU: 1.021 seconds 	/ department sequence: [4, 1, 3, 5, 2]
OFV: 52.5	/ CPU: 1.372 seconds 	/ department sequence: [1, 4, 3, 5, 2]
OFV: 52.5	/ CPU: 1.488 seconds 	/ department sequence: [1, 4, 3, 5, 2]
OFV: 52.5	/ CPU: 1.166 seconds 	/ department sequence: [4, 1, 3, 5, 2]
-- HA5 result
--------------------------------------------
HostNestNum = 5, P_a = 0.0
--------------------------------------------
-- 2020-06-09 18:49 result data
OFV: 52.5	/ CPU: 0.766 seconds 	/ department sequence: [4, 1, 3, 5, 2]
OFV: 52.5	/ CPU: 0.576 seconds 	/ department sequence: [1, 4, 3, 5, 2]
OFV: 52.5	/ CPU: 0.319 seconds 	/ department sequence: [4, 1, 3, 5, 2]
OFV: 52.5	/ CPU: 1.571 seconds 	/ department sequence: [4, 1, 3, 5, 2]
OFV: 66.5	/ CPU: 0.086 seconds 	/ department sequence: [2, 1, 5, 3, 4]
-- HA5 result
--------------------------------------------
HostNestNum = 5, P_a = 0.0
--------------------------------------------
-- 2020-06-09 19:06 result data
OFV: 52.5	/ CPU: 0.543 seconds 	/ department sequence: [4, 1, 3, 5, 2]
