-- HA5 result
--------------------------------------------
HostNestNum = 5, P_a = 0.25
--------------------------------------------
-- 2020-06-09 18:30 result data
OFV: 52.5	/ CPU: 0.432 seconds 	/ department sequence: [4, 1, 3, 5, 2]
OFV: 52.5	/ CPU: 1.072 seconds 	/ department sequence: [1, 4, 3, 5, 2]
OFV: 52.5	/ CPU: 1.230 seconds 	/ department sequence: [4, 1, 3, 5, 2]
OFV: 52.5	/ CPU: 1.268 seconds 	/ department sequence: [4, 1, 3, 5, 2]
OFV: 52.5	/ CPU: 1.085 seconds 	/ department sequence: [4, 1, 3, 5, 2]
-- HA5 result
--------------------------------------------
HostNestNum = 5, P_a = 0.25
--------------------------------------------
-- 2020-06-09 18:30 result data
OFV: 52.5	/ CPU: 0.407 seconds 	/ department sequence: [4, 1, 3, 5, 2]
OFV: 52.5	/ CPU: 1.191 seconds 	/ department sequence: [1, 4, 3, 5, 2]
OFV: 52.5	/ CPU: 0.986 seconds 	/ department sequence: [1, 4, 3, 5, 2]
OFV: 52.5	/ CPU: 1.158 seconds 	/ department sequence: [4, 1, 3, 5, 2]
OFV: 52.5	/ CPU: 1.259 seconds 	/ department sequence: [1, 4, 3, 5, 2]
-- HA5 result
--------------------------------------------
HostNestNum = 5, P_a = 0.25
--------------------------------------------
-- 2020-06-09 18:30 result data
OFV: 52.5	/ CPU: 0.473 seconds 	/ department sequence: [4, 1, 3, 5, 2]
OFV: 52.5	/ CPU: 1.129 seconds 	/ department sequence: [1, 4, 3, 5, 2]
OFV: 52.5	/ CPU: 1.185 seconds 	/ department sequence: [4, 1, 3, 5, 2]
OFV: 52.5	/ CPU: 1.298 seconds 	/ department sequence: [4, 1, 3, 5, 2]
OFV: 52.5	/ CPU: 1.183 seconds 	/ department sequence: [1, 4, 3, 5, 2]
-- HA5 result
--------------------------------------------
HostNestNum = 5, P_a = 0.25
--------------------------------------------
-- 2020-06-09 18:30 result data
OFV: 52.5	/ CPU: 0.395 seconds 	/ department sequence: [4, 1, 3, 5, 2]
OFV: 52.5	/ CPU: 1.106 seconds 	/ department sequence: [1, 4, 3, 5, 2]
OFV: 52.5	/ CPU: 1.196 seconds 	/ department sequence: [1, 4, 3, 5, 2]
OFV: 52.5	/ CPU: 1.076 seconds 	/ department sequence: [4, 1, 3, 5, 2]
OFV: 52.5	/ CPU: 1.272 seconds 	/ department sequence: [4, 1, 3, 5, 2]
-- HA5 result
--------------------------------------------
HostNestNum = 5, P_a = 0.25
--------------------------------------------
-- 2020-06-09 18:49 result data
OFV: 52.5	/ CPU: 0.518 seconds 	/ department sequence: [4, 1, 3, 5, 2]
OFV: 52.5	/ CPU: 0.371 seconds 	/ department sequence: [4, 1, 3, 5, 2]
OFV: 52.5	/ CPU: 0.436 seconds 	/ department sequence: [1, 4, 3, 5, 2]
OFV: 52.5	/ CPU: 0.346 seconds 	/ department sequence: [1, 4, 3, 5, 2]
OFV: 52.5	/ CPU: 0.326 seconds 	/ department sequence: [1, 4, 3, 5, 2]
-- HA5 result
--------------------------------------------
HostNestNum = 5, P_a = 0.25
--------------------------------------------
-- 2020-06-09 18:49 result data
OFV: 52.5	/ CPU: 0.361 seconds 	/ department sequence: [1, 4, 3, 5, 2]
OFV: 52.5	/ CPU: 0.407 seconds 	/ department sequence: [4, 1, 3, 5, 2]
OFV: 52.5	/ CPU: 0.403 seconds 	/ department sequence: [1, 4, 3, 5, 2]
OFV: 52.5	/ CPU: 0.295 seconds 	/ department sequence: [1, 4, 3, 5, 2]
OFV: 52.5	/ CPU: 0.378 seconds 	/ department sequence: [1, 4, 3, 5, 2]
-- HA5 result
--------------------------------------------
HostNestNum = 5, P_a = 0.25
--------------------------------------------
-- 2020-06-09 18:49 result data
OFV: 52.5	/ CPU: 0.428 seconds 	/ department sequence: [1, 4, 3, 5, 2]
OFV: 52.5	/ CPU: 0.488 seconds 	/ department sequence: [4, 1, 3, 5, 2]
OFV: 52.5	/ CPU: 0.417 seconds 	/ department sequence: [1, 4, 3, 5, 2]
OFV: 52.5	/ CPU: 0.435 seconds 	/ department sequence: [4, 1, 3, 5, 2]
OFV: 52.5	/ CPU: 0.397 seconds 	/ department sequence: [1, 4, 3, 5, 2]
-- HA5 result
--------------------------------------------
HostNestNum = 5, P_a = 0.25
--------------------------------------------
-- 2020-06-09 18:49 result data
OFV: 52.5	/ CPU: 0.507 seconds 	/ department sequence: [4, 1, 3, 5, 2]
OFV: 52.5	/ CPU: 0.500 seconds 	/ department sequence: [4, 1, 3, 5, 2]
OFV: 52.5	/ CPU: 0.392 seconds 	/ department sequence: [4, 1, 3, 5, 2]
OFV: 52.5	/ CPU: 0.549 seconds 	/ department sequence: [4, 1, 3, 5, 2]
OFV: 52.5	/ CPU: 0.486 seconds 	/ department sequence: [1, 4, 3, 5, 2]
-- HA5 result
--------------------------------------------
HostNestNum = 5, P_a = 0.25
--------------------------------------------
-- 2020-06-09 19:06 result data
OFV: 52.5	/ CPU: 0.380 seconds 	/ department sequence: [4, 1, 3, 5, 2]
-- HA5 result
--------------------------------------------
HostNestNum = 5, P_a = 0.25
--------------------------------------------
-- 2020-06-09 19:06 result data
OFV: 52.5	/ CPU: 0.401 seconds 	/ department sequence: [4, 1, 3, 5, 2]
-- HA5 result
--------------------------------------------
HostNestNum = 5, P_a = 0.25
--------------------------------------------
-- 2020-06-09 19:06 result data
OFV: 52.5	/ CPU: 0.643 seconds 	/ department sequence: [4, 1, 3, 5, 2]
-- HA5 result
--------------------------------------------
HostNestNum = 5, P_a = 0.25
--------------------------------------------
-- 2020-06-09 19:06 result data
OFV: 52.5	/ CPU: 0.623 seconds 	/ department sequence: [4, 1, 3, 5, 2]
