LW11 summary

-- 2019-01-08 09:34 result data
--------------------------------------------
HostNestNum = 5, P_a = 0.0
--------------------------------------------
Best OFV : 6933.5	CPU Time : 1.054 seconds (Processing time for the best solution)
Average OFV : 7110.300
Average CPU Time : 1.192
--------------------------------------------
HostNestNum = 5, P_a = 0.1
--------------------------------------------
Best OFV : 6933.5	CPU Time : 0.901 seconds (Processing time for the best solution)
Average OFV : 6944.301
Average CPU Time : 1.089
--------------------------------------------
HostNestNum = 5, P_a = 0.2
--------------------------------------------
Best OFV : 6933.5	CPU Time : 0.917 seconds (Processing time for the best solution)
Average OFV : 6944.300
Average CPU Time : 0.986
--------------------------------------------
HostNestNum = 5, P_a = 0.25
--------------------------------------------
Best OFV : 6933.5	CPU Time : 0.92 seconds (Processing time for the best solution)
Average OFV : 6944.300
Average CPU Time : 1.069
--------------------------------------------
HostNestNum = 5, P_a = 0.4
--------------------------------------------
Best OFV : 6933.5	CPU Time : 1.173 seconds (Processing time for the best solution)
Average OFV : 6944.300
Average CPU Time : 1.341
--------------------------------------------
HostNestNum = 5, P_a = 0.5
--------------------------------------------
Best OFV : 6933.5	CPU Time : 1.452 seconds (Processing time for the best solution)
Average OFV : 6933.500
Average CPU Time : 1.594
--------------------------------------------
HostNestNum = 10, P_a = 0.0
--------------------------------------------
Best OFV : 6933.5	CPU Time : 0.663 seconds (Processing time for the best solution)
Average OFV : 7066.300
Average CPU Time : 0.75
--------------------------------------------
HostNestNum = 10, P_a = 0.1
--------------------------------------------
Best OFV : 6933.5	CPU Time : 0.929 seconds (Processing time for the best solution)
Average OFV : 6933.500
Average CPU Time : 1.02
--------------------------------------------
HostNestNum = 10, P_a = 0.2
--------------------------------------------
Best OFV : 6933.5	CPU Time : 1.18 seconds (Processing time for the best solution)
Average OFV : 6955.101
Average CPU Time : 1.409
--------------------------------------------
HostNestNum = 10, P_a = 0.25
--------------------------------------------
Best OFV : 6933.5	CPU Time : 1.405 seconds (Processing time for the best solution)
Average OFV : 6933.500
Average CPU Time : 1.575
--------------------------------------------
HostNestNum = 10, P_a = 0.4
--------------------------------------------
Best OFV : 6933.5	CPU Time : 1.64 seconds (Processing time for the best solution)
Average OFV : 6944.300
Average CPU Time : 1.893
--------------------------------------------
HostNestNum = 10, P_a = 0.5
--------------------------------------------
Best OFV : 6933.5	CPU Time : 1.893 seconds (Processing time for the best solution)
Average OFV : 6933.500
Average CPU Time : 2.267
--------------------------------------------
HostNestNum = 11, P_a = 0.0
--------------------------------------------
Best OFV : 6933.5	CPU Time : 0.68 seconds (Processing time for the best solution)
Average OFV : 6933.500
Average CPU Time : 0.779
--------------------------------------------
HostNestNum = 11, P_a = 0.1
--------------------------------------------
Best OFV : 6933.5	CPU Time : 0.926 seconds (Processing time for the best solution)
Average OFV : 6933.500
Average CPU Time : 1.087
--------------------------------------------
HostNestNum = 11, P_a = 0.2
--------------------------------------------
Best OFV : 6933.5	CPU Time : 1.169 seconds (Processing time for the best solution)
Average OFV : 6933.500
Average CPU Time : 1.221
--------------------------------------------
HostNestNum = 11, P_a = 0.25
--------------------------------------------
Best OFV : 6933.5	CPU Time : 1.389 seconds (Processing time for the best solution)
Average OFV : 6933.500
Average CPU Time : 1.546
--------------------------------------------
HostNestNum = 11, P_a = 0.4
--------------------------------------------
Best OFV : 6933.5	CPU Time : 1.662 seconds (Processing time for the best solution)
Average OFV : 6933.500
Average CPU Time : 1.84
--------------------------------------------
HostNestNum = 11, P_a = 0.5
--------------------------------------------
Best OFV : 6933.5	CPU Time : 2.123 seconds (Processing time for the best solution)
Average OFV : 6933.500
Average CPU Time : 2.389
