-- Small10-5 result
--------------------------------------------
HostNestNum = 5, P_a = 0.25
--------------------------------------------
-- 2020-06-10 16:30 result data
OFV: 722.5	/ CPU: 2.907 seconds 	/ department sequence: [8, 2, 6, 4, 10, 5, 7, 1, 3, 9]
OFV: 722.5	/ CPU: 2.113 seconds 	/ department sequence: [8, 2, 6, 4, 10, 5, 7, 1, 3, 9]
OFV: 722.5	/ CPU: 2.071 seconds 	/ department sequence: [2, 8, 6, 10, 4, 5, 7, 1, 9, 3]
OFV: 722.5	/ CPU: 2.232 seconds 	/ department sequence: [3, 9, 1, 7, 10, 5, 6, 4, 8, 2]
OFV: 722.5	/ CPU: 2.096 seconds 	/ department sequence: [8, 2, 6, 4, 10, 5, 7, 1, 3, 9]
OFV: 722.5	/ CPU: 2.171 seconds 	/ department sequence: [3, 9, 1, 7, 10, 5, 6, 4, 8, 2]
OFV: 722.5	/ CPU: 2.071 seconds 	/ department sequence: [8, 2, 6, 4, 10, 5, 7, 1, 3, 9]
OFV: 722.5	/ CPU: 2.265 seconds 	/ department sequence: [3, 9, 1, 7, 10, 5, 6, 4, 8, 2]
OFV: 722.5	/ CPU: 2.231 seconds 	/ department sequence: [3, 9, 1, 7, 10, 5, 6, 4, 8, 2]
OFV: 722.5	/ CPU: 1.955 seconds 	/ department sequence: [3, 9, 1, 7, 10, 5, 6, 4, 8, 2]
-- Small10-5 result
--------------------------------------------
HostNestNum = 5, P_a = 0.25
--------------------------------------------
-- 2020-06-10 16:31 result data
OFV: 722.5	/ CPU: 2.356 seconds 	/ department sequence: [3, 9, 1, 7, 10, 5, 6, 4, 8, 2]
OFV: 722.5	/ CPU: 2.326 seconds 	/ department sequence: [9, 3, 1, 10, 7, 5, 6, 4, 2, 8]
OFV: 722.5	/ CPU: 2.510 seconds 	/ department sequence: [8, 2, 6, 4, 10, 5, 7, 1, 3, 9]
OFV: 722.5	/ CPU: 2.251 seconds 	/ department sequence: [8, 2, 6, 4, 10, 5, 7, 1, 3, 9]
OFV: 722.5	/ CPU: 2.644 seconds 	/ department sequence: [8, 2, 6, 4, 10, 5, 7, 1, 3, 9]
OFV: 722.5	/ CPU: 3.465 seconds 	/ department sequence: [9, 3, 1, 10, 7, 5, 6, 4, 2, 8]
OFV: 722.5	/ CPU: 2.561 seconds 	/ department sequence: [9, 3, 1, 10, 7, 5, 6, 4, 2, 8]
OFV: 722.5	/ CPU: 1.997 seconds 	/ department sequence: [2, 8, 6, 10, 4, 5, 7, 1, 9, 3]
OFV: 722.5	/ CPU: 2.078 seconds 	/ department sequence: [3, 9, 1, 7, 10, 5, 6, 4, 8, 2]
OFV: 722.5	/ CPU: 2.404 seconds 	/ department sequence: [8, 2, 6, 4, 10, 5, 7, 1, 3, 9]
-- Small10-5 result
--------------------------------------------
HostNestNum = 5, P_a = 0.25
--------------------------------------------
-- 2020-06-10 16:31 result data
OFV: 722.5	/ CPU: 3.022 seconds 	/ department sequence: [8, 2, 6, 4, 10, 5, 7, 1, 3, 9]
OFV: 722.5	/ CPU: 4.067 seconds 	/ department sequence: [8, 2, 6, 4, 10, 5, 7, 1, 3, 9]
OFV: 722.5	/ CPU: 3.354 seconds 	/ department sequence: [3, 9, 1, 7, 10, 5, 6, 4, 8, 2]
OFV: 722.5	/ CPU: 3.468 seconds 	/ department sequence: [2, 8, 6, 10, 4, 5, 7, 1, 9, 3]
OFV: 722.5	/ CPU: 3.314 seconds 	/ department sequence: [8, 2, 6, 4, 10, 5, 7, 1, 3, 9]
OFV: 722.5	/ CPU: 4.546 seconds 	/ department sequence: [9, 3, 1, 10, 7, 5, 6, 4, 2, 8]
OFV: 722.5	/ CPU: 3.763 seconds 	/ department sequence: [2, 8, 6, 10, 4, 5, 7, 1, 9, 3]
OFV: 722.5	/ CPU: 3.918 seconds 	/ department sequence: [8, 2, 6, 4, 10, 5, 7, 1, 3, 9]
OFV: 722.5	/ CPU: 3.704 seconds 	/ department sequence: [2, 8, 6, 10, 4, 5, 7, 1, 9, 3]
OFV: 722.5	/ CPU: 4.842 seconds 	/ department sequence: [9, 3, 1, 10, 7, 5, 6, 4, 2, 8]
-- Small10-5 result
--------------------------------------------
HostNestNum = 5, P_a = 0.25
--------------------------------------------
-- 2020-06-10 16:32 result data
OFV: 722.5	/ CPU: 5.835 seconds 	/ department sequence: [9, 3, 1, 10, 7, 5, 6, 4, 2, 8]
OFV: 722.5	/ CPU: 4.904 seconds 	/ department sequence: [8, 2, 6, 4, 10, 5, 7, 1, 3, 9]
OFV: 722.5	/ CPU: 4.683 seconds 	/ department sequence: [3, 9, 1, 7, 10, 5, 6, 4, 8, 2]
OFV: 722.5	/ CPU: 4.123 seconds 	/ department sequence: [8, 2, 6, 4, 10, 5, 7, 1, 3, 9]
OFV: 722.5	/ CPU: 4.739 seconds 	/ department sequence: [8, 2, 6, 4, 10, 5, 7, 1, 3, 9]
OFV: 722.5	/ CPU: 5.963 seconds 	/ department sequence: [8, 2, 6, 4, 10, 5, 7, 1, 3, 9]
OFV: 722.5	/ CPU: 5.005 seconds 	/ department sequence: [3, 9, 1, 7, 10, 5, 6, 4, 8, 2]
OFV: 722.5	/ CPU: 4.657 seconds 	/ department sequence: [8, 2, 6, 4, 10, 5, 7, 1, 3, 9]
OFV: 722.5	/ CPU: 5.406 seconds 	/ department sequence: [8, 2, 6, 4, 10, 5, 7, 1, 3, 9]
OFV: 722.5	/ CPU: 6.592 seconds 	/ department sequence: [9, 3, 1, 10, 7, 5, 6, 4, 2, 8]
