-- Small10-2 result
--------------------------------------------
HostNestNum = 5, P_a = 0.25
--------------------------------------------
-- 2020-06-10 16:22 result data
OFV: 1437.0	/ CPU: 2.531 seconds 	/ department sequence: [3, 9, 7, 1, 10, 5, 4, 2, 8, 6]
OFV: 1437.0	/ CPU: 2.394 seconds 	/ department sequence: [9, 3, 7, 1, 10, 5, 4, 2, 8, 6]
OFV: 1437.0	/ CPU: 2.812 seconds 	/ department sequence: [9, 3, 7, 1, 10, 5, 4, 2, 8, 6]
OFV: 1437.0	/ CPU: 2.950 seconds 	/ department sequence: [9, 3, 7, 1, 10, 5, 4, 2, 8, 6]
OFV: 1437.0	/ CPU: 2.511 seconds 	/ department sequence: [8, 6, 2, 10, 4, 5, 7, 1, 3, 9]
OFV: 1437.0	/ CPU: 2.397 seconds 	/ department sequence: [3, 9, 7, 1, 10, 5, 4, 2, 8, 6]
OFV: 1437.0	/ CPU: 2.253 seconds 	/ department sequence: [9, 3, 7, 1, 10, 5, 4, 2, 8, 6]
OFV: 1437.0	/ CPU: 2.209 seconds 	/ department sequence: [9, 3, 7, 1, 10, 5, 4, 2, 8, 6]
OFV: 1437.0	/ CPU: 2.202 seconds 	/ department sequence: [9, 3, 7, 1, 10, 5, 4, 2, 8, 6]
OFV: 1437.0	/ CPU: 2.509 seconds 	/ department sequence: [3, 9, 7, 1, 10, 5, 4, 2, 8, 6]
-- Small10-2 result
--------------------------------------------
HostNestNum = 5, P_a = 0.25
--------------------------------------------
-- 2020-06-10 16:23 result data
OFV: 1437.0	/ CPU: 2.398 seconds 	/ department sequence: [8, 6, 2, 10, 4, 5, 7, 1, 3, 9]
OFV: 1437.0	/ CPU: 2.244 seconds 	/ department sequence: [9, 3, 7, 1, 10, 5, 4, 2, 8, 6]
OFV: 1437.0	/ CPU: 2.244 seconds 	/ department sequence: [9, 3, 7, 1, 10, 5, 4, 2, 8, 6]
OFV: 1437.0	/ CPU: 2.231 seconds 	/ department sequence: [9, 3, 7, 1, 10, 5, 4, 2, 8, 6]
OFV: 1437.0	/ CPU: 2.448 seconds 	/ department sequence: [3, 9, 7, 1, 10, 5, 4, 2, 8, 6]
OFV: 1437.0	/ CPU: 2.760 seconds 	/ department sequence: [9, 3, 7, 1, 10, 5, 4, 2, 8, 6]
OFV: 1437.0	/ CPU: 2.250 seconds 	/ department sequence: [9, 3, 7, 1, 10, 5, 4, 2, 8, 6]
OFV: 1437.5	/ CPU: 2.586 seconds 	/ department sequence: [3, 9, 7, 1, 10, 5, 4, 2, 8, 6]
OFV: 1437.0	/ CPU: 3.401 seconds 	/ department sequence: [3, 9, 7, 1, 10, 5, 4, 2, 8, 6]
OFV: 1437.0	/ CPU: 2.455 seconds 	/ department sequence: [9, 3, 7, 1, 10, 5, 4, 2, 8, 6]
-- Small10-2 result
--------------------------------------------
HostNestNum = 5, P_a = 0.25
--------------------------------------------
-- 2020-06-10 16:23 result data
OFV: 1437.0	/ CPU: 4.453 seconds 	/ department sequence: [3, 9, 7, 1, 10, 5, 4, 2, 8, 6]
OFV: 1437.0	/ CPU: 4.277 seconds 	/ department sequence: [9, 3, 7, 1, 10, 5, 4, 2, 8, 6]
OFV: 1437.0	/ CPU: 3.794 seconds 	/ department sequence: [9, 3, 7, 1, 10, 5, 4, 2, 8, 6]
OFV: 1437.0	/ CPU: 4.895 seconds 	/ department sequence: [9, 3, 7, 1, 10, 5, 4, 2, 8, 6]
OFV: 1437.0	/ CPU: 5.632 seconds 	/ department sequence: [9, 3, 7, 1, 10, 5, 4, 2, 8, 6]
OFV: 1437.0	/ CPU: 3.950 seconds 	/ department sequence: [9, 3, 7, 1, 10, 5, 4, 2, 8, 6]
OFV: 1437.0	/ CPU: 4.069 seconds 	/ department sequence: [9, 3, 7, 1, 10, 5, 4, 2, 8, 6]
OFV: 1437.0	/ CPU: 3.752 seconds 	/ department sequence: [9, 3, 7, 1, 10, 5, 4, 2, 8, 6]
OFV: 1437.0	/ CPU: 4.115 seconds 	/ department sequence: [8, 6, 2, 10, 4, 5, 7, 1, 3, 9]
OFV: 1437.0	/ CPU: 3.955 seconds 	/ department sequence: [3, 9, 7, 1, 10, 5, 4, 2, 8, 6]
-- Small10-2 result
--------------------------------------------
HostNestNum = 5, P_a = 0.25
--------------------------------------------
-- 2020-06-10 16:24 result data
OFV: 1437.0	/ CPU: 5.944 seconds 	/ department sequence: [8, 6, 2, 10, 4, 5, 7, 1, 3, 9]
OFV: 1437.0	/ CPU: 5.832 seconds 	/ department sequence: [3, 9, 7, 1, 10, 5, 4, 2, 8, 6]
OFV: 1437.0	/ CPU: 5.117 seconds 	/ department sequence: [3, 9, 7, 1, 10, 5, 4, 2, 8, 6]
OFV: 1437.0	/ CPU: 5.437 seconds 	/ department sequence: [9, 3, 7, 1, 10, 5, 4, 2, 8, 6]
OFV: 1437.0	/ CPU: 4.543 seconds 	/ department sequence: [3, 9, 7, 1, 10, 5, 4, 2, 8, 6]
OFV: 1437.0	/ CPU: 4.053 seconds 	/ department sequence: [3, 9, 7, 1, 10, 5, 4, 2, 8, 6]
OFV: 1437.0	/ CPU: 4.145 seconds 	/ department sequence: [3, 9, 7, 1, 10, 5, 4, 2, 8, 6]
OFV: 1437.0	/ CPU: 4.025 seconds 	/ department sequence: [9, 3, 7, 1, 10, 5, 4, 2, 8, 6]
OFV: 1437.0	/ CPU: 3.977 seconds 	/ department sequence: [9, 3, 7, 1, 10, 5, 4, 2, 8, 6]
OFV: 1437.0	/ CPU: 4.247 seconds 	/ department sequence: [9, 3, 7, 1, 10, 5, 4, 2, 8, 6]
