-- SA14a result
--------------------------------------------
HostNestNum = 5, P_a = 0.0
--------------------------------------------
-- 2020-06-10 13:24 result data
OFV: 2904.0	/ CPU: 1.678 seconds 	/ department sequence: [9, 13, 6, 5, 10, 14, 2, 8, 12, 11, 4, 7, 1, 3]
OFV: 2921.0	/ CPU: 1.184 seconds 	/ department sequence: [13, 9, 5, 6, 10, 14, 2, 4, 12, 11, 8, 7, 1, 3]
OFV: 2904.0	/ CPU: 1.600 seconds 	/ department sequence: [13, 9, 5, 6, 10, 14, 2, 8, 12, 4, 11, 7, 1, 3]
OFV: 2944.0	/ CPU: 1.466 seconds 	/ department sequence: [13, 9, 5, 6, 10, 8, 11, 4, 2, 14, 12, 7, 1, 3]
OFV: 2944.0	/ CPU: 1.315 seconds 	/ department sequence: [9, 13, 5, 6, 10, 8, 11, 4, 2, 14, 12, 7, 1, 3]
OFV: 2920.0	/ CPU: 1.646 seconds 	/ department sequence: [9, 13, 3, 6, 10, 5, 14, 2, 12, 8, 11, 4, 7, 1]
OFV: 2907.0	/ CPU: 1.903 seconds 	/ department sequence: [9, 13, 3, 6, 5, 10, 14, 8, 2, 12, 4, 11, 1, 7]
OFV: 2944.0	/ CPU: 1.414 seconds 	/ department sequence: [9, 13, 6, 5, 10, 8, 11, 4, 2, 14, 12, 7, 1, 3]
OFV: 2924.0	/ CPU: 1.439 seconds 	/ department sequence: [9, 13, 5, 6, 7, 4, 2, 14, 12, 11, 8, 10, 1, 3]
OFV: 2912.0	/ CPU: 2.351 seconds 	/ department sequence: [9, 13, 6, 5, 10, 14, 2, 11, 4, 8, 12, 7, 1, 3]
-- SA14a result
--------------------------------------------
HostNestNum = 5, P_a = 0.0
--------------------------------------------
-- 2020-06-10 13:24 result data
OFV: 2907.0	/ CPU: 3.115 seconds 	/ department sequence: [9, 13, 3, 6, 5, 10, 14, 8, 2, 12, 4, 11, 1, 7]
OFV: 2912.0	/ CPU: 1.650 seconds 	/ department sequence: [13, 9, 5, 6, 10, 14, 2, 11, 4, 12, 8, 7, 1, 3]
OFV: 2904.0	/ CPU: 2.210 seconds 	/ department sequence: [13, 9, 5, 6, 10, 14, 2, 8, 12, 4, 11, 7, 1, 3]
OFV: 2904.0	/ CPU: 1.556 seconds 	/ department sequence: [9, 13, 6, 5, 10, 14, 2, 8, 12, 11, 4, 7, 1, 3]
OFV: 2921.0	/ CPU: 1.356 seconds 	/ department sequence: [9, 13, 6, 5, 10, 14, 2, 7, 12, 4, 11, 8, 1, 3]
OFV: 2904.0	/ CPU: 3.459 seconds 	/ department sequence: [9, 13, 6, 5, 10, 14, 2, 8, 12, 11, 4, 7, 1, 3]
OFV: 2922.0	/ CPU: 1.288 seconds 	/ department sequence: [13, 9, 6, 5, 3, 10, 14, 2, 8, 12, 11, 4, 1, 7]
OFV: 2907.0	/ CPU: 1.858 seconds 	/ department sequence: [9, 13, 3, 6, 5, 10, 14, 8, 2, 12, 4, 11, 1, 7]
OFV: 2904.0	/ CPU: 2.172 seconds 	/ department sequence: [13, 9, 5, 6, 10, 14, 2, 8, 12, 4, 11, 7, 1, 3]
OFV: 2904.0	/ CPU: 1.614 seconds 	/ department sequence: [13, 9, 5, 6, 10, 14, 2, 8, 12, 4, 11, 7, 1, 3]
-- SA14a result
--------------------------------------------
HostNestNum = 5, P_a = 0.0
--------------------------------------------
-- 2020-06-10 13:25 result data
OFV: 2904.0	/ CPU: 1.827 seconds 	/ department sequence: [9, 13, 6, 5, 10, 14, 2, 8, 12, 11, 4, 7, 1, 3]
OFV: 2904.0	/ CPU: 2.343 seconds 	/ department sequence: [13, 9, 5, 6, 10, 14, 2, 8, 12, 4, 11, 7, 1, 3]
OFV: 2912.0	/ CPU: 1.702 seconds 	/ department sequence: [13, 9, 5, 6, 10, 14, 2, 11, 4, 12, 8, 7, 1, 3]
OFV: 2912.0	/ CPU: 1.881 seconds 	/ department sequence: [13, 9, 5, 6, 10, 14, 2, 11, 4, 12, 8, 7, 1, 3]
OFV: 2904.0	/ CPU: 1.652 seconds 	/ department sequence: [13, 9, 5, 6, 10, 14, 2, 8, 12, 4, 11, 7, 1, 3]
OFV: 2916.0	/ CPU: 1.900 seconds 	/ department sequence: [9, 13, 3, 6, 5, 10, 2, 8, 14, 12, 4, 11, 1, 7]
OFV: 2912.0	/ CPU: 2.342 seconds 	/ department sequence: [13, 9, 5, 6, 10, 14, 2, 11, 4, 12, 8, 7, 1, 3]
OFV: 2904.0	/ CPU: 2.398 seconds 	/ department sequence: [9, 13, 6, 5, 10, 14, 2, 8, 12, 11, 4, 7, 1, 3]
OFV: 2999.0	/ CPU: 1.452 seconds 	/ department sequence: [9, 3, 10, 14, 2, 11, 4, 8, 12, 7, 5, 6, 1, 13]
OFV: 2912.0	/ CPU: 1.588 seconds 	/ department sequence: [9, 13, 6, 5, 10, 14, 2, 11, 4, 8, 12, 7, 1, 3]
-- SA14a result
--------------------------------------------
HostNestNum = 5, P_a = 0.0
--------------------------------------------
-- 2020-06-10 13:25 result data
OFV: 2912.0	/ CPU: 2.618 seconds 	/ department sequence: [9, 13, 6, 5, 10, 14, 2, 11, 4, 8, 12, 7, 1, 3]
OFV: 2907.0	/ CPU: 1.785 seconds 	/ department sequence: [9, 13, 3, 6, 5, 10, 14, 8, 2, 12, 4, 11, 1, 7]
OFV: 2907.0	/ CPU: 2.354 seconds 	/ department sequence: [9, 13, 3, 6, 5, 10, 14, 8, 2, 12, 4, 11, 1, 7]
OFV: 2907.0	/ CPU: 1.740 seconds 	/ department sequence: [9, 13, 3, 6, 5, 10, 14, 8, 2, 12, 4, 11, 1, 7]
OFV: 2904.0	/ CPU: 2.456 seconds 	/ department sequence: [9, 13, 6, 5, 10, 14, 2, 8, 12, 11, 4, 7, 1, 3]
OFV: 2904.0	/ CPU: 1.634 seconds 	/ department sequence: [9, 13, 6, 5, 10, 14, 2, 8, 12, 11, 4, 7, 1, 3]
OFV: 2904.0	/ CPU: 1.784 seconds 	/ department sequence: [13, 9, 5, 6, 10, 14, 2, 8, 12, 4, 11, 7, 1, 3]
OFV: 2924.0	/ CPU: 1.959 seconds 	/ department sequence: [9, 13, 5, 6, 7, 4, 2, 14, 12, 11, 8, 10, 1, 3]
OFV: 2922.0	/ CPU: 1.336 seconds 	/ department sequence: [9, 13, 6, 5, 3, 10, 14, 2, 8, 12, 11, 4, 1, 7]
OFV: 2904.0	/ CPU: 1.689 seconds 	/ department sequence: [13, 9, 5, 6, 10, 14, 2, 8, 12, 4, 11, 7, 1, 3]
-- SA14a result
--------------------------------------------
HostNestNum = 5, P_a = 0.0
--------------------------------------------
-- 2020-06-10 13:25 result data
OFV: 2904.0	/ CPU: 1.838 seconds 	/ department sequence: [9, 13, 6, 5, 10, 14, 2, 8, 12, 11, 4, 7, 1, 3]
OFV: 2922.0	/ CPU: 1.353 seconds 	/ department sequence: [13, 9, 6, 5, 3, 10, 14, 2, 8, 12, 11, 4, 1, 7]
OFV: 2912.0	/ CPU: 1.869 seconds 	/ department sequence: [9, 13, 6, 5, 10, 14, 2, 11, 4, 8, 12, 7, 1, 3]
OFV: 2922.0	/ CPU: 1.323 seconds 	/ department sequence: [9, 13, 6, 5, 3, 10, 14, 2, 8, 12, 11, 4, 1, 7]
OFV: 2904.0	/ CPU: 2.412 seconds 	/ department sequence: [9, 13, 6, 5, 10, 14, 2, 8, 12, 11, 4, 7, 1, 3]
OFV: 2912.0	/ CPU: 3.290 seconds 	/ department sequence: [13, 9, 5, 6, 10, 14, 2, 11, 4, 12, 8, 7, 1, 3]
OFV: 2904.0	/ CPU: 2.275 seconds 	/ department sequence: [9, 13, 6, 5, 10, 14, 2, 8, 12, 11, 4, 7, 1, 3]
OFV: 2904.0	/ CPU: 1.828 seconds 	/ department sequence: [13, 9, 5, 6, 10, 14, 2, 8, 12, 4, 11, 7, 1, 3]
OFV: 2904.0	/ CPU: 1.489 seconds 	/ department sequence: [9, 13, 6, 5, 10, 14, 2, 8, 12, 11, 4, 7, 1, 3]
OFV: 2912.0	/ CPU: 1.758 seconds 	/ department sequence: [9, 13, 6, 5, 10, 14, 2, 11, 4, 8, 12, 7, 1, 3]
-- SA14a result
--------------------------------------------
HostNestNum = 5, P_a = 0.0
--------------------------------------------
-- 2020-06-10 13:26 result data
OFV: 2912.0	/ CPU: 1.669 seconds 	/ department sequence: [13, 9, 5, 6, 10, 14, 2, 11, 4, 12, 8, 7, 1, 3]
OFV: 3004.0	/ CPU: 1.439 seconds 	/ department sequence: [9, 3, 14, 10, 2, 4, 12, 11, 8, 7, 5, 6, 1, 13]
OFV: 2904.0	/ CPU: 1.751 seconds 	/ department sequence: [13, 9, 5, 6, 10, 14, 2, 8, 12, 4, 11, 7, 1, 3]
OFV: 2944.0	/ CPU: 1.206 seconds 	/ department sequence: [9, 13, 5, 6, 10, 8, 11, 4, 2, 14, 12, 7, 1, 3]
OFV: 2907.0	/ CPU: 1.633 seconds 	/ department sequence: [9, 13, 3, 6, 5, 10, 14, 8, 2, 12, 4, 11, 1, 7]
OFV: 2904.0	/ CPU: 1.465 seconds 	/ department sequence: [9, 13, 6, 5, 10, 14, 2, 8, 12, 11, 4, 7, 1, 3]
OFV: 2912.0	/ CPU: 1.463 seconds 	/ department sequence: [13, 9, 5, 6, 10, 14, 2, 11, 4, 12, 8, 7, 1, 3]
OFV: 2904.0	/ CPU: 1.926 seconds 	/ department sequence: [9, 13, 6, 5, 10, 14, 2, 8, 12, 11, 4, 7, 1, 3]
OFV: 2907.0	/ CPU: 1.471 seconds 	/ department sequence: [9, 13, 3, 6, 5, 10, 14, 8, 2, 12, 4, 11, 1, 7]
OFV: 2922.0	/ CPU: 1.345 seconds 	/ department sequence: [9, 13, 6, 5, 3, 10, 14, 2, 8, 12, 11, 4, 1, 7]
-- SA14a result
--------------------------------------------
HostNestNum = 5, P_a = 0.0
--------------------------------------------
-- 2020-06-10 13:26 result data
OFV: 2922.0	/ CPU: 1.317 seconds 	/ department sequence: [13, 9, 6, 5, 3, 10, 14, 2, 8, 12, 11, 4, 1, 7]
OFV: 2904.0	/ CPU: 1.968 seconds 	/ department sequence: [9, 13, 6, 5, 10, 14, 2, 8, 12, 11, 4, 7, 1, 3]
OFV: 2907.0	/ CPU: 1.648 seconds 	/ department sequence: [9, 13, 3, 6, 5, 10, 14, 8, 2, 12, 4, 11, 1, 7]
OFV: 2932.0	/ CPU: 1.970 seconds 	/ department sequence: [3, 1, 7, 8, 11, 12, 2, 4, 10, 14, 5, 6, 9, 13]
OFV: 2904.0	/ CPU: 2.408 seconds 	/ department sequence: [9, 13, 6, 5, 10, 14, 2, 8, 12, 11, 4, 7, 1, 3]
OFV: 2907.0	/ CPU: 2.305 seconds 	/ department sequence: [9, 13, 3, 6, 5, 10, 14, 8, 2, 12, 4, 11, 1, 7]
OFV: 2922.0	/ CPU: 1.393 seconds 	/ department sequence: [9, 13, 6, 5, 3, 10, 14, 2, 8, 12, 11, 4, 1, 7]
OFV: 2904.0	/ CPU: 2.542 seconds 	/ department sequence: [13, 9, 5, 6, 10, 14, 2, 8, 12, 4, 11, 7, 1, 3]
OFV: 2912.0	/ CPU: 1.489 seconds 	/ department sequence: [13, 9, 5, 6, 10, 14, 2, 11, 4, 12, 8, 7, 1, 3]
OFV: 3004.0	/ CPU: 1.520 seconds 	/ department sequence: [9, 3, 10, 14, 2, 12, 4, 8, 11, 7, 5, 6, 1, 13]
-- SA14a result
--------------------------------------------
HostNestNum = 5, P_a = 0.0
--------------------------------------------
-- 2020-06-10 13:26 result data
OFV: 2904.0	/ CPU: 1.454 seconds 	/ department sequence: [13, 9, 5, 6, 10, 14, 2, 8, 12, 4, 11, 7, 1, 3]
OFV: 2920.0	/ CPU: 1.448 seconds 	/ department sequence: [9, 13, 3, 6, 10, 5, 14, 2, 12, 8, 11, 4, 7, 1]
OFV: 2904.0	/ CPU: 1.783 seconds 	/ department sequence: [13, 9, 5, 6, 10, 14, 2, 8, 12, 4, 11, 7, 1, 3]
OFV: 2904.0	/ CPU: 1.338 seconds 	/ department sequence: [13, 9, 5, 6, 10, 14, 2, 8, 12, 4, 11, 7, 1, 3]
OFV: 2912.0	/ CPU: 1.863 seconds 	/ department sequence: [13, 9, 5, 6, 10, 14, 2, 11, 4, 12, 8, 7, 1, 3]
OFV: 2920.0	/ CPU: 2.527 seconds 	/ department sequence: [13, 9, 6, 5, 3, 10, 2, 14, 12, 8, 11, 4, 7, 1]
OFV: 2930.0	/ CPU: 1.814 seconds 	/ department sequence: [1, 3, 7, 4, 8, 11, 2, 12, 10, 14, 5, 6, 9, 13]
OFV: 2904.0	/ CPU: 2.362 seconds 	/ department sequence: [9, 13, 6, 5, 10, 14, 2, 8, 12, 11, 4, 7, 1, 3]
OFV: 2938.0	/ CPU: 1.757 seconds 	/ department sequence: [3, 1, 10, 8, 14, 11, 4, 12, 7, 2, 5, 13, 6, 9]
OFV: 2907.0	/ CPU: 4.163 seconds 	/ department sequence: [9, 13, 3, 6, 5, 10, 14, 8, 2, 12, 4, 11, 1, 7]
-- SA14a result
--------------------------------------------
HostNestNum = 5, P_a = 0.0
--------------------------------------------
-- 2020-06-10 13:27 result data
OFV: 2904.0	/ CPU: 2.486 seconds 	/ department sequence: [13, 9, 5, 6, 10, 14, 2, 8, 12, 4, 11, 7, 1, 3]
OFV: 2912.0	/ CPU: 2.353 seconds 	/ department sequence: [9, 13, 6, 5, 10, 14, 2, 11, 4, 8, 12, 7, 1, 3]
OFV: 2921.0	/ CPU: 2.200 seconds 	/ department sequence: [13, 9, 6, 5, 10, 14, 2, 7, 12, 4, 11, 8, 1, 3]
-- SA14a result
--------------------------------------------
HostNestNum = 5, P_a = 0.0
--------------------------------------------
-- 2020-06-10 17:27 result data
OFV: 2922.0	/ CPU: 1.378 seconds 	/ department sequence: [9, 13, 6, 5, 3, 10, 14, 2, 8, 12, 11, 4, 1, 7]
OFV: 2904.0	/ CPU: 1.774 seconds 	/ department sequence: [13, 9, 5, 6, 10, 14, 2, 8, 12, 4, 11, 7, 1, 3]
OFV: 2922.0	/ CPU: 1.151 seconds 	/ department sequence: [13, 9, 6, 5, 3, 10, 14, 2, 8, 12, 11, 4, 1, 7]
OFV: 2904.0	/ CPU: 1.984 seconds 	/ department sequence: [9, 13, 6, 5, 10, 14, 2, 8, 12, 11, 4, 7, 1, 3]
OFV: 2904.0	/ CPU: 2.646 seconds 	/ department sequence: [13, 9, 5, 6, 10, 14, 2, 8, 12, 4, 11, 7, 1, 3]
OFV: 2912.0	/ CPU: 1.866 seconds 	/ department sequence: [9, 13, 6, 5, 10, 14, 2, 11, 4, 8, 12, 7, 1, 3]
OFV: 2912.0	/ CPU: 2.223 seconds 	/ department sequence: [13, 9, 5, 6, 10, 14, 2, 11, 4, 12, 8, 7, 1, 3]
OFV: 2920.0	/ CPU: 1.374 seconds 	/ department sequence: [13, 9, 5, 6, 10, 14, 2, 12, 4, 11, 8, 7, 1, 3]
OFV: 2904.0	/ CPU: 1.912 seconds 	/ department sequence: [13, 9, 5, 6, 10, 14, 2, 8, 12, 4, 11, 7, 1, 3]
OFV: 2912.0	/ CPU: 2.318 seconds 	/ department sequence: [9, 13, 6, 5, 10, 14, 2, 11, 4, 8, 12, 7, 1, 3]
