-- Am11f result
--------------------------------------------
HostNestNum = 5, P_a = 0.0
--------------------------------------------
-- 2020-06-10 05:28 result data
OFV: 827.0	/ CPU: 1.578 seconds 	/ department sequence: [8, 5, 9, 11, 2, 10, 3, 6, 7, 4, 1]
OFV: 840.0	/ CPU: 1.828 seconds 	/ department sequence: [1, 4, 2, 10, 6, 3, 7, 8, 11, 5, 9]
OFV: 827.0	/ CPU: 1.380 seconds 	/ department sequence: [8, 5, 9, 11, 2, 10, 3, 6, 7, 4, 1]
OFV: 825.5	/ CPU: 1.509 seconds 	/ department sequence: [1, 4, 3, 7, 6, 2, 10, 8, 11, 5, 9]
OFV: 845.0	/ CPU: 2.462 seconds 	/ department sequence: [5, 8, 11, 9, 3, 7, 2, 6, 10, 4, 1]
OFV: 827.0	/ CPU: 1.119 seconds 	/ department sequence: [8, 5, 9, 11, 2, 10, 3, 6, 7, 4, 1]
OFV: 827.0	/ CPU: 2.050 seconds 	/ department sequence: [8, 5, 9, 11, 2, 10, 3, 6, 7, 4, 1]
OFV: 825.5	/ CPU: 1.120 seconds 	/ department sequence: [4, 1, 3, 7, 6, 2, 10, 11, 8, 5, 9]
OFV: 868.0	/ CPU: 1.195 seconds 	/ department sequence: [3, 6, 2, 10, 4, 1, 7, 11, 9, 8, 5]
OFV: 840.0	/ CPU: 2.584 seconds 	/ department sequence: [4, 1, 2, 10, 6, 3, 7, 11, 8, 5, 9]
-- Am11f result
--------------------------------------------
HostNestNum = 5, P_a = 0.0
--------------------------------------------
-- 2020-06-10 05:29 result data
OFV: 868.0	/ CPU: 1.137 seconds 	/ department sequence: [3, 6, 2, 10, 4, 1, 7, 11, 8, 5, 9]
OFV: 846.0	/ CPU: 1.132 seconds 	/ department sequence: [4, 1, 6, 2, 10, 3, 7, 11, 9, 8, 5]
OFV: 840.0	/ CPU: 1.385 seconds 	/ department sequence: [4, 1, 2, 10, 6, 3, 7, 11, 8, 5, 9]
OFV: 827.0	/ CPU: 1.951 seconds 	/ department sequence: [8, 5, 9, 11, 2, 10, 3, 6, 7, 4, 1]
OFV: 827.0	/ CPU: 1.198 seconds 	/ department sequence: [5, 8, 11, 9, 2, 10, 6, 3, 7, 4, 1]
OFV: 865.0	/ CPU: 1.386 seconds 	/ department sequence: [2, 6, 10, 1, 4, 3, 7, 11, 9, 8, 5]
OFV: 825.5	/ CPU: 1.239 seconds 	/ department sequence: [4, 1, 3, 7, 6, 2, 10, 11, 8, 5, 9]
OFV: 825.5	/ CPU: 1.158 seconds 	/ department sequence: [4, 1, 3, 7, 6, 2, 10, 11, 8, 5, 9]
OFV: 827.0	/ CPU: 1.801 seconds 	/ department sequence: [5, 8, 11, 9, 2, 10, 6, 3, 7, 4, 1]
OFV: 865.0	/ CPU: 1.650 seconds 	/ department sequence: [6, 2, 10, 1, 4, 3, 7, 11, 9, 8, 5]
-- Am11f result
--------------------------------------------
HostNestNum = 5, P_a = 0.0
--------------------------------------------
-- 2020-06-10 05:29 result data
OFV: 827.0	/ CPU: 1.483 seconds 	/ department sequence: [5, 8, 11, 9, 2, 10, 6, 3, 7, 4, 1]
OFV: 827.0	/ CPU: 1.880 seconds 	/ department sequence: [5, 8, 11, 9, 2, 10, 6, 3, 7, 4, 1]
OFV: 827.0	/ CPU: 1.332 seconds 	/ department sequence: [8, 5, 9, 11, 2, 10, 3, 6, 7, 4, 1]
OFV: 868.0	/ CPU: 1.077 seconds 	/ department sequence: [6, 3, 2, 10, 4, 1, 7, 11, 9, 8, 5]
OFV: 840.0	/ CPU: 1.866 seconds 	/ department sequence: [4, 1, 2, 10, 6, 3, 7, 11, 8, 5, 9]
OFV: 825.5	/ CPU: 2.140 seconds 	/ department sequence: [4, 1, 3, 7, 6, 2, 10, 11, 8, 5, 9]
OFV: 868.0	/ CPU: 1.080 seconds 	/ department sequence: [6, 3, 2, 10, 4, 1, 7, 11, 9, 8, 5]
OFV: 825.5	/ CPU: 1.733 seconds 	/ department sequence: [4, 1, 3, 7, 6, 2, 10, 11, 8, 5, 9]
OFV: 825.5	/ CPU: 1.109 seconds 	/ department sequence: [4, 1, 3, 7, 6, 2, 10, 11, 8, 5, 9]
OFV: 840.0	/ CPU: 1.370 seconds 	/ department sequence: [4, 1, 2, 10, 6, 3, 7, 11, 8, 5, 9]
-- Am11f result
--------------------------------------------
HostNestNum = 5, P_a = 0.0
--------------------------------------------
-- 2020-06-10 05:29 result data
OFV: 827.0	/ CPU: 1.510 seconds 	/ department sequence: [8, 5, 9, 11, 2, 10, 3, 6, 7, 4, 1]
OFV: 827.0	/ CPU: 1.430 seconds 	/ department sequence: [5, 8, 11, 9, 2, 10, 6, 3, 7, 4, 1]
OFV: 827.0	/ CPU: 1.452 seconds 	/ department sequence: [1, 4, 3, 7, 6, 2, 10, 11, 9, 8, 5]
OFV: 827.0	/ CPU: 1.420 seconds 	/ department sequence: [5, 8, 11, 9, 2, 10, 6, 3, 7, 4, 1]
OFV: 827.0	/ CPU: 1.309 seconds 	/ department sequence: [8, 5, 9, 11, 2, 10, 3, 6, 7, 4, 1]
OFV: 825.5	/ CPU: 1.100 seconds 	/ department sequence: [4, 1, 3, 7, 6, 2, 10, 11, 8, 5, 9]
OFV: 827.0	/ CPU: 1.760 seconds 	/ department sequence: [8, 5, 9, 11, 2, 10, 3, 6, 7, 4, 1]
OFV: 827.0	/ CPU: 1.213 seconds 	/ department sequence: [5, 8, 11, 9, 2, 10, 6, 3, 7, 4, 1]
OFV: 825.5	/ CPU: 1.104 seconds 	/ department sequence: [4, 1, 3, 7, 6, 2, 10, 11, 8, 5, 9]
OFV: 840.0	/ CPU: 1.387 seconds 	/ department sequence: [1, 4, 2, 10, 6, 3, 7, 8, 11, 5, 9]
-- Am11f result
--------------------------------------------
HostNestNum = 5, P_a = 0.0
--------------------------------------------
-- 2020-06-10 05:29 result data
OFV: 868.0	/ CPU: 1.117 seconds 	/ department sequence: [3, 6, 2, 10, 4, 1, 7, 11, 8, 5, 9]
OFV: 845.0	/ CPU: 1.060 seconds 	/ department sequence: [4, 1, 3, 7, 6, 2, 10, 11, 8, 5, 9]
OFV: 825.5	/ CPU: 2.196 seconds 	/ department sequence: [4, 1, 3, 7, 6, 2, 10, 11, 8, 5, 9]
OFV: 825.5	/ CPU: 1.136 seconds 	/ department sequence: [4, 1, 3, 7, 6, 2, 10, 11, 8, 5, 9]
OFV: 865.0	/ CPU: 1.402 seconds 	/ department sequence: [6, 2, 10, 1, 4, 3, 7, 11, 9, 8, 5]
OFV: 827.0	/ CPU: 1.237 seconds 	/ department sequence: [5, 8, 11, 9, 2, 10, 6, 3, 7, 4, 1]
OFV: 827.0	/ CPU: 1.279 seconds 	/ department sequence: [5, 8, 11, 9, 2, 10, 6, 3, 7, 4, 1]
OFV: 868.0	/ CPU: 1.085 seconds 	/ department sequence: [3, 6, 2, 10, 4, 1, 7, 11, 8, 5, 9]
OFV: 827.0	/ CPU: 1.158 seconds 	/ department sequence: [5, 8, 11, 9, 2, 10, 6, 3, 7, 4, 1]
OFV: 827.0	/ CPU: 1.288 seconds 	/ department sequence: [8, 5, 9, 11, 2, 10, 3, 6, 7, 4, 1]
-- Am11f result
--------------------------------------------
HostNestNum = 5, P_a = 0.0
--------------------------------------------
-- 2020-06-10 05:29 result data
OFV: 840.0	/ CPU: 2.104 seconds 	/ department sequence: [1, 4, 2, 10, 6, 3, 7, 8, 11, 5, 9]
OFV: 825.5	/ CPU: 1.041 seconds 	/ department sequence: [4, 1, 3, 7, 6, 2, 10, 11, 8, 5, 9]
OFV: 868.0	/ CPU: 1.145 seconds 	/ department sequence: [6, 3, 2, 10, 4, 1, 7, 11, 8, 5, 9]
OFV: 825.5	/ CPU: 1.097 seconds 	/ department sequence: [4, 1, 3, 7, 6, 2, 10, 11, 8, 5, 9]
OFV: 840.0	/ CPU: 1.175 seconds 	/ department sequence: [4, 1, 2, 10, 6, 3, 7, 11, 8, 5, 9]
OFV: 842.0	/ CPU: 1.253 seconds 	/ department sequence: [1, 4, 3, 7, 6, 11, 9, 2, 10, 8, 5]
OFV: 827.0	/ CPU: 1.441 seconds 	/ department sequence: [5, 8, 11, 9, 2, 10, 6, 3, 7, 4, 1]
OFV: 827.0	/ CPU: 1.301 seconds 	/ department sequence: [8, 5, 9, 11, 2, 10, 3, 6, 7, 4, 1]
OFV: 827.0	/ CPU: 1.448 seconds 	/ department sequence: [5, 8, 11, 9, 2, 10, 6, 3, 7, 4, 1]
OFV: 840.0	/ CPU: 1.684 seconds 	/ department sequence: [4, 1, 2, 10, 6, 3, 7, 11, 8, 5, 9]
-- Am11f result
--------------------------------------------
HostNestNum = 5, P_a = 0.0
--------------------------------------------
-- 2020-06-10 16:46 result data
OFV: 825.5	/ CPU: 1.404 seconds 	/ department sequence: [4, 1, 3, 7, 6, 2, 10, 11, 8, 5, 9]
OFV: 840.0	/ CPU: 1.385 seconds 	/ department sequence: [4, 1, 2, 10, 6, 3, 7, 11, 8, 5, 9]
OFV: 868.0	/ CPU: 1.240 seconds 	/ department sequence: [3, 6, 2, 10, 4, 1, 7, 11, 9, 8, 5]
OFV: 825.5	/ CPU: 1.620 seconds 	/ department sequence: [4, 1, 3, 7, 6, 2, 10, 11, 8, 5, 9]
OFV: 840.0	/ CPU: 1.838 seconds 	/ department sequence: [4, 1, 2, 10, 6, 3, 7, 11, 8, 5, 9]
OFV: 840.0	/ CPU: 2.505 seconds 	/ department sequence: [1, 4, 2, 10, 6, 3, 7, 8, 11, 5, 9]
OFV: 827.0	/ CPU: 1.152 seconds 	/ department sequence: [5, 8, 11, 9, 2, 10, 6, 3, 7, 4, 1]
OFV: 825.5	/ CPU: 1.383 seconds 	/ department sequence: [1, 4, 3, 7, 6, 2, 10, 8, 11, 5, 9]
OFV: 825.5	/ CPU: 1.157 seconds 	/ department sequence: [1, 4, 3, 7, 6, 2, 10, 8, 11, 5, 9]
OFV: 868.0	/ CPU: 1.172 seconds 	/ department sequence: [3, 6, 2, 10, 4, 1, 7, 11, 9, 8, 5]
-- Am11f result
--------------------------------------------
HostNestNum = 5, P_a = 0.0
--------------------------------------------
-- 2020-06-10 23:27 result data
OFV: 868.0	/ CPU: 1.804 seconds 	/ department sequence: [6, 3, 2, 10, 4, 1, 7, 11, 9, 8, 5]
OFV: 827.0	/ CPU: 2.257 seconds 	/ department sequence: [4, 1, 3, 7, 6, 2, 10, 9, 11, 8, 5]
OFV: 825.5	/ CPU: 1.428 seconds 	/ department sequence: [1, 4, 3, 7, 6, 2, 10, 8, 11, 5, 9]
OFV: 825.5	/ CPU: 1.417 seconds 	/ department sequence: [1, 4, 3, 7, 6, 2, 10, 8, 11, 5, 9]
OFV: 840.0	/ CPU: 2.311 seconds 	/ department sequence: [4, 1, 2, 10, 6, 3, 7, 11, 8, 5, 9]
OFV: 825.5	/ CPU: 4.500 seconds 	/ department sequence: [1, 4, 3, 7, 6, 2, 10, 8, 11, 5, 9]
OFV: 827.0	/ CPU: 2.139 seconds 	/ department sequence: [5, 8, 11, 9, 2, 10, 6, 3, 7, 4, 1]
OFV: 868.0	/ CPU: 1.574 seconds 	/ department sequence: [3, 6, 2, 10, 4, 1, 7, 11, 9, 8, 5]
OFV: 868.0	/ CPU: 1.548 seconds 	/ department sequence: [3, 6, 2, 10, 4, 1, 7, 11, 8, 5, 9]
OFV: 827.0	/ CPU: 1.995 seconds 	/ department sequence: [5, 8, 11, 9, 2, 10, 6, 3, 7, 4, 1]
