-- P18 result
--------------------------------------------
HostNestNum = 5, P_a = 0.25
--------------------------------------------
-- 2019-01-08 14:36 result data
OFV: 10677.5	/ CPU: 1.955 seconds 	/ department sequence: [9, 13, 3, 6, 10, 5, 18, 14, 2, 16, 4, 11, 12, 8, 15, 7, 17, 1]
OFV: 10677.5	/ CPU: 2.100 seconds 	/ department sequence: [1, 17, 7, 15, 8, 12, 11, 4, 16, 2, 14, 18, 5, 10, 6, 3, 13, 9]
OFV: 10699.5	/ CPU: 2.037 seconds 	/ department sequence: [9, 13, 3, 6, 10, 18, 14, 2, 15, 16, 4, 11, 12, 8, 7, 5, 17, 1]
OFV: 11151.5	/ CPU: 1.948 seconds 	/ department sequence: [1, 17, 3, 18, 10, 8, 11, 4, 12, 14, 2, 16, 15, 7, 5, 6, 13, 9]
OFV: 10971.5	/ CPU: 3.220 seconds 	/ department sequence: [1, 17, 13, 5, 6, 7, 15, 8, 12, 11, 4, 2, 16, 14, 10, 18, 3, 9]
OFV: 10900.5	/ CPU: 1.902 seconds 	/ department sequence: [9, 13, 3, 6, 10, 5, 7, 14, 12, 2, 4, 11, 16, 8, 15, 18, 17, 1]
OFV: 10971.5	/ CPU: 2.610 seconds 	/ department sequence: [9, 3, 18, 10, 14, 16, 2, 4, 11, 12, 8, 15, 7, 6, 5, 13, 17, 1]
OFV: 10650.5	/ CPU: 3.693 seconds 	/ department sequence: [1, 17, 5, 7, 4, 11, 16, 8, 12, 15, 2, 14, 18, 10, 6, 3, 13, 9]
OFV: 10650.5	/ CPU: 2.085 seconds 	/ department sequence: [1, 17, 5, 7, 4, 11, 16, 8, 12, 15, 2, 14, 18, 10, 6, 3, 13, 9]
OFV: 11055.5	/ CPU: 1.952 seconds 	/ department sequence: [1, 17, 3, 18, 10, 15, 8, 12, 14, 2, 4, 11, 16, 7, 5, 6, 13, 9]
-- P18 result
--------------------------------------------
HostNestNum = 5, P_a = 0.25
--------------------------------------------
-- 2020-03-24 19:20 result data
OFV: 10650.5	/ CPU: 0.588 seconds 	/ department sequence: [1, 17, 5, 7, 4, 11, 16, 8, 12, 15, 2, 14, 18, 10, 6, 3, 13, 9]
OFV: 10650.5	/ CPU: 0.516 seconds 	/ department sequence: [9, 13, 3, 6, 10, 18, 14, 2, 15, 12, 8, 16, 11, 4, 7, 5, 17, 1]
OFV: 10650.5	/ CPU: 0.500 seconds 	/ department sequence: [1, 17, 5, 7, 4, 11, 16, 8, 12, 15, 2, 14, 18, 10, 6, 3, 13, 9]
OFV: 10650.5	/ CPU: 1.778 seconds 	/ department sequence: [9, 13, 3, 6, 10, 18, 14, 2, 15, 12, 8, 16, 11, 4, 7, 5, 17, 1]
OFV: 10650.5	/ CPU: 0.749 seconds 	/ department sequence: [1, 17, 5, 7, 4, 11, 16, 8, 12, 15, 2, 14, 18, 10, 6, 3, 13, 9]
OFV: 10650.5	/ CPU: 0.425 seconds 	/ department sequence: [1, 17, 5, 7, 4, 11, 16, 8, 12, 15, 2, 14, 18, 10, 6, 3, 13, 9]
OFV: 10650.5	/ CPU: 0.408 seconds 	/ department sequence: [1, 17, 5, 7, 4, 11, 16, 8, 12, 15, 2, 14, 18, 10, 6, 3, 13, 9]
OFV: 10650.5	/ CPU: 0.495 seconds 	/ department sequence: [1, 17, 5, 7, 4, 11, 16, 8, 12, 15, 2, 14, 18, 10, 6, 3, 13, 9]
OFV: 10650.5	/ CPU: 0.454 seconds 	/ department sequence: [1, 17, 5, 7, 4, 11, 16, 8, 12, 15, 2, 14, 18, 10, 6, 3, 13, 9]
OFV: 10650.5	/ CPU: 0.407 seconds 	/ department sequence: [1, 17, 5, 7, 4, 11, 16, 8, 12, 15, 2, 14, 18, 10, 6, 3, 13, 9]
