-- P18 result
--------------------------------------------
HostNestNum = 20, P_a = 0.05
--------------------------------------------
-- 2019-01-06 09:55summary result data
OFV: 10677.5	/ CPU: 2.162	/ department sequence: [9, 13, 3, 6, 10, 5, 18, 14, 2, 16, 4, 11, 12, 8, 15, 7, 17, 1]
-- 2019-01-06 09:55summary result data
OFV: 10677.5	/ CPU: 3.435	/ department sequence: [9, 13, 3, 6, 10, 5, 18, 14, 2, 16, 4, 11, 12, 8, 15, 7, 17, 1]
-- 2019-01-06 09:55summary result data
OFV: 10677.5	/ CPU: 1.922	/ department sequence: [1, 17, 7, 15, 8, 12, 11, 4, 16, 2, 14, 18, 5, 10, 6, 3, 13, 9]
-- 2019-01-06 09:55summary result data
OFV: 10650.5	/ CPU: 1.961	/ department sequence: [9, 13, 3, 6, 10, 18, 14, 2, 15, 12, 8, 16, 11, 4, 7, 5, 17, 1]
-- 2019-01-06 09:55summary result data
OFV: 11055.5	/ CPU: 1.884	/ department sequence: [9, 13, 6, 5, 7, 16, 11, 4, 2, 14, 12, 8, 15, 10, 18, 3, 17, 1]
-- 2019-01-06 09:55summary result data
OFV: 10677.5	/ CPU: 1.94	/ department sequence: [1, 17, 7, 15, 8, 12, 11, 4, 16, 2, 14, 18, 5, 10, 6, 3, 13, 9]
-- 2019-01-06 09:55summary result data
OFV: 10677.5	/ CPU: 2.063	/ department sequence: [9, 13, 3, 6, 10, 5, 18, 14, 2, 16, 4, 11, 12, 8, 15, 7, 17, 1]
-- 2019-01-06 09:55summary result data
OFV: 10677.5	/ CPU: 2.23	/ department sequence: [1, 17, 7, 15, 8, 12, 11, 4, 16, 2, 14, 18, 5, 10, 6, 3, 13, 9]
-- 2019-01-06 09:55summary result data
OFV: 10650.5	/ CPU: 2.126	/ department sequence: [1, 17, 5, 7, 4, 11, 16, 8, 12, 15, 2, 14, 18, 10, 6, 3, 13, 9]
-- 2019-01-06 09:55summary result data
OFV: 10650.5	/ CPU: 2.457	/ department sequence: [9, 13, 3, 6, 10, 18, 14, 2, 15, 12, 8, 16, 11, 4, 7, 5, 17, 1]
