-- P18 result
--------------------------------------------
HostNestNum = 20, P_a = 0.4
--------------------------------------------
-- 2019-01-06 09:58summary result data
OFV: 10971.5	/ CPU: 7.352	/ department sequence: [9, 3, 10, 18, 14, 16, 2, 4, 11, 12, 8, 15, 7, 6, 5, 13, 17, 1]
-- 2019-01-06 09:58summary result data
OFV: 10677.5	/ CPU: 5.978	/ department sequence: [1, 17, 7, 15, 8, 12, 11, 4, 16, 2, 14, 18, 5, 10, 6, 3, 13, 9]
-- 2019-01-06 09:58summary result data
OFV: 10650.5	/ CPU: 6.611	/ department sequence: [9, 13, 3, 6, 10, 18, 14, 2, 15, 12, 8, 16, 11, 4, 7, 5, 17, 1]
-- 2019-01-06 09:59summary result data
OFV: 11055.5	/ CPU: 8.628	/ department sequence: [9, 13, 17, 5, 6, 7, 4, 16, 11, 8, 12, 2, 14, 15, 18, 10, 3, 1]
-- 2019-01-06 09:59summary result data
OFV: 10650.5	/ CPU: 6.698	/ department sequence: [9, 13, 3, 6, 10, 18, 14, 2, 15, 12, 8, 16, 11, 4, 7, 5, 17, 1]
-- 2019-01-06 09:59summary result data
OFV: 11196.5	/ CPU: 6.28	/ department sequence: [1, 3, 7, 15, 12, 14, 2, 4, 16, 11, 8, 18, 10, 6, 5, 17, 13, 9]
-- 2019-01-06 09:59summary result data
OFV: 10677.5	/ CPU: 6.488	/ department sequence: [1, 17, 7, 15, 8, 12, 11, 4, 16, 2, 14, 18, 5, 10, 6, 3, 13, 9]
-- 2019-01-06 09:59summary result data
OFV: 10971.5	/ CPU: 5.994	/ department sequence: [9, 3, 18, 10, 14, 16, 2, 4, 11, 12, 8, 15, 7, 6, 5, 13, 17, 1]
-- 2019-01-06 09:59summary result data
OFV: 10650.5	/ CPU: 6.219	/ department sequence: [9, 13, 3, 6, 10, 18, 14, 2, 15, 12, 8, 16, 11, 4, 7, 5, 17, 1]
-- 2019-01-06 09:59summary result data
OFV: 11055.5	/ CPU: 6.872	/ department sequence: [1, 3, 10, 18, 15, 14, 2, 12, 8, 11, 16, 4, 7, 6, 5, 17, 13, 9]
