-- P18 result
--------------------------------------------
HostNestNum = 50, P_a = 0.4
--------------------------------------------
-- 2019-01-06 10:08summary result data
OFV: 10677.5	/ CPU: 13.54	/ department sequence: [1, 17, 7, 15, 8, 12, 11, 4, 16, 2, 14, 18, 5, 10, 6, 3, 13, 9]
-- 2019-01-06 10:08summary result data
OFV: 11055.5	/ CPU: 26.202	/ department sequence: [9, 13, 17, 5, 6, 7, 4, 16, 11, 8, 12, 2, 14, 15, 18, 10, 3, 1]
-- 2019-01-06 10:08summary result data
OFV: 10677.5	/ CPU: 14.71	/ department sequence: [9, 13, 3, 6, 10, 5, 18, 14, 2, 16, 4, 11, 12, 8, 15, 7, 17, 1]
-- 2019-01-06 10:08summary result data
OFV: 10650.5	/ CPU: 13.21	/ department sequence: [1, 17, 5, 7, 4, 11, 16, 8, 12, 15, 2, 14, 18, 10, 6, 3, 13, 9]
-- 2019-01-06 10:09summary result data
OFV: 10981.5	/ CPU: 14.466	/ department sequence: [9, 3, 10, 18, 14, 2, 15, 12, 8, 16, 11, 4, 7, 6, 5, 13, 17, 1]
-- 2019-01-06 10:09summary result data
OFV: 10677.5	/ CPU: 24.215	/ department sequence: [1, 17, 7, 15, 8, 12, 11, 4, 16, 2, 14, 18, 5, 10, 6, 3, 13, 9]
-- 2019-01-06 10:09summary result data
OFV: 10677.5	/ CPU: 12.928	/ department sequence: [1, 17, 7, 15, 8, 12, 11, 4, 16, 2, 14, 18, 5, 10, 6, 3, 13, 9]
-- 2019-01-06 10:10summary result data
OFV: 10971.5	/ CPU: 28.724	/ department sequence: [1, 17, 13, 5, 6, 7, 15, 8, 12, 11, 4, 2, 16, 14, 10, 18, 3, 9]
-- 2019-01-06 10:10summary result data
OFV: 10650.5	/ CPU: 14.483	/ department sequence: [9, 13, 3, 6, 10, 18, 14, 2, 15, 12, 8, 16, 11, 4, 7, 5, 17, 1]
-- 2019-01-06 10:10summary result data
OFV: 10971.5	/ CPU: 15.116	/ department sequence: [9, 3, 18, 10, 14, 16, 2, 4, 11, 12, 8, 15, 7, 6, 5, 13, 17, 1]
