-- P18 result
--------------------------------------------
HostNestNum = 20, P_a = 0.5
--------------------------------------------
-- 2019-01-06 09:59summary result data
OFV: 10905.5	/ CPU: 7.502	/ department sequence: [1, 17, 7, 18, 15, 4, 2, 12, 14, 11, 16, 8, 5, 10, 6, 3, 13, 9]
-- 2019-01-06 09:59summary result data
OFV: 10650.5	/ CPU: 7.733	/ department sequence: [1, 17, 5, 7, 4, 11, 16, 8, 12, 15, 2, 14, 18, 10, 6, 3, 13, 9]
-- 2019-01-06 10:00summary result data
OFV: 10677.5	/ CPU: 8.438	/ department sequence: [9, 13, 3, 6, 10, 5, 18, 14, 2, 16, 4, 11, 12, 8, 15, 7, 17, 1]
-- 2019-01-06 10:00summary result data
OFV: 10905.5	/ CPU: 7.396	/ department sequence: [9, 13, 3, 6, 10, 5, 8, 16, 11, 14, 12, 2, 4, 15, 18, 7, 17, 1]
-- 2019-01-06 10:00summary result data
OFV: 10677.5	/ CPU: 10.951	/ department sequence: [9, 13, 3, 6, 10, 5, 18, 14, 2, 16, 4, 11, 12, 8, 15, 7, 17, 1]
-- 2019-01-06 10:00summary result data
OFV: 10677.5	/ CPU: 7.29	/ department sequence: [1, 17, 7, 15, 8, 12, 11, 4, 16, 2, 14, 18, 5, 10, 6, 3, 13, 9]
-- 2019-01-06 10:00summary result data
OFV: 10682.5	/ CPU: 9.006	/ department sequence: [9, 13, 3, 6, 10, 18, 14, 16, 2, 4, 11, 12, 8, 15, 7, 5, 17, 1]
-- 2019-01-06 10:00summary result data
OFV: 11229.5	/ CPU: 7.257	/ department sequence: [1, 3, 10, 18, 11, 16, 14, 2, 4, 12, 15, 8, 7, 6, 5, 17, 13, 9]
-- 2019-01-06 10:00summary result data
OFV: 10677.5	/ CPU: 8.097	/ department sequence: [1, 17, 7, 15, 8, 12, 11, 4, 16, 2, 14, 18, 5, 10, 6, 3, 13, 9]
-- 2019-01-06 10:01summary result data
OFV: 10650.5	/ CPU: 9.354	/ department sequence: [1, 17, 5, 7, 4, 11, 16, 8, 12, 15, 2, 14, 18, 10, 6, 3, 13, 9]
