-- P18 result
--------------------------------------------
HostNestNum = 5, P_a = 0.05
--------------------------------------------
-- 2019-01-06 09:41summary result data
OFV: 10677.5	/ CPU: 1.525	/ department sequence: [1, 17, 7, 15, 8, 12, 11, 4, 16, 2, 14, 18, 5, 10, 6, 3, 13, 9]
-- 2019-01-06 09:41summary result data
OFV: 10677.5	/ CPU: 1.266	/ department sequence: [1, 17, 7, 15, 8, 12, 11, 4, 16, 2, 14, 18, 5, 10, 6, 3, 13, 9]
-- 2019-01-06 09:41summary result data
OFV: 10650.5	/ CPU: 1.374	/ department sequence: [9, 13, 3, 6, 10, 18, 14, 2, 15, 12, 8, 16, 11, 4, 7, 5, 17, 1]
-- 2019-01-06 09:41summary result data
OFV: 10677.5	/ CPU: 1.336	/ department sequence: [1, 17, 7, 15, 8, 12, 11, 4, 16, 2, 14, 18, 5, 10, 6, 3, 13, 9]
-- 2019-01-06 09:41summary result data
OFV: 10682.5	/ CPU: 2.392	/ department sequence: [1, 17, 5, 7, 15, 8, 12, 11, 4, 2, 16, 14, 18, 10, 6, 3, 13, 9]
-- 2019-01-06 09:41summary result data
OFV: 11055.5	/ CPU: 1.319	/ department sequence: [1, 17, 3, 18, 10, 15, 8, 12, 14, 2, 4, 11, 16, 7, 5, 6, 13, 9]
-- 2019-01-06 09:41summary result data
OFV: 10677.5	/ CPU: 1.997	/ department sequence: [1, 17, 7, 15, 8, 12, 11, 4, 16, 2, 14, 18, 5, 10, 6, 3, 13, 9]
-- 2019-01-06 09:41summary result data
OFV: 10677.5	/ CPU: 1.255	/ department sequence: [1, 17, 7, 15, 8, 12, 11, 4, 16, 2, 14, 18, 5, 10, 6, 3, 13, 9]
-- 2019-01-06 09:41summary result data
OFV: 10971.5	/ CPU: 1.239	/ department sequence: [1, 17, 13, 5, 6, 7, 15, 8, 12, 11, 4, 2, 16, 14, 10, 18, 3, 9]
-- 2019-01-06 09:41summary result data
OFV: 10971.5	/ CPU: 1.394	/ department sequence: [1, 17, 13, 5, 6, 7, 15, 8, 12, 11, 4, 2, 16, 14, 10, 18, 3, 9]
