-- P18 result
--------------------------------------------
HostNestNum = 5, P_a = 0.0
--------------------------------------------
-- 2019-01-08 14:35 result data
OFV: 11055.5	/ CPU: 2.897 seconds 	/ department sequence: [9, 13, 17, 5, 6, 7, 4, 16, 11, 8, 12, 2, 14, 15, 18, 10, 3, 1]
OFV: 10677.5	/ CPU: 2.719 seconds 	/ department sequence: [1, 17, 7, 15, 8, 12, 11, 4, 16, 2, 14, 18, 5, 10, 6, 3, 13, 9]
OFV: 11257.5	/ CPU: 2.068 seconds 	/ department sequence: [9, 13, 3, 6, 7, 16, 11, 4, 14, 2, 12, 8, 15, 18, 10, 5, 17, 1]
OFV: 10650.5	/ CPU: 2.401 seconds 	/ department sequence: [1, 17, 5, 7, 4, 11, 16, 8, 12, 15, 2, 14, 18, 10, 6, 3, 13, 9]
OFV: 10905.5	/ CPU: 2.055 seconds 	/ department sequence: [1, 17, 7, 18, 15, 4, 2, 12, 14, 11, 16, 8, 5, 10, 6, 3, 13, 9]
OFV: 10650.5	/ CPU: 1.467 seconds 	/ department sequence: [9, 13, 3, 6, 10, 18, 14, 2, 15, 12, 8, 16, 11, 4, 7, 5, 17, 1]
OFV: 11099.5	/ CPU: 1.328 seconds 	/ department sequence: [9, 13, 17, 5, 6, 8, 16, 11, 4, 7, 12, 2, 14, 15, 18, 10, 3, 1]
OFV: 10971.5	/ CPU: 1.281 seconds 	/ department sequence: [1, 17, 13, 5, 6, 7, 15, 8, 12, 11, 4, 2, 16, 14, 10, 18, 3, 9]
OFV: 10682.5	/ CPU: 1.393 seconds 	/ department sequence: [9, 13, 3, 6, 10, 18, 14, 16, 2, 4, 11, 12, 8, 15, 7, 5, 17, 1]
OFV: 10650.5	/ CPU: 1.481 seconds 	/ department sequence: [1, 17, 5, 7, 4, 11, 16, 8, 12, 15, 2, 14, 18, 10, 6, 3, 13, 9]
-- P18 result
--------------------------------------------
HostNestNum = 5, P_a = 0.0
--------------------------------------------
-- 2020-03-11 03:41 result data
OFV: 10650.5	/ CPU: 10.591 seconds 	/ department sequence: [9, 13, 3, 6, 5, 18, 10, 2, 16, 14, 12, 8, 15, 4, 11, 17, 7, 1]
OFV: 10656.5	/ CPU: 6.599 seconds 	/ department sequence: [9, 13, 3, 10, 6, 18, 14, 2, 15, 16, 5, 4, 11, 12, 8, 7, 17, 1]
OFV: 10650.5	/ CPU: 6.259 seconds 	/ department sequence: [1, 17, 5, 7, 11, 8, 12, 4, 2, 16, 14, 15, 18, 10, 6, 3, 9, 13]
OFV: 10650.5	/ CPU: 4.321 seconds 	/ department sequence: [9, 3, 13, 6, 10, 5, 14, 18, 2, 4, 11, 16, 8, 12, 15, 7, 17, 1]
OFV: 10650.5	/ CPU: 8.203 seconds 	/ department sequence: [1, 17, 5, 10, 6, 7, 12, 11, 8, 4, 15, 16, 2, 14, 18, 9, 3, 13]
OFV: 10658.5	/ CPU: 4.506 seconds 	/ department sequence: [9, 13, 3, 6, 10, 18, 15, 14, 2, 12, 8, 16, 11, 4, 7, 5, 17, 1]
OFV: 10650.5	/ CPU: 3.339 seconds 	/ department sequence: [17, 1, 5, 15, 7, 4, 8, 12, 18, 14, 2, 11, 16, 10, 6, 3, 9, 13]
OFV: 10656.5	/ CPU: 5.928 seconds 	/ department sequence: [1, 7, 17, 5, 16, 11, 4, 12, 14, 2, 15, 8, 18, 10, 6, 3, 9, 13]
OFV: 10650.5	/ CPU: 9.918 seconds 	/ department sequence: [1, 17, 7, 15, 12, 8, 11, 4, 2, 18, 5, 16, 10, 14, 3, 13, 6, 9]
OFV: 10650.5	/ CPU: 3.850 seconds 	/ department sequence: [9, 13, 6, 3, 18, 10, 14, 15, 2, 12, 16, 8, 11, 4, 7, 5, 17, 1]
