-- P18 result
--------------------------------------------
HostNestNum = 15, P_a = 0.25
--------------------------------------------
-- 2019-01-08 14:44 result data
OFV: 10971.5	/ CPU: 4.142 seconds 	/ department sequence: [9, 3, 18, 10, 14, 16, 2, 4, 11, 12, 8, 15, 7, 6, 5, 13, 17, 1]
OFV: 10650.5	/ CPU: 3.884 seconds 	/ department sequence: [1, 17, 5, 7, 4, 11, 16, 8, 12, 15, 2, 14, 18, 10, 6, 3, 13, 9]
OFV: 10677.5	/ CPU: 4.269 seconds 	/ department sequence: [1, 17, 7, 15, 8, 12, 11, 4, 16, 2, 14, 18, 5, 10, 6, 3, 13, 9]
OFV: 10677.5	/ CPU: 5.655 seconds 	/ department sequence: [9, 13, 3, 6, 10, 5, 18, 14, 2, 16, 4, 11, 12, 8, 15, 7, 17, 1]
OFV: 10677.5	/ CPU: 6.544 seconds 	/ department sequence: [1, 17, 7, 15, 8, 12, 11, 4, 16, 2, 14, 18, 5, 10, 6, 3, 13, 9]
OFV: 10677.5	/ CPU: 3.904 seconds 	/ department sequence: [1, 17, 7, 15, 8, 12, 11, 4, 16, 2, 14, 18, 5, 10, 6, 3, 13, 9]
OFV: 10677.5	/ CPU: 3.890 seconds 	/ department sequence: [1, 17, 7, 15, 8, 12, 11, 4, 16, 2, 14, 18, 5, 10, 6, 3, 13, 9]
OFV: 11151.5	/ CPU: 3.964 seconds 	/ department sequence: [9, 13, 6, 5, 7, 15, 16, 2, 14, 12, 4, 11, 8, 10, 18, 3, 17, 1]
OFV: 10971.5	/ CPU: 3.854 seconds 	/ department sequence: [1, 17, 13, 5, 6, 7, 15, 8, 12, 11, 4, 2, 16, 14, 10, 18, 3, 9]
OFV: 10677.5	/ CPU: 5.229 seconds 	/ department sequence: [1, 17, 7, 15, 8, 12, 11, 4, 16, 2, 14, 18, 5, 10, 6, 3, 13, 9]
-- P18 result
--------------------------------------------
HostNestNum = 15, P_a = 0.25
--------------------------------------------
-- 2020-03-24 19:21 result data
OFV: 10650.5	/ CPU: 1.639 seconds 	/ department sequence: [1, 17, 5, 7, 4, 11, 16, 8, 12, 15, 2, 14, 18, 10, 6, 3, 13, 9]
OFV: 10650.5	/ CPU: 1.490 seconds 	/ department sequence: [9, 13, 3, 6, 10, 18, 14, 2, 15, 12, 8, 16, 11, 4, 7, 5, 17, 1]
OFV: 10677.5	/ CPU: 1.371 seconds 	/ department sequence: [1, 17, 7, 15, 8, 12, 11, 4, 16, 2, 14, 18, 5, 10, 6, 3, 13, 9]
OFV: 10650.5	/ CPU: 1.643 seconds 	/ department sequence: [1, 17, 5, 7, 4, 11, 16, 8, 12, 15, 2, 14, 18, 10, 6, 3, 13, 9]
OFV: 10650.5	/ CPU: 1.706 seconds 	/ department sequence: [9, 13, 3, 6, 10, 18, 14, 2, 15, 12, 8, 16, 11, 4, 7, 5, 17, 1]
OFV: 10650.5	/ CPU: 1.454 seconds 	/ department sequence: [1, 17, 5, 7, 4, 11, 16, 8, 12, 15, 2, 14, 18, 10, 6, 3, 13, 9]
OFV: 10650.5	/ CPU: 1.969 seconds 	/ department sequence: [1, 17, 5, 7, 4, 11, 16, 8, 12, 15, 2, 14, 18, 10, 6, 3, 13, 9]
OFV: 10650.5	/ CPU: 1.234 seconds 	/ department sequence: [1, 17, 5, 7, 4, 11, 16, 8, 12, 15, 2, 14, 18, 10, 6, 3, 13, 9]
OFV: 10650.5	/ CPU: 1.305 seconds 	/ department sequence: [9, 13, 3, 6, 10, 18, 14, 2, 15, 12, 8, 16, 11, 4, 7, 5, 17, 1]
OFV: 10650.5	/ CPU: 1.574 seconds 	/ department sequence: [1, 17, 5, 7, 4, 11, 16, 8, 12, 15, 2, 14, 18, 10, 6, 3, 13, 9]
