-- P18 result
--------------------------------------------
HostNestNum = 10, P_a = 0.0
--------------------------------------------
-- 2019-01-08 14:38 result data
OFV: 10650.5	/ CPU: 1.580 seconds 	/ department sequence: [1, 17, 5, 7, 4, 11, 16, 8, 12, 15, 2, 14, 18, 10, 6, 3, 13, 9]
OFV: 10650.5	/ CPU: 1.273 seconds 	/ department sequence: [1, 17, 5, 7, 4, 11, 16, 8, 12, 15, 2, 14, 18, 10, 6, 3, 13, 9]
OFV: 11151.5	/ CPU: 1.338 seconds 	/ department sequence: [1, 17, 3, 18, 10, 8, 11, 4, 12, 14, 2, 16, 15, 7, 5, 6, 13, 9]
OFV: 11099.5	/ CPU: 1.343 seconds 	/ department sequence: [1, 3, 10, 18, 15, 14, 2, 12, 7, 4, 11, 16, 8, 6, 5, 17, 13, 9]
OFV: 10650.5	/ CPU: 1.394 seconds 	/ department sequence: [9, 13, 3, 6, 10, 18, 14, 2, 15, 12, 8, 16, 11, 4, 7, 5, 17, 1]
OFV: 10971.5	/ CPU: 1.519 seconds 	/ department sequence: [9, 3, 10, 18, 14, 16, 2, 4, 11, 12, 8, 15, 7, 6, 5, 13, 17, 1]
OFV: 10971.5	/ CPU: 1.307 seconds 	/ department sequence: [1, 17, 13, 5, 6, 7, 15, 8, 12, 11, 4, 2, 16, 14, 10, 18, 3, 9]
OFV: 11099.5	/ CPU: 1.754 seconds 	/ department sequence: [1, 3, 10, 18, 15, 14, 2, 12, 7, 4, 11, 16, 8, 6, 5, 17, 13, 9]
OFV: 10650.5	/ CPU: 1.502 seconds 	/ department sequence: [1, 17, 5, 7, 4, 11, 16, 8, 12, 15, 2, 14, 18, 10, 6, 3, 13, 9]
OFV: 10981.5	/ CPU: 1.731 seconds 	/ department sequence: [9, 3, 18, 10, 14, 2, 15, 12, 8, 16, 11, 4, 7, 6, 5, 13, 17, 1]
-- P18 result
--------------------------------------------
HostNestNum = 10, P_a = 0.0
--------------------------------------------
-- 2020-03-11 03:42 result data
