-- P18 result
--------------------------------------------
HostNestNum = 10, P_a = 0.05
--------------------------------------------
-- 2019-01-06 09:45summary result data
OFV: 10677.5	/ CPU: 2.406	/ department sequence: [9, 13, 3, 6, 10, 5, 18, 14, 2, 16, 4, 11, 12, 8, 15, 7, 17, 1]
-- 2019-01-06 09:45summary result data
OFV: 10677.5	/ CPU: 2.033	/ department sequence: [1, 17, 7, 15, 8, 12, 11, 4, 16, 2, 14, 18, 5, 10, 6, 3, 13, 9]
-- 2019-01-06 09:45summary result data
OFV: 10971.5	/ CPU: 2.078	/ department sequence: [9, 3, 10, 18, 14, 16, 2, 4, 11, 12, 8, 15, 7, 6, 5, 13, 17, 1]
-- 2019-01-06 09:45summary result data
OFV: 10971.5	/ CPU: 2.257	/ department sequence: [1, 17, 13, 5, 6, 7, 15, 8, 12, 11, 4, 2, 16, 14, 10, 18, 3, 9]
-- 2019-01-06 09:45summary result data
OFV: 10650.5	/ CPU: 2.596	/ department sequence: [1, 17, 5, 7, 4, 11, 16, 8, 12, 15, 2, 14, 18, 10, 6, 3, 13, 9]
-- 2019-01-06 09:45summary result data
OFV: 11055.5	/ CPU: 1.823	/ department sequence: [9, 13, 17, 5, 6, 7, 4, 16, 11, 8, 12, 2, 14, 15, 18, 10, 3, 1]
-- 2019-01-06 09:45summary result data
OFV: 10682.5	/ CPU: 1.828	/ department sequence: [1, 17, 5, 7, 15, 8, 12, 11, 4, 2, 16, 14, 18, 10, 6, 3, 13, 9]
-- 2019-01-06 09:45summary result data
OFV: 10677.5	/ CPU: 2.089	/ department sequence: [1, 17, 7, 15, 8, 12, 11, 4, 16, 2, 14, 18, 5, 10, 6, 3, 13, 9]
-- 2019-01-06 09:45summary result data
OFV: 10981.5	/ CPU: 1.852	/ department sequence: [1, 17, 13, 5, 6, 7, 4, 11, 16, 8, 12, 15, 2, 14, 18, 10, 3, 9]
-- 2019-01-06 09:45summary result data
OFV: 11214.5	/ CPU: 3.171	/ department sequence: [9, 13, 16, 15, 8, 11, 12, 14, 2, 4, 7, 6, 5, 10, 18, 3, 17, 1]
