-- P18 result
--------------------------------------------
HostNestNum = 10, P_a = 0.01
--------------------------------------------
-- 2019-01-06 09:44summary result data
OFV: 11214.5	/ CPU: 1.893	/ department sequence: [9, 13, 16, 15, 8, 11, 12, 14, 2, 4, 7, 6, 5, 10, 18, 3, 17, 1]
-- 2019-01-06 09:44summary result data
OFV: 10677.5	/ CPU: 1.57	/ department sequence: [9, 13, 3, 6, 10, 5, 18, 14, 2, 16, 4, 11, 12, 8, 15, 7, 17, 1]
-- 2019-01-06 09:44summary result data
OFV: 10682.5	/ CPU: 1.266	/ department sequence: [1, 17, 5, 7, 15, 8, 12, 11, 4, 2, 16, 14, 18, 10, 6, 3, 13, 9]
-- 2019-01-06 09:45summary result data
OFV: 10677.5	/ CPU: 1.639	/ department sequence: [1, 17, 7, 15, 8, 12, 11, 4, 16, 2, 14, 18, 5, 10, 6, 3, 13, 9]
-- 2019-01-06 09:45summary result data
OFV: 11055.5	/ CPU: 1.246	/ department sequence: [1, 3, 10, 18, 15, 14, 2, 12, 8, 11, 16, 4, 7, 6, 5, 17, 13, 9]
-- 2019-01-06 09:45summary result data
OFV: 10677.5	/ CPU: 1.47	/ department sequence: [1, 17, 7, 15, 8, 12, 11, 4, 16, 2, 14, 18, 5, 10, 6, 3, 13, 9]
-- 2019-01-06 09:45summary result data
OFV: 11214.5	/ CPU: 1.275	/ department sequence: [1, 17, 3, 18, 10, 5, 6, 7, 4, 2, 14, 12, 11, 8, 15, 16, 13, 9]
-- 2019-01-06 09:45summary result data
OFV: 10650.5	/ CPU: 1.25	/ department sequence: [9, 13, 3, 6, 10, 18, 14, 2, 15, 12, 8, 16, 11, 4, 7, 5, 17, 1]
-- 2019-01-06 09:45summary result data
OFV: 11151.5	/ CPU: 2.32	/ department sequence: [9, 13, 6, 5, 7, 15, 16, 2, 14, 12, 4, 11, 8, 10, 18, 3, 17, 1]
-- 2019-01-06 09:45summary result data
OFV: 10650.5	/ CPU: 2.222	/ department sequence: [1, 17, 5, 7, 4, 11, 16, 8, 12, 15, 2, 14, 18, 10, 6, 3, 13, 9]
