-- P18 result
--------------------------------------------
HostNestNum = 5, P_a = 0.01
--------------------------------------------
-- 2019-01-06 09:41summary result data
OFV: 11151.5	/ CPU: 1.27	/ department sequence: [9, 13, 6, 5, 7, 15, 16, 2, 14, 12, 4, 11, 8, 10, 18, 3, 17, 1]
-- 2019-01-06 09:41summary result data
OFV: 11312.5	/ CPU: 1.255	/ department sequence: [1, 9, 3, 10, 16, 11, 14, 12, 8, 15, 2, 4, 18, 7, 6, 5, 17, 13]
-- 2019-01-06 09:41summary result data
OFV: 11238.5	/ CPU: 1.499	/ department sequence: [1, 17, 3, 18, 10, 5, 6, 7, 12, 14, 2, 4, 11, 8, 15, 16, 13, 9]
-- 2019-01-06 09:41summary result data
OFV: 10905.5	/ CPU: 1.279	/ department sequence: [9, 13, 3, 6, 10, 5, 8, 16, 11, 14, 12, 2, 4, 15, 18, 7, 17, 1]
-- 2019-01-06 09:41summary result data
OFV: 11055.5	/ CPU: 1.252	/ department sequence: [9, 13, 6, 5, 7, 16, 11, 4, 2, 14, 12, 8, 15, 10, 18, 3, 17, 1]
-- 2019-01-06 09:41summary result data
OFV: 10650.5	/ CPU: 1.323	/ department sequence: [9, 13, 3, 6, 10, 18, 14, 2, 15, 12, 8, 16, 11, 4, 7, 5, 17, 1]
-- 2019-01-06 09:41summary result data
OFV: 10677.5	/ CPU: 1.41	/ department sequence: [1, 17, 7, 15, 8, 12, 11, 4, 16, 2, 14, 18, 5, 10, 6, 3, 13, 9]
-- 2019-01-06 09:41summary result data
OFV: 10677.5	/ CPU: 2.313	/ department sequence: [1, 17, 7, 15, 8, 12, 11, 4, 16, 2, 14, 18, 5, 10, 6, 3, 13, 9]
-- 2019-01-06 09:41summary result data
OFV: 10971.5	/ CPU: 1.302	/ department sequence: [9, 3, 10, 18, 14, 16, 2, 4, 11, 12, 8, 15, 7, 6, 5, 13, 17, 1]
-- 2019-01-06 09:41summary result data
OFV: 10677.5	/ CPU: 1.281	/ department sequence: [1, 17, 7, 15, 8, 12, 11, 4, 16, 2, 14, 18, 5, 10, 6, 3, 13, 9]
