-- P18 result
--------------------------------------------
HostNestNum = 20, P_a = 0.01
--------------------------------------------
-- 2019-01-06 09:55summary result data
OFV: 10650.5	/ CPU: 1.636	/ department sequence: [9, 13, 3, 6, 10, 18, 14, 2, 15, 12, 8, 16, 11, 4, 7, 5, 17, 1]
-- 2019-01-06 09:55summary result data
OFV: 11214.5	/ CPU: 1.49	/ department sequence: [9, 13, 16, 15, 8, 11, 12, 14, 2, 4, 7, 6, 5, 10, 18, 3, 17, 1]
-- 2019-01-06 09:55summary result data
OFV: 10650.5	/ CPU: 1.423	/ department sequence: [9, 13, 3, 6, 10, 18, 14, 2, 15, 12, 8, 16, 11, 4, 7, 5, 17, 1]
-- 2019-01-06 09:55summary result data
OFV: 10650.5	/ CPU: 1.465	/ department sequence: [1, 17, 5, 7, 4, 11, 16, 8, 12, 15, 2, 14, 18, 10, 6, 3, 13, 9]
-- 2019-01-06 09:55summary result data
OFV: 10650.5	/ CPU: 1.359	/ department sequence: [9, 13, 3, 6, 10, 18, 14, 2, 15, 12, 8, 16, 11, 4, 7, 5, 17, 1]
-- 2019-01-06 09:55summary result data
OFV: 10650.5	/ CPU: 1.305	/ department sequence: [1, 17, 5, 7, 4, 11, 16, 8, 12, 15, 2, 14, 18, 10, 6, 3, 13, 9]
-- 2019-01-06 09:55summary result data
OFV: 10682.5	/ CPU: 1.233	/ department sequence: [9, 13, 3, 6, 10, 18, 14, 16, 2, 4, 11, 12, 8, 15, 7, 5, 17, 1]
-- 2019-01-06 09:55summary result data
OFV: 10650.5	/ CPU: 2.023	/ department sequence: [9, 13, 3, 6, 10, 18, 14, 2, 15, 12, 8, 16, 11, 4, 7, 5, 17, 1]
-- 2019-01-06 09:55summary result data
OFV: 10971.5	/ CPU: 2.041	/ department sequence: [1, 17, 13, 5, 6, 7, 15, 8, 12, 11, 4, 2, 16, 14, 10, 18, 3, 9]
-- 2019-01-06 09:55summary result data
OFV: 10650.5	/ CPU: 1.377	/ department sequence: [1, 17, 5, 7, 4, 11, 16, 8, 12, 15, 2, 14, 18, 10, 6, 3, 13, 9]
