-- P18 result
--------------------------------------------
HostNestNum = 50, P_a = 0.01
--------------------------------------------
-- 2019-01-06 10:01summary result data
OFV: 10650.5	/ CPU: 2.173	/ department sequence: [9, 13, 3, 6, 10, 18, 14, 2, 15, 12, 8, 16, 11, 4, 7, 5, 17, 1]
-- 2019-01-06 10:01summary result data
OFV: 10650.5	/ CPU: 2.095	/ department sequence: [9, 13, 3, 6, 10, 18, 14, 2, 15, 12, 8, 16, 11, 4, 7, 5, 17, 1]
-- 2019-01-06 10:01summary result data
OFV: 10650.5	/ CPU: 3.942	/ department sequence: [1, 17, 5, 7, 4, 11, 16, 8, 12, 15, 2, 14, 18, 10, 6, 3, 13, 9]
-- 2019-01-06 10:01summary result data
OFV: 10650.5	/ CPU: 4.62	/ department sequence: [9, 13, 3, 6, 10, 18, 14, 2, 15, 12, 8, 16, 11, 4, 7, 5, 17, 1]
-- 2019-01-06 10:01summary result data
OFV: 10650.5	/ CPU: 2.141	/ department sequence: [9, 13, 3, 6, 10, 18, 14, 2, 15, 12, 8, 16, 11, 4, 7, 5, 17, 1]
-- 2019-01-06 10:01summary result data
OFV: 10650.5	/ CPU: 2.011	/ department sequence: [9, 13, 3, 6, 10, 18, 14, 2, 15, 12, 8, 16, 11, 4, 7, 5, 17, 1]
-- 2019-01-06 10:01summary result data
OFV: 10650.5	/ CPU: 1.905	/ department sequence: [9, 13, 3, 6, 10, 18, 14, 2, 15, 12, 8, 16, 11, 4, 7, 5, 17, 1]
-- 2019-01-06 10:01summary result data
OFV: 11055.5	/ CPU: 1.893	/ department sequence: [1, 17, 3, 18, 10, 15, 8, 12, 14, 2, 4, 11, 16, 7, 5, 6, 13, 9]
-- 2019-01-06 10:01summary result data
OFV: 10650.5	/ CPU: 3.715	/ department sequence: [1, 17, 5, 7, 4, 11, 16, 8, 12, 15, 2, 14, 18, 10, 6, 3, 13, 9]
-- 2019-01-06 10:01summary result data
OFV: 10677.5	/ CPU: 3.22	/ department sequence: [1, 17, 7, 15, 8, 12, 11, 4, 16, 2, 14, 18, 5, 10, 6, 3, 13, 9]
