-- P18 result
--------------------------------------------
HostNestNum = 20, P_a = 0.25
--------------------------------------------
-- 2019-01-06 09:57summary result data
OFV: 10677.5	/ CPU: 6.471	/ department sequence: [1, 17, 7, 15, 8, 12, 11, 4, 16, 2, 14, 18, 5, 10, 6, 3, 13, 9]
-- 2019-01-06 09:57summary result data
OFV: 10677.5	/ CPU: 5.36	/ department sequence: [1, 17, 7, 15, 8, 12, 11, 4, 16, 2, 14, 18, 5, 10, 6, 3, 13, 9]
-- 2019-01-06 09:58summary result data
OFV: 10650.5	/ CPU: 4.366	/ department sequence: [9, 13, 3, 6, 10, 18, 14, 2, 15, 12, 8, 16, 11, 4, 7, 5, 17, 1]
-- 2019-01-06 09:58summary result data
OFV: 10650.5	/ CPU: 4.372	/ department sequence: [9, 13, 3, 6, 10, 18, 14, 2, 15, 12, 8, 16, 11, 4, 7, 5, 17, 1]
-- 2019-01-06 09:58summary result data
OFV: 10677.5	/ CPU: 4.908	/ department sequence: [1, 17, 7, 15, 8, 12, 11, 4, 16, 2, 14, 18, 5, 10, 6, 3, 13, 9]
-- 2019-01-06 09:58summary result data
OFV: 11221.5	/ CPU: 4.393	/ department sequence: [1, 17, 3, 18, 10, 7, 4, 2, 14, 12, 11, 16, 8, 15, 5, 6, 13, 9]
-- 2019-01-06 09:58summary result data
OFV: 11290.5	/ CPU: 4.491	/ department sequence: [1, 17, 3, 18, 10, 5, 6, 7, 8, 12, 11, 4, 2, 14, 15, 16, 13, 9]
-- 2019-01-06 09:58summary result data
OFV: 10650.5	/ CPU: 5.085	/ department sequence: [1, 17, 5, 7, 4, 11, 16, 8, 12, 15, 2, 14, 18, 10, 6, 3, 13, 9]
-- 2019-01-06 09:58summary result data
OFV: 10682.5	/ CPU: 5.353	/ department sequence: [9, 13, 3, 6, 10, 18, 14, 16, 2, 4, 11, 12, 8, 15, 7, 5, 17, 1]
-- 2019-01-06 09:58summary result data
OFV: 10650.5	/ CPU: 5.129	/ department sequence: [1, 17, 5, 7, 4, 11, 16, 8, 12, 15, 2, 14, 18, 10, 6, 3, 13, 9]
