-- P18 result
--------------------------------------------
HostNestNum = 18, P_a = 0.2
--------------------------------------------
-- 2019-01-08 14:49 result data
OFV: 10650.5	/ CPU: 4.253 seconds 	/ department sequence: [1, 17, 5, 7, 4, 11, 16, 8, 12, 15, 2, 14, 18, 10, 6, 3, 13, 9]
OFV: 10650.5	/ CPU: 6.692 seconds 	/ department sequence: [1, 17, 5, 7, 4, 11, 16, 8, 12, 15, 2, 14, 18, 10, 6, 3, 13, 9]
OFV: 10677.5	/ CPU: 6.688 seconds 	/ department sequence: [1, 17, 7, 15, 8, 12, 11, 4, 16, 2, 14, 18, 5, 10, 6, 3, 13, 9]
OFV: 10650.5	/ CPU: 4.513 seconds 	/ department sequence: [1, 17, 5, 7, 4, 11, 16, 8, 12, 15, 2, 14, 18, 10, 6, 3, 13, 9]
OFV: 10650.5	/ CPU: 3.902 seconds 	/ department sequence: [1, 17, 5, 7, 4, 11, 16, 8, 12, 15, 2, 14, 18, 10, 6, 3, 13, 9]
OFV: 10677.5	/ CPU: 3.915 seconds 	/ department sequence: [1, 17, 7, 15, 8, 12, 11, 4, 16, 2, 14, 18, 5, 10, 6, 3, 13, 9]
OFV: 10971.5	/ CPU: 4.007 seconds 	/ department sequence: [9, 3, 18, 10, 14, 16, 2, 4, 11, 12, 8, 15, 7, 6, 5, 13, 17, 1]
OFV: 11151.5	/ CPU: 4.101 seconds 	/ department sequence: [1, 17, 3, 18, 10, 8, 11, 4, 12, 14, 2, 16, 15, 7, 5, 6, 13, 9]
OFV: 10650.5	/ CPU: 3.766 seconds 	/ department sequence: [9, 13, 3, 6, 10, 18, 14, 2, 15, 12, 8, 16, 11, 4, 7, 5, 17, 1]
OFV: 10677.5	/ CPU: 4.614 seconds 	/ department sequence: [1, 17, 7, 15, 8, 12, 11, 4, 16, 2, 14, 18, 5, 10, 6, 3, 13, 9]
-- P18 result
--------------------------------------------
HostNestNum = 18, P_a = 0.2
--------------------------------------------
-- 2020-03-24 19:21 result data
OFV: 10650.5	/ CPU: 1.419 seconds 	/ department sequence: [1, 17, 5, 7, 4, 11, 16, 8, 12, 15, 2, 14, 18, 10, 6, 3, 13, 9]
OFV: 10650.5	/ CPU: 1.990 seconds 	/ department sequence: [9, 13, 3, 6, 10, 18, 14, 2, 15, 12, 8, 16, 11, 4, 7, 5, 17, 1]
OFV: 10650.5	/ CPU: 1.421 seconds 	/ department sequence: [1, 17, 5, 7, 4, 11, 16, 8, 12, 15, 2, 14, 18, 10, 6, 3, 13, 9]
OFV: 10650.5	/ CPU: 2.147 seconds 	/ department sequence: [1, 17, 5, 7, 4, 11, 16, 8, 12, 15, 2, 14, 18, 10, 6, 3, 13, 9]
OFV: 10650.5	/ CPU: 1.591 seconds 	/ department sequence: [1, 17, 5, 7, 4, 11, 16, 8, 12, 15, 2, 14, 18, 10, 6, 3, 13, 9]
OFV: 10650.5	/ CPU: 2.980 seconds 	/ department sequence: [9, 13, 3, 6, 10, 18, 14, 2, 15, 12, 8, 16, 11, 4, 7, 5, 17, 1]
OFV: 10650.5	/ CPU: 1.485 seconds 	/ department sequence: [9, 13, 3, 6, 10, 18, 14, 2, 15, 12, 8, 16, 11, 4, 7, 5, 17, 1]
OFV: 10650.5	/ CPU: 1.410 seconds 	/ department sequence: [9, 13, 3, 6, 10, 18, 14, 2, 15, 12, 8, 16, 11, 4, 7, 5, 17, 1]
OFV: 10650.5	/ CPU: 1.410 seconds 	/ department sequence: [9, 13, 3, 6, 10, 18, 14, 2, 15, 12, 8, 16, 11, 4, 7, 5, 17, 1]
OFV: 10650.5	/ CPU: 1.810 seconds 	/ department sequence: [9, 13, 3, 6, 10, 18, 14, 2, 15, 12, 8, 16, 11, 4, 7, 5, 17, 1]
