-- P18 result
--------------------------------------------
HostNestNum = 50, P_a = 0.1
--------------------------------------------
-- 2019-01-06 10:02summary result data
OFV: 10677.5	/ CPU: 4.838	/ department sequence: [9, 13, 3, 6, 10, 5, 18, 14, 2, 16, 4, 11, 12, 8, 15, 7, 17, 1]
-- 2019-01-06 10:02summary result data
OFV: 11055.5	/ CPU: 6.93	/ department sequence: [9, 13, 17, 5, 6, 7, 4, 16, 11, 8, 12, 2, 14, 15, 18, 10, 3, 1]
-- 2019-01-06 10:02summary result data
OFV: 10677.5	/ CPU: 4.766	/ department sequence: [9, 13, 3, 6, 10, 5, 18, 14, 2, 16, 4, 11, 12, 8, 15, 7, 17, 1]
-- 2019-01-06 10:02summary result data
OFV: 10650.5	/ CPU: 5.125	/ department sequence: [9, 13, 3, 6, 10, 18, 14, 2, 15, 12, 8, 16, 11, 4, 7, 5, 17, 1]
-- 2019-01-06 10:02summary result data
OFV: 10650.5	/ CPU: 5.55	/ department sequence: [9, 13, 3, 6, 10, 18, 14, 2, 15, 12, 8, 16, 11, 4, 7, 5, 17, 1]
-- 2019-01-06 10:03summary result data
OFV: 10650.5	/ CPU: 5.242	/ department sequence: [9, 13, 3, 6, 10, 18, 14, 2, 15, 12, 8, 16, 11, 4, 7, 5, 17, 1]
-- 2019-01-06 10:03summary result data
OFV: 10650.5	/ CPU: 4.467	/ department sequence: [9, 13, 3, 6, 10, 18, 14, 2, 15, 12, 8, 16, 11, 4, 7, 5, 17, 1]
-- 2019-01-06 10:03summary result data
OFV: 10650.5	/ CPU: 5.376	/ department sequence: [9, 13, 3, 6, 10, 18, 14, 2, 15, 12, 8, 16, 11, 4, 7, 5, 17, 1]
-- 2019-01-06 10:03summary result data
OFV: 10677.5	/ CPU: 5.805	/ department sequence: [9, 13, 3, 6, 10, 5, 18, 14, 2, 16, 4, 11, 12, 8, 15, 7, 17, 1]
-- 2019-01-06 10:03summary result data
OFV: 10971.5	/ CPU: 4.286	/ department sequence: [9, 3, 10, 18, 14, 16, 2, 4, 11, 12, 8, 15, 7, 6, 5, 13, 17, 1]
