-- P18 result
--------------------------------------------
HostNestNum = 15, P_a = 0.05
--------------------------------------------
-- 2019-01-06 09:49summary result data
OFV: 10650.5	/ CPU: 2.374	/ department sequence: [9, 13, 3, 6, 10, 18, 14, 2, 15, 12, 8, 16, 11, 4, 7, 5, 17, 1]
-- 2019-01-06 09:49summary result data
OFV: 11055.5	/ CPU: 1.936	/ department sequence: [9, 13, 17, 5, 6, 7, 4, 16, 11, 8, 12, 2, 14, 15, 18, 10, 3, 1]
-- 2019-01-06 09:49summary result data
OFV: 10650.5	/ CPU: 2.057	/ department sequence: [1, 17, 5, 7, 4, 11, 16, 8, 12, 15, 2, 14, 18, 10, 6, 3, 13, 9]
-- 2019-01-06 09:49summary result data
OFV: 10677.5	/ CPU: 2.366	/ department sequence: [9, 13, 3, 6, 10, 5, 18, 14, 2, 16, 4, 11, 12, 8, 15, 7, 17, 1]
-- 2019-01-06 09:49summary result data
OFV: 11055.5	/ CPU: 2.018	/ department sequence: [9, 13, 17, 5, 6, 7, 4, 16, 11, 8, 12, 2, 14, 15, 18, 10, 3, 1]
-- 2019-01-06 09:49summary result data
OFV: 10650.5	/ CPU: 2.043	/ department sequence: [1, 17, 5, 7, 4, 11, 16, 8, 12, 15, 2, 14, 18, 10, 6, 3, 13, 9]
-- 2019-01-06 09:49summary result data
OFV: 10905.5	/ CPU: 1.895	/ department sequence: [1, 17, 7, 18, 15, 4, 2, 12, 14, 11, 16, 8, 5, 10, 6, 3, 13, 9]
-- 2019-01-06 09:49summary result data
OFV: 10650.5	/ CPU: 1.887	/ department sequence: [1, 17, 5, 7, 4, 11, 16, 8, 12, 15, 2, 14, 18, 10, 6, 3, 13, 9]
-- 2019-01-06 09:50summary result data
OFV: 10650.5	/ CPU: 2.277	/ department sequence: [1, 17, 5, 7, 4, 11, 16, 8, 12, 15, 2, 14, 18, 10, 6, 3, 13, 9]
-- 2019-01-06 09:50summary result data
OFV: 10971.5	/ CPU: 3.402	/ department sequence: [1, 17, 13, 5, 6, 7, 15, 8, 12, 11, 4, 2, 16, 14, 18, 10, 3, 9]
