The single-row facility layout problem(SRFLP) with Cuckoo Search Algorithm(CS)

Summary of computational results with the fixed_alpha parameter set

================================================================================
Problem	        Nest Number	Pa		Best OFV	    CPU Time(second)
-- 2019-01-11 15:09 result data
AnKeVa60-5		30			0.0		1728745.0		70.207
-- 2019-01-11 15:09 result data
AnKeVa60-5		30			0.0		994988.0		22.943
-- 2019-01-11 15:09 result data
AnKeVa60-5		30			0.0		785206.5		19.904
-- 2019-01-11 15:09 result data
AnKeVa60-5		30			0.0		503210.0		21.672
-- 2019-01-11 15:09 result data
AnKeVa60-5		30			0.0		397114.0		51.115
The single-row facility layout problem(SRFLP) with Cuckoo Search Algorithm(CS)

Summary of computational results with the fixed_alpha parameter set

================================================================================
Problem	Nest Number	Pa		Best OFV	CPU Time(second)
The single-row facility layout problem(SRFLP) with Cuckoo Search Algorithm(CS)

Summary of computational results with the fixed_alpha parameter set

================================================================================
Problem	Nest Number	Pa		Best OFV	CPU Time(second)
The single-row facility layout problem(SRFLP) with Cuckoo Search Algorithm(CS)

Summary of computational results with the fixed_alpha parameter set

================================================================================
Problem	Nest Number	Pa		Best OFV	CPU Time(second)
The single-row facility layout problem(SRFLP) with Cuckoo Search Algorithm(CS)

Summary of computational results with the fixed_alpha parameter set

================================================================================
Problem	Nest Number	Pa		Best OFV	CPU Time(second)
The single-row facility layout problem(SRFLP) with Cuckoo Search Algorithm(CS)

Summary of computational results with the fixed_alpha parameter set

================================================================================
Problem	Nest Number	Pa		Best OFV	CPU Time(second)
The single-row facility layout problem(SRFLP) with Cuckoo Search Algorithm(CS)

Summary of computational results with the fixed_alpha parameter set

================================================================================
Problem	Nest Number	Pa		Best OFV	CPU Time(second)
The single-row facility layout problem(SRFLP) with Cuckoo Search Algorithm(CS)

Summary of computational results with the fixed_alpha parameter set

================================================================================
Problem	Nest Number	Pa		Best OFV	CPU Time(second)
The single-row facility layout problem(SRFLP) with Cuckoo Search Algorithm(CS)

Summary of computational results with the fixed_alpha parameter set

================================================================================
Problem	Nest Number	Pa		Best OFV	CPU Time(second)
The single-row facility layout problem(SRFLP) with Cuckoo Search Algorithm(CS)

Summary of computational results with the fixed_alpha parameter set

================================================================================
Problem	Nest Number	Pa		Best OFV	CPU Time(second)
The single-row facility layout problem(SRFLP) with Cuckoo Search Algorithm(CS)

Summary of computational results with the fixed_alpha parameter set

================================================================================
Problem	Nest Number	Pa		Best OFV	CPU Time(second)
The single-row facility layout problem(SRFLP) with Cuckoo Search Algorithm(CS)

Summary of computational results with the fixed_alpha parameter set

================================================================================
Problem	Nest Number	Pa		Best OFV	CPU Time(second)
-- 2019-02-15 04:55 result data
AnKeVa60-5		15			0.0		1478790.0		601.914
-- 2019-02-15 04:55 result data
AnKeVa60-5		45			0.2		842032.0		3617.573
-- 2019-02-15 04:55 result data
AnKeVa60-5		30			0.0		649009.5		1698.683
-- 2019-02-15 04:55 result data
AnKeVa60-5		10			0.35		398706.0		869.345
-- 2019-02-15 04:55 result data
AnKeVa60-5		45			0.25		318942.0		2563.631
The single-row facility layout problem(SRFLP) with Cuckoo Search Algorithm(CS)

Summary of computational results with the fixed_alpha parameter set

================================================================================
Problem	Nest Number	Pa		Best OFV	CPU Time(second)
The single-row facility layout problem(SRFLP) with Cuckoo Search Algorithm(CS)

Summary of computational results with the fixed_alpha parameter set

================================================================================
Problem	Nest Number	Pa		Best OFV	CPU Time(second)
-- 2020-03-25 00:01 result data
AnKeVa60-1		45			0.25		1477834.0		322.841
The single-row facility layout problem(SRFLP) with Cuckoo Search Algorithm(CS)

Summary of computational results with the fixed_alpha parameter set

================================================================================
Problem	Nest Number	Pa		Best OFV	CPU Time(second)
The single-row facility layout problem(SRFLP) with Cuckoo Search Algorithm(CS)

Summary of computational results with the fixed_alpha parameter set

================================================================================
Problem	Nest Number	Pa		Best OFV	CPU Time(second)
The single-row facility layout problem(SRFLP) with Cuckoo Search Algorithm(CS)

Summary of computational results with the fixed_alpha parameter set

================================================================================
Problem	Nest Number	Pa		Best OFV	CPU Time(second)
The single-row facility layout problem(SRFLP) with Cuckoo Search Algorithm(CS)

Summary of computational results with the fixed_alpha parameter set

================================================================================
Problem	Nest Number	Pa		Best OFV	CPU Time(second)
The single-row facility layout problem(SRFLP) with Cuckoo Search Algorithm(CS)

Summary of computational results with the fixed_alpha parameter set

================================================================================
Problem	Nest Number	Pa		Best OFV	CPU Time(second)
The single-row facility layout problem(SRFLP) with Cuckoo Search Algorithm(CS)

Summary of computational results with the fixed_alpha parameter set

================================================================================
Problem	Nest Number	Pa		Best OFV	CPU Time(second)
The single-row facility layout problem(SRFLP) with Cuckoo Search Algorithm(CS)

Summary of computational results with the fixed_alpha parameter set

================================================================================
Problem	Nest Number	Pa		Best OFV	CPU Time(second)
The single-row facility layout problem(SRFLP) with Cuckoo Search Algorithm(CS)

Summary of computational results with the fixed_alpha parameter set

================================================================================
Problem	Nest Number	Pa		Best OFV	CPU Time(second)
The single-row facility layout problem(SRFLP) with Cuckoo Search Algorithm(CS)

Summary of computational results with the fixed_alpha parameter set

================================================================================
Problem	Nest Number	Pa		Best OFV	CPU Time(second)
The single-row facility layout problem(SRFLP) with Cuckoo Search Algorithm(CS)

Summary of computational results with the fixed_alpha parameter set

================================================================================
Problem	Nest Number	Pa		Best OFV	CPU Time(second)
The single-row facility layout problem(SRFLP) with Cuckoo Search Algorithm(CS)

Summary of computational results with the fixed_alpha parameter set

================================================================================
Problem	Nest Number	Pa		Best OFV	CPU Time(second)
The single-row facility layout problem(SRFLP) with Cuckoo Search Algorithm(CS)

Summary of computational results with the fixed_alpha parameter set

================================================================================
Problem	Nest Number	Pa		Best OFV	CPU Time(second)
The single-row facility layout problem(SRFLP) with Cuckoo Search Algorithm(CS)

Summary of computational results with the fixed_alpha parameter set

================================================================================
Problem	Nest Number	Pa		Best OFV	CPU Time(second)
The single-row facility layout problem(SRFLP) with Cuckoo Search Algorithm(CS)

Summary of computational results with the fixed_alpha parameter set

================================================================================
Problem	Nest Number	Pa		Best OFV	CPU Time(second)
The single-row facility layout problem(SRFLP) with Cuckoo Search Algorithm(CS)

Summary of computational results with the fixed_alpha parameter set

================================================================================
Problem	Nest Number	Pa		Best OFV	CPU Time(second)
The single-row facility layout problem(SRFLP) with Cuckoo Search Algorithm(CS)

Summary of computational results with the fixed_alpha parameter set

================================================================================
Problem	Nest Number	Pa		Best OFV	CPU Time(second)
The single-row facility layout problem(SRFLP) with Cuckoo Search Algorithm(CS)

Summary of computational results with the fixed_alpha parameter set

================================================================================
Problem	Nest Number	Pa		Best OFV	CPU Time(second)
The single-row facility layout problem(SRFLP) with Cuckoo Search Algorithm(CS)

Summary of computational results with the fixed_alpha parameter set

================================================================================
Problem	Nest Number	Pa		Best OFV	CPU Time(second)
The single-row facility layout problem(SRFLP) with Cuckoo Search Algorithm(CS)

Summary of computational results with the fixed_alpha parameter set

================================================================================
Problem	Nest Number	Pa		Best OFV	CPU Time(second)
The single-row facility layout problem(SRFLP) with Cuckoo Search Algorithm(CS)

Summary of computational results with the fixed_alpha parameter set

================================================================================
Problem	Nest Number	Pa		Best OFV	CPU Time(second)
The single-row facility layout problem(SRFLP) with Cuckoo Search Algorithm(CS)

Summary of computational results with the fixed_alpha parameter set

================================================================================
Problem	Nest Number	Pa		Best OFV	CPU Time(second)
-- 2020-03-26 20:28 result data
AnKeVa60-1		15			0.25		1477834.0		31.076
The single-row facility layout problem(SRFLP) with Cuckoo Search Algorithm(CS)

Summary of computational results with the fixed_alpha parameter set

================================================================================
Problem	Nest Number	Pa		Best OFV	CPU Time(second)
The single-row facility layout problem(SRFLP) with Cuckoo Search Algorithm(CS)

Summary of computational results with the fixed_alpha parameter set

================================================================================
Problem	Nest Number	Pa		Best OFV	CPU Time(second)
The single-row facility layout problem(SRFLP) with Cuckoo Search Algorithm(CS)

Summary of computational results with the fixed_alpha parameter set

================================================================================
Problem	Nest Number	Pa		Best OFV	CPU Time(second)
The single-row facility layout problem(SRFLP) with Cuckoo Search Algorithm(CS)

Summary of computational results with the fixed_alpha parameter set

================================================================================
Problem	Nest Number	Pa		Best OFV	CPU Time(second)
The single-row facility layout problem(SRFLP) with Cuckoo Search Algorithm(CS)

Summary of computational results with the fixed_alpha parameter set

================================================================================
Problem	Nest Number	Pa		Best OFV	CPU Time(second)
The single-row facility layout problem(SRFLP) with Cuckoo Search Algorithm(CS)

Summary of computational results with the fixed_alpha parameter set

================================================================================
Problem	Nest Number	Pa		Best OFV	CPU Time(second)
The single-row facility layout problem(SRFLP) with Cuckoo Search Algorithm(CS)

Summary of computational results with the fixed_alpha parameter set

================================================================================
Problem	Nest Number	Pa		Best OFV	CPU Time(second)
The single-row facility layout problem(SRFLP) with Cuckoo Search Algorithm(CS)

Summary of computational results with the fixed_alpha parameter set

================================================================================
Problem	Nest Number	Pa		Best OFV	CPU Time(second)
The single-row facility layout problem(SRFLP) with Cuckoo Search Algorithm(CS)

Summary of computational results with the fixed_alpha parameter set

================================================================================
Problem	Nest Number	Pa		Best OFV	CPU Time(second)
The single-row facility layout problem(SRFLP) with Cuckoo Search Algorithm(CS)

Summary of computational results with the fixed_alpha parameter set

================================================================================
Problem	Nest Number	Pa		Best OFV	CPU Time(second)
The single-row facility layout problem(SRFLP) with Cuckoo Search Algorithm(CS)

Summary of computational results with the fixed_alpha parameter set

================================================================================
Problem	Nest Number	Pa		Best OFV	CPU Time(second)
The single-row facility layout problem(SRFLP) with Cuckoo Search Algorithm(CS)

Summary of computational results with the fixed_alpha parameter set

================================================================================
Problem	Nest Number	Pa		Best OFV	CPU Time(second)
The single-row facility layout problem(SRFLP) with Cuckoo Search Algorithm(CS)

Summary of computational results with the fixed_alpha parameter set

================================================================================
Problem	Nest Number	Pa		Best OFV	CPU Time(second)
The single-row facility layout problem(SRFLP) with Cuckoo Search Algorithm(CS)

Summary of computational results with the fixed_alpha parameter set

================================================================================
Problem	Nest Number	Pa		Best OFV	CPU Time(second)
The single-row facility layout problem(SRFLP) with Cuckoo Search Algorithm(CS)

Summary of computational results with the fixed_alpha parameter set

================================================================================
Problem	Nest Number	Pa		Best OFV	CPU Time(second)
The single-row facility layout problem(SRFLP) with Cuckoo Search Algorithm(CS)

Summary of computational results with the fixed_alpha parameter set

================================================================================
Problem	Nest Number	Pa		Best OFV	CPU Time(second)
The single-row facility layout problem(SRFLP) with Cuckoo Search Algorithm(CS)

Summary of computational results with the fixed_alpha parameter set

================================================================================
Problem	Nest Number	Pa		Best OFV	CPU Time(second)
The single-row facility layout problem(SRFLP) with Cuckoo Search Algorithm(CS)

Summary of computational results with the fixed_alpha parameter set

================================================================================
Problem	Nest Number	Pa		Best OFV	CPU Time(second)
The single-row facility layout problem(SRFLP) with Cuckoo Search Algorithm(CS)

Summary of computational results with the fixed_alpha parameter set

================================================================================
Problem	Nest Number	Pa		Best OFV	CPU Time(second)
The single-row facility layout problem(SRFLP) with Cuckoo Search Algorithm(CS)

Summary of computational results with the fixed_alpha parameter set

================================================================================
Problem	Nest Number	Pa		Best OFV	CPU Time(second)
The single-row facility layout problem(SRFLP) with Cuckoo Search Algorithm(CS)

Summary of computational results with the fixed_alpha parameter set

================================================================================
Problem	Nest Number	Pa		Best OFV	CPU Time(second)
The single-row facility layout problem(SRFLP) with Cuckoo Search Algorithm(CS)

Summary of computational results with the fixed_alpha parameter set

================================================================================
Problem	Nest Number	Pa		Best OFV	CPU Time(second)
The single-row facility layout problem(SRFLP) with Cuckoo Search Algorithm(CS)

Summary of computational results with the fixed_alpha parameter set

================================================================================
Problem	Nest Number	Pa		Best OFV	CPU Time(second)
The single-row facility layout problem(SRFLP) with Cuckoo Search Algorithm(CS)

Summary of computational results with the fixed_alpha parameter set

================================================================================
Problem	Nest Number	Pa		Best OFV	CPU Time(second)
The single-row facility layout problem(SRFLP) with Cuckoo Search Algorithm(CS)

Summary of computational results with the fixed_alpha parameter set

================================================================================
Problem	Nest Number	Pa		Best OFV	CPU Time(second)
The single-row facility layout problem(SRFLP) with Cuckoo Search Algorithm(CS)

Summary of computational results with the fixed_alpha parameter set

================================================================================
Problem	Nest Number	Pa		Best OFV	CPU Time(second)
The single-row facility layout problem(SRFLP) with Cuckoo Search Algorithm(CS)

Summary of computational results with the fixed_alpha parameter set

================================================================================
Problem	Nest Number	Pa		Best OFV	CPU Time(second)
The single-row facility layout problem(SRFLP) with Cuckoo Search Algorithm(CS)

Summary of computational results with the fixed_alpha parameter set

================================================================================
Problem	Nest Number	Pa		Best OFV	CPU Time(second)
The single-row facility layout problem(SRFLP) with Cuckoo Search Algorithm(CS)

Summary of computational results with the fixed_alpha parameter set

================================================================================
Problem	Nest Number	Pa		Best OFV	CPU Time(second)
The single-row facility layout problem(SRFLP) with Cuckoo Search Algorithm(CS)

Summary of computational results with the fixed_alpha parameter set

================================================================================
Problem	Nest Number	Pa		Best OFV	CPU Time(second)
The single-row facility layout problem(SRFLP) with Cuckoo Search Algorithm(CS)

Summary of computational results with the fixed_alpha parameter set

================================================================================
Problem	Nest Number	Pa		Best OFV	CPU Time(second)
The single-row facility layout problem(SRFLP) with Cuckoo Search Algorithm(CS)

Summary of computational results with the fixed_alpha parameter set

================================================================================
Problem	Nest Number	Pa		Best OFV	CPU Time(second)
The single-row facility layout problem(SRFLP) with Cuckoo Search Algorithm(CS)

Summary of computational results with the fixed_alpha parameter set

================================================================================
Problem	Nest Number	Pa		Best OFV	CPU Time(second)
The single-row facility layout problem(SRFLP) with Cuckoo Search Algorithm(CS)

Summary of computational results with the fixed_alpha parameter set

================================================================================
Problem	Nest Number	Pa		Best OFV	CPU Time(second)
The single-row facility layout problem(SRFLP) with Cuckoo Search Algorithm(CS)

Summary of computational results with the fixed_alpha parameter set

================================================================================
Problem	Nest Number	Pa		Best OFV	CPU Time(second)
The single-row facility layout problem(SRFLP) with Cuckoo Search Algorithm(CS)

Summary of computational results with the fixed_alpha parameter set

================================================================================
Problem	Nest Number	Pa		Best OFV	CPU Time(second)
The single-row facility layout problem(SRFLP) with Cuckoo Search Algorithm(CS)

Summary of computational results with the fixed_alpha parameter set

================================================================================
Problem	Nest Number	Pa		Best OFV	CPU Time(second)
The single-row facility layout problem(SRFLP) with Cuckoo Search Algorithm(CS)

Summary of computational results with the fixed_alpha parameter set

================================================================================
Problem	Nest Number	Pa		Best OFV	CPU Time(second)
The single-row facility layout problem(SRFLP) with Cuckoo Search Algorithm(CS)

Summary of computational results with the fixed_alpha parameter set

================================================================================
Problem	Nest Number	Pa		Best OFV	CPU Time(second)
The single-row facility layout problem(SRFLP) with Cuckoo Search Algorithm(CS)

Summary of computational results with the fixed_alpha parameter set

================================================================================
Problem	Nest Number	Pa		Best OFV	CPU Time(second)
The single-row facility layout problem(SRFLP) with Cuckoo Search Algorithm(CS)

Summary of computational results with the fixed_alpha parameter set

================================================================================
Problem	Nest Number	Pa		Best OFV	CPU Time(second)
The single-row facility layout problem(SRFLP) with Cuckoo Search Algorithm(CS)

Summary of computational results with the fixed_alpha parameter set

================================================================================
Problem	Nest Number	Pa		Best OFV	CPU Time(second)
The single-row facility layout problem(SRFLP) with Cuckoo Search Algorithm(CS)

Summary of computational results with the fixed_alpha parameter set

================================================================================
Problem	Nest Number	Pa		Best OFV	CPU Time(second)
The single-row facility layout problem(SRFLP) with Cuckoo Search Algorithm(CS)

Summary of computational results with the fixed_alpha parameter set

================================================================================
Problem	Nest Number	Pa		Best OFV	CPU Time(second)
The single-row facility layout problem(SRFLP) with Cuckoo Search Algorithm(CS)

Summary of computational results with the fixed_alpha parameter set

================================================================================
Problem	Nest Number	Pa		Best OFV	CPU Time(second)
The single-row facility layout problem(SRFLP) with Cuckoo Search Algorithm(CS)

Summary of computational results with the fixed_alpha parameter set

================================================================================
Problem	Nest Number	Pa		Best OFV	CPU Time(second)
The single-row facility layout problem(SRFLP) with Cuckoo Search Algorithm(CS)

Summary of computational results with the fixed_alpha parameter set

================================================================================
Problem	Nest Number	Pa		Best OFV	CPU Time(second)
The single-row facility layout problem(SRFLP) with Cuckoo Search Algorithm(CS)

Summary of computational results with the fixed_alpha parameter set

================================================================================
Problem	Nest Number	Pa		Best OFV	CPU Time(second)
The single-row facility layout problem(SRFLP) with Cuckoo Search Algorithm(CS)

Summary of computational results with the fixed_alpha parameter set

================================================================================
Problem	Nest Number	Pa		Best OFV	CPU Time(second)
