-- H_30 result
--------------------------------------------
HostNestNum = 15, P_a = 0.15
--------------------------------------------
-- 2019-01-09 14:36 result data
OFV: 45159.0	/ CPU: 10.602 seconds 	/ department sequence: [12, 24, 26, 18, 6, 22, 1, 15, 17, 10, 13, 9, 23, 7, 11, 25, 8, 19, 3, 27, 30, 16, 21, 5, 2, 29, 20, 14, 4, 28]
OFV: 44965.0	/ CPU: 7.558 seconds 	/ department sequence: [28, 4, 14, 20, 29, 8, 19, 30, 16, 27, 25, 11, 3, 7, 21, 9, 10, 13, 23, 22, 1, 18, 15, 17, 6, 24, 12, 26, 5, 2]
OFV: 45640.0	/ CPU: 8.659 seconds 	/ department sequence: [28, 4, 14, 20, 8, 15, 27, 16, 30, 18, 3, 11, 23, 22, 25, 19, 7, 1, 21, 9, 10, 13, 29, 17, 6, 24, 12, 26, 5, 2]
OFV: 45575.0	/ CPU: 7.432 seconds 	/ department sequence: [2, 5, 4, 29, 14, 20, 27, 30, 16, 18, 3, 21, 19, 23, 9, 11, 7, 13, 10, 8, 25, 22, 1, 17, 15, 26, 24, 6, 12, 28]
OFV: 45649.0	/ CPU: 7.845 seconds 	/ department sequence: [12, 24, 26, 17, 18, 1, 22, 23, 8, 19, 25, 7, 11, 10, 3, 9, 21, 13, 6, 15, 16, 30, 27, 5, 2, 29, 20, 14, 4, 28]
OFV: 44965.0	/ CPU: 8.801 seconds 	/ department sequence: [2, 5, 26, 12, 24, 6, 17, 15, 18, 1, 22, 23, 13, 10, 9, 21, 7, 3, 11, 25, 27, 16, 30, 19, 8, 29, 20, 14, 4, 28]
OFV: 47535.0	/ CPU: 6.941 seconds 	/ department sequence: [2, 5, 12, 6, 18, 14, 15, 22, 4, 23, 27, 3, 11, 30, 16, 13, 21, 7, 1, 9, 10, 29, 19, 25, 8, 20, 17, 24, 26, 28]
OFV: 46671.0	/ CPU: 7.199 seconds 	/ department sequence: [28, 12, 6, 24, 14, 20, 18, 15, 22, 1, 8, 17, 23, 25, 19, 7, 13, 21, 3, 11, 30, 27, 10, 16, 9, 29, 4, 26, 5, 2]
OFV: 45003.0	/ CPU: 8.050 seconds 	/ department sequence: [12, 24, 26, 2, 5, 6, 17, 15, 18, 1, 22, 23, 13, 10, 9, 21, 7, 3, 11, 25, 27, 16, 30, 19, 8, 29, 20, 14, 4, 28]
OFV: 45023.0	/ CPU: 13.645 seconds 	/ department sequence: [28, 4, 14, 20, 29, 16, 30, 27, 19, 8, 25, 11, 3, 7, 21, 9, 10, 13, 23, 22, 1, 18, 15, 17, 6, 5, 2, 26, 24, 12]
-- H_30 result
--------------------------------------------
HostNestNum = 15, P_a = 0.15
--------------------------------------------
-- 2019-01-22 22:03 result data
OFV: 46300.0	/ CPU: 16.685 seconds 	/ department sequence: [28, 2, 5, 6, 4, 29, 16, 21, 13, 9, 30, 27, 10, 3, 11, 7, 25, 19, 8, 23, 22, 1, 15, 17, 18, 20, 14, 26, 24, 12]
-- H_30 result
--------------------------------------------
HostNestNum = 15, P_a = 0.15
--------------------------------------------
-- 2019-01-25 12:59 result data
OFV: 45303.0	/ CPU: 88.725 seconds 	/ department sequence: [26, 5, 2, 17, 24, 12, 6, 18, 1, 22, 23, 15, 13, 10, 9, 21, 7, 3, 11, 25, 8, 19, 27, 30, 16, 29, 20, 14, 4, 28]
-- H_30 result
--------------------------------------------
HostNestNum = 15, P_a = 0.15
--------------------------------------------
-- 2019-01-28 13:37 result data
OFV: 48086.0	/ CPU: 6.243 seconds 	/ department sequence: [12, 24, 26, 14, 20, 4, 18, 23, 9, 10, 27, 16, 30, 11, 3, 7, 13, 21, 1, 22, 25, 19, 8, 15, 17, 29, 6, 5, 2, 28]
-- H_30 result
--------------------------------------------
HostNestNum = 15, P_a = 0.15
--------------------------------------------
-- 2019-01-29 15:41 result data
OFV: 47863.0	/ CPU: 4.967 seconds 	/ department sequence: [2, 5, 18, 22, 27, 8, 3, 21, 19, 30, 1, 7, 11, 23, 16, 25, 10, 9, 13, 29, 17, 4, 15, 6, 26, 20, 14, 24, 12, 28]
OFV: 47235.0	/ CPU: 4.451 seconds 	/ department sequence: [2, 5, 26, 12, 24, 14, 20, 29, 17, 9, 10, 13, 21, 27, 30, 19, 7, 1, 3, 11, 23, 25, 16, 8, 15, 22, 6, 18, 4, 28]
OFV: 46135.0	/ CPU: 5.712 seconds 	/ department sequence: [28, 4, 14, 20, 18, 6, 15, 16, 27, 30, 22, 11, 3, 23, 8, 25, 19, 7, 1, 21, 13, 10, 9, 29, 17, 24, 12, 26, 5, 2]
OFV: 45177.0	/ CPU: 3.827 seconds 	/ department sequence: [28, 2, 4, 29, 14, 20, 16, 30, 27, 19, 21, 3, 8, 25, 11, 7, 13, 9, 10, 23, 5, 22, 1, 18, 6, 15, 17, 26, 24, 12]
OFV: 45219.0	/ CPU: 5.512 seconds 	/ department sequence: [12, 24, 26, 6, 18, 22, 1, 15, 17, 23, 8, 11, 7, 25, 10, 13, 19, 9, 3, 27, 30, 16, 21, 5, 2, 29, 20, 14, 4, 28]
OFV: 44985.0	/ CPU: 3.905 seconds 	/ department sequence: [2, 5, 26, 12, 24, 6, 17, 15, 18, 1, 22, 23, 13, 10, 9, 21, 7, 3, 11, 25, 8, 19, 27, 30, 16, 29, 20, 14, 4, 28]
OFV: 45655.0	/ CPU: 2.738 seconds 	/ department sequence: [2, 5, 4, 29, 14, 20, 27, 30, 16, 18, 3, 19, 21, 23, 8, 11, 7, 9, 13, 10, 25, 22, 1, 17, 15, 26, 24, 6, 12, 28]
OFV: 46171.0	/ CPU: 3.451 seconds 	/ department sequence: [28, 2, 5, 6, 4, 29, 9, 21, 13, 16, 30, 19, 25, 7, 11, 3, 10, 27, 8, 23, 22, 1, 15, 17, 18, 20, 14, 26, 24, 12]
OFV: 45166.0	/ CPU: 5.373 seconds 	/ department sequence: [12, 24, 26, 17, 15, 6, 18, 1, 22, 23, 8, 25, 11, 7, 10, 13, 9, 19, 3, 21, 16, 30, 27, 20, 14, 29, 4, 5, 2, 28]
OFV: 47809.0	/ CPU: 3.192 seconds 	/ department sequence: [2, 5, 12, 6, 18, 14, 4, 29, 15, 22, 23, 27, 30, 11, 3, 13, 16, 9, 7, 21, 10, 1, 19, 25, 8, 20, 17, 24, 26, 28]
-- H_30 result
--------------------------------------------
HostNestNum = 15, P_a = 0.15
--------------------------------------------
-- 2019-01-29 16:10 result data
OFV: 47617.0	/ CPU: 16.314 seconds 	/ department sequence: [2, 5, 26, 24, 17, 29, 20, 14, 18, 23, 9, 10, 27, 3, 21, 13, 19, 30, 1, 7, 11, 25, 16, 8, 22, 15, 4, 6, 12, 28]
OFV: 45640.0	/ CPU: 17.330 seconds 	/ department sequence: [28, 4, 14, 20, 8, 15, 27, 16, 30, 18, 3, 11, 23, 22, 25, 19, 7, 1, 21, 9, 10, 13, 29, 17, 6, 24, 12, 26, 5, 2]
OFV: 45575.0	/ CPU: 22.802 seconds 	/ department sequence: [2, 5, 4, 29, 14, 20, 27, 30, 16, 18, 3, 21, 19, 23, 9, 11, 7, 13, 10, 8, 25, 22, 1, 17, 15, 26, 24, 6, 12, 28]
OFV: 45981.0	/ CPU: 29.427 seconds 	/ department sequence: [28, 2, 5, 6, 12, 26, 24, 13, 21, 9, 10, 17, 25, 1, 7, 22, 11, 23, 3, 8, 19, 29, 30, 16, 15, 27, 20, 18, 14, 4]
OFV: 45701.0	/ CPU: 16.847 seconds 	/ department sequence: [28, 4, 14, 20, 18, 16, 27, 30, 8, 19, 3, 25, 23, 11, 7, 21, 9, 29, 13, 10, 22, 1, 15, 17, 6, 24, 12, 26, 5, 2]
OFV: 45209.0	/ CPU: 17.441 seconds 	/ department sequence: [12, 24, 26, 18, 6, 22, 1, 15, 17, 5, 23, 10, 9, 13, 7, 11, 25, 8, 3, 21, 19, 16, 30, 27, 20, 14, 29, 4, 2, 28]
OFV: 45661.0	/ CPU: 20.707 seconds 	/ department sequence: [2, 5, 26, 12, 24, 6, 17, 29, 13, 10, 9, 21, 1, 7, 19, 25, 22, 23, 11, 3, 30, 16, 15, 27, 8, 18, 20, 14, 4, 28]
OFV: 45126.0	/ CPU: 19.534 seconds 	/ department sequence: [12, 24, 26, 17, 15, 6, 18, 1, 22, 10, 13, 9, 23, 7, 11, 25, 8, 19, 3, 21, 16, 30, 27, 20, 14, 29, 4, 5, 2, 28]
OFV: 45194.0	/ CPU: 18.238 seconds 	/ department sequence: [28, 2, 4, 29, 14, 20, 5, 21, 16, 30, 27, 3, 19, 8, 25, 11, 7, 13, 9, 10, 23, 17, 15, 1, 22, 6, 18, 26, 24, 12]
OFV: 46139.0	/ CPU: 26.337 seconds 	/ department sequence: [12, 24, 26, 14, 20, 18, 17, 15, 1, 22, 23, 8, 27, 10, 3, 11, 7, 25, 19, 30, 9, 13, 21, 16, 29, 4, 6, 5, 2, 28]
-- H_30 result
--------------------------------------------
HostNestNum = 15, P_a = 0.15
--------------------------------------------
-- 2019-01-29 17:37 result data
OFV: 45640.0	/ CPU: 9.471 seconds 	/ department sequence: [2, 5, 26, 12, 24, 6, 17, 29, 13, 10, 9, 21, 1, 7, 19, 25, 22, 23, 11, 3, 18, 30, 16, 27, 15, 8, 20, 14, 4, 28]
OFV: 44965.0	/ CPU: 4.672 seconds 	/ department sequence: [28, 4, 14, 20, 29, 8, 19, 30, 16, 27, 25, 11, 3, 7, 21, 9, 10, 13, 23, 22, 1, 18, 15, 17, 6, 24, 12, 26, 5, 2]
OFV: 45575.0	/ CPU: 6.172 seconds 	/ department sequence: [28, 12, 6, 24, 26, 15, 17, 1, 22, 25, 8, 10, 13, 7, 11, 9, 23, 19, 21, 3, 18, 16, 30, 27, 20, 14, 29, 4, 5, 2]
OFV: 45575.0	/ CPU: 10.268 seconds 	/ department sequence: [28, 12, 6, 24, 26, 15, 17, 1, 22, 25, 8, 10, 13, 7, 11, 9, 23, 19, 21, 3, 18, 16, 30, 27, 20, 14, 29, 4, 5, 2]
OFV: 45178.0	/ CPU: 7.766 seconds 	/ department sequence: [28, 4, 14, 20, 29, 2, 16, 30, 27, 19, 21, 3, 9, 13, 10, 25, 7, 11, 8, 23, 5, 22, 1, 18, 6, 15, 17, 26, 24, 12]
OFV: 45868.0	/ CPU: 12.847 seconds 	/ department sequence: [28, 2, 5, 6, 12, 26, 24, 17, 29, 13, 9, 10, 21, 25, 1, 7, 19, 22, 23, 11, 3, 8, 30, 16, 15, 27, 20, 18, 14, 4]
OFV: 46139.0	/ CPU: 6.336 seconds 	/ department sequence: [28, 2, 5, 6, 4, 29, 16, 21, 13, 9, 30, 19, 25, 7, 11, 3, 10, 27, 8, 23, 22, 1, 15, 17, 18, 20, 14, 26, 24, 12]
OFV: 46674.0	/ CPU: 5.970 seconds 	/ department sequence: [28, 12, 6, 14, 24, 20, 18, 15, 22, 1, 8, 17, 23, 25, 19, 7, 11, 3, 21, 13, 30, 27, 10, 16, 9, 29, 4, 26, 5, 2]
OFV: 45165.0	/ CPU: 5.891 seconds 	/ department sequence: [28, 2, 4, 5, 29, 14, 20, 27, 30, 16, 21, 3, 19, 8, 25, 11, 7, 23, 9, 13, 10, 17, 15, 1, 22, 6, 18, 26, 24, 12]
OFV: 45023.0	/ CPU: 6.752 seconds 	/ department sequence: [12, 24, 26, 2, 5, 6, 17, 15, 18, 1, 22, 23, 13, 10, 9, 21, 7, 3, 11, 25, 8, 19, 27, 30, 16, 29, 20, 14, 4, 28]
-- H_30 result
--------------------------------------------
HostNestNum = 15, P_a = 0.15
--------------------------------------------
-- 2019-01-31 20:11 result data
OFV: 45146.0	/ CPU: 7.864 seconds 	/ department sequence: [28, 4, 14, 20, 29, 2, 16, 30, 27, 19, 21, 3, 8, 25, 11, 7, 13, 9, 10, 23, 5, 22, 1, 18, 6, 15, 17, 26, 24, 12]
OFV: 45067.0	/ CPU: 3.449 seconds 	/ department sequence: [28, 4, 14, 20, 8, 16, 27, 30, 29, 19, 25, 11, 3, 7, 21, 9, 10, 13, 23, 22, 1, 18, 15, 17, 6, 24, 12, 26, 5, 2]
OFV: 45899.0	/ CPU: 6.239 seconds 	/ department sequence: [4, 14, 18, 20, 27, 15, 16, 30, 8, 3, 23, 11, 22, 19, 7, 1, 21, 9, 10, 29, 13, 25, 17, 24, 26, 12, 6, 5, 2, 28]
OFV: 45178.0	/ CPU: 3.049 seconds 	/ department sequence: [12, 24, 26, 18, 6, 22, 1, 15, 17, 23, 10, 9, 13, 7, 11, 25, 8, 19, 3, 27, 30, 16, 21, 20, 14, 29, 4, 5, 2, 28]
OFV: 45188.0	/ CPU: 6.032 seconds 	/ department sequence: [12, 24, 26, 17, 15, 6, 18, 1, 22, 23, 8, 25, 11, 7, 10, 13, 9, 19, 3, 21, 27, 30, 16, 20, 14, 29, 4, 5, 2, 28]
OFV: 45886.0	/ CPU: 5.260 seconds 	/ department sequence: [4, 14, 18, 20, 27, 15, 16, 30, 8, 3, 23, 11, 22, 19, 7, 1, 25, 17, 29, 10, 21, 13, 9, 24, 26, 12, 6, 5, 2, 28]
OFV: 45889.0	/ CPU: 3.773 seconds 	/ department sequence: [4, 14, 18, 20, 27, 15, 16, 30, 8, 3, 11, 23, 22, 19, 7, 1, 25, 17, 29, 10, 9, 21, 13, 24, 26, 12, 6, 5, 2, 28]
OFV: 45192.0	/ CPU: 3.576 seconds 	/ department sequence: [12, 24, 26, 18, 6, 22, 1, 15, 17, 23, 8, 25, 11, 7, 10, 13, 9, 19, 3, 21, 16, 30, 27, 20, 14, 29, 4, 5, 2, 28]
OFV: 45148.0	/ CPU: 7.640 seconds 	/ department sequence: [12, 24, 26, 17, 15, 6, 18, 1, 22, 10, 13, 9, 23, 7, 11, 25, 8, 19, 3, 27, 30, 16, 21, 20, 14, 29, 4, 5, 2, 28]
OFV: 47246.0	/ CPU: 2.938 seconds 	/ department sequence: [2, 5, 26, 12, 24, 6, 18, 14, 20, 23, 17, 29, 13, 9, 10, 21, 1, 3, 22, 7, 11, 15, 27, 30, 19, 25, 16, 8, 4, 28]
-- H_30 result
--------------------------------------------
HostNestNum = 15, P_a = 0.15
--------------------------------------------
-- 2019-01-31 20:15 result data
OFV: 45209.0	/ CPU: 4.598 seconds 	/ department sequence: [12, 24, 26, 17, 15, 6, 18, 1, 22, 5, 23, 8, 11, 7, 25, 10, 13, 9, 3, 21, 19, 27, 30, 16, 20, 14, 29, 4, 2, 28]
OFV: 45575.0	/ CPU: 5.942 seconds 	/ department sequence: [28, 12, 6, 24, 26, 15, 17, 1, 22, 25, 8, 10, 13, 7, 11, 9, 23, 19, 21, 3, 18, 16, 30, 27, 20, 14, 29, 4, 5, 2]
OFV: 45173.0	/ CPU: 5.015 seconds 	/ department sequence: [12, 24, 26, 17, 15, 6, 18, 1, 22, 23, 8, 25, 11, 7, 10, 13, 9, 19, 3, 27, 30, 16, 21, 5, 2, 29, 20, 14, 4, 28]
OFV: 44965.0	/ CPU: 1.015 seconds 	/ department sequence: [2, 5, 26, 12, 24, 6, 17, 15, 18, 1, 22, 23, 13, 10, 9, 21, 7, 3, 11, 25, 27, 16, 30, 19, 8, 29, 20, 14, 4, 28]
OFV: 45235.0	/ CPU: 3.849 seconds 	/ department sequence: [28, 2, 4, 29, 14, 20, 16, 30, 27, 19, 21, 3, 9, 13, 10, 25, 7, 11, 8, 23, 5, 17, 15, 1, 22, 6, 18, 26, 24, 12]
OFV: 44985.0	/ CPU: 8.526 seconds 	/ department sequence: [28, 4, 14, 20, 29, 16, 30, 27, 19, 8, 25, 11, 3, 7, 21, 9, 10, 13, 23, 22, 1, 18, 15, 17, 6, 24, 12, 26, 5, 2]
OFV: 45609.0	/ CPU: 5.591 seconds 	/ department sequence: [28, 2, 5, 4, 29, 14, 20, 6, 21, 13, 16, 30, 27, 3, 9, 10, 11, 7, 25, 19, 8, 23, 22, 1, 15, 18, 17, 26, 24, 12]
OFV: 45575.0	/ CPU: 5.345 seconds 	/ department sequence: [2, 5, 4, 29, 14, 20, 27, 30, 16, 18, 3, 21, 19, 23, 9, 11, 7, 13, 10, 8, 25, 22, 1, 17, 15, 26, 24, 6, 12, 28]
OFV: 44985.0	/ CPU: 7.196 seconds 	/ department sequence: [2, 5, 26, 12, 24, 6, 17, 15, 18, 1, 22, 23, 13, 10, 9, 21, 7, 3, 11, 25, 8, 19, 27, 30, 16, 29, 20, 14, 4, 28]
OFV: 45166.0	/ CPU: 5.832 seconds 	/ department sequence: [28, 2, 5, 4, 29, 14, 20, 27, 30, 16, 21, 3, 19, 9, 13, 10, 7, 11, 25, 8, 23, 22, 1, 18, 6, 15, 17, 26, 24, 12]
