-- H_30 result
--------------------------------------------
HostNestNum = 30, P_a = 0.2
--------------------------------------------
-- 2019-01-22 22:09 result data
OFV: 46148.0	/ CPU: 42.146 seconds 	/ department sequence: [28, 2, 5, 6, 4, 29, 16, 21, 13, 9, 30, 19, 25, 7, 11, 3, 10, 27, 8, 22, 1, 15, 23, 17, 18, 20, 14, 26, 24, 12]
-- H_30 result
--------------------------------------------
HostNestNum = 30, P_a = 0.2
--------------------------------------------
-- 2019-01-28 13:38 result data
-- H_30 result
--------------------------------------------
HostNestNum = 30, P_a = 0.2
--------------------------------------------
-- 2019-01-29 15:48 result data
OFV: 45023.0	/ CPU: 2.046 seconds 	/ department sequence: [12, 24, 26, 2, 5, 6, 17, 15, 18, 1, 22, 23, 13, 10, 9, 21, 7, 3, 11, 25, 8, 19, 27, 30, 16, 29, 20, 14, 4, 28]
OFV: 46682.0	/ CPU: 3.517 seconds 	/ department sequence: [28, 2, 5, 6, 12, 24, 18, 1, 22, 21, 13, 25, 3, 7, 19, 8, 23, 11, 9, 10, 30, 27, 16, 15, 17, 29, 20, 26, 14, 4]
OFV: 45792.0	/ CPU: 2.125 seconds 	/ department sequence: [28, 12, 6, 24, 18, 15, 22, 1, 17, 8, 25, 23, 19, 7, 13, 11, 21, 3, 10, 9, 16, 30, 27, 20, 14, 29, 4, 26, 5, 2]
OFV: 45640.0	/ CPU: 2.735 seconds 	/ department sequence: [28, 4, 14, 20, 8, 15, 27, 16, 30, 18, 3, 11, 23, 22, 25, 19, 7, 1, 21, 9, 10, 13, 29, 17, 6, 24, 12, 26, 5, 2]
OFV: 44986.0	/ CPU: 2.063 seconds 	/ department sequence: [28, 4, 14, 20, 29, 8, 19, 30, 16, 27, 25, 11, 3, 7, 21, 9, 10, 13, 23, 17, 15, 1, 22, 18, 6, 24, 12, 26, 5, 2]
OFV: 48140.0	/ CPU: 1.266 seconds 	/ department sequence: [26, 4, 17, 8, 19, 29, 9, 10, 23, 25, 11, 7, 16, 30, 27, 13, 3, 21, 22, 1, 15, 18, 20, 14, 24, 5, 2, 6, 12, 28]
OFV: 46007.0	/ CPU: 3.016 seconds 	/ department sequence: [4, 14, 18, 20, 27, 15, 16, 30, 22, 3, 11, 23, 8, 19, 7, 1, 25, 17, 29, 10, 21, 13, 9, 24, 26, 5, 2, 6, 12, 28]
OFV: 47863.0	/ CPU: 1.312 seconds 	/ department sequence: [2, 5, 18, 22, 27, 8, 3, 21, 19, 30, 1, 7, 11, 23, 16, 25, 10, 9, 13, 29, 17, 4, 15, 6, 26, 20, 14, 24, 12, 28]
OFV: 45614.0	/ CPU: 1.689 seconds 	/ department sequence: [2, 5, 12, 24, 26, 6, 17, 13, 9, 10, 21, 1, 7, 22, 18, 23, 3, 11, 25, 15, 27, 16, 30, 19, 8, 29, 20, 14, 4, 28]
OFV: 44996.0	/ CPU: 1.281 seconds 	/ department sequence: [2, 5, 26, 12, 24, 6, 18, 17, 15, 1, 22, 23, 13, 10, 9, 21, 7, 3, 11, 25, 8, 19, 27, 30, 16, 29, 20, 14, 4, 28]
-- H_30 result
--------------------------------------------
HostNestNum = 30, P_a = 0.2
--------------------------------------------
-- 2019-01-29 17:04 result data
OFV: 46286.0	/ CPU: 19.676 seconds 	/ department sequence: [28, 2, 5, 4, 29, 14, 20, 6, 15, 16, 27, 30, 13, 21, 3, 9, 18, 23, 11, 22, 25, 7, 19, 10, 1, 8, 17, 26, 24, 12]
OFV: 44965.0	/ CPU: 23.378 seconds 	/ department sequence: [28, 4, 14, 20, 29, 8, 19, 30, 16, 27, 25, 11, 3, 7, 21, 9, 10, 13, 23, 22, 1, 18, 15, 17, 6, 24, 12, 26, 5, 2]
OFV: 47062.0	/ CPU: 19.504 seconds 	/ department sequence: [12, 24, 14, 18, 20, 15, 22, 1, 27, 8, 3, 19, 7, 30, 11, 23, 25, 16, 10, 13, 21, 9, 17, 29, 4, 26, 6, 5, 2, 28]
OFV: 45953.0	/ CPU: 34.933 seconds 	/ department sequence: [4, 14, 18, 20, 27, 15, 16, 30, 8, 3, 11, 23, 22, 19, 7, 1, 25, 21, 10, 9, 13, 29, 17, 24, 26, 5, 2, 6, 12, 28]
OFV: 45196.0	/ CPU: 20.958 seconds 	/ department sequence: [28, 2, 5, 4, 29, 14, 20, 27, 30, 16, 21, 3, 19, 9, 13, 10, 25, 7, 11, 8, 23, 17, 15, 1, 22, 6, 18, 26, 24, 12]
OFV: 45143.0	/ CPU: 20.582 seconds 	/ department sequence: [28, 4, 14, 20, 29, 16, 15, 27, 30, 8, 19, 25, 11, 3, 7, 21, 9, 10, 13, 23, 17, 1, 22, 18, 6, 24, 12, 26, 5, 2]
OFV: 46863.0	/ CPU: 16.759 seconds 	/ department sequence: [12, 24, 14, 4, 18, 20, 15, 17, 23, 1, 22, 8, 27, 3, 11, 30, 7, 19, 25, 16, 10, 13, 21, 9, 29, 26, 6, 5, 2, 28]
OFV: 45024.0	/ CPU: 24.333 seconds 	/ department sequence: [28, 4, 14, 20, 29, 8, 19, 30, 16, 27, 25, 11, 3, 7, 21, 9, 10, 13, 23, 17, 15, 1, 22, 18, 6, 5, 2, 26, 24, 12]
OFV: 45898.0	/ CPU: 16.660 seconds 	/ department sequence: [28, 2, 5, 6, 12, 26, 24, 9, 21, 13, 10, 29, 17, 25, 1, 7, 19, 22, 11, 23, 3, 8, 30, 16, 15, 27, 20, 18, 14, 4]
OFV: 44965.0	/ CPU: 21.925 seconds 	/ department sequence: [28, 4, 14, 20, 29, 8, 19, 30, 16, 27, 25, 11, 3, 7, 21, 9, 10, 13, 23, 22, 1, 18, 15, 17, 6, 24, 12, 26, 5, 2]
-- H30 result
--------------------------------------------
HostNestNum = 30, P_a = 0.2
--------------------------------------------
-- 2020-03-18 19:26 result data
OFV: 45222.0	/ CPU: 191.614 seconds 	/ department sequence: [12, 24, 26, 17, 15, 6, 18, 1, 22, 8, 23, 7, 11, 25, 10, 13, 9, 19, 3, 21, 27, 30, 16, 20, 14, 29, 4, 5, 2, 28]
OFV: 45208.0	/ CPU: 144.692 seconds 	/ department sequence: [12, 24, 26, 17, 18, 6, 15, 1, 22, 23, 8, 25, 11, 7, 10, 13, 9, 19, 3, 27, 30, 16, 21, 20, 14, 29, 4, 5, 2, 28]
-- H30 result
--------------------------------------------
HostNestNum = 30, P_a = 0.2
--------------------------------------------
-- 2020-03-18 19:33 result data
OFV: 45627.0	/ CPU: 135.418 seconds 	/ department sequence: [28, 4, 2, 5, 14, 29, 20, 21, 16, 27, 30, 19, 25, 3, 9, 23, 11, 7, 13, 10, 8, 18, 1, 22, 15, 6, 17, 26, 24, 12]
-- H30 result
--------------------------------------------
HostNestNum = 30, P_a = 0.2
--------------------------------------------
-- 2020-03-18 19:35 result data
OFV: 45065.0	/ CPU: 130.227 seconds 	/ department sequence: [28, 4, 14, 20, 29, 8, 16, 30, 27, 19, 25, 11, 3, 7, 21, 9, 10, 13, 23, 22, 1, 15, 17, 18, 6, 24, 12, 26, 5, 2]
-- H30 result
--------------------------------------------
HostNestNum = 30, P_a = 0.2
--------------------------------------------
-- 2020-03-18 19:38 result data
OFV: 44996.0	/ CPU: 61.142 seconds 	/ department sequence: [28, 4, 14, 20, 29, 16, 30, 27, 19, 8, 25, 11, 3, 7, 21, 9, 10, 13, 23, 22, 1, 15, 17, 18, 6, 24, 12, 26, 5, 2]
OFV: 45192.0	/ CPU: 53.977 seconds 	/ department sequence: [12, 24, 26, 18, 6, 22, 1, 15, 17, 23, 8, 25, 11, 7, 10, 13, 9, 19, 3, 21, 16, 30, 27, 20, 14, 29, 4, 5, 2, 28]
OFV: 45003.0	/ CPU: 49.518 seconds 	/ department sequence: [12, 24, 26, 2, 5, 6, 17, 15, 18, 1, 22, 23, 13, 10, 9, 21, 7, 3, 11, 25, 27, 16, 30, 19, 8, 29, 20, 14, 4, 28]
OFV: 45151.0	/ CPU: 52.030 seconds 	/ department sequence: [12, 24, 26, 17, 15, 6, 18, 1, 22, 23, 8, 25, 11, 7, 10, 13, 9, 19, 3, 21, 16, 30, 27, 5, 2, 29, 20, 14, 4, 28]
OFV: 45178.0	/ CPU: 73.642 seconds 	/ department sequence: [28, 4, 14, 20, 29, 2, 16, 30, 27, 19, 21, 3, 9, 13, 10, 25, 7, 11, 8, 23, 5, 22, 1, 18, 6, 15, 17, 26, 24, 12]
-- H30 result
--------------------------------------------
HostNestNum = 30, P_a = 0.2
--------------------------------------------
-- 2020-03-18 19:44 result data
OFV: 44965.0	/ CPU: 81.268 seconds 	/ department sequence: [2, 5, 26, 12, 24, 6, 17, 15, 18, 1, 22, 23, 13, 10, 9, 21, 7, 3, 11, 25, 27, 16, 30, 19, 8, 29, 20, 14, 4, 28]
OFV: 45868.0	/ CPU: 45.489 seconds 	/ department sequence: [28, 2, 5, 6, 12, 26, 24, 17, 29, 13, 9, 10, 21, 25, 1, 7, 19, 22, 11, 23, 3, 8, 30, 16, 15, 27, 20, 18, 14, 4]
OFV: 44985.0	/ CPU: 42.588 seconds 	/ department sequence: [28, 4, 14, 20, 29, 16, 30, 27, 19, 8, 25, 11, 3, 7, 21, 9, 10, 13, 23, 22, 1, 18, 15, 17, 6, 24, 12, 26, 5, 2]
OFV: 45868.0	/ CPU: 85.167 seconds 	/ department sequence: [28, 2, 5, 6, 12, 26, 24, 17, 29, 13, 9, 10, 21, 25, 1, 7, 19, 22, 23, 11, 3, 8, 30, 16, 15, 27, 20, 18, 14, 4]
-- H30 result
--------------------------------------------
HostNestNum = 30, P_a = 0.2
--------------------------------------------
-- 2020-03-18 19:49 result data
OFV: 45583.0	/ CPU: 44.185 seconds 	/ department sequence: [2, 5, 4, 29, 14, 20, 27, 30, 16, 18, 3, 21, 19, 23, 9, 13, 7, 11, 10, 8, 25, 22, 1, 17, 15, 26, 24, 6, 12, 28]
OFV: 45152.0	/ CPU: 48.096 seconds 	/ department sequence: [12, 24, 26, 17, 15, 6, 18, 1, 22, 5, 23, 10, 9, 13, 7, 11, 25, 3, 21, 8, 19, 27, 30, 16, 2, 29, 20, 14, 4, 28]
-- H30 result
--------------------------------------------
HostNestNum = 30, P_a = 0.2
--------------------------------------------
-- 2020-03-18 21:45 result data
OFV: 44970.0	/ CPU: 30.184 seconds 	/ department sequence: [28, 4, 14, 20, 29, 8, 19, 30, 16, 27, 25, 11, 7, 3, 21, 9, 10, 13, 23, 22, 1, 18, 15, 17, 6, 24, 12, 26, 5, 2]
-- H30 result
--------------------------------------------
HostNestNum = 30, P_a = 0.2
--------------------------------------------
-- 2020-03-18 21:46 result data
OFV: 44997.0	/ CPU: 25.121 seconds 	/ department sequence: [2, 5, 26, 12, 24, 6, 18, 17, 15, 1, 22, 23, 13, 10, 9, 21, 7, 11, 3, 25, 27, 16, 30, 19, 29, 8, 20, 14, 4, 28]
-- H30 result
--------------------------------------------
HostNestNum = 30, P_a = 0.2
--------------------------------------------
-- 2020-03-18 21:46 result data
-- H30 result
--------------------------------------------
HostNestNum = 30, P_a = 0.2
--------------------------------------------
-- 2020-03-18 21:48 result data
OFV: 44974.0	/ CPU: 16.014 seconds 	/ department sequence: [28, 4, 14, 20, 29, 8, 19, 30, 16, 27, 25, 3, 11, 7, 21, 9, 10, 13, 23, 22, 1, 18, 15, 17, 6, 24, 12, 26, 5, 2]
-- H30 result
--------------------------------------------
HostNestNum = 30, P_a = 0.2
--------------------------------------------
-- 2020-03-18 21:48 result data
OFV: 45043.0	/ CPU: 20.609 seconds 	/ department sequence: [12, 24, 26, 2, 5, 6, 18, 1, 22, 15, 17, 23, 13, 10, 9, 21, 7, 3, 11, 25, 27, 30, 16, 19, 8, 29, 20, 14, 4, 28]
-- H30 result
--------------------------------------------
HostNestNum = 30, P_a = 0.2
--------------------------------------------
-- 2020-03-18 21:49 result data
OFV: 44965.0	/ CPU: 22.456 seconds 	/ department sequence: [2, 5, 26, 12, 24, 6, 17, 15, 18, 1, 22, 23, 13, 10, 9, 21, 7, 3, 11, 25, 27, 16, 30, 19, 8, 29, 20, 14, 4, 28]
-- H30 result
--------------------------------------------
HostNestNum = 30, P_a = 0.2
--------------------------------------------
-- 2020-03-18 21:49 result data
OFV: 44974.0	/ CPU: 17.992 seconds 	/ department sequence: [28, 4, 14, 20, 29, 8, 19, 30, 16, 27, 25, 11, 3, 7, 21, 9, 10, 13, 23, 22, 18, 1, 15, 17, 6, 24, 12, 26, 5, 2]
-- H30 result
--------------------------------------------
HostNestNum = 30, P_a = 0.2
--------------------------------------------
-- 2020-03-18 21:49 result data
OFV: 45018.0	/ CPU: 15.277 seconds 	/ department sequence: [2, 5, 26, 12, 24, 6, 17, 15, 18, 1, 22, 23, 13, 10, 9, 21, 3, 7, 11, 25, 27, 16, 30, 8, 19, 29, 20, 14, 4, 28]
-- H30 result
--------------------------------------------
HostNestNum = 30, P_a = 0.2
--------------------------------------------
-- 2020-03-18 21:52 result data
OFV: 45192.0	/ CPU: 12.229 seconds 	/ department sequence: [12, 24, 26, 18, 6, 22, 1, 15, 17, 23, 8, 25, 11, 7, 10, 13, 9, 19, 3, 21, 16, 30, 27, 20, 14, 29, 4, 5, 2, 28]
-- H30 result
--------------------------------------------
HostNestNum = 30, P_a = 0.2
--------------------------------------------
-- 2020-03-18 21:52 result data
OFV: 44976.0	/ CPU: 16.855 seconds 	/ department sequence: [28, 4, 14, 20, 29, 8, 19, 30, 16, 27, 25, 11, 3, 7, 21, 9, 10, 13, 23, 22, 15, 1, 17, 18, 6, 24, 12, 26, 5, 2]
-- H30 result
--------------------------------------------
HostNestNum = 30, P_a = 0.2
--------------------------------------------
-- 2020-03-18 21:52 result data
OFV: 45141.0	/ CPU: 14.278 seconds 	/ department sequence: [12, 24, 26, 18, 6, 22, 1, 15, 17, 23, 10, 9, 13, 7, 11, 25, 8, 19, 3, 21, 16, 30, 27, 5, 2, 29, 20, 14, 4, 28]
-- H30 result
--------------------------------------------
HostNestNum = 30, P_a = 0.2
--------------------------------------------
-- 2020-03-18 21:52 result data
OFV: 44986.0	/ CPU: 12.928 seconds 	/ department sequence: [2, 5, 26, 12, 24, 6, 18, 22, 1, 15, 17, 23, 13, 10, 9, 21, 7, 3, 11, 25, 27, 16, 30, 19, 8, 29, 20, 14, 4, 28]
-- H30 result
--------------------------------------------
HostNestNum = 30, P_a = 0.2
--------------------------------------------
-- 2020-03-18 21:53 result data
OFV: 44965.0	/ CPU: 13.939 seconds 	/ department sequence: [2, 5, 26, 12, 24, 6, 17, 15, 18, 1, 22, 23, 13, 10, 9, 21, 7, 3, 11, 25, 27, 16, 30, 19, 8, 29, 20, 14, 4, 28]
-- H30 result
--------------------------------------------
HostNestNum = 30, P_a = 0.2
--------------------------------------------
-- 2020-03-18 21:55 result data
OFV: 44965.0	/ CPU: 12.322 seconds 	/ department sequence: [28, 4, 14, 20, 29, 8, 19, 30, 16, 27, 25, 11, 3, 7, 21, 9, 10, 13, 23, 22, 1, 18, 15, 17, 6, 24, 12, 26, 5, 2]
-- H30 result
--------------------------------------------
HostNestNum = 30, P_a = 0.2
--------------------------------------------
-- 2020-03-18 21:55 result data
OFV: 44965.0	/ CPU: 12.772 seconds 	/ department sequence: [28, 4, 14, 20, 29, 8, 19, 30, 16, 27, 25, 11, 3, 7, 21, 9, 10, 13, 23, 22, 1, 18, 15, 17, 6, 24, 12, 26, 5, 2]
-- H30 result
--------------------------------------------
HostNestNum = 30, P_a = 0.2
--------------------------------------------
-- 2020-03-18 21:55 result data
OFV: 44965.0	/ CPU: 16.796 seconds 	/ department sequence: [28, 4, 14, 20, 29, 8, 19, 30, 16, 27, 25, 11, 3, 7, 21, 9, 10, 13, 23, 22, 1, 18, 15, 17, 6, 24, 12, 26, 5, 2]
-- H30 result
--------------------------------------------
HostNestNum = 30, P_a = 0.2
--------------------------------------------
-- 2020-03-18 21:55 result data
OFV: 45192.0	/ CPU: 14.170 seconds 	/ department sequence: [12, 24, 26, 18, 6, 22, 1, 15, 17, 23, 8, 25, 11, 7, 10, 13, 9, 19, 3, 21, 16, 30, 27, 20, 14, 29, 4, 5, 2, 28]
-- H30 result
--------------------------------------------
HostNestNum = 30, P_a = 0.2
--------------------------------------------
-- 2020-03-18 21:56 result data
OFV: 44965.0	/ CPU: 12.923 seconds 	/ department sequence: [2, 5, 26, 12, 24, 6, 17, 15, 18, 1, 22, 23, 13, 10, 9, 21, 7, 3, 11, 25, 27, 16, 30, 19, 8, 29, 20, 14, 4, 28]
-- H30 result
--------------------------------------------
HostNestNum = 30, P_a = 0.2
--------------------------------------------
-- 2020-03-19 12:35 result data
OFV: 44985.0	/ CPU: 10.080 seconds 	/ department sequence: [2, 5, 26, 12, 24, 6, 17, 15, 18, 1, 22, 23, 13, 10, 9, 21, 7, 3, 11, 25, 8, 19, 27, 30, 16, 29, 20, 14, 4, 28]
-- H30 result
--------------------------------------------
HostNestNum = 30, P_a = 0.2
--------------------------------------------
-- 2020-03-19 12:35 result data
OFV: 45192.0	/ CPU: 10.090 seconds 	/ department sequence: [28, 2, 5, 4, 29, 14, 20, 27, 30, 16, 21, 3, 19, 9, 13, 10, 7, 11, 25, 8, 23, 17, 15, 1, 22, 6, 18, 26, 24, 12]
-- H30 result
--------------------------------------------
HostNestNum = 30, P_a = 0.2
--------------------------------------------
-- 2020-03-19 12:35 result data
OFV: 45024.0	/ CPU: 9.505 seconds 	/ department sequence: [2, 5, 26, 12, 24, 6, 18, 22, 1, 15, 17, 23, 13, 10, 21, 9, 7, 3, 11, 25, 8, 19, 27, 30, 16, 29, 20, 14, 4, 28]
-- H30 result
--------------------------------------------
HostNestNum = 30, P_a = 0.2
--------------------------------------------
-- 2020-03-19 12:35 result data
-- H30 result
--------------------------------------------
HostNestNum = 30, P_a = 0.2
--------------------------------------------
-- 2020-03-19 12:38 result data
OFV: 44965.0	/ CPU: 13.487 seconds 	/ department sequence: [28, 4, 14, 20, 29, 8, 19, 30, 16, 27, 25, 11, 3, 7, 21, 9, 10, 13, 23, 22, 1, 18, 15, 17, 6, 24, 12, 26, 5, 2]
-- H30 result
--------------------------------------------
HostNestNum = 30, P_a = 0.2
--------------------------------------------
-- 2020-03-19 12:38 result data
OFV: 45003.0	/ CPU: 10.702 seconds 	/ department sequence: [28, 4, 14, 20, 29, 8, 19, 30, 16, 27, 25, 11, 3, 7, 21, 9, 10, 13, 23, 22, 1, 18, 15, 17, 6, 5, 2, 26, 24, 12]
-- H30 result
--------------------------------------------
HostNestNum = 30, P_a = 0.2
--------------------------------------------
-- 2020-03-19 12:38 result data
OFV: 45151.0	/ CPU: 14.285 seconds 	/ department sequence: [12, 24, 26, 17, 15, 6, 18, 1, 22, 23, 8, 25, 11, 7, 10, 13, 9, 19, 3, 21, 16, 30, 27, 5, 2, 29, 20, 14, 4, 28]
-- H30 result
--------------------------------------------
HostNestNum = 30, P_a = 0.2
--------------------------------------------
-- 2020-03-19 12:38 result data
OFV: 45166.0	/ CPU: 13.974 seconds 	/ department sequence: [12, 24, 26, 17, 15, 6, 18, 1, 22, 23, 8, 25, 11, 7, 10, 13, 9, 19, 3, 21, 16, 30, 27, 20, 14, 29, 4, 5, 2, 28]
-- H30 result
--------------------------------------------
HostNestNum = 30, P_a = 0.2
--------------------------------------------
-- 2020-03-19 12:39 result data
OFV: 45003.0	/ CPU: 12.917 seconds 	/ department sequence: [12, 24, 26, 2, 5, 6, 17, 15, 18, 1, 22, 23, 13, 10, 9, 21, 7, 3, 11, 25, 27, 16, 30, 19, 8, 29, 20, 14, 4, 28]
-- H30 result
--------------------------------------------
HostNestNum = 30, P_a = 0.2
--------------------------------------------
-- 2020-03-19 12:40 result data
OFV: 44965.0	/ CPU: 14.738 seconds 	/ department sequence: [2, 5, 26, 12, 24, 6, 17, 15, 18, 1, 22, 23, 13, 10, 9, 21, 7, 3, 11, 25, 27, 16, 30, 19, 8, 29, 20, 14, 4, 28]
-- H30 result
--------------------------------------------
HostNestNum = 30, P_a = 0.2
--------------------------------------------
-- 2020-03-19 12:41 result data
OFV: 44965.0	/ CPU: 14.697 seconds 	/ department sequence: [2, 5, 26, 12, 24, 6, 17, 15, 18, 1, 22, 23, 13, 10, 9, 21, 7, 3, 11, 25, 27, 16, 30, 19, 8, 29, 20, 14, 4, 28]
-- H30 result
--------------------------------------------
HostNestNum = 30, P_a = 0.2
--------------------------------------------
-- 2020-03-19 12:41 result data
OFV: 45172.0	/ CPU: 13.663 seconds 	/ department sequence: [28, 4, 14, 20, 29, 2, 5, 27, 30, 16, 21, 19, 3, 9, 13, 10, 7, 11, 25, 8, 23, 22, 1, 18, 6, 15, 17, 26, 24, 12]
-- H30 result
--------------------------------------------
HostNestNum = 30, P_a = 0.2
--------------------------------------------
-- 2020-03-19 12:41 result data
OFV: 44986.0	/ CPU: 15.969 seconds 	/ department sequence: [28, 4, 14, 20, 29, 8, 19, 30, 16, 27, 25, 11, 3, 7, 21, 9, 10, 13, 23, 17, 15, 1, 22, 18, 6, 24, 12, 26, 5, 2]
-- H30 result
--------------------------------------------
HostNestNum = 30, P_a = 0.2
--------------------------------------------
-- 2020-03-19 12:41 result data
OFV: 44965.0	/ CPU: 15.061 seconds 	/ department sequence: [28, 4, 14, 20, 29, 8, 19, 30, 16, 27, 25, 11, 3, 7, 21, 9, 10, 13, 23, 22, 1, 18, 15, 17, 6, 24, 12, 26, 5, 2]
-- H30 result
--------------------------------------------
HostNestNum = 30, P_a = 0.2
--------------------------------------------
-- 2020-03-19 12:45 result data
OFV: 44985.0	/ CPU: 18.223 seconds 	/ department sequence: [2, 5, 26, 12, 24, 6, 17, 15, 18, 1, 22, 23, 13, 10, 9, 21, 7, 3, 11, 25, 8, 19, 27, 30, 16, 29, 20, 14, 4, 28]
-- H30 result
--------------------------------------------
HostNestNum = 30, P_a = 0.2
--------------------------------------------
-- 2020-03-19 12:45 result data
OFV: 45575.0	/ CPU: 24.037 seconds 	/ department sequence: [28, 12, 6, 24, 26, 15, 17, 1, 22, 25, 8, 10, 13, 7, 11, 9, 23, 19, 21, 3, 18, 16, 30, 27, 20, 14, 29, 4, 5, 2]
-- H30 result
--------------------------------------------
HostNestNum = 30, P_a = 0.2
--------------------------------------------
-- 2020-03-19 12:45 result data
OFV: 44965.0	/ CPU: 21.447 seconds 	/ department sequence: [28, 4, 14, 20, 29, 8, 19, 30, 16, 27, 25, 11, 3, 7, 21, 9, 10, 13, 23, 22, 1, 18, 15, 17, 6, 24, 12, 26, 5, 2]
-- H30 result
--------------------------------------------
HostNestNum = 30, P_a = 0.2
--------------------------------------------
-- 2020-03-19 12:46 result data
OFV: 44985.0	/ CPU: 27.224 seconds 	/ department sequence: [2, 5, 26, 12, 24, 6, 17, 15, 18, 1, 22, 23, 13, 10, 9, 21, 7, 3, 11, 25, 8, 19, 27, 30, 16, 29, 20, 14, 4, 28]
-- H30 result
--------------------------------------------
HostNestNum = 30, P_a = 0.2
--------------------------------------------
-- 2020-03-19 12:46 result data
OFV: 44965.0	/ CPU: 20.462 seconds 	/ department sequence: [28, 4, 14, 20, 29, 8, 19, 30, 16, 27, 25, 11, 3, 7, 21, 9, 10, 13, 23, 22, 1, 18, 15, 17, 6, 24, 12, 26, 5, 2]
-- H30 result
--------------------------------------------
HostNestNum = 30, P_a = 0.2
--------------------------------------------
-- 2020-03-19 12:51 result data
OFV: 44965.0	/ CPU: 21.232 seconds 	/ department sequence: [28, 4, 14, 20, 29, 8, 19, 30, 16, 27, 25, 11, 3, 7, 21, 9, 10, 13, 23, 22, 1, 18, 15, 17, 6, 24, 12, 26, 5, 2]
-- H30 result
--------------------------------------------
HostNestNum = 30, P_a = 0.2
--------------------------------------------
-- 2020-03-19 12:51 result data
OFV: 44965.0	/ CPU: 28.341 seconds 	/ department sequence: [2, 5, 26, 12, 24, 6, 17, 15, 18, 1, 22, 23, 13, 10, 9, 21, 7, 3, 11, 25, 27, 16, 30, 19, 8, 29, 20, 14, 4, 28]
-- H30 result
--------------------------------------------
HostNestNum = 30, P_a = 0.2
--------------------------------------------
-- 2020-03-19 12:52 result data
OFV: 45143.0	/ CPU: 21.583 seconds 	/ department sequence: [28, 2, 4, 5, 29, 14, 20, 27, 30, 16, 21, 3, 19, 8, 25, 11, 7, 13, 9, 10, 23, 22, 1, 18, 6, 15, 17, 26, 24, 12]
-- H30 result
--------------------------------------------
HostNestNum = 30, P_a = 0.2
--------------------------------------------
-- 2020-03-19 12:52 result data
OFV: 44965.0	/ CPU: 19.733 seconds 	/ department sequence: [28, 4, 14, 20, 29, 8, 19, 30, 16, 27, 25, 11, 3, 7, 21, 9, 10, 13, 23, 22, 1, 18, 15, 17, 6, 24, 12, 26, 5, 2]
-- H30 result
--------------------------------------------
HostNestNum = 30, P_a = 0.2
--------------------------------------------
-- 2020-03-19 12:53 result data
OFV: 45152.0	/ CPU: 23.349 seconds 	/ department sequence: [28, 4, 14, 20, 29, 2, 27, 30, 16, 19, 21, 3, 8, 25, 11, 7, 13, 9, 10, 23, 5, 22, 1, 18, 6, 15, 17, 26, 24, 12]
-- H30 result
--------------------------------------------
HostNestNum = 30, P_a = 0.2
--------------------------------------------
-- 2020-03-19 17:05 result data
OFV: 45042.0	/ CPU: 25.865 seconds 	/ department sequence: [2, 5, 12, 24, 26, 6, 17, 15, 18, 1, 22, 23, 13, 10, 9, 21, 3, 7, 11, 25, 27, 30, 19, 8, 16, 29, 20, 14, 4, 28]
-- H30 result
--------------------------------------------
HostNestNum = 30, P_a = 0.2
--------------------------------------------
-- 2020-03-19 17:06 result data
OFV: 45014.0	/ CPU: 31.162 seconds 	/ department sequence: [12, 24, 26, 2, 5, 6, 18, 17, 1, 15, 22, 23, 13, 10, 9, 21, 7, 3, 11, 25, 27, 16, 30, 19, 8, 29, 20, 14, 4, 28]
-- H30 result
--------------------------------------------
HostNestNum = 30, P_a = 0.2
--------------------------------------------
-- 2020-03-19 17:06 result data
OFV: 44976.0	/ CPU: 33.146 seconds 	/ department sequence: [28, 4, 14, 20, 29, 8, 19, 30, 16, 27, 25, 11, 3, 7, 21, 9, 10, 13, 23, 22, 1, 18, 15, 17, 6, 26, 24, 12, 5, 2]
-- H30 result
--------------------------------------------
HostNestNum = 30, P_a = 0.2
--------------------------------------------
-- 2020-03-19 17:07 result data
OFV: 44990.0	/ CPU: 40.048 seconds 	/ department sequence: [2, 5, 26, 12, 24, 6, 17, 15, 18, 1, 22, 23, 13, 10, 9, 21, 7, 11, 3, 25, 27, 30, 16, 19, 8, 29, 20, 14, 4, 28]
-- H30 result
--------------------------------------------
HostNestNum = 30, P_a = 0.2
--------------------------------------------
-- 2020-03-19 17:07 result data
OFV: 44965.0	/ CPU: 35.329 seconds 	/ department sequence: [2, 5, 26, 12, 24, 6, 17, 15, 18, 1, 22, 23, 13, 10, 9, 21, 7, 3, 11, 25, 27, 16, 30, 19, 8, 29, 20, 14, 4, 28]
-- H30 result
--------------------------------------------
HostNestNum = 30, P_a = 0.2
--------------------------------------------
-- 2020-03-19 17:11 result data
OFV: 44965.0	/ CPU: 25.431 seconds 	/ department sequence: [28, 4, 14, 20, 29, 8, 19, 30, 16, 27, 25, 11, 3, 7, 21, 9, 10, 13, 23, 22, 1, 18, 15, 17, 6, 24, 12, 26, 5, 2]
-- H30 result
--------------------------------------------
HostNestNum = 30, P_a = 0.2
--------------------------------------------
-- 2020-03-19 17:11 result data
OFV: 45177.0	/ CPU: 26.492 seconds 	/ department sequence: [12, 24, 26, 18, 6, 22, 1, 15, 17, 23, 8, 25, 11, 7, 10, 13, 9, 19, 3, 21, 16, 30, 27, 5, 2, 29, 20, 14, 4, 28]
-- H30 result
--------------------------------------------
HostNestNum = 30, P_a = 0.2
--------------------------------------------
-- 2020-03-19 17:12 result data
OFV: 44965.0	/ CPU: 35.270 seconds 	/ department sequence: [28, 4, 14, 20, 29, 8, 19, 30, 16, 27, 25, 11, 3, 7, 21, 9, 10, 13, 23, 22, 1, 18, 15, 17, 6, 24, 12, 26, 5, 2]
-- H30 result
--------------------------------------------
HostNestNum = 30, P_a = 0.2
--------------------------------------------
-- 2020-03-19 17:12 result data
OFV: 45170.0	/ CPU: 27.363 seconds 	/ department sequence: [28, 2, 5, 4, 29, 14, 20, 27, 30, 16, 21, 3, 19, 9, 13, 10, 25, 7, 11, 8, 23, 22, 1, 18, 6, 15, 17, 26, 24, 12]
-- H30 result
--------------------------------------------
HostNestNum = 30, P_a = 0.2
--------------------------------------------
-- 2020-03-19 17:13 result data
OFV: 45130.0	/ CPU: 33.917 seconds 	/ department sequence: [28, 2, 5, 4, 29, 14, 20, 27, 30, 16, 21, 3, 19, 8, 25, 11, 7, 13, 9, 10, 23, 22, 1, 18, 6, 15, 17, 26, 24, 12]
-- H30 result
--------------------------------------------
HostNestNum = 30, P_a = 0.2
--------------------------------------------
-- 2020-03-20 10:45 result data
OFV: 44996.0	/ CPU: 55.525 seconds 	/ department sequence: [28, 4, 14, 20, 29, 16, 30, 27, 19, 8, 25, 11, 3, 7, 21, 9, 10, 13, 23, 22, 15, 1, 17, 18, 6, 24, 12, 26, 5, 2]
-- H30 result
--------------------------------------------
HostNestNum = 30, P_a = 0.2
--------------------------------------------
-- 2020-03-20 10:46 result data
OFV: 44965.0	/ CPU: 27.991 seconds 	/ department sequence: [28, 4, 14, 20, 29, 8, 19, 30, 16, 27, 25, 11, 3, 7, 21, 9, 10, 13, 23, 22, 1, 18, 15, 17, 6, 24, 12, 26, 5, 2]
-- H30 result
--------------------------------------------
HostNestNum = 30, P_a = 0.2
--------------------------------------------
-- 2020-03-20 10:46 result data
OFV: 44986.0	/ CPU: 26.150 seconds 	/ department sequence: [28, 4, 14, 20, 29, 8, 19, 30, 16, 27, 25, 11, 3, 7, 21, 9, 10, 13, 23, 17, 15, 1, 22, 18, 6, 24, 12, 26, 5, 2]
-- H30 result
--------------------------------------------
HostNestNum = 30, P_a = 0.2
--------------------------------------------
-- 2020-03-20 10:47 result data
OFV: 45155.0	/ CPU: 19.834 seconds 	/ department sequence: [12, 24, 26, 17, 15, 6, 18, 1, 22, 23, 8, 11, 7, 25, 10, 13, 9, 19, 3, 21, 16, 30, 27, 5, 2, 29, 20, 14, 4, 28]
-- H30 result
--------------------------------------------
HostNestNum = 30, P_a = 0.2
--------------------------------------------
-- 2020-03-20 10:47 result data
OFV: 44981.0	/ CPU: 32.337 seconds 	/ department sequence: [28, 4, 14, 20, 29, 8, 19, 16, 30, 27, 25, 11, 3, 7, 21, 9, 10, 13, 23, 22, 1, 18, 15, 17, 6, 24, 12, 26, 5, 2]
-- H30 result
--------------------------------------------
HostNestNum = 30, P_a = 0.2
--------------------------------------------
-- 2020-03-20 10:50 result data
OFV: 44965.0	/ CPU: 19.098 seconds 	/ department sequence: [2, 5, 26, 12, 24, 6, 17, 15, 18, 1, 22, 23, 13, 10, 9, 21, 7, 3, 11, 25, 27, 16, 30, 19, 8, 29, 20, 14, 4, 28]
-- H30 result
--------------------------------------------
HostNestNum = 30, P_a = 0.2
--------------------------------------------
-- 2020-03-20 10:50 result data
OFV: 44976.0	/ CPU: 16.272 seconds 	/ department sequence: [28, 4, 14, 20, 29, 8, 19, 30, 16, 27, 25, 11, 3, 7, 21, 9, 10, 13, 23, 22, 1, 15, 17, 18, 6, 24, 12, 26, 5, 2]
-- H30 result
--------------------------------------------
HostNestNum = 30, P_a = 0.2
--------------------------------------------
-- 2020-03-20 10:51 result data
OFV: 44965.0	/ CPU: 19.020 seconds 	/ department sequence: [28, 4, 14, 20, 29, 8, 19, 30, 16, 27, 25, 11, 3, 7, 21, 9, 10, 13, 23, 22, 1, 18, 15, 17, 6, 24, 12, 26, 5, 2]
-- H30 result
--------------------------------------------
HostNestNum = 30, P_a = 0.2
--------------------------------------------
-- 2020-03-20 10:51 result data
OFV: 44970.0	/ CPU: 25.900 seconds 	/ department sequence: [28, 4, 14, 20, 29, 8, 19, 30, 16, 27, 25, 11, 7, 3, 21, 9, 10, 13, 23, 22, 1, 18, 15, 17, 6, 24, 12, 26, 5, 2]
-- H30 result
--------------------------------------------
HostNestNum = 30, P_a = 0.2
--------------------------------------------
-- 2020-03-20 10:51 result data
OFV: 45146.0	/ CPU: 22.354 seconds 	/ department sequence: [12, 24, 26, 17, 15, 6, 18, 1, 22, 5, 23, 10, 9, 13, 7, 11, 25, 8, 3, 21, 19, 27, 30, 16, 2, 29, 20, 14, 4, 28]
-- H30 result
--------------------------------------------
HostNestNum = 30, P_a = 0.2
--------------------------------------------
-- 2020-03-20 11:09 result data
OFV: 45126.0	/ CPU: 40.059 seconds 	/ department sequence: [28, 2, 5, 4, 29, 14, 20, 27, 30, 16, 21, 3, 19, 8, 25, 11, 7, 23, 9, 13, 10, 22, 1, 18, 6, 15, 17, 26, 24, 12]
-- H30 result
--------------------------------------------
HostNestNum = 30, P_a = 0.2
--------------------------------------------
-- 2020-03-20 11:09 result data
OFV: 44976.0	/ CPU: 20.609 seconds 	/ department sequence: [28, 4, 14, 20, 29, 8, 19, 30, 16, 27, 25, 11, 3, 7, 21, 9, 10, 13, 23, 22, 15, 1, 17, 18, 6, 24, 12, 26, 5, 2]
-- H30 result
--------------------------------------------
HostNestNum = 30, P_a = 0.2
--------------------------------------------
-- 2020-03-20 11:10 result data
OFV: 45024.0	/ CPU: 17.040 seconds 	/ department sequence: [28, 4, 14, 20, 29, 8, 19, 30, 16, 27, 25, 11, 3, 7, 21, 9, 10, 13, 23, 17, 15, 1, 22, 18, 6, 5, 2, 26, 24, 12]
-- H30 result
--------------------------------------------
HostNestNum = 30, P_a = 0.2
--------------------------------------------
-- 2020-03-20 11:10 result data
OFV: 44965.0	/ CPU: 13.435 seconds 	/ department sequence: [2, 5, 26, 12, 24, 6, 17, 15, 18, 1, 22, 23, 13, 10, 9, 21, 7, 3, 11, 25, 27, 16, 30, 19, 8, 29, 20, 14, 4, 28]
-- H30 result
--------------------------------------------
HostNestNum = 30, P_a = 0.2
--------------------------------------------
-- 2020-03-20 11:10 result data
OFV: 44965.0	/ CPU: 14.717 seconds 	/ department sequence: [2, 5, 26, 12, 24, 6, 17, 15, 18, 1, 22, 23, 13, 10, 9, 21, 7, 3, 11, 25, 27, 16, 30, 19, 8, 29, 20, 14, 4, 28]
-- H30 result
--------------------------------------------
HostNestNum = 30, P_a = 0.2
--------------------------------------------
-- 2020-03-20 11:16 result data
OFV: 45192.0	/ CPU: 33.690 seconds 	/ department sequence: [28, 2, 5, 4, 29, 14, 20, 27, 30, 16, 21, 3, 19, 9, 13, 10, 7, 11, 25, 8, 23, 17, 15, 1, 22, 6, 18, 26, 24, 12]
-- H30 result
--------------------------------------------
HostNestNum = 30, P_a = 0.2
--------------------------------------------
-- 2020-03-20 11:16 result data
OFV: 45146.0	/ CPU: 30.754 seconds 	/ department sequence: [12, 24, 26, 17, 15, 6, 18, 1, 22, 5, 23, 10, 9, 13, 7, 11, 25, 8, 3, 21, 19, 27, 30, 16, 2, 29, 20, 14, 4, 28]
-- H30 result
--------------------------------------------
HostNestNum = 30, P_a = 0.2
--------------------------------------------
-- 2020-03-20 11:17 result data
OFV: 44965.0	/ CPU: 22.286 seconds 	/ department sequence: [2, 5, 26, 12, 24, 6, 17, 15, 18, 1, 22, 23, 13, 10, 9, 21, 7, 3, 11, 25, 27, 16, 30, 19, 8, 29, 20, 14, 4, 28]
-- H30 result
--------------------------------------------
HostNestNum = 30, P_a = 0.2
--------------------------------------------
-- 2020-03-20 11:17 result data
OFV: 44965.0	/ CPU: 24.134 seconds 	/ department sequence: [2, 5, 26, 12, 24, 6, 17, 15, 18, 1, 22, 23, 13, 10, 9, 21, 7, 3, 11, 25, 27, 16, 30, 19, 8, 29, 20, 14, 4, 28]
-- H30 result
--------------------------------------------
HostNestNum = 30, P_a = 0.2
--------------------------------------------
-- 2020-03-20 11:18 result data
OFV: 45151.0	/ CPU: 22.644 seconds 	/ department sequence: [12, 24, 26, 17, 15, 6, 18, 1, 22, 23, 8, 25, 11, 7, 10, 13, 9, 19, 3, 21, 16, 30, 27, 5, 2, 29, 20, 14, 4, 28]
-- H30 result
--------------------------------------------
HostNestNum = 30, P_a = 0.2
--------------------------------------------
-- 2020-03-20 11:27 result data
OFV: 44976.0	/ CPU: 43.856 seconds 	/ department sequence: [2, 5, 12, 24, 26, 6, 17, 15, 18, 1, 22, 23, 13, 10, 9, 21, 7, 3, 11, 25, 27, 16, 30, 19, 8, 29, 20, 14, 4, 28]
-- H30 result
--------------------------------------------
HostNestNum = 30, P_a = 0.2
--------------------------------------------
-- 2020-03-20 11:28 result data
OFV: 44965.0	/ CPU: 30.983 seconds 	/ department sequence: [2, 5, 26, 12, 24, 6, 17, 15, 18, 1, 22, 23, 13, 10, 9, 21, 7, 3, 11, 25, 27, 16, 30, 19, 8, 29, 20, 14, 4, 28]
-- H30 result
--------------------------------------------
HostNestNum = 30, P_a = 0.2
--------------------------------------------
-- 2020-03-20 11:28 result data
OFV: 45575.0	/ CPU: 33.557 seconds 	/ department sequence: [2, 5, 4, 29, 14, 20, 27, 30, 16, 18, 3, 21, 19, 23, 9, 11, 7, 13, 10, 8, 25, 22, 1, 17, 15, 26, 24, 6, 12, 28]
-- H30 result
--------------------------------------------
HostNestNum = 30, P_a = 0.2
--------------------------------------------
-- 2020-03-20 11:29 result data
OFV: 44974.0	/ CPU: 25.048 seconds 	/ department sequence: [2, 5, 26, 12, 24, 6, 17, 15, 18, 1, 22, 23, 13, 10, 9, 21, 7, 11, 3, 25, 27, 16, 30, 19, 8, 29, 20, 14, 4, 28]
-- H30 result
--------------------------------------------
HostNestNum = 30, P_a = 0.2
--------------------------------------------
-- 2020-03-20 11:29 result data
OFV: 44976.0	/ CPU: 29.326 seconds 	/ department sequence: [28, 4, 14, 20, 29, 8, 19, 30, 16, 27, 25, 11, 3, 7, 21, 9, 10, 13, 23, 22, 15, 1, 17, 18, 6, 24, 12, 26, 5, 2]
-- H30 result
--------------------------------------------
HostNestNum = 30, P_a = 0.2
--------------------------------------------
-- 2020-03-20 11:36 result data
OFV: 45014.0	/ CPU: 66.692 seconds 	/ department sequence: [12, 24, 26, 2, 5, 6, 18, 17, 1, 15, 22, 23, 13, 10, 9, 21, 7, 3, 11, 25, 27, 16, 30, 19, 8, 29, 20, 14, 4, 28]
-- H30 result
--------------------------------------------
HostNestNum = 30, P_a = 0.2
--------------------------------------------
-- 2020-03-20 11:37 result data
OFV: 45034.0	/ CPU: 42.236 seconds 	/ department sequence: [28, 4, 14, 20, 29, 8, 19, 25, 16, 30, 27, 11, 7, 3, 21, 9, 10, 13, 23, 15, 17, 22, 1, 18, 6, 24, 12, 26, 5, 2]
-- H30 result
--------------------------------------------
HostNestNum = 30, P_a = 0.2
--------------------------------------------
-- 2020-03-20 11:38 result data
OFV: 45188.0	/ CPU: 34.189 seconds 	/ department sequence: [12, 24, 26, 17, 15, 6, 18, 1, 22, 23, 8, 25, 11, 7, 10, 13, 9, 19, 3, 27, 30, 16, 21, 20, 14, 29, 4, 5, 2, 28]
-- H30 result
--------------------------------------------
HostNestNum = 30, P_a = 0.2
--------------------------------------------
-- 2020-03-20 11:38 result data
OFV: 44986.0	/ CPU: 30.422 seconds 	/ department sequence: [28, 4, 14, 20, 29, 8, 19, 30, 16, 27, 25, 11, 3, 7, 21, 9, 13, 10, 23, 22, 1, 15, 17, 18, 6, 24, 12, 26, 5, 2]
-- H30 result
--------------------------------------------
HostNestNum = 30, P_a = 0.2
--------------------------------------------
-- 2020-03-20 11:39 result data
OFV: 45584.0	/ CPU: 36.728 seconds 	/ department sequence: [2, 5, 4, 29, 14, 20, 27, 30, 16, 18, 3, 21, 19, 9, 23, 11, 7, 13, 10, 8, 25, 22, 1, 17, 15, 26, 24, 6, 12, 28]
-- H30 result
--------------------------------------------
HostNestNum = 30, P_a = 0.2
--------------------------------------------
-- 2020-03-20 12:02 result data
OFV: 45020.0	/ CPU: 62.190 seconds 	/ department sequence: [2, 5, 12, 24, 26, 6, 18, 1, 22, 15, 17, 23, 13, 10, 9, 21, 7, 3, 11, 25, 8, 19, 27, 30, 16, 29, 20, 14, 4, 28]
-- H30 result
--------------------------------------------
HostNestNum = 30, P_a = 0.2
--------------------------------------------
-- 2020-03-20 12:03 result data
OFV: 44976.0	/ CPU: 33.918 seconds 	/ department sequence: [2, 5, 12, 24, 26, 6, 17, 15, 18, 1, 22, 23, 13, 10, 9, 21, 7, 3, 11, 25, 27, 16, 30, 19, 8, 29, 20, 14, 4, 28]
-- H30 result
--------------------------------------------
HostNestNum = 30, P_a = 0.2
--------------------------------------------
-- 2020-03-20 12:03 result data
OFV: 44986.0	/ CPU: 44.107 seconds 	/ department sequence: [2, 5, 26, 12, 24, 6, 18, 22, 1, 15, 17, 23, 13, 10, 9, 21, 7, 3, 11, 25, 27, 16, 30, 19, 8, 29, 20, 14, 4, 28]
-- H30 result
--------------------------------------------
HostNestNum = 30, P_a = 0.2
--------------------------------------------
-- 2020-03-20 12:04 result data
OFV: 44987.0	/ CPU: 34.404 seconds 	/ department sequence: [2, 5, 12, 24, 26, 6, 18, 17, 15, 1, 22, 23, 13, 10, 9, 21, 7, 3, 11, 25, 27, 16, 30, 19, 8, 29, 20, 14, 4, 28]
-- H30 result
--------------------------------------------
HostNestNum = 30, P_a = 0.2
--------------------------------------------
-- 2020-03-20 12:05 result data
OFV: 45657.0	/ CPU: 31.508 seconds 	/ department sequence: [2, 5, 4, 29, 14, 20, 18, 27, 30, 16, 21, 3, 19, 23, 9, 11, 7, 13, 10, 8, 25, 22, 1, 17, 15, 26, 24, 6, 12, 28]
-- H30 result
--------------------------------------------
HostNestNum = 30, P_a = 0.2
--------------------------------------------
-- 2020-03-20 12:07 result data
OFV: 44965.0	/ CPU: 42.817 seconds 	/ department sequence: [28, 4, 14, 20, 29, 8, 19, 30, 16, 27, 25, 11, 3, 7, 21, 9, 10, 13, 23, 22, 1, 18, 15, 17, 6, 24, 12, 26, 5, 2]
-- H30 result
--------------------------------------------
HostNestNum = 30, P_a = 0.2
--------------------------------------------
-- 2020-03-20 12:08 result data
OFV: 44965.0	/ CPU: 23.317 seconds 	/ department sequence: [2, 5, 26, 12, 24, 6, 17, 15, 18, 1, 22, 23, 13, 10, 9, 21, 7, 3, 11, 25, 27, 16, 30, 19, 8, 29, 20, 14, 4, 28]
-- H30 result
--------------------------------------------
HostNestNum = 30, P_a = 0.2
--------------------------------------------
-- 2020-03-20 12:08 result data
OFV: 45126.0	/ CPU: 27.735 seconds 	/ department sequence: [12, 24, 26, 17, 15, 6, 18, 1, 22, 10, 13, 9, 23, 7, 11, 25, 8, 19, 3, 21, 16, 30, 27, 20, 14, 29, 4, 5, 2, 28]
-- H30 result
--------------------------------------------
HostNestNum = 30, P_a = 0.2
--------------------------------------------
-- 2020-03-20 12:09 result data
OFV: 45067.0	/ CPU: 23.775 seconds 	/ department sequence: [2, 5, 26, 12, 24, 6, 17, 15, 18, 1, 22, 23, 13, 10, 9, 21, 7, 3, 11, 25, 19, 29, 30, 27, 16, 8, 20, 14, 4, 28]
-- H30 result
--------------------------------------------
HostNestNum = 30, P_a = 0.2
--------------------------------------------
-- 2020-03-20 12:09 result data
OFV: 44965.0	/ CPU: 24.957 seconds 	/ department sequence: [28, 4, 14, 20, 29, 8, 19, 30, 16, 27, 25, 11, 3, 7, 21, 9, 10, 13, 23, 22, 1, 18, 15, 17, 6, 24, 12, 26, 5, 2]
-- H30 result
--------------------------------------------
HostNestNum = 30, P_a = 0.2
--------------------------------------------
-- 2020-03-20 12:15 result data
OFV: 44965.0	/ CPU: 41.550 seconds 	/ department sequence: [2, 5, 26, 12, 24, 6, 17, 15, 18, 1, 22, 23, 13, 10, 9, 21, 7, 3, 11, 25, 27, 16, 30, 19, 8, 29, 20, 14, 4, 28]
-- H30 result
--------------------------------------------
HostNestNum = 30, P_a = 0.2
--------------------------------------------
-- 2020-03-20 12:15 result data
OFV: 45152.0	/ CPU: 22.817 seconds 	/ department sequence: [12, 24, 26, 18, 6, 22, 1, 15, 17, 10, 13, 9, 23, 7, 11, 25, 8, 19, 3, 21, 16, 30, 27, 20, 14, 29, 4, 5, 2, 28]
-- H30 result
--------------------------------------------
HostNestNum = 30, P_a = 0.2
--------------------------------------------
-- 2020-03-20 12:16 result data
OFV: 45172.0	/ CPU: 24.101 seconds 	/ department sequence: [12, 24, 26, 18, 6, 22, 1, 15, 17, 5, 23, 10, 9, 13, 7, 11, 25, 8, 3, 21, 19, 27, 30, 16, 2, 29, 20, 14, 4, 28]
-- H30 result
--------------------------------------------
HostNestNum = 30, P_a = 0.2
--------------------------------------------
-- 2020-03-20 12:16 result data
OFV: 45003.0	/ CPU: 20.877 seconds 	/ department sequence: [12, 24, 26, 2, 5, 6, 17, 15, 18, 1, 22, 23, 13, 10, 9, 21, 7, 3, 11, 25, 27, 16, 30, 19, 8, 29, 20, 14, 4, 28]
-- H30 result
--------------------------------------------
HostNestNum = 30, P_a = 0.2
--------------------------------------------
-- 2020-03-20 12:17 result data
OFV: 44985.0	/ CPU: 24.810 seconds 	/ department sequence: [2, 5, 26, 12, 24, 6, 17, 15, 18, 1, 22, 23, 13, 10, 9, 21, 7, 3, 11, 25, 8, 19, 27, 30, 16, 29, 20, 14, 4, 28]
-- H30 result
--------------------------------------------
HostNestNum = 30, P_a = 0.2
--------------------------------------------
-- 2020-03-20 12:21 result data
OFV: 45003.0	/ CPU: 30.337 seconds 	/ department sequence: [28, 4, 14, 20, 29, 8, 19, 30, 16, 27, 25, 11, 3, 7, 21, 9, 10, 13, 23, 22, 1, 18, 15, 17, 6, 5, 2, 26, 24, 12]
-- H30 result
--------------------------------------------
HostNestNum = 30, P_a = 0.2
--------------------------------------------
-- 2020-03-20 12:21 result data
OFV: 44965.0	/ CPU: 19.470 seconds 	/ department sequence: [28, 4, 14, 20, 29, 8, 19, 30, 16, 27, 25, 11, 3, 7, 21, 9, 10, 13, 23, 22, 1, 18, 15, 17, 6, 24, 12, 26, 5, 2]
-- H30 result
--------------------------------------------
HostNestNum = 30, P_a = 0.2
--------------------------------------------
-- 2020-03-20 12:22 result data
OFV: 44965.0	/ CPU: 18.413 seconds 	/ department sequence: [28, 4, 14, 20, 29, 8, 19, 30, 16, 27, 25, 11, 3, 7, 21, 9, 10, 13, 23, 22, 1, 18, 15, 17, 6, 24, 12, 26, 5, 2]
-- H30 result
--------------------------------------------
HostNestNum = 30, P_a = 0.2
--------------------------------------------
-- 2020-03-20 12:22 result data
OFV: 44965.0	/ CPU: 16.393 seconds 	/ department sequence: [2, 5, 26, 12, 24, 6, 17, 15, 18, 1, 22, 23, 13, 10, 9, 21, 7, 3, 11, 25, 27, 16, 30, 19, 8, 29, 20, 14, 4, 28]
-- H30 result
--------------------------------------------
HostNestNum = 30, P_a = 0.2
--------------------------------------------
-- 2020-03-20 12:22 result data
OFV: 45166.0	/ CPU: 19.491 seconds 	/ department sequence: [12, 24, 26, 17, 15, 6, 18, 1, 22, 23, 8, 25, 11, 7, 10, 13, 9, 19, 3, 21, 16, 30, 27, 20, 14, 29, 4, 5, 2, 28]
-- H30 result
--------------------------------------------
HostNestNum = 30, P_a = 0.2
--------------------------------------------
-- 2020-03-20 12:26 result data
OFV: 44965.0	/ CPU: 39.730 seconds 	/ department sequence: [2, 5, 26, 12, 24, 6, 17, 15, 18, 1, 22, 23, 13, 10, 9, 21, 7, 3, 11, 25, 27, 16, 30, 19, 8, 29, 20, 14, 4, 28]
-- H30 result
--------------------------------------------
HostNestNum = 30, P_a = 0.2
--------------------------------------------
-- 2020-03-20 12:27 result data
OFV: 45111.0	/ CPU: 17.313 seconds 	/ department sequence: [28, 4, 14, 20, 29, 2, 5, 27, 30, 16, 21, 3, 19, 8, 25, 11, 7, 23, 9, 13, 10, 22, 1, 18, 6, 15, 17, 26, 24, 12]
-- H30 result
--------------------------------------------
HostNestNum = 30, P_a = 0.2
--------------------------------------------
-- 2020-03-20 12:27 result data
OFV: 44976.0	/ CPU: 19.161 seconds 	/ department sequence: [2, 5, 26, 12, 24, 6, 18, 17, 1, 15, 22, 23, 13, 10, 9, 21, 7, 3, 11, 25, 27, 16, 30, 19, 8, 29, 20, 14, 4, 28]
-- H30 result
--------------------------------------------
HostNestNum = 30, P_a = 0.2
--------------------------------------------
-- 2020-03-20 12:27 result data
OFV: 44986.0	/ CPU: 18.196 seconds 	/ department sequence: [2, 5, 26, 12, 24, 6, 18, 22, 1, 15, 17, 23, 13, 10, 9, 21, 7, 3, 11, 25, 27, 16, 30, 19, 8, 29, 20, 14, 4, 28]
-- H30 result
--------------------------------------------
HostNestNum = 30, P_a = 0.2
--------------------------------------------
-- 2020-03-20 12:27 result data
OFV: 44965.0	/ CPU: 17.070 seconds 	/ department sequence: [28, 4, 14, 20, 29, 8, 19, 30, 16, 27, 25, 11, 3, 7, 21, 9, 10, 13, 23, 22, 1, 18, 15, 17, 6, 24, 12, 26, 5, 2]
-- H30 result
--------------------------------------------
HostNestNum = 30, P_a = 0.2
--------------------------------------------
-- 2020-03-20 12:38 result data
OFV: 45743.0	/ CPU: 68.758 seconds 	/ department sequence: [2, 5, 26, 24, 12, 6, 18, 22, 17, 23, 15, 1, 25, 3, 11, 13, 21, 7, 10, 9, 19, 8, 27, 30, 16, 29, 20, 14, 4, 28]
-- H30 result
--------------------------------------------
HostNestNum = 30, P_a = 0.2
--------------------------------------------
-- 2020-03-20 12:40 result data
-- H30 result
--------------------------------------------
HostNestNum = 30, P_a = 0.2
--------------------------------------------
-- 2020-03-20 12:42 result data
OFV: 45111.0	/ CPU: 37.274 seconds 	/ department sequence: [28, 4, 14, 20, 29, 2, 5, 27, 30, 16, 21, 3, 19, 8, 25, 11, 7, 23, 9, 13, 10, 22, 1, 18, 6, 15, 17, 26, 24, 12]
-- H30 result
--------------------------------------------
HostNestNum = 30, P_a = 0.2
--------------------------------------------
-- 2020-03-20 12:42 result data
OFV: 49493.0	/ CPU: 45.246 seconds 	/ department sequence: [14, 18, 2, 27, 16, 23, 4, 29, 3, 5, 20, 21, 9, 30, 8, 19, 7, 15, 11, 13, 10, 6, 22, 1, 24, 25, 26, 28, 17, 12]
-- H30 result
--------------------------------------------
HostNestNum = 30, P_a = 0.2
--------------------------------------------
-- 2020-03-20 12:43 result data
-- H30 result
--------------------------------------------
HostNestNum = 30, P_a = 0.2
--------------------------------------------
-- 2020-03-20 12:52 result data
OFV: 44965.0	/ CPU: 32.648 seconds 	/ department sequence: [28, 4, 14, 20, 29, 8, 19, 30, 16, 27, 25, 11, 3, 7, 21, 9, 10, 13, 23, 22, 1, 18, 15, 17, 6, 24, 12, 26, 5, 2]
-- H30 result
--------------------------------------------
HostNestNum = 30, P_a = 0.2
--------------------------------------------
-- 2020-03-20 12:52 result data
OFV: 44976.0	/ CPU: 22.622 seconds 	/ department sequence: [2, 5, 26, 12, 24, 6, 18, 17, 1, 15, 22, 23, 13, 10, 9, 21, 7, 3, 11, 25, 27, 16, 30, 19, 8, 29, 20, 14, 4, 28]
-- H30 result
--------------------------------------------
HostNestNum = 30, P_a = 0.2
--------------------------------------------
-- 2020-03-20 12:53 result data
OFV: 44965.0	/ CPU: 16.091 seconds 	/ department sequence: [2, 5, 26, 12, 24, 6, 17, 15, 18, 1, 22, 23, 13, 10, 9, 21, 7, 3, 11, 25, 27, 16, 30, 19, 8, 29, 20, 14, 4, 28]
-- H30 result
--------------------------------------------
HostNestNum = 30, P_a = 0.2
--------------------------------------------
-- 2020-03-20 12:53 result data
OFV: 45575.0	/ CPU: 15.083 seconds 	/ department sequence: [2, 5, 4, 29, 14, 20, 27, 30, 16, 18, 3, 21, 19, 23, 9, 11, 7, 13, 10, 8, 25, 22, 1, 17, 15, 26, 24, 6, 12, 28]
-- H30 result
--------------------------------------------
HostNestNum = 30, P_a = 0.2
--------------------------------------------
-- 2020-03-20 12:53 result data
OFV: 45111.0	/ CPU: 17.886 seconds 	/ department sequence: [28, 4, 14, 20, 29, 2, 5, 27, 30, 16, 21, 3, 19, 8, 25, 11, 7, 23, 9, 13, 10, 22, 1, 18, 6, 15, 17, 26, 24, 12]
