-- H_30 result
--------------------------------------------
HostNestNum = 20, P_a = 0.1
--------------------------------------------
-- 2019-01-09 14:52 result data
OFV: 44965.0	/ CPU: 7.333 seconds 	/ department sequence: [2, 5, 26, 12, 24, 6, 17, 15, 18, 1, 22, 23, 13, 10, 9, 21, 7, 3, 11, 25, 27, 16, 30, 19, 8, 29, 20, 14, 4, 28]
OFV: 45575.0	/ CPU: 7.613 seconds 	/ department sequence: [28, 12, 6, 24, 26, 15, 17, 1, 22, 25, 8, 10, 13, 7, 11, 9, 23, 19, 21, 3, 18, 16, 30, 27, 20, 14, 29, 4, 5, 2]
OFV: 44976.0	/ CPU: 7.539 seconds 	/ department sequence: [2, 5, 26, 12, 24, 6, 18, 17, 1, 15, 22, 23, 13, 10, 9, 21, 7, 3, 11, 25, 27, 16, 30, 19, 8, 29, 20, 14, 4, 28]
OFV: 45188.0	/ CPU: 12.189 seconds 	/ department sequence: [12, 24, 26, 17, 15, 6, 18, 1, 22, 23, 8, 25, 11, 7, 10, 13, 9, 19, 3, 27, 30, 16, 21, 20, 14, 29, 4, 5, 2, 28]
OFV: 46682.0	/ CPU: 7.366 seconds 	/ department sequence: [28, 2, 5, 6, 12, 24, 18, 1, 22, 21, 13, 25, 3, 7, 19, 8, 23, 11, 9, 10, 30, 27, 16, 15, 17, 29, 20, 26, 14, 4]
OFV: 45184.0	/ CPU: 10.975 seconds 	/ department sequence: [28, 4, 14, 20, 29, 2, 27, 30, 16, 19, 21, 3, 9, 13, 10, 25, 7, 11, 8, 23, 5, 22, 1, 18, 6, 15, 17, 26, 24, 12]
OFV: 45575.0	/ CPU: 8.008 seconds 	/ department sequence: [28, 12, 6, 24, 26, 15, 17, 1, 22, 25, 8, 10, 13, 7, 11, 9, 23, 19, 21, 3, 18, 16, 30, 27, 20, 14, 29, 4, 5, 2]
OFV: 45067.0	/ CPU: 12.310 seconds 	/ department sequence: [2, 5, 26, 12, 24, 6, 17, 15, 18, 1, 22, 23, 13, 10, 9, 21, 7, 3, 11, 25, 19, 29, 30, 27, 16, 8, 20, 14, 4, 28]
OFV: 47593.0	/ CPU: 10.330 seconds 	/ department sequence: [28, 2, 5, 6, 18, 22, 15, 8, 17, 1, 25, 23, 19, 21, 3, 7, 11, 13, 30, 16, 27, 10, 9, 29, 4, 20, 14, 26, 24, 12]
OFV: 45192.0	/ CPU: 8.082 seconds 	/ department sequence: [12, 24, 26, 18, 6, 22, 1, 15, 17, 23, 8, 25, 11, 7, 10, 13, 9, 19, 3, 21, 16, 30, 27, 20, 14, 29, 4, 5, 2, 28]
-- H_30 result
--------------------------------------------
HostNestNum = 20, P_a = 0.1
--------------------------------------------
-- 2019-01-22 22:06 result data
OFV: 47049.0	/ CPU: 19.093 seconds 	/ department sequence: [28, 4, 18, 6, 22, 15, 8, 16, 27, 30, 11, 23, 25, 3, 19, 7, 1, 21, 13, 10, 9, 17, 29, 20, 14, 5, 2, 26, 24, 12]
-- H_30 result
--------------------------------------------
HostNestNum = 20, P_a = 0.1
--------------------------------------------
-- 2019-01-25 13:06 result data
-- H_30 result
--------------------------------------------
HostNestNum = 20, P_a = 0.1
--------------------------------------------
-- 2019-01-28 13:38 result data
OFV: 45184.0	/ CPU: 2.513 seconds 	/ department sequence: [28, 2, 5, 4, 29, 14, 20, 27, 30, 16, 21, 3, 19, 8, 25, 7, 11, 13, 9, 10, 23, 17, 15, 1, 22, 6, 18, 26, 24, 12]
-- H_30 result
--------------------------------------------
HostNestNum = 20, P_a = 0.1
--------------------------------------------
-- 2019-01-29 15:44 result data
OFV: 45217.0	/ CPU: 3.954 seconds 	/ department sequence: [12, 24, 26, 17, 15, 6, 18, 1, 22, 5, 23, 8, 11, 7, 25, 10, 13, 19, 3, 9, 21, 27, 30, 16, 2, 29, 20, 14, 4, 28]
OFV: 45192.0	/ CPU: 1.579 seconds 	/ department sequence: [28, 2, 5, 4, 29, 14, 20, 27, 30, 16, 21, 3, 19, 9, 13, 10, 7, 11, 25, 8, 23, 17, 15, 1, 22, 6, 18, 26, 24, 12]
OFV: 44986.0	/ CPU: 9.689 seconds 	/ department sequence: [28, 4, 14, 20, 29, 8, 19, 25, 16, 30, 27, 11, 3, 7, 21, 9, 10, 13, 23, 22, 1, 18, 15, 17, 6, 24, 12, 26, 5, 2]
OFV: 45151.0	/ CPU: 2.531 seconds 	/ department sequence: [28, 4, 14, 20, 29, 2, 5, 27, 30, 16, 21, 3, 19, 9, 13, 10, 7, 11, 25, 8, 23, 22, 1, 18, 6, 15, 17, 26, 24, 12]
OFV: 44965.0	/ CPU: 3.828 seconds 	/ department sequence: [28, 4, 14, 20, 29, 8, 19, 30, 16, 27, 25, 11, 3, 7, 21, 9, 10, 13, 23, 22, 1, 18, 15, 17, 6, 24, 12, 26, 5, 2]
OFV: 45687.0	/ CPU: 1.984 seconds 	/ department sequence: [2, 5, 12, 24, 26, 6, 17, 15, 29, 13, 10, 9, 1, 22, 21, 7, 25, 11, 23, 3, 19, 30, 16, 27, 8, 18, 20, 14, 4, 28]
OFV: 47431.0	/ CPU: 2.867 seconds 	/ department sequence: [4, 18, 8, 17, 15, 22, 23, 19, 1, 25, 11, 7, 3, 30, 27, 16, 10, 9, 21, 13, 29, 2, 5, 6, 26, 20, 14, 24, 12, 28]
OFV: 48223.0	/ CPU: 1.484 seconds 	/ department sequence: [28, 2, 5, 12, 6, 14, 20, 18, 15, 27, 22, 21, 3, 13, 30, 16, 23, 11, 25, 7, 1, 9, 10, 29, 19, 8, 17, 24, 26, 4]
OFV: 47582.0	/ CPU: 1.719 seconds 	/ department sequence: [12, 24, 26, 14, 20, 4, 17, 15, 8, 27, 10, 1, 23, 11, 30, 7, 16, 25, 9, 3, 13, 19, 29, 21, 22, 18, 6, 5, 2, 28]
OFV: 45702.0	/ CPU: 3.109 seconds 	/ department sequence: [2, 5, 26, 12, 24, 6, 17, 29, 13, 10, 9, 21, 1, 7, 19, 25, 22, 23, 11, 3, 8, 30, 16, 15, 27, 18, 20, 14, 4, 28]
-- H_30 result
--------------------------------------------
HostNestNum = 20, P_a = 0.1
--------------------------------------------
-- 2019-01-29 16:32 result data
OFV: 44976.0	/ CPU: 23.988 seconds 	/ department sequence: [28, 4, 14, 20, 29, 8, 19, 30, 16, 27, 25, 11, 3, 7, 21, 9, 10, 13, 23, 22, 1, 15, 17, 18, 6, 24, 12, 26, 5, 2]
OFV: 45699.0	/ CPU: 20.457 seconds 	/ department sequence: [12, 24, 26, 2, 5, 6, 17, 29, 13, 10, 9, 21, 1, 7, 19, 25, 22, 23, 11, 3, 30, 16, 15, 27, 8, 18, 20, 14, 4, 28]
OFV: 45868.0	/ CPU: 18.132 seconds 	/ department sequence: [28, 2, 5, 6, 12, 26, 24, 17, 29, 13, 9, 10, 21, 25, 1, 7, 19, 22, 23, 11, 3, 8, 30, 16, 15, 27, 20, 18, 14, 4]
OFV: 44976.0	/ CPU: 19.159 seconds 	/ department sequence: [28, 4, 14, 20, 29, 8, 19, 30, 16, 27, 25, 11, 3, 7, 21, 9, 10, 13, 23, 22, 15, 1, 17, 18, 6, 24, 12, 26, 5, 2]
OFV: 46020.0	/ CPU: 16.463 seconds 	/ department sequence: [4, 14, 18, 20, 27, 15, 16, 30, 22, 3, 11, 23, 8, 19, 7, 1, 21, 9, 10, 29, 13, 25, 17, 24, 26, 5, 2, 6, 12, 28]
OFV: 45174.0	/ CPU: 29.254 seconds 	/ department sequence: [12, 24, 26, 18, 6, 22, 1, 15, 17, 10, 13, 9, 23, 7, 11, 25, 8, 19, 3, 27, 30, 16, 21, 20, 14, 29, 4, 5, 2, 28]
OFV: 45327.0	/ CPU: 16.420 seconds 	/ department sequence: [28, 4, 14, 20, 29, 8, 19, 30, 16, 27, 15, 25, 17, 11, 23, 3, 7, 9, 10, 21, 13, 1, 22, 18, 6, 24, 12, 26, 5, 2]
OFV: 46701.0	/ CPU: 17.112 seconds 	/ department sequence: [28, 12, 6, 24, 14, 20, 18, 15, 22, 1, 8, 17, 25, 23, 11, 7, 3, 19, 21, 13, 10, 27, 30, 16, 9, 29, 4, 26, 5, 2]
OFV: 45006.0	/ CPU: 17.957 seconds 	/ department sequence: [2, 5, 26, 12, 24, 6, 18, 22, 1, 15, 17, 23, 13, 10, 9, 21, 7, 3, 11, 25, 8, 19, 27, 30, 16, 29, 20, 14, 4, 28]
OFV: 45197.0	/ CPU: 18.501 seconds 	/ department sequence: [12, 24, 26, 17, 18, 6, 15, 1, 22, 23, 10, 9, 13, 7, 11, 25, 8, 19, 3, 27, 30, 16, 21, 20, 14, 5, 29, 4, 2, 28]
-- H_30 result
--------------------------------------------
HostNestNum = 20, P_a = 0.1
--------------------------------------------
-- 2019-01-29 17:46 result data
OFV: 46677.0	/ CPU: 9.219 seconds 	/ department sequence: [2, 5, 26, 4, 29, 17, 9, 10, 16, 27, 30, 13, 21, 3, 11, 23, 7, 19, 25, 8, 1, 22, 15, 18, 20, 14, 24, 6, 12, 28]
OFV: 47040.0	/ CPU: 9.363 seconds 	/ department sequence: [12, 24, 26, 14, 20, 4, 17, 15, 29, 9, 10, 27, 16, 30, 13, 23, 11, 7, 25, 1, 19, 8, 3, 21, 22, 18, 6, 5, 2, 28]
OFV: 45151.0	/ CPU: 19.351 seconds 	/ department sequence: [12, 24, 26, 17, 15, 6, 18, 1, 22, 23, 8, 25, 11, 7, 10, 13, 9, 19, 3, 21, 16, 30, 27, 5, 2, 29, 20, 14, 4, 28]
OFV: 45868.0	/ CPU: 13.658 seconds 	/ department sequence: [28, 2, 5, 6, 12, 26, 24, 17, 29, 13, 9, 10, 21, 25, 1, 7, 19, 22, 23, 11, 3, 8, 30, 16, 15, 27, 20, 18, 14, 4]
OFV: 44965.0	/ CPU: 2.999 seconds 	/ department sequence: [28, 4, 14, 20, 29, 8, 19, 30, 16, 27, 25, 11, 3, 7, 21, 9, 10, 13, 23, 22, 1, 18, 15, 17, 6, 24, 12, 26, 5, 2]
OFV: 47040.0	/ CPU: 8.174 seconds 	/ department sequence: [12, 24, 26, 14, 20, 4, 17, 15, 29, 9, 10, 27, 16, 30, 13, 23, 11, 7, 25, 1, 19, 8, 3, 21, 22, 18, 6, 5, 2, 28]
OFV: 45665.0	/ CPU: 9.344 seconds 	/ department sequence: [28, 2, 5, 4, 29, 14, 20, 6, 15, 16, 27, 30, 13, 21, 3, 9, 10, 11, 7, 25, 19, 8, 23, 22, 1, 18, 17, 26, 24, 12]
OFV: 46139.0	/ CPU: 9.643 seconds 	/ department sequence: [12, 24, 26, 14, 20, 18, 17, 15, 1, 22, 23, 8, 27, 10, 3, 11, 7, 25, 19, 30, 9, 13, 21, 16, 29, 4, 6, 5, 2, 28]
OFV: 47506.0	/ CPU: 8.252 seconds 	/ department sequence: [12, 24, 26, 14, 20, 17, 29, 9, 10, 19, 1, 7, 13, 21, 25, 8, 23, 11, 3, 30, 16, 27, 15, 22, 4, 18, 6, 5, 2, 28]
OFV: 45151.0	/ CPU: 13.549 seconds 	/ department sequence: [12, 24, 26, 17, 15, 6, 18, 1, 22, 23, 8, 25, 11, 7, 10, 13, 9, 19, 3, 21, 16, 30, 27, 5, 2, 29, 20, 14, 4, 28]
-- H_30 result
--------------------------------------------
HostNestNum = 20, P_a = 0.1
--------------------------------------------
-- 2019-01-31 20:23 result data
OFV: 46061.0	/ CPU: 7.481 seconds 	/ department sequence: [4, 14, 18, 20, 29, 16, 27, 30, 19, 8, 3, 23, 11, 22, 7, 21, 9, 10, 1, 13, 25, 15, 17, 24, 26, 12, 6, 5, 2, 28]
OFV: 48173.0	/ CPU: 4.808 seconds 	/ department sequence: [26, 24, 17, 4, 15, 8, 16, 27, 10, 9, 1, 7, 11, 30, 25, 19, 23, 3, 22, 18, 13, 21, 29, 20, 14, 12, 6, 5, 2, 28]
OFV: 47424.0	/ CPU: 7.398 seconds 	/ department sequence: [12, 24, 26, 14, 20, 2, 5, 6, 18, 23, 17, 29, 13, 9, 21, 10, 1, 3, 22, 7, 11, 15, 27, 30, 19, 25, 16, 8, 4, 28]
OFV: 45575.0	/ CPU: 10.801 seconds 	/ department sequence: [2, 5, 4, 29, 14, 20, 27, 30, 16, 18, 3, 21, 19, 23, 9, 11, 7, 13, 10, 8, 25, 22, 1, 17, 15, 26, 24, 6, 12, 28]
OFV: 47087.0	/ CPU: 6.515 seconds 	/ department sequence: [12, 24, 26, 14, 20, 2, 5, 29, 17, 9, 10, 13, 21, 1, 7, 19, 3, 23, 25, 11, 30, 27, 16, 8, 15, 22, 6, 18, 4, 28]
OFV: 44996.0	/ CPU: 6.927 seconds 	/ department sequence: [2, 5, 26, 12, 24, 6, 18, 17, 1, 15, 22, 23, 13, 10, 9, 21, 7, 3, 11, 25, 8, 19, 27, 30, 16, 29, 20, 14, 4, 28]
OFV: 45214.0	/ CPU: 5.254 seconds 	/ department sequence: [12, 24, 26, 18, 6, 22, 1, 15, 17, 23, 8, 25, 11, 7, 10, 13, 9, 19, 3, 27, 30, 16, 21, 20, 14, 29, 4, 5, 2, 28]
OFV: 47317.0	/ CPU: 5.141 seconds 	/ department sequence: [4, 14, 26, 20, 24, 18, 17, 15, 23, 8, 1, 22, 27, 3, 11, 30, 19, 10, 7, 25, 16, 9, 21, 13, 29, 12, 6, 5, 2, 28]
OFV: 47040.0	/ CPU: 4.758 seconds 	/ department sequence: [28, 2, 5, 6, 18, 22, 21, 3, 8, 19, 1, 25, 7, 11, 23, 13, 30, 16, 27, 10, 9, 29, 15, 17, 4, 20, 14, 26, 24, 12]
OFV: 45192.0	/ CPU: 8.670 seconds 	/ department sequence: [12, 24, 26, 18, 6, 22, 1, 15, 17, 23, 8, 25, 11, 7, 10, 13, 9, 19, 3, 21, 16, 30, 27, 20, 14, 29, 4, 5, 2, 28]
