-- H_30 result
--------------------------------------------
HostNestNum = 15, P_a = 0.0
--------------------------------------------
-- 2019-01-09 15:11 result data
OFV: 45166.0	/ CPU: 7.279 seconds 	/ department sequence: [12, 24, 26, 17, 15, 6, 18, 1, 22, 23, 8, 25, 11, 7, 10, 13, 9, 19, 3, 21, 16, 30, 27, 20, 14, 29, 4, 5, 2, 28]
OFV: 46076.0	/ CPU: 8.018 seconds 	/ department sequence: [28, 2, 5, 6, 12, 26, 24, 17, 29, 13, 9, 10, 21, 25, 1, 7, 19, 16, 30, 11, 23, 3, 22, 8, 15, 27, 20, 18, 14, 4]
OFV: 45173.0	/ CPU: 3.313 seconds 	/ department sequence: [28, 4, 14, 20, 29, 2, 5, 21, 16, 30, 27, 3, 19, 9, 13, 10, 7, 11, 25, 8, 23, 22, 1, 18, 6, 15, 17, 26, 24, 12]
OFV: 45146.0	/ CPU: 7.501 seconds 	/ department sequence: [12, 24, 26, 17, 15, 6, 18, 1, 22, 5, 23, 10, 9, 13, 7, 11, 25, 8, 3, 21, 19, 27, 30, 16, 2, 29, 20, 14, 4, 28]
OFV: 45575.0	/ CPU: 4.073 seconds 	/ department sequence: [2, 5, 4, 29, 14, 20, 27, 30, 16, 18, 3, 21, 19, 23, 9, 11, 7, 13, 10, 8, 25, 22, 1, 17, 15, 26, 24, 6, 12, 28]
OFV: 46139.0	/ CPU: 6.205 seconds 	/ department sequence: [12, 24, 26, 14, 20, 18, 17, 15, 1, 22, 23, 8, 27, 10, 3, 11, 7, 25, 19, 30, 9, 13, 21, 16, 29, 4, 6, 5, 2, 28]
OFV: 45003.0	/ CPU: 6.074 seconds 	/ department sequence: [12, 24, 26, 2, 5, 6, 17, 15, 18, 1, 22, 23, 13, 10, 9, 21, 7, 3, 11, 25, 27, 16, 30, 19, 8, 29, 20, 14, 4, 28]
OFV: 45621.0	/ CPU: 3.053 seconds 	/ department sequence: [2, 5, 4, 29, 14, 20, 18, 27, 30, 16, 3, 21, 19, 23, 9, 11, 7, 13, 10, 8, 25, 22, 1, 17, 15, 26, 24, 6, 12, 28]
-- H_30 result
--------------------------------------------
HostNestNum = 15, P_a = 0.0
--------------------------------------------
-- 2019-01-22 22:03 result data
OFV: 47935.0	/ CPU: 4.906 seconds 	/ department sequence: [28, 4, 14, 20, 12, 24, 6, 15, 29, 16, 13, 25, 17, 8, 1, 7, 19, 30, 11, 10, 27, 23, 9, 21, 3, 22, 18, 26, 5, 2]
-- H_30 result
--------------------------------------------
HostNestNum = 15, P_a = 0.0
--------------------------------------------
-- 2019-01-24 02:45 result data
OFV: 45024.0	/ CPU: 229.839 seconds 	/ department sequence: [12, 24, 26, 2, 5, 6, 18, 22, 1, 15, 17, 23, 13, 10, 9, 21, 7, 3, 11, 25, 27, 16, 30, 19, 8, 29, 20, 14, 4, 28]
-- H_30 result
--------------------------------------------
HostNestNum = 15, P_a = 0.0
--------------------------------------------
-- 2019-01-24 03:00 result data
OFV: 45151.0	/ CPU: 142.551 seconds 	/ department sequence: [12, 24, 26, 17, 15, 6, 18, 1, 22, 23, 8, 25, 11, 7, 10, 13, 9, 19, 3, 21, 16, 30, 27, 5, 2, 29, 20, 14, 4, 28]
-- H_30 result
--------------------------------------------
HostNestNum = 15, P_a = 0.0
--------------------------------------------
-- 2019-01-24 03:02 result data
OFV: 46809.0	/ CPU: 59.558 seconds 	/ department sequence: [28, 2, 5, 4, 29, 17, 8, 19, 25, 16, 30, 23, 11, 7, 3, 21, 13, 9, 10, 27, 1, 22, 15, 6, 18, 20, 14, 26, 24, 12]
-- H_30 result
--------------------------------------------
HostNestNum = 15, P_a = 0.0
--------------------------------------------
-- 2019-01-24 09:57 result data
OFV: 44985.0	/ CPU: 115.303 seconds 	/ department sequence: [28, 4, 14, 20, 29, 16, 30, 27, 19, 8, 25, 11, 3, 7, 21, 9, 10, 13, 23, 22, 1, 18, 15, 17, 6, 24, 12, 26, 5, 2]
-- H_30 result
--------------------------------------------
HostNestNum = 15, P_a = 0.0
--------------------------------------------
-- 2019-01-24 10:17 result data
OFV: 0.0	/ CPU: 10.759 seconds 	/ department sequence: [16, 1, 1, 1, 1, 1, 1, 1, 1, 1, 1, 1, 1, 1, 1, 1, 1, 1, 1, 1, 1, 1, 1, 1, 1, 1, 1, 1, 1, 1]
-- H_30 result
--------------------------------------------
HostNestNum = 15, P_a = 0.0
--------------------------------------------
-- 2019-01-24 10:18 result data
-- H_30 result
--------------------------------------------
HostNestNum = 15, P_a = 0.0
--------------------------------------------
-- 2019-01-24 11:12 result data
OFV: 45755.0	/ CPU: 121.014 seconds 	/ department sequence: [12, 24, 26, 17, 18, 1, 22, 23, 8, 19, 25, 7, 11, 10, 9, 3, 15, 27, 30, 16, 13, 21, 20, 14, 29, 4, 6, 5, 2, 28]
-- H_30 result
--------------------------------------------
HostNestNum = 15, P_a = 0.0
--------------------------------------------
-- 2019-01-24 11:17 result data
OFV: 45447.0	/ CPU: 89.052 seconds 	/ department sequence: [28, 12, 6, 24, 26, 15, 17, 18, 1, 22, 25, 23, 8, 11, 7, 10, 13, 9, 3, 21, 19, 16, 30, 27, 20, 14, 29, 4, 5, 2]
-- H_30 result
--------------------------------------------
HostNestNum = 15, P_a = 0.0
--------------------------------------------
-- 2019-01-24 11:20 result data
OFV: 46008.0	/ CPU: 42.475 seconds 	/ department sequence: [28, 2, 5, 6, 12, 26, 24, 17, 15, 1, 22, 25, 13, 10, 21, 7, 9, 11, 23, 3, 8, 19, 30, 27, 16, 29, 20, 18, 14, 4]
-- H_30 result
--------------------------------------------
HostNestNum = 15, P_a = 0.0
--------------------------------------------
-- 2019-01-24 11:22 result data
OFV: 45161.0	/ CPU: 37.181 seconds 	/ department sequence: [2, 26, 5, 24, 12, 6, 17, 18, 1, 15, 22, 23, 13, 21, 10, 9, 7, 11, 3, 25, 19, 27, 30, 8, 16, 29, 20, 14, 4, 28]
-- H_30 result
--------------------------------------------
HostNestNum = 15, P_a = 0.0
--------------------------------------------
-- 2019-01-24 11:23 result data
OFV: 53046.0	/ CPU: 19.856 seconds 	/ department sequence: [18, 15, 14, 28, 6, 12, 22, 1, 20, 24, 26, 5, 27, 23, 8, 7, 30, 10, 11, 3, 4, 21, 13, 25, 29, 16, 9, 2, 19, 17]
-- H_30 result
--------------------------------------------
HostNestNum = 15, P_a = 0.0
--------------------------------------------
-- 2019-01-24 11:43 result data
OFV: 46520.0	/ CPU: 74.120 seconds 	/ department sequence: [28, 2, 5, 4, 29, 8, 19, 25, 16, 30, 21, 3, 11, 7, 13, 9, 10, 27, 23, 17, 1, 22, 15, 6, 18, 20, 14, 26, 24, 12]
-- H_30 result
--------------------------------------------
HostNestNum = 15, P_a = 0.0
--------------------------------------------
-- 2019-01-24 11:44 result data
OFV: 47011.0	/ CPU: 37.977 seconds 	/ department sequence: [2, 5, 26, 12, 24, 14, 20, 29, 17, 9, 10, 13, 21, 1, 7, 19, 3, 25, 23, 11, 30, 27, 16, 8, 15, 22, 6, 18, 4, 28]
-- H_30 result
--------------------------------------------
HostNestNum = 15, P_a = 0.0
--------------------------------------------
-- 2019-01-24 11:46 result data
OFV: 46329.0	/ CPU: 47.311 seconds 	/ department sequence: [12, 24, 26, 17, 8, 1, 10, 9, 7, 19, 25, 23, 11, 22, 18, 3, 21, 13, 30, 27, 16, 15, 6, 20, 14, 29, 4, 5, 2, 28]
-- H_30 result
--------------------------------------------
HostNestNum = 15, P_a = 0.0
--------------------------------------------
-- 2019-01-24 11:47 result data
OFV: 45904.0	/ CPU: 32.962 seconds 	/ department sequence: [4, 14, 18, 20, 27, 15, 16, 30, 22, 3, 11, 23, 8, 19, 7, 1, 25, 21, 10, 9, 13, 29, 17, 24, 26, 12, 6, 5, 2, 28]
-- H_30 result
--------------------------------------------
HostNestNum = 15, P_a = 0.0
--------------------------------------------
-- 2019-01-24 11:50 result data
-- H_30 result
--------------------------------------------
HostNestNum = 15, P_a = 0.0
--------------------------------------------
-- 2019-01-24 11:51 result data
OFV: 45914.0	/ CPU: 76.723 seconds 	/ department sequence: [28, 12, 6, 24, 26, 15, 17, 9, 10, 13, 25, 1, 22, 7, 11, 8, 23, 19, 21, 3, 18, 16, 30, 27, 20, 14, 29, 4, 5, 2]
-- H_30 result
--------------------------------------------
HostNestNum = 15, P_a = 0.0
--------------------------------------------
-- 2019-01-24 11:53 result data
OFV: 45188.0	/ CPU: 64.244 seconds 	/ department sequence: [28, 2, 5, 4, 29, 14, 20, 21, 16, 30, 27, 3, 19, 9, 13, 10, 7, 11, 25, 8, 23, 22, 1, 18, 6, 15, 17, 26, 24, 12]
-- H_30 result
--------------------------------------------
HostNestNum = 15, P_a = 0.0
--------------------------------------------
-- 2019-01-24 12:05 result data
OFV: 47992.0	/ CPU: 30.353 seconds 	/ department sequence: [2, 5, 12, 6, 14, 4, 29, 18, 23, 13, 9, 21, 3, 22, 30, 11, 7, 19, 1, 10, 27, 16, 15, 25, 8, 20, 17, 24, 26, 28]
-- H_30 result
--------------------------------------------
HostNestNum = 15, P_a = 0.0
--------------------------------------------
-- 2019-01-24 12:06 result data
OFV: 45640.0	/ CPU: 487.641 seconds 	/ department sequence: [2, 5, 26, 12, 24, 6, 17, 29, 13, 10, 9, 21, 1, 7, 19, 25, 22, 23, 11, 3, 18, 30, 16, 27, 15, 8, 20, 14, 4, 28]
-- H_30 result
--------------------------------------------
HostNestNum = 15, P_a = 0.0
--------------------------------------------
-- 2019-01-24 18:56 result data
OFV: 45926.0	/ CPU: 74.862 seconds 	/ department sequence: [2, 5, 26, 4, 29, 14, 20, 9, 21, 3, 27, 30, 16, 10, 13, 11, 7, 19, 23, 25, 8, 17, 1, 22, 15, 18, 24, 6, 12, 28]
-- H_30 result
--------------------------------------------
HostNestNum = 15, P_a = 0.0
--------------------------------------------
-- 2019-01-24 19:16 result data
OFV: 45199.0	/ CPU: 144.640 seconds 	/ department sequence: [28, 4, 14, 20, 29, 2, 5, 21, 16, 30, 27, 3, 19, 9, 13, 10, 7, 11, 25, 8, 23, 17, 15, 1, 22, 6, 18, 26, 24, 12]
-- H_30 result
--------------------------------------------
HostNestNum = 15, P_a = 0.0
--------------------------------------------
-- 2019-01-25 12:14 result data
-- H_30 result
--------------------------------------------
HostNestNum = 15, P_a = 0.0
--------------------------------------------
-- 2019-01-25 12:47 result data
OFV: 45453.0	/ CPU: 336.538 seconds 	/ department sequence: [2, 5, 4, 29, 14, 20, 27, 30, 16, 3, 21, 9, 19, 13, 10, 7, 11, 8, 23, 25, 22, 1, 18, 17, 15, 26, 24, 6, 12, 28]
-- H_30 result
--------------------------------------------
HostNestNum = 15, P_a = 0.0
--------------------------------------------
-- 2019-01-25 12:56 result data
OFV: 47040.0	/ CPU: 72.802 seconds 	/ department sequence: [12, 24, 26, 14, 20, 4, 17, 15, 29, 9, 10, 27, 16, 30, 13, 23, 11, 7, 25, 1, 19, 8, 3, 21, 22, 18, 6, 5, 2, 28]
-- H_30 result
--------------------------------------------
HostNestNum = 15, P_a = 0.0
--------------------------------------------
-- 2019-01-25 20:39 result data
-- H_30 result
--------------------------------------------
HostNestNum = 15, P_a = 0.0
--------------------------------------------
-- 2019-01-25 20:40 result data
OFV: 46800.0	/ CPU: 15019.916 seconds 	/ department sequence: [28, 12, 24, 14, 20, 6, 18, 15, 22, 1, 8, 25, 23, 19, 7, 11, 3, 27, 30, 16, 13, 21, 10, 9, 17, 29, 4, 5, 2, 26]
-- H_30 result
--------------------------------------------
HostNestNum = 15, P_a = 0.0
--------------------------------------------
-- 2019-01-28 13:28 result data
-- H_30 result
--------------------------------------------
HostNestNum = 15, P_a = 0.0
--------------------------------------------
-- 2019-01-28 13:31 result data
-- H_30 result
--------------------------------------------
HostNestNum = 15, P_a = 0.0
--------------------------------------------
-- 2019-01-28 13:35 result data
OFV: 45805.0	/ CPU: 48.626 seconds 	/ department sequence: [28, 12, 6, 24, 18, 15, 22, 1, 17, 8, 25, 23, 19, 7, 11, 13, 10, 26, 9, 21, 3, 16, 30, 27, 20, 14, 29, 4, 5, 2]
-- H_30 result
--------------------------------------------
HostNestNum = 15, P_a = 0.0
--------------------------------------------
-- 2019-01-28 13:36 result data
OFV: 46021.0	/ CPU: 32.092 seconds 	/ department sequence: [28, 2, 5, 6, 12, 26, 24, 13, 21, 9, 10, 17, 25, 1, 7, 22, 11, 23, 3, 8, 19, 30, 27, 15, 16, 29, 20, 18, 14, 4]
-- H_30 result
--------------------------------------------
HostNestNum = 15, P_a = 0.0
--------------------------------------------
-- 2019-01-28 13:37 result data
-- H_30 result
--------------------------------------------
HostNestNum = 15, P_a = 0.0
--------------------------------------------
-- 2019-01-28 13:37 result data
OFV: 44985.0	/ CPU: 5.256 seconds 	/ department sequence: [2, 5, 26, 12, 24, 6, 17, 15, 18, 1, 22, 23, 13, 10, 9, 21, 7, 3, 11, 25, 8, 19, 27, 30, 16, 29, 20, 14, 4, 28]
-- H_30 result
--------------------------------------------
HostNestNum = 15, P_a = 0.0
--------------------------------------------
-- 2019-01-29 15:39 result data
OFV: 45886.0	/ CPU: 5.965 seconds 	/ department sequence: [28, 2, 5, 6, 12, 26, 24, 9, 13, 21, 10, 29, 17, 25, 1, 7, 19, 22, 11, 23, 3, 8, 30, 16, 15, 27, 20, 18, 14, 4]
OFV: 45665.0	/ CPU: 3.785 seconds 	/ department sequence: [12, 24, 26, 17, 18, 1, 22, 23, 8, 19, 25, 7, 11, 10, 9, 3, 21, 13, 30, 27, 16, 15, 6, 20, 14, 29, 4, 5, 2, 28]
OFV: 45146.0	/ CPU: 3.477 seconds 	/ department sequence: [28, 4, 14, 20, 29, 2, 16, 30, 27, 19, 21, 3, 8, 25, 11, 7, 13, 9, 10, 23, 5, 22, 1, 18, 6, 15, 17, 26, 24, 12]
OFV: 45192.0	/ CPU: 3.006 seconds 	/ department sequence: [12, 24, 26, 18, 6, 22, 1, 15, 17, 23, 8, 25, 11, 7, 10, 13, 9, 19, 3, 21, 16, 30, 27, 20, 14, 29, 4, 5, 2, 28]
OFV: 45192.0	/ CPU: 3.399 seconds 	/ department sequence: [12, 24, 26, 17, 15, 6, 18, 1, 22, 5, 23, 8, 25, 11, 7, 10, 13, 9, 3, 21, 19, 16, 30, 27, 2, 29, 20, 14, 4, 28]
OFV: 46591.0	/ CPU: 2.832 seconds 	/ department sequence: [28, 2, 4, 29, 8, 19, 25, 16, 30, 21, 13, 7, 11, 3, 9, 10, 27, 5, 23, 17, 1, 22, 15, 6, 18, 20, 14, 26, 24, 12]
OFV: 46703.0	/ CPU: 3.412 seconds 	/ department sequence: [28, 2, 5, 4, 29, 8, 19, 25, 21, 16, 3, 9, 7, 13, 30, 11, 10, 27, 23, 22, 1, 17, 15, 6, 18, 20, 14, 26, 24, 12]
OFV: 45609.0	/ CPU: 1.675 seconds 	/ department sequence: [12, 24, 26, 17, 18, 1, 15, 22, 23, 8, 19, 25, 7, 11, 10, 9, 3, 27, 30, 16, 13, 21, 6, 20, 14, 29, 4, 5, 2, 28]
OFV: 46120.0	/ CPU: 2.547 seconds 	/ department sequence: [28, 2, 5, 6, 12, 26, 24, 9, 13, 21, 10, 29, 17, 25, 1, 7, 19, 16, 23, 11, 30, 3, 22, 8, 15, 27, 20, 18, 14, 4]
OFV: 45373.0	/ CPU: 2.103 seconds 	/ department sequence: [28, 4, 14, 20, 29, 16, 30, 27, 15, 8, 19, 25, 17, 11, 23, 3, 7, 9, 10, 21, 13, 1, 22, 18, 6, 5, 2, 26, 24, 12]
-- H_30 result
--------------------------------------------
HostNestNum = 15, P_a = 0.0
--------------------------------------------
-- 2019-01-29 15:52 result data
OFV: 45868.0	/ CPU: 39.248 seconds 	/ department sequence: [4, 14, 18, 20, 27, 15, 16, 30, 8, 3, 11, 23, 22, 19, 7, 1, 25, 21, 10, 9, 13, 29, 17, 24, 26, 12, 6, 5, 2, 28]
OFV: 44985.0	/ CPU: 60.354 seconds 	/ department sequence: [2, 5, 26, 12, 24, 6, 17, 15, 18, 1, 22, 23, 13, 10, 9, 21, 7, 3, 11, 25, 8, 19, 27, 30, 16, 29, 20, 14, 4, 28]
-- H_30 result
--------------------------------------------
HostNestNum = 15, P_a = 0.0
--------------------------------------------
-- 2019-01-29 15:59 result data
-- H_30 result
--------------------------------------------
HostNestNum = 15, P_a = 0.0
--------------------------------------------
-- 2019-01-29 16:03 result data
OFV: 45003.0	/ CPU: 21.916 seconds 	/ department sequence: [28, 4, 14, 20, 29, 8, 19, 30, 16, 27, 25, 11, 3, 7, 21, 9, 10, 13, 23, 22, 1, 18, 15, 17, 6, 5, 2, 26, 24, 12]
OFV: 45151.0	/ CPU: 17.954 seconds 	/ department sequence: [12, 24, 26, 17, 15, 6, 18, 1, 22, 23, 8, 25, 11, 7, 10, 13, 9, 19, 3, 21, 16, 30, 27, 5, 2, 29, 20, 14, 4, 28]
OFV: 44995.0	/ CPU: 21.335 seconds 	/ department sequence: [28, 4, 14, 20, 29, 16, 30, 27, 19, 8, 25, 11, 3, 7, 21, 9, 13, 10, 23, 22, 1, 18, 15, 17, 6, 24, 12, 26, 5, 2]
OFV: 45166.0	/ CPU: 19.653 seconds 	/ department sequence: [12, 24, 26, 17, 15, 6, 18, 1, 22, 23, 8, 25, 11, 7, 10, 13, 9, 19, 3, 21, 16, 30, 27, 20, 14, 29, 4, 5, 2, 28]
OFV: 45868.0	/ CPU: 27.192 seconds 	/ department sequence: [4, 14, 18, 20, 27, 15, 16, 30, 8, 3, 23, 11, 22, 19, 7, 1, 25, 21, 10, 9, 13, 29, 17, 24, 26, 12, 6, 5, 2, 28]
OFV: 45708.0	/ CPU: 26.318 seconds 	/ department sequence: [28, 4, 14, 20, 18, 8, 27, 16, 30, 19, 3, 25, 23, 11, 7, 21, 22, 1, 9, 10, 13, 29, 15, 17, 6, 5, 2, 26, 24, 12]
OFV: 44986.0	/ CPU: 17.003 seconds 	/ department sequence: [28, 4, 14, 20, 29, 8, 19, 30, 16, 27, 25, 11, 3, 7, 21, 9, 10, 13, 23, 17, 15, 1, 22, 18, 6, 24, 12, 26, 5, 2]
OFV: 45130.0	/ CPU: 24.442 seconds 	/ department sequence: [12, 24, 26, 17, 15, 6, 18, 1, 22, 23, 10, 9, 13, 7, 11, 25, 8, 19, 3, 21, 16, 30, 27, 20, 14, 29, 4, 5, 2, 28]
OFV: 45614.0	/ CPU: 40.522 seconds 	/ department sequence: [2, 5, 26, 12, 24, 6, 17, 13, 9, 10, 1, 18, 23, 22, 21, 7, 3, 11, 25, 15, 27, 16, 30, 19, 29, 8, 20, 14, 4, 28]
OFV: 45255.0	/ CPU: 46.681 seconds 	/ department sequence: [12, 24, 26, 17, 18, 6, 15, 1, 22, 23, 8, 19, 25, 7, 11, 10, 13, 9, 3, 21, 16, 30, 27, 20, 14, 29, 4, 5, 2, 28]
-- H_30 result
--------------------------------------------
HostNestNum = 15, P_a = 0.0
--------------------------------------------
-- 2019-01-29 17:34 result data
OFV: 45166.0	/ CPU: 12.231 seconds 	/ department sequence: [12, 24, 26, 17, 15, 6, 18, 1, 22, 23, 8, 25, 11, 7, 10, 13, 9, 19, 3, 21, 16, 30, 27, 20, 14, 29, 4, 5, 2, 28]
OFV: 45389.0	/ CPU: 5.603 seconds 	/ department sequence: [28, 4, 14, 20, 29, 8, 19, 30, 16, 27, 25, 11, 3, 7, 21, 9, 10, 13, 23, 2, 5, 22, 1, 18, 6, 15, 17, 26, 24, 12]
OFV: 45111.0	/ CPU: 5.369 seconds 	/ department sequence: [12, 24, 26, 17, 15, 6, 18, 1, 22, 10, 13, 9, 23, 7, 11, 25, 8, 19, 3, 21, 16, 30, 27, 5, 2, 29, 20, 14, 4, 28]
OFV: 46139.0	/ CPU: 6.521 seconds 	/ department sequence: [12, 24, 26, 14, 20, 18, 17, 15, 1, 22, 23, 8, 27, 10, 3, 11, 7, 25, 19, 30, 9, 13, 21, 16, 29, 4, 6, 5, 2, 28]
OFV: 45151.0	/ CPU: 6.188 seconds 	/ department sequence: [12, 24, 26, 17, 15, 6, 18, 1, 22, 23, 8, 25, 11, 7, 10, 13, 9, 19, 3, 21, 16, 30, 27, 5, 2, 29, 20, 14, 4, 28]
OFV: 45174.0	/ CPU: 5.388 seconds 	/ department sequence: [12, 24, 26, 18, 6, 22, 1, 15, 17, 10, 13, 9, 23, 7, 11, 25, 8, 19, 3, 27, 30, 16, 21, 20, 14, 29, 4, 5, 2, 28]
OFV: 45575.0	/ CPU: 6.308 seconds 	/ department sequence: [2, 5, 4, 29, 14, 20, 27, 30, 16, 18, 3, 21, 19, 23, 9, 11, 7, 13, 10, 8, 25, 22, 1, 17, 15, 26, 24, 6, 12, 28]
OFV: 45389.0	/ CPU: 6.059 seconds 	/ department sequence: [28, 4, 14, 20, 29, 8, 19, 30, 16, 27, 25, 11, 3, 7, 21, 9, 10, 13, 23, 2, 5, 22, 1, 18, 6, 15, 17, 26, 24, 12]
OFV: 44985.0	/ CPU: 5.490 seconds 	/ department sequence: [2, 5, 26, 12, 24, 6, 17, 15, 18, 1, 22, 23, 13, 10, 9, 21, 7, 3, 11, 25, 8, 19, 27, 30, 16, 29, 20, 14, 4, 28]
OFV: 44965.0	/ CPU: 1.764 seconds 	/ department sequence: [28, 4, 14, 20, 29, 8, 19, 30, 16, 27, 25, 11, 3, 7, 21, 9, 10, 13, 23, 22, 1, 18, 15, 17, 6, 24, 12, 26, 5, 2]
-- H_30 result
--------------------------------------------
HostNestNum = 15, P_a = 0.0
--------------------------------------------
-- 2019-01-31 18:44 result data
-- H_30 result
--------------------------------------------
HostNestNum = 15, P_a = 0.0
--------------------------------------------
-- 2019-01-31 18:45 result data
OFV: 45575.0	/ CPU: 140.805 seconds 	/ department sequence: [28, 12, 6, 24, 26, 15, 17, 1, 22, 25, 8, 10, 13, 7, 11, 9, 23, 19, 21, 3, 18, 16, 30, 27, 20, 14, 29, 4, 5, 2]
OFV: 45868.0	/ CPU: 177.281 seconds 	/ department sequence: [4, 14, 18, 20, 27, 15, 16, 30, 8, 3, 23, 11, 22, 19, 7, 1, 25, 21, 10, 9, 13, 29, 17, 24, 26, 12, 6, 5, 2, 28]
OFV: 45868.0	/ CPU: 70.629 seconds 	/ department sequence: [4, 14, 18, 20, 27, 15, 16, 30, 8, 3, 11, 23, 22, 19, 7, 1, 25, 21, 10, 9, 13, 29, 17, 24, 26, 12, 6, 5, 2, 28]
OFV: 44965.0	/ CPU: 28.813 seconds 	/ department sequence: [2, 5, 26, 12, 24, 6, 17, 15, 18, 1, 22, 23, 13, 10, 9, 21, 7, 3, 11, 25, 27, 16, 30, 19, 8, 29, 20, 14, 4, 28]
OFV: 47631.0	/ CPU: 42.059 seconds 	/ department sequence: [28, 12, 24, 14, 20, 26, 6, 15, 17, 29, 13, 10, 9, 25, 16, 7, 1, 21, 19, 8, 11, 23, 30, 3, 27, 22, 18, 4, 5, 2]
OFV: 45886.0	/ CPU: 130.614 seconds 	/ department sequence: [4, 14, 18, 20, 27, 15, 16, 30, 8, 3, 23, 11, 22, 19, 7, 1, 25, 17, 29, 10, 21, 13, 9, 24, 26, 12, 6, 5, 2, 28]
-- H_30 result
--------------------------------------------
HostNestNum = 15, P_a = 0.0
--------------------------------------------
-- 2019-01-31 19:02 result data
-- H_30 result
--------------------------------------------
HostNestNum = 15, P_a = 0.0
--------------------------------------------
-- 2019-01-31 19:57 result data
-- H_30 result
--------------------------------------------
HostNestNum = 15, P_a = 0.0
--------------------------------------------
-- 2019-01-31 19:59 result data
OFV: 45003.0	/ CPU: 70.225 seconds 	/ department sequence: [12, 24, 26, 2, 5, 6, 17, 15, 18, 1, 22, 23, 13, 10, 9, 21, 7, 3, 11, 25, 27, 16, 30, 19, 8, 29, 20, 14, 4, 28]
OFV: 48300.0	/ CPU: 43.279 seconds 	/ department sequence: [26, 4, 17, 8, 19, 29, 9, 10, 16, 30, 27, 11, 7, 23, 25, 13, 3, 21, 5, 2, 1, 22, 15, 18, 20, 14, 24, 6, 12, 28]
OFV: 46139.0	/ CPU: 38.046 seconds 	/ department sequence: [12, 24, 26, 14, 20, 18, 17, 15, 1, 22, 23, 8, 27, 10, 3, 11, 7, 25, 19, 30, 9, 13, 21, 16, 29, 4, 6, 5, 2, 28]
OFV: 45868.0	/ CPU: 41.624 seconds 	/ department sequence: [28, 2, 5, 6, 12, 26, 24, 17, 29, 13, 9, 10, 21, 25, 1, 7, 19, 22, 23, 11, 3, 8, 30, 16, 15, 27, 20, 18, 14, 4]
OFV: 44976.0	/ CPU: 64.290 seconds 	/ department sequence: [2, 5, 26, 12, 24, 6, 18, 17, 1, 15, 22, 23, 13, 10, 9, 21, 7, 3, 11, 25, 27, 16, 30, 19, 8, 29, 20, 14, 4, 28]
OFV: 47555.0	/ CPU: 90.149 seconds 	/ department sequence: [28, 2, 5, 26, 4, 29, 17, 20, 8, 25, 19, 21, 23, 9, 3, 10, 11, 7, 13, 30, 16, 27, 1, 22, 15, 6, 18, 14, 24, 12]
-- H_30 result
--------------------------------------------
HostNestNum = 15, P_a = 0.0
--------------------------------------------
-- 2019-01-31 20:09 result data
OFV: 44965.0	/ CPU: 0.402 seconds 	/ department sequence: [28, 4, 14, 20, 29, 8, 19, 30, 16, 27, 25, 11, 3, 7, 21, 9, 10, 13, 23, 22, 1, 18, 15, 17, 6, 24, 12, 26, 5, 2]
OFV: 45152.0	/ CPU: 3.141 seconds 	/ department sequence: [12, 24, 26, 17, 15, 6, 18, 1, 22, 5, 23, 10, 9, 13, 7, 11, 25, 8, 3, 21, 19, 16, 30, 27, 2, 29, 20, 14, 4, 28]
OFV: 45003.0	/ CPU: 3.422 seconds 	/ department sequence: [28, 4, 14, 20, 29, 8, 19, 30, 16, 27, 25, 11, 3, 7, 21, 9, 10, 13, 23, 22, 1, 18, 15, 17, 6, 5, 2, 26, 24, 12]
OFV: 44965.0	/ CPU: 1.226 seconds 	/ department sequence: [28, 4, 14, 20, 29, 8, 19, 30, 16, 27, 25, 11, 3, 7, 21, 9, 10, 13, 23, 22, 1, 18, 15, 17, 6, 24, 12, 26, 5, 2]
OFV: 44965.0	/ CPU: 1.099 seconds 	/ department sequence: [28, 4, 14, 20, 29, 8, 19, 30, 16, 27, 25, 11, 3, 7, 21, 9, 10, 13, 23, 22, 1, 18, 15, 17, 6, 24, 12, 26, 5, 2]
OFV: 45619.0	/ CPU: 3.566 seconds 	/ department sequence: [2, 5, 4, 29, 14, 20, 27, 30, 16, 18, 3, 23, 9, 21, 19, 13, 7, 11, 10, 8, 25, 22, 1, 17, 15, 26, 24, 6, 12, 28]
OFV: 47612.0	/ CPU: 2.133 seconds 	/ department sequence: [28, 12, 24, 14, 20, 4, 6, 15, 8, 16, 25, 13, 7, 1, 11, 30, 27, 10, 19, 21, 3, 22, 9, 23, 18, 29, 17, 26, 5, 2]
OFV: 47487.0	/ CPU: 2.458 seconds 	/ department sequence: [28, 2, 5, 6, 18, 22, 15, 27, 16, 30, 3, 8, 11, 23, 25, 1, 7, 19, 21, 13, 10, 9, 29, 17, 4, 20, 14, 26, 24, 12]
OFV: 45575.0	/ CPU: 2.180 seconds 	/ department sequence: [28, 12, 6, 24, 26, 15, 17, 1, 22, 25, 8, 10, 13, 7, 11, 9, 23, 19, 21, 3, 18, 16, 30, 27, 20, 14, 29, 4, 5, 2]
OFV: 46139.0	/ CPU: 2.562 seconds 	/ department sequence: [12, 24, 26, 14, 20, 18, 17, 15, 1, 22, 23, 8, 27, 10, 3, 11, 7, 25, 19, 30, 9, 13, 21, 16, 29, 4, 6, 5, 2, 28]
-- H_30 result
--------------------------------------------
HostNestNum = 15, P_a = 0.0
--------------------------------------------
-- 2019-01-31 20:10 result data
OFV: 45575.0	/ CPU: 4.333 seconds 	/ department sequence: [2, 5, 4, 29, 14, 20, 27, 30, 16, 18, 3, 21, 19, 23, 9, 11, 7, 13, 10, 8, 25, 22, 1, 17, 15, 26, 24, 6, 12, 28]
OFV: 46746.0	/ CPU: 3.359 seconds 	/ department sequence: [28, 2, 5, 6, 26, 29, 20, 21, 9, 13, 10, 16, 27, 30, 19, 25, 7, 11, 3, 8, 23, 22, 1, 17, 15, 18, 4, 14, 24, 12]
OFV: 45609.0	/ CPU: 2.593 seconds 	/ department sequence: [12, 24, 26, 17, 18, 15, 1, 22, 23, 8, 19, 25, 7, 11, 10, 9, 3, 27, 30, 16, 13, 21, 6, 20, 14, 29, 4, 5, 2, 28]
OFV: 45640.0	/ CPU: 5.832 seconds 	/ department sequence: [28, 4, 14, 20, 8, 15, 27, 16, 30, 18, 3, 11, 23, 22, 25, 19, 7, 1, 21, 9, 10, 13, 29, 17, 6, 24, 12, 26, 5, 2]
OFV: 47040.0	/ CPU: 2.040 seconds 	/ department sequence: [28, 2, 5, 6, 18, 22, 21, 3, 8, 19, 1, 25, 7, 11, 23, 13, 30, 16, 27, 10, 9, 29, 15, 17, 4, 20, 14, 26, 24, 12]
OFV: 44986.0	/ CPU: 3.066 seconds 	/ department sequence: [2, 5, 26, 12, 24, 6, 18, 22, 1, 15, 17, 23, 13, 10, 9, 21, 7, 3, 11, 25, 27, 16, 30, 19, 8, 29, 20, 14, 4, 28]
OFV: 47613.0	/ CPU: 2.940 seconds 	/ department sequence: [12, 24, 2, 5, 6, 18, 1, 22, 15, 14, 27, 20, 3, 21, 13, 30, 23, 11, 7, 9, 10, 16, 29, 19, 25, 8, 17, 26, 4, 28]
OFV: 45177.0	/ CPU: 2.202 seconds 	/ department sequence: [12, 24, 26, 17, 15, 6, 18, 1, 22, 23, 8, 11, 7, 25, 10, 13, 9, 19, 3, 21, 27, 30, 16, 5, 2, 29, 20, 14, 4, 28]
OFV: 45661.0	/ CPU: 2.589 seconds 	/ department sequence: [28, 4, 14, 20, 18, 8, 27, 15, 16, 30, 3, 11, 23, 22, 25, 19, 7, 1, 21, 9, 10, 13, 29, 17, 6, 24, 12, 26, 5, 2]
OFV: 45450.0	/ CPU: 2.528 seconds 	/ department sequence: [28, 12, 6, 24, 26, 15, 17, 1, 22, 18, 25, 23, 8, 11, 7, 10, 13, 9, 19, 21, 3, 16, 30, 27, 20, 14, 29, 4, 5, 2]
-- H_30 result
--------------------------------------------
HostNestNum = 15, P_a = 0.0
--------------------------------------------
-- 2019-01-31 20:14 result data
OFV: 45177.0	/ CPU: 7.159 seconds 	/ department sequence: [28, 4, 14, 20, 29, 2, 5, 27, 30, 16, 21, 3, 19, 9, 13, 10, 7, 11, 25, 8, 23, 17, 15, 1, 22, 6, 18, 26, 24, 12]
OFV: 45802.0	/ CPU: 4.535 seconds 	/ department sequence: [2, 5, 4, 29, 14, 20, 26, 27, 30, 16, 9, 10, 3, 21, 13, 11, 7, 19, 23, 25, 8, 17, 1, 22, 15, 18, 24, 6, 12, 28]
OFV: 46139.0	/ CPU: 4.894 seconds 	/ department sequence: [12, 24, 26, 14, 20, 18, 17, 15, 1, 22, 23, 8, 27, 10, 3, 11, 7, 25, 19, 30, 9, 13, 21, 16, 29, 4, 6, 5, 2, 28]
OFV: 44985.0	/ CPU: 3.048 seconds 	/ department sequence: [28, 4, 14, 20, 29, 16, 30, 27, 19, 8, 25, 11, 3, 7, 21, 9, 10, 13, 23, 22, 1, 18, 15, 17, 6, 24, 12, 26, 5, 2]
OFV: 45024.0	/ CPU: 5.149 seconds 	/ department sequence: [12, 24, 26, 2, 5, 6, 18, 22, 1, 15, 17, 23, 13, 10, 9, 21, 7, 3, 11, 25, 27, 16, 30, 19, 8, 29, 20, 14, 4, 28]
OFV: 46329.0	/ CPU: 5.291 seconds 	/ department sequence: [28, 2, 5, 4, 29, 14, 20, 6, 15, 16, 27, 30, 13, 21, 3, 18, 22, 11, 23, 25, 19, 7, 9, 10, 1, 8, 17, 26, 24, 12]
OFV: 45695.0	/ CPU: 4.716 seconds 	/ department sequence: [12, 24, 26, 17, 18, 1, 22, 23, 8, 19, 25, 7, 11, 10, 9, 13, 3, 21, 30, 27, 16, 15, 6, 20, 14, 29, 4, 5, 2, 28]
OFV: 45067.0	/ CPU: 3.967 seconds 	/ department sequence: [2, 5, 26, 12, 24, 6, 17, 15, 18, 1, 22, 23, 13, 10, 9, 21, 7, 3, 11, 25, 19, 29, 30, 27, 16, 8, 20, 14, 4, 28]
OFV: 45702.0	/ CPU: 4.897 seconds 	/ department sequence: [2, 5, 26, 12, 24, 6, 17, 29, 13, 10, 9, 21, 1, 7, 19, 25, 22, 23, 11, 3, 8, 30, 16, 15, 27, 18, 20, 14, 4, 28]
OFV: 45111.0	/ CPU: 4.967 seconds 	/ department sequence: [12, 24, 26, 17, 15, 6, 18, 1, 22, 10, 13, 9, 23, 7, 11, 25, 8, 19, 3, 21, 16, 30, 27, 5, 2, 29, 20, 14, 4, 28]
