-- H_30 result
--------------------------------------------
HostNestNum = 20, P_a = 0.0
--------------------------------------------
-- 2019-01-09 14:52 result data
OFV: 45575.0	/ CPU: 3.900 seconds 	/ department sequence: [28, 12, 6, 24, 26, 15, 17, 1, 22, 25, 8, 10, 13, 7, 11, 9, 23, 19, 21, 3, 18, 16, 30, 27, 20, 14, 29, 4, 5, 2]
OFV: 46671.0	/ CPU: 4.639 seconds 	/ department sequence: [28, 12, 6, 24, 14, 20, 18, 15, 22, 1, 8, 17, 25, 23, 19, 7, 13, 21, 3, 11, 30, 27, 10, 16, 9, 29, 4, 26, 5, 2]
OFV: 45003.0	/ CPU: 3.548 seconds 	/ department sequence: [28, 4, 14, 20, 29, 8, 19, 30, 16, 27, 25, 11, 3, 7, 21, 9, 10, 13, 23, 22, 1, 18, 15, 17, 6, 5, 2, 26, 24, 12]
OFV: 45575.0	/ CPU: 3.214 seconds 	/ department sequence: [28, 12, 6, 24, 26, 15, 17, 1, 22, 25, 8, 10, 13, 7, 11, 9, 23, 19, 21, 3, 18, 16, 30, 27, 20, 14, 29, 4, 5, 2]
OFV: 45166.0	/ CPU: 4.551 seconds 	/ department sequence: [12, 24, 26, 17, 15, 6, 18, 1, 22, 23, 8, 25, 11, 7, 10, 13, 9, 19, 3, 21, 16, 30, 27, 20, 14, 29, 4, 5, 2, 28]
OFV: 44976.0	/ CPU: 3.530 seconds 	/ department sequence: [28, 4, 14, 20, 29, 8, 19, 30, 16, 27, 25, 11, 3, 7, 21, 9, 10, 13, 23, 22, 15, 1, 17, 18, 6, 24, 12, 26, 5, 2]
OFV: 44965.0	/ CPU: 3.869 seconds 	/ department sequence: [2, 5, 26, 12, 24, 6, 17, 15, 18, 1, 22, 23, 13, 10, 9, 21, 7, 3, 11, 25, 27, 16, 30, 19, 8, 29, 20, 14, 4, 28]
OFV: 45670.0	/ CPU: 3.591 seconds 	/ department sequence: [28, 4, 14, 20, 18, 8, 27, 16, 30, 19, 3, 25, 23, 11, 7, 21, 22, 1, 9, 10, 13, 29, 15, 17, 6, 24, 12, 26, 5, 2]
OFV: 46674.0	/ CPU: 4.097 seconds 	/ department sequence: [2, 5, 26, 4, 29, 9, 16, 10, 27, 30, 13, 21, 3, 11, 7, 19, 23, 25, 17, 8, 1, 22, 15, 18, 20, 14, 24, 6, 12, 28]
OFV: 45007.0	/ CPU: 3.635 seconds 	/ department sequence: [28, 4, 14, 20, 29, 8, 19, 25, 16, 30, 27, 11, 3, 7, 21, 9, 10, 13, 23, 17, 15, 1, 22, 18, 6, 24, 12, 26, 5, 2]
-- H_30 result
--------------------------------------------
HostNestNum = 20, P_a = 0.0
--------------------------------------------
-- 2019-01-22 22:06 result data
OFV: 45137.0	/ CPU: 1.976 seconds 	/ department sequence: [12, 24, 26, 17, 15, 6, 18, 1, 22, 23, 10, 9, 13, 7, 11, 25, 8, 19, 3, 27, 30, 16, 21, 5, 2, 29, 20, 14, 4, 28]
-- H_30 result
--------------------------------------------
HostNestNum = 20, P_a = 0.0
--------------------------------------------
-- 2019-01-25 13:05 result data
OFV: 45363.0	/ CPU: 55.209 seconds 	/ department sequence: [28, 2, 4, 29, 14, 20, 27, 30, 16, 21, 9, 13, 3, 10, 19, 25, 7, 11, 8, 23, 5, 17, 15, 1, 22, 6, 18, 24, 12, 26]
-- H_30 result
--------------------------------------------
HostNestNum = 20, P_a = 0.0
--------------------------------------------
-- 2019-01-28 13:38 result data
OFV: 45594.0	/ CPU: 1.858 seconds 	/ department sequence: [28, 4, 14, 20, 29, 2, 5, 6, 21, 13, 16, 30, 27, 3, 9, 10, 11, 7, 25, 19, 8, 23, 22, 15, 1, 18, 17, 26, 24, 12]
-- H_30 result
--------------------------------------------
HostNestNum = 20, P_a = 0.0
--------------------------------------------
-- 2019-01-29 15:43 result data
OFV: 45172.0	/ CPU: 3.281 seconds 	/ department sequence: [28, 4, 14, 20, 29, 2, 16, 30, 27, 19, 21, 3, 8, 25, 11, 7, 13, 9, 10, 23, 5, 17, 15, 1, 22, 6, 18, 26, 24, 12]
OFV: 47079.0	/ CPU: 4.016 seconds 	/ department sequence: [12, 24, 14, 4, 18, 20, 15, 27, 22, 23, 8, 3, 1, 11, 30, 7, 19, 25, 16, 10, 13, 21, 9, 17, 29, 26, 6, 5, 2, 28]
OFV: 45583.0	/ CPU: 3.406 seconds 	/ department sequence: [2, 5, 4, 29, 14, 20, 27, 30, 16, 18, 3, 21, 19, 23, 9, 13, 7, 11, 10, 8, 25, 22, 1, 17, 15, 26, 24, 6, 12, 28]
OFV: 47552.0	/ CPU: 1.719 seconds 	/ department sequence: [28, 18, 6, 22, 15, 8, 17, 1, 19, 25, 23, 11, 7, 3, 16, 30, 21, 13, 27, 10, 9, 4, 29, 20, 14, 24, 12, 26, 5, 2]
OFV: 47355.0	/ CPU: 1.578 seconds 	/ department sequence: [28, 12, 24, 14, 20, 26, 6, 5, 2, 29, 13, 21, 9, 10, 25, 16, 7, 1, 3, 11, 30, 19, 27, 23, 17, 15, 8, 22, 18, 4]
OFV: 45166.0	/ CPU: 4.110 seconds 	/ department sequence: [12, 24, 26, 17, 15, 6, 18, 1, 22, 23, 8, 25, 11, 7, 10, 13, 9, 19, 3, 21, 16, 30, 27, 20, 14, 29, 4, 5, 2, 28]
OFV: 45665.0	/ CPU: 1.595 seconds 	/ department sequence: [28, 2, 5, 4, 29, 14, 20, 6, 15, 16, 27, 30, 13, 21, 3, 9, 10, 11, 7, 25, 19, 8, 23, 22, 1, 18, 17, 26, 24, 12]
OFV: 47273.0	/ CPU: 2.031 seconds 	/ department sequence: [2, 5, 26, 12, 24, 6, 14, 20, 18, 13, 21, 9, 23, 3, 22, 1, 10, 7, 11, 27, 30, 15, 16, 29, 19, 25, 17, 8, 4, 28]
OFV: 45467.0	/ CPU: 4.330 seconds 	/ department sequence: [28, 12, 6, 24, 26, 18, 22, 1, 15, 17, 25, 23, 8, 11, 7, 10, 13, 9, 19, 21, 3, 16, 30, 27, 20, 14, 29, 4, 5, 2]
OFV: 45886.0	/ CPU: 3.093 seconds 	/ department sequence: [28, 2, 5, 6, 12, 26, 24, 9, 13, 21, 10, 29, 17, 25, 1, 7, 19, 22, 11, 23, 3, 8, 30, 16, 15, 27, 20, 18, 14, 4]
-- H_30 result
--------------------------------------------
HostNestNum = 20, P_a = 0.0
--------------------------------------------
-- 2019-01-29 16:29 result data
OFV: 45993.0	/ CPU: 21.113 seconds 	/ department sequence: [28, 2, 5, 6, 12, 26, 24, 17, 15, 1, 22, 25, 13, 10, 21, 9, 7, 11, 23, 3, 8, 19, 29, 30, 16, 27, 20, 18, 14, 4]
OFV: 45173.0	/ CPU: 16.504 seconds 	/ department sequence: [28, 4, 14, 20, 29, 2, 5, 21, 16, 30, 27, 3, 19, 9, 13, 10, 7, 11, 25, 8, 23, 22, 1, 18, 6, 15, 17, 26, 24, 12]
OFV: 45155.0	/ CPU: 20.363 seconds 	/ department sequence: [28, 4, 14, 20, 29, 2, 5, 27, 30, 16, 21, 3, 19, 8, 25, 11, 23, 7, 9, 13, 10, 17, 15, 1, 22, 6, 18, 26, 24, 12]
OFV: 46330.0	/ CPU: 20.645 seconds 	/ department sequence: [28, 4, 14, 20, 29, 2, 5, 30, 27, 16, 15, 6, 13, 21, 3, 18, 22, 11, 23, 25, 19, 7, 9, 10, 1, 8, 17, 26, 24, 12]
OFV: 46787.0	/ CPU: 26.770 seconds 	/ department sequence: [28, 2, 5, 6, 26, 4, 29, 9, 21, 13, 16, 10, 30, 11, 25, 7, 19, 3, 27, 8, 23, 17, 15, 1, 22, 20, 18, 14, 24, 12]
OFV: 45292.0	/ CPU: 20.440 seconds 	/ department sequence: [28, 4, 14, 20, 29, 2, 16, 30, 27, 19, 21, 3, 9, 13, 10, 7, 25, 11, 8, 23, 22, 1, 18, 5, 6, 15, 17, 24, 12, 26]
OFV: 45177.0	/ CPU: 18.226 seconds 	/ department sequence: [28, 2, 4, 29, 14, 20, 16, 30, 27, 19, 21, 3, 8, 25, 11, 7, 13, 9, 10, 23, 5, 22, 1, 18, 6, 15, 17, 26, 24, 12]
OFV: 45698.0	/ CPU: 18.428 seconds 	/ department sequence: [12, 24, 26, 17, 18, 1, 22, 23, 8, 19, 25, 7, 11, 10, 9, 3, 15, 27, 30, 16, 13, 21, 6, 20, 14, 29, 4, 5, 2, 28]
OFV: 47466.0	/ CPU: 20.856 seconds 	/ department sequence: [28, 18, 6, 22, 15, 8, 16, 27, 30, 19, 25, 11, 7, 1, 3, 21, 13, 10, 9, 23, 4, 17, 29, 20, 14, 24, 12, 26, 5, 2]
OFV: 45575.0	/ CPU: 25.834 seconds 	/ department sequence: [2, 5, 4, 29, 14, 20, 27, 30, 16, 18, 3, 21, 19, 23, 9, 11, 7, 13, 10, 8, 25, 22, 1, 17, 15, 26, 24, 6, 12, 28]
-- H_30 result
--------------------------------------------
HostNestNum = 20, P_a = 0.0
--------------------------------------------
-- 2019-01-29 17:44 result data
OFV: 45188.0	/ CPU: 16.815 seconds 	/ department sequence: [12, 24, 26, 17, 15, 6, 18, 1, 22, 23, 8, 25, 11, 7, 10, 13, 9, 19, 3, 27, 30, 16, 21, 20, 14, 29, 4, 5, 2, 28]
OFV: 45166.0	/ CPU: 10.470 seconds 	/ department sequence: [28, 2, 5, 4, 29, 14, 20, 27, 30, 16, 21, 3, 19, 9, 13, 10, 7, 11, 25, 8, 23, 22, 1, 18, 6, 15, 17, 26, 24, 12]
OFV: 45575.0	/ CPU: 7.314 seconds 	/ department sequence: [28, 12, 6, 24, 26, 15, 17, 1, 22, 25, 8, 10, 13, 7, 11, 9, 23, 19, 21, 3, 18, 16, 30, 27, 20, 14, 29, 4, 5, 2]
OFV: 45868.0	/ CPU: 7.251 seconds 	/ department sequence: [28, 2, 5, 6, 12, 26, 24, 17, 29, 13, 9, 10, 21, 25, 1, 7, 19, 22, 11, 23, 3, 8, 30, 16, 15, 27, 20, 18, 14, 4]
OFV: 45192.0	/ CPU: 10.161 seconds 	/ department sequence: [12, 24, 26, 18, 6, 22, 1, 15, 17, 23, 8, 25, 11, 7, 10, 13, 9, 19, 3, 21, 16, 30, 27, 20, 14, 29, 4, 5, 2, 28]
OFV: 45650.0	/ CPU: 7.688 seconds 	/ department sequence: [28, 4, 14, 20, 29, 2, 5, 6, 15, 16, 27, 30, 13, 21, 3, 9, 10, 11, 7, 25, 19, 8, 23, 22, 1, 18, 17, 26, 24, 12]
OFV: 47134.0	/ CPU: 10.236 seconds 	/ department sequence: [28, 4, 8, 17, 15, 16, 25, 29, 19, 30, 27, 11, 7, 10, 9, 13, 21, 3, 23, 1, 22, 20, 14, 18, 6, 5, 2, 26, 24, 12]
OFV: 45575.0	/ CPU: 7.595 seconds 	/ department sequence: [28, 12, 6, 24, 26, 15, 17, 1, 22, 25, 8, 10, 13, 7, 11, 9, 23, 19, 21, 3, 18, 16, 30, 27, 20, 14, 29, 4, 5, 2]
OFV: 46375.0	/ CPU: 8.330 seconds 	/ department sequence: [12, 24, 26, 17, 9, 10, 1, 8, 7, 19, 25, 23, 11, 22, 18, 3, 15, 27, 30, 16, 13, 21, 6, 20, 14, 29, 4, 5, 2, 28]
OFV: 45133.0	/ CPU: 8.268 seconds 	/ department sequence: [12, 24, 26, 17, 15, 6, 18, 1, 22, 10, 13, 9, 23, 7, 11, 25, 8, 19, 3, 27, 30, 16, 21, 5, 2, 29, 20, 14, 4, 28]
-- H_30 result
--------------------------------------------
HostNestNum = 20, P_a = 0.0
--------------------------------------------
-- 2019-01-31 20:22 result data
OFV: 44965.0	/ CPU: 2.653 seconds 	/ department sequence: [28, 4, 14, 20, 29, 8, 19, 30, 16, 27, 25, 11, 3, 7, 21, 9, 10, 13, 23, 22, 1, 18, 15, 17, 6, 24, 12, 26, 5, 2]
OFV: 45415.0	/ CPU: 5.159 seconds 	/ department sequence: [12, 24, 26, 18, 6, 22, 1, 15, 17, 5, 2, 23, 13, 10, 9, 21, 7, 3, 11, 25, 27, 16, 30, 19, 8, 29, 20, 14, 4, 28]
OFV: 45609.0	/ CPU: 5.278 seconds 	/ department sequence: [28, 2, 5, 4, 29, 14, 20, 6, 21, 13, 16, 30, 27, 3, 9, 10, 11, 7, 25, 19, 8, 23, 22, 1, 15, 18, 17, 26, 24, 12]
OFV: 44965.0	/ CPU: 8.092 seconds 	/ department sequence: [28, 4, 14, 20, 29, 8, 19, 30, 16, 27, 25, 11, 3, 7, 21, 9, 10, 13, 23, 22, 1, 18, 15, 17, 6, 24, 12, 26, 5, 2]
OFV: 46180.0	/ CPU: 4.440 seconds 	/ department sequence: [12, 24, 26, 14, 20, 18, 17, 15, 23, 1, 22, 8, 27, 10, 3, 11, 7, 25, 19, 30, 16, 13, 21, 9, 29, 4, 6, 5, 2, 28]
OFV: 44965.0	/ CPU: 0.756 seconds 	/ department sequence: [28, 4, 14, 20, 29, 8, 19, 30, 16, 27, 25, 11, 3, 7, 21, 9, 10, 13, 23, 22, 1, 18, 15, 17, 6, 24, 12, 26, 5, 2]
OFV: 47040.0	/ CPU: 4.846 seconds 	/ department sequence: [12, 24, 26, 14, 20, 4, 17, 15, 29, 9, 10, 27, 16, 30, 13, 23, 11, 7, 25, 1, 19, 8, 3, 21, 22, 18, 6, 5, 2, 28]
OFV: 45678.0	/ CPU: 6.388 seconds 	/ department sequence: [28, 4, 14, 20, 8, 15, 27, 16, 30, 18, 3, 11, 23, 22, 25, 19, 7, 1, 21, 9, 10, 13, 29, 17, 6, 5, 2, 26, 24, 12]
OFV: 45146.0	/ CPU: 6.324 seconds 	/ department sequence: [28, 4, 14, 20, 29, 2, 16, 30, 27, 19, 21, 3, 8, 25, 11, 7, 13, 9, 10, 23, 5, 22, 1, 18, 6, 15, 17, 26, 24, 12]
OFV: 45670.0	/ CPU: 9.260 seconds 	/ department sequence: [2, 5, 26, 12, 24, 6, 17, 15, 29, 13, 10, 9, 1, 22, 21, 7, 11, 23, 25, 3, 19, 30, 16, 27, 8, 18, 20, 14, 4, 28]
