-- H_30 result
--------------------------------------------
HostNestNum = 60, P_a = 0.2
--------------------------------------------
-- 2019-01-22 22:16 result data
OFV: 44965.0	/ CPU: 75.890 seconds 	/ department sequence: [2, 5, 26, 12, 24, 6, 17, 15, 18, 1, 22, 23, 13, 10, 9, 21, 7, 3, 11, 25, 27, 16, 30, 19, 8, 29, 20, 14, 4, 28]
-- H_30 result
--------------------------------------------
HostNestNum = 60, P_a = 0.2
--------------------------------------------
-- 2019-01-29 15:50 result data
OFV: 47626.0	/ CPU: 2.671 seconds 	/ department sequence: [28, 12, 24, 14, 20, 26, 17, 8, 25, 19, 29, 10, 1, 7, 9, 13, 21, 23, 11, 3, 30, 16, 27, 4, 15, 22, 6, 18, 5, 2]
OFV: 46629.0	/ CPU: 1.344 seconds 	/ department sequence: [28, 2, 4, 29, 8, 19, 25, 16, 30, 21, 3, 11, 7, 13, 9, 10, 27, 5, 23, 17, 1, 22, 15, 6, 18, 20, 14, 26, 24, 12]
OFV: 45720.0	/ CPU: 1.687 seconds 	/ department sequence: [28, 4, 14, 20, 8, 15, 27, 16, 30, 18, 19, 3, 11, 23, 25, 22, 7, 21, 1, 9, 10, 13, 29, 17, 6, 5, 2, 26, 24, 12]
OFV: 45322.0	/ CPU: 3.408 seconds 	/ department sequence: [28, 2, 5, 4, 29, 14, 20, 21, 9, 3, 16, 30, 27, 19, 13, 10, 7, 11, 25, 8, 23, 17, 15, 1, 22, 6, 18, 26, 24, 12]
OFV: 45188.0	/ CPU: 1.421 seconds 	/ department sequence: [12, 24, 26, 17, 15, 6, 18, 1, 22, 23, 8, 25, 11, 7, 10, 13, 9, 19, 3, 27, 30, 16, 21, 20, 14, 29, 4, 5, 2, 28]
OFV: 47040.0	/ CPU: 3.345 seconds 	/ department sequence: [28, 2, 5, 6, 18, 22, 21, 3, 8, 19, 1, 25, 7, 11, 23, 13, 30, 16, 27, 10, 9, 29, 15, 17, 4, 20, 14, 26, 24, 12]
OFV: 45143.0	/ CPU: 3.047 seconds 	/ department sequence: [28, 2, 5, 4, 29, 14, 20, 27, 30, 16, 21, 3, 19, 8, 25, 11, 7, 13, 9, 10, 23, 22, 1, 18, 15, 6, 17, 26, 24, 12]
OFV: 45429.0	/ CPU: 1.954 seconds 	/ department sequence: [28, 4, 14, 20, 29, 16, 30, 27, 19, 8, 25, 11, 3, 7, 21, 9, 10, 13, 23, 2, 5, 22, 1, 15, 6, 18, 17, 26, 24, 12]
OFV: 45126.0	/ CPU: 3.656 seconds 	/ department sequence: [12, 24, 26, 17, 15, 6, 18, 1, 22, 10, 13, 9, 23, 7, 11, 25, 8, 19, 3, 21, 16, 30, 27, 20, 14, 29, 4, 5, 2, 28]
OFV: 45188.0	/ CPU: 2.596 seconds 	/ department sequence: [12, 24, 26, 17, 15, 6, 18, 1, 22, 23, 8, 25, 11, 7, 19, 10, 13, 9, 3, 21, 16, 30, 27, 20, 14, 29, 4, 5, 2, 28]
