-- H_30 result
--------------------------------------------
HostNestNum = 60, P_a = 0.25
--------------------------------------------
-- 2019-01-09 15:53 result data
OFV: 47853.0	/ CPU: 807.183 seconds 	/ department sequence: [28, 2, 5, 6, 18, 14, 20, 27, 15, 22, 21, 3, 8, 19, 30, 11, 23, 25, 1, 7, 16, 13, 29, 10, 9, 4, 17, 26, 24, 12]
-- H_30 result
--------------------------------------------
HostNestNum = 60, P_a = 0.25
--------------------------------------------
-- 2019-01-22 22:18 result data
OFV: 46679.0	/ CPU: 57.480 seconds 	/ department sequence: [2, 5, 4, 29, 16, 30, 27, 9, 10, 13, 21, 3, 19, 7, 11, 8, 25, 23, 22, 1, 18, 17, 15, 20, 14, 26, 24, 6, 12, 28]
-- H_30 result
--------------------------------------------
HostNestNum = 60, P_a = 0.25
--------------------------------------------
-- 2019-01-29 15:51 result data
OFV: 47920.0	/ CPU: 1.266 seconds 	/ department sequence: [2, 5, 18, 22, 27, 8, 3, 21, 19, 30, 1, 7, 11, 23, 9, 10, 16, 25, 13, 29, 17, 15, 6, 26, 24, 12, 20, 14, 4, 28]
OFV: 45599.0	/ CPU: 1.547 seconds 	/ department sequence: [28, 12, 6, 24, 26, 15, 17, 1, 22, 18, 25, 23, 13, 10, 9, 7, 11, 8, 3, 21, 19, 16, 30, 27, 20, 14, 29, 4, 5, 2]
OFV: 45203.0	/ CPU: 2.422 seconds 	/ department sequence: [28, 4, 14, 20, 29, 2, 5, 27, 30, 16, 21, 3, 9, 13, 10, 19, 7, 11, 25, 8, 23, 17, 15, 1, 22, 18, 6, 26, 24, 12]
OFV: 47087.0	/ CPU: 2.188 seconds 	/ department sequence: [12, 24, 26, 14, 20, 2, 5, 29, 17, 9, 10, 13, 21, 1, 7, 19, 3, 25, 23, 11, 30, 27, 16, 8, 15, 22, 6, 18, 4, 28]
OFV: 47304.0	/ CPU: 1.642 seconds 	/ department sequence: [28, 12, 6, 14, 24, 20, 18, 15, 22, 1, 25, 13, 21, 16, 7, 3, 23, 11, 30, 27, 10, 9, 8, 19, 17, 29, 4, 26, 5, 2]
OFV: 46311.0	/ CPU: 2.031 seconds 	/ department sequence: [2, 5, 26, 4, 29, 14, 20, 17, 9, 23, 27, 10, 30, 11, 16, 3, 21, 13, 7, 19, 25, 8, 1, 22, 15, 18, 24, 6, 12, 28]
OFV: 45156.0	/ CPU: 1.970 seconds 	/ department sequence: [12, 24, 26, 18, 6, 22, 1, 15, 17, 23, 10, 9, 13, 7, 11, 25, 8, 19, 3, 21, 16, 30, 27, 20, 14, 29, 4, 5, 2, 28]
OFV: 46007.0	/ CPU: 2.062 seconds 	/ department sequence: [4, 14, 18, 20, 27, 15, 16, 30, 22, 23, 11, 3, 8, 19, 7, 1, 25, 21, 10, 9, 13, 29, 17, 24, 26, 5, 2, 6, 12, 28]
OFV: 45146.0	/ CPU: 1.922 seconds 	/ department sequence: [28, 4, 14, 20, 29, 2, 16, 30, 27, 19, 21, 3, 8, 25, 11, 7, 13, 9, 10, 23, 5, 22, 1, 18, 6, 15, 17, 26, 24, 12]
OFV: 45713.0	/ CPU: 2.265 seconds 	/ department sequence: [28, 12, 6, 24, 26, 15, 17, 1, 22, 25, 8, 10, 13, 7, 11, 9, 23, 19, 30, 16, 21, 3, 27, 18, 20, 14, 29, 4, 5, 2]
