-- H_30 result
--------------------------------------------
HostNestNum = 30, P_a = 0.5
--------------------------------------------
-- 2019-01-22 22:12 result data
OFV: 45192.0	/ CPU: 153.938 seconds 	/ department sequence: [12, 24, 26, 18, 6, 22, 1, 15, 17, 23, 8, 25, 11, 7, 10, 13, 9, 19, 3, 21, 16, 30, 27, 20, 14, 29, 4, 5, 2, 28]
-- H_30 result
--------------------------------------------
HostNestNum = 30, P_a = 0.5
--------------------------------------------
-- 2019-01-29 15:49 result data
OFV: 45731.0	/ CPU: 1.844 seconds 	/ department sequence: [2, 5, 26, 12, 24, 6, 17, 29, 13, 10, 9, 15, 1, 22, 18, 23, 21, 7, 11, 3, 25, 19, 30, 27, 16, 8, 20, 14, 4, 28]
OFV: 46311.0	/ CPU: 2.314 seconds 	/ department sequence: [2, 5, 26, 4, 29, 14, 20, 17, 9, 23, 27, 10, 30, 11, 16, 3, 21, 13, 7, 19, 25, 8, 1, 22, 15, 18, 24, 6, 12, 28]
OFV: 45874.0	/ CPU: 2.812 seconds 	/ department sequence: [2, 5, 4, 29, 14, 20, 18, 21, 3, 27, 9, 23, 16, 30, 19, 11, 7, 13, 10, 8, 25, 22, 1, 17, 15, 26, 24, 6, 12, 28]
OFV: 46139.0	/ CPU: 2.422 seconds 	/ department sequence: [12, 24, 26, 14, 20, 18, 17, 15, 1, 22, 23, 8, 27, 10, 3, 11, 7, 25, 19, 30, 9, 13, 21, 16, 29, 4, 6, 5, 2, 28]
OFV: 45192.0	/ CPU: 2.348 seconds 	/ department sequence: [28, 2, 5, 4, 29, 14, 20, 27, 30, 16, 21, 3, 19, 9, 13, 10, 7, 11, 25, 8, 23, 17, 15, 1, 22, 6, 18, 26, 24, 12]
OFV: 45198.0	/ CPU: 1.968 seconds 	/ department sequence: [28, 4, 14, 20, 29, 2, 16, 30, 27, 19, 21, 3, 9, 13, 10, 25, 7, 11, 8, 23, 5, 22, 1, 15, 6, 18, 17, 26, 24, 12]
OFV: 46447.0	/ CPU: 1.453 seconds 	/ department sequence: [12, 24, 26, 14, 20, 18, 6, 15, 22, 1, 17, 23, 8, 27, 10, 11, 7, 3, 25, 19, 13, 30, 16, 21, 9, 29, 4, 5, 2, 28]
OFV: 45454.0	/ CPU: 2.469 seconds 	/ department sequence: [28, 12, 6, 26, 24, 15, 17, 18, 1, 22, 23, 25, 8, 11, 7, 10, 13, 9, 19, 21, 3, 16, 30, 27, 20, 14, 29, 4, 5, 2]
OFV: 47350.0	/ CPU: 1.500 seconds 	/ department sequence: [28, 2, 5, 26, 24, 17, 29, 20, 25, 8, 19, 21, 10, 13, 9, 7, 1, 3, 11, 23, 30, 16, 27, 22, 15, 6, 18, 4, 14, 12]
OFV: 44965.0	/ CPU: 1.765 seconds 	/ department sequence: [2, 5, 26, 12, 24, 6, 17, 15, 18, 1, 22, 23, 13, 10, 9, 21, 7, 3, 11, 25, 27, 16, 30, 19, 8, 29, 20, 14, 4, 28]
-- H_30 result
--------------------------------------------
HostNestNum = 30, P_a = 0.5
--------------------------------------------
-- 2019-01-29 17:15 result data
OFV: 45575.0	/ CPU: 25.350 seconds 	/ department sequence: [2, 5, 4, 29, 14, 20, 27, 30, 16, 18, 3, 21, 19, 23, 9, 11, 7, 13, 10, 8, 25, 22, 1, 17, 15, 26, 24, 6, 12, 28]
OFV: 45615.0	/ CPU: 20.661 seconds 	/ department sequence: [12, 24, 26, 17, 18, 15, 1, 22, 23, 8, 19, 25, 7, 11, 10, 27, 3, 9, 30, 16, 13, 21, 6, 5, 2, 29, 20, 14, 4, 28]
OFV: 45152.0	/ CPU: 16.940 seconds 	/ department sequence: [12, 24, 26, 18, 6, 22, 1, 15, 17, 10, 13, 9, 23, 7, 11, 25, 8, 19, 3, 21, 16, 30, 27, 20, 14, 29, 4, 5, 2, 28]
OFV: 45259.0	/ CPU: 21.973 seconds 	/ department sequence: [12, 24, 26, 17, 15, 6, 18, 1, 22, 23, 8, 25, 11, 7, 10, 13, 9, 19, 3, 21, 16, 30, 27, 20, 14, 29, 4, 28, 5, 2]
OFV: 46758.0	/ CPU: 20.023 seconds 	/ department sequence: [2, 5, 26, 4, 29, 17, 9, 10, 16, 21, 13, 30, 19, 7, 11, 3, 23, 25, 27, 8, 1, 22, 15, 18, 20, 24, 14, 6, 12, 28]
OFV: 45188.0	/ CPU: 18.966 seconds 	/ department sequence: [12, 24, 26, 17, 15, 6, 18, 1, 22, 23, 8, 25, 11, 7, 10, 13, 9, 19, 3, 27, 30, 16, 21, 20, 14, 29, 4, 5, 2, 28]
OFV: 45235.0	/ CPU: 27.614 seconds 	/ department sequence: [28, 2, 4, 29, 14, 20, 16, 30, 27, 19, 21, 3, 9, 13, 10, 25, 7, 11, 8, 23, 5, 17, 15, 1, 22, 6, 18, 26, 24, 12]
OFV: 45166.0	/ CPU: 18.507 seconds 	/ department sequence: [28, 2, 5, 4, 29, 14, 20, 27, 30, 16, 21, 3, 19, 9, 13, 10, 7, 11, 25, 8, 23, 22, 1, 18, 6, 15, 17, 26, 24, 12]
OFV: 45868.0	/ CPU: 39.507 seconds 	/ department sequence: [4, 14, 18, 20, 27, 15, 16, 30, 8, 3, 23, 11, 22, 19, 7, 1, 25, 21, 10, 9, 13, 29, 17, 24, 26, 12, 6, 5, 2, 28]
OFV: 45661.0	/ CPU: 32.142 seconds 	/ department sequence: [2, 5, 26, 12, 24, 6, 17, 29, 13, 10, 9, 21, 1, 7, 19, 25, 22, 23, 11, 3, 30, 16, 15, 27, 8, 18, 20, 14, 4, 28]
