-- H_30 result
--------------------------------------------
HostNestNum = 30, P_a = 0.25
--------------------------------------------
-- 2019-01-09 16:27 result data
-- H_30 result
--------------------------------------------
HostNestNum = 30, P_a = 0.25
--------------------------------------------
-- 2019-01-22 22:10 result data
OFV: 45886.0	/ CPU: 47.257 seconds 	/ department sequence: [28, 2, 5, 6, 12, 26, 24, 9, 13, 21, 10, 29, 17, 25, 1, 7, 19, 22, 23, 11, 3, 8, 30, 16, 15, 27, 20, 18, 14, 4]
-- H_30 result
--------------------------------------------
HostNestNum = 30, P_a = 0.25
--------------------------------------------
-- 2019-01-29 15:48 result data
OFV: 45718.0	/ CPU: 1.906 seconds 	/ department sequence: [28, 4, 14, 20, 18, 16, 15, 27, 30, 8, 3, 11, 23, 22, 25, 19, 7, 1, 21, 9, 10, 13, 29, 17, 6, 24, 12, 26, 5, 2]
OFV: 47919.0	/ CPU: 2.282 seconds 	/ department sequence: [28, 2, 5, 26, 29, 17, 20, 8, 19, 25, 21, 16, 30, 3, 7, 11, 10, 13, 9, 23, 27, 4, 1, 22, 15, 6, 18, 14, 24, 12]
OFV: 47560.0	/ CPU: 2.325 seconds 	/ department sequence: [12, 24, 26, 2, 5, 17, 8, 1, 10, 7, 19, 25, 22, 23, 11, 3, 21, 13, 9, 29, 30, 27, 16, 15, 6, 18, 20, 14, 4, 28]
OFV: 46173.0	/ CPU: 2.682 seconds 	/ department sequence: [28, 4, 14, 20, 18, 6, 15, 16, 27, 30, 22, 11, 3, 23, 8, 25, 19, 7, 1, 21, 13, 10, 9, 29, 17, 5, 2, 26, 24, 12]
OFV: 45148.0	/ CPU: 1.875 seconds 	/ department sequence: [12, 24, 26, 17, 15, 6, 18, 1, 22, 10, 13, 9, 23, 7, 11, 25, 8, 19, 3, 27, 30, 16, 21, 20, 14, 29, 4, 5, 2, 28]
OFV: 45718.0	/ CPU: 4.046 seconds 	/ department sequence: [28, 4, 14, 20, 18, 16, 15, 27, 30, 8, 3, 11, 23, 22, 25, 19, 7, 1, 21, 9, 10, 13, 29, 17, 6, 24, 12, 26, 5, 2]
OFV: 45168.0	/ CPU: 1.610 seconds 	/ department sequence: [28, 2, 4, 29, 14, 20, 5, 27, 30, 16, 21, 3, 19, 8, 25, 11, 7, 23, 9, 13, 10, 17, 15, 1, 22, 6, 18, 26, 24, 12]
OFV: 45215.0	/ CPU: 4.314 seconds 	/ department sequence: [28, 2, 4, 29, 14, 20, 16, 30, 27, 19, 8, 3, 21, 25, 11, 7, 13, 9, 10, 23, 5, 17, 15, 1, 22, 6, 18, 26, 24, 12]
OFV: 45713.0	/ CPU: 2.562 seconds 	/ department sequence: [2, 5, 4, 29, 14, 20, 18, 27, 30, 16, 3, 21, 19, 23, 9, 13, 11, 7, 10, 22, 25, 1, 8, 17, 15, 26, 24, 6, 12, 28]
OFV: 47040.0	/ CPU: 1.672 seconds 	/ department sequence: [28, 2, 5, 6, 18, 22, 21, 3, 8, 19, 1, 25, 7, 11, 23, 13, 30, 16, 27, 10, 9, 29, 15, 17, 4, 20, 14, 26, 24, 12]
-- H_30 result
--------------------------------------------
HostNestNum = 30, P_a = 0.25
--------------------------------------------
-- 2019-01-29 17:08 result data
OFV: 45191.0	/ CPU: 21.128 seconds 	/ department sequence: [2, 5, 26, 12, 24, 6, 18, 22, 1, 17, 23, 13, 10, 9, 21, 7, 3, 11, 25, 19, 29, 30, 16, 27, 15, 8, 20, 14, 4, 28]
OFV: 45717.0	/ CPU: 19.176 seconds 	/ department sequence: [28, 4, 14, 20, 18, 8, 27, 16, 30, 3, 23, 11, 25, 19, 7, 21, 22, 1, 15, 9, 10, 13, 29, 17, 6, 26, 24, 12, 5, 2]
OFV: 45441.0	/ CPU: 19.035 seconds 	/ department sequence: [28, 12, 6, 24, 26, 15, 17, 18, 1, 22, 25, 23, 8, 11, 7, 10, 13, 9, 19, 21, 3, 16, 30, 27, 20, 14, 29, 4, 5, 2]
OFV: 45868.0	/ CPU: 24.080 seconds 	/ department sequence: [28, 2, 5, 6, 12, 26, 24, 17, 29, 13, 9, 10, 21, 25, 1, 7, 19, 22, 11, 23, 3, 8, 30, 16, 15, 27, 20, 18, 14, 4]
OFV: 45868.0	/ CPU: 18.738 seconds 	/ department sequence: [4, 14, 18, 20, 27, 15, 16, 30, 8, 3, 23, 11, 22, 19, 7, 1, 25, 21, 10, 9, 13, 29, 17, 24, 26, 12, 6, 5, 2, 28]
OFV: 45445.0	/ CPU: 23.708 seconds 	/ department sequence: [28, 12, 6, 24, 26, 15, 17, 18, 1, 22, 25, 23, 8, 11, 7, 13, 10, 9, 19, 21, 3, 16, 30, 27, 20, 14, 29, 4, 5, 2]
OFV: 47536.0	/ CPU: 16.314 seconds 	/ department sequence: [28, 26, 24, 17, 20, 8, 25, 19, 29, 10, 9, 1, 7, 21, 13, 16, 30, 11, 3, 27, 23, 22, 15, 4, 14, 18, 6, 12, 5, 2]
OFV: 45190.0	/ CPU: 19.738 seconds 	/ department sequence: [28, 2, 5, 4, 29, 14, 20, 27, 30, 16, 21, 3, 19, 9, 13, 10, 7, 11, 25, 8, 23, 18, 1, 22, 6, 15, 17, 26, 24, 12]
OFV: 47040.0	/ CPU: 16.661 seconds 	/ department sequence: [28, 4, 18, 6, 22, 15, 16, 27, 30, 11, 8, 25, 23, 3, 19, 7, 1, 21, 13, 10, 9, 17, 29, 20, 14, 24, 12, 26, 5, 2]
OFV: 45166.0	/ CPU: 23.629 seconds 	/ department sequence: [12, 24, 26, 17, 15, 6, 18, 1, 22, 23, 8, 25, 11, 7, 10, 13, 9, 19, 3, 21, 16, 30, 27, 20, 14, 29, 4, 5, 2, 28]
-- H30 result
--------------------------------------------
HostNestNum = 30, P_a = 0.25
--------------------------------------------
-- 2020-03-20 11:10 result data
OFV: 45152.0	/ CPU: 14.636 seconds 	/ department sequence: [28, 2, 5, 4, 29, 14, 20, 27, 30, 16, 21, 3, 19, 8, 25, 11, 7, 23, 9, 13, 10, 17, 15, 1, 22, 6, 18, 26, 24, 12]
-- H30 result
--------------------------------------------
HostNestNum = 30, P_a = 0.25
--------------------------------------------
-- 2020-03-20 11:11 result data
OFV: 44965.0	/ CPU: 16.684 seconds 	/ department sequence: [2, 5, 26, 12, 24, 6, 17, 15, 18, 1, 22, 23, 13, 10, 9, 21, 7, 3, 11, 25, 27, 16, 30, 19, 8, 29, 20, 14, 4, 28]
-- H30 result
--------------------------------------------
HostNestNum = 30, P_a = 0.25
--------------------------------------------
-- 2020-03-20 11:11 result data
OFV: 45152.0	/ CPU: 15.118 seconds 	/ department sequence: [12, 24, 26, 18, 6, 22, 1, 15, 17, 10, 13, 9, 23, 7, 11, 25, 8, 19, 3, 21, 16, 30, 27, 20, 14, 29, 4, 5, 2, 28]
-- H30 result
--------------------------------------------
HostNestNum = 30, P_a = 0.25
--------------------------------------------
-- 2020-03-20 11:11 result data
OFV: 44965.0	/ CPU: 14.901 seconds 	/ department sequence: [28, 4, 14, 20, 29, 8, 19, 30, 16, 27, 25, 11, 3, 7, 21, 9, 10, 13, 23, 22, 1, 18, 15, 17, 6, 24, 12, 26, 5, 2]
-- H30 result
--------------------------------------------
HostNestNum = 30, P_a = 0.25
--------------------------------------------
-- 2020-03-20 11:11 result data
OFV: 45188.0	/ CPU: 14.570 seconds 	/ department sequence: [12, 24, 26, 17, 15, 6, 18, 1, 22, 23, 8, 25, 11, 7, 10, 13, 9, 19, 3, 27, 30, 16, 21, 20, 14, 29, 4, 5, 2, 28]
-- H30 result
--------------------------------------------
HostNestNum = 30, P_a = 0.25
--------------------------------------------
-- 2020-03-20 11:18 result data
OFV: 45014.0	/ CPU: 18.607 seconds 	/ department sequence: [12, 24, 26, 2, 5, 6, 18, 17, 1, 15, 22, 23, 13, 10, 9, 21, 7, 3, 11, 25, 27, 16, 30, 19, 8, 29, 20, 14, 4, 28]
-- H30 result
--------------------------------------------
HostNestNum = 30, P_a = 0.25
--------------------------------------------
-- 2020-03-20 11:18 result data
OFV: 44965.0	/ CPU: 16.883 seconds 	/ department sequence: [28, 4, 14, 20, 29, 8, 19, 30, 16, 27, 25, 11, 3, 7, 21, 9, 10, 13, 23, 22, 1, 18, 15, 17, 6, 24, 12, 26, 5, 2]
-- H30 result
--------------------------------------------
HostNestNum = 30, P_a = 0.25
--------------------------------------------
-- 2020-03-20 11:19 result data
OFV: 44965.0	/ CPU: 18.090 seconds 	/ department sequence: [28, 4, 14, 20, 29, 8, 19, 30, 16, 27, 25, 11, 3, 7, 21, 9, 10, 13, 23, 22, 1, 18, 15, 17, 6, 24, 12, 26, 5, 2]
-- H30 result
--------------------------------------------
HostNestNum = 30, P_a = 0.25
--------------------------------------------
-- 2020-03-20 11:19 result data
OFV: 44965.0	/ CPU: 15.097 seconds 	/ department sequence: [2, 5, 26, 12, 24, 6, 17, 15, 18, 1, 22, 23, 13, 10, 9, 21, 7, 3, 11, 25, 27, 16, 30, 19, 8, 29, 20, 14, 4, 28]
-- H30 result
--------------------------------------------
HostNestNum = 30, P_a = 0.25
--------------------------------------------
-- 2020-03-20 11:19 result data
OFV: 45126.0	/ CPU: 19.469 seconds 	/ department sequence: [12, 24, 26, 17, 15, 6, 18, 1, 22, 10, 13, 9, 23, 7, 11, 25, 8, 19, 3, 21, 16, 30, 27, 20, 14, 29, 4, 5, 2, 28]
-- H30 result
--------------------------------------------
HostNestNum = 30, P_a = 0.25
--------------------------------------------
-- 2020-03-20 11:30 result data
OFV: 44996.0	/ CPU: 28.808 seconds 	/ department sequence: [2, 5, 12, 24, 26, 6, 17, 15, 18, 1, 22, 23, 13, 10, 9, 21, 7, 3, 11, 25, 8, 19, 27, 30, 16, 29, 20, 14, 4, 28]
-- H30 result
--------------------------------------------
HostNestNum = 30, P_a = 0.25
--------------------------------------------
-- 2020-03-20 11:30 result data
OFV: 45155.0	/ CPU: 25.310 seconds 	/ department sequence: [28, 4, 14, 20, 29, 2, 5, 27, 30, 16, 21, 3, 19, 9, 13, 10, 25, 7, 11, 8, 23, 22, 1, 18, 6, 15, 17, 26, 24, 12]
-- H30 result
--------------------------------------------
HostNestNum = 30, P_a = 0.25
--------------------------------------------
-- 2020-03-20 11:31 result data
OFV: 44986.0	/ CPU: 36.097 seconds 	/ department sequence: [28, 4, 14, 20, 29, 8, 19, 30, 16, 27, 25, 11, 3, 7, 21, 9, 10, 13, 23, 17, 15, 1, 22, 18, 6, 24, 12, 26, 5, 2]
-- H30 result
--------------------------------------------
HostNestNum = 30, P_a = 0.25
--------------------------------------------
-- 2020-03-20 11:31 result data
OFV: 44970.0	/ CPU: 27.104 seconds 	/ department sequence: [28, 4, 14, 20, 29, 8, 19, 30, 16, 27, 25, 11, 7, 3, 21, 9, 10, 13, 23, 22, 1, 18, 15, 17, 6, 24, 12, 26, 5, 2]
-- H30 result
--------------------------------------------
HostNestNum = 30, P_a = 0.25
--------------------------------------------
-- 2020-03-20 11:32 result data
OFV: 44976.0	/ CPU: 34.493 seconds 	/ department sequence: [28, 4, 14, 20, 29, 8, 19, 30, 16, 27, 25, 11, 3, 7, 21, 9, 10, 13, 23, 22, 15, 1, 17, 18, 6, 24, 12, 26, 5, 2]
-- H30 result
--------------------------------------------
HostNestNum = 30, P_a = 0.25
--------------------------------------------
-- 2020-03-20 11:39 result data
OFV: 45006.0	/ CPU: 40.409 seconds 	/ department sequence: [2, 5, 26, 12, 24, 6, 18, 22, 1, 15, 17, 23, 13, 10, 9, 21, 7, 3, 11, 25, 8, 19, 27, 30, 16, 29, 20, 14, 4, 28]
-- H30 result
--------------------------------------------
HostNestNum = 30, P_a = 0.25
--------------------------------------------
-- 2020-03-20 11:40 result data
OFV: 45204.0	/ CPU: 25.919 seconds 	/ department sequence: [12, 24, 26, 17, 6, 15, 22, 1, 18, 23, 8, 11, 7, 25, 10, 13, 19, 9, 3, 21, 16, 30, 27, 5, 2, 29, 20, 14, 4, 28]
-- H30 result
--------------------------------------------
HostNestNum = 30, P_a = 0.25
--------------------------------------------
-- 2020-03-20 11:41 result data
OFV: 45238.0	/ CPU: 48.317 seconds 	/ department sequence: [12, 24, 26, 17, 18, 15, 6, 1, 22, 23, 8, 11, 7, 25, 13, 10, 19, 9, 3, 16, 30, 27, 21, 5, 2, 29, 20, 14, 4, 28]
-- H30 result
--------------------------------------------
HostNestNum = 30, P_a = 0.25
--------------------------------------------
-- 2020-03-20 11:41 result data
OFV: 45236.0	/ CPU: 28.960 seconds 	/ department sequence: [12, 24, 26, 18, 6, 22, 1, 15, 17, 23, 8, 11, 25, 7, 10, 13, 9, 19, 3, 21, 27, 30, 16, 5, 20, 14, 29, 4, 2, 28]
-- H30 result
--------------------------------------------
HostNestNum = 30, P_a = 0.25
--------------------------------------------
-- 2020-03-20 11:42 result data
OFV: 44995.0	/ CPU: 47.724 seconds 	/ department sequence: [28, 4, 14, 20, 8, 29, 19, 30, 16, 27, 25, 3, 11, 7, 21, 9, 10, 13, 23, 22, 18, 1, 15, 17, 6, 24, 12, 26, 5, 2]
-- H30 result
--------------------------------------------
HostNestNum = 30, P_a = 0.25
--------------------------------------------
-- 2020-03-20 12:05 result data
OFV: 44988.0	/ CPU: 48.811 seconds 	/ department sequence: [28, 4, 14, 20, 8, 29, 19, 30, 16, 27, 25, 11, 3, 7, 21, 9, 10, 13, 23, 22, 15, 1, 17, 18, 6, 24, 12, 26, 5, 2]
-- H30 result
--------------------------------------------
HostNestNum = 30, P_a = 0.25
--------------------------------------------
-- 2020-03-20 12:06 result data
-- H30 result
--------------------------------------------
HostNestNum = 30, P_a = 0.25
--------------------------------------------
-- 2020-03-20 12:09 result data
OFV: 44965.0	/ CPU: 25.365 seconds 	/ department sequence: [28, 4, 14, 20, 29, 8, 19, 30, 16, 27, 25, 11, 3, 7, 21, 9, 10, 13, 23, 22, 1, 18, 15, 17, 6, 24, 12, 26, 5, 2]
-- H30 result
--------------------------------------------
HostNestNum = 30, P_a = 0.25
--------------------------------------------
-- 2020-03-20 12:10 result data
OFV: 44986.0	/ CPU: 30.397 seconds 	/ department sequence: [2, 5, 26, 12, 24, 6, 18, 22, 1, 15, 17, 23, 13, 10, 9, 21, 7, 3, 11, 25, 27, 16, 30, 19, 8, 29, 20, 14, 4, 28]
-- H30 result
--------------------------------------------
HostNestNum = 30, P_a = 0.25
--------------------------------------------
-- 2020-03-20 12:10 result data
OFV: 45188.0	/ CPU: 32.894 seconds 	/ department sequence: [12, 24, 26, 17, 15, 6, 18, 1, 22, 23, 8, 25, 11, 7, 10, 13, 9, 19, 3, 27, 30, 16, 21, 20, 14, 29, 4, 5, 2, 28]
-- H30 result
--------------------------------------------
HostNestNum = 30, P_a = 0.25
--------------------------------------------
-- 2020-03-20 12:11 result data
OFV: 44965.0	/ CPU: 28.916 seconds 	/ department sequence: [2, 5, 26, 12, 24, 6, 17, 15, 18, 1, 22, 23, 13, 10, 9, 21, 7, 3, 11, 25, 27, 16, 30, 19, 8, 29, 20, 14, 4, 28]
-- H30 result
--------------------------------------------
HostNestNum = 30, P_a = 0.25
--------------------------------------------
-- 2020-03-20 12:11 result data
OFV: 44965.0	/ CPU: 27.752 seconds 	/ department sequence: [2, 5, 26, 12, 24, 6, 17, 15, 18, 1, 22, 23, 13, 10, 9, 21, 7, 3, 11, 25, 27, 16, 30, 19, 8, 29, 20, 14, 4, 28]
-- H30 result
--------------------------------------------
HostNestNum = 30, P_a = 0.25
--------------------------------------------
-- 2020-03-20 12:17 result data
OFV: 44986.0	/ CPU: 20.716 seconds 	/ department sequence: [28, 4, 14, 20, 29, 8, 19, 30, 16, 27, 25, 11, 3, 7, 21, 9, 10, 13, 23, 17, 15, 1, 22, 18, 6, 24, 12, 26, 5, 2]
-- H30 result
--------------------------------------------
HostNestNum = 30, P_a = 0.25
--------------------------------------------
-- 2020-03-20 12:17 result data
OFV: 45640.0	/ CPU: 21.199 seconds 	/ department sequence: [2, 5, 26, 12, 24, 6, 17, 29, 13, 10, 9, 21, 1, 7, 19, 25, 22, 23, 11, 3, 18, 30, 16, 27, 15, 8, 20, 14, 4, 28]
-- H30 result
--------------------------------------------
HostNestNum = 30, P_a = 0.25
--------------------------------------------
-- 2020-03-20 12:18 result data
OFV: 44965.0	/ CPU: 24.301 seconds 	/ department sequence: [28, 4, 14, 20, 29, 8, 19, 30, 16, 27, 25, 11, 3, 7, 21, 9, 10, 13, 23, 22, 1, 18, 15, 17, 6, 24, 12, 26, 5, 2]
-- H30 result
--------------------------------------------
HostNestNum = 30, P_a = 0.25
--------------------------------------------
-- 2020-03-20 12:18 result data
OFV: 44965.0	/ CPU: 31.075 seconds 	/ department sequence: [28, 4, 14, 20, 29, 8, 19, 30, 16, 27, 25, 11, 3, 7, 21, 9, 10, 13, 23, 22, 1, 18, 15, 17, 6, 24, 12, 26, 5, 2]
-- H30 result
--------------------------------------------
HostNestNum = 30, P_a = 0.25
--------------------------------------------
-- 2020-03-20 12:19 result data
OFV: 44965.0	/ CPU: 21.224 seconds 	/ department sequence: [2, 5, 26, 12, 24, 6, 17, 15, 18, 1, 22, 23, 13, 10, 9, 21, 7, 3, 11, 25, 27, 16, 30, 19, 8, 29, 20, 14, 4, 28]
-- H30 result
--------------------------------------------
HostNestNum = 30, P_a = 0.25
--------------------------------------------
-- 2020-03-20 12:23 result data
OFV: 45003.0	/ CPU: 16.306 seconds 	/ department sequence: [28, 4, 14, 20, 29, 8, 19, 30, 16, 27, 25, 11, 3, 7, 21, 9, 10, 13, 23, 22, 1, 18, 15, 17, 6, 5, 2, 26, 24, 12]
-- H30 result
--------------------------------------------
HostNestNum = 30, P_a = 0.25
--------------------------------------------
-- 2020-03-20 12:23 result data
OFV: 44965.0	/ CPU: 16.798 seconds 	/ department sequence: [2, 5, 26, 12, 24, 6, 17, 15, 18, 1, 22, 23, 13, 10, 9, 21, 7, 3, 11, 25, 27, 16, 30, 19, 8, 29, 20, 14, 4, 28]
-- H30 result
--------------------------------------------
HostNestNum = 30, P_a = 0.25
--------------------------------------------
-- 2020-03-20 12:23 result data
OFV: 44965.0	/ CPU: 17.040 seconds 	/ department sequence: [2, 5, 26, 12, 24, 6, 17, 15, 18, 1, 22, 23, 13, 10, 9, 21, 7, 3, 11, 25, 27, 16, 30, 19, 8, 29, 20, 14, 4, 28]
-- H30 result
--------------------------------------------
HostNestNum = 30, P_a = 0.25
--------------------------------------------
-- 2020-03-20 12:24 result data
OFV: 44965.0	/ CPU: 20.250 seconds 	/ department sequence: [28, 4, 14, 20, 29, 8, 19, 30, 16, 27, 25, 11, 3, 7, 21, 9, 10, 13, 23, 22, 1, 18, 15, 17, 6, 24, 12, 26, 5, 2]
-- H30 result
--------------------------------------------
HostNestNum = 30, P_a = 0.25
--------------------------------------------
-- 2020-03-20 12:24 result data
OFV: 45003.0	/ CPU: 19.922 seconds 	/ department sequence: [12, 24, 26, 2, 5, 6, 17, 15, 18, 1, 22, 23, 13, 10, 9, 21, 7, 3, 11, 25, 27, 16, 30, 19, 8, 29, 20, 14, 4, 28]
-- H30 result
--------------------------------------------
HostNestNum = 30, P_a = 0.25
--------------------------------------------
-- 2020-03-20 12:28 result data
OFV: 44965.0	/ CPU: 15.731 seconds 	/ department sequence: [28, 4, 14, 20, 29, 8, 19, 30, 16, 27, 25, 11, 3, 7, 21, 9, 10, 13, 23, 22, 1, 18, 15, 17, 6, 24, 12, 26, 5, 2]
-- H30 result
--------------------------------------------
HostNestNum = 30, P_a = 0.25
--------------------------------------------
-- 2020-03-20 12:28 result data
OFV: 45133.0	/ CPU: 17.900 seconds 	/ department sequence: [28, 4, 14, 20, 29, 2, 5, 21, 16, 30, 27, 3, 19, 8, 25, 11, 7, 23, 9, 13, 10, 22, 1, 18, 6, 15, 17, 26, 24, 12]
-- H30 result
--------------------------------------------
HostNestNum = 30, P_a = 0.25
--------------------------------------------
-- 2020-03-20 12:28 result data
OFV: 44985.0	/ CPU: 20.407 seconds 	/ department sequence: [28, 4, 14, 20, 29, 16, 30, 27, 19, 8, 25, 11, 3, 7, 21, 9, 10, 13, 23, 22, 1, 18, 15, 17, 6, 24, 12, 26, 5, 2]
-- H30 result
--------------------------------------------
HostNestNum = 30, P_a = 0.25
--------------------------------------------
-- 2020-03-20 12:29 result data
OFV: 45003.0	/ CPU: 16.940 seconds 	/ department sequence: [28, 4, 14, 20, 29, 8, 19, 30, 16, 27, 25, 11, 3, 7, 21, 9, 10, 13, 23, 22, 1, 18, 15, 17, 6, 5, 2, 26, 24, 12]
-- H30 result
--------------------------------------------
HostNestNum = 30, P_a = 0.25
--------------------------------------------
-- 2020-03-20 12:29 result data
OFV: 44985.0	/ CPU: 15.305 seconds 	/ department sequence: [2, 5, 26, 12, 24, 6, 17, 15, 18, 1, 22, 23, 13, 10, 9, 21, 7, 3, 11, 25, 8, 19, 27, 30, 16, 29, 20, 14, 4, 28]
-- H30 result
--------------------------------------------
HostNestNum = 30, P_a = 0.25
--------------------------------------------
-- 2020-03-20 12:54 result data
OFV: 44986.0	/ CPU: 22.665 seconds 	/ department sequence: [28, 4, 14, 20, 29, 8, 19, 30, 16, 27, 25, 11, 3, 7, 21, 9, 10, 13, 23, 17, 15, 1, 22, 18, 6, 24, 12, 26, 5, 2]
-- H30 result
--------------------------------------------
HostNestNum = 30, P_a = 0.25
--------------------------------------------
-- 2020-03-20 12:54 result data
OFV: 44965.0	/ CPU: 22.602 seconds 	/ department sequence: [2, 5, 26, 12, 24, 6, 17, 15, 18, 1, 22, 23, 13, 10, 9, 21, 7, 3, 11, 25, 27, 16, 30, 19, 8, 29, 20, 14, 4, 28]
-- H30 result
--------------------------------------------
HostNestNum = 30, P_a = 0.25
--------------------------------------------
-- 2020-03-20 12:54 result data
OFV: 45014.0	/ CPU: 25.647 seconds 	/ department sequence: [12, 24, 26, 2, 5, 6, 18, 17, 1, 15, 22, 23, 13, 10, 9, 21, 7, 3, 11, 25, 27, 16, 30, 19, 8, 29, 20, 14, 4, 28]
-- H30 result
--------------------------------------------
HostNestNum = 30, P_a = 0.25
--------------------------------------------
-- 2020-03-20 12:55 result data
OFV: 45003.0	/ CPU: 17.737 seconds 	/ department sequence: [28, 4, 14, 20, 29, 8, 19, 30, 16, 27, 25, 11, 3, 7, 21, 9, 10, 13, 23, 22, 1, 18, 15, 17, 6, 5, 2, 26, 24, 12]
-- H30 result
--------------------------------------------
HostNestNum = 30, P_a = 0.25
--------------------------------------------
-- 2020-03-20 12:55 result data
OFV: 45640.0	/ CPU: 18.289 seconds 	/ department sequence: [2, 5, 26, 12, 24, 6, 17, 29, 13, 10, 9, 21, 1, 7, 19, 25, 22, 23, 11, 3, 18, 30, 16, 27, 15, 8, 20, 14, 4, 28]
