-- H_30 result
--------------------------------------------
HostNestNum = 30, P_a = 0.4
--------------------------------------------
-- 2019-01-22 22:11 result data
OFV: 45575.0	/ CPU: 94.908 seconds 	/ department sequence: [2, 5, 4, 29, 14, 20, 27, 30, 16, 18, 3, 21, 19, 23, 9, 11, 7, 13, 10, 8, 25, 22, 1, 17, 15, 26, 24, 6, 12, 28]
-- H_30 result
--------------------------------------------
HostNestNum = 30, P_a = 0.4
--------------------------------------------
-- 2019-01-29 15:49 result data
OFV: 47565.0	/ CPU: 2.111 seconds 	/ department sequence: [2, 5, 12, 24, 6, 18, 1, 22, 15, 14, 27, 20, 3, 21, 13, 30, 23, 11, 7, 9, 10, 16, 29, 19, 25, 8, 17, 26, 4, 28]
OFV: 45868.0	/ CPU: 2.906 seconds 	/ department sequence: [4, 14, 18, 20, 27, 15, 16, 30, 8, 3, 23, 11, 22, 19, 7, 1, 25, 21, 10, 9, 13, 29, 17, 24, 26, 12, 6, 5, 2, 28]
OFV: 45700.0	/ CPU: 2.750 seconds 	/ department sequence: [2, 5, 12, 24, 26, 6, 17, 29, 13, 10, 9, 21, 1, 7, 19, 25, 22, 23, 11, 30, 3, 16, 15, 27, 8, 18, 20, 14, 4, 28]
OFV: 45587.0	/ CPU: 2.890 seconds 	/ department sequence: [2, 5, 4, 29, 14, 20, 27, 30, 16, 18, 3, 21, 19, 23, 9, 11, 7, 13, 10, 25, 8, 22, 1, 17, 15, 26, 24, 6, 12, 28]
OFV: 45575.0	/ CPU: 2.425 seconds 	/ department sequence: [2, 5, 4, 29, 14, 20, 27, 30, 16, 18, 3, 21, 19, 23, 9, 11, 7, 13, 10, 8, 25, 22, 1, 17, 15, 26, 24, 6, 12, 28]
OFV: 46790.0	/ CPU: 2.515 seconds 	/ department sequence: [2, 5, 26, 12, 24, 6, 17, 15, 18, 1, 22, 23, 14, 20, 27, 10, 3, 11, 30, 13, 21, 7, 9, 29, 19, 25, 16, 8, 4, 28]
OFV: 45212.0	/ CPU: 4.406 seconds 	/ department sequence: [28, 2, 5, 4, 29, 14, 20, 21, 19, 30, 27, 3, 16, 8, 25, 11, 7, 23, 9, 13, 10, 17, 15, 1, 22, 6, 18, 26, 24, 12]
OFV: 45505.0	/ CPU: 2.391 seconds 	/ department sequence: [2, 5, 4, 29, 14, 20, 27, 30, 16, 3, 21, 9, 13, 10, 19, 7, 11, 23, 25, 8, 17, 15, 1, 22, 18, 26, 24, 6, 12, 28]
OFV: 46375.0	/ CPU: 2.703 seconds 	/ department sequence: [12, 24, 26, 17, 9, 10, 1, 8, 7, 19, 25, 23, 11, 22, 18, 3, 15, 27, 30, 16, 13, 21, 6, 20, 14, 29, 4, 5, 2, 28]
OFV: 45192.0	/ CPU: 2.688 seconds 	/ department sequence: [12, 24, 26, 18, 6, 22, 1, 15, 17, 23, 8, 25, 11, 7, 10, 13, 9, 19, 3, 21, 16, 30, 27, 20, 14, 29, 4, 5, 2, 28]
-- H_30 result
--------------------------------------------
HostNestNum = 30, P_a = 0.4
--------------------------------------------
-- 2019-01-29 17:11 result data
OFV: 47225.0	/ CPU: 33.566 seconds 	/ department sequence: [12, 14, 4, 18, 6, 15, 22, 27, 16, 30, 23, 11, 3, 8, 7, 1, 19, 25, 13, 10, 9, 21, 20, 29, 17, 24, 26, 5, 2, 28]
OFV: 45188.0	/ CPU: 20.103 seconds 	/ department sequence: [12, 24, 26, 17, 15, 6, 18, 1, 22, 23, 8, 25, 11, 7, 10, 13, 9, 19, 3, 21, 27, 30, 16, 20, 14, 29, 4, 5, 2, 28]
OFV: 45178.0	/ CPU: 38.692 seconds 	/ department sequence: [12, 24, 26, 17, 15, 6, 18, 1, 22, 8, 23, 25, 11, 7, 10, 13, 9, 19, 3, 21, 16, 30, 27, 20, 14, 29, 4, 5, 2, 28]
OFV: 47049.0	/ CPU: 18.075 seconds 	/ department sequence: [12, 24, 26, 2, 5, 14, 20, 29, 17, 9, 10, 13, 21, 1, 7, 19, 3, 23, 25, 11, 30, 27, 16, 8, 15, 22, 6, 18, 4, 28]
OFV: 47367.0	/ CPU: 20.893 seconds 	/ department sequence: [28, 2, 5, 6, 12, 14, 20, 29, 26, 24, 13, 21, 9, 10, 16, 27, 30, 3, 7, 11, 25, 1, 19, 23, 22, 15, 17, 8, 18, 4]
OFV: 45467.0	/ CPU: 28.888 seconds 	/ department sequence: [2, 5, 4, 29, 14, 20, 27, 30, 16, 3, 21, 19, 9, 13, 10, 7, 11, 8, 23, 25, 17, 15, 1, 22, 18, 26, 24, 6, 12, 28]
OFV: 44985.0	/ CPU: 37.706 seconds 	/ department sequence: [2, 5, 26, 12, 24, 6, 17, 15, 18, 1, 22, 23, 13, 10, 9, 21, 7, 3, 11, 25, 8, 19, 27, 30, 16, 29, 20, 14, 4, 28]
OFV: 45139.0	/ CPU: 18.548 seconds 	/ department sequence: [28, 4, 14, 20, 29, 2, 5, 27, 30, 16, 21, 3, 19, 8, 25, 11, 7, 13, 9, 10, 23, 18, 1, 22, 6, 15, 17, 26, 24, 12]
OFV: 45214.0	/ CPU: 18.232 seconds 	/ department sequence: [28, 2, 5, 4, 29, 14, 20, 21, 16, 30, 27, 3, 19, 9, 13, 10, 7, 11, 25, 8, 23, 17, 15, 1, 22, 6, 18, 26, 24, 12]
OFV: 45832.0	/ CPU: 20.456 seconds 	/ department sequence: [28, 12, 6, 24, 26, 15, 17, 1, 22, 25, 8, 10, 13, 7, 11, 9, 23, 19, 30, 16, 21, 3, 27, 18, 20, 5, 29, 2, 14, 4]
