-- H_30 result
--------------------------------------------
HostNestNum = 20, P_a = 0.4
--------------------------------------------
-- 2019-01-09 15:03 result data
OFV: 47430.0	/ CPU: 43.819 seconds 	/ department sequence: [28, 12, 24, 14, 20, 26, 6, 5, 2, 15, 17, 29, 13, 21, 10, 9, 25, 1, 7, 23, 11, 3, 16, 30, 27, 19, 8, 22, 18, 4]
OFV: 45661.0	/ CPU: 26.231 seconds 	/ department sequence: [28, 4, 14, 20, 18, 8, 27, 15, 16, 30, 3, 11, 23, 22, 25, 19, 7, 1, 21, 9, 10, 13, 29, 17, 6, 24, 12, 26, 5, 2]
OFV: 44965.0	/ CPU: 51.860 seconds 	/ department sequence: [2, 5, 26, 12, 24, 6, 17, 15, 18, 1, 22, 23, 13, 10, 9, 21, 7, 3, 11, 25, 27, 16, 30, 19, 8, 29, 20, 14, 4, 28]
OFV: 45296.0	/ CPU: 28.432 seconds 	/ department sequence: [12, 24, 26, 17, 15, 6, 18, 1, 22, 23, 8, 25, 11, 7, 10, 13, 19, 27, 30, 16, 3, 9, 21, 20, 14, 29, 4, 5, 2, 28]
OFV: 45002.0	/ CPU: 27.103 seconds 	/ department sequence: [28, 4, 14, 20, 29, 8, 19, 25, 16, 30, 27, 11, 7, 3, 21, 9, 10, 13, 23, 22, 15, 1, 17, 18, 6, 24, 12, 26, 5, 2]
OFV: 45611.0	/ CPU: 23.510 seconds 	/ department sequence: [2, 5, 4, 29, 14, 20, 27, 30, 16, 18, 3, 23, 9, 21, 19, 11, 7, 13, 10, 8, 25, 22, 1, 17, 15, 26, 24, 6, 12, 28]
OFV: 45926.0	/ CPU: 29.449 seconds 	/ department sequence: [2, 5, 26, 4, 29, 14, 20, 9, 21, 3, 27, 30, 16, 10, 13, 11, 7, 19, 23, 25, 8, 17, 1, 22, 15, 18, 24, 6, 12, 28]
OFV: 46076.0	/ CPU: 20.641 seconds 	/ department sequence: [4, 14, 18, 20, 27, 15, 8, 22, 3, 23, 11, 30, 16, 19, 7, 1, 25, 21, 10, 9, 13, 29, 17, 24, 26, 12, 6, 5, 2, 28]
OFV: 46353.0	/ CPU: 24.830 seconds 	/ department sequence: [4, 14, 18, 20, 27, 16, 30, 29, 19, 8, 3, 23, 11, 7, 9, 21, 10, 13, 25, 22, 1, 2, 5, 17, 15, 26, 24, 6, 12, 28]
OFV: 44986.0	/ CPU: 21.628 seconds 	/ department sequence: [2, 5, 26, 12, 24, 6, 18, 22, 1, 15, 17, 23, 13, 10, 9, 21, 7, 3, 11, 25, 27, 16, 30, 19, 8, 29, 20, 14, 4, 28]
-- H_30 result
--------------------------------------------
HostNestNum = 20, P_a = 0.4
--------------------------------------------
-- 2019-01-22 22:07 result data
OFV: 47311.0	/ CPU: 45.238 seconds 	/ department sequence: [12, 24, 26, 14, 20, 2, 5, 29, 17, 9, 10, 13, 21, 27, 30, 19, 7, 1, 3, 11, 23, 25, 16, 8, 15, 22, 6, 18, 4, 28]
-- H_30 result
--------------------------------------------
HostNestNum = 20, P_a = 0.4
--------------------------------------------
-- 2019-01-28 13:38 result data
OFV: 45575.0	/ CPU: 2.308 seconds 	/ department sequence: [28, 12, 6, 24, 26, 15, 17, 1, 22, 25, 8, 10, 13, 7, 11, 9, 23, 19, 21, 3, 18, 16, 30, 27, 20, 14, 29, 4, 5, 2]
-- H_30 result
--------------------------------------------
HostNestNum = 20, P_a = 0.4
--------------------------------------------
-- 2019-01-29 15:46 result data
OFV: 46973.0	/ CPU: 2.828 seconds 	/ department sequence: [28, 4, 14, 20, 12, 6, 15, 18, 22, 27, 16, 30, 11, 23, 3, 21, 13, 25, 7, 1, 8, 19, 10, 9, 29, 17, 24, 26, 5, 2]
OFV: 45668.0	/ CPU: 2.110 seconds 	/ department sequence: [12, 24, 26, 17, 18, 1, 22, 23, 8, 19, 25, 7, 11, 10, 3, 9, 21, 13, 30, 27, 16, 15, 6, 20, 14, 29, 4, 5, 2, 28]
OFV: 46990.0	/ CPU: 1.781 seconds 	/ department sequence: [2, 5, 26, 24, 17, 18, 29, 23, 9, 10, 1, 19, 21, 13, 7, 3, 25, 11, 22, 8, 30, 27, 16, 15, 20, 4, 14, 6, 12, 28]
OFV: 45467.0	/ CPU: 1.502 seconds 	/ department sequence: [28, 12, 6, 24, 26, 18, 22, 1, 15, 17, 25, 23, 8, 11, 7, 10, 13, 9, 19, 21, 3, 16, 30, 27, 20, 14, 29, 4, 5, 2]
OFV: 45978.0	/ CPU: 2.906 seconds 	/ department sequence: [28, 2, 5, 6, 12, 26, 24, 9, 13, 21, 10, 17, 25, 1, 7, 22, 11, 23, 3, 8, 19, 29, 30, 16, 15, 27, 20, 18, 14, 4]
OFV: 45003.0	/ CPU: 3.032 seconds 	/ department sequence: [28, 4, 14, 20, 29, 8, 19, 30, 16, 27, 25, 11, 3, 7, 21, 9, 10, 13, 23, 22, 1, 18, 15, 17, 6, 5, 2, 26, 24, 12]
OFV: 47530.0	/ CPU: 4.343 seconds 	/ department sequence: [2, 5, 12, 6, 18, 14, 22, 15, 4, 23, 3, 27, 11, 30, 16, 13, 21, 7, 1, 9, 10, 29, 19, 25, 8, 20, 17, 24, 26, 28]
OFV: 44986.0	/ CPU: 1.297 seconds 	/ department sequence: [28, 4, 14, 20, 29, 8, 19, 25, 16, 30, 27, 11, 3, 7, 21, 9, 10, 13, 23, 22, 1, 18, 15, 17, 6, 24, 12, 26, 5, 2]
OFV: 45609.0	/ CPU: 3.031 seconds 	/ department sequence: [12, 24, 26, 17, 18, 15, 1, 22, 23, 8, 19, 25, 7, 11, 10, 9, 3, 27, 30, 16, 13, 21, 6, 20, 14, 29, 4, 5, 2, 28]
OFV: 47222.0	/ CPU: 2.387 seconds 	/ department sequence: [28, 4, 8, 16, 25, 19, 30, 27, 11, 7, 3, 22, 1, 18, 23, 21, 9, 10, 13, 17, 15, 29, 20, 14, 6, 26, 24, 12, 5, 2]
-- H_30 result
--------------------------------------------
HostNestNum = 20, P_a = 0.4
--------------------------------------------
-- 2019-01-29 16:47 result data
OFV: 45868.0	/ CPU: 18.329 seconds 	/ department sequence: [4, 14, 18, 20, 27, 15, 16, 30, 8, 3, 23, 11, 22, 19, 7, 1, 25, 21, 10, 9, 13, 29, 17, 24, 26, 12, 6, 5, 2, 28]
OFV: 45003.0	/ CPU: 16.916 seconds 	/ department sequence: [12, 24, 26, 2, 5, 6, 17, 15, 18, 1, 22, 23, 13, 10, 9, 21, 7, 3, 11, 25, 27, 16, 30, 19, 8, 29, 20, 14, 4, 28]
OFV: 45177.0	/ CPU: 20.567 seconds 	/ department sequence: [12, 24, 26, 18, 6, 22, 1, 15, 17, 23, 8, 25, 11, 7, 10, 13, 9, 19, 3, 21, 16, 30, 27, 5, 2, 29, 20, 14, 4, 28]
OFV: 45904.0	/ CPU: 25.441 seconds 	/ department sequence: [4, 14, 18, 20, 27, 15, 16, 30, 22, 3, 11, 23, 8, 19, 7, 1, 25, 21, 10, 9, 13, 29, 17, 24, 26, 12, 6, 5, 2, 28]
OFV: 45151.0	/ CPU: 18.712 seconds 	/ department sequence: [12, 24, 26, 17, 15, 6, 18, 1, 22, 23, 8, 25, 11, 7, 10, 13, 9, 19, 3, 21, 16, 30, 27, 5, 2, 29, 20, 14, 4, 28]
OFV: 45708.0	/ CPU: 19.723 seconds 	/ department sequence: [12, 24, 26, 2, 5, 6, 17, 15, 29, 13, 10, 9, 1, 22, 21, 7, 11, 23, 25, 3, 19, 30, 16, 27, 8, 18, 20, 14, 4, 28]
OFV: 45653.0	/ CPU: 26.020 seconds 	/ department sequence: [2, 5, 4, 29, 14, 20, 27, 30, 16, 18, 3, 21, 19, 23, 9, 11, 7, 13, 10, 22, 25, 1, 8, 17, 15, 26, 24, 6, 12, 28]
OFV: 45886.0	/ CPU: 17.507 seconds 	/ department sequence: [28, 2, 5, 6, 12, 26, 24, 9, 13, 21, 10, 29, 17, 25, 1, 7, 19, 22, 23, 11, 3, 8, 30, 16, 15, 27, 20, 18, 14, 4]
OFV: 45166.0	/ CPU: 21.035 seconds 	/ department sequence: [12, 24, 26, 17, 15, 6, 18, 1, 22, 23, 8, 25, 11, 7, 10, 13, 9, 19, 3, 21, 16, 30, 27, 20, 14, 29, 4, 5, 2, 28]
OFV: 45886.0	/ CPU: 17.785 seconds 	/ department sequence: [4, 14, 18, 20, 27, 15, 16, 30, 8, 3, 23, 11, 22, 19, 7, 1, 25, 17, 29, 10, 21, 13, 9, 24, 26, 12, 6, 5, 2, 28]
-- H_30 result
--------------------------------------------
HostNestNum = 20, P_a = 0.4
--------------------------------------------
-- 2019-01-29 17:53 result data
OFV: 45678.0	/ CPU: 12.627 seconds 	/ department sequence: [28, 4, 14, 20, 8, 15, 27, 16, 30, 18, 3, 11, 23, 22, 25, 19, 7, 1, 21, 9, 10, 13, 29, 17, 6, 5, 2, 26, 24, 12]
OFV: 45192.0	/ CPU: 15.049 seconds 	/ department sequence: [28, 2, 5, 4, 29, 14, 20, 27, 30, 16, 21, 3, 19, 9, 13, 10, 7, 11, 25, 8, 23, 17, 15, 1, 22, 6, 18, 26, 24, 12]
OFV: 45670.0	/ CPU: 14.082 seconds 	/ department sequence: [28, 4, 14, 20, 18, 8, 27, 16, 30, 19, 3, 25, 23, 11, 7, 21, 22, 1, 9, 10, 13, 29, 15, 17, 6, 24, 12, 26, 5, 2]
OFV: 45120.0	/ CPU: 15.315 seconds 	/ department sequence: [28, 4, 14, 20, 29, 2, 5, 27, 30, 16, 21, 3, 19, 8, 25, 11, 7, 23, 13, 9, 10, 22, 1, 18, 6, 15, 17, 26, 24, 12]
OFV: 47693.0	/ CPU: 15.439 seconds 	/ department sequence: [28, 12, 6, 14, 24, 20, 15, 4, 16, 25, 13, 21, 9, 7, 10, 27, 30, 11, 3, 1, 22, 8, 19, 23, 18, 29, 17, 26, 5, 2]
OFV: 45156.0	/ CPU: 17.801 seconds 	/ department sequence: [12, 24, 26, 18, 6, 22, 1, 15, 17, 23, 10, 9, 13, 7, 11, 25, 8, 19, 3, 21, 16, 30, 27, 20, 14, 29, 4, 5, 2, 28]
OFV: 45886.0	/ CPU: 16.197 seconds 	/ department sequence: [4, 14, 18, 20, 27, 15, 16, 30, 8, 3, 11, 23, 22, 19, 7, 1, 25, 17, 29, 10, 21, 13, 9, 24, 26, 12, 6, 5, 2, 28]
OFV: 45151.0	/ CPU: 11.080 seconds 	/ department sequence: [12, 24, 26, 17, 15, 6, 18, 1, 22, 23, 8, 25, 11, 7, 10, 13, 9, 19, 3, 21, 16, 30, 27, 5, 2, 29, 20, 14, 4, 28]
OFV: 44965.0	/ CPU: 2.533 seconds 	/ department sequence: [2, 5, 26, 12, 24, 6, 17, 15, 18, 1, 22, 23, 13, 10, 9, 21, 7, 3, 11, 25, 27, 16, 30, 19, 8, 29, 20, 14, 4, 28]
OFV: 45575.0	/ CPU: 12.954 seconds 	/ department sequence: [28, 12, 6, 24, 26, 15, 17, 1, 22, 25, 8, 10, 13, 7, 11, 9, 23, 19, 21, 3, 18, 16, 30, 27, 20, 14, 29, 4, 5, 2]
