-- H30 result
--------------------------------------------
HostNestNum = 10, P_a = 0.2
--------------------------------------------
-- 2020-03-18 18:49 result data
OFV: 45133.0	/ CPU: 139.998 seconds 	/ department sequence: [2, 5, 26, 12, 24, 6, 17, 18, 1, 15, 22, 23, 13, 10, 25, 11, 7, 9, 21, 3, 27, 16, 30, 19, 8, 29, 20, 14, 4, 28]
OFV: 44986.0	/ CPU: 105.063 seconds 	/ department sequence: [2, 26, 5, 12, 24, 6, 17, 15, 18, 1, 22, 23, 13, 10, 9, 21, 7, 3, 11, 25, 27, 16, 30, 19, 8, 29, 20, 14, 4, 28]
OFV: 45024.0	/ CPU: 167.448 seconds 	/ department sequence: [12, 24, 26, 2, 5, 6, 18, 22, 1, 15, 17, 23, 13, 10, 9, 21, 7, 3, 11, 25, 27, 16, 30, 19, 8, 29, 20, 14, 4, 28]
OFV: 44976.0	/ CPU: 161.429 seconds 	/ department sequence: [2, 5, 26, 12, 24, 6, 18, 17, 1, 15, 22, 23, 13, 10, 9, 21, 3, 7, 11, 25, 27, 16, 30, 19, 8, 29, 20, 14, 4, 28]
OFV: 45212.0	/ CPU: 140.021 seconds 	/ department sequence: [12, 24, 26, 17, 15, 6, 22, 1, 18, 23, 8, 25, 11, 7, 10, 13, 9, 19, 3, 21, 27, 30, 16, 20, 14, 29, 4, 5, 2, 28]
OFV: 45783.0	/ CPU: 137.735 seconds 	/ department sequence: [2, 5, 26, 12, 24, 6, 9, 13, 17, 10, 29, 21, 1, 7, 19, 25, 22, 23, 11, 3, 18, 30, 16, 27, 15, 8, 20, 14, 4, 28]
OFV: 45400.0	/ CPU: 162.094 seconds 	/ department sequence: [2, 5, 12, 24, 26, 6, 18, 22, 1, 13, 21, 10, 9, 7, 3, 23, 11, 17, 25, 19, 29, 30, 16, 27, 15, 8, 20, 14, 4, 28]
OFV: 45231.0	/ CPU: 177.826 seconds 	/ department sequence: [28, 4, 2, 5, 29, 14, 20, 21, 19, 30, 27, 3, 16, 8, 25, 7, 11, 23, 9, 13, 10, 22, 1, 18, 6, 15, 17, 26, 24, 12]
-- H30 result
--------------------------------------------
HostNestNum = 10, P_a = 0.2
--------------------------------------------
-- 2020-03-18 19:10 result data
-- H30 result
--------------------------------------------
HostNestNum = 10, P_a = 0.2
--------------------------------------------
-- 2020-03-18 19:16 result data
OFV: 45769.0	/ CPU: 128.472 seconds 	/ department sequence: [2, 5, 26, 12, 24, 6, 9, 13, 29, 10, 17, 21, 1, 7, 19, 25, 22, 23, 11, 3, 18, 30, 16, 27, 15, 8, 20, 14, 4, 28]
-- H30 result
--------------------------------------------
HostNestNum = 10, P_a = 0.2
--------------------------------------------
-- 2020-03-18 19:20 result data
OFV: 45157.0	/ CPU: 125.047 seconds 	/ department sequence: [12, 24, 26, 17, 15, 6, 18, 1, 22, 10, 9, 13, 23, 7, 11, 25, 8, 19, 3, 21, 27, 30, 16, 20, 14, 29, 4, 5, 2, 28]
OFV: 45347.0	/ CPU: 161.137 seconds 	/ department sequence: [2, 5, 26, 12, 24, 6, 18, 22, 1, 13, 21, 10, 9, 3, 7, 23, 11, 17, 25, 15, 8, 19, 27, 30, 16, 29, 20, 14, 4, 28]
