-- H_30 result
--------------------------------------------
HostNestNum = 15, P_a = 0.1
--------------------------------------------
-- 2019-01-09 14:34 result data
OFV: 44965.0	/ CPU: 9.060 seconds 	/ department sequence: [2, 5, 26, 12, 24, 6, 17, 15, 18, 1, 22, 23, 13, 10, 9, 21, 7, 3, 11, 25, 27, 16, 30, 19, 8, 29, 20, 14, 4, 28]
OFV: 46329.0	/ CPU: 8.643 seconds 	/ department sequence: [28, 2, 5, 4, 29, 14, 20, 6, 15, 16, 27, 30, 13, 21, 3, 18, 22, 11, 23, 25, 19, 7, 9, 10, 1, 8, 17, 26, 24, 12]
OFV: 45575.0	/ CPU: 8.939 seconds 	/ department sequence: [28, 12, 6, 24, 26, 15, 17, 1, 22, 25, 8, 10, 13, 7, 11, 9, 23, 19, 21, 3, 18, 16, 30, 27, 20, 14, 29, 4, 5, 2]
OFV: 45192.0	/ CPU: 15.067 seconds 	/ department sequence: [12, 24, 26, 18, 6, 22, 1, 15, 17, 23, 8, 25, 11, 7, 10, 13, 9, 19, 3, 21, 16, 30, 27, 20, 14, 29, 4, 5, 2, 28]
OFV: 44965.0	/ CPU: 10.397 seconds 	/ department sequence: [28, 4, 14, 20, 29, 8, 19, 30, 16, 27, 25, 11, 3, 7, 21, 9, 10, 13, 23, 22, 1, 18, 15, 17, 6, 24, 12, 26, 5, 2]
OFV: 46139.0	/ CPU: 13.301 seconds 	/ department sequence: [12, 24, 26, 14, 20, 18, 17, 15, 1, 22, 23, 8, 27, 10, 3, 11, 7, 25, 19, 30, 9, 13, 21, 16, 29, 4, 6, 5, 2, 28]
OFV: 45126.0	/ CPU: 10.565 seconds 	/ department sequence: [12, 24, 26, 17, 15, 6, 18, 1, 22, 10, 13, 9, 23, 7, 11, 25, 8, 19, 3, 21, 16, 30, 27, 20, 14, 29, 4, 5, 2, 28]
OFV: 44965.0	/ CPU: 7.681 seconds 	/ department sequence: [28, 4, 14, 20, 29, 8, 19, 30, 16, 27, 25, 11, 3, 7, 21, 9, 10, 13, 23, 22, 1, 18, 15, 17, 6, 24, 12, 26, 5, 2]
OFV: 45152.0	/ CPU: 8.892 seconds 	/ department sequence: [12, 24, 26, 17, 15, 6, 18, 1, 22, 5, 23, 10, 9, 13, 7, 11, 25, 3, 21, 8, 19, 27, 30, 16, 2, 29, 20, 14, 4, 28]
OFV: 45003.0	/ CPU: 10.011 seconds 	/ department sequence: [12, 24, 26, 2, 5, 6, 17, 15, 18, 1, 22, 23, 13, 10, 9, 21, 7, 3, 11, 25, 27, 16, 30, 19, 8, 29, 20, 14, 4, 28]
-- H_30 result
--------------------------------------------
HostNestNum = 15, P_a = 0.1
--------------------------------------------
-- 2019-01-22 22:03 result data
OFV: 45886.0	/ CPU: 13.664 seconds 	/ department sequence: [4, 14, 18, 20, 27, 15, 16, 30, 8, 3, 11, 23, 22, 19, 7, 1, 25, 17, 29, 10, 21, 13, 9, 24, 26, 12, 6, 5, 2, 28]
-- H_30 result
--------------------------------------------
HostNestNum = 15, P_a = 0.1
--------------------------------------------
-- 2019-01-24 02:59 result data
-- H_30 result
--------------------------------------------
HostNestNum = 15, P_a = 0.1
--------------------------------------------
-- 2019-01-24 03:02 result data
-- H_30 result
--------------------------------------------
HostNestNum = 15, P_a = 0.1
--------------------------------------------
-- 2019-01-24 03:12 result data
-- H_30 result
--------------------------------------------
HostNestNum = 15, P_a = 0.1
--------------------------------------------
-- 2019-01-24 10:00 result data
-- H_30 result
--------------------------------------------
HostNestNum = 15, P_a = 0.1
--------------------------------------------
-- 2019-01-24 10:17 result data
-- H_30 result
--------------------------------------------
HostNestNum = 15, P_a = 0.1
--------------------------------------------
-- 2019-01-24 11:15 result data
-- H_30 result
--------------------------------------------
HostNestNum = 15, P_a = 0.1
--------------------------------------------
-- 2019-01-24 11:19 result data
-- H_30 result
--------------------------------------------
HostNestNum = 15, P_a = 0.1
--------------------------------------------
-- 2019-01-24 11:21 result data
-- H_30 result
--------------------------------------------
HostNestNum = 15, P_a = 0.1
--------------------------------------------
-- 2019-01-24 11:23 result data
-- H_30 result
--------------------------------------------
HostNestNum = 15, P_a = 0.1
--------------------------------------------
-- 2019-01-24 11:24 result data
-- H_30 result
--------------------------------------------
HostNestNum = 15, P_a = 0.1
--------------------------------------------
-- 2019-01-24 11:44 result data
-- H_30 result
--------------------------------------------
HostNestNum = 15, P_a = 0.1
--------------------------------------------
-- 2019-01-24 11:45 result data
-- H_30 result
--------------------------------------------
HostNestNum = 15, P_a = 0.1
--------------------------------------------
-- 2019-01-24 11:47 result data
-- H_30 result
--------------------------------------------
HostNestNum = 15, P_a = 0.1
--------------------------------------------
-- 2019-01-24 11:50 result data
-- H_30 result
--------------------------------------------
HostNestNum = 15, P_a = 0.1
--------------------------------------------
-- 2019-01-24 11:52 result data
-- H_30 result
--------------------------------------------
HostNestNum = 15, P_a = 0.1
--------------------------------------------
-- 2019-01-24 12:05 result data
-- H_30 result
--------------------------------------------
HostNestNum = 15, P_a = 0.1
--------------------------------------------
-- 2019-01-24 12:06 result data
-- H_30 result
--------------------------------------------
HostNestNum = 15, P_a = 0.1
--------------------------------------------
-- 2019-01-24 17:57 result data
-- H_30 result
--------------------------------------------
HostNestNum = 15, P_a = 0.1
--------------------------------------------
-- 2019-01-24 19:15 result data
-- H_30 result
--------------------------------------------
HostNestNum = 15, P_a = 0.1
--------------------------------------------
-- 2019-01-24 19:19 result data
-- H_30 result
--------------------------------------------
HostNestNum = 15, P_a = 0.1
--------------------------------------------
-- 2019-01-25 12:52 result data
-- H_30 result
--------------------------------------------
HostNestNum = 15, P_a = 0.1
--------------------------------------------
-- 2019-01-25 12:58 result data
OFV: 44989.0	/ CPU: 59.044 seconds 	/ department sequence: [28, 4, 14, 20, 29, 8, 19, 30, 16, 27, 25, 11, 3, 7, 21, 9, 10, 13, 23, 17, 15, 22, 1, 18, 6, 24, 12, 26, 5, 2]
-- H_30 result
--------------------------------------------
HostNestNum = 15, P_a = 0.1
--------------------------------------------
-- 2019-01-26 02:10 result data
-- H_30 result
--------------------------------------------
HostNestNum = 15, P_a = 0.1
--------------------------------------------
-- 2019-01-28 13:36 result data
-- H_30 result
--------------------------------------------
HostNestNum = 15, P_a = 0.1
--------------------------------------------
-- 2019-01-28 13:37 result data
-- H_30 result
--------------------------------------------
HostNestNum = 15, P_a = 0.1
--------------------------------------------
-- 2019-01-28 13:37 result data
OFV: 47062.0	/ CPU: 6.965 seconds 	/ department sequence: [2, 5, 26, 12, 24, 14, 20, 29, 17, 9, 10, 13, 21, 23, 1, 7, 3, 19, 25, 11, 30, 27, 16, 8, 15, 22, 6, 18, 4, 28]
-- H_30 result
--------------------------------------------
HostNestNum = 15, P_a = 0.1
--------------------------------------------
-- 2019-01-29 15:40 result data
OFV: 44965.0	/ CPU: 3.603 seconds 	/ department sequence: [2, 5, 26, 12, 24, 6, 17, 15, 18, 1, 22, 23, 13, 10, 9, 21, 7, 3, 11, 25, 27, 16, 30, 19, 8, 29, 20, 14, 4, 28]
OFV: 46157.0	/ CPU: 6.260 seconds 	/ department sequence: [28, 2, 5, 6, 4, 29, 16, 21, 13, 9, 30, 19, 25, 7, 11, 3, 8, 10, 27, 23, 22, 1, 15, 17, 18, 20, 14, 26, 24, 12]
OFV: 47598.0	/ CPU: 2.292 seconds 	/ department sequence: [28, 12, 24, 14, 20, 26, 17, 8, 25, 1, 19, 7, 10, 9, 21, 13, 29, 23, 11, 3, 30, 16, 27, 4, 15, 22, 6, 18, 5, 2]
OFV: 45712.0	/ CPU: 7.400 seconds 	/ department sequence: [28, 2, 5, 4, 29, 14, 20, 6, 21, 13, 16, 30, 27, 15, 3, 9, 10, 11, 25, 7, 19, 8, 23, 22, 1, 18, 17, 26, 24, 12]
OFV: 45886.0	/ CPU: 5.584 seconds 	/ department sequence: [28, 2, 5, 6, 12, 26, 24, 9, 13, 21, 10, 29, 17, 25, 1, 7, 19, 22, 11, 23, 3, 8, 30, 16, 15, 27, 20, 18, 14, 4]
OFV: 45575.0	/ CPU: 5.438 seconds 	/ department sequence: [28, 12, 6, 24, 26, 15, 17, 1, 22, 25, 8, 10, 13, 7, 11, 9, 23, 19, 21, 3, 18, 16, 30, 27, 20, 14, 29, 4, 5, 2]
OFV: 45415.0	/ CPU: 4.092 seconds 	/ department sequence: [12, 24, 26, 18, 6, 22, 1, 15, 17, 5, 2, 23, 13, 10, 9, 21, 7, 3, 11, 25, 27, 16, 30, 19, 8, 29, 20, 14, 4, 28]
OFV: 45532.0	/ CPU: 2.834 seconds 	/ department sequence: [2, 5, 26, 12, 24, 6, 18, 17, 23, 13, 9, 10, 1, 22, 21, 7, 3, 11, 25, 19, 29, 30, 16, 27, 15, 8, 20, 14, 4, 28]
OFV: 47097.0	/ CPU: 1.828 seconds 	/ department sequence: [28, 2, 5, 6, 12, 26, 24, 14, 20, 29, 13, 21, 9, 10, 25, 19, 7, 1, 3, 11, 30, 16, 27, 23, 22, 15, 17, 8, 18, 4]
OFV: 44965.0	/ CPU: 5.117 seconds 	/ department sequence: [28, 4, 14, 20, 29, 8, 19, 30, 16, 27, 25, 11, 3, 7, 21, 9, 10, 13, 23, 22, 1, 18, 15, 17, 6, 24, 12, 26, 5, 2]
-- H_30 result
--------------------------------------------
HostNestNum = 15, P_a = 0.1
--------------------------------------------
-- 2019-01-29 16:07 result data
OFV: 45646.0	/ CPU: 17.078 seconds 	/ department sequence: [12, 24, 26, 17, 18, 1, 22, 23, 8, 19, 25, 7, 11, 10, 9, 3, 21, 13, 6, 15, 16, 30, 27, 5, 2, 29, 20, 14, 4, 28]
OFV: 47454.0	/ CPU: 17.897 seconds 	/ department sequence: [28, 2, 5, 6, 18, 4, 22, 15, 21, 3, 16, 27, 30, 11, 23, 13, 25, 8, 7, 1, 19, 10, 9, 29, 17, 20, 14, 26, 24, 12]
OFV: 45594.0	/ CPU: 21.817 seconds 	/ department sequence: [28, 4, 14, 20, 29, 2, 5, 6, 21, 13, 16, 30, 27, 3, 9, 10, 11, 7, 25, 19, 8, 23, 22, 15, 1, 18, 17, 26, 24, 12]
OFV: 45151.0	/ CPU: 17.064 seconds 	/ department sequence: [28, 4, 14, 20, 29, 2, 5, 27, 30, 16, 21, 3, 19, 9, 13, 10, 7, 11, 25, 8, 23, 22, 1, 18, 6, 15, 17, 26, 24, 12]
OFV: 44965.0	/ CPU: 27.693 seconds 	/ department sequence: [28, 4, 14, 20, 29, 8, 19, 30, 16, 27, 25, 11, 3, 7, 21, 9, 10, 13, 23, 22, 1, 18, 15, 17, 6, 24, 12, 26, 5, 2]
OFV: 45148.0	/ CPU: 18.551 seconds 	/ department sequence: [12, 24, 26, 2, 5, 6, 18, 22, 1, 15, 17, 23, 13, 10, 9, 21, 7, 3, 11, 25, 27, 16, 30, 19, 29, 20, 8, 14, 4, 28]
OFV: 45014.0	/ CPU: 29.853 seconds 	/ department sequence: [28, 4, 14, 20, 29, 8, 19, 30, 16, 27, 25, 11, 3, 7, 21, 9, 10, 13, 23, 22, 15, 1, 17, 18, 6, 5, 2, 26, 24, 12]
OFV: 46058.0	/ CPU: 17.067 seconds 	/ department sequence: [4, 14, 18, 20, 27, 15, 16, 30, 8, 19, 3, 22, 11, 23, 7, 1, 25, 17, 29, 10, 21, 13, 9, 24, 26, 5, 2, 6, 12, 28]
OFV: 45708.0	/ CPU: 18.723 seconds 	/ department sequence: [12, 24, 26, 2, 5, 6, 17, 15, 29, 13, 10, 9, 1, 22, 21, 7, 11, 23, 25, 3, 19, 30, 16, 27, 8, 18, 20, 14, 4, 28]
OFV: 44986.0	/ CPU: 19.393 seconds 	/ department sequence: [2, 5, 26, 12, 24, 6, 18, 22, 1, 15, 17, 23, 13, 10, 9, 21, 7, 3, 11, 25, 27, 16, 30, 19, 8, 29, 20, 14, 4, 28]
-- H_30 result
--------------------------------------------
HostNestNum = 15, P_a = 0.1
--------------------------------------------
-- 2019-01-29 17:35 result data
OFV: 45575.0	/ CPU: 7.268 seconds 	/ department sequence: [28, 12, 6, 24, 26, 15, 17, 1, 22, 25, 8, 10, 13, 7, 11, 9, 23, 19, 21, 3, 18, 16, 30, 27, 20, 14, 29, 4, 5, 2]
OFV: 45575.0	/ CPU: 7.235 seconds 	/ department sequence: [2, 5, 4, 29, 14, 20, 27, 30, 16, 18, 3, 21, 19, 23, 9, 11, 7, 13, 10, 8, 25, 22, 1, 17, 15, 26, 24, 6, 12, 28]
OFV: 45152.0	/ CPU: 6.486 seconds 	/ department sequence: [12, 24, 26, 17, 15, 6, 18, 1, 22, 5, 23, 10, 9, 13, 7, 11, 25, 8, 3, 21, 19, 16, 30, 27, 2, 29, 20, 14, 4, 28]
OFV: 47254.0	/ CPU: 6.610 seconds 	/ department sequence: [12, 24, 26, 14, 20, 2, 5, 6, 18, 22, 1, 15, 27, 10, 13, 21, 3, 9, 23, 7, 11, 30, 16, 25, 19, 29, 17, 8, 4, 28]
OFV: 47351.0	/ CPU: 7.594 seconds 	/ department sequence: [4, 18, 8, 17, 15, 22, 23, 27, 16, 30, 11, 3, 1, 7, 19, 25, 10, 9, 21, 13, 29, 2, 5, 6, 26, 20, 14, 24, 12, 28]
OFV: 44965.0	/ CPU: 2.314 seconds 	/ department sequence: [2, 5, 26, 12, 24, 6, 17, 15, 18, 1, 22, 23, 13, 10, 9, 21, 7, 3, 11, 25, 27, 16, 30, 19, 8, 29, 20, 14, 4, 28]
OFV: 45148.0	/ CPU: 6.657 seconds 	/ department sequence: [28, 2, 5, 4, 29, 14, 20, 21, 16, 30, 27, 3, 19, 8, 25, 11, 7, 23, 9, 13, 10, 22, 1, 18, 6, 15, 17, 26, 24, 12]
OFV: 44985.0	/ CPU: 7.484 seconds 	/ department sequence: [2, 5, 26, 12, 24, 6, 17, 15, 18, 1, 22, 23, 13, 10, 9, 21, 7, 3, 11, 25, 8, 19, 27, 30, 16, 29, 20, 14, 4, 28]
OFV: 46679.0	/ CPU: 8.284 seconds 	/ department sequence: [2, 5, 26, 4, 29, 17, 9, 10, 16, 27, 30, 13, 21, 19, 3, 7, 11, 23, 25, 8, 1, 22, 15, 18, 20, 14, 24, 6, 12, 28]
OFV: 45640.0	/ CPU: 12.604 seconds 	/ department sequence: [28, 4, 14, 20, 8, 15, 27, 16, 30, 18, 3, 11, 23, 22, 25, 19, 7, 1, 21, 9, 10, 13, 29, 17, 6, 24, 12, 26, 5, 2]
-- H_30 result
--------------------------------------------
HostNestNum = 15, P_a = 0.1
--------------------------------------------
-- 2019-01-31 20:09 result data
-- H_30 result
--------------------------------------------
HostNestNum = 15, P_a = 0.1
--------------------------------------------
-- 2019-01-31 20:10 result data
OFV: 46076.0	/ CPU: 4.005 seconds 	/ department sequence: [28, 2, 5, 6, 12, 26, 24, 17, 29, 13, 9, 10, 21, 25, 1, 7, 19, 16, 30, 11, 23, 3, 22, 8, 15, 27, 20, 18, 14, 4]
OFV: 46202.0	/ CPU: 6.619 seconds 	/ department sequence: [28, 4, 14, 20, 18, 6, 15, 22, 27, 16, 30, 11, 23, 3, 8, 25, 19, 7, 1, 21, 13, 10, 9, 29, 17, 24, 12, 26, 5, 2]
OFV: 44965.0	/ CPU: 1.789 seconds 	/ department sequence: [2, 5, 26, 12, 24, 6, 17, 15, 18, 1, 22, 23, 13, 10, 9, 21, 7, 3, 11, 25, 27, 16, 30, 19, 8, 29, 20, 14, 4, 28]
OFV: 47359.0	/ CPU: 2.998 seconds 	/ department sequence: [4, 14, 12, 18, 6, 15, 22, 27, 16, 30, 23, 11, 3, 9, 7, 13, 1, 10, 21, 19, 8, 25, 20, 29, 17, 24, 26, 5, 2, 28]
OFV: 46623.0	/ CPU: 5.661 seconds 	/ department sequence: [2, 5, 4, 29, 16, 30, 27, 19, 21, 3, 9, 10, 13, 7, 11, 8, 25, 23, 17, 1, 22, 15, 18, 20, 14, 26, 24, 6, 12, 28]
OFV: 45661.0	/ CPU: 7.085 seconds 	/ department sequence: [28, 4, 14, 20, 18, 8, 27, 15, 16, 30, 3, 11, 23, 22, 25, 19, 7, 1, 21, 9, 10, 13, 29, 17, 6, 24, 12, 26, 5, 2]
OFV: 47280.0	/ CPU: 3.156 seconds 	/ department sequence: [28, 4, 8, 16, 25, 17, 15, 29, 19, 30, 27, 11, 7, 10, 1, 22, 3, 21, 13, 9, 23, 20, 14, 18, 6, 24, 12, 26, 5, 2]
OFV: 46677.0	/ CPU: 3.450 seconds 	/ department sequence: [28, 12, 6, 24, 14, 20, 18, 15, 22, 1, 8, 25, 19, 7, 23, 11, 3, 21, 13, 30, 27, 16, 10, 9, 17, 29, 4, 26, 5, 2]
OFV: 45617.0	/ CPU: 2.770 seconds 	/ department sequence: [28, 4, 14, 20, 29, 16, 15, 27, 30, 8, 19, 25, 11, 3, 23, 18, 22, 7, 1, 21, 10, 9, 13, 17, 6, 24, 12, 26, 5, 2]
OFV: 45594.0	/ CPU: 4.334 seconds 	/ department sequence: [12, 24, 26, 17, 18, 1, 15, 22, 23, 8, 19, 25, 7, 11, 10, 9, 3, 27, 30, 16, 13, 21, 6, 5, 2, 29, 20, 14, 4, 28]
-- H_30 result
--------------------------------------------
HostNestNum = 15, P_a = 0.1
--------------------------------------------
-- 2019-01-31 20:14 result data
OFV: 47793.0	/ CPU: 4.219 seconds 	/ department sequence: [28, 26, 24, 17, 20, 8, 25, 15, 1, 22, 19, 10, 27, 7, 11, 30, 16, 21, 3, 9, 13, 23, 18, 6, 12, 14, 29, 4, 5, 2]
OFV: 45228.0	/ CPU: 4.451 seconds 	/ department sequence: [12, 24, 26, 18, 6, 22, 1, 15, 17, 10, 13, 9, 23, 7, 11, 25, 8, 16, 3, 27, 30, 19, 21, 5, 20, 14, 29, 4, 2, 28]
OFV: 45216.0	/ CPU: 4.730 seconds 	/ department sequence: [28, 2, 5, 4, 29, 14, 20, 21, 19, 30, 27, 3, 16, 8, 25, 11, 7, 13, 9, 10, 23, 17, 15, 1, 22, 6, 18, 26, 24, 12]
OFV: 45156.0	/ CPU: 4.208 seconds 	/ department sequence: [12, 24, 26, 18, 6, 22, 1, 15, 17, 23, 10, 9, 13, 7, 11, 25, 8, 19, 3, 21, 16, 30, 27, 20, 14, 29, 4, 5, 2, 28]
OFV: 45192.0	/ CPU: 8.982 seconds 	/ department sequence: [12, 24, 26, 18, 6, 22, 1, 15, 17, 23, 8, 25, 11, 7, 10, 13, 9, 19, 3, 21, 16, 30, 27, 20, 14, 29, 4, 5, 2, 28]
OFV: 46785.0	/ CPU: 5.987 seconds 	/ department sequence: [28, 12, 6, 14, 24, 20, 18, 15, 22, 1, 8, 27, 25, 23, 3, 11, 7, 16, 30, 13, 19, 21, 10, 9, 17, 29, 4, 26, 5, 2]
OFV: 45441.0	/ CPU: 10.422 seconds 	/ department sequence: [28, 12, 6, 24, 26, 15, 17, 18, 1, 22, 25, 23, 8, 11, 7, 10, 13, 9, 19, 21, 3, 16, 30, 27, 20, 14, 29, 4, 5, 2]
OFV: 46803.0	/ CPU: 5.957 seconds 	/ department sequence: [28, 4, 14, 20, 26, 8, 17, 29, 19, 9, 10, 25, 23, 11, 30, 27, 16, 7, 3, 21, 13, 15, 22, 1, 18, 6, 24, 12, 5, 2]
OFV: 47132.0	/ CPU: 6.613 seconds 	/ department sequence: [12, 24, 26, 14, 20, 2, 5, 29, 17, 9, 10, 13, 21, 1, 7, 23, 3, 19, 25, 11, 30, 27, 16, 8, 15, 22, 6, 18, 4, 28]
OFV: 45192.0	/ CPU: 4.859 seconds 	/ department sequence: [28, 2, 5, 4, 29, 14, 20, 27, 30, 16, 21, 3, 19, 9, 13, 10, 7, 11, 25, 8, 23, 17, 15, 1, 22, 6, 18, 26, 24, 12]
