-- H_30 result
--------------------------------------------
HostNestNum = 60, P_a = 0.15
--------------------------------------------
-- 2019-01-22 22:16 result data
OFV: 45640.0	/ CPU: 40.285 seconds 	/ department sequence: [2, 5, 26, 12, 24, 6, 17, 29, 13, 10, 9, 21, 1, 7, 19, 25, 22, 23, 11, 3, 18, 30, 16, 27, 15, 8, 20, 14, 4, 28]
-- H_30 result
--------------------------------------------
HostNestNum = 60, P_a = 0.15
--------------------------------------------
-- 2019-01-29 15:50 result data
OFV: 44997.0	/ CPU: 1.500 seconds 	/ department sequence: [28, 4, 14, 20, 29, 8, 19, 25, 16, 30, 27, 11, 3, 7, 21, 9, 10, 13, 23, 22, 15, 1, 17, 18, 6, 24, 12, 26, 5, 2]
OFV: 47053.0	/ CPU: 1.187 seconds 	/ department sequence: [4, 14, 26, 20, 18, 17, 23, 8, 15, 27, 22, 11, 30, 3, 19, 1, 10, 7, 16, 25, 9, 21, 13, 29, 24, 12, 6, 5, 2, 28]
OFV: 47306.0	/ CPU: 1.735 seconds 	/ department sequence: [28, 4, 18, 8, 16, 15, 27, 22, 30, 11, 3, 23, 25, 19, 7, 1, 21, 9, 10, 13, 17, 29, 20, 14, 6, 24, 12, 26, 5, 2]
OFV: 45441.0	/ CPU: 1.500 seconds 	/ department sequence: [2, 5, 4, 29, 14, 20, 27, 30, 16, 3, 21, 19, 9, 13, 10, 7, 11, 8, 23, 25, 22, 1, 18, 17, 15, 26, 24, 6, 12, 28]
OFV: 45253.0	/ CPU: 2.078 seconds 	/ department sequence: [28, 4, 14, 20, 29, 2, 16, 30, 27, 21, 9, 3, 13, 10, 19, 25, 7, 11, 8, 23, 5, 17, 15, 1, 22, 6, 18, 26, 24, 12]
OFV: 45281.0	/ CPU: 1.359 seconds 	/ department sequence: [28, 4, 2, 29, 14, 20, 5, 27, 30, 16, 21, 3, 9, 13, 10, 11, 7, 25, 19, 8, 23, 17, 15, 1, 22, 6, 18, 26, 24, 12]
OFV: 47559.0	/ CPU: 2.266 seconds 	/ department sequence: [2, 5, 26, 17, 29, 18, 19, 23, 8, 22, 1, 3, 21, 7, 11, 9, 10, 27, 30, 13, 25, 16, 4, 15, 20, 24, 14, 6, 12, 28]
OFV: 45014.0	/ CPU: 3.656 seconds 	/ department sequence: [12, 24, 26, 2, 5, 6, 18, 17, 15, 1, 22, 23, 13, 10, 9, 21, 7, 3, 11, 25, 27, 16, 30, 19, 8, 29, 20, 14, 4, 28]
OFV: 45208.0	/ CPU: 3.234 seconds 	/ department sequence: [28, 2, 5, 4, 29, 14, 20, 21, 16, 30, 27, 3, 19, 9, 13, 10, 7, 11, 25, 8, 23, 22, 1, 15, 6, 18, 17, 26, 24, 12]
OFV: 45766.0	/ CPU: 1.188 seconds 	/ department sequence: [12, 24, 26, 17, 18, 1, 22, 23, 8, 19, 25, 7, 11, 10, 9, 3, 21, 13, 6, 15, 27, 30, 16, 5, 14, 20, 29, 4, 2, 28]
-- H_30 result
--------------------------------------------
HostNestNum = 60, P_a = 0.15
--------------------------------------------
-- 2019-01-29 17:27 result data
OFV: 46761.0	/ CPU: 17.410 seconds 	/ department sequence: [2, 5, 26, 4, 29, 17, 9, 10, 16, 21, 13, 30, 19, 7, 11, 3, 23, 25, 27, 8, 1, 22, 15, 18, 6, 20, 14, 24, 12, 28]
OFV: 46671.0	/ CPU: 19.221 seconds 	/ department sequence: [28, 12, 6, 24, 14, 20, 18, 15, 22, 1, 8, 17, 23, 25, 19, 7, 13, 21, 3, 11, 10, 27, 30, 16, 9, 29, 4, 26, 5, 2]
OFV: 47171.0	/ CPU: 16.939 seconds 	/ department sequence: [28, 12, 24, 14, 20, 26, 6, 5, 2, 29, 13, 21, 9, 10, 17, 25, 1, 7, 23, 11, 3, 19, 30, 16, 27, 15, 8, 22, 18, 4]
OFV: 45760.0	/ CPU: 22.287 seconds 	/ department sequence: [2, 5, 4, 29, 14, 20, 18, 21, 3, 27, 16, 30, 19, 23, 9, 11, 7, 13, 10, 8, 25, 22, 1, 17, 15, 6, 26, 24, 12, 28]
