-- H_30 result
--------------------------------------------
HostNestNum = 15, P_a = 0.4
--------------------------------------------
-- 2019-01-09 14:43 result data
OFV: 45192.0	/ CPU: 23.767 seconds 	/ department sequence: [12, 24, 26, 18, 6, 22, 1, 15, 17, 23, 8, 25, 11, 7, 10, 13, 9, 19, 3, 21, 16, 30, 27, 20, 14, 29, 4, 5, 2, 28]
OFV: 46739.0	/ CPU: 44.414 seconds 	/ department sequence: [2, 5, 4, 29, 16, 30, 27, 19, 8, 3, 11, 7, 21, 9, 10, 13, 25, 23, 17, 1, 22, 15, 18, 6, 26, 20, 14, 24, 12, 28]
OFV: 46139.0	/ CPU: 19.270 seconds 	/ department sequence: [28, 2, 5, 6, 4, 29, 16, 21, 13, 9, 30, 19, 25, 7, 11, 3, 10, 27, 8, 23, 22, 1, 15, 17, 18, 20, 14, 26, 24, 12]
OFV: 45137.0	/ CPU: 28.124 seconds 	/ department sequence: [2, 5, 26, 12, 24, 6, 18, 22, 1, 17, 23, 13, 10, 9, 21, 7, 3, 11, 25, 19, 8, 15, 27, 30, 16, 29, 20, 14, 4, 28]
OFV: 45640.0	/ CPU: 22.508 seconds 	/ department sequence: [28, 4, 14, 20, 8, 15, 27, 16, 30, 18, 3, 11, 23, 22, 25, 19, 7, 1, 21, 9, 10, 13, 29, 17, 6, 24, 12, 26, 5, 2]
OFV: 46342.0	/ CPU: 28.675 seconds 	/ department sequence: [12, 24, 26, 17, 9, 10, 1, 8, 7, 19, 25, 23, 11, 22, 18, 3, 21, 13, 30, 27, 16, 15, 6, 20, 14, 29, 4, 5, 2, 28]
OFV: 46647.0	/ CPU: 18.242 seconds 	/ department sequence: [28, 12, 6, 14, 24, 20, 18, 15, 22, 1, 8, 25, 19, 7, 21, 13, 3, 23, 11, 30, 27, 16, 10, 9, 17, 29, 4, 26, 5, 2]
OFV: 45166.0	/ CPU: 15.318 seconds 	/ department sequence: [12, 24, 26, 17, 15, 6, 18, 1, 22, 23, 8, 25, 11, 7, 10, 13, 9, 19, 3, 21, 16, 30, 27, 20, 14, 29, 4, 5, 2, 28]
OFV: 45023.0	/ CPU: 16.309 seconds 	/ department sequence: [28, 4, 14, 20, 29, 16, 30, 27, 19, 8, 25, 11, 3, 7, 21, 9, 10, 13, 23, 22, 1, 18, 15, 17, 6, 5, 2, 26, 24, 12]
OFV: 47437.0	/ CPU: 35.348 seconds 	/ department sequence: [12, 24, 14, 18, 6, 15, 22, 1, 4, 27, 16, 30, 11, 23, 3, 7, 13, 9, 10, 21, 25, 19, 8, 20, 17, 29, 26, 5, 2, 28]
-- H_30 result
--------------------------------------------
HostNestNum = 15, P_a = 0.4
--------------------------------------------
-- 2019-01-22 22:04 result data
OFV: 45192.0	/ CPU: 27.213 seconds 	/ department sequence: [28, 2, 5, 4, 29, 14, 20, 27, 30, 16, 21, 3, 19, 9, 13, 10, 7, 11, 25, 8, 23, 17, 15, 1, 22, 6, 18, 26, 24, 12]
-- H_30 result
--------------------------------------------
HostNestNum = 15, P_a = 0.4
--------------------------------------------
-- 2019-01-25 13:03 result data
OFV: 45327.0	/ CPU: 52.114 seconds 	/ department sequence: [28, 4, 14, 2, 29, 20, 16, 30, 27, 8, 19, 3, 5, 21, 25, 11, 7, 23, 9, 13, 10, 22, 1, 18, 6, 15, 17, 26, 24, 12]
-- H_30 result
--------------------------------------------
HostNestNum = 15, P_a = 0.4
--------------------------------------------
-- 2019-01-28 13:38 result data
OFV: 47028.0	/ CPU: 1.584 seconds 	/ department sequence: [2, 5, 26, 24, 17, 18, 29, 23, 9, 10, 1, 22, 21, 3, 19, 13, 7, 25, 11, 8, 30, 27, 16, 15, 20, 6, 12, 14, 4, 28]
-- H_30 result
--------------------------------------------
HostNestNum = 15, P_a = 0.4
--------------------------------------------
-- 2019-01-29 15:42 result data
OFV: 45003.0	/ CPU: 2.045 seconds 	/ department sequence: [28, 4, 14, 20, 29, 8, 19, 30, 16, 27, 25, 11, 3, 7, 21, 9, 10, 13, 23, 22, 1, 18, 15, 17, 6, 5, 2, 26, 24, 12]
OFV: 45208.0	/ CPU: 2.845 seconds 	/ department sequence: [12, 24, 26, 17, 18, 6, 15, 1, 22, 23, 8, 25, 11, 7, 10, 13, 9, 19, 3, 27, 30, 16, 21, 20, 14, 29, 4, 5, 2, 28]
OFV: 45575.0	/ CPU: 3.063 seconds 	/ department sequence: [2, 5, 4, 29, 14, 20, 27, 30, 16, 18, 3, 21, 19, 23, 9, 11, 7, 13, 10, 8, 25, 22, 1, 17, 15, 26, 24, 6, 12, 28]
OFV: 45188.0	/ CPU: 2.429 seconds 	/ department sequence: [12, 24, 26, 17, 15, 6, 18, 1, 22, 23, 8, 25, 11, 7, 10, 13, 9, 19, 3, 27, 30, 16, 21, 20, 14, 29, 4, 5, 2, 28]
OFV: 45868.0	/ CPU: 5.380 seconds 	/ department sequence: [28, 2, 5, 6, 12, 26, 24, 17, 29, 13, 9, 10, 21, 25, 1, 7, 19, 22, 23, 11, 3, 8, 30, 16, 15, 27, 20, 18, 14, 4]
OFV: 45665.0	/ CPU: 2.912 seconds 	/ department sequence: [12, 24, 26, 17, 18, 1, 22, 23, 8, 19, 25, 7, 11, 10, 9, 3, 21, 13, 30, 27, 16, 15, 6, 20, 14, 29, 4, 5, 2, 28]
OFV: 45212.0	/ CPU: 2.308 seconds 	/ department sequence: [12, 24, 26, 17, 15, 6, 18, 1, 22, 23, 8, 10, 11, 25, 7, 13, 9, 19, 3, 27, 30, 16, 21, 5, 2, 29, 20, 14, 4, 28]
OFV: 45621.0	/ CPU: 2.730 seconds 	/ department sequence: [28, 12, 6, 24, 26, 15, 17, 1, 22, 25, 8, 10, 13, 7, 11, 9, 23, 19, 21, 3, 16, 30, 27, 18, 20, 14, 29, 4, 5, 2]
OFV: 46173.0	/ CPU: 2.653 seconds 	/ department sequence: [28, 4, 14, 20, 18, 6, 15, 16, 27, 30, 22, 11, 3, 23, 8, 25, 19, 7, 1, 21, 13, 10, 9, 29, 17, 5, 2, 26, 24, 12]
OFV: 45640.0	/ CPU: 3.358 seconds 	/ department sequence: [2, 5, 26, 12, 24, 6, 17, 29, 13, 10, 9, 21, 1, 7, 19, 25, 22, 23, 11, 3, 18, 30, 16, 27, 15, 8, 20, 14, 4, 28]
-- H_30 result
--------------------------------------------
HostNestNum = 15, P_a = 0.4
--------------------------------------------
-- 2019-01-29 16:21 result data
OFV: 44975.0	/ CPU: 32.878 seconds 	/ department sequence: [28, 4, 14, 20, 29, 8, 19, 30, 27, 16, 25, 11, 3, 7, 21, 9, 10, 13, 23, 22, 1, 18, 15, 17, 6, 24, 12, 26, 5, 2]
OFV: 45716.0	/ CPU: 26.660 seconds 	/ department sequence: [28, 4, 14, 20, 8, 16, 27, 30, 19, 18, 3, 25, 23, 11, 7, 21, 22, 1, 9, 10, 13, 29, 15, 17, 6, 5, 2, 26, 24, 12]
OFV: 44976.0	/ CPU: 19.210 seconds 	/ department sequence: [28, 4, 14, 20, 29, 8, 19, 30, 16, 27, 25, 11, 3, 7, 21, 9, 10, 13, 23, 22, 15, 1, 17, 18, 6, 24, 12, 26, 5, 2]
OFV: 44965.0	/ CPU: 25.283 seconds 	/ department sequence: [2, 5, 26, 12, 24, 6, 17, 15, 18, 1, 22, 23, 13, 10, 9, 21, 7, 3, 11, 25, 27, 16, 30, 19, 8, 29, 20, 14, 4, 28]
OFV: 45575.0	/ CPU: 25.892 seconds 	/ department sequence: [28, 12, 6, 24, 26, 15, 17, 1, 22, 25, 8, 10, 13, 7, 11, 9, 23, 19, 21, 3, 18, 16, 30, 27, 20, 14, 29, 4, 5, 2]
OFV: 45236.0	/ CPU: 25.850 seconds 	/ department sequence: [12, 24, 26, 18, 6, 22, 1, 15, 17, 23, 8, 11, 7, 25, 10, 13, 9, 19, 3, 16, 30, 27, 21, 20, 14, 29, 4, 5, 2, 28]
OFV: 46765.0	/ CPU: 17.956 seconds 	/ department sequence: [28, 2, 26, 5, 6, 29, 20, 21, 9, 13, 10, 16, 27, 30, 3, 11, 7, 25, 19, 8, 23, 22, 1, 17, 15, 18, 4, 14, 24, 12]
OFV: 45190.0	/ CPU: 22.673 seconds 	/ department sequence: [12, 24, 26, 17, 15, 6, 22, 1, 18, 23, 8, 25, 11, 7, 10, 13, 9, 19, 3, 21, 16, 30, 27, 20, 14, 29, 4, 5, 2, 28]
OFV: 45216.0	/ CPU: 19.660 seconds 	/ department sequence: [28, 2, 5, 4, 29, 14, 20, 21, 19, 30, 27, 16, 3, 8, 25, 11, 7, 13, 9, 10, 23, 17, 15, 1, 22, 6, 18, 26, 24, 12]
OFV: 45196.0	/ CPU: 18.158 seconds 	/ department sequence: [12, 24, 26, 17, 15, 6, 18, 1, 22, 23, 8, 11, 7, 25, 10, 13, 9, 19, 3, 21, 16, 30, 27, 5, 20, 29, 2, 14, 4, 28]
-- H_30 result
--------------------------------------------
HostNestNum = 15, P_a = 0.4
--------------------------------------------
-- 2019-01-29 17:41 result data
OFV: 44965.0	/ CPU: 6.942 seconds 	/ department sequence: [28, 4, 14, 20, 29, 8, 19, 30, 16, 27, 25, 11, 3, 7, 21, 9, 10, 13, 23, 22, 1, 18, 15, 17, 6, 24, 12, 26, 5, 2]
OFV: 45166.0	/ CPU: 9.142 seconds 	/ department sequence: [12, 24, 26, 17, 15, 6, 18, 1, 22, 23, 8, 25, 11, 7, 10, 13, 9, 19, 3, 21, 16, 30, 27, 20, 14, 29, 4, 5, 2, 28]
OFV: 47087.0	/ CPU: 7.439 seconds 	/ department sequence: [28, 4, 18, 6, 22, 15, 8, 16, 27, 30, 11, 23, 25, 3, 19, 7, 1, 21, 13, 10, 9, 17, 29, 5, 2, 20, 14, 26, 24, 12]
OFV: 45166.0	/ CPU: 9.471 seconds 	/ department sequence: [12, 24, 26, 17, 15, 6, 18, 1, 22, 23, 8, 25, 11, 7, 10, 13, 9, 19, 3, 21, 16, 30, 27, 20, 14, 29, 4, 5, 2, 28]
OFV: 45978.0	/ CPU: 7.876 seconds 	/ department sequence: [4, 14, 18, 20, 27, 15, 16, 30, 29, 19, 8, 3, 23, 11, 22, 7, 1, 25, 17, 10, 21, 13, 9, 24, 26, 12, 6, 5, 2, 28]
OFV: 45575.0	/ CPU: 13.034 seconds 	/ department sequence: [28, 12, 6, 24, 26, 15, 17, 1, 22, 25, 8, 10, 13, 7, 11, 9, 23, 19, 21, 3, 18, 16, 30, 27, 20, 14, 29, 4, 5, 2]
OFV: 45670.0	/ CPU: 7.814 seconds 	/ department sequence: [28, 4, 14, 20, 18, 8, 27, 16, 30, 19, 3, 25, 23, 11, 7, 21, 22, 1, 9, 10, 13, 29, 15, 17, 6, 24, 12, 26, 5, 2]
OFV: 44975.0	/ CPU: 2.110 seconds 	/ department sequence: [2, 5, 26, 12, 24, 6, 17, 15, 18, 1, 22, 23, 13, 10, 9, 21, 7, 3, 11, 25, 16, 27, 30, 19, 8, 29, 20, 14, 4, 28]
OFV: 45166.0	/ CPU: 10.583 seconds 	/ department sequence: [28, 2, 5, 4, 29, 14, 20, 27, 30, 16, 21, 3, 19, 9, 13, 10, 7, 11, 25, 8, 23, 22, 1, 18, 6, 15, 17, 26, 24, 12]
OFV: 45152.0	/ CPU: 7.564 seconds 	/ department sequence: [28, 4, 14, 20, 29, 2, 27, 30, 16, 19, 21, 3, 8, 25, 11, 7, 13, 9, 10, 23, 5, 22, 1, 18, 6, 15, 17, 26, 24, 12]
-- H_30 result
--------------------------------------------
HostNestNum = 15, P_a = 0.4
--------------------------------------------
-- 2019-01-31 20:18 result data
OFV: 45188.0	/ CPU: 10.335 seconds 	/ department sequence: [12, 24, 26, 17, 15, 6, 18, 1, 22, 23, 8, 25, 11, 7, 10, 13, 9, 19, 3, 27, 30, 16, 21, 20, 14, 29, 4, 5, 2, 28]
OFV: 44974.0	/ CPU: 4.607 seconds 	/ department sequence: [2, 5, 26, 12, 24, 6, 17, 15, 18, 1, 22, 23, 13, 10, 9, 21, 7, 11, 3, 25, 27, 16, 30, 19, 8, 29, 20, 14, 4, 28]
OFV: 44986.0	/ CPU: 9.336 seconds 	/ department sequence: [2, 5, 26, 12, 24, 6, 18, 22, 1, 15, 17, 23, 13, 10, 9, 21, 7, 3, 11, 25, 27, 16, 30, 19, 8, 29, 20, 14, 4, 28]
OFV: 45640.0	/ CPU: 6.618 seconds 	/ department sequence: [28, 4, 14, 20, 8, 15, 27, 16, 30, 18, 3, 11, 23, 22, 25, 19, 7, 1, 21, 9, 10, 13, 29, 17, 6, 24, 12, 26, 5, 2]
OFV: 45699.0	/ CPU: 11.461 seconds 	/ department sequence: [12, 24, 26, 2, 5, 6, 17, 29, 13, 10, 9, 21, 1, 7, 19, 25, 22, 23, 11, 3, 30, 16, 15, 27, 8, 18, 20, 14, 4, 28]
OFV: 45003.0	/ CPU: 9.439 seconds 	/ department sequence: [28, 4, 14, 20, 29, 8, 19, 30, 16, 27, 25, 11, 3, 7, 21, 9, 10, 13, 23, 22, 1, 18, 15, 17, 6, 5, 2, 26, 24, 12]
OFV: 45575.0	/ CPU: 8.880 seconds 	/ department sequence: [2, 5, 4, 29, 14, 20, 27, 30, 16, 18, 3, 21, 19, 23, 9, 11, 7, 13, 10, 8, 25, 22, 1, 17, 15, 26, 24, 6, 12, 28]
OFV: 46425.0	/ CPU: 14.839 seconds 	/ department sequence: [28, 2, 5, 4, 29, 14, 20, 21, 16, 30, 27, 15, 6, 13, 3, 18, 11, 23, 22, 25, 19, 7, 8, 1, 10, 9, 17, 26, 24, 12]
OFV: 45665.0	/ CPU: 13.753 seconds 	/ department sequence: [28, 2, 5, 4, 29, 14, 20, 6, 15, 16, 27, 30, 13, 21, 3, 9, 10, 11, 7, 25, 19, 8, 23, 22, 1, 18, 17, 26, 24, 12]
OFV: 44974.0	/ CPU: 5.642 seconds 	/ department sequence: [2, 5, 26, 12, 24, 6, 17, 15, 1, 18, 22, 23, 13, 10, 9, 21, 7, 3, 11, 25, 27, 16, 30, 19, 8, 29, 20, 14, 4, 28]
