-- H_30 result
--------------------------------------------
HostNestNum = 15, P_a = 0.2
--------------------------------------------
-- 2019-01-09 14:37 result data
OFV: 47040.0	/ CPU: 8.861 seconds 	/ department sequence: [12, 24, 26, 14, 20, 4, 17, 15, 29, 9, 10, 27, 16, 30, 13, 23, 11, 7, 25, 1, 19, 8, 3, 21, 22, 18, 6, 5, 2, 28]
OFV: 46671.0	/ CPU: 10.404 seconds 	/ department sequence: [28, 12, 6, 24, 14, 20, 18, 15, 22, 1, 8, 17, 25, 23, 19, 7, 13, 21, 3, 11, 10, 27, 30, 16, 9, 29, 4, 26, 5, 2]
OFV: 46139.0	/ CPU: 11.684 seconds 	/ department sequence: [12, 24, 26, 14, 20, 18, 17, 15, 1, 22, 23, 8, 27, 10, 3, 11, 7, 25, 19, 30, 9, 13, 21, 16, 29, 4, 6, 5, 2, 28]
OFV: 45166.0	/ CPU: 28.249 seconds 	/ department sequence: [28, 2, 5, 4, 29, 14, 20, 27, 30, 16, 21, 3, 19, 9, 13, 10, 7, 11, 25, 8, 23, 22, 1, 18, 6, 15, 17, 26, 24, 12]
OFV: 45166.0	/ CPU: 8.907 seconds 	/ department sequence: [28, 2, 5, 4, 29, 14, 20, 27, 30, 16, 21, 3, 19, 9, 13, 10, 7, 11, 25, 8, 23, 22, 1, 18, 6, 15, 17, 26, 24, 12]
OFV: 44965.0	/ CPU: 13.954 seconds 	/ department sequence: [2, 5, 26, 12, 24, 6, 17, 15, 18, 1, 22, 23, 13, 10, 9, 21, 7, 3, 11, 25, 27, 16, 30, 19, 8, 29, 20, 14, 4, 28]
OFV: 46647.0	/ CPU: 12.752 seconds 	/ department sequence: [28, 12, 6, 24, 14, 20, 18, 15, 22, 1, 8, 25, 19, 7, 13, 21, 3, 23, 11, 30, 27, 16, 10, 9, 17, 29, 4, 26, 5, 2]
OFV: 44965.0	/ CPU: 30.261 seconds 	/ department sequence: [28, 4, 14, 20, 29, 8, 19, 30, 16, 27, 25, 11, 3, 7, 21, 9, 10, 13, 23, 22, 1, 18, 15, 17, 6, 24, 12, 26, 5, 2]
OFV: 44965.0	/ CPU: 17.555 seconds 	/ department sequence: [2, 5, 26, 12, 24, 6, 17, 15, 18, 1, 22, 23, 13, 10, 9, 21, 7, 3, 11, 25, 27, 16, 30, 19, 8, 29, 20, 14, 4, 28]
OFV: 45188.0	/ CPU: 14.261 seconds 	/ department sequence: [28, 2, 5, 4, 29, 14, 20, 16, 30, 27, 21, 3, 19, 9, 13, 10, 7, 11, 25, 8, 23, 22, 1, 18, 6, 15, 17, 26, 24, 12]
-- H_30 result
--------------------------------------------
HostNestNum = 15, P_a = 0.2
--------------------------------------------
-- 2019-01-22 22:04 result data
OFV: 46709.0	/ CPU: 14.059 seconds 	/ department sequence: [4, 14, 26, 20, 29, 17, 8, 19, 15, 27, 30, 16, 10, 11, 23, 9, 7, 3, 25, 13, 21, 22, 1, 18, 24, 12, 6, 5, 2, 28]
-- H_30 result
--------------------------------------------
HostNestNum = 15, P_a = 0.2
--------------------------------------------
-- 2019-01-25 13:00 result data
OFV: 45231.0	/ CPU: 63.555 seconds 	/ department sequence: [28, 4, 14, 20, 29, 2, 27, 30, 16, 21, 9, 3, 19, 13, 10, 7, 11, 25, 8, 23, 5, 22, 1, 18, 6, 15, 17, 26, 24, 12]
-- H_30 result
--------------------------------------------
HostNestNum = 15, P_a = 0.2
--------------------------------------------
-- 2019-01-28 13:37 result data
OFV: 45006.0	/ CPU: 4.121 seconds 	/ department sequence: [28, 4, 14, 20, 29, 16, 30, 27, 19, 8, 25, 11, 3, 7, 21, 9, 10, 13, 23, 17, 15, 1, 22, 18, 6, 24, 12, 26, 5, 2]
-- H_30 result
--------------------------------------------
HostNestNum = 15, P_a = 0.2
--------------------------------------------
-- 2019-01-29 15:41 result data
OFV: 45772.0	/ CPU: 4.327 seconds 	/ department sequence: [12, 24, 26, 17, 18, 1, 22, 23, 8, 19, 7, 10, 25, 11, 9, 3, 21, 13, 6, 5, 15, 27, 30, 16, 20, 14, 29, 4, 2, 28]
OFV: 48535.0	/ CPU: 4.412 seconds 	/ department sequence: [28, 12, 6, 5, 2, 24, 14, 20, 29, 13, 21, 15, 17, 25, 1, 19, 7, 8, 3, 22, 23, 11, 30, 10, 27, 16, 9, 18, 26, 4]
OFV: 46142.0	/ CPU: 3.487 seconds 	/ department sequence: [28, 2, 5, 6, 4, 29, 16, 21, 13, 9, 30, 19, 25, 7, 3, 11, 10, 27, 8, 23, 22, 1, 15, 17, 18, 20, 14, 26, 24, 12]
OFV: 45868.0	/ CPU: 3.876 seconds 	/ department sequence: [4, 14, 18, 20, 27, 15, 16, 30, 8, 3, 23, 11, 22, 19, 7, 1, 25, 21, 10, 9, 13, 29, 17, 24, 26, 12, 6, 5, 2, 28]
OFV: 45067.0	/ CPU: 1.812 seconds 	/ department sequence: [28, 4, 14, 20, 8, 16, 27, 30, 29, 19, 25, 11, 3, 7, 21, 9, 10, 13, 23, 22, 1, 18, 15, 17, 6, 24, 12, 26, 5, 2]
OFV: 45609.0	/ CPU: 2.274 seconds 	/ department sequence: [12, 24, 26, 17, 18, 15, 1, 22, 23, 8, 19, 25, 7, 11, 10, 9, 3, 27, 30, 16, 13, 21, 6, 20, 14, 29, 4, 5, 2, 28]
OFV: 45971.0	/ CPU: 2.876 seconds 	/ department sequence: [4, 14, 18, 20, 27, 15, 16, 30, 8, 3, 23, 11, 22, 19, 7, 1, 25, 17, 29, 10, 21, 13, 9, 24, 26, 5, 2, 6, 12, 28]
OFV: 45024.0	/ CPU: 2.129 seconds 	/ department sequence: [12, 24, 26, 2, 5, 6, 17, 15, 18, 1, 22, 23, 13, 10, 9, 21, 7, 3, 11, 27, 30, 16, 25, 19, 8, 29, 20, 14, 4, 28]
OFV: 45914.0	/ CPU: 3.592 seconds 	/ department sequence: [28, 12, 6, 24, 26, 15, 17, 9, 10, 13, 25, 1, 22, 7, 11, 8, 23, 19, 21, 3, 18, 16, 30, 27, 20, 14, 29, 4, 5, 2]
OFV: 45914.0	/ CPU: 1.520 seconds 	/ department sequence: [28, 12, 6, 24, 26, 15, 17, 9, 10, 13, 25, 1, 22, 7, 11, 8, 23, 19, 21, 3, 18, 16, 30, 27, 20, 14, 29, 4, 5, 2]
-- H_30 result
--------------------------------------------
HostNestNum = 15, P_a = 0.2
--------------------------------------------
-- 2019-01-29 16:14 result data
OFV: 44965.0	/ CPU: 28.724 seconds 	/ department sequence: [2, 5, 26, 12, 24, 6, 17, 15, 18, 1, 22, 23, 13, 10, 9, 21, 7, 3, 11, 25, 27, 16, 30, 19, 8, 29, 20, 14, 4, 28]
OFV: 44976.0	/ CPU: 19.454 seconds 	/ department sequence: [28, 4, 14, 20, 29, 8, 19, 30, 16, 27, 25, 11, 3, 7, 21, 9, 10, 13, 23, 22, 1, 15, 17, 18, 6, 24, 12, 26, 5, 2]
OFV: 45214.0	/ CPU: 17.315 seconds 	/ department sequence: [28, 2, 5, 4, 29, 14, 20, 21, 16, 30, 27, 3, 19, 9, 13, 10, 7, 11, 25, 8, 23, 17, 15, 1, 22, 6, 18, 26, 24, 12]
OFV: 45886.0	/ CPU: 17.237 seconds 	/ department sequence: [28, 2, 5, 6, 12, 26, 24, 9, 13, 21, 10, 29, 17, 25, 1, 7, 19, 22, 11, 23, 3, 8, 30, 16, 15, 27, 20, 18, 14, 4]
OFV: 44985.0	/ CPU: 19.690 seconds 	/ department sequence: [2, 5, 26, 12, 24, 6, 17, 15, 18, 1, 22, 23, 13, 10, 9, 21, 7, 3, 11, 25, 8, 19, 27, 30, 16, 29, 20, 14, 4, 28]
OFV: 46193.0	/ CPU: 17.393 seconds 	/ department sequence: [28, 4, 14, 20, 18, 6, 15, 22, 27, 16, 30, 11, 3, 23, 8, 25, 19, 7, 1, 21, 13, 10, 9, 29, 17, 24, 12, 26, 5, 2]
OFV: 45327.0	/ CPU: 22.037 seconds 	/ department sequence: [28, 4, 14, 20, 29, 8, 19, 30, 16, 27, 15, 25, 17, 11, 23, 3, 7, 9, 10, 21, 13, 1, 22, 18, 6, 24, 12, 26, 5, 2]
OFV: 45327.0	/ CPU: 20.113 seconds 	/ department sequence: [28, 4, 14, 20, 29, 8, 19, 30, 16, 27, 15, 25, 17, 11, 23, 3, 7, 9, 10, 21, 13, 1, 22, 18, 6, 24, 12, 26, 5, 2]
OFV: 45650.0	/ CPU: 26.085 seconds 	/ department sequence: [28, 4, 14, 20, 29, 2, 5, 6, 15, 16, 27, 30, 13, 21, 3, 9, 10, 11, 7, 25, 19, 8, 23, 22, 1, 18, 17, 26, 24, 12]
OFV: 45045.0	/ CPU: 28.222 seconds 	/ department sequence: [28, 4, 14, 20, 29, 8, 19, 25, 16, 30, 27, 11, 3, 7, 21, 9, 10, 13, 23, 17, 15, 1, 22, 18, 6, 5, 2, 26, 24, 12]
-- H_30 result
--------------------------------------------
HostNestNum = 15, P_a = 0.2
--------------------------------------------
-- 2019-01-29 17:38 result data
OFV: 45665.0	/ CPU: 8.377 seconds 	/ department sequence: [28, 2, 5, 4, 29, 14, 20, 6, 15, 16, 27, 30, 13, 21, 3, 9, 10, 11, 7, 25, 19, 8, 23, 22, 1, 18, 17, 26, 24, 12]
OFV: 45003.0	/ CPU: 8.048 seconds 	/ department sequence: [12, 24, 26, 2, 5, 6, 17, 15, 18, 1, 22, 23, 13, 10, 9, 21, 7, 3, 11, 25, 27, 16, 30, 19, 8, 29, 20, 14, 4, 28]
OFV: 45166.0	/ CPU: 9.424 seconds 	/ department sequence: [28, 2, 5, 4, 29, 14, 20, 27, 30, 16, 21, 3, 19, 9, 13, 10, 7, 11, 25, 8, 23, 22, 1, 18, 6, 15, 17, 26, 24, 12]
OFV: 45151.0	/ CPU: 6.641 seconds 	/ department sequence: [12, 24, 26, 17, 15, 6, 18, 1, 22, 23, 8, 25, 11, 7, 10, 13, 9, 19, 3, 21, 16, 30, 27, 5, 2, 29, 20, 14, 4, 28]
OFV: 47483.0	/ CPU: 8.211 seconds 	/ department sequence: [28, 2, 5, 6, 18, 22, 15, 21, 27, 3, 8, 16, 30, 11, 1, 7, 19, 25, 13, 23, 10, 9, 29, 17, 4, 20, 14, 26, 24, 12]
OFV: 44965.0	/ CPU: 3.734 seconds 	/ department sequence: [2, 5, 26, 12, 24, 6, 17, 15, 18, 1, 22, 23, 13, 10, 9, 21, 7, 3, 11, 25, 27, 16, 30, 19, 8, 29, 20, 14, 4, 28]
OFV: 45971.0	/ CPU: 7.438 seconds 	/ department sequence: [28, 12, 6, 2, 5, 26, 24, 9, 13, 21, 10, 29, 17, 25, 1, 7, 19, 22, 11, 23, 3, 8, 30, 16, 15, 27, 20, 18, 14, 4]
OFV: 45003.0	/ CPU: 6.595 seconds 	/ department sequence: [12, 24, 26, 2, 5, 6, 17, 15, 18, 1, 22, 23, 13, 10, 9, 21, 7, 3, 11, 25, 27, 16, 30, 19, 8, 29, 20, 14, 4, 28]
OFV: 45188.0	/ CPU: 10.328 seconds 	/ department sequence: [12, 24, 26, 17, 15, 6, 18, 1, 22, 23, 8, 25, 11, 7, 10, 13, 9, 19, 3, 27, 30, 16, 21, 20, 14, 29, 4, 5, 2, 28]
OFV: 45166.0	/ CPU: 6.939 seconds 	/ department sequence: [28, 2, 5, 4, 29, 14, 20, 27, 30, 16, 21, 3, 19, 9, 13, 10, 7, 11, 25, 8, 23, 22, 1, 18, 6, 15, 17, 26, 24, 12]
-- H_30 result
--------------------------------------------
HostNestNum = 15, P_a = 0.2
--------------------------------------------
-- 2019-01-31 20:12 result data
OFV: 46076.0	/ CPU: 4.932 seconds 	/ department sequence: [28, 2, 5, 6, 12, 26, 24, 17, 29, 13, 9, 10, 21, 25, 1, 7, 19, 16, 30, 11, 23, 3, 22, 8, 15, 27, 20, 18, 14, 4]
OFV: 44965.0	/ CPU: 2.282 seconds 	/ department sequence: [2, 5, 26, 12, 24, 6, 17, 15, 18, 1, 22, 23, 13, 10, 9, 21, 7, 3, 11, 25, 27, 16, 30, 19, 8, 29, 20, 14, 4, 28]
OFV: 45643.0	/ CPU: 5.040 seconds 	/ department sequence: [28, 4, 14, 20, 8, 15, 27, 16, 30, 18, 3, 11, 23, 22, 25, 19, 7, 21, 1, 9, 10, 13, 29, 17, 6, 24, 12, 26, 5, 2]
OFV: 44985.0	/ CPU: 4.049 seconds 	/ department sequence: [28, 4, 14, 20, 29, 16, 30, 27, 19, 8, 25, 11, 3, 7, 21, 9, 10, 13, 23, 22, 1, 18, 15, 17, 6, 24, 12, 26, 5, 2]
OFV: 45575.0	/ CPU: 10.764 seconds 	/ department sequence: [28, 12, 6, 24, 26, 15, 17, 1, 22, 25, 8, 10, 13, 7, 11, 9, 23, 19, 21, 3, 18, 16, 30, 27, 20, 14, 29, 4, 5, 2]
OFV: 45203.0	/ CPU: 4.017 seconds 	/ department sequence: [12, 24, 26, 18, 6, 22, 1, 15, 17, 5, 23, 10, 9, 13, 7, 11, 25, 8, 3, 21, 19, 27, 30, 16, 20, 14, 29, 4, 2, 28]
OFV: 45034.0	/ CPU: 7.514 seconds 	/ department sequence: [12, 24, 26, 2, 5, 6, 18, 17, 1, 15, 22, 23, 13, 10, 9, 21, 7, 3, 11, 25, 8, 19, 27, 30, 16, 29, 20, 14, 4, 28]
OFV: 45575.0	/ CPU: 5.511 seconds 	/ department sequence: [28, 12, 6, 24, 26, 15, 17, 1, 22, 25, 8, 10, 13, 7, 11, 9, 23, 19, 21, 3, 18, 16, 30, 27, 20, 14, 29, 4, 5, 2]
OFV: 45575.0	/ CPU: 7.483 seconds 	/ department sequence: [2, 5, 4, 29, 14, 20, 27, 30, 16, 18, 3, 21, 19, 23, 9, 11, 7, 13, 10, 8, 25, 22, 1, 17, 15, 26, 24, 6, 12, 28]
OFV: 45886.0	/ CPU: 4.020 seconds 	/ department sequence: [4, 14, 18, 20, 27, 15, 16, 30, 8, 3, 11, 23, 22, 19, 7, 1, 25, 17, 29, 10, 21, 13, 9, 24, 26, 12, 6, 5, 2, 28]
-- H_30 result
--------------------------------------------
HostNestNum = 15, P_a = 0.2
--------------------------------------------
-- 2019-01-31 20:16 result data
OFV: 44965.0	/ CPU: 1.711 seconds 	/ department sequence: [2, 5, 26, 12, 24, 6, 17, 15, 18, 1, 22, 23, 13, 10, 9, 21, 7, 3, 11, 25, 27, 16, 30, 19, 8, 29, 20, 14, 4, 28]
OFV: 46286.0	/ CPU: 4.953 seconds 	/ department sequence: [12, 24, 26, 17, 8, 1, 10, 19, 7, 25, 22, 11, 23, 18, 9, 3, 21, 13, 30, 27, 16, 15, 6, 20, 14, 29, 4, 5, 2, 28]
OFV: 46737.0	/ CPU: 6.323 seconds 	/ department sequence: [28, 2, 5, 6, 26, 29, 20, 21, 9, 13, 10, 16, 27, 30, 3, 11, 7, 25, 19, 8, 23, 22, 1, 17, 15, 18, 4, 14, 24, 12]
OFV: 45868.0	/ CPU: 7.384 seconds 	/ department sequence: [4, 14, 18, 20, 27, 15, 16, 30, 8, 3, 11, 23, 22, 19, 7, 1, 25, 21, 10, 9, 13, 29, 17, 24, 26, 12, 6, 5, 2, 28]
OFV: 47049.0	/ CPU: 6.357 seconds 	/ department sequence: [28, 4, 18, 6, 22, 15, 8, 16, 27, 30, 11, 23, 25, 3, 19, 7, 1, 21, 13, 10, 9, 17, 29, 20, 14, 5, 2, 26, 24, 12]
OFV: 45441.0	/ CPU: 4.786 seconds 	/ department sequence: [2, 5, 4, 29, 14, 20, 27, 30, 16, 3, 21, 19, 9, 13, 10, 7, 11, 8, 23, 25, 22, 1, 18, 17, 15, 26, 24, 6, 12, 28]
OFV: 45006.0	/ CPU: 4.836 seconds 	/ department sequence: [28, 4, 14, 20, 29, 16, 30, 27, 19, 8, 25, 11, 3, 7, 21, 9, 10, 13, 23, 17, 15, 1, 22, 18, 6, 24, 12, 26, 5, 2]
OFV: 44976.0	/ CPU: 4.782 seconds 	/ department sequence: [2, 5, 12, 24, 26, 6, 17, 15, 18, 1, 22, 23, 13, 10, 9, 21, 7, 3, 11, 25, 27, 16, 30, 19, 8, 29, 20, 14, 4, 28]
OFV: 47087.0	/ CPU: 4.802 seconds 	/ department sequence: [28, 4, 18, 6, 22, 15, 8, 16, 27, 30, 11, 25, 23, 3, 19, 7, 1, 21, 13, 10, 9, 17, 29, 5, 2, 20, 14, 26, 24, 12]
OFV: 44976.0	/ CPU: 7.987 seconds 	/ department sequence: [28, 4, 14, 20, 29, 8, 19, 30, 16, 27, 25, 11, 3, 7, 21, 9, 10, 13, 23, 22, 15, 1, 17, 18, 6, 24, 12, 26, 5, 2]
-- H30 result
--------------------------------------------
HostNestNum = 15, P_a = 0.2
--------------------------------------------
-- 2020-03-18 18:29 result data
OFV: 45180.0	/ CPU: 127.351 seconds 	/ department sequence: [28, 2, 4, 29, 14, 20, 5, 27, 30, 16, 21, 3, 19, 8, 25, 11, 7, 13, 23, 9, 10, 17, 15, 1, 22, 6, 18, 26, 24, 12]
-- H30 result
--------------------------------------------
HostNestNum = 15, P_a = 0.2
--------------------------------------------
-- 2020-03-18 18:33 result data
OFV: 44976.0	/ CPU: 95.813 seconds 	/ department sequence: [2, 5, 26, 12, 24, 6, 18, 17, 1, 15, 22, 23, 13, 10, 9, 21, 7, 3, 11, 25, 27, 16, 30, 19, 8, 29, 20, 14, 4, 28]
-- H30 result
--------------------------------------------
HostNestNum = 15, P_a = 0.2
--------------------------------------------
-- 2020-03-18 18:38 result data
-- H30 result
--------------------------------------------
HostNestNum = 15, P_a = 0.2
--------------------------------------------
-- 2020-03-18 18:38 result data
OFV: 45067.0	/ CPU: 254.496 seconds 	/ department sequence: [2, 5, 26, 12, 24, 6, 17, 15, 18, 1, 22, 23, 13, 10, 9, 21, 7, 3, 11, 25, 19, 29, 30, 27, 16, 8, 20, 14, 4, 28]
