-- H_30 result
--------------------------------------------
HostNestNum = 20, P_a = 0.15
--------------------------------------------
-- 2019-01-09 14:54 result data
OFV: 45603.0	/ CPU: 19.069 seconds 	/ department sequence: [2, 5, 26, 12, 24, 6, 17, 13, 9, 10, 21, 1, 7, 22, 18, 23, 3, 11, 25, 15, 27, 16, 30, 19, 8, 29, 20, 14, 4, 28]
OFV: 46139.0	/ CPU: 20.559 seconds 	/ department sequence: [28, 2, 5, 6, 4, 29, 16, 21, 13, 9, 30, 19, 25, 7, 11, 3, 10, 27, 8, 23, 22, 1, 15, 17, 18, 20, 14, 26, 24, 12]
OFV: 45899.0	/ CPU: 10.755 seconds 	/ department sequence: [4, 14, 18, 20, 27, 15, 16, 30, 8, 3, 11, 23, 22, 19, 7, 1, 21, 9, 10, 29, 13, 25, 17, 24, 26, 12, 6, 5, 2, 28]
OFV: 47942.0	/ CPU: 11.387 seconds 	/ department sequence: [28, 12, 24, 14, 20, 26, 4, 17, 8, 25, 23, 29, 19, 1, 7, 11, 10, 9, 13, 21, 3, 30, 16, 27, 15, 22, 6, 18, 5, 2]
OFV: 45971.0	/ CPU: 10.884 seconds 	/ department sequence: [4, 14, 18, 20, 27, 15, 16, 30, 8, 3, 11, 23, 22, 19, 7, 1, 25, 17, 29, 10, 21, 13, 9, 24, 26, 5, 2, 6, 12, 28]
OFV: 45137.0	/ CPU: 10.308 seconds 	/ department sequence: [12, 24, 26, 18, 6, 22, 1, 15, 17, 10, 13, 9, 23, 7, 11, 25, 8, 19, 3, 21, 16, 30, 27, 5, 2, 29, 20, 14, 4, 28]
OFV: 45914.0	/ CPU: 13.243 seconds 	/ department sequence: [2, 5, 4, 29, 14, 20, 27, 30, 16, 18, 3, 21, 19, 23, 8, 11, 7, 22, 1, 25, 13, 10, 9, 17, 15, 26, 24, 6, 12, 28]
OFV: 47938.0	/ CPU: 10.611 seconds 	/ department sequence: [28, 4, 26, 24, 17, 8, 25, 19, 29, 10, 9, 1, 7, 11, 23, 16, 30, 13, 21, 3, 20, 27, 15, 22, 14, 18, 6, 12, 5, 2]
OFV: 45003.0	/ CPU: 9.586 seconds 	/ department sequence: [28, 4, 14, 20, 29, 16, 30, 27, 8, 19, 25, 11, 3, 7, 21, 9, 10, 13, 23, 22, 1, 18, 15, 17, 6, 24, 12, 26, 5, 2]
OFV: 46338.0	/ CPU: 12.863 seconds 	/ department sequence: [12, 24, 26, 17, 9, 10, 1, 8, 7, 19, 25, 23, 11, 22, 18, 3, 21, 13, 6, 15, 16, 30, 27, 20, 14, 29, 4, 5, 2, 28]
-- H_30 result
--------------------------------------------
HostNestNum = 20, P_a = 0.15
--------------------------------------------
-- 2019-01-22 22:06 result data
OFV: 45164.0	/ CPU: 13.973 seconds 	/ department sequence: [12, 24, 26, 17, 15, 6, 18, 1, 22, 13, 10, 9, 23, 7, 11, 25, 8, 19, 3, 21, 16, 30, 27, 20, 14, 29, 4, 5, 2, 28]
-- H_30 result
--------------------------------------------
HostNestNum = 20, P_a = 0.15
--------------------------------------------
-- 2019-01-28 13:38 result data
OFV: 45166.0	/ CPU: 2.417 seconds 	/ department sequence: [28, 2, 5, 4, 29, 14, 20, 27, 30, 16, 21, 3, 19, 9, 13, 10, 7, 11, 25, 8, 23, 22, 1, 18, 6, 15, 17, 26, 24, 12]
-- H_30 result
--------------------------------------------
HostNestNum = 20, P_a = 0.15
--------------------------------------------
-- 2019-01-29 15:44 result data
OFV: 48036.0	/ CPU: 4.094 seconds 	/ department sequence: [28, 26, 24, 17, 20, 8, 25, 15, 16, 27, 10, 1, 19, 30, 7, 11, 9, 3, 21, 13, 22, 23, 29, 4, 14, 18, 6, 12, 5, 2]
OFV: 47064.0	/ CPU: 2.188 seconds 	/ department sequence: [12, 24, 26, 14, 20, 4, 17, 15, 29, 9, 10, 27, 16, 30, 23, 11, 13, 7, 25, 1, 19, 8, 3, 21, 22, 18, 6, 5, 2, 28]
OFV: 45177.0	/ CPU: 1.657 seconds 	/ department sequence: [12, 24, 26, 17, 15, 6, 18, 1, 22, 5, 23, 10, 9, 13, 7, 11, 25, 8, 3, 21, 19, 27, 30, 16, 20, 14, 29, 4, 2, 28]
OFV: 47721.0	/ CPU: 1.922 seconds 	/ department sequence: [28, 4, 14, 20, 12, 24, 8, 25, 17, 29, 19, 1, 7, 21, 13, 10, 9, 3, 16, 30, 11, 23, 27, 15, 22, 6, 18, 26, 5, 2]
OFV: 45575.0	/ CPU: 1.390 seconds 	/ department sequence: [2, 5, 4, 29, 14, 20, 27, 30, 16, 3, 21, 19, 9, 13, 10, 7, 11, 8, 23, 25, 26, 17, 1, 22, 15, 18, 24, 6, 12, 28]
OFV: 45450.0	/ CPU: 2.423 seconds 	/ department sequence: [28, 12, 6, 24, 26, 15, 17, 1, 22, 18, 25, 23, 8, 11, 7, 10, 13, 9, 19, 21, 3, 16, 30, 27, 20, 14, 29, 4, 5, 2]
OFV: 44986.0	/ CPU: 1.656 seconds 	/ department sequence: [2, 5, 26, 12, 24, 6, 18, 22, 1, 15, 17, 23, 13, 10, 9, 21, 7, 3, 11, 25, 27, 16, 30, 19, 8, 29, 20, 14, 4, 28]
OFV: 45183.0	/ CPU: 3.204 seconds 	/ department sequence: [12, 24, 26, 17, 15, 6, 18, 1, 22, 5, 23, 10, 9, 13, 7, 11, 25, 8, 3, 21, 19, 16, 30, 27, 20, 14, 29, 4, 2, 28]
OFV: 47011.0	/ CPU: 4.282 seconds 	/ department sequence: [2, 5, 26, 12, 24, 14, 20, 29, 17, 9, 10, 13, 21, 1, 7, 19, 3, 25, 23, 11, 30, 27, 16, 8, 15, 22, 6, 18, 4, 28]
OFV: 45192.0	/ CPU: 2.000 seconds 	/ department sequence: [28, 2, 5, 4, 29, 14, 20, 27, 30, 16, 21, 3, 19, 9, 13, 10, 7, 11, 25, 8, 23, 17, 15, 1, 22, 6, 18, 26, 24, 12]
-- H_30 result
--------------------------------------------
HostNestNum = 20, P_a = 0.15
--------------------------------------------
-- 2019-01-29 16:36 result data
OFV: 45666.0	/ CPU: 18.132 seconds 	/ department sequence: [12, 24, 26, 17, 18, 15, 1, 22, 23, 8, 19, 25, 7, 11, 10, 9, 3, 27, 30, 16, 13, 21, 20, 14, 29, 4, 6, 5, 2, 28]
OFV: 45664.0	/ CPU: 17.159 seconds 	/ department sequence: [28, 4, 14, 20, 18, 8, 27, 15, 16, 30, 3, 11, 23, 22, 25, 19, 7, 21, 1, 9, 10, 13, 29, 17, 6, 24, 12, 26, 5, 2]
OFV: 44990.0	/ CPU: 36.273 seconds 	/ department sequence: [2, 5, 26, 12, 24, 6, 17, 15, 18, 1, 22, 23, 13, 10, 9, 7, 21, 3, 11, 25, 27, 16, 30, 19, 8, 29, 20, 14, 4, 28]
OFV: 44998.0	/ CPU: 20.238 seconds 	/ department sequence: [2, 5, 26, 12, 24, 6, 18, 22, 1, 15, 17, 23, 13, 10, 9, 21, 7, 3, 11, 25, 27, 16, 30, 19, 29, 8, 20, 14, 4, 28]
OFV: 45209.0	/ CPU: 21.582 seconds 	/ department sequence: [28, 2, 4, 29, 14, 20, 16, 30, 27, 19, 21, 3, 9, 13, 10, 25, 7, 11, 8, 23, 5, 22, 1, 18, 6, 15, 17, 26, 24, 12]
OFV: 45177.0	/ CPU: 19.628 seconds 	/ department sequence: [28, 4, 14, 20, 29, 2, 5, 21, 16, 30, 27, 3, 19, 9, 13, 10, 25, 7, 11, 8, 23, 22, 1, 18, 6, 15, 17, 26, 24, 12]
OFV: 45188.0	/ CPU: 22.775 seconds 	/ department sequence: [12, 24, 26, 17, 15, 6, 18, 1, 22, 23, 8, 25, 11, 7, 10, 13, 9, 19, 3, 27, 30, 16, 21, 20, 14, 29, 4, 5, 2, 28]
OFV: 45188.0	/ CPU: 29.193 seconds 	/ department sequence: [28, 2, 5, 4, 29, 14, 20, 21, 16, 30, 27, 3, 19, 9, 13, 10, 7, 11, 25, 8, 23, 22, 1, 18, 6, 15, 17, 26, 24, 12]
OFV: 44965.0	/ CPU: 18.154 seconds 	/ department sequence: [28, 4, 14, 20, 29, 8, 19, 30, 16, 27, 25, 11, 3, 7, 21, 9, 10, 13, 23, 22, 1, 18, 15, 17, 6, 24, 12, 26, 5, 2]
OFV: 46711.0	/ CPU: 18.551 seconds 	/ department sequence: [2, 5, 26, 4, 29, 9, 16, 30, 27, 10, 19, 21, 3, 11, 7, 13, 25, 23, 17, 8, 1, 22, 15, 18, 20, 14, 24, 6, 12, 28]
-- H_30 result
--------------------------------------------
HostNestNum = 20, P_a = 0.15
--------------------------------------------
-- 2019-01-29 17:47 result data
OFV: 45003.0	/ CPU: 10.798 seconds 	/ department sequence: [12, 24, 26, 2, 5, 6, 17, 15, 18, 1, 22, 23, 13, 10, 9, 21, 7, 3, 11, 25, 27, 16, 30, 19, 8, 29, 20, 14, 4, 28]
OFV: 46737.0	/ CPU: 8.111 seconds 	/ department sequence: [28, 2, 5, 6, 26, 29, 20, 21, 9, 13, 10, 16, 27, 30, 3, 11, 7, 25, 19, 8, 23, 22, 1, 17, 15, 18, 4, 14, 24, 12]
OFV: 47011.0	/ CPU: 8.643 seconds 	/ department sequence: [2, 5, 26, 12, 24, 14, 20, 29, 17, 9, 10, 13, 21, 1, 7, 19, 3, 23, 25, 11, 30, 27, 16, 8, 15, 22, 6, 18, 4, 28]
OFV: 45575.0	/ CPU: 8.908 seconds 	/ department sequence: [2, 5, 4, 29, 14, 20, 27, 30, 16, 18, 3, 21, 19, 23, 9, 11, 7, 13, 10, 8, 25, 22, 1, 17, 15, 26, 24, 6, 12, 28]
OFV: 45163.0	/ CPU: 9.955 seconds 	/ department sequence: [12, 24, 26, 17, 15, 6, 18, 1, 22, 23, 8, 25, 11, 7, 10, 13, 9, 19, 21, 3, 16, 30, 27, 5, 2, 29, 20, 14, 4, 28]
OFV: 45024.0	/ CPU: 8.157 seconds 	/ department sequence: [28, 4, 14, 20, 29, 8, 19, 30, 16, 27, 25, 11, 3, 7, 21, 9, 10, 13, 23, 17, 15, 1, 22, 18, 6, 5, 2, 26, 24, 12]
OFV: 45670.0	/ CPU: 13.565 seconds 	/ department sequence: [28, 4, 14, 20, 18, 8, 27, 16, 30, 19, 3, 25, 23, 11, 7, 21, 22, 1, 9, 10, 13, 29, 15, 17, 6, 24, 12, 26, 5, 2]
OFV: 45247.0	/ CPU: 10.032 seconds 	/ department sequence: [28, 4, 14, 20, 29, 2, 16, 30, 27, 21, 9, 13, 10, 3, 19, 25, 7, 11, 8, 23, 5, 22, 1, 18, 6, 15, 17, 26, 24, 12]
OFV: 44985.0	/ CPU: 15.689 seconds 	/ department sequence: [28, 4, 14, 20, 29, 16, 30, 27, 19, 8, 25, 11, 3, 7, 21, 9, 10, 13, 23, 22, 1, 18, 15, 17, 6, 24, 12, 26, 5, 2]
OFV: 47811.0	/ CPU: 9.174 seconds 	/ department sequence: [28, 2, 5, 6, 26, 18, 22, 21, 3, 9, 13, 29, 19, 10, 23, 25, 11, 7, 1, 30, 16, 27, 8, 17, 15, 20, 4, 14, 24, 12]
-- H_30 result
--------------------------------------------
HostNestNum = 20, P_a = 0.15
--------------------------------------------
-- 2019-01-31 20:24 result data
OFV: 45868.0	/ CPU: 8.628 seconds 	/ department sequence: [28, 2, 5, 6, 12, 26, 24, 17, 29, 13, 9, 10, 21, 25, 1, 7, 19, 22, 11, 23, 3, 8, 30, 16, 15, 27, 20, 18, 14, 4]
OFV: 45192.0	/ CPU: 13.089 seconds 	/ department sequence: [28, 2, 5, 4, 29, 14, 20, 27, 30, 16, 21, 3, 19, 9, 13, 10, 7, 11, 25, 8, 23, 17, 15, 1, 22, 6, 18, 26, 24, 12]
OFV: 45126.0	/ CPU: 12.683 seconds 	/ department sequence: [12, 24, 26, 17, 15, 6, 18, 1, 22, 10, 13, 9, 23, 7, 11, 25, 8, 19, 3, 21, 16, 30, 27, 20, 14, 29, 4, 5, 2, 28]
OFV: 45575.0	/ CPU: 7.773 seconds 	/ department sequence: [28, 12, 6, 24, 26, 15, 17, 1, 22, 25, 8, 10, 13, 7, 11, 9, 23, 19, 21, 3, 18, 16, 30, 27, 20, 14, 29, 4, 5, 2]
OFV: 45640.0	/ CPU: 7.571 seconds 	/ department sequence: [28, 4, 14, 20, 8, 15, 27, 16, 30, 18, 3, 11, 23, 22, 25, 19, 7, 1, 21, 9, 10, 13, 29, 17, 6, 24, 12, 26, 5, 2]
OFV: 46148.0	/ CPU: 5.367 seconds 	/ department sequence: [12, 24, 26, 14, 20, 18, 17, 23, 15, 1, 22, 8, 27, 10, 3, 11, 7, 25, 19, 30, 9, 13, 21, 16, 29, 4, 6, 5, 2, 28]
OFV: 46076.0	/ CPU: 5.822 seconds 	/ department sequence: [28, 2, 5, 6, 12, 26, 24, 17, 29, 13, 9, 10, 21, 25, 1, 7, 19, 16, 30, 11, 23, 3, 22, 8, 15, 27, 20, 18, 14, 4]
OFV: 45192.0	/ CPU: 5.510 seconds 	/ department sequence: [12, 24, 26, 18, 6, 22, 1, 15, 17, 23, 8, 25, 11, 7, 10, 13, 9, 19, 3, 21, 16, 30, 27, 20, 14, 29, 4, 5, 2, 28]
OFV: 45389.0	/ CPU: 9.125 seconds 	/ department sequence: [12, 24, 26, 17, 15, 6, 18, 1, 22, 5, 23, 2, 13, 10, 9, 21, 7, 3, 11, 25, 27, 16, 30, 19, 8, 29, 20, 14, 4, 28]
OFV: 47344.0	/ CPU: 6.587 seconds 	/ department sequence: [28, 4, 8, 6, 15, 16, 25, 22, 11, 30, 27, 19, 7, 1, 3, 21, 13, 10, 9, 23, 18, 17, 29, 20, 14, 24, 12, 26, 5, 2]
