-- H_30 result
--------------------------------------------
HostNestNum = 60, P_a = 0.5
--------------------------------------------
-- 2019-01-22 22:21 result data
OFV: 45895.0	/ CPU: 132.093 seconds 	/ department sequence: [28, 2, 5, 6, 12, 26, 24, 21, 13, 9, 10, 29, 17, 25, 1, 7, 19, 22, 11, 23, 3, 8, 30, 16, 15, 27, 20, 18, 14, 4]
-- H_30 result
--------------------------------------------
HostNestNum = 60, P_a = 0.5
--------------------------------------------
-- 2019-01-29 15:52 result data
OFV: 45670.0	/ CPU: 1.797 seconds 	/ department sequence: [28, 4, 14, 20, 18, 8, 27, 16, 30, 19, 3, 25, 23, 11, 7, 21, 22, 1, 9, 10, 13, 29, 15, 17, 6, 24, 12, 26, 5, 2]
OFV: 44976.0	/ CPU: 3.891 seconds 	/ department sequence: [2, 5, 26, 12, 24, 6, 18, 17, 1, 15, 22, 23, 13, 10, 9, 21, 7, 3, 11, 25, 27, 16, 30, 19, 8, 29, 20, 14, 4, 28]
OFV: 45886.0	/ CPU: 2.625 seconds 	/ department sequence: [4, 14, 18, 20, 27, 15, 16, 30, 8, 3, 11, 23, 22, 19, 7, 1, 25, 17, 29, 10, 21, 13, 9, 24, 26, 12, 6, 5, 2, 28]
OFV: 45151.0	/ CPU: 1.533 seconds 	/ department sequence: [28, 4, 14, 20, 29, 2, 5, 27, 30, 16, 21, 3, 19, 9, 13, 10, 7, 11, 25, 8, 23, 22, 1, 18, 6, 15, 17, 26, 24, 12]
OFV: 44985.0	/ CPU: 2.359 seconds 	/ department sequence: [2, 5, 26, 12, 24, 6, 17, 15, 18, 1, 22, 23, 13, 10, 9, 21, 7, 3, 11, 25, 8, 19, 27, 30, 16, 29, 20, 14, 4, 28]
OFV: 47637.0	/ CPU: 1.984 seconds 	/ department sequence: [28, 12, 6, 24, 26, 14, 20, 9, 10, 13, 21, 25, 16, 7, 1, 15, 27, 11, 30, 22, 3, 19, 8, 23, 17, 18, 29, 4, 5, 2]
OFV: 45260.0	/ CPU: 1.984 seconds 	/ department sequence: [28, 4, 14, 20, 29, 2, 5, 27, 30, 16, 21, 3, 9, 13, 10, 11, 7, 25, 19, 8, 23, 22, 6, 15, 1, 18, 17, 26, 24, 12]
OFV: 46128.0	/ CPU: 3.470 seconds 	/ department sequence: [28, 12, 24, 26, 6, 5, 2, 17, 29, 13, 9, 10, 21, 25, 1, 7, 19, 8, 23, 11, 3, 22, 30, 16, 15, 27, 20, 18, 14, 4]
OFV: 46097.0	/ CPU: 1.672 seconds 	/ department sequence: [28, 2, 5, 6, 12, 26, 24, 9, 13, 21, 10, 29, 17, 25, 1, 7, 19, 16, 30, 11, 23, 3, 22, 15, 27, 8, 20, 18, 14, 4]
OFV: 46021.0	/ CPU: 2.203 seconds 	/ department sequence: [28, 2, 5, 6, 12, 26, 24, 13, 21, 9, 10, 17, 25, 1, 7, 22, 11, 23, 3, 8, 19, 30, 27, 15, 16, 29, 20, 18, 14, 4]
