-- H_30 result
--------------------------------------------
HostNestNum = 30, P_a = 0.1
--------------------------------------------
-- 2019-01-22 22:09 result data
OFV: 46161.0	/ CPU: 28.375 seconds 	/ department sequence: [4, 14, 18, 20, 27, 15, 8, 22, 3, 23, 11, 30, 16, 19, 7, 1, 25, 21, 10, 9, 13, 29, 17, 24, 26, 5, 2, 6, 12, 28]
-- H_30 result
--------------------------------------------
HostNestNum = 30, P_a = 0.1
--------------------------------------------
-- 2019-01-28 13:38 result data
OFV: 46142.0	/ CPU: 1.902 seconds 	/ department sequence: [28, 2, 5, 6, 4, 29, 16, 21, 13, 9, 30, 19, 25, 7, 3, 11, 10, 27, 8, 23, 22, 1, 15, 17, 18, 20, 14, 26, 24, 12]
-- H_30 result
--------------------------------------------
HostNestNum = 30, P_a = 0.1
--------------------------------------------
-- 2019-01-29 15:47 result data
OFV: 45166.0	/ CPU: 3.391 seconds 	/ department sequence: [12, 24, 26, 17, 15, 6, 18, 1, 22, 23, 8, 25, 11, 7, 10, 13, 9, 19, 3, 21, 16, 30, 27, 20, 14, 29, 4, 5, 2, 28]
OFV: 45712.0	/ CPU: 3.812 seconds 	/ department sequence: [12, 24, 2, 5, 26, 6, 17, 29, 13, 10, 9, 21, 1, 7, 19, 25, 22, 11, 23, 3, 18, 30, 16, 15, 27, 8, 20, 14, 4, 28]
OFV: 46946.0	/ CPU: 2.453 seconds 	/ department sequence: [2, 5, 4, 29, 16, 8, 19, 30, 27, 3, 21, 7, 11, 9, 10, 13, 25, 23, 22, 1, 18, 17, 15, 20, 14, 26, 24, 6, 12, 28]
OFV: 46023.0	/ CPU: 1.863 seconds 	/ department sequence: [28, 12, 6, 5, 2, 26, 24, 17, 25, 13, 29, 10, 9, 21, 1, 7, 19, 8, 23, 11, 3, 22, 30, 16, 15, 27, 20, 18, 14, 4]
OFV: 45940.0	/ CPU: 1.426 seconds 	/ department sequence: [4, 14, 18, 20, 27, 15, 16, 30, 22, 23, 11, 3, 8, 19, 7, 1, 25, 17, 29, 10, 21, 13, 9, 24, 26, 12, 6, 5, 2, 28]
OFV: 45003.0	/ CPU: 1.937 seconds 	/ department sequence: [28, 4, 14, 20, 29, 8, 19, 30, 16, 27, 25, 11, 3, 7, 21, 9, 10, 13, 23, 22, 1, 18, 15, 17, 6, 5, 2, 26, 24, 12]
OFV: 45575.0	/ CPU: 3.390 seconds 	/ department sequence: [28, 12, 6, 24, 26, 15, 17, 1, 22, 25, 8, 10, 13, 7, 11, 9, 23, 19, 21, 3, 18, 16, 30, 27, 20, 14, 29, 4, 5, 2]
OFV: 46014.0	/ CPU: 2.125 seconds 	/ department sequence: [4, 14, 18, 20, 27, 15, 16, 30, 29, 19, 8, 3, 23, 11, 22, 7, 1, 21, 9, 10, 13, 25, 17, 24, 26, 12, 6, 5, 2, 28]
OFV: 45014.0	/ CPU: 2.625 seconds 	/ department sequence: [12, 24, 26, 2, 5, 6, 18, 17, 1, 15, 22, 23, 13, 10, 9, 21, 7, 3, 11, 25, 27, 16, 30, 19, 8, 29, 20, 14, 4, 28]
OFV: 44965.0	/ CPU: 1.328 seconds 	/ department sequence: [2, 5, 26, 12, 24, 6, 17, 15, 18, 1, 22, 23, 13, 10, 9, 21, 7, 3, 11, 25, 27, 16, 30, 19, 8, 29, 20, 14, 4, 28]
-- H_30 result
--------------------------------------------
HostNestNum = 30, P_a = 0.1
--------------------------------------------
-- 2019-01-29 16:57 result data
OFV: 45192.0	/ CPU: 17.190 seconds 	/ department sequence: [12, 24, 26, 18, 6, 22, 1, 15, 17, 23, 8, 25, 11, 7, 10, 13, 9, 19, 3, 21, 16, 30, 27, 20, 14, 29, 4, 5, 2, 28]
OFV: 45188.0	/ CPU: 21.942 seconds 	/ department sequence: [12, 24, 26, 17, 15, 6, 18, 1, 22, 23, 8, 25, 11, 7, 10, 13, 9, 19, 3, 27, 30, 16, 21, 20, 14, 29, 4, 5, 2, 28]
OFV: 45172.0	/ CPU: 22.660 seconds 	/ department sequence: [12, 24, 26, 17, 15, 6, 18, 1, 22, 23, 8, 11, 25, 7, 10, 13, 9, 19, 3, 21, 16, 30, 27, 20, 14, 29, 4, 5, 2, 28]
OFV: 45641.0	/ CPU: 20.019 seconds 	/ department sequence: [2, 5, 26, 12, 24, 6, 17, 29, 13, 10, 9, 21, 1, 7, 19, 25, 22, 23, 11, 3, 18, 30, 16, 15, 27, 8, 20, 14, 4, 28]
OFV: 45188.0	/ CPU: 35.069 seconds 	/ department sequence: [28, 2, 5, 4, 29, 14, 20, 21, 16, 30, 27, 3, 19, 9, 13, 10, 7, 11, 25, 8, 23, 22, 1, 18, 6, 15, 17, 26, 24, 12]
OFV: 44986.0	/ CPU: 19.020 seconds 	/ department sequence: [2, 5, 26, 12, 24, 6, 18, 22, 1, 15, 17, 23, 13, 10, 9, 21, 7, 3, 11, 25, 27, 16, 30, 19, 8, 29, 20, 14, 4, 28]
OFV: 44965.0	/ CPU: 16.362 seconds 	/ department sequence: [2, 5, 26, 12, 24, 6, 17, 15, 18, 1, 22, 23, 13, 10, 9, 21, 7, 3, 11, 25, 27, 16, 30, 19, 8, 29, 20, 14, 4, 28]
OFV: 45575.0	/ CPU: 20.363 seconds 	/ department sequence: [2, 5, 4, 29, 14, 20, 27, 30, 16, 18, 3, 21, 19, 23, 9, 11, 7, 13, 10, 8, 25, 22, 1, 17, 15, 26, 24, 6, 12, 28]
OFV: 44986.0	/ CPU: 18.667 seconds 	/ department sequence: [2, 5, 26, 12, 24, 6, 18, 22, 1, 15, 17, 23, 13, 10, 9, 21, 7, 3, 11, 25, 27, 16, 30, 19, 8, 29, 20, 14, 4, 28]
OFV: 44986.0	/ CPU: 16.565 seconds 	/ department sequence: [28, 4, 14, 20, 29, 8, 19, 30, 16, 27, 25, 11, 3, 7, 21, 9, 10, 13, 23, 17, 15, 1, 22, 18, 6, 24, 12, 26, 5, 2]
