-- H_30 result
--------------------------------------------
HostNestNum = 20, P_a = 0.2
--------------------------------------------
-- 2019-01-09 14:56 result data
OFV: 45003.0	/ CPU: 13.862 seconds 	/ department sequence: [12, 24, 26, 2, 5, 6, 17, 15, 18, 1, 22, 23, 13, 10, 9, 21, 7, 3, 11, 25, 27, 16, 30, 19, 8, 29, 20, 14, 4, 28]
OFV: 44965.0	/ CPU: 17.488 seconds 	/ department sequence: [2, 5, 26, 12, 24, 6, 17, 15, 18, 1, 22, 23, 13, 10, 9, 21, 7, 3, 11, 25, 27, 16, 30, 19, 8, 29, 20, 14, 4, 28]
OFV: 46959.0	/ CPU: 23.363 seconds 	/ department sequence: [28, 2, 5, 6, 26, 29, 17, 9, 21, 13, 10, 16, 25, 19, 7, 30, 11, 3, 23, 8, 1, 22, 27, 15, 18, 20, 4, 14, 24, 12]
OFV: 45583.0	/ CPU: 13.236 seconds 	/ department sequence: [28, 12, 6, 24, 26, 15, 17, 1, 22, 25, 8, 10, 11, 7, 13, 9, 23, 19, 21, 3, 18, 16, 30, 27, 20, 14, 29, 4, 5, 2]
OFV: 45166.0	/ CPU: 11.044 seconds 	/ department sequence: [28, 2, 5, 4, 29, 14, 20, 27, 30, 16, 21, 3, 19, 9, 13, 10, 7, 11, 25, 8, 23, 22, 1, 18, 6, 15, 17, 26, 24, 12]
OFV: 45152.0	/ CPU: 11.962 seconds 	/ department sequence: [12, 24, 26, 18, 6, 22, 1, 15, 17, 10, 13, 9, 23, 7, 11, 25, 8, 19, 3, 21, 16, 30, 27, 20, 14, 29, 4, 5, 2, 28]
OFV: 46014.0	/ CPU: 37.602 seconds 	/ department sequence: [4, 14, 18, 20, 27, 15, 16, 30, 29, 19, 8, 3, 23, 11, 22, 7, 1, 21, 9, 10, 13, 25, 17, 24, 26, 12, 6, 5, 2, 28]
OFV: 45441.0	/ CPU: 18.573 seconds 	/ department sequence: [28, 12, 6, 24, 26, 15, 17, 18, 1, 22, 25, 23, 8, 11, 7, 10, 13, 9, 19, 21, 3, 16, 30, 27, 20, 14, 29, 4, 5, 2]
OFV: 44965.0	/ CPU: 14.849 seconds 	/ department sequence: [2, 5, 26, 12, 24, 6, 17, 15, 18, 1, 22, 23, 13, 10, 9, 21, 7, 3, 11, 25, 27, 16, 30, 19, 8, 29, 20, 14, 4, 28]
OFV: 45661.0	/ CPU: 38.428 seconds 	/ department sequence: [2, 5, 26, 12, 24, 6, 17, 29, 13, 10, 9, 21, 1, 7, 19, 25, 22, 23, 11, 3, 30, 16, 15, 27, 8, 18, 20, 14, 4, 28]
-- H_30 result
--------------------------------------------
HostNestNum = 20, P_a = 0.2
--------------------------------------------
-- 2019-01-22 22:06 result data
OFV: 46762.0	/ CPU: 20.189 seconds 	/ department sequence: [4, 14, 26, 20, 29, 17, 15, 16, 9, 10, 27, 30, 11, 23, 8, 19, 7, 3, 25, 13, 21, 22, 1, 18, 24, 12, 6, 5, 2, 28]
-- H_30 result
--------------------------------------------
HostNestNum = 20, P_a = 0.2
--------------------------------------------
-- 2019-01-28 13:38 result data
OFV: 45621.0	/ CPU: 3.520 seconds 	/ department sequence: [2, 5, 4, 29, 14, 20, 18, 27, 30, 16, 3, 21, 19, 23, 9, 11, 7, 13, 10, 8, 25, 22, 1, 17, 15, 26, 24, 6, 12, 28]
-- H_30 result
--------------------------------------------
HostNestNum = 20, P_a = 0.2
--------------------------------------------
-- 2019-01-29 15:45 result data
OFV: 47184.0	/ CPU: 1.813 seconds 	/ department sequence: [28, 2, 5, 6, 18, 22, 21, 3, 8, 19, 1, 25, 7, 11, 23, 13, 30, 16, 27, 10, 9, 29, 15, 17, 26, 20, 24, 12, 14, 4]
OFV: 44965.0	/ CPU: 4.907 seconds 	/ department sequence: [2, 5, 26, 12, 24, 6, 17, 15, 18, 1, 22, 23, 13, 10, 9, 21, 7, 3, 11, 25, 27, 16, 30, 19, 8, 29, 20, 14, 4, 28]
OFV: 47406.0	/ CPU: 2.548 seconds 	/ department sequence: [28, 4, 14, 20, 26, 24, 17, 8, 25, 29, 19, 10, 9, 21, 13, 7, 1, 11, 23, 3, 30, 16, 27, 15, 22, 18, 6, 12, 5, 2]
OFV: 47126.0	/ CPU: 2.453 seconds 	/ department sequence: [28, 12, 6, 14, 20, 4, 15, 29, 16, 21, 13, 9, 30, 27, 10, 11, 7, 3, 19, 25, 8, 23, 22, 1, 18, 17, 24, 26, 5, 2]
OFV: 46139.0	/ CPU: 1.486 seconds 	/ department sequence: [28, 2, 5, 6, 4, 29, 16, 21, 13, 9, 30, 19, 25, 7, 11, 3, 10, 27, 8, 23, 22, 1, 15, 17, 18, 20, 14, 26, 24, 12]
OFV: 45188.0	/ CPU: 3.296 seconds 	/ department sequence: [12, 24, 26, 17, 15, 6, 18, 1, 22, 23, 8, 25, 11, 7, 10, 13, 9, 19, 3, 27, 30, 16, 21, 20, 14, 29, 4, 5, 2, 28]
OFV: 46987.0	/ CPU: 2.797 seconds 	/ department sequence: [28, 12, 6, 14, 4, 20, 15, 18, 22, 27, 16, 30, 11, 23, 3, 21, 13, 25, 7, 1, 8, 19, 10, 9, 29, 17, 24, 26, 5, 2]
OFV: 47662.0	/ CPU: 5.187 seconds 	/ department sequence: [2, 5, 4, 29, 18, 17, 23, 8, 19, 3, 22, 15, 27, 30, 11, 1, 7, 16, 25, 21, 13, 10, 9, 20, 14, 26, 24, 6, 12, 28]
OFV: 48015.0	/ CPU: 1.625 seconds 	/ department sequence: [28, 2, 5, 6, 12, 24, 14, 20, 29, 13, 21, 18, 22, 1, 3, 25, 19, 7, 23, 9, 10, 11, 30, 27, 16, 15, 8, 17, 4, 26]
OFV: 46746.0	/ CPU: 2.032 seconds 	/ department sequence: [12, 24, 14, 4, 18, 15, 17, 1, 22, 23, 8, 3, 11, 7, 25, 19, 30, 27, 16, 10, 13, 9, 21, 20, 29, 26, 6, 5, 2, 28]
-- H_30 result
--------------------------------------------
HostNestNum = 20, P_a = 0.2
--------------------------------------------
-- 2019-01-29 16:39 result data
OFV: 45171.0	/ CPU: 21.252 seconds 	/ department sequence: [12, 24, 26, 17, 15, 6, 18, 1, 22, 10, 13, 9, 23, 7, 11, 25, 8, 3, 16, 27, 30, 19, 21, 5, 2, 29, 20, 14, 4, 28]
OFV: 47040.0	/ CPU: 17.530 seconds 	/ department sequence: [28, 2, 5, 6, 18, 22, 21, 3, 8, 19, 1, 25, 7, 11, 23, 13, 30, 16, 27, 10, 9, 29, 15, 17, 4, 20, 14, 26, 24, 12]
OFV: 45152.0	/ CPU: 22.728 seconds 	/ department sequence: [12, 24, 26, 17, 15, 6, 18, 1, 22, 5, 23, 10, 9, 13, 7, 11, 25, 3, 21, 8, 19, 27, 30, 16, 2, 29, 20, 14, 4, 28]
OFV: 45006.0	/ CPU: 16.909 seconds 	/ department sequence: [28, 4, 14, 20, 29, 16, 30, 27, 19, 8, 25, 11, 3, 7, 21, 9, 10, 13, 23, 17, 15, 1, 22, 18, 6, 24, 12, 26, 5, 2]
OFV: 45678.0	/ CPU: 19.066 seconds 	/ department sequence: [28, 4, 14, 20, 8, 15, 27, 16, 30, 18, 3, 11, 23, 22, 25, 19, 7, 1, 21, 9, 10, 13, 29, 17, 6, 5, 2, 26, 24, 12]
OFV: 45003.0	/ CPU: 25.959 seconds 	/ department sequence: [12, 24, 26, 2, 5, 6, 17, 15, 18, 1, 22, 23, 13, 10, 9, 21, 7, 3, 11, 25, 27, 16, 30, 19, 8, 29, 20, 14, 4, 28]
OFV: 47365.0	/ CPU: 17.036 seconds 	/ department sequence: [12, 24, 26, 14, 20, 2, 5, 29, 17, 9, 10, 13, 21, 23, 27, 30, 3, 11, 7, 1, 19, 25, 16, 8, 15, 22, 6, 18, 4, 28]
OFV: 46362.0	/ CPU: 24.107 seconds 	/ department sequence: [12, 24, 26, 17, 8, 1, 10, 9, 7, 19, 25, 23, 11, 22, 18, 3, 15, 27, 30, 16, 13, 21, 6, 20, 14, 29, 4, 5, 2, 28]
OFV: 45181.0	/ CPU: 22.239 seconds 	/ department sequence: [28, 4, 14, 20, 29, 2, 5, 27, 30, 16, 21, 3, 19, 9, 13, 10, 25, 7, 11, 8, 23, 17, 15, 1, 22, 6, 18, 26, 24, 12]
OFV: 45130.0	/ CPU: 19.987 seconds 	/ department sequence: [12, 24, 26, 17, 15, 6, 18, 1, 22, 23, 10, 9, 13, 7, 11, 25, 8, 19, 3, 21, 16, 30, 27, 20, 14, 29, 4, 5, 2, 28]
-- H_30 result
--------------------------------------------
HostNestNum = 20, P_a = 0.2
--------------------------------------------
-- 2019-01-29 17:49 result data
OFV: 45188.0	/ CPU: 14.314 seconds 	/ department sequence: [12, 24, 26, 17, 15, 6, 18, 1, 22, 23, 8, 25, 11, 7, 10, 13, 9, 19, 3, 27, 30, 16, 21, 20, 14, 29, 4, 5, 2, 28]
OFV: 45003.0	/ CPU: 8.594 seconds 	/ department sequence: [12, 24, 26, 2, 5, 6, 17, 15, 18, 1, 22, 23, 13, 10, 9, 21, 7, 3, 11, 25, 27, 16, 30, 19, 8, 29, 20, 14, 4, 28]
OFV: 46860.0	/ CPU: 13.331 seconds 	/ department sequence: [12, 24, 14, 4, 18, 20, 15, 17, 23, 8, 1, 22, 27, 3, 11, 30, 7, 19, 25, 16, 10, 13, 21, 9, 29, 26, 6, 5, 2, 28]
OFV: 45003.0	/ CPU: 11.455 seconds 	/ department sequence: [28, 4, 14, 20, 29, 8, 19, 30, 16, 27, 25, 11, 3, 7, 21, 9, 10, 13, 23, 22, 1, 18, 15, 17, 6, 5, 2, 26, 24, 12]
OFV: 46647.0	/ CPU: 8.846 seconds 	/ department sequence: [2, 5, 26, 4, 29, 17, 9, 10, 16, 27, 30, 11, 23, 3, 13, 21, 7, 19, 25, 8, 1, 22, 15, 18, 20, 14, 24, 6, 12, 28]
OFV: 45166.0	/ CPU: 10.829 seconds 	/ department sequence: [12, 24, 26, 17, 15, 6, 18, 1, 22, 23, 8, 25, 11, 7, 10, 13, 9, 19, 3, 21, 16, 30, 27, 20, 14, 29, 4, 5, 2, 28]
OFV: 45868.0	/ CPU: 8.564 seconds 	/ department sequence: [28, 2, 5, 6, 12, 26, 24, 17, 29, 13, 9, 10, 21, 25, 1, 7, 19, 22, 23, 11, 3, 8, 30, 16, 15, 27, 20, 18, 14, 4]
OFV: 45166.0	/ CPU: 9.376 seconds 	/ department sequence: [28, 2, 5, 4, 29, 14, 20, 27, 30, 16, 21, 3, 19, 9, 13, 10, 7, 11, 25, 8, 23, 22, 1, 18, 6, 15, 17, 26, 24, 12]
OFV: 45640.0	/ CPU: 9.861 seconds 	/ department sequence: [28, 4, 14, 20, 8, 15, 27, 16, 30, 18, 3, 11, 23, 22, 25, 19, 7, 1, 21, 9, 10, 13, 29, 17, 6, 24, 12, 26, 5, 2]
OFV: 47040.0	/ CPU: 8.266 seconds 	/ department sequence: [28, 2, 5, 6, 18, 22, 21, 3, 8, 19, 1, 25, 7, 11, 23, 13, 30, 16, 27, 10, 9, 29, 15, 17, 4, 20, 14, 26, 24, 12]
-- H_30 result
--------------------------------------------
HostNestNum = 20, P_a = 0.2
--------------------------------------------
-- 2019-01-31 20:26 result data
OFV: 45575.0	/ CPU: 7.021 seconds 	/ department sequence: [2, 5, 4, 29, 14, 20, 27, 30, 16, 18, 3, 21, 19, 23, 9, 11, 7, 13, 10, 8, 25, 22, 1, 17, 15, 26, 24, 6, 12, 28]
OFV: 45148.0	/ CPU: 17.431 seconds 	/ department sequence: [12, 24, 26, 17, 15, 6, 18, 1, 22, 10, 13, 9, 23, 7, 11, 25, 8, 19, 3, 27, 30, 16, 21, 20, 14, 29, 4, 5, 2, 28]
OFV: 46139.0	/ CPU: 15.033 seconds 	/ department sequence: [28, 2, 5, 6, 4, 29, 16, 21, 13, 9, 30, 19, 25, 7, 11, 3, 10, 27, 8, 23, 22, 1, 15, 17, 18, 20, 14, 26, 24, 12]
OFV: 47646.0	/ CPU: 13.202 seconds 	/ department sequence: [28, 12, 24, 14, 20, 26, 6, 15, 17, 29, 13, 10, 9, 25, 16, 7, 1, 21, 19, 30, 11, 23, 8, 3, 27, 22, 18, 4, 5, 2]
OFV: 45640.0	/ CPU: 9.032 seconds 	/ department sequence: [2, 5, 26, 12, 24, 6, 17, 29, 13, 10, 9, 21, 1, 7, 19, 25, 22, 23, 11, 3, 18, 30, 16, 27, 15, 8, 20, 14, 4, 28]
OFV: 44965.0	/ CPU: 0.608 seconds 	/ department sequence: [28, 4, 14, 20, 29, 8, 19, 30, 16, 27, 25, 11, 3, 7, 21, 9, 10, 13, 23, 22, 1, 18, 15, 17, 6, 24, 12, 26, 5, 2]
OFV: 45188.0	/ CPU: 6.876 seconds 	/ department sequence: [12, 24, 26, 17, 15, 6, 18, 1, 22, 23, 8, 25, 11, 7, 10, 13, 9, 19, 3, 27, 30, 16, 21, 20, 14, 29, 4, 5, 2, 28]
OFV: 44965.0	/ CPU: 0.506 seconds 	/ department sequence: [28, 4, 14, 20, 29, 8, 19, 30, 16, 27, 25, 11, 3, 7, 21, 9, 10, 13, 23, 22, 1, 18, 15, 17, 6, 24, 12, 26, 5, 2]
OFV: 45651.0	/ CPU: 9.927 seconds 	/ department sequence: [28, 4, 14, 20, 8, 15, 27, 16, 30, 18, 3, 11, 23, 22, 25, 19, 7, 1, 21, 9, 10, 13, 29, 17, 6, 26, 24, 12, 5, 2]
OFV: 45575.0	/ CPU: 9.410 seconds 	/ department sequence: [2, 5, 4, 29, 14, 20, 27, 30, 16, 18, 3, 21, 19, 23, 9, 11, 7, 13, 10, 8, 25, 22, 1, 17, 15, 26, 24, 6, 12, 28]
