-- H_30 result
--------------------------------------------
HostNestNum = 15, P_a = 0.5
--------------------------------------------
-- 2019-01-09 14:47 result data
OFV: 47040.0	/ CPU: 43.980 seconds 	/ department sequence: [28, 2, 5, 6, 18, 22, 21, 3, 8, 19, 1, 25, 7, 11, 23, 13, 30, 16, 27, 10, 9, 29, 15, 17, 4, 20, 14, 26, 24, 12]
OFV: 45640.0	/ CPU: 43.671 seconds 	/ department sequence: [28, 4, 14, 20, 8, 15, 27, 16, 30, 18, 3, 11, 23, 22, 25, 19, 7, 1, 21, 9, 10, 13, 29, 17, 6, 24, 12, 26, 5, 2]
OFV: 47492.0	/ CPU: 19.182 seconds 	/ department sequence: [12, 24, 26, 14, 20, 17, 29, 9, 10, 13, 21, 19, 7, 1, 25, 8, 23, 11, 3, 30, 16, 27, 15, 22, 4, 18, 6, 5, 2, 28]
OFV: 45166.0	/ CPU: 29.507 seconds 	/ department sequence: [28, 2, 5, 4, 29, 14, 20, 27, 30, 16, 21, 3, 19, 9, 13, 10, 7, 11, 25, 8, 23, 22, 1, 18, 6, 15, 17, 26, 24, 12]
OFV: 45188.0	/ CPU: 47.830 seconds 	/ department sequence: [12, 24, 26, 17, 15, 6, 18, 1, 22, 23, 8, 25, 11, 7, 10, 13, 9, 19, 3, 27, 30, 16, 21, 20, 14, 29, 4, 5, 2, 28]
OFV: 45868.0	/ CPU: 21.257 seconds 	/ department sequence: [28, 2, 5, 6, 12, 26, 24, 17, 29, 13, 9, 10, 21, 25, 1, 7, 19, 22, 11, 23, 3, 8, 30, 16, 15, 27, 20, 18, 14, 4]
OFV: 45166.0	/ CPU: 23.074 seconds 	/ department sequence: [12, 24, 26, 17, 15, 6, 18, 1, 22, 23, 8, 25, 11, 7, 10, 13, 9, 19, 3, 21, 16, 30, 27, 20, 14, 29, 4, 5, 2, 28]
OFV: 47362.0	/ CPU: 20.708 seconds 	/ department sequence: [2, 5, 26, 12, 24, 6, 14, 20, 29, 13, 9, 10, 21, 27, 16, 30, 3, 7, 11, 1, 19, 25, 23, 22, 15, 17, 8, 18, 4, 28]
OFV: 45603.0	/ CPU: 23.431 seconds 	/ department sequence: [28, 4, 14, 20, 29, 8, 19, 30, 16, 27, 15, 25, 11, 3, 23, 18, 22, 7, 1, 21, 10, 9, 13, 17, 6, 24, 12, 26, 5, 2]
OFV: 45467.0	/ CPU: 19.103 seconds 	/ department sequence: [2, 5, 4, 29, 14, 20, 27, 30, 16, 3, 21, 19, 9, 13, 10, 7, 11, 8, 23, 25, 17, 15, 1, 22, 18, 26, 24, 6, 12, 28]
-- H_30 result
--------------------------------------------
HostNestNum = 15, P_a = 0.5
--------------------------------------------
-- 2019-01-22 22:05 result data
OFV: 45678.0	/ CPU: 54.821 seconds 	/ department sequence: [12, 24, 26, 2, 5, 6, 17, 29, 13, 10, 9, 21, 1, 7, 19, 25, 22, 23, 11, 3, 18, 30, 16, 27, 15, 8, 20, 14, 4, 28]
-- H_30 result
--------------------------------------------
HostNestNum = 15, P_a = 0.5
--------------------------------------------
-- 2019-01-25 13:04 result data
OFV: 45164.0	/ CPU: 95.141 seconds 	/ department sequence: [28, 4, 14, 20, 29, 2, 5, 27, 30, 16, 21, 3, 19, 9, 13, 10, 7, 11, 25, 8, 23, 22, 1, 18, 15, 6, 17, 26, 24, 12]
-- H_30 result
--------------------------------------------
HostNestNum = 15, P_a = 0.5
--------------------------------------------
-- 2019-01-28 13:38 result data
OFV: 45192.0	/ CPU: 7.647 seconds 	/ department sequence: [12, 24, 26, 18, 6, 22, 1, 15, 17, 23, 8, 25, 11, 7, 10, 13, 9, 19, 3, 21, 16, 30, 27, 20, 14, 29, 4, 5, 2, 28]
-- H_30 result
--------------------------------------------
HostNestNum = 15, P_a = 0.5
--------------------------------------------
-- 2019-01-29 15:43 result data
OFV: 45158.0	/ CPU: 2.969 seconds 	/ department sequence: [12, 24, 26, 17, 15, 6, 18, 1, 22, 5, 23, 10, 9, 13, 7, 11, 3, 21, 25, 8, 19, 27, 30, 16, 2, 29, 20, 14, 4, 28]
OFV: 45953.0	/ CPU: 3.079 seconds 	/ department sequence: [4, 14, 18, 20, 27, 15, 16, 30, 8, 3, 23, 11, 22, 19, 7, 1, 25, 21, 10, 9, 13, 29, 17, 24, 26, 5, 2, 6, 12, 28]
OFV: 45006.0	/ CPU: 2.172 seconds 	/ department sequence: [2, 5, 26, 12, 24, 6, 18, 22, 1, 15, 17, 23, 13, 10, 9, 21, 7, 3, 11, 25, 8, 19, 27, 30, 16, 29, 20, 14, 4, 28]
OFV: 45186.0	/ CPU: 3.062 seconds 	/ department sequence: [12, 24, 26, 17, 15, 6, 18, 1, 22, 10, 13, 9, 23, 7, 11, 25, 8, 3, 16, 27, 30, 19, 21, 20, 14, 29, 4, 5, 2, 28]
OFV: 45877.0	/ CPU: 6.470 seconds 	/ department sequence: [28, 2, 5, 6, 12, 26, 24, 17, 29, 13, 9, 10, 25, 21, 1, 7, 19, 22, 23, 11, 3, 8, 30, 16, 15, 27, 20, 18, 14, 4]
OFV: 46178.0	/ CPU: 2.818 seconds 	/ department sequence: [12, 24, 26, 14, 20, 18, 17, 15, 1, 22, 23, 8, 27, 10, 7, 11, 25, 3, 19, 30, 9, 13, 21, 16, 29, 4, 6, 5, 2, 28]
OFV: 45661.0	/ CPU: 2.020 seconds 	/ department sequence: [28, 4, 14, 20, 18, 8, 27, 15, 16, 30, 3, 11, 23, 22, 25, 19, 7, 1, 21, 9, 10, 13, 29, 17, 6, 24, 12, 26, 5, 2]
OFV: 46963.0	/ CPU: 4.302 seconds 	/ department sequence: [28, 4, 8, 17, 25, 19, 29, 16, 30, 11, 7, 23, 9, 13, 10, 21, 3, 27, 20, 14, 15, 1, 22, 18, 6, 24, 12, 26, 5, 2]
OFV: 46171.0	/ CPU: 4.156 seconds 	/ department sequence: [28, 2, 5, 6, 4, 29, 9, 21, 13, 16, 30, 19, 25, 7, 11, 3, 10, 27, 8, 23, 22, 1, 15, 17, 18, 20, 14, 26, 24, 12]
OFV: 44985.0	/ CPU: 3.957 seconds 	/ department sequence: [28, 4, 14, 20, 29, 16, 30, 27, 19, 8, 25, 11, 3, 7, 21, 9, 10, 13, 23, 22, 1, 18, 15, 17, 6, 24, 12, 26, 5, 2]
-- H_30 result
--------------------------------------------
HostNestNum = 15, P_a = 0.5
--------------------------------------------
-- 2019-01-29 16:25 result data
OFV: 45661.0	/ CPU: 20.080 seconds 	/ department sequence: [28, 4, 14, 20, 18, 8, 27, 15, 16, 30, 3, 11, 23, 22, 25, 19, 7, 1, 21, 9, 10, 13, 29, 17, 6, 24, 12, 26, 5, 2]
OFV: 45609.0	/ CPU: 19.933 seconds 	/ department sequence: [28, 2, 5, 4, 29, 14, 20, 6, 21, 13, 16, 30, 27, 3, 9, 10, 11, 7, 25, 19, 8, 23, 22, 1, 15, 18, 17, 26, 24, 12]
OFV: 45699.0	/ CPU: 18.299 seconds 	/ department sequence: [12, 24, 26, 2, 5, 6, 17, 29, 13, 10, 9, 21, 1, 7, 19, 25, 22, 23, 11, 3, 30, 16, 15, 27, 8, 18, 20, 14, 4, 28]
OFV: 45665.0	/ CPU: 18.532 seconds 	/ department sequence: [28, 2, 5, 4, 29, 14, 20, 6, 15, 16, 27, 30, 13, 21, 3, 9, 10, 11, 7, 25, 19, 8, 23, 22, 1, 18, 17, 26, 24, 12]
OFV: 45146.0	/ CPU: 23.603 seconds 	/ department sequence: [12, 24, 26, 17, 15, 6, 18, 1, 22, 5, 23, 10, 9, 13, 7, 11, 25, 8, 3, 21, 19, 27, 30, 16, 2, 29, 20, 14, 4, 28]
OFV: 46215.0	/ CPU: 21.984 seconds 	/ department sequence: [28, 2, 5, 6, 4, 29, 16, 25, 13, 21, 9, 30, 19, 7, 11, 3, 10, 27, 8, 23, 22, 1, 15, 17, 18, 20, 14, 26, 24, 12]
OFV: 45575.0	/ CPU: 23.684 seconds 	/ department sequence: [28, 12, 6, 24, 26, 15, 17, 1, 22, 25, 8, 10, 13, 7, 11, 9, 23, 19, 21, 3, 18, 16, 30, 27, 20, 14, 29, 4, 5, 2]
OFV: 45034.0	/ CPU: 21.628 seconds 	/ department sequence: [28, 4, 14, 20, 29, 16, 30, 27, 19, 8, 25, 11, 3, 7, 21, 9, 10, 13, 23, 22, 15, 1, 17, 18, 6, 5, 2, 26, 24, 12]
OFV: 47777.0	/ CPU: 22.583 seconds 	/ department sequence: [2, 5, 26, 24, 17, 18, 29, 23, 19, 8, 1, 22, 25, 10, 3, 27, 11, 7, 9, 21, 13, 30, 16, 15, 20, 6, 12, 14, 4, 28]
OFV: 45658.0	/ CPU: 22.130 seconds 	/ department sequence: [28, 4, 14, 20, 8, 15, 27, 16, 30, 18, 3, 11, 23, 25, 19, 22, 7, 1, 21, 9, 10, 13, 29, 17, 6, 24, 12, 26, 5, 2]
-- H_30 result
--------------------------------------------
HostNestNum = 15, P_a = 0.5
--------------------------------------------
-- 2019-01-29 17:42 result data
OFV: 45133.0	/ CPU: 8.921 seconds 	/ department sequence: [12, 24, 26, 17, 15, 6, 18, 1, 22, 10, 13, 9, 23, 7, 11, 25, 8, 19, 3, 27, 30, 16, 21, 5, 2, 29, 20, 14, 4, 28]
OFV: 45868.0	/ CPU: 12.776 seconds 	/ department sequence: [28, 2, 5, 6, 12, 26, 24, 17, 29, 13, 9, 10, 21, 25, 1, 7, 19, 22, 23, 11, 3, 8, 30, 16, 15, 27, 20, 18, 14, 4]
OFV: 45192.0	/ CPU: 14.111 seconds 	/ department sequence: [12, 24, 26, 18, 6, 22, 1, 15, 17, 23, 8, 25, 11, 7, 10, 13, 9, 19, 3, 21, 16, 30, 27, 20, 14, 29, 4, 5, 2, 28]
OFV: 44996.0	/ CPU: 13.077 seconds 	/ department sequence: [2, 5, 26, 12, 24, 6, 18, 17, 1, 15, 22, 23, 13, 10, 9, 21, 7, 3, 11, 25, 8, 19, 27, 30, 16, 29, 20, 14, 4, 28]
OFV: 46139.0	/ CPU: 8.145 seconds 	/ department sequence: [28, 2, 5, 6, 4, 29, 16, 21, 13, 9, 30, 19, 25, 7, 11, 3, 10, 27, 8, 23, 22, 1, 15, 17, 18, 20, 14, 26, 24, 12]
OFV: 45575.0	/ CPU: 9.955 seconds 	/ department sequence: [28, 12, 6, 24, 26, 15, 17, 1, 22, 25, 8, 10, 13, 7, 11, 9, 23, 19, 21, 3, 18, 16, 30, 27, 20, 14, 29, 4, 5, 2]
OFV: 45670.0	/ CPU: 16.972 seconds 	/ department sequence: [2, 5, 26, 12, 24, 6, 17, 15, 29, 13, 10, 9, 1, 22, 21, 7, 11, 23, 25, 3, 19, 30, 16, 27, 8, 18, 20, 14, 4, 28]
OFV: 46674.0	/ CPU: 8.280 seconds 	/ department sequence: [2, 5, 26, 4, 29, 9, 16, 30, 27, 10, 13, 21, 3, 11, 7, 19, 23, 25, 17, 8, 1, 22, 15, 18, 20, 14, 24, 6, 12, 28]
OFV: 45178.0	/ CPU: 16.772 seconds 	/ department sequence: [28, 2, 5, 4, 29, 14, 20, 21, 16, 30, 27, 3, 19, 8, 25, 11, 7, 13, 9, 10, 23, 17, 15, 1, 22, 6, 18, 26, 24, 12]
OFV: 44985.0	/ CPU: 11.533 seconds 	/ department sequence: [28, 4, 14, 20, 29, 16, 30, 27, 19, 8, 25, 11, 3, 7, 21, 9, 10, 13, 23, 22, 1, 18, 15, 17, 6, 24, 12, 26, 5, 2]
-- H_30 result
--------------------------------------------
HostNestNum = 15, P_a = 0.5
--------------------------------------------
-- 2019-01-31 20:20 result data
OFV: 45914.0	/ CPU: 10.174 seconds 	/ department sequence: [2, 5, 4, 29, 14, 20, 27, 30, 16, 18, 3, 21, 19, 23, 8, 11, 7, 22, 1, 25, 13, 10, 9, 17, 15, 26, 24, 6, 12, 28]
OFV: 45914.0	/ CPU: 9.815 seconds 	/ department sequence: [28, 12, 6, 24, 26, 15, 17, 9, 10, 13, 25, 1, 22, 7, 11, 8, 23, 19, 21, 3, 18, 16, 30, 27, 20, 14, 29, 4, 5, 2]
OFV: 47377.0	/ CPU: 18.200 seconds 	/ department sequence: [28, 2, 5, 6, 4, 29, 18, 22, 21, 19, 3, 13, 30, 16, 25, 11, 23, 7, 9, 27, 10, 1, 8, 15, 17, 20, 14, 26, 24, 12]
OFV: 45609.0	/ CPU: 13.724 seconds 	/ department sequence: [12, 24, 26, 17, 18, 1, 15, 22, 23, 8, 19, 25, 7, 11, 10, 9, 3, 27, 30, 16, 13, 21, 6, 20, 14, 29, 4, 5, 2, 28]
OFV: 45640.0	/ CPU: 11.047 seconds 	/ department sequence: [2, 5, 26, 12, 24, 6, 17, 29, 13, 10, 9, 21, 1, 7, 19, 25, 22, 23, 11, 3, 18, 30, 16, 27, 15, 8, 20, 14, 4, 28]
OFV: 45192.0	/ CPU: 16.690 seconds 	/ department sequence: [12, 24, 26, 18, 6, 22, 1, 15, 17, 23, 8, 25, 11, 7, 10, 13, 9, 19, 3, 21, 16, 30, 27, 20, 14, 29, 4, 5, 2, 28]
OFV: 47358.0	/ CPU: 8.545 seconds 	/ department sequence: [12, 24, 26, 14, 20, 4, 17, 29, 9, 10, 23, 13, 16, 25, 7, 11, 30, 19, 1, 21, 3, 8, 27, 15, 22, 18, 6, 5, 2, 28]
OFV: 45441.0	/ CPU: 33.821 seconds 	/ department sequence: [28, 12, 6, 24, 26, 15, 17, 18, 1, 22, 25, 23, 8, 11, 7, 10, 13, 9, 19, 21, 3, 16, 30, 27, 20, 14, 29, 4, 5, 2]
OFV: 44986.0	/ CPU: 8.286 seconds 	/ department sequence: [28, 4, 14, 20, 29, 8, 19, 30, 16, 27, 25, 11, 3, 7, 21, 9, 10, 13, 23, 17, 15, 1, 22, 18, 6, 24, 12, 26, 5, 2]
OFV: 46099.0	/ CPU: 7.237 seconds 	/ department sequence: [4, 14, 18, 20, 27, 15, 16, 30, 29, 19, 8, 3, 23, 11, 22, 7, 1, 21, 9, 10, 13, 25, 17, 24, 26, 5, 2, 6, 12, 28]
