-- H_30 result
--------------------------------------------
HostNestNum = 60, P_a = 0.4
--------------------------------------------
-- 2019-01-22 22:19 result data
OFV: 44965.0	/ CPU: 159.445 seconds 	/ department sequence: [2, 5, 26, 12, 24, 6, 17, 15, 18, 1, 22, 23, 13, 10, 9, 21, 7, 3, 11, 25, 27, 16, 30, 19, 8, 29, 20, 14, 4, 28]
-- H_30 result
--------------------------------------------
HostNestNum = 60, P_a = 0.4
--------------------------------------------
-- 2019-01-29 15:51 result data
OFV: 45661.0	/ CPU: 3.203 seconds 	/ department sequence: [12, 24, 26, 17, 18, 1, 22, 23, 8, 19, 25, 7, 11, 10, 9, 3, 21, 13, 6, 15, 16, 30, 27, 20, 14, 29, 4, 5, 2, 28]
OFV: 44985.0	/ CPU: 1.376 seconds 	/ department sequence: [28, 4, 14, 20, 29, 16, 30, 27, 19, 8, 25, 11, 3, 7, 21, 9, 10, 13, 23, 22, 1, 18, 15, 17, 6, 24, 12, 26, 5, 2]
OFV: 45678.0	/ CPU: 2.000 seconds 	/ department sequence: [28, 4, 14, 20, 8, 15, 27, 16, 30, 18, 3, 11, 23, 22, 25, 19, 7, 1, 21, 9, 10, 13, 29, 17, 6, 5, 2, 26, 24, 12]
OFV: 45575.0	/ CPU: 2.298 seconds 	/ department sequence: [2, 5, 4, 29, 14, 20, 27, 30, 16, 18, 3, 21, 19, 23, 9, 11, 7, 13, 10, 8, 25, 22, 1, 17, 15, 26, 24, 6, 12, 28]
OFV: 46097.0	/ CPU: 3.140 seconds 	/ department sequence: [4, 14, 18, 20, 27, 15, 8, 22, 3, 23, 11, 30, 16, 19, 7, 1, 25, 17, 29, 10, 9, 21, 13, 24, 26, 12, 6, 5, 2, 28]
OFV: 45953.0	/ CPU: 3.079 seconds 	/ department sequence: [4, 14, 18, 20, 27, 15, 16, 30, 8, 3, 11, 23, 22, 19, 7, 1, 25, 21, 10, 9, 13, 29, 17, 24, 26, 5, 2, 6, 12, 28]
OFV: 45188.0	/ CPU: 4.111 seconds 	/ department sequence: [12, 24, 26, 17, 15, 6, 18, 1, 22, 23, 8, 25, 11, 7, 10, 13, 9, 19, 3, 27, 30, 16, 21, 20, 14, 29, 4, 5, 2, 28]
OFV: 45188.0	/ CPU: 2.624 seconds 	/ department sequence: [12, 24, 26, 17, 15, 6, 18, 1, 22, 23, 8, 25, 11, 7, 10, 13, 9, 19, 3, 27, 30, 16, 21, 20, 14, 29, 4, 5, 2, 28]
OFV: 45646.0	/ CPU: 4.798 seconds 	/ department sequence: [12, 24, 26, 17, 18, 1, 22, 23, 8, 19, 25, 7, 11, 10, 9, 3, 21, 13, 6, 15, 16, 30, 27, 5, 2, 29, 20, 14, 4, 28]
OFV: 45868.0	/ CPU: 2.829 seconds 	/ department sequence: [28, 2, 5, 6, 12, 26, 24, 17, 29, 13, 9, 10, 21, 25, 1, 7, 19, 22, 11, 23, 3, 8, 30, 16, 15, 27, 20, 18, 14, 4]
