-- H_30 result
--------------------------------------------
HostNestNum = 15, P_a = 0.25
--------------------------------------------
-- 2019-01-09 17:36 result data
-- H_30 result
--------------------------------------------
HostNestNum = 15, P_a = 0.25
--------------------------------------------
-- 2019-01-22 22:04 result data
OFV: 47967.0	/ CPU: 23.171 seconds 	/ department sequence: [2, 5, 26, 18, 22, 21, 3, 9, 23, 27, 10, 11, 30, 19, 7, 1, 8, 16, 25, 13, 17, 29, 15, 6, 4, 20, 14, 24, 12, 28]
-- H_30 result
--------------------------------------------
HostNestNum = 15, P_a = 0.25
--------------------------------------------
-- 2019-01-25 13:01 result data
OFV: 45122.0	/ CPU: 91.285 seconds 	/ department sequence: [28, 4, 14, 20, 29, 16, 30, 27, 19, 8, 21, 3, 7, 11, 25, 9, 10, 13, 23, 22, 1, 18, 15, 17, 6, 24, 12, 26, 5, 2]
-- H_30 result
--------------------------------------------
HostNestNum = 15, P_a = 0.25
--------------------------------------------
-- 2019-01-28 13:38 result data
OFV: 47669.0	/ CPU: 1.884 seconds 	/ department sequence: [2, 5, 4, 29, 18, 19, 8, 22, 3, 23, 30, 11, 27, 16, 7, 1, 25, 21, 13, 10, 9, 17, 15, 6, 14, 20, 26, 24, 12, 28]
-- H_30 result
--------------------------------------------
HostNestNum = 15, P_a = 0.25
--------------------------------------------
-- 2019-01-29 15:42 result data
OFV: 47540.0	/ CPU: 2.282 seconds 	/ department sequence: [28, 12, 6, 24, 14, 20, 18, 15, 22, 1, 4, 27, 30, 11, 3, 23, 16, 25, 7, 13, 21, 8, 19, 10, 9, 29, 17, 26, 5, 2]
OFV: 47452.0	/ CPU: 2.284 seconds 	/ department sequence: [12, 24, 26, 14, 20, 17, 29, 9, 10, 19, 1, 7, 8, 25, 13, 23, 11, 30, 16, 27, 3, 21, 15, 22, 4, 18, 6, 5, 2, 28]
OFV: 44965.0	/ CPU: 2.252 seconds 	/ department sequence: [28, 4, 14, 20, 29, 8, 19, 30, 16, 27, 25, 11, 3, 7, 21, 9, 10, 13, 23, 22, 1, 18, 15, 17, 6, 24, 12, 26, 5, 2]
OFV: 44965.0	/ CPU: 1.794 seconds 	/ department sequence: [28, 4, 14, 20, 29, 8, 19, 30, 16, 27, 25, 11, 3, 7, 21, 9, 10, 13, 23, 22, 1, 18, 15, 17, 6, 24, 12, 26, 5, 2]
OFV: 47235.0	/ CPU: 2.055 seconds 	/ department sequence: [2, 5, 26, 12, 24, 14, 20, 29, 17, 9, 10, 13, 21, 27, 30, 19, 7, 1, 3, 11, 23, 25, 16, 8, 15, 22, 6, 18, 4, 28]
OFV: 46142.0	/ CPU: 6.030 seconds 	/ department sequence: [12, 24, 26, 14, 20, 18, 17, 15, 1, 22, 23, 8, 27, 10, 11, 3, 7, 25, 19, 30, 9, 13, 21, 16, 29, 4, 6, 5, 2, 28]
OFV: 45146.0	/ CPU: 2.427 seconds 	/ department sequence: [12, 24, 26, 17, 15, 6, 18, 1, 22, 5, 23, 10, 9, 13, 7, 11, 25, 8, 3, 21, 19, 27, 30, 16, 2, 29, 20, 14, 4, 28]
OFV: 46059.0	/ CPU: 2.000 seconds 	/ department sequence: [28, 2, 5, 6, 12, 26, 24, 17, 15, 1, 22, 25, 13, 10, 21, 9, 7, 11, 23, 3, 29, 19, 8, 30, 16, 27, 20, 18, 14, 4]
OFV: 47475.0	/ CPU: 3.431 seconds 	/ department sequence: [12, 24, 26, 14, 20, 17, 8, 29, 19, 10, 1, 7, 9, 25, 13, 23, 11, 30, 16, 27, 3, 21, 15, 22, 4, 18, 6, 5, 2, 28]
OFV: 45609.0	/ CPU: 2.235 seconds 	/ department sequence: [12, 24, 26, 17, 18, 1, 15, 22, 23, 8, 19, 25, 7, 11, 10, 9, 3, 27, 30, 16, 13, 21, 6, 20, 14, 29, 4, 5, 2, 28]
-- H_30 result
--------------------------------------------
HostNestNum = 15, P_a = 0.25
--------------------------------------------
-- 2019-01-29 16:17 result data
OFV: 45214.0	/ CPU: 21.753 seconds 	/ department sequence: [12, 24, 26, 18, 6, 22, 1, 15, 17, 23, 8, 25, 11, 7, 10, 13, 9, 19, 3, 21, 27, 30, 16, 20, 14, 29, 4, 5, 2, 28]
OFV: 44986.0	/ CPU: 18.361 seconds 	/ department sequence: [2, 5, 26, 12, 24, 6, 18, 22, 1, 15, 17, 23, 13, 10, 9, 21, 7, 3, 11, 25, 27, 16, 30, 19, 8, 29, 20, 14, 4, 28]
OFV: 45914.0	/ CPU: 23.582 seconds 	/ department sequence: [2, 5, 4, 29, 14, 20, 27, 30, 16, 18, 3, 21, 19, 23, 8, 11, 7, 22, 1, 25, 13, 10, 9, 17, 15, 26, 24, 6, 12, 28]
OFV: 45575.0	/ CPU: 24.274 seconds 	/ department sequence: [2, 5, 4, 29, 14, 20, 27, 30, 16, 18, 3, 21, 19, 23, 9, 11, 7, 13, 10, 8, 25, 22, 1, 17, 15, 26, 24, 6, 12, 28]
OFV: 45665.0	/ CPU: 21.301 seconds 	/ department sequence: [28, 2, 5, 4, 29, 14, 20, 6, 15, 16, 27, 30, 13, 21, 3, 9, 10, 11, 7, 25, 19, 8, 23, 22, 1, 18, 17, 26, 24, 12]
OFV: 45661.0	/ CPU: 34.432 seconds 	/ department sequence: [2, 5, 26, 12, 24, 6, 17, 29, 13, 10, 9, 21, 1, 7, 19, 25, 22, 23, 11, 3, 30, 16, 15, 27, 8, 18, 20, 14, 4, 28]
OFV: 45597.0	/ CPU: 20.413 seconds 	/ department sequence: [28, 4, 14, 20, 29, 2, 5, 6, 21, 13, 16, 30, 27, 3, 9, 10, 11, 7, 19, 25, 8, 23, 22, 1, 15, 18, 17, 26, 24, 12]
OFV: 45441.0	/ CPU: 23.581 seconds 	/ department sequence: [28, 12, 6, 24, 26, 15, 17, 18, 1, 22, 25, 23, 8, 11, 7, 10, 13, 9, 19, 21, 3, 16, 30, 27, 20, 14, 29, 4, 5, 2]
OFV: 45273.0	/ CPU: 24.387 seconds 	/ department sequence: [28, 4, 14, 20, 29, 2, 21, 16, 30, 27, 9, 3, 19, 13, 10, 25, 7, 11, 8, 23, 5, 22, 1, 18, 6, 15, 17, 26, 24, 12]
OFV: 45640.0	/ CPU: 27.863 seconds 	/ department sequence: [2, 5, 26, 12, 24, 6, 17, 29, 13, 10, 9, 21, 1, 7, 19, 25, 22, 23, 11, 3, 18, 30, 16, 27, 15, 8, 20, 14, 4, 28]
-- H_30 result
--------------------------------------------
HostNestNum = 15, P_a = 0.25
--------------------------------------------
-- 2019-01-29 17:39 result data
OFV: 45130.0	/ CPU: 7.155 seconds 	/ department sequence: [12, 24, 26, 17, 15, 6, 18, 1, 22, 23, 10, 9, 13, 7, 11, 25, 8, 19, 3, 21, 16, 30, 27, 20, 14, 29, 4, 5, 2, 28]
OFV: 45670.0	/ CPU: 8.346 seconds 	/ department sequence: [28, 4, 14, 20, 18, 8, 27, 16, 30, 19, 3, 25, 23, 11, 7, 21, 22, 1, 9, 10, 13, 29, 15, 17, 6, 24, 12, 26, 5, 2]
OFV: 45444.0	/ CPU: 8.986 seconds 	/ department sequence: [28, 12, 6, 24, 26, 17, 15, 18, 1, 22, 25, 23, 8, 11, 7, 10, 13, 9, 19, 21, 3, 16, 30, 27, 20, 14, 29, 4, 5, 2]
OFV: 45886.0	/ CPU: 7.337 seconds 	/ department sequence: [28, 2, 5, 6, 12, 26, 24, 9, 13, 21, 10, 29, 17, 25, 1, 7, 19, 22, 23, 11, 3, 8, 30, 16, 15, 27, 20, 18, 14, 4]
OFV: 45575.0	/ CPU: 15.064 seconds 	/ department sequence: [2, 5, 4, 29, 14, 20, 27, 30, 16, 18, 3, 21, 19, 23, 9, 11, 7, 13, 10, 8, 25, 22, 1, 17, 15, 26, 24, 6, 12, 28]
OFV: 45192.0	/ CPU: 8.346 seconds 	/ department sequence: [12, 24, 26, 18, 6, 22, 1, 15, 17, 23, 8, 25, 11, 7, 10, 13, 9, 19, 3, 21, 16, 30, 27, 20, 14, 29, 4, 5, 2, 28]
OFV: 45204.0	/ CPU: 7.768 seconds 	/ department sequence: [28, 4, 14, 20, 29, 2, 16, 30, 27, 19, 21, 3, 9, 13, 10, 25, 7, 11, 8, 23, 5, 17, 15, 1, 22, 6, 18, 26, 24, 12]
OFV: 44985.0	/ CPU: 8.360 seconds 	/ department sequence: [2, 5, 26, 12, 24, 6, 17, 15, 18, 1, 22, 23, 13, 10, 9, 21, 7, 3, 11, 25, 8, 19, 27, 30, 16, 29, 20, 14, 4, 28]
OFV: 45003.0	/ CPU: 7.221 seconds 	/ department sequence: [12, 24, 26, 2, 5, 6, 17, 15, 18, 1, 22, 23, 13, 10, 9, 21, 7, 3, 11, 25, 27, 16, 30, 19, 8, 29, 20, 14, 4, 28]
OFV: 44985.0	/ CPU: 7.782 seconds 	/ department sequence: [28, 4, 14, 20, 29, 16, 30, 27, 19, 8, 25, 11, 3, 7, 21, 9, 10, 13, 23, 22, 1, 18, 15, 17, 6, 24, 12, 26, 5, 2]
-- H_30 result
--------------------------------------------
HostNestNum = 15, P_a = 0.25
--------------------------------------------
-- 2019-01-31 20:13 result data
OFV: 48056.0	/ CPU: 5.327 seconds 	/ department sequence: [2, 5, 4, 18, 22, 27, 15, 17, 23, 8, 3, 11, 30, 1, 19, 7, 25, 16, 21, 29, 10, 13, 9, 20, 14, 26, 24, 6, 12, 28]
OFV: 45126.0	/ CPU: 7.296 seconds 	/ department sequence: [12, 24, 26, 17, 15, 6, 18, 1, 22, 10, 13, 9, 23, 7, 11, 25, 8, 19, 3, 21, 16, 30, 27, 20, 14, 29, 4, 5, 2, 28]
OFV: 45188.0	/ CPU: 11.119 seconds 	/ department sequence: [28, 2, 5, 4, 29, 14, 20, 21, 16, 30, 27, 3, 19, 9, 13, 10, 7, 11, 25, 8, 23, 22, 1, 18, 6, 15, 17, 26, 24, 12]
OFV: 45188.0	/ CPU: 8.885 seconds 	/ department sequence: [28, 2, 5, 4, 29, 14, 20, 21, 16, 30, 27, 3, 19, 9, 13, 10, 7, 11, 25, 8, 23, 22, 1, 18, 6, 15, 17, 26, 24, 12]
-- H_30 result
--------------------------------------------
HostNestNum = 15, P_a = 0.25
--------------------------------------------
-- 2019-01-31 20:17 result data
OFV: 45190.0	/ CPU: 12.380 seconds 	/ department sequence: [12, 24, 26, 17, 15, 6, 18, 1, 22, 23, 10, 9, 13, 7, 11, 25, 8, 3, 16, 27, 30, 19, 21, 20, 14, 29, 4, 5, 2, 28]
OFV: 44975.0	/ CPU: 8.002 seconds 	/ department sequence: [2, 5, 26, 12, 24, 6, 17, 15, 18, 1, 22, 23, 13, 10, 9, 21, 7, 3, 11, 25, 16, 27, 30, 19, 8, 29, 20, 14, 4, 28]
OFV: 46956.0	/ CPU: 6.322 seconds 	/ department sequence: [28, 2, 5, 6, 26, 29, 17, 9, 13, 21, 10, 16, 25, 19, 7, 30, 11, 3, 23, 8, 1, 22, 27, 15, 20, 18, 4, 14, 24, 12]
OFV: 44986.0	/ CPU: 4.928 seconds 	/ department sequence: [2, 5, 26, 12, 24, 6, 18, 22, 1, 15, 17, 23, 13, 10, 9, 21, 7, 3, 11, 25, 27, 16, 30, 19, 8, 29, 20, 14, 4, 28]
OFV: 45186.0	/ CPU: 6.343 seconds 	/ department sequence: [28, 2, 5, 4, 29, 14, 20, 21, 19, 30, 27, 16, 3, 8, 25, 11, 7, 23, 9, 13, 10, 22, 1, 18, 6, 15, 17, 26, 24, 12]
OFV: 44965.0	/ CPU: 3.766 seconds 	/ department sequence: [28, 4, 14, 20, 29, 8, 19, 30, 16, 27, 25, 11, 3, 7, 21, 9, 10, 13, 23, 22, 1, 18, 15, 17, 6, 24, 12, 26, 5, 2]
OFV: 45583.0	/ CPU: 8.709 seconds 	/ department sequence: [2, 5, 4, 29, 14, 20, 27, 30, 16, 18, 3, 21, 19, 23, 9, 13, 7, 11, 10, 8, 25, 22, 1, 17, 15, 26, 24, 6, 12, 28]
OFV: 45441.0	/ CPU: 5.222 seconds 	/ department sequence: [28, 12, 6, 24, 26, 15, 17, 18, 1, 22, 25, 23, 8, 11, 7, 10, 13, 9, 19, 21, 3, 16, 30, 27, 20, 14, 29, 4, 5, 2]
OFV: 45126.0	/ CPU: 6.927 seconds 	/ department sequence: [12, 24, 26, 17, 15, 6, 18, 1, 22, 10, 13, 9, 23, 7, 11, 25, 8, 19, 3, 21, 16, 30, 27, 20, 14, 29, 4, 5, 2, 28]
OFV: 44985.0	/ CPU: 5.956 seconds 	/ department sequence: [28, 4, 14, 20, 29, 16, 30, 27, 19, 8, 25, 11, 3, 7, 21, 9, 10, 13, 23, 22, 1, 18, 15, 17, 6, 24, 12, 26, 5, 2]
