-- H_30 result
--------------------------------------------
HostNestNum = 20, P_a = 0.25
--------------------------------------------
-- 2019-01-09 14:59 result data
OFV: 45170.0	/ CPU: 21.288 seconds 	/ department sequence: [28, 2, 5, 4, 29, 14, 20, 27, 30, 16, 21, 3, 19, 9, 13, 10, 25, 7, 11, 8, 23, 22, 1, 18, 6, 15, 17, 26, 24, 12]
OFV: 47285.0	/ CPU: 14.625 seconds 	/ department sequence: [28, 12, 24, 14, 20, 26, 6, 18, 22, 1, 21, 13, 10, 9, 25, 7, 23, 11, 3, 8, 19, 30, 27, 16, 15, 17, 29, 4, 5, 2]
OFV: 47716.0	/ CPU: 25.643 seconds 	/ department sequence: [12, 24, 14, 4, 20, 15, 17, 29, 16, 27, 30, 8, 19, 10, 1, 7, 11, 25, 13, 23, 9, 3, 21, 22, 18, 26, 6, 5, 2, 28]
OFV: 47823.0	/ CPU: 15.339 seconds 	/ department sequence: [28, 2, 5, 6, 26, 18, 22, 21, 3, 9, 13, 10, 27, 23, 11, 30, 16, 25, 7, 1, 19, 8, 29, 17, 15, 20, 4, 14, 24, 12]
OFV: 46526.0	/ CPU: 15.862 seconds 	/ department sequence: [12, 24, 26, 14, 20, 18, 6, 15, 22, 1, 17, 23, 27, 10, 9, 13, 7, 11, 3, 21, 8, 25, 19, 30, 16, 29, 4, 5, 2, 28]
OFV: 47526.0	/ CPU: 24.097 seconds 	/ department sequence: [28, 26, 24, 17, 20, 8, 25, 19, 29, 10, 9, 1, 7, 21, 13, 16, 30, 11, 3, 27, 23, 4, 15, 22, 14, 18, 6, 12, 5, 2]
OFV: 45868.0	/ CPU: 31.456 seconds 	/ department sequence: [28, 2, 5, 6, 12, 26, 24, 17, 29, 13, 9, 10, 21, 25, 1, 7, 19, 22, 11, 23, 3, 8, 30, 16, 15, 27, 20, 18, 14, 4]
OFV: 45126.0	/ CPU: 31.578 seconds 	/ department sequence: [28, 2, 5, 4, 29, 14, 20, 27, 30, 16, 21, 3, 19, 8, 25, 11, 7, 23, 9, 13, 10, 22, 1, 18, 6, 15, 17, 26, 24, 12]
OFV: 47177.0	/ CPU: 28.703 seconds 	/ department sequence: [28, 2, 5, 6, 12, 26, 24, 14, 20, 29, 13, 21, 9, 10, 16, 27, 30, 3, 7, 11, 25, 1, 19, 23, 22, 15, 17, 8, 18, 4]
OFV: 46139.0	/ CPU: 21.283 seconds 	/ department sequence: [28, 2, 5, 6, 4, 29, 16, 21, 13, 9, 30, 19, 25, 7, 11, 3, 10, 27, 8, 23, 22, 1, 15, 17, 18, 20, 14, 26, 24, 12]
-- H_30 result
--------------------------------------------
HostNestNum = 20, P_a = 0.25
--------------------------------------------
-- 2019-01-22 22:06 result data
OFV: 45441.0	/ CPU: 34.232 seconds 	/ department sequence: [28, 12, 6, 24, 26, 15, 17, 18, 1, 22, 25, 23, 8, 11, 7, 10, 13, 9, 19, 21, 3, 16, 30, 27, 20, 14, 29, 4, 5, 2]
-- H_30 result
--------------------------------------------
HostNestNum = 20, P_a = 0.25
--------------------------------------------
-- 2019-01-28 13:38 result data
OFV: 44965.0	/ CPU: 1.772 seconds 	/ department sequence: [28, 4, 14, 20, 29, 8, 19, 30, 16, 27, 25, 11, 3, 7, 21, 9, 10, 13, 23, 22, 1, 18, 15, 17, 6, 24, 12, 26, 5, 2]
-- H_30 result
--------------------------------------------
HostNestNum = 20, P_a = 0.25
--------------------------------------------
-- 2019-01-29 15:45 result data
OFV: 47409.0	/ CPU: 1.994 seconds 	/ department sequence: [28, 4, 14, 20, 26, 24, 17, 29, 8, 25, 19, 10, 9, 21, 13, 7, 1, 11, 23, 3, 30, 16, 27, 15, 22, 18, 6, 12, 5, 2]
OFV: 46286.0	/ CPU: 1.671 seconds 	/ department sequence: [28, 2, 5, 4, 29, 14, 20, 6, 15, 16, 27, 30, 13, 21, 3, 9, 18, 23, 11, 22, 25, 7, 19, 10, 1, 8, 17, 26, 24, 12]
OFV: 45197.0	/ CPU: 3.641 seconds 	/ department sequence: [12, 24, 26, 18, 6, 22, 1, 15, 17, 10, 13, 9, 23, 7, 11, 25, 8, 16, 3, 27, 30, 19, 21, 5, 2, 29, 20, 14, 4, 28]
OFV: 45003.0	/ CPU: 2.828 seconds 	/ department sequence: [28, 4, 14, 20, 29, 8, 19, 30, 16, 27, 25, 11, 3, 7, 21, 9, 10, 13, 23, 22, 1, 18, 15, 17, 6, 5, 2, 26, 24, 12]
OFV: 45214.0	/ CPU: 4.890 seconds 	/ department sequence: [28, 2, 5, 4, 29, 14, 20, 27, 30, 16, 21, 3, 9, 13, 10, 19, 7, 11, 25, 8, 23, 17, 15, 1, 22, 6, 18, 26, 24, 12]
OFV: 46656.0	/ CPU: 1.859 seconds 	/ department sequence: [12, 24, 26, 14, 20, 18, 6, 15, 22, 1, 17, 23, 8, 19, 7, 11, 25, 10, 13, 27, 30, 3, 16, 9, 21, 29, 4, 5, 2, 28]
OFV: 46600.0	/ CPU: 3.439 seconds 	/ department sequence: [12, 24, 26, 17, 15, 6, 18, 1, 22, 5, 23, 14, 20, 27, 10, 3, 9, 13, 21, 7, 11, 30, 16, 25, 19, 8, 29, 4, 2, 28]
OFV: 47722.0	/ CPU: 1.984 seconds 	/ department sequence: [2, 5, 18, 6, 22, 15, 4, 14, 27, 3, 30, 11, 23, 16, 29, 20, 21, 13, 9, 10, 7, 19, 1, 25, 8, 17, 26, 24, 12, 28]
OFV: 44965.0	/ CPU: 1.469 seconds 	/ department sequence: [28, 4, 14, 20, 29, 8, 19, 30, 16, 27, 25, 11, 3, 7, 21, 9, 10, 13, 23, 22, 1, 18, 15, 17, 6, 24, 12, 26, 5, 2]
OFV: 45326.0	/ CPU: 2.563 seconds 	/ department sequence: [28, 2, 5, 4, 29, 14, 20, 21, 9, 3, 16, 30, 27, 19, 13, 10, 25, 7, 11, 8, 23, 17, 15, 1, 22, 6, 18, 26, 24, 12]
-- H_30 result
--------------------------------------------
HostNestNum = 20, P_a = 0.25
--------------------------------------------
-- 2019-01-29 16:43 result data
OFV: 45575.0	/ CPU: 29.458 seconds 	/ department sequence: [2, 5, 4, 29, 14, 20, 27, 30, 16, 18, 3, 21, 19, 23, 9, 11, 7, 13, 10, 8, 25, 22, 1, 17, 15, 26, 24, 6, 12, 28]
OFV: 44992.0	/ CPU: 23.333 seconds 	/ department sequence: [28, 4, 14, 20, 29, 8, 19, 30, 16, 27, 25, 11, 7, 3, 21, 9, 10, 13, 23, 22, 1, 15, 17, 18, 6, 26, 24, 12, 5, 2]
OFV: 45886.0	/ CPU: 16.533 seconds 	/ department sequence: [28, 2, 5, 6, 12, 26, 24, 9, 13, 21, 10, 29, 17, 25, 1, 7, 19, 22, 11, 23, 3, 8, 30, 16, 15, 27, 20, 18, 14, 4]
OFV: 46646.0	/ CPU: 20.984 seconds 	/ department sequence: [12, 24, 26, 14, 20, 18, 6, 15, 22, 1, 17, 10, 13, 27, 23, 9, 7, 11, 3, 21, 8, 25, 19, 30, 16, 29, 4, 5, 2, 28]
OFV: 45152.0	/ CPU: 18.598 seconds 	/ department sequence: [12, 24, 26, 18, 6, 22, 1, 15, 17, 10, 13, 9, 23, 7, 11, 25, 8, 19, 3, 21, 16, 30, 27, 20, 14, 29, 4, 5, 2, 28]
OFV: 45151.0	/ CPU: 22.753 seconds 	/ department sequence: [28, 4, 14, 20, 29, 2, 5, 27, 30, 16, 21, 3, 19, 9, 13, 10, 7, 11, 25, 8, 23, 22, 1, 18, 6, 15, 17, 26, 24, 12]
OFV: 45415.0	/ CPU: 16.160 seconds 	/ department sequence: [28, 4, 14, 20, 29, 8, 19, 30, 16, 27, 25, 11, 3, 7, 21, 9, 10, 13, 23, 2, 5, 17, 15, 1, 22, 6, 18, 26, 24, 12]
OFV: 45670.0	/ CPU: 31.459 seconds 	/ department sequence: [2, 5, 26, 12, 24, 6, 17, 15, 29, 13, 10, 9, 1, 22, 21, 7, 11, 23, 25, 3, 19, 30, 16, 27, 8, 18, 20, 14, 4, 28]
OFV: 45188.0	/ CPU: 22.633 seconds 	/ department sequence: [12, 24, 26, 17, 15, 6, 18, 1, 22, 23, 8, 25, 11, 7, 10, 13, 9, 19, 3, 27, 30, 16, 21, 20, 14, 29, 4, 5, 2, 28]
OFV: 45044.0	/ CPU: 34.474 seconds 	/ department sequence: [12, 24, 26, 2, 5, 6, 18, 22, 1, 15, 17, 23, 13, 10, 9, 21, 7, 3, 11, 25, 8, 19, 27, 30, 16, 29, 20, 14, 4, 28]
-- H_30 result
--------------------------------------------
HostNestNum = 20, P_a = 0.25
--------------------------------------------
-- 2019-01-29 17:51 result data
OFV: 46956.0	/ CPU: 9.203 seconds 	/ department sequence: [12, 24, 14, 4, 18, 20, 15, 27, 22, 1, 8, 23, 3, 11, 30, 7, 19, 25, 16, 10, 21, 13, 9, 17, 29, 26, 6, 5, 2, 28]
OFV: 45137.0	/ CPU: 11.130 seconds 	/ department sequence: [28, 4, 14, 20, 29, 2, 5, 27, 30, 16, 21, 3, 19, 8, 25, 11, 7, 23, 9, 13, 10, 17, 15, 1, 22, 6, 18, 26, 24, 12]
OFV: 45151.0	/ CPU: 10.424 seconds 	/ department sequence: [28, 4, 14, 20, 29, 2, 5, 27, 30, 16, 21, 3, 19, 9, 13, 10, 7, 11, 25, 8, 23, 22, 1, 18, 6, 15, 17, 26, 24, 12]
OFV: 44985.0	/ CPU: 9.330 seconds 	/ department sequence: [2, 5, 26, 12, 24, 6, 17, 15, 18, 1, 22, 23, 13, 10, 9, 21, 7, 3, 11, 25, 8, 19, 27, 30, 16, 29, 20, 14, 4, 28]
OFV: 46139.0	/ CPU: 10.377 seconds 	/ department sequence: [28, 2, 5, 6, 4, 29, 16, 21, 13, 9, 30, 19, 25, 7, 11, 3, 10, 27, 8, 23, 22, 1, 15, 17, 18, 20, 14, 26, 24, 12]
OFV: 45575.0	/ CPU: 9.565 seconds 	/ department sequence: [2, 5, 4, 29, 14, 20, 27, 30, 16, 18, 3, 21, 19, 23, 9, 11, 7, 13, 10, 8, 25, 22, 1, 17, 15, 26, 24, 6, 12, 28]
OFV: 45173.0	/ CPU: 10.220 seconds 	/ department sequence: [28, 4, 14, 20, 29, 2, 5, 21, 16, 30, 27, 3, 19, 9, 13, 10, 7, 11, 25, 8, 23, 22, 1, 18, 6, 15, 17, 26, 24, 12]
OFV: 45441.0	/ CPU: 8.782 seconds 	/ department sequence: [2, 5, 4, 29, 14, 20, 27, 30, 16, 3, 21, 19, 9, 13, 10, 7, 11, 8, 23, 25, 22, 1, 18, 17, 15, 26, 24, 6, 12, 28]
OFV: 47177.0	/ CPU: 17.971 seconds 	/ department sequence: [4, 18, 8, 17, 15, 22, 23, 19, 1, 25, 11, 7, 3, 30, 27, 16, 10, 9, 21, 13, 29, 20, 14, 24, 26, 12, 6, 5, 2, 28]
OFV: 45199.0	/ CPU: 9.814 seconds 	/ department sequence: [12, 24, 26, 18, 6, 22, 1, 15, 17, 23, 8, 25, 11, 7, 10, 13, 9, 19, 3, 27, 30, 16, 21, 5, 2, 29, 20, 14, 4, 28]
-- H_30 result
--------------------------------------------
HostNestNum = 20, P_a = 0.25
--------------------------------------------
-- 2019-01-31 20:27 result data
OFV: 47364.0	/ CPU: 12.478 seconds 	/ department sequence: [12, 24, 26, 14, 20, 2, 5, 6, 29, 17, 15, 13, 10, 9, 21, 1, 22, 7, 3, 23, 11, 27, 30, 19, 25, 16, 8, 18, 4, 28]
OFV: 44965.0	/ CPU: 4.023 seconds 	/ department sequence: [2, 5, 26, 12, 24, 6, 17, 15, 18, 1, 22, 23, 13, 10, 9, 21, 7, 3, 11, 25, 27, 16, 30, 19, 8, 29, 20, 14, 4, 28]
