-- H_30 result
--------------------------------------------
HostNestNum = 60, P_a = 0.0
--------------------------------------------
-- 2019-01-22 22:15 result data
OFV: 45575.0	/ CPU: 3.062 seconds 	/ department sequence: [2, 5, 4, 29, 14, 20, 27, 30, 16, 18, 3, 21, 19, 23, 9, 11, 7, 13, 10, 8, 25, 22, 1, 17, 15, 26, 24, 6, 12, 28]
-- H_30 result
--------------------------------------------
HostNestNum = 60, P_a = 0.0
--------------------------------------------
-- 2019-01-29 15:49 result data
OFV: 45609.0	/ CPU: 2.203 seconds 	/ department sequence: [28, 2, 5, 4, 29, 14, 20, 6, 21, 13, 16, 30, 27, 3, 9, 10, 11, 7, 25, 19, 8, 23, 22, 1, 15, 18, 17, 26, 24, 12]
OFV: 45665.0	/ CPU: 2.298 seconds 	/ department sequence: [12, 24, 26, 17, 18, 1, 22, 23, 8, 19, 25, 7, 11, 10, 9, 3, 21, 13, 30, 27, 16, 15, 6, 20, 14, 29, 4, 5, 2, 28]
OFV: 45971.0	/ CPU: 2.859 seconds 	/ department sequence: [28, 12, 6, 2, 5, 26, 24, 9, 13, 21, 10, 29, 17, 25, 1, 7, 19, 22, 11, 23, 3, 8, 30, 16, 15, 27, 20, 18, 14, 4]
OFV: 46099.0	/ CPU: 1.391 seconds 	/ department sequence: [4, 14, 18, 20, 27, 15, 16, 30, 29, 19, 8, 3, 23, 11, 22, 7, 1, 21, 9, 10, 13, 25, 17, 24, 26, 5, 2, 6, 12, 28]
OFV: 45235.0	/ CPU: 1.468 seconds 	/ department sequence: [28, 2, 4, 29, 14, 20, 16, 30, 27, 19, 21, 3, 9, 13, 10, 25, 7, 11, 8, 23, 5, 17, 15, 1, 22, 6, 18, 26, 24, 12]
OFV: 45023.0	/ CPU: 1.578 seconds 	/ department sequence: [12, 24, 26, 2, 5, 6, 17, 15, 18, 1, 22, 23, 13, 10, 9, 21, 7, 3, 11, 25, 8, 19, 27, 30, 16, 29, 20, 14, 4, 28]
OFV: 47446.0	/ CPU: 1.658 seconds 	/ department sequence: [28, 2, 5, 6, 18, 22, 15, 21, 3, 8, 19, 27, 30, 11, 1, 7, 25, 23, 16, 13, 10, 9, 29, 17, 4, 20, 14, 26, 24, 12]
OFV: 45575.0	/ CPU: 1.468 seconds 	/ department sequence: [2, 5, 4, 29, 14, 20, 27, 30, 16, 18, 3, 21, 19, 23, 9, 11, 7, 13, 10, 8, 25, 22, 1, 17, 15, 26, 24, 6, 12, 28]
OFV: 45661.0	/ CPU: 1.766 seconds 	/ department sequence: [28, 4, 14, 20, 18, 8, 27, 15, 16, 30, 3, 11, 23, 22, 25, 19, 7, 1, 21, 9, 10, 13, 29, 17, 6, 24, 12, 26, 5, 2]
OFV: 45003.0	/ CPU: 2.484 seconds 	/ department sequence: [28, 4, 14, 20, 29, 8, 19, 30, 16, 27, 25, 11, 3, 7, 21, 9, 10, 13, 23, 22, 1, 18, 15, 17, 6, 5, 2, 26, 24, 12]
-- H_30 result
--------------------------------------------
HostNestNum = 60, P_a = 0.0
--------------------------------------------
-- 2019-01-29 17:19 result data
OFV: 46893.0	/ CPU: 17.379 seconds 	/ department sequence: [4, 18, 22, 8, 15, 27, 16, 30, 11, 23, 3, 19, 7, 1, 25, 17, 10, 9, 21, 13, 29, 20, 14, 24, 26, 12, 6, 5, 2, 28]
OFV: 47576.0	/ CPU: 17.167 seconds 	/ department sequence: [28, 12, 24, 14, 20, 4, 8, 25, 15, 16, 27, 30, 11, 7, 1, 3, 19, 10, 21, 13, 9, 29, 23, 17, 22, 6, 18, 26, 5, 2]
OFV: 47685.0	/ CPU: 18.292 seconds 	/ department sequence: [2, 5, 26, 18, 17, 23, 22, 8, 1, 19, 3, 27, 30, 11, 7, 10, 21, 9, 25, 13, 16, 29, 15, 6, 24, 20, 12, 14, 4, 28]
OFV: 45010.0	/ CPU: 15.393 seconds 	/ department sequence: [2, 5, 26, 12, 24, 6, 17, 15, 18, 1, 22, 13, 23, 10, 9, 21, 7, 3, 11, 25, 27, 16, 30, 19, 29, 8, 20, 14, 4, 28]
OFV: 45003.0	/ CPU: 22.766 seconds 	/ department sequence: [28, 4, 14, 20, 29, 8, 19, 30, 16, 27, 25, 11, 3, 7, 21, 9, 10, 13, 23, 22, 1, 18, 15, 17, 6, 5, 2, 26, 24, 12]
OFV: 45146.0	/ CPU: 19.202 seconds 	/ department sequence: [28, 4, 14, 20, 29, 2, 16, 30, 27, 19, 21, 3, 8, 25, 11, 7, 13, 9, 10, 23, 5, 22, 1, 18, 6, 15, 17, 26, 24, 12]
OFV: 46426.0	/ CPU: 16.351 seconds 	/ department sequence: [2, 5, 4, 29, 14, 20, 26, 18, 23, 9, 3, 27, 30, 11, 16, 10, 21, 13, 7, 19, 22, 25, 1, 8, 17, 15, 24, 6, 12, 28]
OFV: 45575.0	/ CPU: 37.538 seconds 	/ department sequence: [2, 5, 4, 29, 14, 20, 27, 30, 16, 18, 3, 21, 19, 23, 9, 11, 7, 13, 10, 8, 25, 22, 1, 17, 15, 26, 24, 6, 12, 28]
OFV: 45135.0	/ CPU: 22.988 seconds 	/ department sequence: [28, 2, 5, 4, 29, 14, 20, 27, 30, 16, 21, 3, 19, 8, 25, 11, 7, 23, 13, 9, 10, 22, 1, 18, 6, 15, 17, 26, 24, 12]
OFV: 44986.0	/ CPU: 18.157 seconds 	/ department sequence: [28, 4, 14, 20, 29, 8, 19, 30, 16, 27, 25, 11, 3, 7, 21, 9, 10, 13, 23, 17, 15, 1, 22, 18, 6, 24, 12, 26, 5, 2]
