-- H_30 result
--------------------------------------------
HostNestNum = 60, P_a = 0.1
--------------------------------------------
-- 2019-01-22 22:15 result data
OFV: 47049.0	/ CPU: 31.989 seconds 	/ department sequence: [28, 4, 18, 6, 22, 15, 8, 16, 27, 30, 11, 25, 23, 3, 19, 7, 1, 21, 13, 10, 9, 17, 29, 20, 14, 5, 2, 26, 24, 12]
-- H_30 result
--------------------------------------------
HostNestNum = 60, P_a = 0.1
--------------------------------------------
-- 2019-01-29 15:50 result data
OFV: 46276.0	/ CPU: 2.484 seconds 	/ department sequence: [4, 14, 18, 20, 29, 19, 8, 27, 30, 16, 3, 23, 11, 15, 22, 7, 1, 17, 25, 10, 9, 21, 13, 24, 26, 5, 2, 6, 12, 28]
OFV: 44965.0	/ CPU: 2.032 seconds 	/ department sequence: [2, 5, 26, 12, 24, 6, 17, 15, 18, 1, 22, 23, 13, 10, 9, 21, 7, 3, 11, 25, 27, 16, 30, 19, 8, 29, 20, 14, 4, 28]
OFV: 45204.0	/ CPU: 1.610 seconds 	/ department sequence: [28, 2, 5, 4, 29, 14, 20, 21, 16, 30, 27, 3, 9, 19, 13, 10, 25, 7, 11, 8, 23, 22, 1, 18, 6, 15, 17, 26, 24, 12]
OFV: 44997.0	/ CPU: 1.203 seconds 	/ department sequence: [2, 5, 12, 24, 26, 6, 18, 22, 1, 15, 17, 23, 13, 10, 9, 21, 7, 3, 11, 25, 27, 16, 30, 19, 8, 29, 20, 14, 4, 28]
OFV: 46647.0	/ CPU: 3.312 seconds 	/ department sequence: [2, 5, 26, 4, 29, 17, 9, 10, 16, 27, 30, 11, 23, 3, 13, 21, 7, 19, 25, 8, 1, 22, 15, 18, 20, 24, 14, 6, 12, 28]
OFV: 45611.0	/ CPU: 1.141 seconds 	/ department sequence: [2, 5, 26, 12, 24, 6, 17, 13, 9, 10, 21, 1, 7, 22, 18, 23, 3, 11, 25, 19, 8, 15, 27, 30, 16, 29, 20, 14, 4, 28]
OFV: 46893.0	/ CPU: 2.938 seconds 	/ department sequence: [4, 18, 22, 8, 15, 27, 16, 30, 11, 23, 3, 19, 7, 1, 25, 17, 10, 9, 21, 13, 29, 20, 14, 24, 26, 12, 6, 5, 2, 28]
OFV: 47108.0	/ CPU: 2.578 seconds 	/ department sequence: [28, 2, 5, 6, 12, 26, 24, 14, 20, 29, 13, 21, 9, 10, 25, 16, 7, 1, 3, 11, 30, 19, 27, 23, 8, 17, 15, 22, 18, 4]
OFV: 46648.0	/ CPU: 1.828 seconds 	/ department sequence: [2, 4, 5, 29, 16, 30, 27, 19, 21, 3, 9, 10, 13, 7, 11, 8, 25, 23, 17, 1, 22, 15, 18, 20, 14, 26, 24, 6, 12, 28]
OFV: 45415.0	/ CPU: 1.797 seconds 	/ department sequence: [12, 24, 26, 18, 6, 22, 1, 15, 17, 5, 2, 23, 13, 10, 9, 21, 7, 3, 11, 25, 27, 16, 30, 19, 8, 29, 20, 14, 4, 28]
-- H_30 result
--------------------------------------------
HostNestNum = 60, P_a = 0.1
--------------------------------------------
-- 2019-01-29 17:23 result data
OFV: 45209.0	/ CPU: 17.082 seconds 	/ department sequence: [28, 2, 4, 29, 14, 20, 16, 30, 27, 19, 8, 21, 3, 25, 11, 7, 13, 9, 10, 23, 5, 17, 15, 1, 22, 6, 18, 26, 24, 12]
OFV: 46148.0	/ CPU: 18.628 seconds 	/ department sequence: [28, 2, 5, 6, 4, 29, 16, 21, 13, 9, 30, 19, 25, 7, 11, 3, 10, 27, 8, 22, 1, 15, 23, 17, 18, 20, 14, 26, 24, 12]
OFV: 45590.0	/ CPU: 37.602 seconds 	/ department sequence: [2, 5, 4, 29, 14, 20, 27, 30, 16, 18, 3, 21, 19, 23, 9, 11, 7, 13, 10, 8, 25, 1, 22, 17, 15, 26, 24, 6, 12, 28]
OFV: 44986.0	/ CPU: 16.281 seconds 	/ department sequence: [2, 5, 26, 12, 24, 6, 18, 17, 1, 15, 22, 23, 10, 13, 9, 21, 7, 3, 11, 25, 27, 16, 30, 19, 8, 29, 20, 14, 4, 28]
OFV: 45718.0	/ CPU: 19.191 seconds 	/ department sequence: [12, 24, 26, 17, 18, 1, 22, 23, 8, 19, 25, 7, 11, 10, 9, 3, 21, 13, 30, 27, 16, 15, 20, 6, 14, 29, 4, 5, 2, 28]
OFV: 45257.0	/ CPU: 18.128 seconds 	/ department sequence: [28, 2, 5, 4, 29, 14, 20, 21, 16, 30, 27, 3, 9, 13, 10, 11, 7, 25, 19, 8, 23, 22, 1, 18, 6, 15, 17, 26, 24, 12]
OFV: 46071.0	/ CPU: 29.443 seconds 	/ department sequence: [4, 14, 18, 20, 27, 15, 16, 30, 8, 3, 11, 23, 22, 19, 7, 1, 25, 21, 10, 9, 13, 29, 17, 2, 5, 26, 24, 6, 12, 28]
OFV: 45152.0	/ CPU: 24.643 seconds 	/ department sequence: [12, 24, 26, 17, 15, 6, 18, 1, 22, 23, 10, 9, 13, 7, 11, 25, 8, 19, 3, 27, 30, 16, 21, 20, 14, 29, 4, 5, 2, 28]
OFV: 45177.0	/ CPU: 17.128 seconds 	/ department sequence: [12, 24, 26, 17, 15, 6, 18, 1, 22, 23, 8, 11, 7, 25, 10, 13, 9, 19, 3, 27, 30, 16, 21, 5, 2, 29, 20, 14, 4, 28]
OFV: 45575.0	/ CPU: 37.328 seconds 	/ department sequence: [2, 5, 4, 29, 14, 20, 27, 30, 16, 18, 3, 21, 19, 23, 9, 11, 7, 13, 10, 8, 25, 22, 1, 17, 15, 26, 24, 6, 12, 28]
