-- H_30 result
--------------------------------------------
HostNestNum = 20, P_a = 0.5
--------------------------------------------
-- 2019-01-09 15:08 result data
OFV: 45678.0	/ CPU: 27.387 seconds 	/ department sequence: [2, 5, 26, 12, 24, 6, 17, 15, 29, 13, 10, 9, 1, 22, 21, 7, 11, 23, 25, 3, 18, 19, 30, 27, 16, 8, 20, 14, 4, 28]
OFV: 45171.0	/ CPU: 54.317 seconds 	/ department sequence: [12, 24, 26, 17, 18, 6, 15, 1, 22, 23, 8, 25, 11, 7, 10, 13, 9, 19, 3, 21, 16, 30, 27, 5, 2, 29, 20, 14, 4, 28]
OFV: 45670.0	/ CPU: 43.797 seconds 	/ department sequence: [2, 5, 26, 12, 24, 6, 17, 15, 29, 13, 10, 9, 1, 22, 21, 7, 11, 23, 25, 3, 19, 30, 16, 27, 8, 18, 20, 14, 4, 28]
OFV: 45971.0	/ CPU: 23.192 seconds 	/ department sequence: [4, 14, 18, 20, 27, 15, 16, 30, 8, 3, 11, 23, 22, 19, 7, 1, 25, 17, 29, 10, 21, 13, 9, 24, 26, 5, 2, 6, 12, 28]
-- H_30 result
--------------------------------------------
HostNestNum = 20, P_a = 0.5
--------------------------------------------
-- 2019-01-22 22:08 result data
OFV: 45151.0	/ CPU: 41.238 seconds 	/ department sequence: [28, 4, 14, 20, 29, 2, 5, 27, 30, 16, 21, 3, 19, 9, 13, 10, 7, 11, 25, 8, 23, 22, 1, 18, 6, 15, 17, 26, 24, 12]
-- H_30 result
--------------------------------------------
HostNestNum = 20, P_a = 0.5
--------------------------------------------
-- 2019-01-28 13:38 result data
OFV: 45246.0	/ CPU: 1.821 seconds 	/ department sequence: [12, 24, 26, 18, 6, 22, 1, 15, 17, 23, 8, 19, 25, 7, 11, 10, 13, 9, 3, 21, 16, 30, 27, 5, 2, 29, 20, 14, 4, 28]
-- H_30 result
--------------------------------------------
HostNestNum = 20, P_a = 0.5
--------------------------------------------
-- 2019-01-29 15:46 result data
OFV: 45622.0	/ CPU: 2.687 seconds 	/ department sequence: [2, 5, 12, 24, 26, 6, 17, 13, 9, 10, 21, 1, 7, 22, 18, 23, 3, 11, 25, 19, 8, 15, 27, 30, 16, 29, 20, 14, 4, 28]
OFV: 45172.0	/ CPU: 1.985 seconds 	/ department sequence: [28, 4, 14, 20, 29, 2, 16, 30, 27, 19, 21, 3, 8, 25, 11, 7, 13, 9, 10, 23, 5, 17, 15, 1, 22, 6, 18, 26, 24, 12]
OFV: 47496.0	/ CPU: 1.624 seconds 	/ department sequence: [12, 24, 26, 14, 20, 4, 17, 15, 8, 27, 10, 1, 9, 23, 11, 7, 3, 30, 16, 25, 13, 19, 29, 21, 22, 18, 6, 5, 2, 28]
OFV: 45621.0	/ CPU: 2.439 seconds 	/ department sequence: [2, 5, 4, 29, 14, 20, 18, 27, 30, 16, 3, 21, 19, 23, 9, 11, 7, 13, 10, 8, 25, 22, 1, 17, 15, 26, 24, 6, 12, 28]
OFV: 47347.0	/ CPU: 7.173 seconds 	/ department sequence: [28, 2, 5, 26, 24, 17, 29, 20, 25, 8, 19, 21, 10, 1, 13, 7, 9, 3, 11, 23, 30, 16, 27, 22, 15, 6, 18, 4, 14, 12]
OFV: 46903.0	/ CPU: 3.734 seconds 	/ department sequence: [4, 14, 18, 17, 15, 8, 23, 22, 27, 19, 30, 11, 3, 1, 7, 16, 25, 10, 9, 29, 13, 21, 20, 24, 26, 12, 6, 5, 2, 28]
OFV: 44986.0	/ CPU: 2.718 seconds 	/ department sequence: [28, 4, 14, 20, 29, 8, 19, 30, 16, 27, 25, 11, 3, 7, 21, 9, 10, 13, 23, 17, 15, 1, 22, 18, 6, 24, 12, 26, 5, 2]
OFV: 44965.0	/ CPU: 2.518 seconds 	/ department sequence: [28, 4, 14, 20, 29, 8, 19, 30, 16, 27, 25, 11, 3, 7, 21, 9, 10, 13, 23, 22, 1, 18, 15, 17, 6, 24, 12, 26, 5, 2]
OFV: 47452.0	/ CPU: 1.844 seconds 	/ department sequence: [12, 24, 26, 14, 20, 17, 29, 9, 10, 19, 1, 7, 8, 25, 13, 23, 11, 30, 16, 27, 3, 21, 15, 22, 4, 18, 6, 5, 2, 28]
OFV: 44985.0	/ CPU: 4.735 seconds 	/ department sequence: [2, 5, 26, 12, 24, 6, 17, 15, 18, 1, 22, 23, 13, 10, 9, 21, 7, 3, 11, 25, 8, 19, 27, 30, 16, 29, 20, 14, 4, 28]
-- H_30 result
--------------------------------------------
HostNestNum = 20, P_a = 0.5
--------------------------------------------
-- 2019-01-29 16:50 result data
OFV: 45142.0	/ CPU: 15.834 seconds 	/ department sequence: [12, 24, 26, 17, 15, 6, 18, 1, 22, 10, 13, 9, 23, 7, 11, 25, 8, 19, 3, 21, 16, 30, 27, 5, 20, 14, 29, 4, 2, 28]
OFV: 46860.0	/ CPU: 17.080 seconds 	/ department sequence: [12, 24, 14, 4, 18, 20, 15, 17, 23, 8, 1, 22, 27, 3, 11, 30, 7, 19, 25, 16, 10, 13, 21, 9, 29, 26, 6, 5, 2, 28]
OFV: 44986.0	/ CPU: 16.879 seconds 	/ department sequence: [2, 5, 26, 12, 24, 6, 18, 22, 1, 15, 17, 23, 13, 10, 9, 21, 7, 3, 11, 25, 27, 16, 30, 19, 8, 29, 20, 14, 4, 28]
OFV: 45196.0	/ CPU: 27.268 seconds 	/ department sequence: [28, 2, 5, 4, 29, 14, 20, 27, 30, 16, 21, 3, 19, 9, 13, 10, 7, 11, 25, 8, 23, 17, 15, 1, 22, 18, 6, 26, 24, 12]
OFV: 44996.0	/ CPU: 36.694 seconds 	/ department sequence: [2, 5, 26, 12, 24, 6, 18, 17, 1, 15, 22, 23, 13, 10, 9, 21, 7, 3, 11, 25, 8, 19, 27, 30, 16, 29, 20, 14, 4, 28]
OFV: 44965.0	/ CPU: 21.083 seconds 	/ department sequence: [2, 5, 26, 12, 24, 6, 17, 15, 18, 1, 22, 23, 13, 10, 9, 21, 7, 3, 11, 25, 27, 16, 30, 19, 8, 29, 20, 14, 4, 28]
OFV: 45594.0	/ CPU: 17.331 seconds 	/ department sequence: [12, 24, 26, 17, 18, 15, 1, 22, 23, 8, 19, 25, 7, 11, 10, 9, 3, 27, 30, 16, 13, 21, 6, 5, 2, 29, 20, 14, 4, 28]
OFV: 45575.0	/ CPU: 26.816 seconds 	/ department sequence: [2, 5, 4, 29, 14, 20, 27, 30, 16, 18, 3, 21, 19, 23, 9, 11, 7, 13, 10, 8, 25, 22, 1, 17, 15, 26, 24, 6, 12, 28]
OFV: 45006.0	/ CPU: 18.966 seconds 	/ department sequence: [28, 4, 14, 20, 29, 16, 30, 27, 19, 8, 25, 11, 3, 7, 21, 9, 10, 13, 23, 17, 15, 1, 22, 18, 6, 24, 12, 26, 5, 2]
OFV: 45166.0	/ CPU: 21.660 seconds 	/ department sequence: [12, 24, 26, 17, 15, 6, 18, 1, 22, 23, 8, 25, 11, 7, 10, 13, 9, 19, 3, 21, 16, 30, 27, 20, 14, 29, 4, 5, 2, 28]
-- H_30 result
--------------------------------------------
HostNestNum = 20, P_a = 0.5
--------------------------------------------
-- 2019-01-29 17:55 result data
OFV: 45192.0	/ CPU: 12.002 seconds 	/ department sequence: [12, 24, 26, 18, 6, 22, 1, 15, 17, 23, 8, 25, 11, 7, 10, 13, 9, 19, 3, 21, 16, 30, 27, 20, 14, 29, 4, 5, 2, 28]
OFV: 45575.0	/ CPU: 10.767 seconds 	/ department sequence: [2, 5, 4, 29, 14, 20, 27, 30, 16, 18, 3, 21, 19, 23, 9, 11, 7, 13, 10, 8, 25, 22, 1, 17, 15, 26, 24, 6, 12, 28]
OFV: 47648.0	/ CPU: 12.253 seconds 	/ department sequence: [2, 5, 4, 18, 22, 27, 3, 30, 23, 11, 8, 19, 21, 1, 7, 16, 25, 9, 10, 13, 29, 17, 15, 20, 14, 26, 24, 6, 12, 28]
