-- H_30 result
--------------------------------------------
HostNestNum = 30, P_a = 0.0
--------------------------------------------
-- 2019-01-22 22:08 result data
OFV: 45575.0	/ CPU: 2.185 seconds 	/ department sequence: [2, 5, 4, 29, 14, 20, 27, 30, 16, 18, 3, 21, 19, 23, 9, 11, 7, 13, 10, 8, 25, 22, 1, 17, 15, 26, 24, 6, 12, 28]
-- H_30 result
--------------------------------------------
HostNestNum = 30, P_a = 0.0
--------------------------------------------
-- 2019-01-28 13:38 result data
OFV: 46784.0	/ CPU: 2.970 seconds 	/ department sequence: [2, 5, 4, 29, 16, 30, 27, 19, 8, 3, 11, 7, 21, 9, 10, 13, 25, 23, 22, 1, 17, 15, 18, 20, 14, 26, 24, 6, 12, 28]
-- H_30 result
--------------------------------------------
HostNestNum = 30, P_a = 0.0
--------------------------------------------
-- 2019-01-29 15:47 result data
OFV: 45221.0	/ CPU: 2.515 seconds 	/ department sequence: [28, 4, 14, 20, 29, 2, 5, 21, 16, 3, 30, 27, 19, 9, 13, 10, 7, 11, 25, 8, 23, 22, 1, 18, 6, 15, 17, 26, 24, 12]
OFV: 47096.0	/ CPU: 1.797 seconds 	/ department sequence: [2, 5, 26, 12, 24, 6, 18, 14, 20, 22, 1, 15, 27, 3, 21, 10, 13, 9, 23, 7, 11, 30, 16, 25, 19, 29, 17, 8, 4, 28]
OFV: 45996.0	/ CPU: 1.359 seconds 	/ department sequence: [28, 12, 6, 24, 18, 15, 22, 1, 17, 8, 25, 23, 19, 7, 11, 3, 16, 13, 21, 10, 30, 27, 9, 20, 14, 29, 4, 26, 5, 2]
OFV: 45575.0	/ CPU: 1.533 seconds 	/ department sequence: [28, 12, 6, 24, 26, 15, 17, 1, 22, 25, 8, 10, 13, 7, 11, 9, 23, 19, 21, 3, 18, 16, 30, 27, 20, 14, 29, 4, 5, 2]
OFV: 45678.0	/ CPU: 2.109 seconds 	/ department sequence: [28, 2, 5, 4, 29, 14, 20, 27, 30, 16, 15, 6, 13, 21, 9, 3, 10, 11, 25, 7, 19, 8, 23, 22, 1, 18, 17, 26, 24, 12]
OFV: 45583.0	/ CPU: 4.751 seconds 	/ department sequence: [28, 12, 6, 24, 26, 15, 17, 1, 22, 25, 8, 10, 11, 7, 13, 9, 23, 19, 21, 3, 18, 16, 30, 27, 20, 14, 29, 4, 5, 2]
OFV: 45908.0	/ CPU: 2.704 seconds 	/ department sequence: [4, 14, 18, 20, 27, 15, 16, 30, 22, 3, 11, 23, 8, 19, 7, 1, 25, 21, 9, 10, 13, 29, 17, 24, 26, 12, 6, 5, 2, 28]
OFV: 45665.0	/ CPU: 3.891 seconds 	/ department sequence: [12, 24, 26, 17, 18, 1, 22, 23, 8, 19, 25, 7, 11, 10, 9, 3, 21, 13, 30, 27, 16, 15, 6, 20, 14, 29, 4, 5, 2, 28]
OFV: 45252.0	/ CPU: 3.624 seconds 	/ department sequence: [28, 4, 14, 20, 29, 2, 21, 19, 30, 27, 16, 3, 8, 25, 11, 7, 13, 9, 10, 23, 5, 17, 15, 1, 22, 6, 18, 26, 24, 12]
OFV: 45680.0	/ CPU: 2.188 seconds 	/ department sequence: [12, 24, 26, 17, 18, 1, 22, 23, 8, 19, 25, 7, 11, 10, 9, 3, 21, 13, 15, 27, 30, 16, 6, 20, 14, 29, 4, 5, 2, 28]
-- H_30 result
--------------------------------------------
HostNestNum = 30, P_a = 0.0
--------------------------------------------
-- 2019-01-29 16:54 result data
OFV: 44985.0	/ CPU: 17.971 seconds 	/ department sequence: [2, 5, 26, 12, 24, 6, 17, 15, 18, 1, 22, 23, 13, 10, 9, 21, 7, 3, 11, 25, 8, 19, 27, 30, 16, 29, 20, 14, 4, 28]
OFV: 46325.0	/ CPU: 21.350 seconds 	/ department sequence: [12, 24, 26, 17, 8, 1, 10, 9, 7, 19, 25, 23, 11, 22, 18, 3, 21, 13, 6, 15, 16, 30, 27, 20, 14, 29, 4, 5, 2, 28]
OFV: 45928.0	/ CPU: 28.802 seconds 	/ department sequence: [2, 5, 4, 29, 14, 20, 27, 30, 16, 18, 3, 21, 19, 23, 8, 11, 7, 22, 1, 25, 13, 10, 9, 17, 15, 26, 6, 24, 12, 28]
OFV: 45166.0	/ CPU: 17.270 seconds 	/ department sequence: [12, 24, 26, 17, 15, 6, 18, 1, 22, 23, 8, 25, 11, 7, 10, 13, 9, 19, 3, 21, 16, 30, 27, 20, 14, 29, 4, 5, 2, 28]
OFV: 44976.0	/ CPU: 17.581 seconds 	/ department sequence: [2, 5, 26, 12, 24, 6, 18, 17, 1, 15, 22, 23, 13, 10, 9, 21, 7, 3, 11, 25, 27, 16, 30, 19, 8, 29, 20, 14, 4, 28]
OFV: 44965.0	/ CPU: 38.164 seconds 	/ department sequence: [28, 4, 14, 20, 29, 8, 19, 30, 16, 27, 25, 11, 3, 7, 21, 9, 10, 13, 23, 22, 1, 18, 15, 17, 6, 24, 12, 26, 5, 2]
OFV: 45868.0	/ CPU: 17.985 seconds 	/ department sequence: [28, 2, 5, 6, 12, 26, 24, 17, 29, 13, 9, 10, 21, 25, 1, 7, 19, 22, 23, 11, 3, 8, 30, 16, 15, 27, 20, 18, 14, 4]
OFV: 45263.0	/ CPU: 16.957 seconds 	/ department sequence: [28, 4, 14, 20, 29, 2, 16, 30, 27, 9, 21, 3, 13, 10, 19, 25, 7, 11, 8, 23, 5, 17, 15, 1, 22, 18, 6, 26, 24, 12]
OFV: 45636.0	/ CPU: 19.004 seconds 	/ department sequence: [28, 2, 5, 4, 29, 14, 20, 21, 6, 13, 16, 30, 9, 3, 27, 10, 11, 7, 25, 19, 8, 23, 22, 15, 1, 18, 17, 26, 24, 12]
OFV: 46078.0	/ CPU: 20.879 seconds 	/ department sequence: [2, 5, 4, 29, 14, 20, 18, 21, 3, 27, 16, 30, 19, 23, 8, 11, 7, 22, 1, 25, 13, 10, 9, 17, 15, 26, 24, 6, 12, 28]
-- H30 result
--------------------------------------------
HostNestNum = 30, P_a = 0.0
--------------------------------------------
-- 2020-03-18 21:41 result data
OFV: 44975.0	/ CPU: 42.408 seconds 	/ department sequence: [2, 5, 26, 12, 24, 6, 17, 15, 18, 1, 22, 23, 10, 13, 9, 21, 7, 3, 11, 25, 27, 16, 30, 19, 8, 29, 20, 14, 4, 28]
-- H30 result
--------------------------------------------
HostNestNum = 30, P_a = 0.0
--------------------------------------------
-- 2020-03-18 21:41 result data
OFV: 44975.0	/ CPU: 37.313 seconds 	/ department sequence: [2, 5, 26, 12, 24, 6, 17, 15, 18, 1, 22, 23, 10, 13, 9, 21, 7, 3, 11, 25, 27, 16, 30, 19, 8, 29, 20, 14, 4, 28]
-- H30 result
--------------------------------------------
HostNestNum = 30, P_a = 0.0
--------------------------------------------
-- 2020-03-18 21:42 result data
OFV: 44977.0	/ CPU: 31.483 seconds 	/ department sequence: [2, 5, 26, 12, 24, 6, 17, 15, 18, 1, 22, 23, 13, 10, 9, 21, 7, 3, 11, 25, 27, 16, 30, 19, 29, 8, 20, 14, 4, 28]
-- H30 result
--------------------------------------------
HostNestNum = 30, P_a = 0.0
--------------------------------------------
-- 2020-03-18 21:43 result data
-- H30 result
--------------------------------------------
HostNestNum = 30, P_a = 0.0
--------------------------------------------
-- 2020-03-18 21:43 result data
OFV: 44995.0	/ CPU: 40.901 seconds 	/ department sequence: [28, 4, 14, 20, 29, 8, 19, 30, 16, 27, 25, 3, 11, 7, 21, 9, 10, 13, 23, 17, 15, 1, 22, 18, 6, 24, 12, 26, 5, 2]
-- H30 result
--------------------------------------------
HostNestNum = 30, P_a = 0.0
--------------------------------------------
-- 2020-03-18 21:44 result data
OFV: 44986.0	/ CPU: 21.061 seconds 	/ department sequence: [28, 4, 14, 20, 8, 29, 19, 30, 16, 27, 25, 11, 3, 7, 21, 9, 10, 13, 23, 22, 18, 1, 15, 17, 6, 24, 12, 26, 5, 2]
-- H30 result
--------------------------------------------
HostNestNum = 30, P_a = 0.0
--------------------------------------------
-- 2020-03-18 21:44 result data
OFV: 45186.0	/ CPU: 20.599 seconds 	/ department sequence: [28, 2, 5, 4, 29, 14, 20, 21, 19, 30, 27, 16, 3, 8, 25, 11, 7, 23, 9, 13, 10, 22, 1, 18, 6, 15, 17, 26, 24, 12]
-- H30 result
--------------------------------------------
HostNestNum = 30, P_a = 0.0
--------------------------------------------
-- 2020-03-18 21:45 result data
OFV: 44981.0	/ CPU: 24.597 seconds 	/ department sequence: [2, 5, 26, 12, 24, 6, 18, 17, 1, 15, 22, 23, 13, 10, 9, 21, 3, 7, 11, 25, 27, 16, 30, 19, 8, 29, 20, 14, 4, 28]
-- H30 result
--------------------------------------------
HostNestNum = 30, P_a = 0.0
--------------------------------------------
-- 2020-03-18 21:45 result data
OFV: 44989.0	/ CPU: 20.025 seconds 	/ department sequence: [2, 5, 26, 12, 24, 6, 18, 1, 22, 15, 17, 23, 13, 10, 9, 21, 7, 3, 11, 25, 27, 16, 30, 19, 8, 29, 20, 14, 4, 28]
-- H30 result
--------------------------------------------
HostNestNum = 30, P_a = 0.0
--------------------------------------------
-- 2020-03-18 21:47 result data
OFV: 44996.0	/ CPU: 25.099 seconds 	/ department sequence: [2, 5, 26, 12, 24, 6, 18, 17, 1, 15, 22, 23, 13, 10, 9, 21, 7, 3, 11, 25, 8, 19, 27, 30, 16, 29, 20, 14, 4, 28]
-- H30 result
--------------------------------------------
HostNestNum = 30, P_a = 0.0
--------------------------------------------
-- 2020-03-18 21:47 result data
OFV: 44965.0	/ CPU: 20.897 seconds 	/ department sequence: [2, 5, 26, 12, 24, 6, 17, 15, 18, 1, 22, 23, 13, 10, 9, 21, 7, 3, 11, 25, 27, 16, 30, 19, 8, 29, 20, 14, 4, 28]
-- H30 result
--------------------------------------------
HostNestNum = 30, P_a = 0.0
--------------------------------------------
-- 2020-03-18 21:47 result data
OFV: 45178.0	/ CPU: 12.375 seconds 	/ department sequence: [12, 24, 26, 17, 15, 6, 18, 1, 22, 23, 8, 25, 11, 7, 10, 13, 19, 9, 3, 21, 16, 30, 27, 20, 14, 29, 4, 5, 2, 28]
-- H30 result
--------------------------------------------
HostNestNum = 30, P_a = 0.0
--------------------------------------------
-- 2020-03-18 21:48 result data
OFV: 45017.0	/ CPU: 13.995 seconds 	/ department sequence: [2, 5, 12, 24, 26, 6, 18, 22, 1, 15, 17, 23, 13, 10, 9, 21, 7, 3, 11, 25, 8, 19, 27, 30, 16, 29, 20, 14, 4, 28]
-- H30 result
--------------------------------------------
HostNestNum = 30, P_a = 0.0
--------------------------------------------
-- 2020-03-18 21:48 result data
OFV: 45170.0	/ CPU: 12.622 seconds 	/ department sequence: [12, 24, 26, 17, 15, 6, 18, 1, 22, 23, 8, 11, 7, 25, 10, 13, 9, 19, 3, 21, 16, 30, 27, 20, 14, 29, 4, 5, 2, 28]
-- H30 result
--------------------------------------------
HostNestNum = 30, P_a = 0.0
--------------------------------------------
-- 2020-03-18 21:50 result data
OFV: 45151.0	/ CPU: 21.121 seconds 	/ department sequence: [12, 24, 26, 17, 15, 6, 18, 1, 22, 23, 8, 25, 11, 7, 10, 13, 9, 19, 3, 21, 16, 30, 27, 5, 2, 29, 20, 14, 4, 28]
-- H30 result
--------------------------------------------
HostNestNum = 30, P_a = 0.0
--------------------------------------------
-- 2020-03-18 21:51 result data
OFV: 44976.0	/ CPU: 17.364 seconds 	/ department sequence: [28, 4, 14, 20, 29, 8, 19, 30, 16, 27, 25, 11, 3, 7, 21, 9, 10, 13, 23, 22, 1, 18, 15, 17, 6, 26, 24, 12, 5, 2]
-- H30 result
--------------------------------------------
HostNestNum = 30, P_a = 0.0
--------------------------------------------
-- 2020-03-18 21:51 result data
OFV: 44976.0	/ CPU: 10.362 seconds 	/ department sequence: [2, 5, 26, 12, 24, 6, 18, 17, 1, 15, 22, 23, 13, 10, 9, 21, 7, 3, 11, 25, 27, 16, 30, 19, 8, 29, 20, 14, 4, 28]
-- H30 result
--------------------------------------------
HostNestNum = 30, P_a = 0.0
--------------------------------------------
-- 2020-03-18 21:51 result data
OFV: 45067.0	/ CPU: 8.961 seconds 	/ department sequence: [2, 5, 26, 12, 24, 6, 17, 15, 18, 1, 22, 23, 13, 10, 9, 21, 7, 3, 11, 25, 19, 29, 30, 27, 16, 8, 20, 14, 4, 28]
-- H30 result
--------------------------------------------
HostNestNum = 30, P_a = 0.0
--------------------------------------------
-- 2020-03-18 21:51 result data
OFV: 44965.0	/ CPU: 8.916 seconds 	/ department sequence: [28, 4, 14, 20, 29, 8, 19, 30, 16, 27, 25, 11, 3, 7, 21, 9, 10, 13, 23, 22, 1, 18, 15, 17, 6, 24, 12, 26, 5, 2]
-- H30 result
--------------------------------------------
HostNestNum = 30, P_a = 0.0
--------------------------------------------
-- 2020-03-18 21:53 result data
OFV: 44985.0	/ CPU: 26.123 seconds 	/ department sequence: [2, 5, 26, 12, 24, 6, 17, 15, 18, 1, 22, 23, 13, 10, 9, 21, 7, 3, 11, 25, 8, 19, 27, 30, 16, 29, 20, 14, 4, 28]
-- H30 result
--------------------------------------------
HostNestNum = 30, P_a = 0.0
--------------------------------------------
-- 2020-03-18 21:54 result data
OFV: 44965.0	/ CPU: 22.731 seconds 	/ department sequence: [2, 5, 26, 12, 24, 6, 17, 15, 18, 1, 22, 23, 13, 10, 9, 21, 7, 3, 11, 25, 27, 16, 30, 19, 8, 29, 20, 14, 4, 28]
-- H30 result
--------------------------------------------
HostNestNum = 30, P_a = 0.0
--------------------------------------------
-- 2020-03-18 21:54 result data
OFV: 44965.0	/ CPU: 12.110 seconds 	/ department sequence: [2, 5, 26, 12, 24, 6, 17, 15, 18, 1, 22, 23, 13, 10, 9, 21, 7, 3, 11, 25, 27, 16, 30, 19, 8, 29, 20, 14, 4, 28]
-- H30 result
--------------------------------------------
HostNestNum = 30, P_a = 0.0
--------------------------------------------
-- 2020-03-18 21:54 result data
OFV: 44976.0	/ CPU: 10.055 seconds 	/ department sequence: [2, 5, 26, 12, 24, 6, 18, 17, 1, 15, 22, 23, 13, 10, 9, 21, 7, 3, 11, 25, 27, 16, 30, 19, 8, 29, 20, 14, 4, 28]
-- H30 result
--------------------------------------------
HostNestNum = 30, P_a = 0.0
--------------------------------------------
-- 2020-03-18 21:55 result data
OFV: 44996.0	/ CPU: 10.735 seconds 	/ department sequence: [28, 4, 14, 20, 29, 16, 30, 27, 19, 8, 25, 11, 3, 7, 21, 9, 10, 13, 23, 22, 15, 1, 17, 18, 6, 24, 12, 26, 5, 2]
-- H30 result
--------------------------------------------
HostNestNum = 30, P_a = 0.0
--------------------------------------------
-- 2020-03-19 12:34 result data
OFV: 44965.0	/ CPU: 19.136 seconds 	/ department sequence: [2, 5, 26, 12, 24, 6, 17, 15, 18, 1, 22, 23, 13, 10, 9, 21, 7, 3, 11, 25, 27, 16, 30, 19, 8, 29, 20, 14, 4, 28]
-- H30 result
--------------------------------------------
HostNestNum = 30, P_a = 0.0
--------------------------------------------
-- 2020-03-19 12:34 result data
OFV: 45166.0	/ CPU: 14.927 seconds 	/ department sequence: [12, 24, 26, 17, 15, 6, 18, 1, 22, 23, 8, 25, 11, 7, 10, 13, 9, 19, 3, 21, 16, 30, 27, 20, 14, 29, 4, 5, 2, 28]
-- H30 result
--------------------------------------------
HostNestNum = 30, P_a = 0.0
--------------------------------------------
-- 2020-03-19 12:34 result data
OFV: 44990.0	/ CPU: 10.709 seconds 	/ department sequence: [2, 5, 26, 12, 24, 6, 17, 15, 1, 18, 22, 23, 13, 10, 9, 21, 7, 3, 11, 25, 27, 30, 16, 19, 8, 29, 20, 14, 4, 28]
-- H30 result
--------------------------------------------
HostNestNum = 30, P_a = 0.0
--------------------------------------------
-- 2020-03-19 12:35 result data
OFV: 44986.0	/ CPU: 7.981 seconds 	/ department sequence: [28, 4, 14, 20, 29, 8, 19, 30, 16, 27, 25, 11, 3, 7, 21, 9, 10, 13, 23, 17, 15, 1, 22, 18, 6, 24, 12, 26, 5, 2]
-- H30 result
--------------------------------------------
HostNestNum = 30, P_a = 0.0
--------------------------------------------
-- 2020-03-19 12:35 result data
OFV: 45218.0	/ CPU: 8.134 seconds 	/ department sequence: [28, 4, 14, 20, 29, 2, 5, 21, 16, 30, 27, 3, 19, 9, 13, 10, 7, 11, 25, 8, 23, 22, 18, 1, 6, 15, 17, 26, 24, 12]
-- H30 result
--------------------------------------------
HostNestNum = 30, P_a = 0.0
--------------------------------------------
-- 2020-03-19 12:36 result data
OFV: 45172.0	/ CPU: 22.447 seconds 	/ department sequence: [12, 24, 26, 18, 6, 22, 1, 15, 17, 5, 23, 10, 9, 13, 7, 11, 25, 8, 3, 21, 19, 27, 30, 16, 2, 29, 20, 14, 4, 28]
-- H30 result
--------------------------------------------
HostNestNum = 30, P_a = 0.0
--------------------------------------------
-- 2020-03-19 12:36 result data
-- H30 result
--------------------------------------------
HostNestNum = 30, P_a = 0.0
--------------------------------------------
-- 2020-03-19 12:37 result data
OFV: 44965.0	/ CPU: 17.799 seconds 	/ department sequence: [28, 4, 14, 20, 29, 8, 19, 30, 16, 27, 25, 11, 3, 7, 21, 9, 10, 13, 23, 22, 1, 18, 15, 17, 6, 24, 12, 26, 5, 2]
-- H30 result
--------------------------------------------
HostNestNum = 30, P_a = 0.0
--------------------------------------------
-- 2020-03-19 12:37 result data
OFV: 44965.0	/ CPU: 21.603 seconds 	/ department sequence: [28, 4, 14, 20, 29, 8, 19, 30, 16, 27, 25, 11, 3, 7, 21, 9, 10, 13, 23, 22, 1, 18, 15, 17, 6, 24, 12, 26, 5, 2]
-- H30 result
--------------------------------------------
HostNestNum = 30, P_a = 0.0
--------------------------------------------
-- 2020-03-19 12:37 result data
OFV: 45024.0	/ CPU: 10.782 seconds 	/ department sequence: [28, 4, 14, 20, 29, 8, 19, 30, 16, 27, 25, 11, 3, 7, 21, 9, 10, 13, 23, 17, 15, 1, 22, 18, 6, 5, 2, 26, 24, 12]
-- H30 result
--------------------------------------------
HostNestNum = 30, P_a = 0.0
--------------------------------------------
-- 2020-03-19 12:37 result data
OFV: 45126.0	/ CPU: 9.900 seconds 	/ department sequence: [28, 2, 5, 4, 29, 14, 20, 27, 30, 16, 21, 3, 19, 8, 25, 11, 7, 23, 9, 13, 10, 22, 1, 18, 6, 15, 17, 26, 24, 12]
-- H30 result
--------------------------------------------
HostNestNum = 30, P_a = 0.0
--------------------------------------------
-- 2020-03-19 12:38 result data
OFV: 45203.0	/ CPU: 10.509 seconds 	/ department sequence: [28, 2, 4, 29, 14, 20, 16, 30, 27, 19, 21, 3, 8, 25, 11, 7, 13, 9, 10, 23, 5, 17, 15, 1, 22, 6, 18, 26, 24, 12]
-- H30 result
--------------------------------------------
HostNestNum = 30, P_a = 0.0
--------------------------------------------
-- 2020-03-19 12:39 result data
OFV: 45003.0	/ CPU: 21.452 seconds 	/ department sequence: [12, 24, 26, 2, 5, 6, 17, 15, 18, 1, 22, 23, 13, 10, 9, 21, 7, 3, 11, 25, 27, 16, 30, 19, 8, 29, 20, 14, 4, 28]
-- H30 result
--------------------------------------------
HostNestNum = 30, P_a = 0.0
--------------------------------------------
-- 2020-03-19 12:39 result data
OFV: 44996.0	/ CPU: 13.323 seconds 	/ department sequence: [2, 5, 26, 12, 24, 6, 18, 17, 15, 1, 22, 23, 13, 10, 9, 21, 7, 3, 11, 25, 8, 19, 27, 30, 16, 29, 20, 14, 4, 28]
-- H30 result
--------------------------------------------
HostNestNum = 30, P_a = 0.0
--------------------------------------------
-- 2020-03-19 12:40 result data
OFV: 44986.0	/ CPU: 14.256 seconds 	/ department sequence: [28, 4, 14, 20, 29, 8, 19, 30, 16, 27, 25, 11, 3, 7, 21, 9, 10, 13, 23, 17, 15, 1, 22, 18, 6, 24, 12, 26, 5, 2]
-- H30 result
--------------------------------------------
HostNestNum = 30, P_a = 0.0
--------------------------------------------
-- 2020-03-19 12:40 result data
OFV: 44986.0	/ CPU: 11.369 seconds 	/ department sequence: [28, 4, 14, 20, 29, 8, 19, 30, 16, 27, 25, 11, 3, 7, 21, 9, 10, 13, 23, 17, 15, 1, 22, 18, 6, 24, 12, 26, 5, 2]
-- H30 result
--------------------------------------------
HostNestNum = 30, P_a = 0.0
--------------------------------------------
-- 2020-03-19 12:40 result data
OFV: 44965.0	/ CPU: 14.014 seconds 	/ department sequence: [28, 4, 14, 20, 29, 8, 19, 30, 16, 27, 25, 11, 3, 7, 21, 9, 10, 13, 23, 22, 1, 18, 15, 17, 6, 24, 12, 26, 5, 2]
-- H30 result
--------------------------------------------
HostNestNum = 30, P_a = 0.0
--------------------------------------------
-- 2020-03-19 12:43 result data
OFV: 44965.0	/ CPU: 31.767 seconds 	/ department sequence: [2, 5, 26, 12, 24, 6, 17, 15, 18, 1, 22, 23, 13, 10, 9, 21, 7, 3, 11, 25, 27, 16, 30, 19, 8, 29, 20, 14, 4, 28]
-- H30 result
--------------------------------------------
HostNestNum = 30, P_a = 0.0
--------------------------------------------
-- 2020-03-19 12:43 result data
OFV: 44965.0	/ CPU: 17.305 seconds 	/ department sequence: [28, 4, 14, 20, 29, 8, 19, 30, 16, 27, 25, 11, 3, 7, 21, 9, 10, 13, 23, 22, 1, 18, 15, 17, 6, 24, 12, 26, 5, 2]
-- H30 result
--------------------------------------------
HostNestNum = 30, P_a = 0.0
--------------------------------------------
-- 2020-03-19 12:44 result data
OFV: 44986.0	/ CPU: 19.415 seconds 	/ department sequence: [28, 4, 14, 20, 29, 8, 19, 30, 16, 27, 25, 11, 3, 7, 21, 9, 10, 13, 23, 17, 15, 1, 22, 18, 6, 24, 12, 26, 5, 2]
-- H30 result
--------------------------------------------
HostNestNum = 30, P_a = 0.0
--------------------------------------------
-- 2020-03-19 12:44 result data
OFV: 44965.0	/ CPU: 18.007 seconds 	/ department sequence: [28, 4, 14, 20, 29, 8, 19, 30, 16, 27, 25, 11, 3, 7, 21, 9, 10, 13, 23, 22, 1, 18, 15, 17, 6, 24, 12, 26, 5, 2]
-- H30 result
--------------------------------------------
HostNestNum = 30, P_a = 0.0
--------------------------------------------
-- 2020-03-19 12:44 result data
OFV: 45190.0	/ CPU: 20.132 seconds 	/ department sequence: [28, 4, 2, 29, 14, 20, 5, 27, 30, 16, 21, 3, 19, 9, 13, 10, 25, 7, 11, 8, 23, 22, 1, 18, 6, 15, 17, 26, 24, 12]
-- H30 result
--------------------------------------------
HostNestNum = 30, P_a = 0.0
--------------------------------------------
-- 2020-03-19 12:49 result data
OFV: 44976.0	/ CPU: 33.582 seconds 	/ department sequence: [2, 5, 26, 12, 24, 6, 18, 17, 15, 1, 22, 23, 13, 10, 9, 21, 7, 3, 11, 25, 27, 16, 30, 19, 8, 29, 20, 14, 4, 28]
-- H30 result
--------------------------------------------
HostNestNum = 30, P_a = 0.0
--------------------------------------------
-- 2020-03-19 12:50 result data
OFV: 44986.0	/ CPU: 18.278 seconds 	/ department sequence: [2, 5, 26, 12, 24, 6, 17, 15, 18, 1, 22, 23, 13, 10, 9, 21, 7, 3, 11, 27, 30, 16, 25, 19, 8, 29, 20, 14, 4, 28]
-- H30 result
--------------------------------------------
HostNestNum = 30, P_a = 0.0
--------------------------------------------
-- 2020-03-19 12:50 result data
OFV: 44976.0	/ CPU: 25.931 seconds 	/ department sequence: [28, 4, 14, 20, 29, 8, 19, 30, 16, 27, 25, 11, 3, 7, 21, 9, 10, 13, 23, 22, 1, 15, 17, 18, 6, 24, 12, 26, 5, 2]
-- H30 result
--------------------------------------------
HostNestNum = 30, P_a = 0.0
--------------------------------------------
-- 2020-03-19 12:50 result data
OFV: 45183.0	/ CPU: 19.613 seconds 	/ department sequence: [28, 2, 4, 29, 14, 20, 27, 30, 16, 19, 21, 3, 8, 25, 11, 7, 13, 9, 10, 23, 5, 22, 1, 18, 6, 15, 17, 26, 24, 12]
-- H30 result
--------------------------------------------
HostNestNum = 30, P_a = 0.0
--------------------------------------------
-- 2020-03-19 12:51 result data
OFV: 44965.0	/ CPU: 21.875 seconds 	/ department sequence: [2, 5, 26, 12, 24, 6, 17, 15, 18, 1, 22, 23, 13, 10, 9, 21, 7, 3, 11, 25, 27, 16, 30, 19, 8, 29, 20, 14, 4, 28]
-- H30 result
--------------------------------------------
HostNestNum = 30, P_a = 0.0
--------------------------------------------
-- 2020-03-19 17:03 result data
OFV: 45004.0	/ CPU: 36.389 seconds 	/ department sequence: [28, 4, 14, 20, 29, 8, 19, 30, 16, 27, 25, 11, 3, 7, 9, 21, 10, 13, 23, 17, 15, 1, 22, 18, 6, 24, 12, 26, 5, 2]
-- H30 result
--------------------------------------------
HostNestNum = 30, P_a = 0.0
--------------------------------------------
-- 2020-03-19 17:04 result data
OFV: 44976.0	/ CPU: 18.627 seconds 	/ department sequence: [28, 4, 14, 20, 29, 8, 19, 30, 16, 27, 25, 11, 3, 7, 21, 9, 10, 13, 23, 22, 15, 1, 17, 18, 6, 24, 12, 26, 5, 2]
-- H30 result
--------------------------------------------
HostNestNum = 30, P_a = 0.0
--------------------------------------------
-- 2020-03-19 17:04 result data
OFV: 44979.0	/ CPU: 26.825 seconds 	/ department sequence: [28, 4, 14, 20, 29, 8, 19, 30, 16, 27, 25, 11, 7, 3, 21, 9, 10, 13, 23, 22, 18, 1, 15, 17, 6, 24, 12, 26, 5, 2]
-- H30 result
--------------------------------------------
HostNestNum = 30, P_a = 0.0
--------------------------------------------
-- 2020-03-19 17:04 result data
OFV: 44994.0	/ CPU: 22.784 seconds 	/ department sequence: [28, 4, 14, 20, 29, 8, 19, 30, 16, 27, 25, 11, 3, 7, 9, 21, 10, 13, 23, 22, 1, 18, 15, 17, 6, 26, 24, 12, 5, 2]
-- H30 result
--------------------------------------------
HostNestNum = 30, P_a = 0.0
--------------------------------------------
-- 2020-03-19 17:05 result data
OFV: 45200.0	/ CPU: 25.610 seconds 	/ department sequence: [28, 2, 5, 4, 29, 14, 20, 21, 16, 30, 27, 3, 19, 9, 13, 10, 7, 11, 25, 23, 8, 22, 1, 18, 6, 15, 17, 26, 24, 12]
-- H30 result
--------------------------------------------
HostNestNum = 30, P_a = 0.0
--------------------------------------------
-- 2020-03-19 17:09 result data
OFV: 44974.0	/ CPU: 29.816 seconds 	/ department sequence: [2, 5, 26, 12, 24, 6, 17, 15, 1, 18, 22, 23, 13, 10, 9, 21, 7, 3, 11, 25, 27, 16, 30, 19, 8, 29, 20, 14, 4, 28]
-- H30 result
--------------------------------------------
HostNestNum = 30, P_a = 0.0
--------------------------------------------
-- 2020-03-19 17:09 result data
OFV: 44976.0	/ CPU: 27.863 seconds 	/ department sequence: [28, 4, 14, 20, 29, 8, 19, 30, 16, 27, 25, 11, 3, 7, 21, 9, 10, 13, 23, 22, 15, 1, 17, 18, 6, 24, 12, 26, 5, 2]
-- H30 result
--------------------------------------------
HostNestNum = 30, P_a = 0.0
--------------------------------------------
-- 2020-03-19 17:10 result data
OFV: 44980.0	/ CPU: 26.066 seconds 	/ department sequence: [28, 4, 14, 20, 29, 8, 19, 30, 16, 27, 25, 11, 7, 3, 21, 9, 13, 10, 23, 22, 1, 18, 15, 17, 6, 24, 12, 26, 5, 2]
-- H30 result
--------------------------------------------
HostNestNum = 30, P_a = 0.0
--------------------------------------------
-- 2020-03-19 17:10 result data
OFV: 44974.0	/ CPU: 21.713 seconds 	/ department sequence: [2, 5, 26, 12, 24, 6, 17, 15, 18, 1, 22, 23, 13, 10, 9, 21, 7, 11, 3, 25, 27, 16, 30, 19, 8, 29, 20, 14, 4, 28]
-- H30 result
--------------------------------------------
HostNestNum = 30, P_a = 0.0
--------------------------------------------
-- 2020-03-19 17:11 result data
OFV: 44965.0	/ CPU: 23.687 seconds 	/ department sequence: [2, 5, 26, 12, 24, 6, 17, 15, 18, 1, 22, 23, 13, 10, 9, 21, 7, 3, 11, 25, 27, 16, 30, 19, 8, 29, 20, 14, 4, 28]
-- H30 result
--------------------------------------------
HostNestNum = 30, P_a = 0.0
--------------------------------------------
-- 2020-03-20 10:42 result data
OFV: 44970.0	/ CPU: 47.433 seconds 	/ department sequence: [28, 4, 14, 20, 29, 8, 19, 30, 16, 27, 25, 11, 7, 3, 21, 9, 10, 13, 23, 22, 1, 18, 15, 17, 6, 24, 12, 26, 5, 2]
-- H30 result
--------------------------------------------
HostNestNum = 30, P_a = 0.0
--------------------------------------------
-- 2020-03-20 10:43 result data
OFV: 44985.0	/ CPU: 34.815 seconds 	/ department sequence: [2, 5, 26, 12, 24, 6, 18, 17, 15, 1, 22, 23, 13, 10, 9, 21, 7, 11, 3, 25, 27, 16, 30, 19, 8, 29, 20, 14, 4, 28]
-- H30 result
--------------------------------------------
HostNestNum = 30, P_a = 0.0
--------------------------------------------
-- 2020-03-20 10:43 result data
OFV: 44970.0	/ CPU: 29.662 seconds 	/ department sequence: [28, 4, 14, 20, 29, 8, 19, 30, 16, 27, 25, 11, 7, 3, 21, 9, 10, 13, 23, 22, 1, 18, 15, 17, 6, 24, 12, 26, 5, 2]
-- H30 result
--------------------------------------------
HostNestNum = 30, P_a = 0.0
--------------------------------------------
-- 2020-03-20 10:44 result data
OFV: 45007.0	/ CPU: 26.429 seconds 	/ department sequence: [28, 4, 14, 20, 29, 16, 30, 27, 19, 8, 25, 11, 3, 7, 21, 9, 10, 13, 23, 22, 1, 15, 17, 18, 6, 26, 24, 12, 5, 2]
-- H30 result
--------------------------------------------
HostNestNum = 30, P_a = 0.0
--------------------------------------------
-- 2020-03-20 10:44 result data
OFV: 44985.0	/ CPU: 43.882 seconds 	/ department sequence: [2, 5, 26, 12, 24, 6, 17, 15, 18, 1, 22, 23, 13, 10, 9, 21, 7, 3, 11, 25, 8, 19, 27, 30, 16, 29, 20, 14, 4, 28]
-- H30 result
--------------------------------------------
HostNestNum = 30, P_a = 0.0
--------------------------------------------
-- 2020-03-20 10:48 result data
OFV: 45151.0	/ CPU: 35.524 seconds 	/ department sequence: [12, 24, 26, 17, 15, 6, 18, 1, 22, 23, 8, 25, 11, 7, 10, 13, 9, 19, 3, 21, 16, 30, 27, 5, 2, 29, 20, 14, 4, 28]
-- H30 result
--------------------------------------------
HostNestNum = 30, P_a = 0.0
--------------------------------------------
-- 2020-03-20 10:49 result data
OFV: 44986.0	/ CPU: 22.601 seconds 	/ department sequence: [2, 5, 26, 12, 24, 6, 17, 18, 15, 1, 22, 23, 13, 10, 9, 21, 7, 3, 11, 25, 27, 16, 30, 19, 8, 29, 20, 14, 4, 28]
-- H30 result
--------------------------------------------
HostNestNum = 30, P_a = 0.0
--------------------------------------------
-- 2020-03-20 10:49 result data
OFV: 44965.0	/ CPU: 22.770 seconds 	/ department sequence: [2, 5, 26, 12, 24, 6, 17, 15, 18, 1, 22, 23, 13, 10, 9, 21, 7, 3, 11, 25, 27, 16, 30, 19, 8, 29, 20, 14, 4, 28]
-- H30 result
--------------------------------------------
HostNestNum = 30, P_a = 0.0
--------------------------------------------
-- 2020-03-20 10:50 result data
OFV: 44986.0	/ CPU: 15.751 seconds 	/ department sequence: [2, 5, 26, 12, 24, 6, 18, 22, 1, 15, 17, 23, 13, 10, 9, 21, 7, 3, 11, 25, 27, 16, 30, 19, 8, 29, 20, 14, 4, 28]
-- H30 result
--------------------------------------------
HostNestNum = 30, P_a = 0.0
--------------------------------------------
-- 2020-03-20 10:50 result data
OFV: 44985.0	/ CPU: 17.291 seconds 	/ department sequence: [2, 5, 26, 12, 24, 6, 17, 15, 18, 1, 22, 23, 13, 10, 9, 21, 7, 3, 11, 25, 8, 19, 27, 30, 16, 29, 20, 14, 4, 28]
