-- LW5 result
--------------------------------------------
HostNestNum = 15, P_a = 0.25
--------------------------------------------
-- 2019-01-06 07:35summary result data
OFV: 151.0	/ CPU: 0.828	/ department sequence: [4, 3, 5, 1, 2]
-- 2019-01-06 07:35summary result data
OFV: 151.0	/ CPU: 0.803	/ department sequence: [2, 1, 5, 3, 4]
-- 2019-01-06 07:35summary result data
OFV: 151.0	/ CPU: 0.821	/ department sequence: [2, 1, 5, 4, 3]
-- 2019-01-06 07:35summary result data
OFV: 151.0	/ CPU: 0.82	/ department sequence: [3, 4, 5, 1, 2]
-- 2019-01-06 07:35summary result data
OFV: 151.0	/ CPU: 0.817	/ department sequence: [2, 1, 5, 4, 3]
-- 2019-01-06 07:35summary result data
OFV: 151.0	/ CPU: 0.81	/ department sequence: [2, 1, 5, 4, 3]
-- 2019-01-06 07:35summary result data
OFV: 151.0	/ CPU: 0.804	/ department sequence: [4, 3, 5, 1, 2]
-- 2019-01-06 07:35summary result data
OFV: 151.0	/ CPU: 0.82	/ department sequence: [3, 4, 5, 1, 2]
-- 2019-01-06 07:35summary result data
OFV: 151.0	/ CPU: 0.811	/ department sequence: [2, 1, 5, 4, 3]
-- 2019-01-06 07:35summary result data
OFV: 151.0	/ CPU: 0.814	/ department sequence: [2, 1, 5, 4, 3]
