-- LW5 result
--------------------------------------------
HostNestNum = 5, P_a = 0.05
--------------------------------------------
-- 2019-01-06 07:34summary result data
OFV: 151.0	/ CPU: 0.29	/ department sequence: [4, 3, 5, 1, 2]
-- 2019-01-06 07:34summary result data
OFV: 151.0	/ CPU: 0.289	/ department sequence: [2, 1, 5, 3, 4]
-- 2019-01-06 07:34summary result data
OFV: 151.0	/ CPU: 0.282	/ department sequence: [4, 3, 5, 1, 2]
-- 2019-01-06 07:34summary result data
OFV: 151.0	/ CPU: 0.281	/ department sequence: [3, 4, 5, 1, 2]
-- 2019-01-06 07:34summary result data
OFV: 151.0	/ CPU: 0.288	/ department sequence: [4, 3, 5, 1, 2]
-- 2019-01-06 07:34summary result data
OFV: 151.0	/ CPU: 0.282	/ department sequence: [4, 3, 5, 1, 2]
-- 2019-01-06 07:34summary result data
OFV: 151.0	/ CPU: 0.288	/ department sequence: [4, 3, 5, 1, 2]
-- 2019-01-06 07:34summary result data
OFV: 151.0	/ CPU: 0.302	/ department sequence: [4, 3, 5, 1, 2]
-- 2019-01-06 07:34summary result data
OFV: 151.0	/ CPU: 0.282	/ department sequence: [4, 3, 5, 1, 2]
-- 2019-01-06 07:34summary result data
OFV: 151.0	/ CPU: 0.296	/ department sequence: [2, 1, 5, 4, 3]
