-- LW5 result
--------------------------------------------
HostNestNum = 15, P_a = 0.5
--------------------------------------------
-- 2019-01-06 07:36summary result data
OFV: 151.0	/ CPU: 1.337	/ department sequence: [4, 3, 5, 1, 2]
-- 2019-01-06 07:36summary result data
OFV: 151.0	/ CPU: 1.35	/ department sequence: [2, 1, 5, 3, 4]
-- 2019-01-06 07:36summary result data
OFV: 151.0	/ CPU: 1.335	/ department sequence: [3, 4, 5, 1, 2]
-- 2019-01-06 07:36summary result data
OFV: 151.0	/ CPU: 1.348	/ department sequence: [2, 1, 5, 4, 3]
-- 2019-01-06 07:36summary result data
OFV: 151.0	/ CPU: 1.351	/ department sequence: [3, 4, 5, 1, 2]
-- 2019-01-06 07:36summary result data
OFV: 151.0	/ CPU: 1.332	/ department sequence: [4, 3, 5, 1, 2]
-- 2019-01-06 07:36summary result data
OFV: 151.0	/ CPU: 1.334	/ department sequence: [4, 3, 5, 1, 2]
-- 2019-01-06 07:36summary result data
OFV: 151.0	/ CPU: 1.341	/ department sequence: [2, 1, 5, 4, 3]
-- 2019-01-06 07:36summary result data
OFV: 151.0	/ CPU: 1.355	/ department sequence: [4, 3, 5, 1, 2]
-- 2019-01-06 07:36summary result data
OFV: 151.0	/ CPU: 1.341	/ department sequence: [3, 4, 5, 1, 2]
