-- LW5 result
--------------------------------------------
HostNestNum = 20, P_a = 0.05
--------------------------------------------
-- 2019-01-06 07:36summary result data
OFV: 151.0	/ CPU: 0.485	/ department sequence: [3, 4, 5, 1, 2]
-- 2019-01-06 07:36summary result data
OFV: 151.0	/ CPU: 0.465	/ department sequence: [2, 1, 5, 3, 4]
-- 2019-01-06 07:36summary result data
OFV: 151.0	/ CPU: 0.47	/ department sequence: [2, 1, 5, 4, 3]
-- 2019-01-06 07:36summary result data
OFV: 151.0	/ CPU: 0.48	/ department sequence: [2, 1, 5, 4, 3]
-- 2019-01-06 07:36summary result data
OFV: 151.0	/ CPU: 0.5	/ department sequence: [2, 1, 5, 3, 4]
-- 2019-01-06 07:36summary result data
OFV: 151.0	/ CPU: 0.495	/ department sequence: [2, 1, 5, 3, 4]
-- 2019-01-06 07:36summary result data
OFV: 151.0	/ CPU: 0.469	/ department sequence: [4, 3, 5, 1, 2]
-- 2019-01-06 07:36summary result data
OFV: 151.0	/ CPU: 0.475	/ department sequence: [4, 3, 5, 1, 2]
-- 2019-01-06 07:36summary result data
OFV: 151.0	/ CPU: 0.454	/ department sequence: [2, 1, 5, 4, 3]
-- 2019-01-06 07:36summary result data
OFV: 151.0	/ CPU: 0.477	/ department sequence: [4, 3, 5, 1, 2]
