-- LW5 result
--------------------------------------------
HostNestNum = 15, P_a = 0.1
--------------------------------------------
-- 2019-01-06 07:35summary result data
OFV: 151.0	/ CPU: 0.555	/ department sequence: [2, 1, 5, 3, 4]
-- 2019-01-06 07:35summary result data
OFV: 151.0	/ CPU: 0.554	/ department sequence: [2, 1, 5, 3, 4]
-- 2019-01-06 07:35summary result data
OFV: 151.0	/ CPU: 0.556	/ department sequence: [4, 3, 5, 1, 2]
-- 2019-01-06 07:35summary result data
OFV: 151.0	/ CPU: 0.548	/ department sequence: [3, 4, 5, 1, 2]
-- 2019-01-06 07:35summary result data
OFV: 151.0	/ CPU: 0.557	/ department sequence: [2, 1, 5, 3, 4]
-- 2019-01-06 07:35summary result data
OFV: 151.0	/ CPU: 0.541	/ department sequence: [4, 3, 5, 1, 2]
-- 2019-01-06 07:35summary result data
OFV: 151.0	/ CPU: 0.55	/ department sequence: [2, 1, 5, 3, 4]
-- 2019-01-06 07:35summary result data
OFV: 151.0	/ CPU: 0.543	/ department sequence: [2, 1, 5, 4, 3]
-- 2019-01-06 07:35summary result data
OFV: 151.0	/ CPU: 0.549	/ department sequence: [4, 3, 5, 1, 2]
-- 2019-01-06 07:35summary result data
OFV: 151.0	/ CPU: 0.552	/ department sequence: [2, 1, 5, 3, 4]
