-- LW5 result
--------------------------------------------
HostNestNum = 15, P_a = 0.2
--------------------------------------------
-- 2019-01-06 07:35summary result data
OFV: 151.0	/ CPU: 0.677	/ department sequence: [4, 3, 5, 1, 2]
-- 2019-01-06 07:35summary result data
OFV: 151.0	/ CPU: 0.689	/ department sequence: [3, 4, 5, 1, 2]
-- 2019-01-06 07:35summary result data
OFV: 151.0	/ CPU: 0.683	/ department sequence: [2, 1, 5, 4, 3]
-- 2019-01-06 07:35summary result data
OFV: 151.0	/ CPU: 0.681	/ department sequence: [2, 1, 5, 3, 4]
-- 2019-01-06 07:35summary result data
OFV: 151.0	/ CPU: 0.688	/ department sequence: [4, 3, 5, 1, 2]
-- 2019-01-06 07:35summary result data
OFV: 151.0	/ CPU: 0.689	/ department sequence: [3, 4, 5, 1, 2]
-- 2019-01-06 07:35summary result data
OFV: 151.0	/ CPU: 0.71	/ department sequence: [2, 1, 5, 3, 4]
-- 2019-01-06 07:35summary result data
OFV: 151.0	/ CPU: 0.685	/ department sequence: [4, 3, 5, 1, 2]
-- 2019-01-06 07:35summary result data
OFV: 151.0	/ CPU: 0.687	/ department sequence: [2, 1, 5, 3, 4]
-- 2019-01-06 07:35summary result data
OFV: 151.0	/ CPU: 0.684	/ department sequence: [3, 4, 5, 1, 2]
