-- LW5 result
--------------------------------------------
HostNestNum = 15, P_a = 0.0
--------------------------------------------
-- 2019-01-06 07:35summary result data
OFV: 151.0	/ CPU: 0.283	/ department sequence: [3, 4, 5, 1, 2]
-- 2019-01-06 07:35summary result data
OFV: 151.0	/ CPU: 0.288	/ department sequence: [4, 3, 5, 1, 2]
-- 2019-01-06 07:35summary result data
OFV: 151.0	/ CPU: 0.297	/ department sequence: [2, 1, 5, 4, 3]
-- 2019-01-06 07:35summary result data
OFV: 151.0	/ CPU: 0.297	/ department sequence: [2, 1, 5, 4, 3]
-- 2019-01-06 07:35summary result data
OFV: 151.0	/ CPU: 0.276	/ department sequence: [3, 4, 5, 1, 2]
-- 2019-01-06 07:35summary result data
OFV: 151.0	/ CPU: 0.29	/ department sequence: [3, 4, 5, 1, 2]
-- 2019-01-06 07:35summary result data
OFV: 151.0	/ CPU: 0.294	/ department sequence: [2, 1, 5, 4, 3]
-- 2019-01-06 07:35summary result data
OFV: 151.0	/ CPU: 0.29	/ department sequence: [2, 1, 5, 3, 4]
-- 2019-01-06 07:35summary result data
OFV: 151.0	/ CPU: 0.301	/ department sequence: [2, 1, 5, 3, 4]
-- 2019-01-06 07:35summary result data
OFV: 151.0	/ CPU: 0.286	/ department sequence: [2, 1, 5, 4, 3]
