-- LW5 result
--------------------------------------------
HostNestNum = 10, P_a = 0.15
--------------------------------------------
-- 2019-01-06 07:34summary result data
OFV: 151.0	/ CPU: 0.519	/ department sequence: [2, 1, 5, 3, 4]
-- 2019-01-06 07:34summary result data
OFV: 151.0	/ CPU: 0.502	/ department sequence: [4, 3, 5, 1, 2]
-- 2019-01-06 07:34summary result data
OFV: 151.0	/ CPU: 0.507	/ department sequence: [4, 3, 5, 1, 2]
-- 2019-01-06 07:34summary result data
OFV: 151.0	/ CPU: 0.509	/ department sequence: [4, 3, 5, 1, 2]
-- 2019-01-06 07:34summary result data
OFV: 151.0	/ CPU: 0.511	/ department sequence: [2, 1, 5, 4, 3]
-- 2019-01-06 07:34summary result data
OFV: 151.0	/ CPU: 0.502	/ department sequence: [3, 4, 5, 1, 2]
-- 2019-01-06 07:34summary result data
OFV: 151.0	/ CPU: 0.505	/ department sequence: [4, 3, 5, 1, 2]
-- 2019-01-06 07:34summary result data
OFV: 151.0	/ CPU: 0.5	/ department sequence: [3, 4, 5, 1, 2]
-- 2019-01-06 07:34summary result data
OFV: 151.0	/ CPU: 0.51	/ department sequence: [2, 1, 5, 4, 3]
-- 2019-01-06 07:34summary result data
OFV: 151.0	/ CPU: 0.502	/ department sequence: [2, 1, 5, 4, 3]
