-- LW5 result
--------------------------------------------
HostNestNum = 20, P_a = 0.0
--------------------------------------------
-- 2019-01-06 07:36summary result data
OFV: 151.0	/ CPU: 0.282	/ department sequence: [3, 4, 5, 1, 2]
-- 2019-01-06 07:36summary result data
OFV: 151.0	/ CPU: 0.303	/ department sequence: [2, 1, 5, 4, 3]
-- 2019-01-06 07:36summary result data
OFV: 151.0	/ CPU: 0.282	/ department sequence: [4, 3, 5, 1, 2]
-- 2019-01-06 07:36summary result data
OFV: 151.0	/ CPU: 0.303	/ department sequence: [3, 4, 5, 1, 2]
-- 2019-01-06 07:36summary result data
OFV: 151.0	/ CPU: 0.292	/ department sequence: [2, 1, 5, 4, 3]
-- 2019-01-06 07:36summary result data
OFV: 151.0	/ CPU: 0.28	/ department sequence: [3, 4, 5, 1, 2]
-- 2019-01-06 07:36summary result data
OFV: 151.0	/ CPU: 0.301	/ department sequence: [2, 1, 5, 3, 4]
-- 2019-01-06 07:36summary result data
OFV: 151.0	/ CPU: 0.297	/ department sequence: [4, 3, 5, 1, 2]
-- 2019-01-06 07:36summary result data
OFV: 151.0	/ CPU: 0.301	/ department sequence: [2, 1, 5, 3, 4]
-- 2019-01-06 07:36summary result data
OFV: 151.0	/ CPU: 0.283	/ department sequence: [4, 3, 5, 1, 2]
