-- LW5 result
--------------------------------------------
HostNestNum = 5, P_a = 0.15
--------------------------------------------
-- 2019-01-06 07:34summary result data
OFV: 151.0	/ CPU: 0.377	/ department sequence: [2, 1, 5, 3, 4]
-- 2019-01-06 07:34summary result data
OFV: 151.0	/ CPU: 0.387	/ department sequence: [4, 3, 5, 1, 2]
-- 2019-01-06 07:34summary result data
OFV: 151.0	/ CPU: 0.377	/ department sequence: [4, 3, 5, 1, 2]
-- 2019-01-06 07:34summary result data
OFV: 151.0	/ CPU: 0.384	/ department sequence: [2, 1, 5, 3, 4]
-- 2019-01-06 07:34summary result data
OFV: 151.0	/ CPU: 0.394	/ department sequence: [3, 4, 5, 1, 2]
-- 2019-01-06 07:34summary result data
OFV: 151.0	/ CPU: 0.376	/ department sequence: [2, 1, 5, 3, 4]
-- 2019-01-06 07:34summary result data
OFV: 151.0	/ CPU: 0.38	/ department sequence: [3, 4, 5, 1, 2]
-- 2019-01-06 07:34summary result data
OFV: 151.0	/ CPU: 0.391	/ department sequence: [4, 3, 5, 1, 2]
-- 2019-01-06 07:34summary result data
OFV: 151.0	/ CPU: 0.382	/ department sequence: [2, 1, 5, 4, 3]
-- 2019-01-06 07:34summary result data
OFV: 151.0	/ CPU: 0.379	/ department sequence: [3, 4, 5, 1, 2]
