-- LW5 result
--------------------------------------------
HostNestNum = 10, P_a = 0.25
--------------------------------------------
-- 2019-01-06 07:35summary result data
OFV: 151.0	/ CPU: 0.61	/ department sequence: [3, 4, 5, 1, 2]
-- 2019-01-06 07:35summary result data
OFV: 151.0	/ CPU: 0.637	/ department sequence: [3, 4, 5, 1, 2]
-- 2019-01-06 07:35summary result data
OFV: 151.0	/ CPU: 0.611	/ department sequence: [4, 3, 5, 1, 2]
-- 2019-01-06 07:35summary result data
OFV: 151.0	/ CPU: 0.602	/ department sequence: [2, 1, 5, 3, 4]
-- 2019-01-06 07:35summary result data
OFV: 151.0	/ CPU: 0.619	/ department sequence: [2, 1, 5, 3, 4]
-- 2019-01-06 07:35summary result data
OFV: 151.0	/ CPU: 0.596	/ department sequence: [2, 1, 5, 3, 4]
-- 2019-01-06 07:35summary result data
OFV: 151.0	/ CPU: 0.622	/ department sequence: [2, 1, 5, 3, 4]
-- 2019-01-06 07:35summary result data
OFV: 151.0	/ CPU: 0.609	/ department sequence: [4, 3, 5, 1, 2]
-- 2019-01-06 07:35summary result data
OFV: 151.0	/ CPU: 0.625	/ department sequence: [3, 4, 5, 1, 2]
-- 2019-01-06 07:35summary result data
OFV: 151.0	/ CPU: 0.599	/ department sequence: [2, 1, 5, 3, 4]
